[0.018s] Invoking command in '/home/simpletime/project01_book/build/company': CMAKE_PREFIX_PATH=/home/simpletime/project01_book/install/base_interfaces:/home/simpletime/project01_book/install/company:/opt/ros/humble /usr/bin/cmake --build /home/simpletime/project01_book/build/company -- -j4 -l4
[0.077s] [35m[1mConsolidate compiler generated dependencies of target company_a[0m
[0.085s] [ 16%] [32mBuilding CXX object CMakeFiles/company_b.dir/src/company_b.cpp.o[0m
[0.085s] [ 33%] [32mBuilding CXX object CMakeFiles/company_c.dir/src/company_c.cpp.o[0m
[0.091s] [ 66%] Built target company_a
[6.042s] [ 83%] [32m[1mLinking CXX executable company_b[0m
[6.076s] [100%] [32m[1mLinking CXX executable company_c[0m
[6.348s] [100%] Built target company_b
[6.358s] [100%] Built target company_c
[6.424s] Invoked command in '/home/simpletime/project01_book/build/company' returned '0': CMAKE_PREFIX_PATH=/home/simpletime/project01_book/install/base_interfaces:/home/simpletime/project01_book/install/company:/opt/ros/humble /usr/bin/cmake --build /home/simpletime/project01_book/build/company -- -j4 -l4
[6.487s] Invoking command in '/home/simpletime/project01_book/build/company': CMAKE_PREFIX_PATH=/home/simpletime/project01_book/install/base_interfaces:/home/simpletime/project01_book/install/company:/opt/ros/humble /usr/bin/cmake --install /home/simpletime/project01_book/build/company
[6.499s] -- Install configuration: ""
[6.499s] -- Up-to-date: /home/simpletime/project01_book/install/company/lib/company/company_a
[6.500s] -- Installing: /home/simpletime/project01_book/install/company/lib/company/company_b
[6.508s] -- Set runtime path of "/home/simpletime/project01_book/install/company/lib/company/company_b" to ""
[6.510s] -- Installing: /home/simpletime/project01_book/install/company/lib/company/company_c
[6.516s] -- Set runtime path of "/home/simpletime/project01_book/install/company/lib/company/company_c" to ""
[6.518s] -- Up-to-date: /home/simpletime/project01_book/install/company/share/ament_index/resource_index/package_run_dependencies/company
[6.518s] -- Up-to-date: /home/simpletime/project01_book/install/company/share/ament_index/resource_index/parent_prefix_path/company
[6.520s] -- Up-to-date: /home/simpletime/project01_book/install/company/share/company/environment/ament_prefix_path.sh
[6.520s] -- Up-to-date: /home/simpletime/project01_book/install/company/share/company/environment/ament_prefix_path.dsv
[6.520s] -- Up-to-date: /home/simpletime/project01_book/install/company/share/company/environment/path.sh
[6.521s] -- Up-to-date: /home/simpletime/project01_book/install/company/share/company/environment/path.dsv
[6.521s] -- Up-to-date: /home/simpletime/project01_book/install/company/share/company/local_setup.bash
[6.521s] -- Up-to-date: /home/simpletime/project01_book/install/company/share/company/local_setup.sh
[6.521s] -- Up-to-date: /home/simpletime/project01_book/install/company/share/company/local_setup.zsh
[6.521s] -- Up-to-date: /home/simpletime/project01_book/install/company/share/company/local_setup.dsv
[6.522s] -- Installing: /home/simpletime/project01_book/install/company/share/company/package.dsv
[6.522s] -- Up-to-date: /home/simpletime/project01_book/install/company/share/ament_index/resource_index/packages/company
[6.523s] -- Up-to-date: /home/simpletime/project01_book/install/company/share/company/cmake/companyConfig.cmake
[6.523s] -- Up-to-date: /home/simpletime/project01_book/install/company/share/company/cmake/companyConfig-version.cmake
[6.523s] -- Up-to-date: /home/simpletime/project01_book/install/company/share/company/package.xml
[6.531s] Invoked command in '/home/simpletime/project01_book/build/company' returned '0': CMAKE_PREFIX_PATH=/home/simpletime/project01_book/install/base_interfaces:/home/simpletime/project01_book/install/company:/opt/ros/humble /usr/bin/cmake --install /home/simpletime/project01_book/build/company
