[35m[1mConsolidate compiler generated dependencies of target game_server[0m
[35m[1mConsolidate compiler generated dependencies of target game_client[0m
[ 50%] Built target game_server
[ 75%] [32mBuilding CXX object CMakeFiles/game_client.dir/src/game_client.cpp.o[0m
In file included from [01m[K/opt/ros/humble/include/rclcpp/rclcpp/logging.hpp:24[m[K,
                 from [01m[K/opt/ros/humble/include/rclcpp/rclcpp/client.hpp:40[m[K,
                 from [01m[K/opt/ros/humble/include/rclcpp/rclcpp/callback_group.hpp:24[m[K,
                 from [01m[K/opt/ros/humble/include/rclcpp/rclcpp/any_executable.hpp:20[m[K,
                 from [01m[K/opt/ros/humble/include/rclcpp/rclcpp/memory_strategy.hpp:25[m[K,
                 from [01m[K/opt/ros/humble/include/rclcpp/rclcpp/memory_strategies.hpp:18[m[K,
                 from [01m[K/opt/ros/humble/include/rclcpp/rclcpp/executor_options.hpp:20[m[K,
                 from [01m[K/opt/ros/humble/include/rclcpp/rclcpp/executor.hpp:37[m[K,
                 from [01m[K/opt/ros/humble/include/rclcpp/rclcpp/executors/multi_threaded_executor.hpp:25[m[K,
                 from [01m[K/opt/ros/humble/include/rclcpp/rclcpp/executors.hpp:21[m[K,
                 from [01m[K/opt/ros/humble/include/rclcpp/rclcpp/rclcpp.hpp:155[m[K,
                 from [01m[K/home/simpletime/project02_gameservice/src/game_service/src/game_client.cpp:1[m[K:
[01m[K/home/simpletime/project02_gameservice/src/game_service/src/game_client.cpp:[m[K In function ‘[01m[Kint main(int, const char**)[m[K’:
[01m[K/home/simpletime/project02_gameservice/src/game_service/src/game_client.cpp:109:38:[m[K [01;35m[Kwarning: [m[Ktoo many arguments for format [[01;35m[K]8;;https://gcc.gnu.org/onlinedocs/gcc/Warning-Options.html#index-Wformat-extra-args-Wformat-extra-args]8;;[m[K]
  109 |     RCLCPP_INFO(client->get_logger(),[01;35m[K"充值成功！用户:%s 充值金额:%s 获得点卷:%d 恭喜您成为尊贵的%s"[m[K
      |                                      [01;35m[K^~~~~~~~~~~~~~~~~~~~~~~~~~~~~~~~~~~~~~~~~~~~~~~~~~~~~~~~~~~~~~[m[K
[100%] [32m[1mLinking CXX executable game_client[0m
[100%] Built target game_client
-- Install configuration: ""
-- Up-to-date: /home/simpletime/project02_gameservice/install/game_service/lib/game_service/game_server
-- Installing: /home/simpletime/project02_gameservice/install/game_service/lib/game_service/game_client
-- Set runtime path of "/home/simpletime/project02_gameservice/install/game_service/lib/game_service/game_client" to ""
-- Up-to-date: /home/simpletime/project02_gameservice/install/game_service/share/ament_index/resource_index/package_run_dependencies/game_service
-- Up-to-date: /home/simpletime/project02_gameservice/install/game_service/share/ament_index/resource_index/parent_prefix_path/game_service
-- Up-to-date: /home/simpletime/project02_gameservice/install/game_service/share/game_service/environment/ament_prefix_path.sh
-- Up-to-date: /home/simpletime/project02_gameservice/install/game_service/share/game_service/environment/ament_prefix_path.dsv
-- Up-to-date: /home/simpletime/project02_gameservice/install/game_service/share/game_service/environment/path.sh
-- Up-to-date: /home/simpletime/project02_gameservice/install/game_service/share/game_service/environment/path.dsv
-- Up-to-date: /home/simpletime/project02_gameservice/install/game_service/share/game_service/local_setup.bash
-- Up-to-date: /home/simpletime/project02_gameservice/install/game_service/share/game_service/local_setup.sh
-- Up-to-date: /home/simpletime/project02_gameservice/install/game_service/share/game_service/local_setup.zsh
-- Up-to-date: /home/simpletime/project02_gameservice/install/game_service/share/game_service/local_setup.dsv
-- Installing: /home/simpletime/project02_gameservice/install/game_service/share/game_service/package.dsv
-- Up-to-date: /home/simpletime/project02_gameservice/install/game_service/share/ament_index/resource_index/packages/game_service
-- Up-to-date: /home/simpletime/project02_gameservice/install/game_service/share/game_service/cmake/game_serviceConfig.cmake
-- Up-to-date: /home/simpletime/project02_gameservice/install/game_service/share/game_service/cmake/game_serviceConfig-version.cmake
-- Up-to-date: /home/simpletime/project02_gameservice/install/game_service/share/game_service/package.xml
