[0.181s] DEBUG:colcon:Command line arguments: ['/usr/bin/colcon', 'build']
[0.181s] DEBUG:colcon:Parsed command line arguments: Namespace(log_base=None, log_level=None, verb_name='build', build_base='build', install_base='install', merge_install=False, symlink_install=False, test_result_base=None, continue_on_error=False, executor='parallel', parallel_workers=4, event_handlers=None, ignore_user_meta=False, metas=['./colcon.meta'], base_paths=['.'], packages_ignore=None, packages_ignore_regex=None, paths=None, packages_up_to=None, packages_up_to_regex=None, packages_above=None, packages_above_and_dependencies=None, packages_above_depth=None, packages_select_by_dep=None, packages_skip_by_dep=None, packages_skip_up_to=None, packages_select_build_failed=False, packages_skip_build_finished=False, packages_select_test_failures=False, packages_skip_test_passed=False, packages_select=None, packages_skip=None, packages_select_regex=None, packages_skip_regex=None, packages_start=None, packages_end=None, allow_overriding=[], cmake_args=None, cmake_target=None, cmake_target_skip_unavailable=False, cmake_clean_cache=False, cmake_clean_first=False, cmake_force_configure=False, ament_cmake_args=None, catkin_cmake_args=None, catkin_skip_building_tests=False, verb_parser=<colcon_defaults.argument_parser.defaults.DefaultArgumentsDecorator object at 0x7857486fbd00>, verb_extension=<colcon_core.verb.build.BuildVerb object at 0x7857486448b0>, main=<bound method BuildVerb.main of <colcon_core.verb.build.BuildVerb object at 0x7857486448b0>>)
[0.332s] Level 1:colcon.colcon_core.package_discovery:discover_packages(colcon_meta) check parameters
[0.332s] Level 1:colcon.colcon_core.package_discovery:discover_packages(recursive) check parameters
[0.332s] Level 1:colcon.colcon_core.package_discovery:discover_packages(ignore) check parameters
[0.332s] Level 1:colcon.colcon_core.package_discovery:discover_packages(path) check parameters
[0.332s] Level 1:colcon.colcon_core.package_discovery:discover_packages(colcon_meta) discover
[0.332s] Level 1:colcon.colcon_core.package_discovery:discover_packages(recursive) discover
[0.332s] INFO:colcon.colcon_core.package_discovery:Crawling recursively for packages in '/home/simpletime/ws01_plumbing'
[0.332s] Level 1:colcon.colcon_core.package_identification:_identify(.) by extensions ['ignore', 'ignore_ament_install']
[0.332s] Level 1:colcon.colcon_core.package_identification:_identify(.) by extension 'ignore'
[0.332s] Level 1:colcon.colcon_core.package_identification:_identify(.) by extension 'ignore_ament_install'
[0.332s] Level 1:colcon.colcon_core.package_identification:_identify(.) by extensions ['colcon_pkg']
[0.332s] Level 1:colcon.colcon_core.package_identification:_identify(.) by extension 'colcon_pkg'
[0.332s] Level 1:colcon.colcon_core.package_identification:_identify(.) by extensions ['colcon_meta']
[0.332s] Level 1:colcon.colcon_core.package_identification:_identify(.) by extension 'colcon_meta'
[0.333s] Level 1:colcon.colcon_core.package_identification:_identify(.) by extensions ['ros']
[0.333s] Level 1:colcon.colcon_core.package_identification:_identify(.) by extension 'ros'
[0.342s] Level 1:colcon.colcon_core.package_identification:_identify(.) by extensions ['cmake', 'python']
[0.342s] Level 1:colcon.colcon_core.package_identification:_identify(.) by extension 'cmake'
[0.342s] Level 1:colcon.colcon_core.package_identification:_identify(.) by extension 'python'
[0.342s] Level 1:colcon.colcon_core.package_identification:_identify(.) by extensions ['python_setup_py']
[0.342s] Level 1:colcon.colcon_core.package_identification:_identify(.) by extension 'python_setup_py'
[0.342s] Level 1:colcon.colcon_core.package_identification:_identify(build) by extensions ['ignore', 'ignore_ament_install']
[0.342s] Level 1:colcon.colcon_core.package_identification:_identify(build) by extension 'ignore'
[0.342s] Level 1:colcon.colcon_core.package_identification:_identify(build) ignored
[0.342s] Level 1:colcon.colcon_core.package_identification:_identify(install) by extensions ['ignore', 'ignore_ament_install']
[0.342s] Level 1:colcon.colcon_core.package_identification:_identify(install) by extension 'ignore'
[0.342s] Level 1:colcon.colcon_core.package_identification:_identify(install) ignored
[0.343s] Level 1:colcon.colcon_core.package_identification:_identify(log) by extensions ['ignore', 'ignore_ament_install']
[0.343s] Level 1:colcon.colcon_core.package_identification:_identify(log) by extension 'ignore'
[0.343s] Level 1:colcon.colcon_core.package_identification:_identify(log) ignored
[0.343s] Level 1:colcon.colcon_core.package_identification:_identify(src) by extensions ['ignore', 'ignore_ament_install']
[0.343s] Level 1:colcon.colcon_core.package_identification:_identify(src) by extension 'ignore'
[0.343s] Level 1:colcon.colcon_core.package_identification:_identify(src) by extension 'ignore_ament_install'
[0.343s] Level 1:colcon.colcon_core.package_identification:_identify(src) by extensions ['colcon_pkg']
[0.343s] Level 1:colcon.colcon_core.package_identification:_identify(src) by extension 'colcon_pkg'
[0.343s] Level 1:colcon.colcon_core.package_identification:_identify(src) by extensions ['colcon_meta']
[0.343s] Level 1:colcon.colcon_core.package_identification:_identify(src) by extension 'colcon_meta'
[0.343s] Level 1:colcon.colcon_core.package_identification:_identify(src) by extensions ['ros']
[0.343s] Level 1:colcon.colcon_core.package_identification:_identify(src) by extension 'ros'
[0.343s] Level 1:colcon.colcon_core.package_identification:_identify(src) by extensions ['cmake', 'python']
[0.343s] Level 1:colcon.colcon_core.package_identification:_identify(src) by extension 'cmake'
[0.343s] Level 1:colcon.colcon_core.package_identification:_identify(src) by extension 'python'
[0.343s] Level 1:colcon.colcon_core.package_identification:_identify(src) by extensions ['python_setup_py']
[0.343s] Level 1:colcon.colcon_core.package_identification:_identify(src) by extension 'python_setup_py'
[0.343s] Level 1:colcon.colcon_core.package_identification:_identify(src/base_interfaces_demo) by extensions ['ignore', 'ignore_ament_install']
[0.343s] Level 1:colcon.colcon_core.package_identification:_identify(src/base_interfaces_demo) by extension 'ignore'
[0.343s] Level 1:colcon.colcon_core.package_identification:_identify(src/base_interfaces_demo) by extension 'ignore_ament_install'
[0.343s] Level 1:colcon.colcon_core.package_identification:_identify(src/base_interfaces_demo) by extensions ['colcon_pkg']
[0.343s] Level 1:colcon.colcon_core.package_identification:_identify(src/base_interfaces_demo) by extension 'colcon_pkg'
[0.343s] Level 1:colcon.colcon_core.package_identification:_identify(src/base_interfaces_demo) by extensions ['colcon_meta']
[0.343s] Level 1:colcon.colcon_core.package_identification:_identify(src/base_interfaces_demo) by extension 'colcon_meta'
[0.343s] Level 1:colcon.colcon_core.package_identification:_identify(src/base_interfaces_demo) by extensions ['ros']
[0.343s] Level 1:colcon.colcon_core.package_identification:_identify(src/base_interfaces_demo) by extension 'ros'
[0.345s] DEBUG:colcon.colcon_core.package_identification:Package 'src/base_interfaces_demo' with type 'ros.ament_cmake' and name 'base_interfaces_demo'
[0.346s] Level 1:colcon.colcon_core.package_identification:_identify(src/cpp01_topic) by extensions ['ignore', 'ignore_ament_install']
[0.346s] Level 1:colcon.colcon_core.package_identification:_identify(src/cpp01_topic) by extension 'ignore'
[0.346s] Level 1:colcon.colcon_core.package_identification:_identify(src/cpp01_topic) by extension 'ignore_ament_install'
[0.346s] Level 1:colcon.colcon_core.package_identification:_identify(src/cpp01_topic) by extensions ['colcon_pkg']
[0.346s] Level 1:colcon.colcon_core.package_identification:_identify(src/cpp01_topic) by extension 'colcon_pkg'
[0.346s] Level 1:colcon.colcon_core.package_identification:_identify(src/cpp01_topic) by extensions ['colcon_meta']
[0.346s] Level 1:colcon.colcon_core.package_identification:_identify(src/cpp01_topic) by extension 'colcon_meta'
[0.346s] Level 1:colcon.colcon_core.package_identification:_identify(src/cpp01_topic) by extensions ['ros']
[0.346s] Level 1:colcon.colcon_core.package_identification:_identify(src/cpp01_topic) by extension 'ros'
[0.346s] DEBUG:colcon.colcon_core.package_identification:Package 'src/cpp01_topic' with type 'ros.ament_cmake' and name 'cpp01_topic'
[0.347s] Level 1:colcon.colcon_core.package_identification:_identify(src/cpp02_service) by extensions ['ignore', 'ignore_ament_install']
[0.347s] Level 1:colcon.colcon_core.package_identification:_identify(src/cpp02_service) by extension 'ignore'
[0.347s] Level 1:colcon.colcon_core.package_identification:_identify(src/cpp02_service) by extension 'ignore_ament_install'
[0.347s] Level 1:colcon.colcon_core.package_identification:_identify(src/cpp02_service) by extensions ['colcon_pkg']
[0.347s] Level 1:colcon.colcon_core.package_identification:_identify(src/cpp02_service) by extension 'colcon_pkg'
[0.347s] Level 1:colcon.colcon_core.package_identification:_identify(src/cpp02_service) by extensions ['colcon_meta']
[0.347s] Level 1:colcon.colcon_core.package_identification:_identify(src/cpp02_service) by extension 'colcon_meta'
[0.347s] Level 1:colcon.colcon_core.package_identification:_identify(src/cpp02_service) by extensions ['ros']
[0.347s] Level 1:colcon.colcon_core.package_identification:_identify(src/cpp02_service) by extension 'ros'
[0.347s] DEBUG:colcon.colcon_core.package_identification:Package 'src/cpp02_service' with type 'ros.ament_cmake' and name 'cpp02_service'
[0.347s] Level 1:colcon.colcon_core.package_identification:_identify(src/cpp03_action) by extensions ['ignore', 'ignore_ament_install']
[0.348s] Level 1:colcon.colcon_core.package_identification:_identify(src/cpp03_action) by extension 'ignore'
[0.348s] Level 1:colcon.colcon_core.package_identification:_identify(src/cpp03_action) by extension 'ignore_ament_install'
[0.348s] Level 1:colcon.colcon_core.package_identification:_identify(src/cpp03_action) by extensions ['colcon_pkg']
[0.348s] Level 1:colcon.colcon_core.package_identification:_identify(src/cpp03_action) by extension 'colcon_pkg'
[0.348s] Level 1:colcon.colcon_core.package_identification:_identify(src/cpp03_action) by extensions ['colcon_meta']
[0.348s] Level 1:colcon.colcon_core.package_identification:_identify(src/cpp03_action) by extension 'colcon_meta'
[0.348s] Level 1:colcon.colcon_core.package_identification:_identify(src/cpp03_action) by extensions ['ros']
[0.348s] Level 1:colcon.colcon_core.package_identification:_identify(src/cpp03_action) by extension 'ros'
[0.348s] DEBUG:colcon.colcon_core.package_identification:Package 'src/cpp03_action' with type 'ros.ament_cmake' and name 'cpp03_action'
[0.348s] Level 1:colcon.colcon_core.package_identification:_identify(src/py01_topic) by extensions ['ignore', 'ignore_ament_install']
[0.349s] Level 1:colcon.colcon_core.package_identification:_identify(src/py01_topic) by extension 'ignore'
[0.349s] Level 1:colcon.colcon_core.package_identification:_identify(src/py01_topic) by extension 'ignore_ament_install'
[0.349s] Level 1:colcon.colcon_core.package_identification:_identify(src/py01_topic) by extensions ['colcon_pkg']
[0.349s] Level 1:colcon.colcon_core.package_identification:_identify(src/py01_topic) by extension 'colcon_pkg'
[0.349s] Level 1:colcon.colcon_core.package_identification:_identify(src/py01_topic) by extensions ['colcon_meta']
[0.349s] Level 1:colcon.colcon_core.package_identification:_identify(src/py01_topic) by extension 'colcon_meta'
[0.349s] Level 1:colcon.colcon_core.package_identification:_identify(src/py01_topic) by extensions ['ros']
[0.349s] Level 1:colcon.colcon_core.package_identification:_identify(src/py01_topic) by extension 'ros'
[0.349s] DEBUG:colcon.colcon_core.package_identification:Package 'src/py01_topic' with type 'ros.ament_python' and name 'py01_topic'
[0.349s] Level 1:colcon.colcon_core.package_discovery:discover_packages(recursive) using defaults
[0.349s] Level 1:colcon.colcon_core.package_discovery:discover_packages(ignore) discover
[0.349s] Level 1:colcon.colcon_core.package_discovery:discover_packages(ignore) using defaults
[0.349s] Level 1:colcon.colcon_core.package_discovery:discover_packages(path) discover
[0.349s] Level 1:colcon.colcon_core.package_discovery:discover_packages(path) using defaults
[0.369s] Level 1:colcon.colcon_core.package_discovery:discover_packages(prefix_path) check parameters
[0.369s] Level 1:colcon.colcon_core.package_discovery:discover_packages(prefix_path) discover
[0.372s] DEBUG:colcon.colcon_installed_package_information.package_discovery:Found 270 installed packages in /opt/ros/humble
[0.373s] Level 1:colcon.colcon_core.package_discovery:discover_packages(prefix_path) using defaults
[0.433s] Level 5:colcon.colcon_core.verb:set package 'base_interfaces_demo' build argument 'cmake_args' from command line to 'None'
[0.434s] Level 5:colcon.colcon_core.verb:set package 'base_interfaces_demo' build argument 'cmake_target' from command line to 'None'
[0.434s] Level 5:colcon.colcon_core.verb:set package 'base_interfaces_demo' build argument 'cmake_target_skip_unavailable' from command line to 'False'
[0.434s] Level 5:colcon.colcon_core.verb:set package 'base_interfaces_demo' build argument 'cmake_clean_cache' from command line to 'False'
[0.434s] Level 5:colcon.colcon_core.verb:set package 'base_interfaces_demo' build argument 'cmake_clean_first' from command line to 'False'
[0.434s] Level 5:colcon.colcon_core.verb:set package 'base_interfaces_demo' build argument 'cmake_force_configure' from command line to 'False'
[0.434s] Level 5:colcon.colcon_core.verb:set package 'base_interfaces_demo' build argument 'ament_cmake_args' from command line to 'None'
[0.434s] Level 5:colcon.colcon_core.verb:set package 'base_interfaces_demo' build argument 'catkin_cmake_args' from command line to 'None'
[0.434s] Level 5:colcon.colcon_core.verb:set package 'base_interfaces_demo' build argument 'catkin_skip_building_tests' from command line to 'False'
[0.434s] DEBUG:colcon.colcon_core.verb:Building package 'base_interfaces_demo' with the following arguments: {'ament_cmake_args': None, 'build_base': '/home/simpletime/ws01_plumbing/build/base_interfaces_demo', 'catkin_cmake_args': None, 'catkin_skip_building_tests': False, 'cmake_args': None, 'cmake_clean_cache': False, 'cmake_clean_first': False, 'cmake_force_configure': False, 'cmake_target': None, 'cmake_target_skip_unavailable': False, 'install_base': '/home/simpletime/ws01_plumbing/install/base_interfaces_demo', 'merge_install': False, 'path': '/home/simpletime/ws01_plumbing/src/base_interfaces_demo', 'symlink_install': False, 'test_result_base': None}
[0.434s] Level 5:colcon.colcon_core.verb:set package 'cpp01_topic' build argument 'cmake_args' from command line to 'None'
[0.434s] Level 5:colcon.colcon_core.verb:set package 'cpp01_topic' build argument 'cmake_target' from command line to 'None'
[0.434s] Level 5:colcon.colcon_core.verb:set package 'cpp01_topic' build argument 'cmake_target_skip_unavailable' from command line to 'False'
[0.434s] Level 5:colcon.colcon_core.verb:set package 'cpp01_topic' build argument 'cmake_clean_cache' from command line to 'False'
[0.434s] Level 5:colcon.colcon_core.verb:set package 'cpp01_topic' build argument 'cmake_clean_first' from command line to 'False'
[0.434s] Level 5:colcon.colcon_core.verb:set package 'cpp01_topic' build argument 'cmake_force_configure' from command line to 'False'
[0.434s] Level 5:colcon.colcon_core.verb:set package 'cpp01_topic' build argument 'ament_cmake_args' from command line to 'None'
[0.434s] Level 5:colcon.colcon_core.verb:set package 'cpp01_topic' build argument 'catkin_cmake_args' from command line to 'None'
[0.434s] Level 5:colcon.colcon_core.verb:set package 'cpp01_topic' build argument 'catkin_skip_building_tests' from command line to 'False'
[0.434s] DEBUG:colcon.colcon_core.verb:Building package 'cpp01_topic' with the following arguments: {'ament_cmake_args': None, 'build_base': '/home/simpletime/ws01_plumbing/build/cpp01_topic', 'catkin_cmake_args': None, 'catkin_skip_building_tests': False, 'cmake_args': None, 'cmake_clean_cache': False, 'cmake_clean_first': False, 'cmake_force_configure': False, 'cmake_target': None, 'cmake_target_skip_unavailable': False, 'install_base': '/home/simpletime/ws01_plumbing/install/cpp01_topic', 'merge_install': False, 'path': '/home/simpletime/ws01_plumbing/src/cpp01_topic', 'symlink_install': False, 'test_result_base': None}
[0.434s] Level 5:colcon.colcon_core.verb:set package 'cpp02_service' build argument 'cmake_args' from command line to 'None'
[0.435s] Level 5:colcon.colcon_core.verb:set package 'cpp02_service' build argument 'cmake_target' from command line to 'None'
[0.435s] Level 5:colcon.colcon_core.verb:set package 'cpp02_service' build argument 'cmake_target_skip_unavailable' from command line to 'False'
[0.435s] Level 5:colcon.colcon_core.verb:set package 'cpp02_service' build argument 'cmake_clean_cache' from command line to 'False'
[0.435s] Level 5:colcon.colcon_core.verb:set package 'cpp02_service' build argument 'cmake_clean_first' from command line to 'False'
[0.435s] Level 5:colcon.colcon_core.verb:set package 'cpp02_service' build argument 'cmake_force_configure' from command line to 'False'
[0.435s] Level 5:colcon.colcon_core.verb:set package 'cpp02_service' build argument 'ament_cmake_args' from command line to 'None'
[0.435s] Level 5:colcon.colcon_core.verb:set package 'cpp02_service' build argument 'catkin_cmake_args' from command line to 'None'
[0.435s] Level 5:colcon.colcon_core.verb:set package 'cpp02_service' build argument 'catkin_skip_building_tests' from command line to 'False'
[0.435s] DEBUG:colcon.colcon_core.verb:Building package 'cpp02_service' with the following arguments: {'ament_cmake_args': None, 'build_base': '/home/simpletime/ws01_plumbing/build/cpp02_service', 'catkin_cmake_args': None, 'catkin_skip_building_tests': False, 'cmake_args': None, 'cmake_clean_cache': False, 'cmake_clean_first': False, 'cmake_force_configure': False, 'cmake_target': None, 'cmake_target_skip_unavailable': False, 'install_base': '/home/simpletime/ws01_plumbing/install/cpp02_service', 'merge_install': False, 'path': '/home/simpletime/ws01_plumbing/src/cpp02_service', 'symlink_install': False, 'test_result_base': None}
[0.435s] Level 5:colcon.colcon_core.verb:set package 'cpp03_action' build argument 'cmake_args' from command line to 'None'
[0.435s] Level 5:colcon.colcon_core.verb:set package 'cpp03_action' build argument 'cmake_target' from command line to 'None'
[0.435s] Level 5:colcon.colcon_core.verb:set package 'cpp03_action' build argument 'cmake_target_skip_unavailable' from command line to 'False'
[0.435s] Level 5:colcon.colcon_core.verb:set package 'cpp03_action' build argument 'cmake_clean_cache' from command line to 'False'
[0.435s] Level 5:colcon.colcon_core.verb:set package 'cpp03_action' build argument 'cmake_clean_first' from command line to 'False'
[0.435s] Level 5:colcon.colcon_core.verb:set package 'cpp03_action' build argument 'cmake_force_configure' from command line to 'False'
[0.435s] Level 5:colcon.colcon_core.verb:set package 'cpp03_action' build argument 'ament_cmake_args' from command line to 'None'
[0.435s] Level 5:colcon.colcon_core.verb:set package 'cpp03_action' build argument 'catkin_cmake_args' from command line to 'None'
[0.435s] Level 5:colcon.colcon_core.verb:set package 'cpp03_action' build argument 'catkin_skip_building_tests' from command line to 'False'
[0.435s] DEBUG:colcon.colcon_core.verb:Building package 'cpp03_action' with the following arguments: {'ament_cmake_args': None, 'build_base': '/home/simpletime/ws01_plumbing/build/cpp03_action', 'catkin_cmake_args': None, 'catkin_skip_building_tests': False, 'cmake_args': None, 'cmake_clean_cache': False, 'cmake_clean_first': False, 'cmake_force_configure': False, 'cmake_target': None, 'cmake_target_skip_unavailable': False, 'install_base': '/home/simpletime/ws01_plumbing/install/cpp03_action', 'merge_install': False, 'path': '/home/simpletime/ws01_plumbing/src/cpp03_action', 'symlink_install': False, 'test_result_base': None}
[0.435s] Level 5:colcon.colcon_core.verb:set package 'py01_topic' build argument 'cmake_args' from command line to 'None'
[0.435s] Level 5:colcon.colcon_core.verb:set package 'py01_topic' build argument 'cmake_target' from command line to 'None'
[0.435s] Level 5:colcon.colcon_core.verb:set package 'py01_topic' build argument 'cmake_target_skip_unavailable' from command line to 'False'
[0.435s] Level 5:colcon.colcon_core.verb:set package 'py01_topic' build argument 'cmake_clean_cache' from command line to 'False'
[0.435s] Level 5:colcon.colcon_core.verb:set package 'py01_topic' build argument 'cmake_clean_first' from command line to 'False'
[0.435s] Level 5:colcon.colcon_core.verb:set package 'py01_topic' build argument 'cmake_force_configure' from command line to 'False'
[0.435s] Level 5:colcon.colcon_core.verb:set package 'py01_topic' build argument 'ament_cmake_args' from command line to 'None'
[0.435s] Level 5:colcon.colcon_core.verb:set package 'py01_topic' build argument 'catkin_cmake_args' from command line to 'None'
[0.435s] Level 5:colcon.colcon_core.verb:set package 'py01_topic' build argument 'catkin_skip_building_tests' from command line to 'False'
[0.436s] DEBUG:colcon.colcon_core.verb:Building package 'py01_topic' with the following arguments: {'ament_cmake_args': None, 'build_base': '/home/simpletime/ws01_plumbing/build/py01_topic', 'catkin_cmake_args': None, 'catkin_skip_building_tests': False, 'cmake_args': None, 'cmake_clean_cache': False, 'cmake_clean_first': False, 'cmake_force_configure': False, 'cmake_target': None, 'cmake_target_skip_unavailable': False, 'install_base': '/home/simpletime/ws01_plumbing/install/py01_topic', 'merge_install': False, 'path': '/home/simpletime/ws01_plumbing/src/py01_topic', 'symlink_install': False, 'test_result_base': None}
[0.436s] INFO:colcon.colcon_core.executor:Executing jobs using 'parallel' executor
[0.436s] DEBUG:colcon.colcon_parallel_executor.executor.parallel:run_until_complete
[0.437s] INFO:colcon.colcon_ros.task.ament_cmake.build:Building ROS package in '/home/simpletime/ws01_plumbing/src/base_interfaces_demo' with build type 'ament_cmake'
[0.437s] INFO:colcon.colcon_cmake.task.cmake.build:Building CMake package in '/home/simpletime/ws01_plumbing/src/base_interfaces_demo'
[0.440s] INFO:colcon.colcon_core.plugin_system:Skipping extension 'colcon_core.shell.bat': Not used on non-Windows systems
[0.440s] INFO:colcon.colcon_core.shell:Skip shell extension 'powershell' for command environment: Not usable outside of PowerShell
[0.440s] DEBUG:colcon.colcon_core.shell:Skip shell extension 'dsv' for command environment
[0.449s] DEBUG:colcon.colcon_core.event_handler.log_command:Invoking command in '/home/simpletime/ws01_plumbing/build/base_interfaces_demo': CMAKE_PREFIX_PATH=/opt/ros/humble /usr/bin/cmake --build /home/simpletime/ws01_plumbing/build/base_interfaces_demo -- -j4 -l4
[0.790s] DEBUG:colcon.colcon_core.event_handler.log_command:Invoked command in '/home/simpletime/ws01_plumbing/build/base_interfaces_demo' returned '0': CMAKE_PREFIX_PATH=/opt/ros/humble /usr/bin/cmake --build /home/simpletime/ws01_plumbing/build/base_interfaces_demo -- -j4 -l4
[0.893s] DEBUG:colcon.colcon_core.event_handler.log_command:Invoking command in '/home/simpletime/ws01_plumbing/build/base_interfaces_demo': CMAKE_PREFIX_PATH=/opt/ros/humble /usr/bin/cmake --install /home/simpletime/ws01_plumbing/build/base_interfaces_demo
[0.960s] Level 1:colcon.colcon_core.environment:create_environment_scripts_only(base_interfaces_demo)
[0.961s] DEBUG:colcon.colcon_core.event_handler.log_command:Invoked command in '/home/simpletime/ws01_plumbing/build/base_interfaces_demo' returned '0': CMAKE_PREFIX_PATH=/opt/ros/humble /usr/bin/cmake --install /home/simpletime/ws01_plumbing/build/base_interfaces_demo
[0.965s] Level 1:colcon.colcon_core.environment:checking '/home/simpletime/ws01_plumbing/install/base_interfaces_demo' for CMake module files
[0.966s] Level 1:colcon.colcon_core.environment:checking '/home/simpletime/ws01_plumbing/install/base_interfaces_demo' for CMake config files
[0.968s] Level 1:colcon.colcon_core.shell:create_environment_hook('base_interfaces_demo', 'cmake_prefix_path')
[0.968s] INFO:colcon.colcon_core.shell:Creating environment hook '/home/simpletime/ws01_plumbing/install/base_interfaces_demo/share/base_interfaces_demo/hook/cmake_prefix_path.ps1'
[0.969s] INFO:colcon.colcon_core.shell:Creating environment descriptor '/home/simpletime/ws01_plumbing/install/base_interfaces_demo/share/base_interfaces_demo/hook/cmake_prefix_path.dsv'
[0.970s] INFO:colcon.colcon_core.shell:Creating environment hook '/home/simpletime/ws01_plumbing/install/base_interfaces_demo/share/base_interfaces_demo/hook/cmake_prefix_path.sh'
[0.970s] Level 1:colcon.colcon_core.environment:checking '/home/simpletime/ws01_plumbing/install/base_interfaces_demo/lib'
[0.971s] Level 1:colcon.colcon_core.shell:create_environment_hook('base_interfaces_demo', 'ld_library_path_lib')
[0.971s] INFO:colcon.colcon_core.shell:Creating environment hook '/home/simpletime/ws01_plumbing/install/base_interfaces_demo/share/base_interfaces_demo/hook/ld_library_path_lib.ps1'
[0.971s] INFO:colcon.colcon_core.shell:Creating environment descriptor '/home/simpletime/ws01_plumbing/install/base_interfaces_demo/share/base_interfaces_demo/hook/ld_library_path_lib.dsv'
[0.972s] INFO:colcon.colcon_core.shell:Creating environment hook '/home/simpletime/ws01_plumbing/install/base_interfaces_demo/share/base_interfaces_demo/hook/ld_library_path_lib.sh'
[0.972s] Level 1:colcon.colcon_core.environment:checking '/home/simpletime/ws01_plumbing/install/base_interfaces_demo/bin'
[0.972s] Level 1:colcon.colcon_core.environment:checking '/home/simpletime/ws01_plumbing/install/base_interfaces_demo/lib/pkgconfig/base_interfaces_demo.pc'
[0.972s] Level 1:colcon.colcon_core.environment:checking '/home/simpletime/ws01_plumbing/install/base_interfaces_demo/lib/python3.10/site-packages'
[0.972s] Level 1:colcon.colcon_core.environment:checking '/home/simpletime/ws01_plumbing/install/base_interfaces_demo/bin'
[0.973s] INFO:colcon.colcon_core.shell:Creating package script '/home/simpletime/ws01_plumbing/install/base_interfaces_demo/share/base_interfaces_demo/package.ps1'
[0.974s] INFO:colcon.colcon_core.shell:Creating package descriptor '/home/simpletime/ws01_plumbing/install/base_interfaces_demo/share/base_interfaces_demo/package.dsv'
[0.974s] INFO:colcon.colcon_core.shell:Creating package script '/home/simpletime/ws01_plumbing/install/base_interfaces_demo/share/base_interfaces_demo/package.sh'
[0.975s] INFO:colcon.colcon_core.shell:Creating package script '/home/simpletime/ws01_plumbing/install/base_interfaces_demo/share/base_interfaces_demo/package.bash'
[0.976s] INFO:colcon.colcon_core.shell:Creating package script '/home/simpletime/ws01_plumbing/install/base_interfaces_demo/share/base_interfaces_demo/package.zsh'
[0.977s] Level 1:colcon.colcon_core.environment:create_file_with_runtime_dependencies(/home/simpletime/ws01_plumbing/install/base_interfaces_demo/share/colcon-core/packages/base_interfaces_demo)
[1.061s] Level 1:colcon.colcon_core.environment:create_environment_scripts_only(base_interfaces_demo)
[1.062s] Level 1:colcon.colcon_core.environment:checking '/home/simpletime/ws01_plumbing/install/base_interfaces_demo' for CMake module files
[1.062s] Level 1:colcon.colcon_core.environment:checking '/home/simpletime/ws01_plumbing/install/base_interfaces_demo' for CMake config files
[1.063s] Level 1:colcon.colcon_core.shell:create_environment_hook('base_interfaces_demo', 'cmake_prefix_path')
[1.063s] INFO:colcon.colcon_core.shell:Creating environment hook '/home/simpletime/ws01_plumbing/install/base_interfaces_demo/share/base_interfaces_demo/hook/cmake_prefix_path.ps1'
[1.064s] INFO:colcon.colcon_core.shell:Creating environment descriptor '/home/simpletime/ws01_plumbing/install/base_interfaces_demo/share/base_interfaces_demo/hook/cmake_prefix_path.dsv'
[1.064s] INFO:colcon.colcon_core.shell:Creating environment hook '/home/simpletime/ws01_plumbing/install/base_interfaces_demo/share/base_interfaces_demo/hook/cmake_prefix_path.sh'
[1.065s] Level 1:colcon.colcon_core.environment:checking '/home/simpletime/ws01_plumbing/install/base_interfaces_demo/lib'
[1.065s] Level 1:colcon.colcon_core.shell:create_environment_hook('base_interfaces_demo', 'ld_library_path_lib')
[1.065s] INFO:colcon.colcon_core.shell:Creating environment hook '/home/simpletime/ws01_plumbing/install/base_interfaces_demo/share/base_interfaces_demo/hook/ld_library_path_lib.ps1'
[1.065s] INFO:colcon.colcon_core.shell:Creating environment descriptor '/home/simpletime/ws01_plumbing/install/base_interfaces_demo/share/base_interfaces_demo/hook/ld_library_path_lib.dsv'
[1.066s] INFO:colcon.colcon_core.shell:Creating environment hook '/home/simpletime/ws01_plumbing/install/base_interfaces_demo/share/base_interfaces_demo/hook/ld_library_path_lib.sh'
[1.066s] Level 1:colcon.colcon_core.environment:checking '/home/simpletime/ws01_plumbing/install/base_interfaces_demo/bin'
[1.066s] Level 1:colcon.colcon_core.environment:checking '/home/simpletime/ws01_plumbing/install/base_interfaces_demo/lib/pkgconfig/base_interfaces_demo.pc'
[1.066s] Level 1:colcon.colcon_core.environment:checking '/home/simpletime/ws01_plumbing/install/base_interfaces_demo/lib/python3.10/site-packages'
[1.066s] Level 1:colcon.colcon_core.environment:checking '/home/simpletime/ws01_plumbing/install/base_interfaces_demo/bin'
[1.066s] INFO:colcon.colcon_core.shell:Creating package script '/home/simpletime/ws01_plumbing/install/base_interfaces_demo/share/base_interfaces_demo/package.ps1'
[1.067s] INFO:colcon.colcon_core.shell:Creating package descriptor '/home/simpletime/ws01_plumbing/install/base_interfaces_demo/share/base_interfaces_demo/package.dsv'
[1.067s] INFO:colcon.colcon_core.shell:Creating package script '/home/simpletime/ws01_plumbing/install/base_interfaces_demo/share/base_interfaces_demo/package.sh'
[1.068s] INFO:colcon.colcon_core.shell:Creating package script '/home/simpletime/ws01_plumbing/install/base_interfaces_demo/share/base_interfaces_demo/package.bash'
[1.068s] INFO:colcon.colcon_core.shell:Creating package script '/home/simpletime/ws01_plumbing/install/base_interfaces_demo/share/base_interfaces_demo/package.zsh'
[1.069s] Level 1:colcon.colcon_core.environment:create_file_with_runtime_dependencies(/home/simpletime/ws01_plumbing/install/base_interfaces_demo/share/colcon-core/packages/base_interfaces_demo)
[1.069s] INFO:colcon.colcon_ros.task.ament_cmake.build:Building ROS package in '/home/simpletime/ws01_plumbing/src/cpp01_topic' with build type 'ament_cmake'
[1.069s] INFO:colcon.colcon_cmake.task.cmake.build:Building CMake package in '/home/simpletime/ws01_plumbing/src/cpp01_topic'
[1.069s] INFO:colcon.colcon_core.shell:Skip shell extension 'powershell' for command environment: Not usable outside of PowerShell
[1.069s] DEBUG:colcon.colcon_core.shell:Skip shell extension 'dsv' for command environment
[1.072s] INFO:colcon.colcon_ros.task.ament_cmake.build:Building ROS package in '/home/simpletime/ws01_plumbing/src/cpp02_service' with build type 'ament_cmake'
[1.072s] INFO:colcon.colcon_cmake.task.cmake.build:Building CMake package in '/home/simpletime/ws01_plumbing/src/cpp02_service'
[1.072s] INFO:colcon.colcon_core.shell:Skip shell extension 'powershell' for command environment: Not usable outside of PowerShell
[1.072s] DEBUG:colcon.colcon_core.shell:Skip shell extension 'dsv' for command environment
[1.074s] INFO:colcon.colcon_ros.task.ament_cmake.build:Building ROS package in '/home/simpletime/ws01_plumbing/src/cpp03_action' with build type 'ament_cmake'
[1.074s] INFO:colcon.colcon_cmake.task.cmake.build:Building CMake package in '/home/simpletime/ws01_plumbing/src/cpp03_action'
[1.074s] INFO:colcon.colcon_core.shell:Skip shell extension 'powershell' for command environment: Not usable outside of PowerShell
[1.075s] DEBUG:colcon.colcon_core.shell:Skip shell extension 'dsv' for command environment
[1.077s] INFO:colcon.colcon_ros.task.ament_python.build:Building ROS package in '/home/simpletime/ws01_plumbing/src/py01_topic' with build type 'ament_python'
[1.077s] Level 1:colcon.colcon_core.shell:create_environment_hook('py01_topic', 'ament_prefix_path')
[1.077s] INFO:colcon.colcon_core.shell:Creating environment hook '/home/simpletime/ws01_plumbing/install/py01_topic/share/py01_topic/hook/ament_prefix_path.ps1'
[1.078s] INFO:colcon.colcon_core.shell:Creating environment descriptor '/home/simpletime/ws01_plumbing/install/py01_topic/share/py01_topic/hook/ament_prefix_path.dsv'
[1.078s] INFO:colcon.colcon_core.shell:Creating environment hook '/home/simpletime/ws01_plumbing/install/py01_topic/share/py01_topic/hook/ament_prefix_path.sh'
[1.079s] INFO:colcon.colcon_core.shell:Skip shell extension 'powershell' for command environment: Not usable outside of PowerShell
[1.079s] DEBUG:colcon.colcon_core.shell:Skip shell extension 'dsv' for command environment
[1.088s] DEBUG:colcon.colcon_core.event_handler.log_command:Invoking command in '/home/simpletime/ws01_plumbing/build/cpp01_topic': AMENT_PREFIX_PATH=/home/simpletime/ws01_plumbing/install/base_interfaces_demo:${AMENT_PREFIX_PATH} CMAKE_PREFIX_PATH=/home/simpletime/ws01_plumbing/install/base_interfaces_demo:/opt/ros/humble LD_LIBRARY_PATH=/home/simpletime/ws01_plumbing/install/base_interfaces_demo/lib:${LD_LIBRARY_PATH} PYTHONPATH=/home/simpletime/ws01_plumbing/install/base_interfaces_demo/local/lib/python3.10/dist-packages:${PYTHONPATH} /usr/bin/cmake --build /home/simpletime/ws01_plumbing/build/cpp01_topic -- -j4 -l4
[1.089s] DEBUG:colcon.colcon_core.event_handler.log_command:Invoking command in '/home/simpletime/ws01_plumbing/build/cpp02_service': AMENT_PREFIX_PATH=/home/simpletime/ws01_plumbing/install/base_interfaces_demo:${AMENT_PREFIX_PATH} CMAKE_PREFIX_PATH=/home/simpletime/ws01_plumbing/install/base_interfaces_demo:/opt/ros/humble LD_LIBRARY_PATH=/home/simpletime/ws01_plumbing/install/base_interfaces_demo/lib:${LD_LIBRARY_PATH} PYTHONPATH=/home/simpletime/ws01_plumbing/install/base_interfaces_demo/local/lib/python3.10/dist-packages:${PYTHONPATH} /usr/bin/cmake --build /home/simpletime/ws01_plumbing/build/cpp02_service -- -j4 -l4
[1.097s] DEBUG:colcon.colcon_core.event_handler.log_command:Invoking command in '/home/simpletime/ws01_plumbing/build/cpp03_action': AMENT_PREFIX_PATH=/home/simpletime/ws01_plumbing/install/base_interfaces_demo:${AMENT_PREFIX_PATH} CMAKE_PREFIX_PATH=/home/simpletime/ws01_plumbing/install/base_interfaces_demo:/opt/ros/humble LD_LIBRARY_PATH=/home/simpletime/ws01_plumbing/install/base_interfaces_demo/lib:${LD_LIBRARY_PATH} PYTHONPATH=/home/simpletime/ws01_plumbing/install/base_interfaces_demo/local/lib/python3.10/dist-packages:${PYTHONPATH} /usr/bin/cmake --build /home/simpletime/ws01_plumbing/build/cpp03_action -- -j4 -l4
[1.337s] INFO:colcon.colcon_core.task.python.build:Building Python package in '/home/simpletime/ws01_plumbing/src/py01_topic'
[1.338s] INFO:colcon.colcon_core.shell:Skip shell extension 'powershell' for command environment: Not usable outside of PowerShell
[1.338s] DEBUG:colcon.colcon_core.shell:Skip shell extension 'dsv' for command environment
[1.341s] DEBUG:colcon.colcon_core.event_handler.log_command:Invoked command in '/home/simpletime/ws01_plumbing/build/cpp02_service' returned '0': AMENT_PREFIX_PATH=/home/simpletime/ws01_plumbing/install/base_interfaces_demo:${AMENT_PREFIX_PATH} CMAKE_PREFIX_PATH=/home/simpletime/ws01_plumbing/install/base_interfaces_demo:/opt/ros/humble LD_LIBRARY_PATH=/home/simpletime/ws01_plumbing/install/base_interfaces_demo/lib:${LD_LIBRARY_PATH} PYTHONPATH=/home/simpletime/ws01_plumbing/install/base_interfaces_demo/local/lib/python3.10/dist-packages:${PYTHONPATH} /usr/bin/cmake --build /home/simpletime/ws01_plumbing/build/cpp02_service -- -j4 -l4
[1.345s] DEBUG:colcon.colcon_core.event_handler.log_command:Invoked command in '/home/simpletime/ws01_plumbing/build/cpp01_topic' returned '0': AMENT_PREFIX_PATH=/home/simpletime/ws01_plumbing/install/base_interfaces_demo:${AMENT_PREFIX_PATH} CMAKE_PREFIX_PATH=/home/simpletime/ws01_plumbing/install/base_interfaces_demo:/opt/ros/humble LD_LIBRARY_PATH=/home/simpletime/ws01_plumbing/install/base_interfaces_demo/lib:${LD_LIBRARY_PATH} PYTHONPATH=/home/simpletime/ws01_plumbing/install/base_interfaces_demo/local/lib/python3.10/dist-packages:${PYTHONPATH} /usr/bin/cmake --build /home/simpletime/ws01_plumbing/build/cpp01_topic -- -j4 -l4
[1.383s] DEBUG:colcon.colcon_core.event_handler.log_command:Invoking command in '/home/simpletime/ws01_plumbing/build/cpp02_service': AMENT_PREFIX_PATH=/home/simpletime/ws01_plumbing/install/base_interfaces_demo:${AMENT_PREFIX_PATH} CMAKE_PREFIX_PATH=/home/simpletime/ws01_plumbing/install/base_interfaces_demo:/opt/ros/humble LD_LIBRARY_PATH=/home/simpletime/ws01_plumbing/install/base_interfaces_demo/lib:${LD_LIBRARY_PATH} PYTHONPATH=/home/simpletime/ws01_plumbing/install/base_interfaces_demo/local/lib/python3.10/dist-packages:${PYTHONPATH} /usr/bin/cmake --install /home/simpletime/ws01_plumbing/build/cpp02_service
[1.398s] DEBUG:colcon.colcon_core.event_handler.log_command:Invoking command in '/home/simpletime/ws01_plumbing/build/cpp01_topic': AMENT_PREFIX_PATH=/home/simpletime/ws01_plumbing/install/base_interfaces_demo:${AMENT_PREFIX_PATH} CMAKE_PREFIX_PATH=/home/simpletime/ws01_plumbing/install/base_interfaces_demo:/opt/ros/humble LD_LIBRARY_PATH=/home/simpletime/ws01_plumbing/install/base_interfaces_demo/lib:${LD_LIBRARY_PATH} PYTHONPATH=/home/simpletime/ws01_plumbing/install/base_interfaces_demo/local/lib/python3.10/dist-packages:${PYTHONPATH} /usr/bin/cmake --install /home/simpletime/ws01_plumbing/build/cpp01_topic
[1.401s] Level 1:colcon.colcon_core.environment:create_environment_scripts_only(cpp02_service)
[1.402s] Level 1:colcon.colcon_core.environment:checking '/home/simpletime/ws01_plumbing/install/cpp02_service' for CMake module files
[1.402s] DEBUG:colcon.colcon_core.event_handler.log_command:Invoked command in '/home/simpletime/ws01_plumbing/build/cpp02_service' returned '0': AMENT_PREFIX_PATH=/home/simpletime/ws01_plumbing/install/base_interfaces_demo:${AMENT_PREFIX_PATH} CMAKE_PREFIX_PATH=/home/simpletime/ws01_plumbing/install/base_interfaces_demo:/opt/ros/humble LD_LIBRARY_PATH=/home/simpletime/ws01_plumbing/install/base_interfaces_demo/lib:${LD_LIBRARY_PATH} PYTHONPATH=/home/simpletime/ws01_plumbing/install/base_interfaces_demo/local/lib/python3.10/dist-packages:${PYTHONPATH} /usr/bin/cmake --install /home/simpletime/ws01_plumbing/build/cpp02_service
[1.405s] Level 1:colcon.colcon_core.environment:checking '/home/simpletime/ws01_plumbing/install/cpp02_service' for CMake config files
[1.408s] Level 1:colcon.colcon_core.shell:create_environment_hook('cpp02_service', 'cmake_prefix_path')
[1.408s] INFO:colcon.colcon_core.shell:Creating environment hook '/home/simpletime/ws01_plumbing/install/cpp02_service/share/cpp02_service/hook/cmake_prefix_path.ps1'
[1.410s] INFO:colcon.colcon_core.shell:Creating environment descriptor '/home/simpletime/ws01_plumbing/install/cpp02_service/share/cpp02_service/hook/cmake_prefix_path.dsv'
[1.410s] INFO:colcon.colcon_core.shell:Creating environment hook '/home/simpletime/ws01_plumbing/install/cpp02_service/share/cpp02_service/hook/cmake_prefix_path.sh'
[1.411s] Level 1:colcon.colcon_core.environment:checking '/home/simpletime/ws01_plumbing/install/cpp02_service/lib'
[1.411s] Level 1:colcon.colcon_core.environment:checking '/home/simpletime/ws01_plumbing/install/cpp02_service/bin'
[1.411s] Level 1:colcon.colcon_core.environment:checking '/home/simpletime/ws01_plumbing/install/cpp02_service/lib/pkgconfig/cpp02_service.pc'
[1.411s] Level 1:colcon.colcon_core.environment:checking '/home/simpletime/ws01_plumbing/install/cpp02_service/lib/python3.10/site-packages'
[1.412s] Level 1:colcon.colcon_core.environment:checking '/home/simpletime/ws01_plumbing/install/cpp02_service/bin'
[1.412s] INFO:colcon.colcon_core.shell:Creating package script '/home/simpletime/ws01_plumbing/install/cpp02_service/share/cpp02_service/package.ps1'
[1.412s] INFO:colcon.colcon_core.shell:Creating package descriptor '/home/simpletime/ws01_plumbing/install/cpp02_service/share/cpp02_service/package.dsv'
[1.413s] INFO:colcon.colcon_core.shell:Creating package script '/home/simpletime/ws01_plumbing/install/cpp02_service/share/cpp02_service/package.sh'
[1.413s] INFO:colcon.colcon_core.shell:Creating package script '/home/simpletime/ws01_plumbing/install/cpp02_service/share/cpp02_service/package.bash'
[1.413s] INFO:colcon.colcon_core.shell:Creating package script '/home/simpletime/ws01_plumbing/install/cpp02_service/share/cpp02_service/package.zsh'
[1.414s] Level 1:colcon.colcon_core.environment:create_file_with_runtime_dependencies(/home/simpletime/ws01_plumbing/install/cpp02_service/share/colcon-core/packages/cpp02_service)
[1.432s] Level 1:colcon.colcon_core.environment:create_environment_scripts_only(cpp01_topic)
[1.432s] Level 1:colcon.colcon_core.environment:checking '/home/simpletime/ws01_plumbing/install/cpp01_topic' for CMake module files
[1.432s] DEBUG:colcon.colcon_core.event_handler.log_command:Invoked command in '/home/simpletime/ws01_plumbing/build/cpp01_topic' returned '0': AMENT_PREFIX_PATH=/home/simpletime/ws01_plumbing/install/base_interfaces_demo:${AMENT_PREFIX_PATH} CMAKE_PREFIX_PATH=/home/simpletime/ws01_plumbing/install/base_interfaces_demo:/opt/ros/humble LD_LIBRARY_PATH=/home/simpletime/ws01_plumbing/install/base_interfaces_demo/lib:${LD_LIBRARY_PATH} PYTHONPATH=/home/simpletime/ws01_plumbing/install/base_interfaces_demo/local/lib/python3.10/dist-packages:${PYTHONPATH} /usr/bin/cmake --install /home/simpletime/ws01_plumbing/build/cpp01_topic
[1.433s] Level 1:colcon.colcon_core.environment:checking '/home/simpletime/ws01_plumbing/install/cpp01_topic' for CMake config files
[1.434s] Level 1:colcon.colcon_core.shell:create_environment_hook('cpp01_topic', 'cmake_prefix_path')
[1.435s] INFO:colcon.colcon_core.shell:Creating environment hook '/home/simpletime/ws01_plumbing/install/cpp01_topic/share/cpp01_topic/hook/cmake_prefix_path.ps1'
[1.436s] INFO:colcon.colcon_core.shell:Creating environment descriptor '/home/simpletime/ws01_plumbing/install/cpp01_topic/share/cpp01_topic/hook/cmake_prefix_path.dsv'
[1.436s] INFO:colcon.colcon_core.shell:Creating environment hook '/home/simpletime/ws01_plumbing/install/cpp01_topic/share/cpp01_topic/hook/cmake_prefix_path.sh'
[1.437s] Level 1:colcon.colcon_core.environment:checking '/home/simpletime/ws01_plumbing/install/cpp01_topic/lib'
[1.437s] Level 1:colcon.colcon_core.environment:checking '/home/simpletime/ws01_plumbing/install/cpp01_topic/bin'
[1.437s] Level 1:colcon.colcon_core.environment:checking '/home/simpletime/ws01_plumbing/install/cpp01_topic/lib/pkgconfig/cpp01_topic.pc'
[1.437s] Level 1:colcon.colcon_core.environment:checking '/home/simpletime/ws01_plumbing/install/cpp01_topic/lib/python3.10/site-packages'
[1.437s] Level 1:colcon.colcon_core.environment:checking '/home/simpletime/ws01_plumbing/install/cpp01_topic/bin'
[1.438s] INFO:colcon.colcon_core.shell:Creating package script '/home/simpletime/ws01_plumbing/install/cpp01_topic/share/cpp01_topic/package.ps1'
[1.438s] INFO:colcon.colcon_core.shell:Creating package descriptor '/home/simpletime/ws01_plumbing/install/cpp01_topic/share/cpp01_topic/package.dsv'
[1.438s] INFO:colcon.colcon_core.shell:Creating package script '/home/simpletime/ws01_plumbing/install/cpp01_topic/share/cpp01_topic/package.sh'
[1.439s] INFO:colcon.colcon_core.shell:Creating package script '/home/simpletime/ws01_plumbing/install/cpp01_topic/share/cpp01_topic/package.bash'
[1.439s] INFO:colcon.colcon_core.shell:Creating package script '/home/simpletime/ws01_plumbing/install/cpp01_topic/share/cpp01_topic/package.zsh'
[1.440s] Level 1:colcon.colcon_core.environment:create_file_with_runtime_dependencies(/home/simpletime/ws01_plumbing/install/cpp01_topic/share/colcon-core/packages/cpp01_topic)
[1.449s] Level 1:colcon.colcon_core.environment:create_environment_scripts_only(cpp02_service)
[1.450s] Level 1:colcon.colcon_core.environment:checking '/home/simpletime/ws01_plumbing/install/cpp02_service' for CMake module files
[1.450s] Level 1:colcon.colcon_core.environment:checking '/home/simpletime/ws01_plumbing/install/cpp02_service' for CMake config files
[1.451s] Level 1:colcon.colcon_core.shell:create_environment_hook('cpp02_service', 'cmake_prefix_path')
[1.451s] INFO:colcon.colcon_core.shell:Creating environment hook '/home/simpletime/ws01_plumbing/install/cpp02_service/share/cpp02_service/hook/cmake_prefix_path.ps1'
[1.452s] INFO:colcon.colcon_core.shell:Creating environment descriptor '/home/simpletime/ws01_plumbing/install/cpp02_service/share/cpp02_service/hook/cmake_prefix_path.dsv'
[1.455s] INFO:colcon.colcon_core.shell:Creating environment hook '/home/simpletime/ws01_plumbing/install/cpp02_service/share/cpp02_service/hook/cmake_prefix_path.sh'
[1.456s] Level 1:colcon.colcon_core.environment:checking '/home/simpletime/ws01_plumbing/install/cpp02_service/lib'
[1.456s] Level 1:colcon.colcon_core.environment:checking '/home/simpletime/ws01_plumbing/install/cpp02_service/bin'
[1.456s] Level 1:colcon.colcon_core.environment:checking '/home/simpletime/ws01_plumbing/install/cpp02_service/lib/pkgconfig/cpp02_service.pc'
[1.456s] Level 1:colcon.colcon_core.environment:checking '/home/simpletime/ws01_plumbing/install/cpp02_service/lib/python3.10/site-packages'
[1.456s] Level 1:colcon.colcon_core.environment:checking '/home/simpletime/ws01_plumbing/install/cpp02_service/bin'
[1.456s] INFO:colcon.colcon_core.shell:Creating package script '/home/simpletime/ws01_plumbing/install/cpp02_service/share/cpp02_service/package.ps1'
[1.457s] INFO:colcon.colcon_core.shell:Creating package descriptor '/home/simpletime/ws01_plumbing/install/cpp02_service/share/cpp02_service/package.dsv'
[1.458s] INFO:colcon.colcon_core.shell:Creating package script '/home/simpletime/ws01_plumbing/install/cpp02_service/share/cpp02_service/package.sh'
[1.459s] INFO:colcon.colcon_core.shell:Creating package script '/home/simpletime/ws01_plumbing/install/cpp02_service/share/cpp02_service/package.bash'
[1.460s] INFO:colcon.colcon_core.shell:Creating package script '/home/simpletime/ws01_plumbing/install/cpp02_service/share/cpp02_service/package.zsh'
[1.461s] Level 1:colcon.colcon_core.environment:create_file_with_runtime_dependencies(/home/simpletime/ws01_plumbing/install/cpp02_service/share/colcon-core/packages/cpp02_service)
[1.519s] Level 1:colcon.colcon_core.environment:create_environment_scripts_only(cpp01_topic)
[1.519s] Level 1:colcon.colcon_core.environment:checking '/home/simpletime/ws01_plumbing/install/cpp01_topic' for CMake module files
[1.522s] Level 1:colcon.colcon_core.environment:checking '/home/simpletime/ws01_plumbing/install/cpp01_topic' for CMake config files
[1.522s] Level 1:colcon.colcon_core.shell:create_environment_hook('cpp01_topic', 'cmake_prefix_path')
[1.522s] INFO:colcon.colcon_core.shell:Creating environment hook '/home/simpletime/ws01_plumbing/install/cpp01_topic/share/cpp01_topic/hook/cmake_prefix_path.ps1'
[1.523s] INFO:colcon.colcon_core.shell:Creating environment descriptor '/home/simpletime/ws01_plumbing/install/cpp01_topic/share/cpp01_topic/hook/cmake_prefix_path.dsv'
[1.523s] INFO:colcon.colcon_core.shell:Creating environment hook '/home/simpletime/ws01_plumbing/install/cpp01_topic/share/cpp01_topic/hook/cmake_prefix_path.sh'
[1.524s] Level 1:colcon.colcon_core.environment:checking '/home/simpletime/ws01_plumbing/install/cpp01_topic/lib'
[1.524s] Level 1:colcon.colcon_core.environment:checking '/home/simpletime/ws01_plumbing/install/cpp01_topic/bin'
[1.524s] Level 1:colcon.colcon_core.environment:checking '/home/simpletime/ws01_plumbing/install/cpp01_topic/lib/pkgconfig/cpp01_topic.pc'
[1.524s] Level 1:colcon.colcon_core.environment:checking '/home/simpletime/ws01_plumbing/install/cpp01_topic/lib/python3.10/site-packages'
[1.524s] Level 1:colcon.colcon_core.environment:checking '/home/simpletime/ws01_plumbing/install/cpp01_topic/bin'
[1.524s] INFO:colcon.colcon_core.shell:Creating package script '/home/simpletime/ws01_plumbing/install/cpp01_topic/share/cpp01_topic/package.ps1'
[1.525s] INFO:colcon.colcon_core.shell:Creating package descriptor '/home/simpletime/ws01_plumbing/install/cpp01_topic/share/cpp01_topic/package.dsv'
[1.525s] INFO:colcon.colcon_core.shell:Creating package script '/home/simpletime/ws01_plumbing/install/cpp01_topic/share/cpp01_topic/package.sh'
[1.526s] INFO:colcon.colcon_core.shell:Creating package script '/home/simpletime/ws01_plumbing/install/cpp01_topic/share/cpp01_topic/package.bash'
[1.527s] INFO:colcon.colcon_core.shell:Creating package script '/home/simpletime/ws01_plumbing/install/cpp01_topic/share/cpp01_topic/package.zsh'
[1.527s] Level 1:colcon.colcon_core.environment:create_file_with_runtime_dependencies(/home/simpletime/ws01_plumbing/install/cpp01_topic/share/colcon-core/packages/cpp01_topic)
[1.669s] DEBUG:colcon.colcon_core.event_handler.log_command:Invoking command in '/home/simpletime/ws01_plumbing/src/py01_topic': AMENT_PREFIX_PATH=/home/simpletime/ws01_plumbing/install/base_interfaces_demo:${AMENT_PREFIX_PATH} CMAKE_PREFIX_PATH=/home/simpletime/ws01_plumbing/install/base_interfaces_demo LD_LIBRARY_PATH=/home/simpletime/ws01_plumbing/install/base_interfaces_demo/lib:${LD_LIBRARY_PATH} PYTHONPATH=/home/simpletime/ws01_plumbing/build/py01_topic/prefix_override:/usr/lib/python3/dist-packages/colcon_core/task/python/colcon_distutils_commands:/home/simpletime/ws01_plumbing/install/py01_topic/lib/python3.10/site-packages:/home/simpletime/ws01_plumbing/install/base_interfaces_demo/local/lib/python3.10/dist-packages:${PYTHONPATH} /usr/bin/python3 -W ignore:setup.py install is deprecated setup.py egg_info --egg-base ../../build/py01_topic build --build-base /home/simpletime/ws01_plumbing/build/py01_topic/build install --record /home/simpletime/ws01_plumbing/build/py01_topic/install.log --single-version-externally-managed install_data
[1.879s] Level 1:colcon.colcon_core.environment:checking '/home/simpletime/ws01_plumbing/install/py01_topic' for CMake module files
[1.880s] Level 1:colcon.colcon_core.environment:checking '/home/simpletime/ws01_plumbing/install/py01_topic' for CMake config files
[1.881s] DEBUG:colcon.colcon_core.event_handler.log_command:Invoked command in '/home/simpletime/ws01_plumbing/src/py01_topic' returned '0': AMENT_PREFIX_PATH=/home/simpletime/ws01_plumbing/install/base_interfaces_demo:${AMENT_PREFIX_PATH} CMAKE_PREFIX_PATH=/home/simpletime/ws01_plumbing/install/base_interfaces_demo LD_LIBRARY_PATH=/home/simpletime/ws01_plumbing/install/base_interfaces_demo/lib:${LD_LIBRARY_PATH} PYTHONPATH=/home/simpletime/ws01_plumbing/build/py01_topic/prefix_override:/usr/lib/python3/dist-packages/colcon_core/task/python/colcon_distutils_commands:/home/simpletime/ws01_plumbing/install/py01_topic/lib/python3.10/site-packages:/home/simpletime/ws01_plumbing/install/base_interfaces_demo/local/lib/python3.10/dist-packages:${PYTHONPATH} /usr/bin/python3 -W ignore:setup.py install is deprecated setup.py egg_info --egg-base ../../build/py01_topic build --build-base /home/simpletime/ws01_plumbing/build/py01_topic/build install --record /home/simpletime/ws01_plumbing/build/py01_topic/install.log --single-version-externally-managed install_data
[1.882s] Level 1:colcon.colcon_core.shell:create_environment_hook('py01_topic', 'cmake_prefix_path')
[1.883s] INFO:colcon.colcon_core.shell:Creating environment hook '/home/simpletime/ws01_plumbing/install/py01_topic/share/py01_topic/hook/cmake_prefix_path.ps1'
[1.883s] INFO:colcon.colcon_core.shell:Creating environment descriptor '/home/simpletime/ws01_plumbing/install/py01_topic/share/py01_topic/hook/cmake_prefix_path.dsv'
[1.884s] INFO:colcon.colcon_core.shell:Creating environment hook '/home/simpletime/ws01_plumbing/install/py01_topic/share/py01_topic/hook/cmake_prefix_path.sh'
[1.884s] Level 1:colcon.colcon_core.environment:checking '/home/simpletime/ws01_plumbing/install/py01_topic/lib'
[1.884s] Level 1:colcon.colcon_core.environment:checking '/home/simpletime/ws01_plumbing/install/py01_topic/bin'
[1.884s] Level 1:colcon.colcon_core.environment:checking '/home/simpletime/ws01_plumbing/install/py01_topic/lib/pkgconfig/py01_topic.pc'
[1.885s] Level 1:colcon.colcon_core.environment:checking '/home/simpletime/ws01_plumbing/install/py01_topic/lib/python3.10/site-packages'
[1.885s] Level 1:colcon.colcon_core.shell:create_environment_hook('py01_topic', 'pythonpath')
[1.885s] INFO:colcon.colcon_core.shell:Creating environment hook '/home/simpletime/ws01_plumbing/install/py01_topic/share/py01_topic/hook/pythonpath.ps1'
[1.885s] INFO:colcon.colcon_core.shell:Creating environment descriptor '/home/simpletime/ws01_plumbing/install/py01_topic/share/py01_topic/hook/pythonpath.dsv'
[1.886s] INFO:colcon.colcon_core.shell:Creating environment hook '/home/simpletime/ws01_plumbing/install/py01_topic/share/py01_topic/hook/pythonpath.sh'
[1.887s] Level 1:colcon.colcon_core.environment:checking '/home/simpletime/ws01_plumbing/install/py01_topic/bin'
[1.887s] Level 1:colcon.colcon_core.environment:create_environment_scripts_only(py01_topic)
[1.887s] INFO:colcon.colcon_core.shell:Creating package script '/home/simpletime/ws01_plumbing/install/py01_topic/share/py01_topic/package.ps1'
[1.888s] INFO:colcon.colcon_core.shell:Creating package descriptor '/home/simpletime/ws01_plumbing/install/py01_topic/share/py01_topic/package.dsv'
[1.888s] INFO:colcon.colcon_core.shell:Creating package script '/home/simpletime/ws01_plumbing/install/py01_topic/share/py01_topic/package.sh'
[1.889s] INFO:colcon.colcon_core.shell:Creating package script '/home/simpletime/ws01_plumbing/install/py01_topic/share/py01_topic/package.bash'
[1.890s] INFO:colcon.colcon_core.shell:Creating package script '/home/simpletime/ws01_plumbing/install/py01_topic/share/py01_topic/package.zsh'
[1.890s] Level 1:colcon.colcon_core.environment:create_file_with_runtime_dependencies(/home/simpletime/ws01_plumbing/install/py01_topic/share/colcon-core/packages/py01_topic)
[3.946s] DEBUG:colcon.colcon_core.event_handler.log_command:Invoked command in '/home/simpletime/ws01_plumbing/build/cpp03_action' returned '2': AMENT_PREFIX_PATH=/home/simpletime/ws01_plumbing/install/base_interfaces_demo:${AMENT_PREFIX_PATH} CMAKE_PREFIX_PATH=/home/simpletime/ws01_plumbing/install/base_interfaces_demo:/opt/ros/humble LD_LIBRARY_PATH=/home/simpletime/ws01_plumbing/install/base_interfaces_demo/lib:${LD_LIBRARY_PATH} PYTHONPATH=/home/simpletime/ws01_plumbing/install/base_interfaces_demo/local/lib/python3.10/dist-packages:${PYTHONPATH} /usr/bin/cmake --build /home/simpletime/ws01_plumbing/build/cpp03_action -- -j4 -l4
[3.970s] Level 1:colcon.colcon_core.environment:create_environment_scripts_only(cpp03_action)
[3.970s] Level 1:colcon.colcon_core.environment:checking '/home/simpletime/ws01_plumbing/install/cpp03_action' for CMake module files
[3.971s] Level 1:colcon.colcon_core.environment:checking '/home/simpletime/ws01_plumbing/install/cpp03_action' for CMake config files
[3.972s] Level 1:colcon.colcon_core.shell:create_environment_hook('cpp03_action', 'cmake_prefix_path')
[3.972s] INFO:colcon.colcon_core.shell:Creating environment hook '/home/simpletime/ws01_plumbing/install/cpp03_action/share/cpp03_action/hook/cmake_prefix_path.ps1'
[3.973s] INFO:colcon.colcon_core.shell:Creating environment descriptor '/home/simpletime/ws01_plumbing/install/cpp03_action/share/cpp03_action/hook/cmake_prefix_path.dsv'
[3.973s] INFO:colcon.colcon_core.shell:Creating environment hook '/home/simpletime/ws01_plumbing/install/cpp03_action/share/cpp03_action/hook/cmake_prefix_path.sh'
[3.973s] Level 1:colcon.colcon_core.environment:checking '/home/simpletime/ws01_plumbing/install/cpp03_action/lib'
[3.974s] Level 1:colcon.colcon_core.environment:checking '/home/simpletime/ws01_plumbing/install/cpp03_action/bin'
[3.974s] Level 1:colcon.colcon_core.environment:checking '/home/simpletime/ws01_plumbing/install/cpp03_action/lib/pkgconfig/cpp03_action.pc'
[3.974s] Level 1:colcon.colcon_core.environment:checking '/home/simpletime/ws01_plumbing/install/cpp03_action/lib/python3.10/site-packages'
[3.974s] Level 1:colcon.colcon_core.environment:checking '/home/simpletime/ws01_plumbing/install/cpp03_action/bin'
[3.974s] INFO:colcon.colcon_core.shell:Creating package script '/home/simpletime/ws01_plumbing/install/cpp03_action/share/cpp03_action/package.ps1'
[3.974s] INFO:colcon.colcon_core.shell:Creating package descriptor '/home/simpletime/ws01_plumbing/install/cpp03_action/share/cpp03_action/package.dsv'
[3.975s] INFO:colcon.colcon_core.shell:Creating package script '/home/simpletime/ws01_plumbing/install/cpp03_action/share/cpp03_action/package.sh'
[3.975s] INFO:colcon.colcon_core.shell:Creating package script '/home/simpletime/ws01_plumbing/install/cpp03_action/share/cpp03_action/package.bash'
[3.976s] INFO:colcon.colcon_core.shell:Creating package script '/home/simpletime/ws01_plumbing/install/cpp03_action/share/cpp03_action/package.zsh'
[3.976s] Level 1:colcon.colcon_core.environment:create_file_with_runtime_dependencies(/home/simpletime/ws01_plumbing/install/cpp03_action/share/colcon-core/packages/cpp03_action)
[3.987s] DEBUG:colcon.colcon_parallel_executor.executor.parallel:closing loop
[3.987s] DEBUG:colcon.colcon_parallel_executor.executor.parallel:loop closed
[3.987s] DEBUG:colcon.colcon_parallel_executor.executor.parallel:run_until_complete finished with '2'
[3.987s] DEBUG:colcon.colcon_core.event_reactor:joining thread
[3.996s] INFO:colcon.colcon_core.plugin_system:Skipping extension 'colcon_notification.desktop_notification.terminal_notifier': Not used on non-Darwin systems
[3.996s] INFO:colcon.colcon_core.plugin_system:Skipping extension 'colcon_notification.desktop_notification.win32': Not used on non-Windows systems
[3.996s] INFO:colcon.colcon_notification.desktop_notification:Sending desktop notification using 'notify2'
[4.017s] DEBUG:colcon.colcon_core.event_reactor:joined thread
[4.017s] INFO:colcon.colcon_core.shell:Creating prefix script '/home/simpletime/ws01_plumbing/install/local_setup.ps1'
[4.018s] INFO:colcon.colcon_core.shell:Creating prefix util module '/home/simpletime/ws01_plumbing/install/_local_setup_util_ps1.py'
[4.022s] INFO:colcon.colcon_core.shell:Creating prefix chain script '/home/simpletime/ws01_plumbing/install/setup.ps1'
[4.024s] INFO:colcon.colcon_core.shell:Creating prefix script '/home/simpletime/ws01_plumbing/install/local_setup.sh'
[4.025s] INFO:colcon.colcon_core.shell:Creating prefix util module '/home/simpletime/ws01_plumbing/install/_local_setup_util_sh.py'
[4.025s] INFO:colcon.colcon_core.shell:Creating prefix chain script '/home/simpletime/ws01_plumbing/install/setup.sh'
[4.026s] INFO:colcon.colcon_core.shell:Creating prefix script '/home/simpletime/ws01_plumbing/install/local_setup.bash'
[4.027s] INFO:colcon.colcon_core.shell:Creating prefix chain script '/home/simpletime/ws01_plumbing/install/setup.bash'
[4.027s] INFO:colcon.colcon_core.shell:Creating prefix script '/home/simpletime/ws01_plumbing/install/local_setup.zsh'
[4.028s] INFO:colcon.colcon_core.shell:Creating prefix chain script '/home/simpletime/ws01_plumbing/install/setup.zsh'
