[0.019s] Invoking command in '/home/simpletime/Project/learn02_pcl_spin/build/cpp01_pcl_spin': CMAKE_PREFIX_PATH=${CMAKE_PREFIX_PATH}:/opt/ros/humble /usr/bin/cmake --build /home/simpletime/Project/learn02_pcl_spin/build/cpp01_pcl_spin -- -j32 -l32
[0.095s] [35m[1mConsolidate compiler generated dependencies of target demo01_pcl_spin[0m
[0.124s] [ 50%] [32mBuilding CXX object CMakeFiles/demo01_pcl_spin.dir/src/demo01_pcl_spin.cpp.o[0m
[6.697s] [100%] [32m[1mLinking CXX executable demo01_pcl_spin[0m
[7.295s] [100%] Built target demo01_pcl_spin
[7.304s] Invoked command in '/home/simpletime/Project/learn02_pcl_spin/build/cpp01_pcl_spin' returned '0': CMAKE_PREFIX_PATH=${CMAKE_PREFIX_PATH}:/opt/ros/humble /usr/bin/cmake --build /home/simpletime/Project/learn02_pcl_spin/build/cpp01_pcl_spin -- -j32 -l32
[7.334s] Invoking command in '/home/simpletime/Project/learn02_pcl_spin/build/cpp01_pcl_spin': CMAKE_PREFIX_PATH=${CMAKE_PREFIX_PATH}:/opt/ros/humble /usr/bin/cmake --install /home/simpletime/Project/learn02_pcl_spin/build/cpp01_pcl_spin
[7.339s] -- Install configuration: ""
[7.341s] -- Installing: /home/simpletime/Project/learn02_pcl_spin/install/cpp01_pcl_spin/lib/cpp01_pcl_spin/demo01_pcl_spin
[7.343s] -- Set runtime path of "/home/simpletime/Project/learn02_pcl_spin/install/cpp01_pcl_spin/lib/cpp01_pcl_spin/demo01_pcl_spin" to ""
[7.343s] -- Up-to-date: /home/simpletime/Project/learn02_pcl_spin/install/cpp01_pcl_spin/share/ament_index/resource_index/package_run_dependencies/cpp01_pcl_spin
[7.344s] -- Up-to-date: /home/simpletime/Project/learn02_pcl_spin/install/cpp01_pcl_spin/share/ament_index/resource_index/parent_prefix_path/cpp01_pcl_spin
[7.344s] -- Up-to-date: /home/simpletime/Project/learn02_pcl_spin/install/cpp01_pcl_spin/share/cpp01_pcl_spin/environment/ament_prefix_path.sh
[7.344s] -- Up-to-date: /home/simpletime/Project/learn02_pcl_spin/install/cpp01_pcl_spin/share/cpp01_pcl_spin/environment/ament_prefix_path.dsv
[7.344s] -- Up-to-date: /home/simpletime/Project/learn02_pcl_spin/install/cpp01_pcl_spin/share/cpp01_pcl_spin/environment/path.sh
[7.344s] -- Up-to-date: /home/simpletime/Project/learn02_pcl_spin/install/cpp01_pcl_spin/share/cpp01_pcl_spin/environment/path.dsv
[7.344s] -- Up-to-date: /home/simpletime/Project/learn02_pcl_spin/install/cpp01_pcl_spin/share/cpp01_pcl_spin/local_setup.bash
[7.344s] -- Up-to-date: /home/simpletime/Project/learn02_pcl_spin/install/cpp01_pcl_spin/share/cpp01_pcl_spin/local_setup.sh
[7.344s] -- Up-to-date: /home/simpletime/Project/learn02_pcl_spin/install/cpp01_pcl_spin/share/cpp01_pcl_spin/local_setup.zsh
[7.344s] -- Up-to-date: /home/simpletime/Project/learn02_pcl_spin/install/cpp01_pcl_spin/share/cpp01_pcl_spin/local_setup.dsv
[7.344s] -- Installing: /home/simpletime/Project/learn02_pcl_spin/install/cpp01_pcl_spin/share/cpp01_pcl_spin/package.dsv
[7.344s] -- Up-to-date: /home/simpletime/Project/learn02_pcl_spin/install/cpp01_pcl_spin/share/ament_index/resource_index/packages/cpp01_pcl_spin
[7.345s] -- Up-to-date: /home/simpletime/Project/learn02_pcl_spin/install/cpp01_pcl_spin/share/cpp01_pcl_spin/cmake/cpp01_pcl_spinConfig.cmake
[7.345s] -- Up-to-date: /home/simpletime/Project/learn02_pcl_spin/install/cpp01_pcl_spin/share/cpp01_pcl_spin/cmake/cpp01_pcl_spinConfig-version.cmake
[7.345s] -- Up-to-date: /home/simpletime/Project/learn02_pcl_spin/install/cpp01_pcl_spin/share/cpp01_pcl_spin/package.xml
[7.347s] Invoked command in '/home/simpletime/Project/learn02_pcl_spin/build/cpp01_pcl_spin' returned '0': CMAKE_PREFIX_PATH=${CMAKE_PREFIX_PATH}:/opt/ros/humble /usr/bin/cmake --install /home/simpletime/Project/learn02_pcl_spin/build/cpp01_pcl_spin
