[0.155s] DEBUG:colcon:Command line arguments: ['/usr/bin/colcon', 'build']
[0.155s] DEBUG:colcon:Parsed command line arguments: Namespace(log_base=None, log_level=None, verb_name='build', build_base='build', install_base='install', merge_install=False, symlink_install=False, test_result_base=None, continue_on_error=False, executor='parallel', parallel_workers=32, event_handlers=None, ignore_user_meta=False, metas=['./colcon.meta'], base_paths=['.'], packages_ignore=None, packages_ignore_regex=None, paths=None, packages_up_to=None, packages_up_to_regex=None, packages_above=None, packages_above_and_dependencies=None, packages_above_depth=None, packages_select_by_dep=None, packages_skip_by_dep=None, packages_skip_up_to=None, packages_select_build_failed=False, packages_skip_build_finished=False, packages_select_test_failures=False, packages_skip_test_passed=False, packages_select=None, packages_skip=None, packages_select_regex=None, packages_skip_regex=None, packages_start=None, packages_end=None, allow_overriding=[], cmake_args=None, cmake_target=None, cmake_target_skip_unavailable=False, cmake_clean_cache=False, cmake_clean_first=False, cmake_force_configure=False, ament_cmake_args=None, catkin_cmake_args=None, catkin_skip_building_tests=False, verb_parser=<colcon_defaults.argument_parser.defaults.DefaultArgumentsDecorator object at 0x7f1d35a0fca0>, verb_extension=<colcon_core.verb.build.BuildVerb object at 0x7f1d35a0f7c0>, main=<bound method BuildVerb.main of <colcon_core.verb.build.BuildVerb object at 0x7f1d35a0f7c0>>)
[0.302s] Level 1:colcon.colcon_core.package_discovery:discover_packages(colcon_meta) check parameters
[0.302s] Level 1:colcon.colcon_core.package_discovery:discover_packages(recursive) check parameters
[0.303s] Level 1:colcon.colcon_core.package_discovery:discover_packages(ignore) check parameters
[0.303s] Level 1:colcon.colcon_core.package_discovery:discover_packages(path) check parameters
[0.303s] Level 1:colcon.colcon_core.package_discovery:discover_packages(colcon_meta) discover
[0.303s] Level 1:colcon.colcon_core.package_discovery:discover_packages(recursive) discover
[0.303s] INFO:colcon.colcon_core.package_discovery:Crawling recursively for packages in '/home/simpletime/Project/ws02_tools'
[0.303s] Level 1:colcon.colcon_core.package_identification:_identify(.) by extensions ['ignore', 'ignore_ament_install']
[0.303s] Level 1:colcon.colcon_core.package_identification:_identify(.) by extension 'ignore'
[0.303s] Level 1:colcon.colcon_core.package_identification:_identify(.) by extension 'ignore_ament_install'
[0.303s] Level 1:colcon.colcon_core.package_identification:_identify(.) by extensions ['colcon_pkg']
[0.303s] Level 1:colcon.colcon_core.package_identification:_identify(.) by extension 'colcon_pkg'
[0.303s] Level 1:colcon.colcon_core.package_identification:_identify(.) by extensions ['colcon_meta']
[0.303s] Level 1:colcon.colcon_core.package_identification:_identify(.) by extension 'colcon_meta'
[0.303s] Level 1:colcon.colcon_core.package_identification:_identify(.) by extensions ['ros']
[0.303s] Level 1:colcon.colcon_core.package_identification:_identify(.) by extension 'ros'
[0.315s] Level 1:colcon.colcon_core.package_identification:_identify(.) by extensions ['cmake', 'python']
[0.315s] Level 1:colcon.colcon_core.package_identification:_identify(.) by extension 'cmake'
[0.315s] Level 1:colcon.colcon_core.package_identification:_identify(.) by extension 'python'
[0.315s] Level 1:colcon.colcon_core.package_identification:_identify(.) by extensions ['python_setup_py']
[0.315s] Level 1:colcon.colcon_core.package_identification:_identify(.) by extension 'python_setup_py'
[0.315s] Level 1:colcon.colcon_core.package_identification:_identify(build) by extensions ['ignore', 'ignore_ament_install']
[0.315s] Level 1:colcon.colcon_core.package_identification:_identify(build) by extension 'ignore'
[0.316s] Level 1:colcon.colcon_core.package_identification:_identify(build) ignored
[0.316s] Level 1:colcon.colcon_core.package_identification:_identify(install) by extensions ['ignore', 'ignore_ament_install']
[0.316s] Level 1:colcon.colcon_core.package_identification:_identify(install) by extension 'ignore'
[0.316s] Level 1:colcon.colcon_core.package_identification:_identify(install) ignored
[0.316s] Level 1:colcon.colcon_core.package_identification:_identify(log) by extensions ['ignore', 'ignore_ament_install']
[0.316s] Level 1:colcon.colcon_core.package_identification:_identify(log) by extension 'ignore'
[0.316s] Level 1:colcon.colcon_core.package_identification:_identify(log) ignored
[0.317s] Level 1:colcon.colcon_core.package_identification:_identify(source) by extensions ['ignore', 'ignore_ament_install']
[0.317s] Level 1:colcon.colcon_core.package_identification:_identify(source) by extension 'ignore'
[0.317s] Level 1:colcon.colcon_core.package_identification:_identify(source) by extension 'ignore_ament_install'
[0.317s] Level 1:colcon.colcon_core.package_identification:_identify(source) by extensions ['colcon_pkg']
[0.317s] Level 1:colcon.colcon_core.package_identification:_identify(source) by extension 'colcon_pkg'
[0.317s] Level 1:colcon.colcon_core.package_identification:_identify(source) by extensions ['colcon_meta']
[0.317s] Level 1:colcon.colcon_core.package_identification:_identify(source) by extension 'colcon_meta'
[0.317s] Level 1:colcon.colcon_core.package_identification:_identify(source) by extensions ['ros']
[0.317s] Level 1:colcon.colcon_core.package_identification:_identify(source) by extension 'ros'
[0.318s] Level 1:colcon.colcon_core.package_identification:_identify(source) by extensions ['cmake', 'python']
[0.318s] Level 1:colcon.colcon_core.package_identification:_identify(source) by extension 'cmake'
[0.318s] Level 1:colcon.colcon_core.package_identification:_identify(source) by extension 'python'
[0.318s] Level 1:colcon.colcon_core.package_identification:_identify(source) by extensions ['python_setup_py']
[0.318s] Level 1:colcon.colcon_core.package_identification:_identify(source) by extension 'python_setup_py'
[0.318s] Level 1:colcon.colcon_core.package_identification:_identify(src) by extensions ['ignore', 'ignore_ament_install']
[0.318s] Level 1:colcon.colcon_core.package_identification:_identify(src) by extension 'ignore'
[0.318s] Level 1:colcon.colcon_core.package_identification:_identify(src) by extension 'ignore_ament_install'
[0.318s] Level 1:colcon.colcon_core.package_identification:_identify(src) by extensions ['colcon_pkg']
[0.318s] Level 1:colcon.colcon_core.package_identification:_identify(src) by extension 'colcon_pkg'
[0.318s] Level 1:colcon.colcon_core.package_identification:_identify(src) by extensions ['colcon_meta']
[0.318s] Level 1:colcon.colcon_core.package_identification:_identify(src) by extension 'colcon_meta'
[0.318s] Level 1:colcon.colcon_core.package_identification:_identify(src) by extensions ['ros']
[0.318s] Level 1:colcon.colcon_core.package_identification:_identify(src) by extension 'ros'
[0.318s] Level 1:colcon.colcon_core.package_identification:_identify(src) by extensions ['cmake', 'python']
[0.318s] Level 1:colcon.colcon_core.package_identification:_identify(src) by extension 'cmake'
[0.318s] Level 1:colcon.colcon_core.package_identification:_identify(src) by extension 'python'
[0.318s] Level 1:colcon.colcon_core.package_identification:_identify(src) by extensions ['python_setup_py']
[0.318s] Level 1:colcon.colcon_core.package_identification:_identify(src) by extension 'python_setup_py'
[0.319s] Level 1:colcon.colcon_core.package_identification:_identify(src/cpp01_tf_broadcaster) by extensions ['ignore', 'ignore_ament_install']
[0.319s] Level 1:colcon.colcon_core.package_identification:_identify(src/cpp01_tf_broadcaster) by extension 'ignore'
[0.319s] Level 1:colcon.colcon_core.package_identification:_identify(src/cpp01_tf_broadcaster) by extension 'ignore_ament_install'
[0.319s] Level 1:colcon.colcon_core.package_identification:_identify(src/cpp01_tf_broadcaster) by extensions ['colcon_pkg']
[0.319s] Level 1:colcon.colcon_core.package_identification:_identify(src/cpp01_tf_broadcaster) by extension 'colcon_pkg'
[0.319s] Level 1:colcon.colcon_core.package_identification:_identify(src/cpp01_tf_broadcaster) by extensions ['colcon_meta']
[0.319s] Level 1:colcon.colcon_core.package_identification:_identify(src/cpp01_tf_broadcaster) by extension 'colcon_meta'
[0.319s] Level 1:colcon.colcon_core.package_identification:_identify(src/cpp01_tf_broadcaster) by extensions ['ros']
[0.319s] Level 1:colcon.colcon_core.package_identification:_identify(src/cpp01_tf_broadcaster) by extension 'ros'
[0.323s] DEBUG:colcon.colcon_core.package_identification:Package 'src/cpp01_tf_broadcaster' with type 'ros.ament_cmake' and name 'cpp01_tf_broadcaster'
[0.323s] Level 1:colcon.colcon_core.package_identification:_identify(src/cpp02_launch) by extensions ['ignore', 'ignore_ament_install']
[0.323s] Level 1:colcon.colcon_core.package_identification:_identify(src/cpp02_launch) by extension 'ignore'
[0.323s] Level 1:colcon.colcon_core.package_identification:_identify(src/cpp02_launch) by extension 'ignore_ament_install'
[0.324s] Level 1:colcon.colcon_core.package_identification:_identify(src/cpp02_launch) by extensions ['colcon_pkg']
[0.324s] Level 1:colcon.colcon_core.package_identification:_identify(src/cpp02_launch) by extension 'colcon_pkg'
[0.324s] Level 1:colcon.colcon_core.package_identification:_identify(src/cpp02_launch) by extensions ['colcon_meta']
[0.324s] Level 1:colcon.colcon_core.package_identification:_identify(src/cpp02_launch) by extension 'colcon_meta'
[0.324s] Level 1:colcon.colcon_core.package_identification:_identify(src/cpp02_launch) by extensions ['ros']
[0.324s] Level 1:colcon.colcon_core.package_identification:_identify(src/cpp02_launch) by extension 'ros'
[0.325s] DEBUG:colcon.colcon_core.package_identification:Package 'src/cpp02_launch' with type 'ros.ament_cmake' and name 'cpp02_launch'
[0.325s] Level 1:colcon.colcon_core.package_discovery:discover_packages(recursive) using defaults
[0.325s] Level 1:colcon.colcon_core.package_discovery:discover_packages(ignore) discover
[0.325s] Level 1:colcon.colcon_core.package_discovery:discover_packages(ignore) using defaults
[0.325s] Level 1:colcon.colcon_core.package_discovery:discover_packages(path) discover
[0.325s] Level 1:colcon.colcon_core.package_discovery:discover_packages(path) using defaults
[0.342s] Level 1:colcon.colcon_core.package_discovery:discover_packages(prefix_path) check parameters
[0.342s] Level 1:colcon.colcon_core.package_discovery:discover_packages(prefix_path) discover
[0.344s] DEBUG:colcon.colcon_installed_package_information.package_discovery:Found 271 installed packages in /opt/ros/humble
[0.346s] Level 1:colcon.colcon_core.package_discovery:discover_packages(prefix_path) using defaults
[0.394s] Level 5:colcon.colcon_core.verb:set package 'cpp01_tf_broadcaster' build argument 'cmake_args' from command line to 'None'
[0.394s] Level 5:colcon.colcon_core.verb:set package 'cpp01_tf_broadcaster' build argument 'cmake_target' from command line to 'None'
[0.394s] Level 5:colcon.colcon_core.verb:set package 'cpp01_tf_broadcaster' build argument 'cmake_target_skip_unavailable' from command line to 'False'
[0.394s] Level 5:colcon.colcon_core.verb:set package 'cpp01_tf_broadcaster' build argument 'cmake_clean_cache' from command line to 'False'
[0.394s] Level 5:colcon.colcon_core.verb:set package 'cpp01_tf_broadcaster' build argument 'cmake_clean_first' from command line to 'False'
[0.394s] Level 5:colcon.colcon_core.verb:set package 'cpp01_tf_broadcaster' build argument 'cmake_force_configure' from command line to 'False'
[0.394s] Level 5:colcon.colcon_core.verb:set package 'cpp01_tf_broadcaster' build argument 'ament_cmake_args' from command line to 'None'
[0.395s] Level 5:colcon.colcon_core.verb:set package 'cpp01_tf_broadcaster' build argument 'catkin_cmake_args' from command line to 'None'
[0.395s] Level 5:colcon.colcon_core.verb:set package 'cpp01_tf_broadcaster' build argument 'catkin_skip_building_tests' from command line to 'False'
[0.395s] DEBUG:colcon.colcon_core.verb:Building package 'cpp01_tf_broadcaster' with the following arguments: {'ament_cmake_args': None, 'build_base': '/home/simpletime/Project/ws02_tools/build/cpp01_tf_broadcaster', 'catkin_cmake_args': None, 'catkin_skip_building_tests': False, 'cmake_args': None, 'cmake_clean_cache': False, 'cmake_clean_first': False, 'cmake_force_configure': False, 'cmake_target': None, 'cmake_target_skip_unavailable': False, 'install_base': '/home/simpletime/Project/ws02_tools/install/cpp01_tf_broadcaster', 'merge_install': False, 'path': '/home/simpletime/Project/ws02_tools/src/cpp01_tf_broadcaster', 'symlink_install': False, 'test_result_base': None}
[0.395s] Level 5:colcon.colcon_core.verb:set package 'cpp02_launch' build argument 'cmake_args' from command line to 'None'
[0.395s] Level 5:colcon.colcon_core.verb:set package 'cpp02_launch' build argument 'cmake_target' from command line to 'None'
[0.395s] Level 5:colcon.colcon_core.verb:set package 'cpp02_launch' build argument 'cmake_target_skip_unavailable' from command line to 'False'
[0.395s] Level 5:colcon.colcon_core.verb:set package 'cpp02_launch' build argument 'cmake_clean_cache' from command line to 'False'
[0.395s] Level 5:colcon.colcon_core.verb:set package 'cpp02_launch' build argument 'cmake_clean_first' from command line to 'False'
[0.395s] Level 5:colcon.colcon_core.verb:set package 'cpp02_launch' build argument 'cmake_force_configure' from command line to 'False'
[0.395s] Level 5:colcon.colcon_core.verb:set package 'cpp02_launch' build argument 'ament_cmake_args' from command line to 'None'
[0.395s] Level 5:colcon.colcon_core.verb:set package 'cpp02_launch' build argument 'catkin_cmake_args' from command line to 'None'
[0.395s] Level 5:colcon.colcon_core.verb:set package 'cpp02_launch' build argument 'catkin_skip_building_tests' from command line to 'False'
[0.395s] DEBUG:colcon.colcon_core.verb:Building package 'cpp02_launch' with the following arguments: {'ament_cmake_args': None, 'build_base': '/home/simpletime/Project/ws02_tools/build/cpp02_launch', 'catkin_cmake_args': None, 'catkin_skip_building_tests': False, 'cmake_args': None, 'cmake_clean_cache': False, 'cmake_clean_first': False, 'cmake_force_configure': False, 'cmake_target': None, 'cmake_target_skip_unavailable': False, 'install_base': '/home/simpletime/Project/ws02_tools/install/cpp02_launch', 'merge_install': False, 'path': '/home/simpletime/Project/ws02_tools/src/cpp02_launch', 'symlink_install': False, 'test_result_base': None}
[0.395s] INFO:colcon.colcon_core.executor:Executing jobs using 'parallel' executor
[0.396s] DEBUG:colcon.colcon_parallel_executor.executor.parallel:run_until_complete
[0.397s] INFO:colcon.colcon_ros.task.ament_cmake.build:Building ROS package in '/home/simpletime/Project/ws02_tools/src/cpp01_tf_broadcaster' with build type 'ament_cmake'
[0.397s] INFO:colcon.colcon_cmake.task.cmake.build:Building CMake package in '/home/simpletime/Project/ws02_tools/src/cpp01_tf_broadcaster'
[0.399s] INFO:colcon.colcon_core.plugin_system:Skipping extension 'colcon_core.shell.bat': Not used on non-Windows systems
[0.399s] INFO:colcon.colcon_core.shell:Skip shell extension 'powershell' for command environment: Not usable outside of PowerShell
[0.399s] DEBUG:colcon.colcon_core.shell:Skip shell extension 'dsv' for command environment
[0.403s] INFO:colcon.colcon_ros.task.ament_cmake.build:Building ROS package in '/home/simpletime/Project/ws02_tools/src/cpp02_launch' with build type 'ament_cmake'
[0.403s] INFO:colcon.colcon_cmake.task.cmake.build:Building CMake package in '/home/simpletime/Project/ws02_tools/src/cpp02_launch'
[0.403s] INFO:colcon.colcon_core.shell:Skip shell extension 'powershell' for command environment: Not usable outside of PowerShell
[0.403s] DEBUG:colcon.colcon_core.shell:Skip shell extension 'dsv' for command environment
[0.418s] DEBUG:colcon.colcon_core.event_handler.log_command:Invoking command in '/home/simpletime/Project/ws02_tools/build/cpp01_tf_broadcaster': CMAKE_PREFIX_PATH=/opt/ros/humble /usr/bin/cmake --build /home/simpletime/Project/ws02_tools/build/cpp01_tf_broadcaster -- -j32 -l32
[0.423s] DEBUG:colcon.colcon_core.event_handler.log_command:Invoking command in '/home/simpletime/Project/ws02_tools/build/cpp02_launch': CMAKE_PREFIX_PATH=/opt/ros/humble /usr/bin/cmake --build /home/simpletime/Project/ws02_tools/build/cpp02_launch -- -j32 -l32
[0.464s] DEBUG:colcon.colcon_core.event_handler.log_command:Invoked command in '/home/simpletime/Project/ws02_tools/build/cpp02_launch' returned '0': CMAKE_PREFIX_PATH=/opt/ros/humble /usr/bin/cmake --build /home/simpletime/Project/ws02_tools/build/cpp02_launch -- -j32 -l32
[0.499s] DEBUG:colcon.colcon_core.event_handler.log_command:Invoking command in '/home/simpletime/Project/ws02_tools/build/cpp02_launch': CMAKE_PREFIX_PATH=/opt/ros/humble /usr/bin/cmake --install /home/simpletime/Project/ws02_tools/build/cpp02_launch
[0.513s] Level 1:colcon.colcon_core.environment:create_environment_scripts_only(cpp02_launch)
[0.513s] DEBUG:colcon.colcon_core.event_handler.log_command:Invoked command in '/home/simpletime/Project/ws02_tools/build/cpp02_launch' returned '0': CMAKE_PREFIX_PATH=/opt/ros/humble /usr/bin/cmake --install /home/simpletime/Project/ws02_tools/build/cpp02_launch
[0.516s] Level 1:colcon.colcon_core.environment:checking '/home/simpletime/Project/ws02_tools/install/cpp02_launch' for CMake module files
[0.516s] Level 1:colcon.colcon_core.environment:checking '/home/simpletime/Project/ws02_tools/install/cpp02_launch' for CMake config files
[0.516s] Level 1:colcon.colcon_core.shell:create_environment_hook('cpp02_launch', 'cmake_prefix_path')
[0.516s] INFO:colcon.colcon_core.shell:Creating environment hook '/home/simpletime/Project/ws02_tools/install/cpp02_launch/share/cpp02_launch/hook/cmake_prefix_path.ps1'
[0.517s] INFO:colcon.colcon_core.shell:Creating environment descriptor '/home/simpletime/Project/ws02_tools/install/cpp02_launch/share/cpp02_launch/hook/cmake_prefix_path.dsv'
[0.518s] INFO:colcon.colcon_core.shell:Creating environment hook '/home/simpletime/Project/ws02_tools/install/cpp02_launch/share/cpp02_launch/hook/cmake_prefix_path.sh'
[0.518s] Level 1:colcon.colcon_core.environment:checking '/home/simpletime/Project/ws02_tools/install/cpp02_launch/bin'
[0.519s] Level 1:colcon.colcon_core.environment:checking '/home/simpletime/Project/ws02_tools/install/cpp02_launch/lib/pkgconfig/cpp02_launch.pc'
[0.519s] Level 1:colcon.colcon_core.environment:checking '/home/simpletime/Project/ws02_tools/install/cpp02_launch/lib/python3.10/site-packages'
[0.519s] Level 1:colcon.colcon_core.environment:checking '/home/simpletime/Project/ws02_tools/install/cpp02_launch/bin'
[0.519s] INFO:colcon.colcon_core.shell:Creating package script '/home/simpletime/Project/ws02_tools/install/cpp02_launch/share/cpp02_launch/package.ps1'
[0.520s] INFO:colcon.colcon_core.shell:Creating package descriptor '/home/simpletime/Project/ws02_tools/install/cpp02_launch/share/cpp02_launch/package.dsv'
[0.521s] INFO:colcon.colcon_core.shell:Creating package script '/home/simpletime/Project/ws02_tools/install/cpp02_launch/share/cpp02_launch/package.sh'
[0.521s] INFO:colcon.colcon_core.shell:Creating package script '/home/simpletime/Project/ws02_tools/install/cpp02_launch/share/cpp02_launch/package.bash'
[0.522s] INFO:colcon.colcon_core.shell:Creating package script '/home/simpletime/Project/ws02_tools/install/cpp02_launch/share/cpp02_launch/package.zsh'
[0.523s] Level 1:colcon.colcon_core.environment:create_file_with_runtime_dependencies(/home/simpletime/Project/ws02_tools/install/cpp02_launch/share/colcon-core/packages/cpp02_launch)
[0.527s] DEBUG:colcon.colcon_core.event_handler.log_command:Invoked command in '/home/simpletime/Project/ws02_tools/build/cpp01_tf_broadcaster' returned '0': CMAKE_PREFIX_PATH=/opt/ros/humble /usr/bin/cmake --build /home/simpletime/Project/ws02_tools/build/cpp01_tf_broadcaster -- -j32 -l32
[0.546s] Level 1:colcon.colcon_core.environment:create_environment_scripts_only(cpp02_launch)
[0.546s] Level 1:colcon.colcon_core.environment:checking '/home/simpletime/Project/ws02_tools/install/cpp02_launch' for CMake module files
[0.547s] Level 1:colcon.colcon_core.environment:checking '/home/simpletime/Project/ws02_tools/install/cpp02_launch' for CMake config files
[0.547s] Level 1:colcon.colcon_core.shell:create_environment_hook('cpp02_launch', 'cmake_prefix_path')
[0.547s] INFO:colcon.colcon_core.shell:Creating environment hook '/home/simpletime/Project/ws02_tools/install/cpp02_launch/share/cpp02_launch/hook/cmake_prefix_path.ps1'
[0.548s] INFO:colcon.colcon_core.shell:Creating environment descriptor '/home/simpletime/Project/ws02_tools/install/cpp02_launch/share/cpp02_launch/hook/cmake_prefix_path.dsv'
[0.548s] INFO:colcon.colcon_core.shell:Creating environment hook '/home/simpletime/Project/ws02_tools/install/cpp02_launch/share/cpp02_launch/hook/cmake_prefix_path.sh'
[0.549s] Level 1:colcon.colcon_core.environment:checking '/home/simpletime/Project/ws02_tools/install/cpp02_launch/bin'
[0.549s] Level 1:colcon.colcon_core.environment:checking '/home/simpletime/Project/ws02_tools/install/cpp02_launch/lib/pkgconfig/cpp02_launch.pc'
[0.549s] Level 1:colcon.colcon_core.environment:checking '/home/simpletime/Project/ws02_tools/install/cpp02_launch/lib/python3.10/site-packages'
[0.549s] Level 1:colcon.colcon_core.environment:checking '/home/simpletime/Project/ws02_tools/install/cpp02_launch/bin'
[0.550s] INFO:colcon.colcon_core.shell:Creating package script '/home/simpletime/Project/ws02_tools/install/cpp02_launch/share/cpp02_launch/package.ps1'
[0.550s] INFO:colcon.colcon_core.shell:Creating package descriptor '/home/simpletime/Project/ws02_tools/install/cpp02_launch/share/cpp02_launch/package.dsv'
[0.550s] INFO:colcon.colcon_core.shell:Creating package script '/home/simpletime/Project/ws02_tools/install/cpp02_launch/share/cpp02_launch/package.sh'
[0.551s] INFO:colcon.colcon_core.shell:Creating package script '/home/simpletime/Project/ws02_tools/install/cpp02_launch/share/cpp02_launch/package.bash'
[0.551s] INFO:colcon.colcon_core.shell:Creating package script '/home/simpletime/Project/ws02_tools/install/cpp02_launch/share/cpp02_launch/package.zsh'
[0.552s] Level 1:colcon.colcon_core.environment:create_file_with_runtime_dependencies(/home/simpletime/Project/ws02_tools/install/cpp02_launch/share/colcon-core/packages/cpp02_launch)
[0.572s] DEBUG:colcon.colcon_core.event_handler.log_command:Invoking command in '/home/simpletime/Project/ws02_tools/build/cpp01_tf_broadcaster': CMAKE_PREFIX_PATH=/opt/ros/humble /usr/bin/cmake --install /home/simpletime/Project/ws02_tools/build/cpp01_tf_broadcaster
[0.593s] Level 1:colcon.colcon_core.environment:create_environment_scripts_only(cpp01_tf_broadcaster)
[0.594s] Level 1:colcon.colcon_core.environment:checking '/home/simpletime/Project/ws02_tools/install/cpp01_tf_broadcaster' for CMake module files
[0.594s] DEBUG:colcon.colcon_core.event_handler.log_command:Invoked command in '/home/simpletime/Project/ws02_tools/build/cpp01_tf_broadcaster' returned '0': CMAKE_PREFIX_PATH=/opt/ros/humble /usr/bin/cmake --install /home/simpletime/Project/ws02_tools/build/cpp01_tf_broadcaster
[0.595s] Level 1:colcon.colcon_core.environment:checking '/home/simpletime/Project/ws02_tools/install/cpp01_tf_broadcaster' for CMake config files
[0.596s] Level 1:colcon.colcon_core.shell:create_environment_hook('cpp01_tf_broadcaster', 'cmake_prefix_path')
[0.596s] INFO:colcon.colcon_core.shell:Creating environment hook '/home/simpletime/Project/ws02_tools/install/cpp01_tf_broadcaster/share/cpp01_tf_broadcaster/hook/cmake_prefix_path.ps1'
[0.597s] INFO:colcon.colcon_core.shell:Creating environment descriptor '/home/simpletime/Project/ws02_tools/install/cpp01_tf_broadcaster/share/cpp01_tf_broadcaster/hook/cmake_prefix_path.dsv'
[0.597s] INFO:colcon.colcon_core.shell:Creating environment hook '/home/simpletime/Project/ws02_tools/install/cpp01_tf_broadcaster/share/cpp01_tf_broadcaster/hook/cmake_prefix_path.sh'
[0.598s] Level 1:colcon.colcon_core.environment:checking '/home/simpletime/Project/ws02_tools/install/cpp01_tf_broadcaster/lib'
[0.598s] Level 1:colcon.colcon_core.environment:checking '/home/simpletime/Project/ws02_tools/install/cpp01_tf_broadcaster/bin'
[0.598s] Level 1:colcon.colcon_core.environment:checking '/home/simpletime/Project/ws02_tools/install/cpp01_tf_broadcaster/lib/pkgconfig/cpp01_tf_broadcaster.pc'
[0.599s] Level 1:colcon.colcon_core.environment:checking '/home/simpletime/Project/ws02_tools/install/cpp01_tf_broadcaster/lib/python3.10/site-packages'
[0.599s] Level 1:colcon.colcon_core.environment:checking '/home/simpletime/Project/ws02_tools/install/cpp01_tf_broadcaster/bin'
[0.599s] INFO:colcon.colcon_core.shell:Creating package script '/home/simpletime/Project/ws02_tools/install/cpp01_tf_broadcaster/share/cpp01_tf_broadcaster/package.ps1'
[0.600s] INFO:colcon.colcon_core.shell:Creating package descriptor '/home/simpletime/Project/ws02_tools/install/cpp01_tf_broadcaster/share/cpp01_tf_broadcaster/package.dsv'
[0.600s] INFO:colcon.colcon_core.shell:Creating package script '/home/simpletime/Project/ws02_tools/install/cpp01_tf_broadcaster/share/cpp01_tf_broadcaster/package.sh'
[0.601s] INFO:colcon.colcon_core.shell:Creating package script '/home/simpletime/Project/ws02_tools/install/cpp01_tf_broadcaster/share/cpp01_tf_broadcaster/package.bash'
[0.601s] INFO:colcon.colcon_core.shell:Creating package script '/home/simpletime/Project/ws02_tools/install/cpp01_tf_broadcaster/share/cpp01_tf_broadcaster/package.zsh'
[0.601s] Level 1:colcon.colcon_core.environment:create_file_with_runtime_dependencies(/home/simpletime/Project/ws02_tools/install/cpp01_tf_broadcaster/share/colcon-core/packages/cpp01_tf_broadcaster)
[0.642s] Level 1:colcon.colcon_core.environment:create_environment_scripts_only(cpp01_tf_broadcaster)
[0.643s] Level 1:colcon.colcon_core.environment:checking '/home/simpletime/Project/ws02_tools/install/cpp01_tf_broadcaster' for CMake module files
[0.643s] Level 1:colcon.colcon_core.environment:checking '/home/simpletime/Project/ws02_tools/install/cpp01_tf_broadcaster' for CMake config files
[0.643s] Level 1:colcon.colcon_core.shell:create_environment_hook('cpp01_tf_broadcaster', 'cmake_prefix_path')
[0.644s] INFO:colcon.colcon_core.shell:Creating environment hook '/home/simpletime/Project/ws02_tools/install/cpp01_tf_broadcaster/share/cpp01_tf_broadcaster/hook/cmake_prefix_path.ps1'
[0.644s] INFO:colcon.colcon_core.shell:Creating environment descriptor '/home/simpletime/Project/ws02_tools/install/cpp01_tf_broadcaster/share/cpp01_tf_broadcaster/hook/cmake_prefix_path.dsv'
[0.644s] INFO:colcon.colcon_core.shell:Creating environment hook '/home/simpletime/Project/ws02_tools/install/cpp01_tf_broadcaster/share/cpp01_tf_broadcaster/hook/cmake_prefix_path.sh'
[0.645s] Level 1:colcon.colcon_core.environment:checking '/home/simpletime/Project/ws02_tools/install/cpp01_tf_broadcaster/lib'
[0.645s] Level 1:colcon.colcon_core.environment:checking '/home/simpletime/Project/ws02_tools/install/cpp01_tf_broadcaster/bin'
[0.645s] Level 1:colcon.colcon_core.environment:checking '/home/simpletime/Project/ws02_tools/install/cpp01_tf_broadcaster/lib/pkgconfig/cpp01_tf_broadcaster.pc'
[0.645s] Level 1:colcon.colcon_core.environment:checking '/home/simpletime/Project/ws02_tools/install/cpp01_tf_broadcaster/lib/python3.10/site-packages'
[0.645s] Level 1:colcon.colcon_core.environment:checking '/home/simpletime/Project/ws02_tools/install/cpp01_tf_broadcaster/bin'
[0.646s] INFO:colcon.colcon_core.shell:Creating package script '/home/simpletime/Project/ws02_tools/install/cpp01_tf_broadcaster/share/cpp01_tf_broadcaster/package.ps1'
[0.646s] INFO:colcon.colcon_core.shell:Creating package descriptor '/home/simpletime/Project/ws02_tools/install/cpp01_tf_broadcaster/share/cpp01_tf_broadcaster/package.dsv'
[0.646s] INFO:colcon.colcon_core.shell:Creating package script '/home/simpletime/Project/ws02_tools/install/cpp01_tf_broadcaster/share/cpp01_tf_broadcaster/package.sh'
[0.647s] INFO:colcon.colcon_core.shell:Creating package script '/home/simpletime/Project/ws02_tools/install/cpp01_tf_broadcaster/share/cpp01_tf_broadcaster/package.bash'
[0.647s] INFO:colcon.colcon_core.shell:Creating package script '/home/simpletime/Project/ws02_tools/install/cpp01_tf_broadcaster/share/cpp01_tf_broadcaster/package.zsh'
[0.648s] Level 1:colcon.colcon_core.environment:create_file_with_runtime_dependencies(/home/simpletime/Project/ws02_tools/install/cpp01_tf_broadcaster/share/colcon-core/packages/cpp01_tf_broadcaster)
[0.648s] DEBUG:colcon.colcon_parallel_executor.executor.parallel:closing loop
[0.648s] DEBUG:colcon.colcon_parallel_executor.executor.parallel:loop closed
[0.649s] DEBUG:colcon.colcon_parallel_executor.executor.parallel:run_until_complete finished with '0'
[0.649s] DEBUG:colcon.colcon_core.event_reactor:joining thread
[0.688s] INFO:colcon.colcon_core.plugin_system:Skipping extension 'colcon_notification.desktop_notification.notify_send': Could not find 'notify-send'
[0.689s] INFO:colcon.colcon_core.plugin_system:Skipping extension 'colcon_notification.desktop_notification.terminal_notifier': Not used on non-Darwin systems
[0.689s] INFO:colcon.colcon_core.plugin_system:Skipping extension 'colcon_notification.desktop_notification.win32': Not used on non-Windows systems
[0.689s] INFO:colcon.colcon_notification.desktop_notification:Sending desktop notification using 'notify2'
[0.689s] DEBUG:colcon.colcon_notification.desktop_notification.notify2:Failed to initialize notify2: org.freedesktop.DBus.Error.FileNotFound: Failed to connect to socket /run/user/1000/bus: No such file or directory
[0.690s] DEBUG:colcon.colcon_core.event_reactor:joined thread
[0.690s] INFO:colcon.colcon_core.shell:Creating prefix script '/home/simpletime/Project/ws02_tools/install/local_setup.ps1'
[0.691s] INFO:colcon.colcon_core.shell:Creating prefix util module '/home/simpletime/Project/ws02_tools/install/_local_setup_util_ps1.py'
[0.693s] INFO:colcon.colcon_core.shell:Creating prefix chain script '/home/simpletime/Project/ws02_tools/install/setup.ps1'
[0.694s] INFO:colcon.colcon_core.shell:Creating prefix script '/home/simpletime/Project/ws02_tools/install/local_setup.sh'
[0.694s] INFO:colcon.colcon_core.shell:Creating prefix util module '/home/simpletime/Project/ws02_tools/install/_local_setup_util_sh.py'
[0.695s] INFO:colcon.colcon_core.shell:Creating prefix chain script '/home/simpletime/Project/ws02_tools/install/setup.sh'
[0.696s] INFO:colcon.colcon_core.shell:Creating prefix script '/home/simpletime/Project/ws02_tools/install/local_setup.bash'
[0.696s] INFO:colcon.colcon_core.shell:Creating prefix chain script '/home/simpletime/Project/ws02_tools/install/setup.bash'
[0.697s] INFO:colcon.colcon_core.shell:Creating prefix script '/home/simpletime/Project/ws02_tools/install/local_setup.zsh'
[0.697s] INFO:colcon.colcon_core.shell:Creating prefix chain script '/home/simpletime/Project/ws02_tools/install/setup.zsh'
