[0.013s] Invoking command in '/home/simpletime/Project/learn01_tf_pcl/build/cpp01_tf_pcl': CMAKE_PREFIX_PATH=${CMAKE_PREFIX_PATH}:/opt/ros/humble /usr/bin/cmake --build /home/simpletime/Project/learn01_tf_pcl/build/cpp01_tf_pcl -- -j32 -l32
[0.050s] [35m[1mConsolidate compiler generated dependencies of target node01_tf_pcl[0m
[0.078s] [ 50%] [32mBuilding CXX object CMakeFiles/node01_tf_pcl.dir/src/node01_tf_pcl.cpp.o[0m
[6.140s] [100%] [32m[1mLinking CXX executable node01_tf_pcl[0m
[6.628s] [100%] Built target node01_tf_pcl
[6.639s] Invoked command in '/home/simpletime/Project/learn01_tf_pcl/build/cpp01_tf_pcl' returned '0': CMAKE_PREFIX_PATH=${CMAKE_PREFIX_PATH}:/opt/ros/humble /usr/bin/cmake --build /home/simpletime/Project/learn01_tf_pcl/build/cpp01_tf_pcl -- -j32 -l32
[6.669s] Invoking command in '/home/simpletime/Project/learn01_tf_pcl/build/cpp01_tf_pcl': CMAKE_PREFIX_PATH=${CMAKE_PREFIX_PATH}:/opt/ros/humble /usr/bin/cmake --install /home/simpletime/Project/learn01_tf_pcl/build/cpp01_tf_pcl
[6.675s] -- Install configuration: ""
[6.675s] -- Installing: /home/simpletime/Project/learn01_tf_pcl/install/cpp01_tf_pcl/lib/cpp01_tf_pcl/node01_tf_pcl
[6.677s] -- Set runtime path of "/home/simpletime/Project/learn01_tf_pcl/install/cpp01_tf_pcl/lib/cpp01_tf_pcl/node01_tf_pcl" to ""
[6.677s] -- Up-to-date: /home/simpletime/Project/learn01_tf_pcl/install/cpp01_tf_pcl/share/ament_index/resource_index/package_run_dependencies/cpp01_tf_pcl
[6.678s] -- Up-to-date: /home/simpletime/Project/learn01_tf_pcl/install/cpp01_tf_pcl/share/ament_index/resource_index/parent_prefix_path/cpp01_tf_pcl
[6.678s] -- Up-to-date: /home/simpletime/Project/learn01_tf_pcl/install/cpp01_tf_pcl/share/cpp01_tf_pcl/environment/ament_prefix_path.sh
[6.678s] -- Up-to-date: /home/simpletime/Project/learn01_tf_pcl/install/cpp01_tf_pcl/share/cpp01_tf_pcl/environment/ament_prefix_path.dsv
[6.678s] -- Up-to-date: /home/simpletime/Project/learn01_tf_pcl/install/cpp01_tf_pcl/share/cpp01_tf_pcl/environment/path.sh
[6.678s] -- Up-to-date: /home/simpletime/Project/learn01_tf_pcl/install/cpp01_tf_pcl/share/cpp01_tf_pcl/environment/path.dsv
[6.679s] -- Up-to-date: /home/simpletime/Project/learn01_tf_pcl/install/cpp01_tf_pcl/share/cpp01_tf_pcl/local_setup.bash
[6.679s] -- Up-to-date: /home/simpletime/Project/learn01_tf_pcl/install/cpp01_tf_pcl/share/cpp01_tf_pcl/local_setup.sh
[6.679s] -- Up-to-date: /home/simpletime/Project/learn01_tf_pcl/install/cpp01_tf_pcl/share/cpp01_tf_pcl/local_setup.zsh
[6.679s] -- Up-to-date: /home/simpletime/Project/learn01_tf_pcl/install/cpp01_tf_pcl/share/cpp01_tf_pcl/local_setup.dsv
[6.679s] -- Installing: /home/simpletime/Project/learn01_tf_pcl/install/cpp01_tf_pcl/share/cpp01_tf_pcl/package.dsv
[6.679s] -- Up-to-date: /home/simpletime/Project/learn01_tf_pcl/install/cpp01_tf_pcl/share/ament_index/resource_index/packages/cpp01_tf_pcl
[6.679s] -- Up-to-date: /home/simpletime/Project/learn01_tf_pcl/install/cpp01_tf_pcl/share/cpp01_tf_pcl/cmake/cpp01_tf_pclConfig.cmake
[6.679s] -- Up-to-date: /home/simpletime/Project/learn01_tf_pcl/install/cpp01_tf_pcl/share/cpp01_tf_pcl/cmake/cpp01_tf_pclConfig-version.cmake
[6.679s] -- Up-to-date: /home/simpletime/Project/learn01_tf_pcl/install/cpp01_tf_pcl/share/cpp01_tf_pcl/package.xml
[6.680s] Invoked command in '/home/simpletime/Project/learn01_tf_pcl/build/cpp01_tf_pcl' returned '0': CMAKE_PREFIX_PATH=${CMAKE_PREFIX_PATH}:/opt/ros/humble /usr/bin/cmake --install /home/simpletime/Project/learn01_tf_pcl/build/cpp01_tf_pcl
