[0.009s] Invoking command in '/home/simpletime/ws01_plumbing/build/base_interfaces_demo': CMAKE_PREFIX_PATH=${CMAKE_PREFIX_PATH}:/opt/ros/humble /usr/bin/cmake --build /home/simpletime/ws01_plumbing/build/base_interfaces_demo -- -j4 -l4
[0.034s] [33mCMake Warning (dev) at CMakeLists.txt:17:
[0.034s]   Syntax Warning in cmake code at column 20
[0.034s] 
[0.034s]   Argument not separated from preceding token by whitespace.
[0.034s] This warning is for project developers.  Use -Wno-dev to suppress it.
[0.034s] [0m
[0.038s] -- Found ament_cmake: 1.3.10 (/opt/ros/humble/share/ament_cmake/cmake)
[0.114s] -- Found rosidl_default_generators: 1.2.0 (/opt/ros/humble/share/rosidl_default_generators/cmake)
[0.115s] -- Using all available rosidl_typesupport_c: rosidl_typesupport_fastrtps_c;rosidl_typesupport_introspection_c
[0.117s] -- Found rosidl_adapter: 3.1.5 (/opt/ros/humble/share/rosidl_adapter/cmake)
[0.136s] -- Using all available rosidl_typesupport_cpp: rosidl_typesupport_fastrtps_cpp;rosidl_typesupport_introspection_cpp
[0.151s] [31mCMake Error at /opt/ros/humble/share/rosidl_cmake/cmake/rosidl_generate_interfaces.cmake:93 (message):
[0.151s]   rosidl_generate_interfaces() the passed file ',' doesn't exist relative to
[0.151s]   the CMAKE_CURRENT_SOURCE_DIR
[0.151s]   '/home/simpletime/ws01_plumbing/src/base_interfaces_demo'
[0.152s] Call Stack (most recent call first):
[0.152s]   CMakeLists.txt:16 (rosidl_generate_interfaces)
[0.152s] 
[0.152s] [0m
[0.152s] -- Configuring incomplete, errors occurred!
[0.152s] See also "/home/simpletime/ws01_plumbing/build/base_interfaces_demo/CMakeFiles/CMakeOutput.log".
[0.154s] gmake: *** [Makefile:747：cmake_check_build_system] 错误 1
[0.157s] Invoked command in '/home/simpletime/ws01_plumbing/build/base_interfaces_demo' returned '2': CMAKE_PREFIX_PATH=${CMAKE_PREFIX_PATH}:/opt/ros/humble /usr/bin/cmake --build /home/simpletime/ws01_plumbing/build/base_interfaces_demo -- -j4 -l4
