[0.132s] DEBUG:colcon:Command line arguments: ['/usr/bin/colcon', 'build']
[0.132s] DEBUG:colcon:Parsed command line arguments: Namespace(log_base=None, log_level=None, verb_name='build', build_base='build', install_base='install', merge_install=False, symlink_install=False, test_result_base=None, continue_on_error=False, executor='parallel', parallel_workers=32, event_handlers=None, ignore_user_meta=False, metas=['./colcon.meta'], base_paths=['.'], packages_ignore=None, packages_ignore_regex=None, paths=None, packages_up_to=None, packages_up_to_regex=None, packages_above=None, packages_above_and_dependencies=None, packages_above_depth=None, packages_select_by_dep=None, packages_skip_by_dep=None, packages_skip_up_to=None, packages_select_build_failed=False, packages_skip_build_finished=False, packages_select_test_failures=False, packages_skip_test_passed=False, packages_select=None, packages_skip=None, packages_select_regex=None, packages_skip_regex=None, packages_start=None, packages_end=None, allow_overriding=[], cmake_args=None, cmake_target=None, cmake_target_skip_unavailable=False, cmake_clean_cache=False, cmake_clean_first=False, cmake_force_configure=False, ament_cmake_args=None, catkin_cmake_args=None, catkin_skip_building_tests=False, verb_parser=<colcon_defaults.argument_parser.defaults.DefaultArgumentsDecorator object at 0x7f29e8a73c70>, verb_extension=<colcon_core.verb.build.BuildVerb object at 0x7f29e8a73790>, main=<bound method BuildVerb.main of <colcon_core.verb.build.BuildVerb object at 0x7f29e8a73790>>)
[0.250s] Level 1:colcon.colcon_core.package_discovery:discover_packages(colcon_meta) check parameters
[0.250s] Level 1:colcon.colcon_core.package_discovery:discover_packages(recursive) check parameters
[0.250s] Level 1:colcon.colcon_core.package_discovery:discover_packages(ignore) check parameters
[0.250s] Level 1:colcon.colcon_core.package_discovery:discover_packages(path) check parameters
[0.250s] Level 1:colcon.colcon_core.package_discovery:discover_packages(colcon_meta) discover
[0.250s] Level 1:colcon.colcon_core.package_discovery:discover_packages(recursive) discover
[0.250s] INFO:colcon.colcon_core.package_discovery:Crawling recursively for packages in '/home/simpletime/Project/learn02_pcl_spin'
[0.250s] Level 1:colcon.colcon_core.package_identification:_identify(.) by extensions ['ignore', 'ignore_ament_install']
[0.250s] Level 1:colcon.colcon_core.package_identification:_identify(.) by extension 'ignore'
[0.250s] Level 1:colcon.colcon_core.package_identification:_identify(.) by extension 'ignore_ament_install'
[0.250s] Level 1:colcon.colcon_core.package_identification:_identify(.) by extensions ['colcon_pkg']
[0.250s] Level 1:colcon.colcon_core.package_identification:_identify(.) by extension 'colcon_pkg'
[0.250s] Level 1:colcon.colcon_core.package_identification:_identify(.) by extensions ['colcon_meta']
[0.250s] Level 1:colcon.colcon_core.package_identification:_identify(.) by extension 'colcon_meta'
[0.250s] Level 1:colcon.colcon_core.package_identification:_identify(.) by extensions ['ros']
[0.250s] Level 1:colcon.colcon_core.package_identification:_identify(.) by extension 'ros'
[0.259s] Level 1:colcon.colcon_core.package_identification:_identify(.) by extensions ['cmake', 'python']
[0.259s] Level 1:colcon.colcon_core.package_identification:_identify(.) by extension 'cmake'
[0.259s] Level 1:colcon.colcon_core.package_identification:_identify(.) by extension 'python'
[0.259s] Level 1:colcon.colcon_core.package_identification:_identify(.) by extensions ['python_setup_py']
[0.259s] Level 1:colcon.colcon_core.package_identification:_identify(.) by extension 'python_setup_py'
[0.260s] Level 1:colcon.colcon_core.package_identification:_identify(build) by extensions ['ignore', 'ignore_ament_install']
[0.260s] Level 1:colcon.colcon_core.package_identification:_identify(build) by extension 'ignore'
[0.260s] Level 1:colcon.colcon_core.package_identification:_identify(build) ignored
[0.260s] Level 1:colcon.colcon_core.package_identification:_identify(install) by extensions ['ignore', 'ignore_ament_install']
[0.260s] Level 1:colcon.colcon_core.package_identification:_identify(install) by extension 'ignore'
[0.260s] Level 1:colcon.colcon_core.package_identification:_identify(install) ignored
[0.260s] Level 1:colcon.colcon_core.package_identification:_identify(log) by extensions ['ignore', 'ignore_ament_install']
[0.260s] Level 1:colcon.colcon_core.package_identification:_identify(log) by extension 'ignore'
[0.260s] Level 1:colcon.colcon_core.package_identification:_identify(log) ignored
[0.260s] Level 1:colcon.colcon_core.package_identification:_identify(source) by extensions ['ignore', 'ignore_ament_install']
[0.260s] Level 1:colcon.colcon_core.package_identification:_identify(source) by extension 'ignore'
[0.261s] Level 1:colcon.colcon_core.package_identification:_identify(source) by extension 'ignore_ament_install'
[0.261s] Level 1:colcon.colcon_core.package_identification:_identify(source) by extensions ['colcon_pkg']
[0.261s] Level 1:colcon.colcon_core.package_identification:_identify(source) by extension 'colcon_pkg'
[0.261s] Level 1:colcon.colcon_core.package_identification:_identify(source) by extensions ['colcon_meta']
[0.261s] Level 1:colcon.colcon_core.package_identification:_identify(source) by extension 'colcon_meta'
[0.261s] Level 1:colcon.colcon_core.package_identification:_identify(source) by extensions ['ros']
[0.261s] Level 1:colcon.colcon_core.package_identification:_identify(source) by extension 'ros'
[0.261s] Level 1:colcon.colcon_core.package_identification:_identify(source) by extensions ['cmake', 'python']
[0.261s] Level 1:colcon.colcon_core.package_identification:_identify(source) by extension 'cmake'
[0.261s] Level 1:colcon.colcon_core.package_identification:_identify(source) by extension 'python'
[0.261s] Level 1:colcon.colcon_core.package_identification:_identify(source) by extensions ['python_setup_py']
[0.261s] Level 1:colcon.colcon_core.package_identification:_identify(source) by extension 'python_setup_py'
[0.261s] Level 1:colcon.colcon_core.package_identification:_identify(src) by extensions ['ignore', 'ignore_ament_install']
[0.261s] Level 1:colcon.colcon_core.package_identification:_identify(src) by extension 'ignore'
[0.261s] Level 1:colcon.colcon_core.package_identification:_identify(src) by extension 'ignore_ament_install'
[0.261s] Level 1:colcon.colcon_core.package_identification:_identify(src) by extensions ['colcon_pkg']
[0.261s] Level 1:colcon.colcon_core.package_identification:_identify(src) by extension 'colcon_pkg'
[0.261s] Level 1:colcon.colcon_core.package_identification:_identify(src) by extensions ['colcon_meta']
[0.261s] Level 1:colcon.colcon_core.package_identification:_identify(src) by extension 'colcon_meta'
[0.261s] Level 1:colcon.colcon_core.package_identification:_identify(src) by extensions ['ros']
[0.261s] Level 1:colcon.colcon_core.package_identification:_identify(src) by extension 'ros'
[0.262s] Level 1:colcon.colcon_core.package_identification:_identify(src) by extensions ['cmake', 'python']
[0.262s] Level 1:colcon.colcon_core.package_identification:_identify(src) by extension 'cmake'
[0.262s] Level 1:colcon.colcon_core.package_identification:_identify(src) by extension 'python'
[0.262s] Level 1:colcon.colcon_core.package_identification:_identify(src) by extensions ['python_setup_py']
[0.262s] Level 1:colcon.colcon_core.package_identification:_identify(src) by extension 'python_setup_py'
[0.262s] Level 1:colcon.colcon_core.package_identification:_identify(src/cpp01_pcl_spin) by extensions ['ignore', 'ignore_ament_install']
[0.262s] Level 1:colcon.colcon_core.package_identification:_identify(src/cpp01_pcl_spin) by extension 'ignore'
[0.262s] Level 1:colcon.colcon_core.package_identification:_identify(src/cpp01_pcl_spin) by extension 'ignore_ament_install'
[0.262s] Level 1:colcon.colcon_core.package_identification:_identify(src/cpp01_pcl_spin) by extensions ['colcon_pkg']
[0.262s] Level 1:colcon.colcon_core.package_identification:_identify(src/cpp01_pcl_spin) by extension 'colcon_pkg'
[0.262s] Level 1:colcon.colcon_core.package_identification:_identify(src/cpp01_pcl_spin) by extensions ['colcon_meta']
[0.262s] Level 1:colcon.colcon_core.package_identification:_identify(src/cpp01_pcl_spin) by extension 'colcon_meta'
[0.262s] Level 1:colcon.colcon_core.package_identification:_identify(src/cpp01_pcl_spin) by extensions ['ros']
[0.262s] Level 1:colcon.colcon_core.package_identification:_identify(src/cpp01_pcl_spin) by extension 'ros'
[0.264s] DEBUG:colcon.colcon_core.package_identification:Package 'src/cpp01_pcl_spin' with type 'ros.ament_cmake' and name 'cpp01_pcl_spin'
[0.265s] Level 1:colcon.colcon_core.package_discovery:discover_packages(recursive) using defaults
[0.265s] Level 1:colcon.colcon_core.package_discovery:discover_packages(ignore) discover
[0.265s] Level 1:colcon.colcon_core.package_discovery:discover_packages(ignore) using defaults
[0.265s] Level 1:colcon.colcon_core.package_discovery:discover_packages(path) discover
[0.265s] Level 1:colcon.colcon_core.package_discovery:discover_packages(path) using defaults
[0.280s] Level 1:colcon.colcon_core.package_discovery:discover_packages(prefix_path) check parameters
[0.280s] Level 1:colcon.colcon_core.package_discovery:discover_packages(prefix_path) discover
[0.281s] DEBUG:colcon.colcon_installed_package_information.package_discovery:Found 1 installed packages in /home/simpletime/Project/learn02_pcl_spin/install
[0.282s] DEBUG:colcon.colcon_installed_package_information.package_discovery:Found 271 installed packages in /opt/ros/humble
[0.284s] Level 1:colcon.colcon_core.package_discovery:discover_packages(prefix_path) using defaults
[0.325s] Level 5:colcon.colcon_core.verb:set package 'cpp01_pcl_spin' build argument 'cmake_args' from command line to 'None'
[0.325s] Level 5:colcon.colcon_core.verb:set package 'cpp01_pcl_spin' build argument 'cmake_target' from command line to 'None'
[0.325s] Level 5:colcon.colcon_core.verb:set package 'cpp01_pcl_spin' build argument 'cmake_target_skip_unavailable' from command line to 'False'
[0.325s] Level 5:colcon.colcon_core.verb:set package 'cpp01_pcl_spin' build argument 'cmake_clean_cache' from command line to 'False'
[0.325s] Level 5:colcon.colcon_core.verb:set package 'cpp01_pcl_spin' build argument 'cmake_clean_first' from command line to 'False'
[0.325s] Level 5:colcon.colcon_core.verb:set package 'cpp01_pcl_spin' build argument 'cmake_force_configure' from command line to 'False'
[0.325s] Level 5:colcon.colcon_core.verb:set package 'cpp01_pcl_spin' build argument 'ament_cmake_args' from command line to 'None'
[0.325s] Level 5:colcon.colcon_core.verb:set package 'cpp01_pcl_spin' build argument 'catkin_cmake_args' from command line to 'None'
[0.325s] Level 5:colcon.colcon_core.verb:set package 'cpp01_pcl_spin' build argument 'catkin_skip_building_tests' from command line to 'False'
[0.325s] DEBUG:colcon.colcon_core.verb:Building package 'cpp01_pcl_spin' with the following arguments: {'ament_cmake_args': None, 'build_base': '/home/simpletime/Project/learn02_pcl_spin/build/cpp01_pcl_spin', 'catkin_cmake_args': None, 'catkin_skip_building_tests': False, 'cmake_args': None, 'cmake_clean_cache': False, 'cmake_clean_first': False, 'cmake_force_configure': False, 'cmake_target': None, 'cmake_target_skip_unavailable': False, 'install_base': '/home/simpletime/Project/learn02_pcl_spin/install/cpp01_pcl_spin', 'merge_install': False, 'path': '/home/simpletime/Project/learn02_pcl_spin/src/cpp01_pcl_spin', 'symlink_install': False, 'test_result_base': None}
[0.325s] INFO:colcon.colcon_core.executor:Executing jobs using 'parallel' executor
[0.326s] DEBUG:colcon.colcon_parallel_executor.executor.parallel:run_until_complete
[0.326s] INFO:colcon.colcon_ros.task.ament_cmake.build:Building ROS package in '/home/simpletime/Project/learn02_pcl_spin/src/cpp01_pcl_spin' with build type 'ament_cmake'
[0.327s] INFO:colcon.colcon_cmake.task.cmake.build:Building CMake package in '/home/simpletime/Project/learn02_pcl_spin/src/cpp01_pcl_spin'
[0.328s] INFO:colcon.colcon_core.plugin_system:Skipping extension 'colcon_core.shell.bat': Not used on non-Windows systems
[0.328s] INFO:colcon.colcon_core.shell:Skip shell extension 'powershell' for command environment: Not usable outside of PowerShell
[0.328s] DEBUG:colcon.colcon_core.shell:Skip shell extension 'dsv' for command environment
[0.338s] DEBUG:colcon.colcon_core.event_handler.log_command:Invoking command in '/home/simpletime/Project/learn02_pcl_spin/build/cpp01_pcl_spin': CMAKE_PREFIX_PATH=${CMAKE_PREFIX_PATH}:/opt/ros/humble /usr/bin/cmake --build /home/simpletime/Project/learn02_pcl_spin/build/cpp01_pcl_spin -- -j32 -l32
[6.617s] DEBUG:colcon.colcon_core.event_handler.log_command:Invoked command in '/home/simpletime/Project/learn02_pcl_spin/build/cpp01_pcl_spin' returned '0': CMAKE_PREFIX_PATH=${CMAKE_PREFIX_PATH}:/opt/ros/humble /usr/bin/cmake --build /home/simpletime/Project/learn02_pcl_spin/build/cpp01_pcl_spin -- -j32 -l32
[6.648s] DEBUG:colcon.colcon_core.event_handler.log_command:Invoking command in '/home/simpletime/Project/learn02_pcl_spin/build/cpp01_pcl_spin': CMAKE_PREFIX_PATH=${CMAKE_PREFIX_PATH}:/opt/ros/humble /usr/bin/cmake --install /home/simpletime/Project/learn02_pcl_spin/build/cpp01_pcl_spin
[6.658s] Level 1:colcon.colcon_core.environment:create_environment_scripts_only(cpp01_pcl_spin)
[6.659s] DEBUG:colcon.colcon_core.event_handler.log_command:Invoked command in '/home/simpletime/Project/learn02_pcl_spin/build/cpp01_pcl_spin' returned '0': CMAKE_PREFIX_PATH=${CMAKE_PREFIX_PATH}:/opt/ros/humble /usr/bin/cmake --install /home/simpletime/Project/learn02_pcl_spin/build/cpp01_pcl_spin
[6.661s] Level 1:colcon.colcon_core.environment:checking '/home/simpletime/Project/learn02_pcl_spin/install/cpp01_pcl_spin' for CMake module files
[6.661s] Level 1:colcon.colcon_core.environment:checking '/home/simpletime/Project/learn02_pcl_spin/install/cpp01_pcl_spin' for CMake config files
[6.661s] Level 1:colcon.colcon_core.shell:create_environment_hook('cpp01_pcl_spin', 'cmake_prefix_path')
[6.661s] INFO:colcon.colcon_core.shell:Creating environment hook '/home/simpletime/Project/learn02_pcl_spin/install/cpp01_pcl_spin/share/cpp01_pcl_spin/hook/cmake_prefix_path.ps1'
[6.662s] INFO:colcon.colcon_core.shell:Creating environment descriptor '/home/simpletime/Project/learn02_pcl_spin/install/cpp01_pcl_spin/share/cpp01_pcl_spin/hook/cmake_prefix_path.dsv'
[6.663s] INFO:colcon.colcon_core.shell:Creating environment hook '/home/simpletime/Project/learn02_pcl_spin/install/cpp01_pcl_spin/share/cpp01_pcl_spin/hook/cmake_prefix_path.sh'
[6.664s] Level 1:colcon.colcon_core.environment:checking '/home/simpletime/Project/learn02_pcl_spin/install/cpp01_pcl_spin/lib'
[6.664s] Level 1:colcon.colcon_core.environment:checking '/home/simpletime/Project/learn02_pcl_spin/install/cpp01_pcl_spin/bin'
[6.664s] Level 1:colcon.colcon_core.environment:checking '/home/simpletime/Project/learn02_pcl_spin/install/cpp01_pcl_spin/lib/pkgconfig/cpp01_pcl_spin.pc'
[6.664s] Level 1:colcon.colcon_core.environment:checking '/home/simpletime/Project/learn02_pcl_spin/install/cpp01_pcl_spin/lib/python3.10/site-packages'
[6.665s] Level 1:colcon.colcon_core.environment:checking '/home/simpletime/Project/learn02_pcl_spin/install/cpp01_pcl_spin/bin'
[6.665s] INFO:colcon.colcon_core.shell:Creating package script '/home/simpletime/Project/learn02_pcl_spin/install/cpp01_pcl_spin/share/cpp01_pcl_spin/package.ps1'
[6.666s] INFO:colcon.colcon_core.shell:Creating package descriptor '/home/simpletime/Project/learn02_pcl_spin/install/cpp01_pcl_spin/share/cpp01_pcl_spin/package.dsv'
[6.666s] INFO:colcon.colcon_core.shell:Creating package script '/home/simpletime/Project/learn02_pcl_spin/install/cpp01_pcl_spin/share/cpp01_pcl_spin/package.sh'
[6.667s] INFO:colcon.colcon_core.shell:Creating package script '/home/simpletime/Project/learn02_pcl_spin/install/cpp01_pcl_spin/share/cpp01_pcl_spin/package.bash'
[6.668s] INFO:colcon.colcon_core.shell:Creating package script '/home/simpletime/Project/learn02_pcl_spin/install/cpp01_pcl_spin/share/cpp01_pcl_spin/package.zsh'
[6.668s] Level 1:colcon.colcon_core.environment:create_file_with_runtime_dependencies(/home/simpletime/Project/learn02_pcl_spin/install/cpp01_pcl_spin/share/colcon-core/packages/cpp01_pcl_spin)
[6.692s] Level 1:colcon.colcon_core.environment:create_environment_scripts_only(cpp01_pcl_spin)
[6.692s] Level 1:colcon.colcon_core.environment:checking '/home/simpletime/Project/learn02_pcl_spin/install/cpp01_pcl_spin' for CMake module files
[6.692s] Level 1:colcon.colcon_core.environment:checking '/home/simpletime/Project/learn02_pcl_spin/install/cpp01_pcl_spin' for CMake config files
[6.692s] Level 1:colcon.colcon_core.shell:create_environment_hook('cpp01_pcl_spin', 'cmake_prefix_path')
[6.693s] INFO:colcon.colcon_core.shell:Creating environment hook '/home/simpletime/Project/learn02_pcl_spin/install/cpp01_pcl_spin/share/cpp01_pcl_spin/hook/cmake_prefix_path.ps1'
[6.693s] INFO:colcon.colcon_core.shell:Creating environment descriptor '/home/simpletime/Project/learn02_pcl_spin/install/cpp01_pcl_spin/share/cpp01_pcl_spin/hook/cmake_prefix_path.dsv'
[6.694s] INFO:colcon.colcon_core.shell:Creating environment hook '/home/simpletime/Project/learn02_pcl_spin/install/cpp01_pcl_spin/share/cpp01_pcl_spin/hook/cmake_prefix_path.sh'
[6.694s] Level 1:colcon.colcon_core.environment:checking '/home/simpletime/Project/learn02_pcl_spin/install/cpp01_pcl_spin/lib'
[6.694s] Level 1:colcon.colcon_core.environment:checking '/home/simpletime/Project/learn02_pcl_spin/install/cpp01_pcl_spin/bin'
[6.694s] Level 1:colcon.colcon_core.environment:checking '/home/simpletime/Project/learn02_pcl_spin/install/cpp01_pcl_spin/lib/pkgconfig/cpp01_pcl_spin.pc'
[6.695s] Level 1:colcon.colcon_core.environment:checking '/home/simpletime/Project/learn02_pcl_spin/install/cpp01_pcl_spin/lib/python3.10/site-packages'
[6.695s] Level 1:colcon.colcon_core.environment:checking '/home/simpletime/Project/learn02_pcl_spin/install/cpp01_pcl_spin/bin'
[6.695s] INFO:colcon.colcon_core.shell:Creating package script '/home/simpletime/Project/learn02_pcl_spin/install/cpp01_pcl_spin/share/cpp01_pcl_spin/package.ps1'
[6.696s] INFO:colcon.colcon_core.shell:Creating package descriptor '/home/simpletime/Project/learn02_pcl_spin/install/cpp01_pcl_spin/share/cpp01_pcl_spin/package.dsv'
[6.696s] INFO:colcon.colcon_core.shell:Creating package script '/home/simpletime/Project/learn02_pcl_spin/install/cpp01_pcl_spin/share/cpp01_pcl_spin/package.sh'
[6.697s] INFO:colcon.colcon_core.shell:Creating package script '/home/simpletime/Project/learn02_pcl_spin/install/cpp01_pcl_spin/share/cpp01_pcl_spin/package.bash'
[6.697s] INFO:colcon.colcon_core.shell:Creating package script '/home/simpletime/Project/learn02_pcl_spin/install/cpp01_pcl_spin/share/cpp01_pcl_spin/package.zsh'
[6.697s] Level 1:colcon.colcon_core.environment:create_file_with_runtime_dependencies(/home/simpletime/Project/learn02_pcl_spin/install/cpp01_pcl_spin/share/colcon-core/packages/cpp01_pcl_spin)
[6.698s] DEBUG:colcon.colcon_parallel_executor.executor.parallel:closing loop
[6.698s] DEBUG:colcon.colcon_parallel_executor.executor.parallel:loop closed
[6.698s] DEBUG:colcon.colcon_parallel_executor.executor.parallel:run_until_complete finished with '0'
[6.699s] DEBUG:colcon.colcon_core.event_reactor:joining thread
[6.738s] INFO:colcon.colcon_core.plugin_system:Skipping extension 'colcon_notification.desktop_notification.notify_send': Could not find 'notify-send'
[6.739s] INFO:colcon.colcon_core.plugin_system:Skipping extension 'colcon_notification.desktop_notification.terminal_notifier': Not used on non-Darwin systems
[6.739s] INFO:colcon.colcon_core.plugin_system:Skipping extension 'colcon_notification.desktop_notification.win32': Not used on non-Windows systems
[6.739s] INFO:colcon.colcon_notification.desktop_notification:Sending desktop notification using 'notify2'
[6.739s] DEBUG:colcon.colcon_notification.desktop_notification.notify2:Failed to initialize notify2: org.freedesktop.DBus.Error.FileNotFound: Failed to connect to socket /run/user/1000/bus: No such file or directory
[6.739s] DEBUG:colcon.colcon_core.event_reactor:joined thread
[6.739s] INFO:colcon.colcon_core.shell:Creating prefix script '/home/simpletime/Project/learn02_pcl_spin/install/local_setup.ps1'
[6.740s] INFO:colcon.colcon_core.shell:Creating prefix util module '/home/simpletime/Project/learn02_pcl_spin/install/_local_setup_util_ps1.py'
[6.742s] INFO:colcon.colcon_core.shell:Creating prefix chain script '/home/simpletime/Project/learn02_pcl_spin/install/setup.ps1'
[6.743s] INFO:colcon.colcon_core.shell:Creating prefix script '/home/simpletime/Project/learn02_pcl_spin/install/local_setup.sh'
[6.743s] INFO:colcon.colcon_core.shell:Creating prefix util module '/home/simpletime/Project/learn02_pcl_spin/install/_local_setup_util_sh.py'
[6.744s] INFO:colcon.colcon_core.shell:Creating prefix chain script '/home/simpletime/Project/learn02_pcl_spin/install/setup.sh'
[6.745s] INFO:colcon.colcon_core.shell:Creating prefix script '/home/simpletime/Project/learn02_pcl_spin/install/local_setup.bash'
[6.745s] INFO:colcon.colcon_core.shell:Creating prefix chain script '/home/simpletime/Project/learn02_pcl_spin/install/setup.bash'
[6.746s] INFO:colcon.colcon_core.shell:Creating prefix script '/home/simpletime/Project/learn02_pcl_spin/install/local_setup.zsh'
[6.747s] INFO:colcon.colcon_core.shell:Creating prefix chain script '/home/simpletime/Project/learn02_pcl_spin/install/setup.zsh'
