[0.011s] Invoking command in '/home/simpletime/exam/build/cpp_auto': CMAKE_PREFIX_PATH=/home/simpletime/exam/install/base_interface:/home/simpletime/exam/install/cpp_topic:/home/simpletime/exam/install/cpp_auto:/opt/ros/humble /usr/bin/cmake --build /home/simpletime/exam/build/cpp_auto -- -j4 -l4
[0.037s] -- Found ament_cmake: 1.3.10 (/opt/ros/humble/share/ament_cmake/cmake)
[0.156s] -- Found rclcpp: 16.0.10 (/opt/ros/humble/share/rclcpp/cmake)
[0.184s] -- Found rosidl_generator_c: 3.1.5 (/opt/ros/humble/share/rosidl_generator_c/cmake)
[0.186s] -- Found rosidl_adapter: 3.1.5 (/opt/ros/humble/share/rosidl_adapter/cmake)
[0.191s] -- Found rosidl_generator_cpp: 3.1.5 (/opt/ros/humble/share/rosidl_generator_cpp/cmake)
[0.201s] -- Using all available rosidl_typesupport_c: rosidl_typesupport_fastrtps_c;rosidl_typesupport_introspection_c
[0.213s] -- Using all available rosidl_typesupport_cpp: rosidl_typesupport_fastrtps_cpp;rosidl_typesupport_introspection_cpp
[0.243s] -- Found rmw_implementation_cmake: 6.1.2 (/opt/ros/humble/share/rmw_implementation_cmake/cmake)
[0.245s] -- Found rmw_fastrtps_cpp: 6.2.7 (/opt/ros/humble/share/rmw_fastrtps_cpp/cmake)
[0.335s] -- Using RMW implementation 'rmw_fastrtps_cpp' as default
[0.369s] -- Found base_interface: 0.0.0 (/home/simpletime/exam/install/base_interface/share/base_interface/cmake)
[0.376s] [31mCMake Error at CMakeLists.txt:17 (ament_auto_add_executable):
[0.376s]   Unknown CMake command "ament_auto_add_executable".
[0.376s] 
[0.376s] [0m
[0.376s] -- Configuring incomplete, errors occurred!
[0.376s] See also "/home/simpletime/exam/build/cpp_auto/CMakeFiles/CMakeOutput.log".
[0.384s] gmake: *** [Makefile:267：cmake_check_build_system] 错误 1
[0.385s] Invoked command in '/home/simpletime/exam/build/cpp_auto' returned '2': CMAKE_PREFIX_PATH=/home/simpletime/exam/install/base_interface:/home/simpletime/exam/install/cpp_topic:/home/simpletime/exam/install/cpp_auto:/opt/ros/humble /usr/bin/cmake --build /home/simpletime/exam/build/cpp_auto -- -j4 -l4
