[0.338s] DEBUG:colcon:Command line arguments: ['/usr/bin/colcon', 'build']
[0.338s] DEBUG:colcon:Parsed command line arguments: Namespace(log_base=None, log_level=None, verb_name='build', build_base='build', install_base='install', merge_install=False, symlink_install=False, test_result_base=None, continue_on_error=False, executor='parallel', parallel_workers=32, event_handlers=None, ignore_user_meta=False, metas=['./colcon.meta'], base_paths=['.'], packages_ignore=None, packages_ignore_regex=None, paths=None, packages_up_to=None, packages_up_to_regex=None, packages_above=None, packages_above_and_dependencies=None, packages_above_depth=None, packages_select_by_dep=None, packages_skip_by_dep=None, packages_skip_up_to=None, packages_select_build_failed=False, packages_skip_build_finished=False, packages_select_test_failures=False, packages_skip_test_passed=False, packages_select=None, packages_skip=None, packages_select_regex=None, packages_skip_regex=None, packages_start=None, packages_end=None, allow_overriding=[], cmake_args=None, cmake_target=None, cmake_target_skip_unavailable=False, cmake_clean_cache=False, cmake_clean_first=False, cmake_force_configure=False, ament_cmake_args=None, catkin_cmake_args=None, catkin_skip_building_tests=False, verb_parser=<colcon_defaults.argument_parser.defaults.DefaultArgumentsDecorator object at 0x7f41006bbc70>, verb_extension=<colcon_core.verb.build.BuildVerb object at 0x7f41006bb790>, main=<bound method BuildVerb.main of <colcon_core.verb.build.BuildVerb object at 0x7f41006bb790>>)
[0.566s] Level 1:colcon.colcon_core.package_discovery:discover_packages(colcon_meta) check parameters
[0.566s] Level 1:colcon.colcon_core.package_discovery:discover_packages(recursive) check parameters
[0.566s] Level 1:colcon.colcon_core.package_discovery:discover_packages(ignore) check parameters
[0.566s] Level 1:colcon.colcon_core.package_discovery:discover_packages(path) check parameters
[0.566s] Level 1:colcon.colcon_core.package_discovery:discover_packages(colcon_meta) discover
[0.566s] Level 1:colcon.colcon_core.package_discovery:discover_packages(recursive) discover
[0.566s] INFO:colcon.colcon_core.package_discovery:Crawling recursively for packages in '/home/simpletime/Project/learn01_tf_pcl'
[0.566s] Level 1:colcon.colcon_core.package_identification:_identify(.) by extensions ['ignore', 'ignore_ament_install']
[0.566s] Level 1:colcon.colcon_core.package_identification:_identify(.) by extension 'ignore'
[0.566s] Level 1:colcon.colcon_core.package_identification:_identify(.) by extension 'ignore_ament_install'
[0.566s] Level 1:colcon.colcon_core.package_identification:_identify(.) by extensions ['colcon_pkg']
[0.566s] Level 1:colcon.colcon_core.package_identification:_identify(.) by extension 'colcon_pkg'
[0.566s] Level 1:colcon.colcon_core.package_identification:_identify(.) by extensions ['colcon_meta']
[0.566s] Level 1:colcon.colcon_core.package_identification:_identify(.) by extension 'colcon_meta'
[0.566s] Level 1:colcon.colcon_core.package_identification:_identify(.) by extensions ['ros']
[0.566s] Level 1:colcon.colcon_core.package_identification:_identify(.) by extension 'ros'
[0.579s] Level 1:colcon.colcon_core.package_identification:_identify(.) by extensions ['cmake', 'python']
[0.579s] Level 1:colcon.colcon_core.package_identification:_identify(.) by extension 'cmake'
[0.579s] Level 1:colcon.colcon_core.package_identification:_identify(.) by extension 'python'
[0.579s] Level 1:colcon.colcon_core.package_identification:_identify(.) by extensions ['python_setup_py']
[0.579s] Level 1:colcon.colcon_core.package_identification:_identify(.) by extension 'python_setup_py'
[0.579s] Level 1:colcon.colcon_core.package_identification:_identify(build) by extensions ['ignore', 'ignore_ament_install']
[0.579s] Level 1:colcon.colcon_core.package_identification:_identify(build) by extension 'ignore'
[0.579s] Level 1:colcon.colcon_core.package_identification:_identify(build) ignored
[0.579s] Level 1:colcon.colcon_core.package_identification:_identify(install) by extensions ['ignore', 'ignore_ament_install']
[0.579s] Level 1:colcon.colcon_core.package_identification:_identify(install) by extension 'ignore'
[0.580s] Level 1:colcon.colcon_core.package_identification:_identify(install) ignored
[0.580s] Level 1:colcon.colcon_core.package_identification:_identify(log) by extensions ['ignore', 'ignore_ament_install']
[0.580s] Level 1:colcon.colcon_core.package_identification:_identify(log) by extension 'ignore'
[0.580s] Level 1:colcon.colcon_core.package_identification:_identify(log) ignored
[0.580s] Level 1:colcon.colcon_core.package_identification:_identify(source) by extensions ['ignore', 'ignore_ament_install']
[0.580s] Level 1:colcon.colcon_core.package_identification:_identify(source) by extension 'ignore'
[0.580s] Level 1:colcon.colcon_core.package_identification:_identify(source) by extension 'ignore_ament_install'
[0.580s] Level 1:colcon.colcon_core.package_identification:_identify(source) by extensions ['colcon_pkg']
[0.580s] Level 1:colcon.colcon_core.package_identification:_identify(source) by extension 'colcon_pkg'
[0.580s] Level 1:colcon.colcon_core.package_identification:_identify(source) by extensions ['colcon_meta']
[0.580s] Level 1:colcon.colcon_core.package_identification:_identify(source) by extension 'colcon_meta'
[0.580s] Level 1:colcon.colcon_core.package_identification:_identify(source) by extensions ['ros']
[0.580s] Level 1:colcon.colcon_core.package_identification:_identify(source) by extension 'ros'
[0.580s] Level 1:colcon.colcon_core.package_identification:_identify(source) by extensions ['cmake', 'python']
[0.580s] Level 1:colcon.colcon_core.package_identification:_identify(source) by extension 'cmake'
[0.580s] Level 1:colcon.colcon_core.package_identification:_identify(source) by extension 'python'
[0.580s] Level 1:colcon.colcon_core.package_identification:_identify(source) by extensions ['python_setup_py']
[0.580s] Level 1:colcon.colcon_core.package_identification:_identify(source) by extension 'python_setup_py'
[0.581s] Level 1:colcon.colcon_core.package_identification:_identify(src) by extensions ['ignore', 'ignore_ament_install']
[0.581s] Level 1:colcon.colcon_core.package_identification:_identify(src) by extension 'ignore'
[0.581s] Level 1:colcon.colcon_core.package_identification:_identify(src) by extension 'ignore_ament_install'
[0.581s] Level 1:colcon.colcon_core.package_identification:_identify(src) by extensions ['colcon_pkg']
[0.581s] Level 1:colcon.colcon_core.package_identification:_identify(src) by extension 'colcon_pkg'
[0.581s] Level 1:colcon.colcon_core.package_identification:_identify(src) by extensions ['colcon_meta']
[0.581s] Level 1:colcon.colcon_core.package_identification:_identify(src) by extension 'colcon_meta'
[0.581s] Level 1:colcon.colcon_core.package_identification:_identify(src) by extensions ['ros']
[0.581s] Level 1:colcon.colcon_core.package_identification:_identify(src) by extension 'ros'
[0.581s] Level 1:colcon.colcon_core.package_identification:_identify(src) by extensions ['cmake', 'python']
[0.581s] Level 1:colcon.colcon_core.package_identification:_identify(src) by extension 'cmake'
[0.581s] Level 1:colcon.colcon_core.package_identification:_identify(src) by extension 'python'
[0.581s] Level 1:colcon.colcon_core.package_identification:_identify(src) by extensions ['python_setup_py']
[0.581s] Level 1:colcon.colcon_core.package_identification:_identify(src) by extension 'python_setup_py'
[0.581s] Level 1:colcon.colcon_core.package_identification:_identify(src/cpp01_tf_pcl) by extensions ['ignore', 'ignore_ament_install']
[0.581s] Level 1:colcon.colcon_core.package_identification:_identify(src/cpp01_tf_pcl) by extension 'ignore'
[0.581s] Level 1:colcon.colcon_core.package_identification:_identify(src/cpp01_tf_pcl) by extension 'ignore_ament_install'
[0.581s] Level 1:colcon.colcon_core.package_identification:_identify(src/cpp01_tf_pcl) by extensions ['colcon_pkg']
[0.581s] Level 1:colcon.colcon_core.package_identification:_identify(src/cpp01_tf_pcl) by extension 'colcon_pkg'
[0.581s] Level 1:colcon.colcon_core.package_identification:_identify(src/cpp01_tf_pcl) by extensions ['colcon_meta']
[0.581s] Level 1:colcon.colcon_core.package_identification:_identify(src/cpp01_tf_pcl) by extension 'colcon_meta'
[0.581s] Level 1:colcon.colcon_core.package_identification:_identify(src/cpp01_tf_pcl) by extensions ['ros']
[0.581s] Level 1:colcon.colcon_core.package_identification:_identify(src/cpp01_tf_pcl) by extension 'ros'
[0.585s] DEBUG:colcon.colcon_core.package_identification:Package 'src/cpp01_tf_pcl' with type 'ros.ament_cmake' and name 'cpp01_tf_pcl'
[0.585s] Level 1:colcon.colcon_core.package_discovery:discover_packages(recursive) using defaults
[0.585s] Level 1:colcon.colcon_core.package_discovery:discover_packages(ignore) discover
[0.585s] Level 1:colcon.colcon_core.package_discovery:discover_packages(ignore) using defaults
[0.585s] Level 1:colcon.colcon_core.package_discovery:discover_packages(path) discover
[0.585s] Level 1:colcon.colcon_core.package_discovery:discover_packages(path) using defaults
[0.612s] Level 1:colcon.colcon_core.package_discovery:discover_packages(prefix_path) check parameters
[0.612s] Level 1:colcon.colcon_core.package_discovery:discover_packages(prefix_path) discover
[0.616s] DEBUG:colcon.colcon_installed_package_information.package_discovery:Found 1 installed packages in /home/simpletime/Project/learn01_tf_pcl/install
[0.620s] DEBUG:colcon.colcon_installed_package_information.package_discovery:Found 271 installed packages in /opt/ros/humble
[0.621s] Level 1:colcon.colcon_core.package_discovery:discover_packages(prefix_path) using defaults
[0.718s] Level 5:colcon.colcon_core.verb:set package 'cpp01_tf_pcl' build argument 'cmake_args' from command line to 'None'
[0.718s] Level 5:colcon.colcon_core.verb:set package 'cpp01_tf_pcl' build argument 'cmake_target' from command line to 'None'
[0.718s] Level 5:colcon.colcon_core.verb:set package 'cpp01_tf_pcl' build argument 'cmake_target_skip_unavailable' from command line to 'False'
[0.718s] Level 5:colcon.colcon_core.verb:set package 'cpp01_tf_pcl' build argument 'cmake_clean_cache' from command line to 'False'
[0.718s] Level 5:colcon.colcon_core.verb:set package 'cpp01_tf_pcl' build argument 'cmake_clean_first' from command line to 'False'
[0.718s] Level 5:colcon.colcon_core.verb:set package 'cpp01_tf_pcl' build argument 'cmake_force_configure' from command line to 'False'
[0.718s] Level 5:colcon.colcon_core.verb:set package 'cpp01_tf_pcl' build argument 'ament_cmake_args' from command line to 'None'
[0.718s] Level 5:colcon.colcon_core.verb:set package 'cpp01_tf_pcl' build argument 'catkin_cmake_args' from command line to 'None'
[0.718s] Level 5:colcon.colcon_core.verb:set package 'cpp01_tf_pcl' build argument 'catkin_skip_building_tests' from command line to 'False'
[0.718s] DEBUG:colcon.colcon_core.verb:Building package 'cpp01_tf_pcl' with the following arguments: {'ament_cmake_args': None, 'build_base': '/home/simpletime/Project/learn01_tf_pcl/build/cpp01_tf_pcl', 'catkin_cmake_args': None, 'catkin_skip_building_tests': False, 'cmake_args': None, 'cmake_clean_cache': False, 'cmake_clean_first': False, 'cmake_force_configure': False, 'cmake_target': None, 'cmake_target_skip_unavailable': False, 'install_base': '/home/simpletime/Project/learn01_tf_pcl/install/cpp01_tf_pcl', 'merge_install': False, 'path': '/home/simpletime/Project/learn01_tf_pcl/src/cpp01_tf_pcl', 'symlink_install': False, 'test_result_base': None}
[0.718s] INFO:colcon.colcon_core.executor:Executing jobs using 'parallel' executor
[0.719s] DEBUG:colcon.colcon_parallel_executor.executor.parallel:run_until_complete
[0.720s] INFO:colcon.colcon_ros.task.ament_cmake.build:Building ROS package in '/home/simpletime/Project/learn01_tf_pcl/src/cpp01_tf_pcl' with build type 'ament_cmake'
[0.720s] INFO:colcon.colcon_cmake.task.cmake.build:Building CMake package in '/home/simpletime/Project/learn01_tf_pcl/src/cpp01_tf_pcl'
[0.726s] INFO:colcon.colcon_core.plugin_system:Skipping extension 'colcon_core.shell.bat': Not used on non-Windows systems
[0.726s] INFO:colcon.colcon_core.shell:Skip shell extension 'powershell' for command environment: Not usable outside of PowerShell
[0.726s] DEBUG:colcon.colcon_core.shell:Skip shell extension 'dsv' for command environment
[0.738s] DEBUG:colcon.colcon_core.event_handler.log_command:Invoking command in '/home/simpletime/Project/learn01_tf_pcl/build/cpp01_tf_pcl': CMAKE_PREFIX_PATH=${CMAKE_PREFIX_PATH}:/opt/ros/humble /usr/bin/cmake --build /home/simpletime/Project/learn01_tf_pcl/build/cpp01_tf_pcl -- -j32 -l32
[7.342s] DEBUG:colcon.colcon_core.event_handler.log_command:Invoked command in '/home/simpletime/Project/learn01_tf_pcl/build/cpp01_tf_pcl' returned '0': CMAKE_PREFIX_PATH=${CMAKE_PREFIX_PATH}:/opt/ros/humble /usr/bin/cmake --build /home/simpletime/Project/learn01_tf_pcl/build/cpp01_tf_pcl -- -j32 -l32
[7.368s] DEBUG:colcon.colcon_core.event_handler.log_command:Invoking command in '/home/simpletime/Project/learn01_tf_pcl/build/cpp01_tf_pcl': CMAKE_PREFIX_PATH=${CMAKE_PREFIX_PATH}:/opt/ros/humble /usr/bin/cmake --install /home/simpletime/Project/learn01_tf_pcl/build/cpp01_tf_pcl
[7.382s] Level 1:colcon.colcon_core.environment:create_environment_scripts_only(cpp01_tf_pcl)
[7.382s] DEBUG:colcon.colcon_core.event_handler.log_command:Invoked command in '/home/simpletime/Project/learn01_tf_pcl/build/cpp01_tf_pcl' returned '0': CMAKE_PREFIX_PATH=${CMAKE_PREFIX_PATH}:/opt/ros/humble /usr/bin/cmake --install /home/simpletime/Project/learn01_tf_pcl/build/cpp01_tf_pcl
[7.388s] Level 1:colcon.colcon_core.environment:checking '/home/simpletime/Project/learn01_tf_pcl/install/cpp01_tf_pcl' for CMake module files
[7.389s] Level 1:colcon.colcon_core.environment:checking '/home/simpletime/Project/learn01_tf_pcl/install/cpp01_tf_pcl' for CMake config files
[7.389s] Level 1:colcon.colcon_core.shell:create_environment_hook('cpp01_tf_pcl', 'cmake_prefix_path')
[7.389s] INFO:colcon.colcon_core.shell:Creating environment hook '/home/simpletime/Project/learn01_tf_pcl/install/cpp01_tf_pcl/share/cpp01_tf_pcl/hook/cmake_prefix_path.ps1'
[7.390s] INFO:colcon.colcon_core.shell:Creating environment descriptor '/home/simpletime/Project/learn01_tf_pcl/install/cpp01_tf_pcl/share/cpp01_tf_pcl/hook/cmake_prefix_path.dsv'
[7.391s] INFO:colcon.colcon_core.shell:Creating environment hook '/home/simpletime/Project/learn01_tf_pcl/install/cpp01_tf_pcl/share/cpp01_tf_pcl/hook/cmake_prefix_path.sh'
[7.392s] Level 1:colcon.colcon_core.environment:checking '/home/simpletime/Project/learn01_tf_pcl/install/cpp01_tf_pcl/lib'
[7.392s] Level 1:colcon.colcon_core.environment:checking '/home/simpletime/Project/learn01_tf_pcl/install/cpp01_tf_pcl/bin'
[7.392s] Level 1:colcon.colcon_core.environment:checking '/home/simpletime/Project/learn01_tf_pcl/install/cpp01_tf_pcl/lib/pkgconfig/cpp01_tf_pcl.pc'
[7.392s] Level 1:colcon.colcon_core.environment:checking '/home/simpletime/Project/learn01_tf_pcl/install/cpp01_tf_pcl/lib/python3.10/site-packages'
[7.392s] Level 1:colcon.colcon_core.environment:checking '/home/simpletime/Project/learn01_tf_pcl/install/cpp01_tf_pcl/bin'
[7.393s] INFO:colcon.colcon_core.shell:Creating package script '/home/simpletime/Project/learn01_tf_pcl/install/cpp01_tf_pcl/share/cpp01_tf_pcl/package.ps1'
[7.393s] INFO:colcon.colcon_core.shell:Creating package descriptor '/home/simpletime/Project/learn01_tf_pcl/install/cpp01_tf_pcl/share/cpp01_tf_pcl/package.dsv'
[7.394s] INFO:colcon.colcon_core.shell:Creating package script '/home/simpletime/Project/learn01_tf_pcl/install/cpp01_tf_pcl/share/cpp01_tf_pcl/package.sh'
[7.395s] INFO:colcon.colcon_core.shell:Creating package script '/home/simpletime/Project/learn01_tf_pcl/install/cpp01_tf_pcl/share/cpp01_tf_pcl/package.bash'
[7.396s] INFO:colcon.colcon_core.shell:Creating package script '/home/simpletime/Project/learn01_tf_pcl/install/cpp01_tf_pcl/share/cpp01_tf_pcl/package.zsh'
[7.397s] Level 1:colcon.colcon_core.environment:create_file_with_runtime_dependencies(/home/simpletime/Project/learn01_tf_pcl/install/cpp01_tf_pcl/share/colcon-core/packages/cpp01_tf_pcl)
[7.417s] Level 1:colcon.colcon_core.environment:create_environment_scripts_only(cpp01_tf_pcl)
[7.418s] Level 1:colcon.colcon_core.environment:checking '/home/simpletime/Project/learn01_tf_pcl/install/cpp01_tf_pcl' for CMake module files
[7.418s] Level 1:colcon.colcon_core.environment:checking '/home/simpletime/Project/learn01_tf_pcl/install/cpp01_tf_pcl' for CMake config files
[7.418s] Level 1:colcon.colcon_core.shell:create_environment_hook('cpp01_tf_pcl', 'cmake_prefix_path')
[7.418s] INFO:colcon.colcon_core.shell:Creating environment hook '/home/simpletime/Project/learn01_tf_pcl/install/cpp01_tf_pcl/share/cpp01_tf_pcl/hook/cmake_prefix_path.ps1'
[7.419s] INFO:colcon.colcon_core.shell:Creating environment descriptor '/home/simpletime/Project/learn01_tf_pcl/install/cpp01_tf_pcl/share/cpp01_tf_pcl/hook/cmake_prefix_path.dsv'
[7.419s] INFO:colcon.colcon_core.shell:Creating environment hook '/home/simpletime/Project/learn01_tf_pcl/install/cpp01_tf_pcl/share/cpp01_tf_pcl/hook/cmake_prefix_path.sh'
[7.419s] Level 1:colcon.colcon_core.environment:checking '/home/simpletime/Project/learn01_tf_pcl/install/cpp01_tf_pcl/lib'
[7.419s] Level 1:colcon.colcon_core.environment:checking '/home/simpletime/Project/learn01_tf_pcl/install/cpp01_tf_pcl/bin'
[7.420s] Level 1:colcon.colcon_core.environment:checking '/home/simpletime/Project/learn01_tf_pcl/install/cpp01_tf_pcl/lib/pkgconfig/cpp01_tf_pcl.pc'
[7.420s] Level 1:colcon.colcon_core.environment:checking '/home/simpletime/Project/learn01_tf_pcl/install/cpp01_tf_pcl/lib/python3.10/site-packages'
[7.420s] Level 1:colcon.colcon_core.environment:checking '/home/simpletime/Project/learn01_tf_pcl/install/cpp01_tf_pcl/bin'
[7.420s] INFO:colcon.colcon_core.shell:Creating package script '/home/simpletime/Project/learn01_tf_pcl/install/cpp01_tf_pcl/share/cpp01_tf_pcl/package.ps1'
[7.421s] INFO:colcon.colcon_core.shell:Creating package descriptor '/home/simpletime/Project/learn01_tf_pcl/install/cpp01_tf_pcl/share/cpp01_tf_pcl/package.dsv'
[7.421s] INFO:colcon.colcon_core.shell:Creating package script '/home/simpletime/Project/learn01_tf_pcl/install/cpp01_tf_pcl/share/cpp01_tf_pcl/package.sh'
[7.421s] INFO:colcon.colcon_core.shell:Creating package script '/home/simpletime/Project/learn01_tf_pcl/install/cpp01_tf_pcl/share/cpp01_tf_pcl/package.bash'
[7.422s] INFO:colcon.colcon_core.shell:Creating package script '/home/simpletime/Project/learn01_tf_pcl/install/cpp01_tf_pcl/share/cpp01_tf_pcl/package.zsh'
[7.422s] Level 1:colcon.colcon_core.environment:create_file_with_runtime_dependencies(/home/simpletime/Project/learn01_tf_pcl/install/cpp01_tf_pcl/share/colcon-core/packages/cpp01_tf_pcl)
[7.422s] DEBUG:colcon.colcon_parallel_executor.executor.parallel:closing loop
[7.423s] DEBUG:colcon.colcon_parallel_executor.executor.parallel:loop closed
[7.423s] DEBUG:colcon.colcon_parallel_executor.executor.parallel:run_until_complete finished with '0'
[7.423s] DEBUG:colcon.colcon_core.event_reactor:joining thread
[7.459s] INFO:colcon.colcon_core.plugin_system:Skipping extension 'colcon_notification.desktop_notification.notify_send': Could not find 'notify-send'
[7.459s] INFO:colcon.colcon_core.plugin_system:Skipping extension 'colcon_notification.desktop_notification.terminal_notifier': Not used on non-Darwin systems
[7.459s] INFO:colcon.colcon_core.plugin_system:Skipping extension 'colcon_notification.desktop_notification.win32': Not used on non-Windows systems
[7.459s] INFO:colcon.colcon_notification.desktop_notification:Sending desktop notification using 'notify2'
[7.485s] DEBUG:colcon.colcon_notification.desktop_notification.notify2:Failed to initialize notify2: org.freedesktop.DBus.Error.ServiceUnknown: The name org.freedesktop.Notifications was not provided by any .service files
[7.485s] DEBUG:colcon.colcon_core.event_reactor:joined thread
[7.485s] INFO:colcon.colcon_core.shell:Creating prefix script '/home/simpletime/Project/learn01_tf_pcl/install/local_setup.ps1'
[7.487s] INFO:colcon.colcon_core.shell:Creating prefix util module '/home/simpletime/Project/learn01_tf_pcl/install/_local_setup_util_ps1.py'
[7.489s] INFO:colcon.colcon_core.shell:Creating prefix chain script '/home/simpletime/Project/learn01_tf_pcl/install/setup.ps1'
[7.490s] INFO:colcon.colcon_core.shell:Creating prefix script '/home/simpletime/Project/learn01_tf_pcl/install/local_setup.sh'
[7.491s] INFO:colcon.colcon_core.shell:Creating prefix util module '/home/simpletime/Project/learn01_tf_pcl/install/_local_setup_util_sh.py'
[7.491s] INFO:colcon.colcon_core.shell:Creating prefix chain script '/home/simpletime/Project/learn01_tf_pcl/install/setup.sh'
[7.492s] INFO:colcon.colcon_core.shell:Creating prefix script '/home/simpletime/Project/learn01_tf_pcl/install/local_setup.bash'
[7.493s] INFO:colcon.colcon_core.shell:Creating prefix chain script '/home/simpletime/Project/learn01_tf_pcl/install/setup.bash'
[7.493s] INFO:colcon.colcon_core.shell:Creating prefix script '/home/simpletime/Project/learn01_tf_pcl/install/local_setup.zsh'
[7.494s] INFO:colcon.colcon_core.shell:Creating prefix chain script '/home/simpletime/Project/learn01_tf_pcl/install/setup.zsh'
