[35m[1mConsolidate compiler generated dependencies of target company_a[0m
[ 33%] Built target company_c
[ 66%] Built target company_b
[ 83%] [32mBuilding CXX object CMakeFiles/company_a.dir/src/company_a.cpp.o[0m
[01m[K/home/simpletime/project01_book/src/company/src/company_a.cpp:[m[K In member function ‘[01m[Kvoid Listener::do_cb(base_interfaces::msg::Booksupply)[m[K’:
[01m[K/home/simpletime/project01_book/src/company/src/company_a.cpp:45:45:[m[K [01;35m[Kwarning: [m[KNULL used in arithmetic [[01;35m[K]8;;https://gcc.gnu.org/onlinedocs/gcc/Warning-Options.html#index-Wpointer-arith-Wpointer-arith]8;;[m[K]
   45 |         if(booksupplyb.book_supply_price != [01;35m[KNULL[m[K && booksupplyc.book_supply_price != NULL){
      |                                             [01;35m[K^~~~[m[K
[01m[K/home/simpletime/project01_book/src/company/src/company_a.cpp:45:86:[m[K [01;35m[Kwarning: [m[KNULL used in arithmetic [[01;35m[K]8;;https://gcc.gnu.org/onlinedocs/gcc/Warning-Options.html#index-Wpointer-arith-Wpointer-arith]8;;[m[K]
   45 | ook_supply_price != NULL && booksupplyc.book_supply_price != [01;35m[KNULL[m[K){
      |                                                              [01;35m[K^~~~[m[K

[100%] [32m[1mLinking CXX executable company_a[0m
[100%] Built target company_a
-- Install configuration: ""
-- Installing: /home/simpletime/project01_book/install/company/lib/company/company_a
-- Set runtime path of "/home/simpletime/project01_book/install/company/lib/company/company_a" to ""
-- Up-to-date: /home/simpletime/project01_book/install/company/lib/company/company_b
-- Up-to-date: /home/simpletime/project01_book/install/company/lib/company/company_c
-- Up-to-date: /home/simpletime/project01_book/install/company/share/ament_index/resource_index/package_run_dependencies/company
-- Up-to-date: /home/simpletime/project01_book/install/company/share/ament_index/resource_index/parent_prefix_path/company
-- Up-to-date: /home/simpletime/project01_book/install/company/share/company/environment/ament_prefix_path.sh
-- Up-to-date: /home/simpletime/project01_book/install/company/share/company/environment/ament_prefix_path.dsv
-- Up-to-date: /home/simpletime/project01_book/install/company/share/company/environment/path.sh
-- Up-to-date: /home/simpletime/project01_book/install/company/share/company/environment/path.dsv
-- Up-to-date: /home/simpletime/project01_book/install/company/share/company/local_setup.bash
-- Up-to-date: /home/simpletime/project01_book/install/company/share/company/local_setup.sh
-- Up-to-date: /home/simpletime/project01_book/install/company/share/company/local_setup.zsh
-- Up-to-date: /home/simpletime/project01_book/install/company/share/company/local_setup.dsv
-- Installing: /home/simpletime/project01_book/install/company/share/company/package.dsv
-- Up-to-date: /home/simpletime/project01_book/install/company/share/ament_index/resource_index/packages/company
-- Up-to-date: /home/simpletime/project01_book/install/company/share/company/cmake/companyConfig.cmake
-- Up-to-date: /home/simpletime/project01_book/install/company/share/company/cmake/companyConfig-version.cmake
-- Up-to-date: /home/simpletime/project01_book/install/company/share/company/package.xml
