[0.009s] Invoking command in '/home/simpletime/project01_book/build/company': CMAKE_PREFIX_PATH=/home/simpletime/project01_book/install/base_interfaces:/home/simpletime/project01_book/install/company:/opt/ros/humble /usr/bin/cmake --build /home/simpletime/project01_book/build/company -- -j4 -l4
[0.048s] [35m[1mConsolidate compiler generated dependencies of target company_a[0m
[0.059s] [ 33%] Built target company_c
[0.061s] [ 66%] Built target company_b
[0.065s] [ 83%] [32mBuilding CXX object CMakeFiles/company_a.dir/src/company_a.cpp.o[0m
[1.702s] [01m[K/home/simpletime/project01_book/src/company/src/company_a.cpp:[m[K In member function ‘[01m[Kvoid Listener::do_cb(base_interfaces::msg::Booksupply)[m[K’:
[1.702s] [01m[K/home/simpletime/project01_book/src/company/src/company_a.cpp:45:45:[m[K [01;35m[Kwarning: [m[KNULL used in arithmetic [[01;35m[K]8;;https://gcc.gnu.org/onlinedocs/gcc/Warning-Options.html#index-Wpointer-arith-Wpointer-arith]8;;[m[K]
[1.702s]    45 |         if(booksupplyb.book_supply_price != [01;35m[KNULL[m[K && booksupplyc.book_supply_price != NULL){
[1.702s]       |                                             [01;35m[K^~~~[m[K
[1.702s] [01m[K/home/simpletime/project01_book/src/company/src/company_a.cpp:45:86:[m[K [01;35m[Kwarning: [m[KNULL used in arithmetic [[01;35m[K]8;;https://gcc.gnu.org/onlinedocs/gcc/Warning-Options.html#index-Wpointer-arith-Wpointer-arith]8;;[m[K]
[1.702s]    45 | ook_supply_price != NULL && booksupplyc.book_supply_price != [01;35m[KNULL[m[K){
[1.702s]       |                                                              [01;35m[K^~~~[m[K
[1.702s] 
[5.606s] [100%] [32m[1mLinking CXX executable company_a[0m
[5.845s] [100%] Built target company_a
[5.855s] Invoked command in '/home/simpletime/project01_book/build/company' returned '0': CMAKE_PREFIX_PATH=/home/simpletime/project01_book/install/base_interfaces:/home/simpletime/project01_book/install/company:/opt/ros/humble /usr/bin/cmake --build /home/simpletime/project01_book/build/company -- -j4 -l4
[5.884s] Invoking command in '/home/simpletime/project01_book/build/company': CMAKE_PREFIX_PATH=/home/simpletime/project01_book/install/base_interfaces:/home/simpletime/project01_book/install/company:/opt/ros/humble /usr/bin/cmake --install /home/simpletime/project01_book/build/company
[5.889s] -- Install configuration: ""
[5.889s] -- Installing: /home/simpletime/project01_book/install/company/lib/company/company_a
[5.893s] -- Set runtime path of "/home/simpletime/project01_book/install/company/lib/company/company_a" to ""
[5.894s] -- Up-to-date: /home/simpletime/project01_book/install/company/lib/company/company_b
[5.894s] -- Up-to-date: /home/simpletime/project01_book/install/company/lib/company/company_c
[5.895s] -- Up-to-date: /home/simpletime/project01_book/install/company/share/ament_index/resource_index/package_run_dependencies/company
[5.895s] -- Up-to-date: /home/simpletime/project01_book/install/company/share/ament_index/resource_index/parent_prefix_path/company
[5.895s] -- Up-to-date: /home/simpletime/project01_book/install/company/share/company/environment/ament_prefix_path.sh
[5.895s] -- Up-to-date: /home/simpletime/project01_book/install/company/share/company/environment/ament_prefix_path.dsv
[5.895s] -- Up-to-date: /home/simpletime/project01_book/install/company/share/company/environment/path.sh
[5.895s] -- Up-to-date: /home/simpletime/project01_book/install/company/share/company/environment/path.dsv
[5.895s] -- Up-to-date: /home/simpletime/project01_book/install/company/share/company/local_setup.bash
[5.895s] -- Up-to-date: /home/simpletime/project01_book/install/company/share/company/local_setup.sh
[5.895s] -- Up-to-date: /home/simpletime/project01_book/install/company/share/company/local_setup.zsh
[5.895s] -- Up-to-date: /home/simpletime/project01_book/install/company/share/company/local_setup.dsv
[5.895s] -- Installing: /home/simpletime/project01_book/install/company/share/company/package.dsv
[5.895s] -- Up-to-date: /home/simpletime/project01_book/install/company/share/ament_index/resource_index/packages/company
[5.895s] -- Up-to-date: /home/simpletime/project01_book/install/company/share/company/cmake/companyConfig.cmake
[5.895s] -- Up-to-date: /home/simpletime/project01_book/install/company/share/company/cmake/companyConfig-version.cmake
[5.895s] -- Up-to-date: /home/simpletime/project01_book/install/company/share/company/package.xml
[5.897s] Invoked command in '/home/simpletime/project01_book/build/company' returned '0': CMAKE_PREFIX_PATH=/home/simpletime/project01_book/install/base_interfaces:/home/simpletime/project01_book/install/company:/opt/ros/humble /usr/bin/cmake --install /home/simpletime/project01_book/build/company
