[0.019s] Invoking command in '/home/simpletime/Project/learn02_pcl_spin/build/cpp03_pcl_move': CMAKE_PREFIX_PATH=${CMAKE_PREFIX_PATH}:/opt/ros/humble /usr/bin/cmake --build /home/simpletime/Project/learn02_pcl_spin/build/cpp03_pcl_move -- -j32 -l32
[0.035s] -- Found ament_cmake: 1.3.10 (/opt/ros/humble/share/ament_cmake/cmake)
[0.126s] -- Found rclcpp: 16.0.10 (/opt/ros/humble/share/rclcpp/cmake)
[0.244s] -- Found rosidl_generator_c: 3.1.5 (/opt/ros/humble/share/rosidl_generator_c/cmake)
[0.245s] -- Found rosidl_adapter: 3.1.5 (/opt/ros/humble/share/rosidl_adapter/cmake)
[0.249s] -- Found rosidl_generator_cpp: 3.1.5 (/opt/ros/humble/share/rosidl_generator_cpp/cmake)
[0.255s] -- Using all available rosidl_typesupport_c: rosidl_typesupport_fastrtps_c;rosidl_typesupport_introspection_c
[0.263s] -- Using all available rosidl_typesupport_cpp: rosidl_typesupport_fastrtps_cpp;rosidl_typesupport_introspection_cpp
[0.284s] -- Found rmw_implementation_cmake: 6.1.2 (/opt/ros/humble/share/rmw_implementation_cmake/cmake)
[0.284s] -- Found rmw_fastrtps_cpp: 6.2.7 (/opt/ros/humble/share/rmw_fastrtps_cpp/cmake)
[3.463s] -- Using RMW implementation 'rmw_fastrtps_cpp' as default
[3.499s] -- Found tf2: 0.25.8 (/opt/ros/humble/share/tf2/cmake)
[3.510s] -- Found tf2_ros: 0.25.8 (/opt/ros/humble/share/tf2_ros/cmake)
[3.564s] -- Found sensor_msgs: 4.2.4 (/opt/ros/humble/share/sensor_msgs/cmake)
[3.576s] -- Found pcl_conversions: 2.4.5 (/opt/ros/humble/share/pcl_conversions/cmake)
[3.599s] -- Eigen found (include: /usr/include/eigen3, version: 3.4.0)
[4.766s] -- FLANN found (include: /usr/include, lib: /usr/lib/x86_64-linux-gnu/libflann_cpp.so)
[7.660s] -- OpenNI found (version: 1.5.4.0, include: /usr/include/ni, lib: /usr/lib/libOpenNI.so;libusb::libusb)
[7.664s] -- OpenNI2 found (version: 2.2.0.33, include: /usr/include/openni2, lib: /usr/lib/x86_64-linux-gnu/libOpenNI2.so;libusb::libusb)
[9.233s] -- Eigen found (include: /usr/include/eigen3, version: 3.4.0)
[9.238s] -- OpenNI found (version: 1.5.4.0, include: /usr/include/ni, lib: /usr/lib/libOpenNI.so;libusb::libusb)
[9.242s] -- OpenNI2 found (version: 2.2.0.33, include: /usr/include/openni2, lib: /usr/lib/x86_64-linux-gnu/libOpenNI2.so;libusb::libusb)
[10.811s] -- Found Qhull version 8.0.2
[12.346s] -- OpenNI found (version: 1.5.4.0, include: /usr/include/ni, lib: /usr/lib/libOpenNI.so;libusb::libusb)
[13.894s] -- Found tf2_geometry_msgs: 0.25.8 (/opt/ros/humble/share/tf2_geometry_msgs/cmake)
[13.896s] -- Found eigen3_cmake_module: 0.1.1 (/opt/ros/humble/share/eigen3_cmake_module/cmake)
[13.897s] -- Ensuring Eigen3 include directory is part of orocos-kdl CMake target
[13.898s] -- Found tf2_sensor_msgs: 0.25.8 (/opt/ros/humble/share/tf2_sensor_msgs/cmake)
[13.916s] -- Found ament_lint_auto: 0.12.11 (/opt/ros/humble/share/ament_lint_auto/cmake)
[13.965s] -- Added test 'cppcheck' to perform static code analysis on C / C++ code
[13.965s] -- Configured cppcheck include dirs: $<BUILD_INTERFACE:/home/simpletime/Project/learn02_pcl_spin/src/cpp03_pcl_move/include>
[13.965s] -- Configured cppcheck exclude dirs and/or files: 
[13.966s] -- Added test 'lint_cmake' to check CMake code style
[13.966s] -- Added test 'uncrustify' to check C / C++ code style
[13.966s] -- Configured uncrustify additional arguments: 
[13.967s] -- Added test 'xmllint' to check XML markup files
[13.967s] -- Configuring done
[14.008s] -- Generating done
[14.011s] -- Build files have been written to: /home/simpletime/Project/learn02_pcl_spin/build/cpp03_pcl_move
[14.042s] [35m[1mConsolidate compiler generated dependencies of target demo02_pcl_pub[0m
[14.042s] [35m[1mConsolidate compiler generated dependencies of target demo01_tf_spin[0m
[14.066s] [100%] Built target demo02_pcl_pub
[14.066s] [100%] Built target demo01_tf_spin
[14.074s] Invoked command in '/home/simpletime/Project/learn02_pcl_spin/build/cpp03_pcl_move' returned '0': CMAKE_PREFIX_PATH=${CMAKE_PREFIX_PATH}:/opt/ros/humble /usr/bin/cmake --build /home/simpletime/Project/learn02_pcl_spin/build/cpp03_pcl_move -- -j32 -l32
[14.097s] Invoking command in '/home/simpletime/Project/learn02_pcl_spin/build/cpp03_pcl_move': CMAKE_PREFIX_PATH=${CMAKE_PREFIX_PATH}:/opt/ros/humble /usr/bin/cmake --install /home/simpletime/Project/learn02_pcl_spin/build/cpp03_pcl_move
[14.102s] -- Install configuration: ""
[14.102s] -- Up-to-date: /home/simpletime/Project/learn02_pcl_spin/install/cpp03_pcl_move/lib/cpp03_pcl_move/demo01_tf_spin
[14.103s] -- Up-to-date: /home/simpletime/Project/learn02_pcl_spin/install/cpp03_pcl_move/lib/cpp03_pcl_move/demo02_pcl_pub
[14.103s] -- Installing: /home/simpletime/Project/learn02_pcl_spin/install/cpp03_pcl_move/share/cpp03_pcl_move/launch
[14.103s] -- Installing: /home/simpletime/Project/learn02_pcl_spin/install/cpp03_pcl_move/share/cpp03_pcl_move/launch/ xml01_launch.xml
[14.103s] -- Up-to-date: /home/simpletime/Project/learn02_pcl_spin/install/cpp03_pcl_move/share/ament_index/resource_index/package_run_dependencies/cpp03_pcl_move
[14.103s] -- Up-to-date: /home/simpletime/Project/learn02_pcl_spin/install/cpp03_pcl_move/share/ament_index/resource_index/parent_prefix_path/cpp03_pcl_move
[14.103s] -- Up-to-date: /home/simpletime/Project/learn02_pcl_spin/install/cpp03_pcl_move/share/cpp03_pcl_move/environment/ament_prefix_path.sh
[14.104s] -- Installing: /home/simpletime/Project/learn02_pcl_spin/install/cpp03_pcl_move/share/cpp03_pcl_move/environment/ament_prefix_path.dsv
[14.104s] -- Up-to-date: /home/simpletime/Project/learn02_pcl_spin/install/cpp03_pcl_move/share/cpp03_pcl_move/environment/path.sh
[14.104s] -- Installing: /home/simpletime/Project/learn02_pcl_spin/install/cpp03_pcl_move/share/cpp03_pcl_move/environment/path.dsv
[14.104s] -- Up-to-date: /home/simpletime/Project/learn02_pcl_spin/install/cpp03_pcl_move/share/cpp03_pcl_move/local_setup.bash
[14.104s] -- Up-to-date: /home/simpletime/Project/learn02_pcl_spin/install/cpp03_pcl_move/share/cpp03_pcl_move/local_setup.sh
[14.104s] -- Up-to-date: /home/simpletime/Project/learn02_pcl_spin/install/cpp03_pcl_move/share/cpp03_pcl_move/local_setup.zsh
[14.104s] -- Installing: /home/simpletime/Project/learn02_pcl_spin/install/cpp03_pcl_move/share/cpp03_pcl_move/local_setup.dsv
[14.105s] -- Installing: /home/simpletime/Project/learn02_pcl_spin/install/cpp03_pcl_move/share/cpp03_pcl_move/package.dsv
[14.105s] -- Up-to-date: /home/simpletime/Project/learn02_pcl_spin/install/cpp03_pcl_move/share/ament_index/resource_index/packages/cpp03_pcl_move
[14.106s] -- Up-to-date: /home/simpletime/Project/learn02_pcl_spin/install/cpp03_pcl_move/share/cpp03_pcl_move/cmake/cpp03_pcl_moveConfig.cmake
[14.106s] -- Up-to-date: /home/simpletime/Project/learn02_pcl_spin/install/cpp03_pcl_move/share/cpp03_pcl_move/cmake/cpp03_pcl_moveConfig-version.cmake
[14.106s] -- Up-to-date: /home/simpletime/Project/learn02_pcl_spin/install/cpp03_pcl_move/share/cpp03_pcl_move/package.xml
[14.107s] Invoked command in '/home/simpletime/Project/learn02_pcl_spin/build/cpp03_pcl_move' returned '0': CMAKE_PREFIX_PATH=${CMAKE_PREFIX_PATH}:/opt/ros/humble /usr/bin/cmake --install /home/simpletime/Project/learn02_pcl_spin/build/cpp03_pcl_move
