[0.009s] Invoking command in '/home/simpletime/project01_book/build/company': CMAKE_PREFIX_PATH=/home/simpletime/project01_book/install/base_interfaces:/home/simpletime/project01_book/install/company:/home/simpletime/project01_book/src/install/company:/home/simpletime/project01_book/src/install/base_interfaces:/home/simpletime/project01_book/install/company_a:/opt/ros/humble /usr/bin/cmake --build /home/simpletime/project01_book/build/company -- -j4 -l4
[0.059s] [35m[1mConsolidate compiler generated dependencies of target company_b[0m
[0.059s] [35m[1mConsolidate compiler generated dependencies of target company_c[0m
[0.072s] [ 16%] [32mBuilding CXX object CMakeFiles/company_a.dir/src/company_a.cpp.o[0m
[0.080s] [ 33%] [32mBuilding CXX object CMakeFiles/company_b.dir/src/company_b.cpp.o[0m
[0.080s] [ 66%] Built target company_c
[3.148s] [ 83%] [32m[1mLinking CXX executable company_a[0m
[3.327s] [ 83%] Built target company_a
[6.135s] [100%] [32m[1mLinking CXX executable company_b[0m
[6.374s] [100%] Built target company_b
[6.386s] Invoked command in '/home/simpletime/project01_book/build/company' returned '0': CMAKE_PREFIX_PATH=/home/simpletime/project01_book/install/base_interfaces:/home/simpletime/project01_book/install/company:/home/simpletime/project01_book/src/install/company:/home/simpletime/project01_book/src/install/base_interfaces:/home/simpletime/project01_book/install/company_a:/opt/ros/humble /usr/bin/cmake --build /home/simpletime/project01_book/build/company -- -j4 -l4
[6.421s] Invoking command in '/home/simpletime/project01_book/build/company': CMAKE_PREFIX_PATH=/home/simpletime/project01_book/install/base_interfaces:/home/simpletime/project01_book/install/company:/home/simpletime/project01_book/src/install/company:/home/simpletime/project01_book/src/install/base_interfaces:/home/simpletime/project01_book/install/company_a:/opt/ros/humble /usr/bin/cmake --install /home/simpletime/project01_book/build/company
[6.427s] -- Install configuration: ""
[6.428s] -- Installing: /home/simpletime/project01_book/install/company/lib/company/company_a
[6.429s] -- Set runtime path of "/home/simpletime/project01_book/install/company/lib/company/company_a" to ""
[6.430s] -- Installing: /home/simpletime/project01_book/install/company/lib/company/company_b
[6.433s] -- Set runtime path of "/home/simpletime/project01_book/install/company/lib/company/company_b" to ""
[6.434s] -- Up-to-date: /home/simpletime/project01_book/install/company/lib/company/company_c
[6.435s] -- Up-to-date: /home/simpletime/project01_book/install/company/share/ament_index/resource_index/package_run_dependencies/company
[6.435s] -- Up-to-date: /home/simpletime/project01_book/install/company/share/ament_index/resource_index/parent_prefix_path/company
[6.436s] -- Up-to-date: /home/simpletime/project01_book/install/company/share/company/environment/ament_prefix_path.sh
[6.436s] -- Up-to-date: /home/simpletime/project01_book/install/company/share/company/environment/ament_prefix_path.dsv
[6.436s] -- Up-to-date: /home/simpletime/project01_book/install/company/share/company/environment/path.sh
[6.436s] -- Up-to-date: /home/simpletime/project01_book/install/company/share/company/environment/path.dsv
[6.436s] -- Up-to-date: /home/simpletime/project01_book/install/company/share/company/local_setup.bash
[6.436s] -- Up-to-date: /home/simpletime/project01_book/install/company/share/company/local_setup.sh
[6.436s] -- Up-to-date: /home/simpletime/project01_book/install/company/share/company/local_setup.zsh
[6.436s] -- Up-to-date: /home/simpletime/project01_book/install/company/share/company/local_setup.dsv
[6.436s] -- Installing: /home/simpletime/project01_book/install/company/share/company/package.dsv
[6.436s] -- Up-to-date: /home/simpletime/project01_book/install/company/share/ament_index/resource_index/packages/company
[6.437s] -- Up-to-date: /home/simpletime/project01_book/install/company/share/company/cmake/companyConfig.cmake
[6.437s] -- Up-to-date: /home/simpletime/project01_book/install/company/share/company/cmake/companyConfig-version.cmake
[6.437s] -- Up-to-date: /home/simpletime/project01_book/install/company/share/company/package.xml
[6.439s] Invoked command in '/home/simpletime/project01_book/build/company' returned '0': CMAKE_PREFIX_PATH=/home/simpletime/project01_book/install/base_interfaces:/home/simpletime/project01_book/install/company:/home/simpletime/project01_book/src/install/company:/home/simpletime/project01_book/src/install/base_interfaces:/home/simpletime/project01_book/install/company_a:/opt/ros/humble /usr/bin/cmake --install /home/simpletime/project01_book/build/company
