[0.009s] Invoking command in '/home/simpletime/project01_book/build/company': CMAKE_PREFIX_PATH=/home/simpletime/project01_book/install/base_interfaces:/home/simpletime/project01_book/install/company:/home/simpletime/project01_book/src/install/company:/home/simpletime/project01_book/src/install/base_interfaces:/home/simpletime/project01_book/install/company_a:/opt/ros/humble /usr/bin/cmake --build /home/simpletime/project01_book/build/company -- -j4 -l4
[0.060s] [ 50%] [32mBuilding CXX object CMakeFiles/company_a.dir/src/company_a.cpp.o[0m
[1.864s] [100%] [32m[1mLinking CXX executable company_a[0m
[1.957s] [100%] Built target company_a
[1.967s] Invoked command in '/home/simpletime/project01_book/build/company' returned '0': CMAKE_PREFIX_PATH=/home/simpletime/project01_book/install/base_interfaces:/home/simpletime/project01_book/install/company:/home/simpletime/project01_book/src/install/company:/home/simpletime/project01_book/src/install/base_interfaces:/home/simpletime/project01_book/install/company_a:/opt/ros/humble /usr/bin/cmake --build /home/simpletime/project01_book/build/company -- -j4 -l4
[1.989s] Invoking command in '/home/simpletime/project01_book/build/company': CMAKE_PREFIX_PATH=/home/simpletime/project01_book/install/base_interfaces:/home/simpletime/project01_book/install/company:/home/simpletime/project01_book/src/install/company:/home/simpletime/project01_book/src/install/base_interfaces:/home/simpletime/project01_book/install/company_a:/opt/ros/humble /usr/bin/cmake --install /home/simpletime/project01_book/build/company
[1.994s] -- Install configuration: ""
[1.994s] -- Installing: /home/simpletime/project01_book/install/company/lib/company/company_a
[1.995s] -- Set runtime path of "/home/simpletime/project01_book/install/company/lib/company/company_a" to ""
[1.995s] -- Up-to-date: /home/simpletime/project01_book/install/company/share/ament_index/resource_index/package_run_dependencies/company
[1.995s] -- Up-to-date: /home/simpletime/project01_book/install/company/share/ament_index/resource_index/parent_prefix_path/company
[1.995s] -- Up-to-date: /home/simpletime/project01_book/install/company/share/company/environment/ament_prefix_path.sh
[1.995s] -- Up-to-date: /home/simpletime/project01_book/install/company/share/company/environment/ament_prefix_path.dsv
[1.995s] -- Up-to-date: /home/simpletime/project01_book/install/company/share/company/environment/path.sh
[1.995s] -- Up-to-date: /home/simpletime/project01_book/install/company/share/company/environment/path.dsv
[1.995s] -- Up-to-date: /home/simpletime/project01_book/install/company/share/company/local_setup.bash
[1.995s] -- Up-to-date: /home/simpletime/project01_book/install/company/share/company/local_setup.sh
[1.995s] -- Up-to-date: /home/simpletime/project01_book/install/company/share/company/local_setup.zsh
[1.995s] -- Up-to-date: /home/simpletime/project01_book/install/company/share/company/local_setup.dsv
[1.995s] -- Up-to-date: /home/simpletime/project01_book/install/company/share/company/package.dsv
[1.995s] -- Up-to-date: /home/simpletime/project01_book/install/company/share/ament_index/resource_index/packages/company
[1.995s] -- Up-to-date: /home/simpletime/project01_book/install/company/share/company/cmake/companyConfig.cmake
[1.995s] -- Up-to-date: /home/simpletime/project01_book/install/company/share/company/cmake/companyConfig-version.cmake
[1.995s] -- Up-to-date: /home/simpletime/project01_book/install/company/share/company/package.xml
[1.998s] Invoked command in '/home/simpletime/project01_book/build/company' returned '0': CMAKE_PREFIX_PATH=/home/simpletime/project01_book/install/base_interfaces:/home/simpletime/project01_book/install/company:/home/simpletime/project01_book/src/install/company:/home/simpletime/project01_book/src/install/base_interfaces:/home/simpletime/project01_book/install/company_a:/opt/ros/humble /usr/bin/cmake --install /home/simpletime/project01_book/build/company
