[0.104s] DEBUG:colcon:Command line arguments: ['/usr/bin/colcon', 'build']
[0.104s] DEBUG:colcon:Parsed command line arguments: Namespace(log_base=None, log_level=None, verb_name='build', build_base='build', install_base='install', merge_install=False, symlink_install=False, test_result_base=None, continue_on_error=False, executor='parallel', parallel_workers=4, event_handlers=None, ignore_user_meta=False, metas=['./colcon.meta'], base_paths=['.'], packages_ignore=None, packages_ignore_regex=None, paths=None, packages_up_to=None, packages_up_to_regex=None, packages_above=None, packages_above_and_dependencies=None, packages_above_depth=None, packages_select_by_dep=None, packages_skip_by_dep=None, packages_skip_up_to=None, packages_select_build_failed=False, packages_skip_build_finished=False, packages_select_test_failures=False, packages_skip_test_passed=False, packages_select=None, packages_skip=None, packages_select_regex=None, packages_skip_regex=None, packages_start=None, packages_end=None, allow_overriding=[], cmake_args=None, cmake_target=None, cmake_target_skip_unavailable=False, cmake_clean_cache=False, cmake_clean_first=False, cmake_force_configure=False, ament_cmake_args=None, catkin_cmake_args=None, catkin_skip_building_tests=False, verb_parser=<colcon_defaults.argument_parser.defaults.DefaultArgumentsDecorator object at 0x7eaea0213ca0>, verb_extension=<colcon_core.verb.build.BuildVerb object at 0x7eaea035c850>, main=<bound method BuildVerb.main of <colcon_core.verb.build.BuildVerb object at 0x7eaea035c850>>)
[0.242s] Level 1:colcon.colcon_core.package_discovery:discover_packages(colcon_meta) check parameters
[0.242s] Level 1:colcon.colcon_core.package_discovery:discover_packages(recursive) check parameters
[0.242s] Level 1:colcon.colcon_core.package_discovery:discover_packages(ignore) check parameters
[0.242s] Level 1:colcon.colcon_core.package_discovery:discover_packages(path) check parameters
[0.242s] Level 1:colcon.colcon_core.package_discovery:discover_packages(colcon_meta) discover
[0.242s] Level 1:colcon.colcon_core.package_discovery:discover_packages(recursive) discover
[0.242s] INFO:colcon.colcon_core.package_discovery:Crawling recursively for packages in '/home/simpletime/ws01_plumbing'
[0.242s] Level 1:colcon.colcon_core.package_identification:_identify(.) by extensions ['ignore', 'ignore_ament_install']
[0.242s] Level 1:colcon.colcon_core.package_identification:_identify(.) by extension 'ignore'
[0.242s] Level 1:colcon.colcon_core.package_identification:_identify(.) by extension 'ignore_ament_install'
[0.242s] Level 1:colcon.colcon_core.package_identification:_identify(.) by extensions ['colcon_pkg']
[0.242s] Level 1:colcon.colcon_core.package_identification:_identify(.) by extension 'colcon_pkg'
[0.242s] Level 1:colcon.colcon_core.package_identification:_identify(.) by extensions ['colcon_meta']
[0.242s] Level 1:colcon.colcon_core.package_identification:_identify(.) by extension 'colcon_meta'
[0.242s] Level 1:colcon.colcon_core.package_identification:_identify(.) by extensions ['ros']
[0.242s] Level 1:colcon.colcon_core.package_identification:_identify(.) by extension 'ros'
[0.250s] Level 1:colcon.colcon_core.package_identification:_identify(.) by extensions ['cmake', 'python']
[0.250s] Level 1:colcon.colcon_core.package_identification:_identify(.) by extension 'cmake'
[0.251s] Level 1:colcon.colcon_core.package_identification:_identify(.) by extension 'python'
[0.251s] Level 1:colcon.colcon_core.package_identification:_identify(.) by extensions ['python_setup_py']
[0.251s] Level 1:colcon.colcon_core.package_identification:_identify(.) by extension 'python_setup_py'
[0.251s] Level 1:colcon.colcon_core.package_identification:_identify(build) by extensions ['ignore', 'ignore_ament_install']
[0.251s] Level 1:colcon.colcon_core.package_identification:_identify(build) by extension 'ignore'
[0.251s] Level 1:colcon.colcon_core.package_identification:_identify(build) ignored
[0.251s] Level 1:colcon.colcon_core.package_identification:_identify(install) by extensions ['ignore', 'ignore_ament_install']
[0.251s] Level 1:colcon.colcon_core.package_identification:_identify(install) by extension 'ignore'
[0.251s] Level 1:colcon.colcon_core.package_identification:_identify(install) ignored
[0.251s] Level 1:colcon.colcon_core.package_identification:_identify(log) by extensions ['ignore', 'ignore_ament_install']
[0.251s] Level 1:colcon.colcon_core.package_identification:_identify(log) by extension 'ignore'
[0.251s] Level 1:colcon.colcon_core.package_identification:_identify(log) ignored
[0.251s] Level 1:colcon.colcon_core.package_identification:_identify(src) by extensions ['ignore', 'ignore_ament_install']
[0.251s] Level 1:colcon.colcon_core.package_identification:_identify(src) by extension 'ignore'
[0.251s] Level 1:colcon.colcon_core.package_identification:_identify(src) by extension 'ignore_ament_install'
[0.251s] Level 1:colcon.colcon_core.package_identification:_identify(src) by extensions ['colcon_pkg']
[0.251s] Level 1:colcon.colcon_core.package_identification:_identify(src) by extension 'colcon_pkg'
[0.251s] Level 1:colcon.colcon_core.package_identification:_identify(src) by extensions ['colcon_meta']
[0.251s] Level 1:colcon.colcon_core.package_identification:_identify(src) by extension 'colcon_meta'
[0.251s] Level 1:colcon.colcon_core.package_identification:_identify(src) by extensions ['ros']
[0.251s] Level 1:colcon.colcon_core.package_identification:_identify(src) by extension 'ros'
[0.251s] Level 1:colcon.colcon_core.package_identification:_identify(src) by extensions ['cmake', 'python']
[0.251s] Level 1:colcon.colcon_core.package_identification:_identify(src) by extension 'cmake'
[0.251s] Level 1:colcon.colcon_core.package_identification:_identify(src) by extension 'python'
[0.251s] Level 1:colcon.colcon_core.package_identification:_identify(src) by extensions ['python_setup_py']
[0.251s] Level 1:colcon.colcon_core.package_identification:_identify(src) by extension 'python_setup_py'
[0.251s] Level 1:colcon.colcon_core.package_identification:_identify(src/base_interfaces_demo) by extensions ['ignore', 'ignore_ament_install']
[0.251s] Level 1:colcon.colcon_core.package_identification:_identify(src/base_interfaces_demo) by extension 'ignore'
[0.251s] Level 1:colcon.colcon_core.package_identification:_identify(src/base_interfaces_demo) by extension 'ignore_ament_install'
[0.251s] Level 1:colcon.colcon_core.package_identification:_identify(src/base_interfaces_demo) by extensions ['colcon_pkg']
[0.251s] Level 1:colcon.colcon_core.package_identification:_identify(src/base_interfaces_demo) by extension 'colcon_pkg'
[0.251s] Level 1:colcon.colcon_core.package_identification:_identify(src/base_interfaces_demo) by extensions ['colcon_meta']
[0.251s] Level 1:colcon.colcon_core.package_identification:_identify(src/base_interfaces_demo) by extension 'colcon_meta'
[0.251s] Level 1:colcon.colcon_core.package_identification:_identify(src/base_interfaces_demo) by extensions ['ros']
[0.251s] Level 1:colcon.colcon_core.package_identification:_identify(src/base_interfaces_demo) by extension 'ros'
[0.253s] DEBUG:colcon.colcon_core.package_identification:Package 'src/base_interfaces_demo' with type 'ros.ament_cmake' and name 'base_interfaces_demo'
[0.253s] Level 1:colcon.colcon_core.package_identification:_identify(src/cpp01_topic) by extensions ['ignore', 'ignore_ament_install']
[0.253s] Level 1:colcon.colcon_core.package_identification:_identify(src/cpp01_topic) by extension 'ignore'
[0.253s] Level 1:colcon.colcon_core.package_identification:_identify(src/cpp01_topic) by extension 'ignore_ament_install'
[0.253s] Level 1:colcon.colcon_core.package_identification:_identify(src/cpp01_topic) by extensions ['colcon_pkg']
[0.253s] Level 1:colcon.colcon_core.package_identification:_identify(src/cpp01_topic) by extension 'colcon_pkg'
[0.253s] Level 1:colcon.colcon_core.package_identification:_identify(src/cpp01_topic) by extensions ['colcon_meta']
[0.253s] Level 1:colcon.colcon_core.package_identification:_identify(src/cpp01_topic) by extension 'colcon_meta'
[0.253s] Level 1:colcon.colcon_core.package_identification:_identify(src/cpp01_topic) by extensions ['ros']
[0.253s] Level 1:colcon.colcon_core.package_identification:_identify(src/cpp01_topic) by extension 'ros'
[0.254s] DEBUG:colcon.colcon_core.package_identification:Package 'src/cpp01_topic' with type 'ros.ament_cmake' and name 'cpp01_topic'
[0.254s] Level 1:colcon.colcon_core.package_identification:_identify(src/py01_topic) by extensions ['ignore', 'ignore_ament_install']
[0.254s] Level 1:colcon.colcon_core.package_identification:_identify(src/py01_topic) by extension 'ignore'
[0.254s] Level 1:colcon.colcon_core.package_identification:_identify(src/py01_topic) by extension 'ignore_ament_install'
[0.254s] Level 1:colcon.colcon_core.package_identification:_identify(src/py01_topic) by extensions ['colcon_pkg']
[0.254s] Level 1:colcon.colcon_core.package_identification:_identify(src/py01_topic) by extension 'colcon_pkg'
[0.254s] Level 1:colcon.colcon_core.package_identification:_identify(src/py01_topic) by extensions ['colcon_meta']
[0.254s] Level 1:colcon.colcon_core.package_identification:_identify(src/py01_topic) by extension 'colcon_meta'
[0.254s] Level 1:colcon.colcon_core.package_identification:_identify(src/py01_topic) by extensions ['ros']
[0.254s] Level 1:colcon.colcon_core.package_identification:_identify(src/py01_topic) by extension 'ros'
[0.255s] DEBUG:colcon.colcon_core.package_identification:Package 'src/py01_topic' with type 'ros.ament_cmake' and name 'py01_topic'
[0.255s] Level 1:colcon.colcon_core.package_discovery:discover_packages(recursive) using defaults
[0.255s] Level 1:colcon.colcon_core.package_discovery:discover_packages(ignore) discover
[0.255s] Level 1:colcon.colcon_core.package_discovery:discover_packages(ignore) using defaults
[0.255s] Level 1:colcon.colcon_core.package_discovery:discover_packages(path) discover
[0.255s] Level 1:colcon.colcon_core.package_discovery:discover_packages(path) using defaults
[0.270s] Level 1:colcon.colcon_core.package_discovery:discover_packages(prefix_path) check parameters
[0.270s] Level 1:colcon.colcon_core.package_discovery:discover_packages(prefix_path) discover
[0.273s] DEBUG:colcon.colcon_installed_package_information.package_discovery:Found 3 installed packages in /home/simpletime/ws01_plumbing/install
[0.274s] DEBUG:colcon.colcon_installed_package_information.package_discovery:Found 270 installed packages in /opt/ros/humble
[0.275s] Level 1:colcon.colcon_core.package_discovery:discover_packages(prefix_path) using defaults
[0.303s] Level 5:colcon.colcon_core.verb:set package 'base_interfaces_demo' build argument 'cmake_args' from command line to 'None'
[0.304s] Level 5:colcon.colcon_core.verb:set package 'base_interfaces_demo' build argument 'cmake_target' from command line to 'None'
[0.304s] Level 5:colcon.colcon_core.verb:set package 'base_interfaces_demo' build argument 'cmake_target_skip_unavailable' from command line to 'False'
[0.304s] Level 5:colcon.colcon_core.verb:set package 'base_interfaces_demo' build argument 'cmake_clean_cache' from command line to 'False'
[0.304s] Level 5:colcon.colcon_core.verb:set package 'base_interfaces_demo' build argument 'cmake_clean_first' from command line to 'False'
[0.304s] Level 5:colcon.colcon_core.verb:set package 'base_interfaces_demo' build argument 'cmake_force_configure' from command line to 'False'
[0.304s] Level 5:colcon.colcon_core.verb:set package 'base_interfaces_demo' build argument 'ament_cmake_args' from command line to 'None'
[0.304s] Level 5:colcon.colcon_core.verb:set package 'base_interfaces_demo' build argument 'catkin_cmake_args' from command line to 'None'
[0.304s] Level 5:colcon.colcon_core.verb:set package 'base_interfaces_demo' build argument 'catkin_skip_building_tests' from command line to 'False'
[0.304s] DEBUG:colcon.colcon_core.verb:Building package 'base_interfaces_demo' with the following arguments: {'ament_cmake_args': None, 'build_base': '/home/simpletime/ws01_plumbing/build/base_interfaces_demo', 'catkin_cmake_args': None, 'catkin_skip_building_tests': False, 'cmake_args': None, 'cmake_clean_cache': False, 'cmake_clean_first': False, 'cmake_force_configure': False, 'cmake_target': None, 'cmake_target_skip_unavailable': False, 'install_base': '/home/simpletime/ws01_plumbing/install/base_interfaces_demo', 'merge_install': False, 'path': '/home/simpletime/ws01_plumbing/src/base_interfaces_demo', 'symlink_install': False, 'test_result_base': None}
[0.304s] Level 5:colcon.colcon_core.verb:set package 'cpp01_topic' build argument 'cmake_args' from command line to 'None'
[0.304s] Level 5:colcon.colcon_core.verb:set package 'cpp01_topic' build argument 'cmake_target' from command line to 'None'
[0.304s] Level 5:colcon.colcon_core.verb:set package 'cpp01_topic' build argument 'cmake_target_skip_unavailable' from command line to 'False'
[0.304s] Level 5:colcon.colcon_core.verb:set package 'cpp01_topic' build argument 'cmake_clean_cache' from command line to 'False'
[0.304s] Level 5:colcon.colcon_core.verb:set package 'cpp01_topic' build argument 'cmake_clean_first' from command line to 'False'
[0.304s] Level 5:colcon.colcon_core.verb:set package 'cpp01_topic' build argument 'cmake_force_configure' from command line to 'False'
[0.304s] Level 5:colcon.colcon_core.verb:set package 'cpp01_topic' build argument 'ament_cmake_args' from command line to 'None'
[0.304s] Level 5:colcon.colcon_core.verb:set package 'cpp01_topic' build argument 'catkin_cmake_args' from command line to 'None'
[0.304s] Level 5:colcon.colcon_core.verb:set package 'cpp01_topic' build argument 'catkin_skip_building_tests' from command line to 'False'
[0.304s] DEBUG:colcon.colcon_core.verb:Building package 'cpp01_topic' with the following arguments: {'ament_cmake_args': None, 'build_base': '/home/simpletime/ws01_plumbing/build/cpp01_topic', 'catkin_cmake_args': None, 'catkin_skip_building_tests': False, 'cmake_args': None, 'cmake_clean_cache': False, 'cmake_clean_first': False, 'cmake_force_configure': False, 'cmake_target': None, 'cmake_target_skip_unavailable': False, 'install_base': '/home/simpletime/ws01_plumbing/install/cpp01_topic', 'merge_install': False, 'path': '/home/simpletime/ws01_plumbing/src/cpp01_topic', 'symlink_install': False, 'test_result_base': None}
[0.304s] Level 5:colcon.colcon_core.verb:set package 'py01_topic' build argument 'cmake_args' from command line to 'None'
[0.304s] Level 5:colcon.colcon_core.verb:set package 'py01_topic' build argument 'cmake_target' from command line to 'None'
[0.304s] Level 5:colcon.colcon_core.verb:set package 'py01_topic' build argument 'cmake_target_skip_unavailable' from command line to 'False'
[0.304s] Level 5:colcon.colcon_core.verb:set package 'py01_topic' build argument 'cmake_clean_cache' from command line to 'False'
[0.304s] Level 5:colcon.colcon_core.verb:set package 'py01_topic' build argument 'cmake_clean_first' from command line to 'False'
[0.304s] Level 5:colcon.colcon_core.verb:set package 'py01_topic' build argument 'cmake_force_configure' from command line to 'False'
[0.304s] Level 5:colcon.colcon_core.verb:set package 'py01_topic' build argument 'ament_cmake_args' from command line to 'None'
[0.304s] Level 5:colcon.colcon_core.verb:set package 'py01_topic' build argument 'catkin_cmake_args' from command line to 'None'
[0.304s] Level 5:colcon.colcon_core.verb:set package 'py01_topic' build argument 'catkin_skip_building_tests' from command line to 'False'
[0.304s] DEBUG:colcon.colcon_core.verb:Building package 'py01_topic' with the following arguments: {'ament_cmake_args': None, 'build_base': '/home/simpletime/ws01_plumbing/build/py01_topic', 'catkin_cmake_args': None, 'catkin_skip_building_tests': False, 'cmake_args': None, 'cmake_clean_cache': False, 'cmake_clean_first': False, 'cmake_force_configure': False, 'cmake_target': None, 'cmake_target_skip_unavailable': False, 'install_base': '/home/simpletime/ws01_plumbing/install/py01_topic', 'merge_install': False, 'path': '/home/simpletime/ws01_plumbing/src/py01_topic', 'symlink_install': False, 'test_result_base': None}
[0.304s] INFO:colcon.colcon_core.executor:Executing jobs using 'parallel' executor
[0.306s] DEBUG:colcon.colcon_parallel_executor.executor.parallel:run_until_complete
[0.306s] INFO:colcon.colcon_ros.task.ament_cmake.build:Building ROS package in '/home/simpletime/ws01_plumbing/src/base_interfaces_demo' with build type 'ament_cmake'
[0.306s] INFO:colcon.colcon_cmake.task.cmake.build:Building CMake package in '/home/simpletime/ws01_plumbing/src/base_interfaces_demo'
[0.312s] INFO:colcon.colcon_core.plugin_system:Skipping extension 'colcon_core.shell.bat': Not used on non-Windows systems
[0.312s] INFO:colcon.colcon_core.shell:Skip shell extension 'powershell' for command environment: Not usable outside of PowerShell
[0.312s] DEBUG:colcon.colcon_core.shell:Skip shell extension 'dsv' for command environment
[0.323s] DEBUG:colcon.colcon_core.event_handler.log_command:Invoking command in '/home/simpletime/ws01_plumbing/build/base_interfaces_demo': CMAKE_PREFIX_PATH=${CMAKE_PREFIX_PATH}:/opt/ros/humble /usr/bin/cmake --build /home/simpletime/ws01_plumbing/build/base_interfaces_demo -- -j4 -l4
[0.362s] DEBUG:colcon.colcon_core.event_handler.log_command:Invoked command in '/home/simpletime/ws01_plumbing/build/base_interfaces_demo' returned '0': CMAKE_PREFIX_PATH=${CMAKE_PREFIX_PATH}:/opt/ros/humble /usr/bin/cmake --build /home/simpletime/ws01_plumbing/build/base_interfaces_demo -- -j4 -l4
[0.388s] DEBUG:colcon.colcon_core.event_handler.log_command:Invoking command in '/home/simpletime/ws01_plumbing/build/base_interfaces_demo': CMAKE_PREFIX_PATH=${CMAKE_PREFIX_PATH}:/opt/ros/humble /usr/bin/cmake --install /home/simpletime/ws01_plumbing/build/base_interfaces_demo
[0.397s] Level 1:colcon.colcon_core.environment:create_environment_scripts_only(base_interfaces_demo)
[0.398s] DEBUG:colcon.colcon_core.event_handler.log_command:Invoked command in '/home/simpletime/ws01_plumbing/build/base_interfaces_demo' returned '0': CMAKE_PREFIX_PATH=${CMAKE_PREFIX_PATH}:/opt/ros/humble /usr/bin/cmake --install /home/simpletime/ws01_plumbing/build/base_interfaces_demo
[0.402s] Level 1:colcon.colcon_core.environment:checking '/home/simpletime/ws01_plumbing/install/base_interfaces_demo' for CMake module files
[0.402s] Level 1:colcon.colcon_core.environment:checking '/home/simpletime/ws01_plumbing/install/base_interfaces_demo' for CMake config files
[0.402s] Level 1:colcon.colcon_core.shell:create_environment_hook('base_interfaces_demo', 'cmake_prefix_path')
[0.402s] INFO:colcon.colcon_core.shell:Creating environment hook '/home/simpletime/ws01_plumbing/install/base_interfaces_demo/share/base_interfaces_demo/hook/cmake_prefix_path.ps1'
[0.403s] INFO:colcon.colcon_core.shell:Creating environment descriptor '/home/simpletime/ws01_plumbing/install/base_interfaces_demo/share/base_interfaces_demo/hook/cmake_prefix_path.dsv'
[0.403s] INFO:colcon.colcon_core.shell:Creating environment hook '/home/simpletime/ws01_plumbing/install/base_interfaces_demo/share/base_interfaces_demo/hook/cmake_prefix_path.sh'
[0.404s] Level 1:colcon.colcon_core.environment:checking '/home/simpletime/ws01_plumbing/install/base_interfaces_demo/bin'
[0.404s] Level 1:colcon.colcon_core.environment:checking '/home/simpletime/ws01_plumbing/install/base_interfaces_demo/lib/pkgconfig/base_interfaces_demo.pc'
[0.404s] Level 1:colcon.colcon_core.environment:checking '/home/simpletime/ws01_plumbing/install/base_interfaces_demo/lib/python3.10/site-packages'
[0.404s] Level 1:colcon.colcon_core.environment:checking '/home/simpletime/ws01_plumbing/install/base_interfaces_demo/bin'
[0.404s] INFO:colcon.colcon_core.shell:Creating package script '/home/simpletime/ws01_plumbing/install/base_interfaces_demo/share/base_interfaces_demo/package.ps1'
[0.405s] INFO:colcon.colcon_core.shell:Creating package descriptor '/home/simpletime/ws01_plumbing/install/base_interfaces_demo/share/base_interfaces_demo/package.dsv'
[0.405s] INFO:colcon.colcon_core.shell:Creating package script '/home/simpletime/ws01_plumbing/install/base_interfaces_demo/share/base_interfaces_demo/package.sh'
[0.406s] INFO:colcon.colcon_core.shell:Creating package script '/home/simpletime/ws01_plumbing/install/base_interfaces_demo/share/base_interfaces_demo/package.bash'
[0.406s] INFO:colcon.colcon_core.shell:Creating package script '/home/simpletime/ws01_plumbing/install/base_interfaces_demo/share/base_interfaces_demo/package.zsh'
[0.407s] Level 1:colcon.colcon_core.environment:create_file_with_runtime_dependencies(/home/simpletime/ws01_plumbing/install/base_interfaces_demo/share/colcon-core/packages/base_interfaces_demo)
[0.426s] Level 1:colcon.colcon_core.environment:create_environment_scripts_only(base_interfaces_demo)
[0.426s] Level 1:colcon.colcon_core.environment:checking '/home/simpletime/ws01_plumbing/install/base_interfaces_demo' for CMake module files
[0.427s] Level 1:colcon.colcon_core.environment:checking '/home/simpletime/ws01_plumbing/install/base_interfaces_demo' for CMake config files
[0.427s] Level 1:colcon.colcon_core.shell:create_environment_hook('base_interfaces_demo', 'cmake_prefix_path')
[0.427s] INFO:colcon.colcon_core.shell:Creating environment hook '/home/simpletime/ws01_plumbing/install/base_interfaces_demo/share/base_interfaces_demo/hook/cmake_prefix_path.ps1'
[0.428s] INFO:colcon.colcon_core.shell:Creating environment descriptor '/home/simpletime/ws01_plumbing/install/base_interfaces_demo/share/base_interfaces_demo/hook/cmake_prefix_path.dsv'
[0.428s] INFO:colcon.colcon_core.shell:Creating environment hook '/home/simpletime/ws01_plumbing/install/base_interfaces_demo/share/base_interfaces_demo/hook/cmake_prefix_path.sh'
[0.428s] Level 1:colcon.colcon_core.environment:checking '/home/simpletime/ws01_plumbing/install/base_interfaces_demo/bin'
[0.428s] Level 1:colcon.colcon_core.environment:checking '/home/simpletime/ws01_plumbing/install/base_interfaces_demo/lib/pkgconfig/base_interfaces_demo.pc'
[0.428s] Level 1:colcon.colcon_core.environment:checking '/home/simpletime/ws01_plumbing/install/base_interfaces_demo/lib/python3.10/site-packages'
[0.429s] Level 1:colcon.colcon_core.environment:checking '/home/simpletime/ws01_plumbing/install/base_interfaces_demo/bin'
[0.429s] INFO:colcon.colcon_core.shell:Creating package script '/home/simpletime/ws01_plumbing/install/base_interfaces_demo/share/base_interfaces_demo/package.ps1'
[0.429s] INFO:colcon.colcon_core.shell:Creating package descriptor '/home/simpletime/ws01_plumbing/install/base_interfaces_demo/share/base_interfaces_demo/package.dsv'
[0.430s] INFO:colcon.colcon_core.shell:Creating package script '/home/simpletime/ws01_plumbing/install/base_interfaces_demo/share/base_interfaces_demo/package.sh'
[0.430s] INFO:colcon.colcon_core.shell:Creating package script '/home/simpletime/ws01_plumbing/install/base_interfaces_demo/share/base_interfaces_demo/package.bash'
[0.430s] INFO:colcon.colcon_core.shell:Creating package script '/home/simpletime/ws01_plumbing/install/base_interfaces_demo/share/base_interfaces_demo/package.zsh'
[0.430s] Level 1:colcon.colcon_core.environment:create_file_with_runtime_dependencies(/home/simpletime/ws01_plumbing/install/base_interfaces_demo/share/colcon-core/packages/base_interfaces_demo)
[0.431s] INFO:colcon.colcon_ros.task.ament_cmake.build:Building ROS package in '/home/simpletime/ws01_plumbing/src/cpp01_topic' with build type 'ament_cmake'
[0.431s] INFO:colcon.colcon_cmake.task.cmake.build:Building CMake package in '/home/simpletime/ws01_plumbing/src/cpp01_topic'
[0.431s] INFO:colcon.colcon_core.shell:Skip shell extension 'powershell' for command environment: Not usable outside of PowerShell
[0.432s] DEBUG:colcon.colcon_core.shell:Skip shell extension 'dsv' for command environment
[0.434s] INFO:colcon.colcon_ros.task.ament_cmake.build:Building ROS package in '/home/simpletime/ws01_plumbing/src/py01_topic' with build type 'ament_cmake'
[0.434s] INFO:colcon.colcon_cmake.task.cmake.build:Building CMake package in '/home/simpletime/ws01_plumbing/src/py01_topic'
[0.435s] INFO:colcon.colcon_core.shell:Skip shell extension 'powershell' for command environment: Not usable outside of PowerShell
[0.435s] DEBUG:colcon.colcon_core.shell:Skip shell extension 'dsv' for command environment
[0.439s] DEBUG:colcon.colcon_core.event_handler.log_command:Invoking command in '/home/simpletime/ws01_plumbing/build/cpp01_topic': CMAKE_PREFIX_PATH=/home/simpletime/ws01_plumbing/install/base_interfaces_demo:/home/simpletime/ws01_plumbing/install/py01_topic:/home/simpletime/ws01_plumbing/install/cpp01_topic:/opt/ros/humble /usr/bin/cmake --build /home/simpletime/ws01_plumbing/build/cpp01_topic -- -j4 -l4
[0.442s] DEBUG:colcon.colcon_core.event_handler.log_command:Invoking command in '/home/simpletime/ws01_plumbing/build/py01_topic': CMAKE_PREFIX_PATH=/home/simpletime/ws01_plumbing/install/base_interfaces_demo:/home/simpletime/ws01_plumbing/install/py01_topic:/home/simpletime/ws01_plumbing/install/cpp01_topic:/opt/ros/humble /usr/bin/cmake --build /home/simpletime/ws01_plumbing/build/py01_topic -- -j4 -l4
[0.508s] DEBUG:colcon.colcon_core.event_handler.log_command:Invoked command in '/home/simpletime/ws01_plumbing/build/py01_topic' returned '0': CMAKE_PREFIX_PATH=/home/simpletime/ws01_plumbing/install/base_interfaces_demo:/home/simpletime/ws01_plumbing/install/py01_topic:/home/simpletime/ws01_plumbing/install/cpp01_topic:/opt/ros/humble /usr/bin/cmake --build /home/simpletime/ws01_plumbing/build/py01_topic -- -j4 -l4
[0.544s] DEBUG:colcon.colcon_core.event_handler.log_command:Invoking command in '/home/simpletime/ws01_plumbing/build/py01_topic': CMAKE_PREFIX_PATH=/home/simpletime/ws01_plumbing/install/base_interfaces_demo:/home/simpletime/ws01_plumbing/install/py01_topic:/home/simpletime/ws01_plumbing/install/cpp01_topic:/opt/ros/humble /usr/bin/cmake --install /home/simpletime/ws01_plumbing/build/py01_topic
[0.556s] Level 1:colcon.colcon_core.environment:create_environment_scripts_only(py01_topic)
[0.557s] Level 1:colcon.colcon_core.environment:checking '/home/simpletime/ws01_plumbing/install/py01_topic' for CMake module files
[0.557s] DEBUG:colcon.colcon_core.event_handler.log_command:Invoked command in '/home/simpletime/ws01_plumbing/build/py01_topic' returned '0': CMAKE_PREFIX_PATH=/home/simpletime/ws01_plumbing/install/base_interfaces_demo:/home/simpletime/ws01_plumbing/install/py01_topic:/home/simpletime/ws01_plumbing/install/cpp01_topic:/opt/ros/humble /usr/bin/cmake --install /home/simpletime/ws01_plumbing/build/py01_topic
[0.558s] Level 1:colcon.colcon_core.environment:checking '/home/simpletime/ws01_plumbing/install/py01_topic' for CMake config files
[0.558s] Level 1:colcon.colcon_core.shell:create_environment_hook('py01_topic', 'cmake_prefix_path')
[0.558s] INFO:colcon.colcon_core.shell:Creating environment hook '/home/simpletime/ws01_plumbing/install/py01_topic/share/py01_topic/hook/cmake_prefix_path.ps1'
[0.559s] INFO:colcon.colcon_core.shell:Creating environment descriptor '/home/simpletime/ws01_plumbing/install/py01_topic/share/py01_topic/hook/cmake_prefix_path.dsv'
[0.559s] INFO:colcon.colcon_core.shell:Creating environment hook '/home/simpletime/ws01_plumbing/install/py01_topic/share/py01_topic/hook/cmake_prefix_path.sh'
[0.559s] Level 1:colcon.colcon_core.environment:checking '/home/simpletime/ws01_plumbing/install/py01_topic/lib'
[0.560s] Level 1:colcon.colcon_core.environment:checking '/home/simpletime/ws01_plumbing/install/py01_topic/bin'
[0.560s] Level 1:colcon.colcon_core.environment:checking '/home/simpletime/ws01_plumbing/install/py01_topic/lib/pkgconfig/py01_topic.pc'
[0.560s] Level 1:colcon.colcon_core.environment:checking '/home/simpletime/ws01_plumbing/install/py01_topic/lib/python3.10/site-packages'
[0.560s] Level 1:colcon.colcon_core.environment:checking '/home/simpletime/ws01_plumbing/install/py01_topic/bin'
[0.560s] INFO:colcon.colcon_core.shell:Creating package script '/home/simpletime/ws01_plumbing/install/py01_topic/share/py01_topic/package.ps1'
[0.560s] INFO:colcon.colcon_core.shell:Creating package descriptor '/home/simpletime/ws01_plumbing/install/py01_topic/share/py01_topic/package.dsv'
[0.561s] INFO:colcon.colcon_core.shell:Creating package script '/home/simpletime/ws01_plumbing/install/py01_topic/share/py01_topic/package.sh'
[0.561s] INFO:colcon.colcon_core.shell:Creating package script '/home/simpletime/ws01_plumbing/install/py01_topic/share/py01_topic/package.bash'
[0.561s] INFO:colcon.colcon_core.shell:Creating package script '/home/simpletime/ws01_plumbing/install/py01_topic/share/py01_topic/package.zsh'
[0.562s] Level 1:colcon.colcon_core.environment:create_file_with_runtime_dependencies(/home/simpletime/ws01_plumbing/install/py01_topic/share/colcon-core/packages/py01_topic)
[0.586s] Level 1:colcon.colcon_core.environment:create_environment_scripts_only(py01_topic)
[0.586s] Level 1:colcon.colcon_core.environment:checking '/home/simpletime/ws01_plumbing/install/py01_topic' for CMake module files
[0.587s] Level 1:colcon.colcon_core.environment:checking '/home/simpletime/ws01_plumbing/install/py01_topic' for CMake config files
[0.587s] Level 1:colcon.colcon_core.shell:create_environment_hook('py01_topic', 'cmake_prefix_path')
[0.587s] INFO:colcon.colcon_core.shell:Creating environment hook '/home/simpletime/ws01_plumbing/install/py01_topic/share/py01_topic/hook/cmake_prefix_path.ps1'
[0.588s] INFO:colcon.colcon_core.shell:Creating environment descriptor '/home/simpletime/ws01_plumbing/install/py01_topic/share/py01_topic/hook/cmake_prefix_path.dsv'
[0.589s] INFO:colcon.colcon_core.shell:Creating environment hook '/home/simpletime/ws01_plumbing/install/py01_topic/share/py01_topic/hook/cmake_prefix_path.sh'
[0.591s] Level 1:colcon.colcon_core.environment:checking '/home/simpletime/ws01_plumbing/install/py01_topic/lib'
[0.591s] Level 1:colcon.colcon_core.environment:checking '/home/simpletime/ws01_plumbing/install/py01_topic/bin'
[0.591s] Level 1:colcon.colcon_core.environment:checking '/home/simpletime/ws01_plumbing/install/py01_topic/lib/pkgconfig/py01_topic.pc'
[0.591s] Level 1:colcon.colcon_core.environment:checking '/home/simpletime/ws01_plumbing/install/py01_topic/lib/python3.10/site-packages'
[0.591s] Level 1:colcon.colcon_core.environment:checking '/home/simpletime/ws01_plumbing/install/py01_topic/bin'
[0.591s] INFO:colcon.colcon_core.shell:Creating package script '/home/simpletime/ws01_plumbing/install/py01_topic/share/py01_topic/package.ps1'
[0.592s] INFO:colcon.colcon_core.shell:Creating package descriptor '/home/simpletime/ws01_plumbing/install/py01_topic/share/py01_topic/package.dsv'
[0.592s] INFO:colcon.colcon_core.shell:Creating package script '/home/simpletime/ws01_plumbing/install/py01_topic/share/py01_topic/package.sh'
[0.592s] INFO:colcon.colcon_core.shell:Creating package script '/home/simpletime/ws01_plumbing/install/py01_topic/share/py01_topic/package.bash'
[0.593s] INFO:colcon.colcon_core.shell:Creating package script '/home/simpletime/ws01_plumbing/install/py01_topic/share/py01_topic/package.zsh'
[0.593s] Level 1:colcon.colcon_core.environment:create_file_with_runtime_dependencies(/home/simpletime/ws01_plumbing/install/py01_topic/share/colcon-core/packages/py01_topic)
[6.354s] DEBUG:colcon.colcon_core.event_handler.log_command:Invoked command in '/home/simpletime/ws01_plumbing/build/cpp01_topic' returned '0': CMAKE_PREFIX_PATH=/home/simpletime/ws01_plumbing/install/base_interfaces_demo:/home/simpletime/ws01_plumbing/install/py01_topic:/home/simpletime/ws01_plumbing/install/cpp01_topic:/opt/ros/humble /usr/bin/cmake --build /home/simpletime/ws01_plumbing/build/cpp01_topic -- -j4 -l4
[6.386s] DEBUG:colcon.colcon_core.event_handler.log_command:Invoking command in '/home/simpletime/ws01_plumbing/build/cpp01_topic': CMAKE_PREFIX_PATH=/home/simpletime/ws01_plumbing/install/base_interfaces_demo:/home/simpletime/ws01_plumbing/install/py01_topic:/home/simpletime/ws01_plumbing/install/cpp01_topic:/opt/ros/humble /usr/bin/cmake --install /home/simpletime/ws01_plumbing/build/cpp01_topic
[6.401s] Level 1:colcon.colcon_core.environment:create_environment_scripts_only(cpp01_topic)
[6.401s] Level 1:colcon.colcon_core.environment:checking '/home/simpletime/ws01_plumbing/install/cpp01_topic' for CMake module files
[6.401s] DEBUG:colcon.colcon_core.event_handler.log_command:Invoked command in '/home/simpletime/ws01_plumbing/build/cpp01_topic' returned '0': CMAKE_PREFIX_PATH=/home/simpletime/ws01_plumbing/install/base_interfaces_demo:/home/simpletime/ws01_plumbing/install/py01_topic:/home/simpletime/ws01_plumbing/install/cpp01_topic:/opt/ros/humble /usr/bin/cmake --install /home/simpletime/ws01_plumbing/build/cpp01_topic
[6.402s] Level 1:colcon.colcon_core.environment:checking '/home/simpletime/ws01_plumbing/install/cpp01_topic' for CMake config files
[6.402s] Level 1:colcon.colcon_core.shell:create_environment_hook('cpp01_topic', 'cmake_prefix_path')
[6.403s] INFO:colcon.colcon_core.shell:Creating environment hook '/home/simpletime/ws01_plumbing/install/cpp01_topic/share/cpp01_topic/hook/cmake_prefix_path.ps1'
[6.403s] INFO:colcon.colcon_core.shell:Creating environment descriptor '/home/simpletime/ws01_plumbing/install/cpp01_topic/share/cpp01_topic/hook/cmake_prefix_path.dsv'
[6.404s] INFO:colcon.colcon_core.shell:Creating environment hook '/home/simpletime/ws01_plumbing/install/cpp01_topic/share/cpp01_topic/hook/cmake_prefix_path.sh'
[6.404s] Level 1:colcon.colcon_core.environment:checking '/home/simpletime/ws01_plumbing/install/cpp01_topic/lib'
[6.404s] Level 1:colcon.colcon_core.environment:checking '/home/simpletime/ws01_plumbing/install/cpp01_topic/bin'
[6.404s] Level 1:colcon.colcon_core.environment:checking '/home/simpletime/ws01_plumbing/install/cpp01_topic/lib/pkgconfig/cpp01_topic.pc'
[6.404s] Level 1:colcon.colcon_core.environment:checking '/home/simpletime/ws01_plumbing/install/cpp01_topic/lib/python3.10/site-packages'
[6.405s] Level 1:colcon.colcon_core.environment:checking '/home/simpletime/ws01_plumbing/install/cpp01_topic/bin'
[6.405s] INFO:colcon.colcon_core.shell:Creating package script '/home/simpletime/ws01_plumbing/install/cpp01_topic/share/cpp01_topic/package.ps1'
[6.405s] INFO:colcon.colcon_core.shell:Creating package descriptor '/home/simpletime/ws01_plumbing/install/cpp01_topic/share/cpp01_topic/package.dsv'
[6.405s] INFO:colcon.colcon_core.shell:Creating package script '/home/simpletime/ws01_plumbing/install/cpp01_topic/share/cpp01_topic/package.sh'
[6.406s] INFO:colcon.colcon_core.shell:Creating package script '/home/simpletime/ws01_plumbing/install/cpp01_topic/share/cpp01_topic/package.bash'
[6.406s] INFO:colcon.colcon_core.shell:Creating package script '/home/simpletime/ws01_plumbing/install/cpp01_topic/share/cpp01_topic/package.zsh'
[6.406s] Level 1:colcon.colcon_core.environment:create_file_with_runtime_dependencies(/home/simpletime/ws01_plumbing/install/cpp01_topic/share/colcon-core/packages/cpp01_topic)
[6.433s] Level 1:colcon.colcon_core.environment:create_environment_scripts_only(cpp01_topic)
[6.433s] Level 1:colcon.colcon_core.environment:checking '/home/simpletime/ws01_plumbing/install/cpp01_topic' for CMake module files
[6.434s] Level 1:colcon.colcon_core.environment:checking '/home/simpletime/ws01_plumbing/install/cpp01_topic' for CMake config files
[6.434s] Level 1:colcon.colcon_core.shell:create_environment_hook('cpp01_topic', 'cmake_prefix_path')
[6.434s] INFO:colcon.colcon_core.shell:Creating environment hook '/home/simpletime/ws01_plumbing/install/cpp01_topic/share/cpp01_topic/hook/cmake_prefix_path.ps1'
[6.435s] INFO:colcon.colcon_core.shell:Creating environment descriptor '/home/simpletime/ws01_plumbing/install/cpp01_topic/share/cpp01_topic/hook/cmake_prefix_path.dsv'
[6.435s] INFO:colcon.colcon_core.shell:Creating environment hook '/home/simpletime/ws01_plumbing/install/cpp01_topic/share/cpp01_topic/hook/cmake_prefix_path.sh'
[6.435s] Level 1:colcon.colcon_core.environment:checking '/home/simpletime/ws01_plumbing/install/cpp01_topic/lib'
[6.436s] Level 1:colcon.colcon_core.environment:checking '/home/simpletime/ws01_plumbing/install/cpp01_topic/bin'
[6.436s] Level 1:colcon.colcon_core.environment:checking '/home/simpletime/ws01_plumbing/install/cpp01_topic/lib/pkgconfig/cpp01_topic.pc'
[6.436s] Level 1:colcon.colcon_core.environment:checking '/home/simpletime/ws01_plumbing/install/cpp01_topic/lib/python3.10/site-packages'
[6.436s] Level 1:colcon.colcon_core.environment:checking '/home/simpletime/ws01_plumbing/install/cpp01_topic/bin'
[6.436s] INFO:colcon.colcon_core.shell:Creating package script '/home/simpletime/ws01_plumbing/install/cpp01_topic/share/cpp01_topic/package.ps1'
[6.436s] INFO:colcon.colcon_core.shell:Creating package descriptor '/home/simpletime/ws01_plumbing/install/cpp01_topic/share/cpp01_topic/package.dsv'
[6.437s] INFO:colcon.colcon_core.shell:Creating package script '/home/simpletime/ws01_plumbing/install/cpp01_topic/share/cpp01_topic/package.sh'
[6.437s] INFO:colcon.colcon_core.shell:Creating package script '/home/simpletime/ws01_plumbing/install/cpp01_topic/share/cpp01_topic/package.bash'
[6.437s] INFO:colcon.colcon_core.shell:Creating package script '/home/simpletime/ws01_plumbing/install/cpp01_topic/share/cpp01_topic/package.zsh'
[6.438s] Level 1:colcon.colcon_core.environment:create_file_with_runtime_dependencies(/home/simpletime/ws01_plumbing/install/cpp01_topic/share/colcon-core/packages/cpp01_topic)
[6.438s] DEBUG:colcon.colcon_parallel_executor.executor.parallel:closing loop
[6.438s] DEBUG:colcon.colcon_parallel_executor.executor.parallel:loop closed
[6.438s] DEBUG:colcon.colcon_parallel_executor.executor.parallel:run_until_complete finished with '0'
[6.438s] DEBUG:colcon.colcon_core.event_reactor:joining thread
[6.445s] INFO:colcon.colcon_core.plugin_system:Skipping extension 'colcon_notification.desktop_notification.terminal_notifier': Not used on non-Darwin systems
[6.445s] INFO:colcon.colcon_core.plugin_system:Skipping extension 'colcon_notification.desktop_notification.win32': Not used on non-Windows systems
[6.445s] INFO:colcon.colcon_notification.desktop_notification:Sending desktop notification using 'notify2'
[6.457s] DEBUG:colcon.colcon_core.event_reactor:joined thread
[6.458s] INFO:colcon.colcon_core.shell:Creating prefix script '/home/simpletime/ws01_plumbing/install/local_setup.ps1'
[6.459s] INFO:colcon.colcon_core.shell:Creating prefix util module '/home/simpletime/ws01_plumbing/install/_local_setup_util_ps1.py'
[6.460s] INFO:colcon.colcon_core.shell:Creating prefix chain script '/home/simpletime/ws01_plumbing/install/setup.ps1'
[6.462s] INFO:colcon.colcon_core.shell:Creating prefix script '/home/simpletime/ws01_plumbing/install/local_setup.sh'
[6.462s] INFO:colcon.colcon_core.shell:Creating prefix util module '/home/simpletime/ws01_plumbing/install/_local_setup_util_sh.py'
[6.463s] INFO:colcon.colcon_core.shell:Creating prefix chain script '/home/simpletime/ws01_plumbing/install/setup.sh'
[6.464s] INFO:colcon.colcon_core.shell:Creating prefix script '/home/simpletime/ws01_plumbing/install/local_setup.bash'
[6.465s] INFO:colcon.colcon_core.shell:Creating prefix chain script '/home/simpletime/ws01_plumbing/install/setup.bash'
[6.466s] INFO:colcon.colcon_core.shell:Creating prefix script '/home/simpletime/ws01_plumbing/install/local_setup.zsh'
[6.466s] INFO:colcon.colcon_core.shell:Creating prefix chain script '/home/simpletime/ws01_plumbing/install/setup.zsh'
