[0.009s] Invoking command in '/home/simpletime/project01_book/build/company': CMAKE_PREFIX_PATH=/home/simpletime/project01_book/install/base_interfaces:/home/simpletime/project01_book/install/company:/home/simpletime/project01_book/src/install/company:/home/simpletime/project01_book/src/install/base_interfaces:/home/simpletime/project01_book/install/company_a:/opt/ros/humble /usr/bin/cmake --build /home/simpletime/project01_book/build/company -- -j4 -l4
[0.045s] [35m[1mConsolidate compiler generated dependencies of target company_a[0m
[0.062s] [100%] Built target company_a
[0.074s] Invoked command in '/home/simpletime/project01_book/build/company' returned '0': CMAKE_PREFIX_PATH=/home/simpletime/project01_book/install/base_interfaces:/home/simpletime/project01_book/install/company:/home/simpletime/project01_book/src/install/company:/home/simpletime/project01_book/src/install/base_interfaces:/home/simpletime/project01_book/install/company_a:/opt/ros/humble /usr/bin/cmake --build /home/simpletime/project01_book/build/company -- -j4 -l4
[0.102s] Invoking command in '/home/simpletime/project01_book/build/company': CMAKE_PREFIX_PATH=/home/simpletime/project01_book/install/base_interfaces:/home/simpletime/project01_book/install/company:/home/simpletime/project01_book/src/install/company:/home/simpletime/project01_book/src/install/base_interfaces:/home/simpletime/project01_book/install/company_a:/opt/ros/humble /usr/bin/cmake --install /home/simpletime/project01_book/build/company
[0.108s] -- Install configuration: ""
[0.109s] -- Up-to-date: /home/simpletime/project01_book/install/company/lib/company/company_a
[0.109s] -- Up-to-date: /home/simpletime/project01_book/install/company/share/ament_index/resource_index/package_run_dependencies/company
[0.109s] -- Up-to-date: /home/simpletime/project01_book/install/company/share/ament_index/resource_index/parent_prefix_path/company
[0.109s] -- Up-to-date: /home/simpletime/project01_book/install/company/share/company/environment/ament_prefix_path.sh
[0.109s] -- Up-to-date: /home/simpletime/project01_book/install/company/share/company/environment/ament_prefix_path.dsv
[0.109s] -- Up-to-date: /home/simpletime/project01_book/install/company/share/company/environment/path.sh
[0.109s] -- Up-to-date: /home/simpletime/project01_book/install/company/share/company/environment/path.dsv
[0.109s] -- Up-to-date: /home/simpletime/project01_book/install/company/share/company/local_setup.bash
[0.109s] -- Up-to-date: /home/simpletime/project01_book/install/company/share/company/local_setup.sh
[0.109s] -- Up-to-date: /home/simpletime/project01_book/install/company/share/company/local_setup.zsh
[0.109s] -- Up-to-date: /home/simpletime/project01_book/install/company/share/company/local_setup.dsv
[0.109s] -- Installing: /home/simpletime/project01_book/install/company/share/company/package.dsv
[0.109s] -- Up-to-date: /home/simpletime/project01_book/install/company/share/ament_index/resource_index/packages/company
[0.109s] -- Up-to-date: /home/simpletime/project01_book/install/company/share/company/cmake/companyConfig.cmake
[0.109s] -- Up-to-date: /home/simpletime/project01_book/install/company/share/company/cmake/companyConfig-version.cmake
[0.109s] -- Up-to-date: /home/simpletime/project01_book/install/company/share/company/package.xml
[0.112s] Invoked command in '/home/simpletime/project01_book/build/company' returned '0': CMAKE_PREFIX_PATH=/home/simpletime/project01_book/install/base_interfaces:/home/simpletime/project01_book/install/company:/home/simpletime/project01_book/src/install/company:/home/simpletime/project01_book/src/install/base_interfaces:/home/simpletime/project01_book/install/company_a:/opt/ros/humble /usr/bin/cmake --install /home/simpletime/project01_book/build/company
