[0.020s] Invoking command in '/home/simpletime/Project/ws02_tools/build/cpp02_launch': CMAKE_PREFIX_PATH=${CMAKE_PREFIX_PATH}:/opt/ros/humble /usr/bin/cmake --build /home/simpletime/Project/ws02_tools/build/cpp02_launch -- -j32 -l32
[0.056s] Invoked command in '/home/simpletime/Project/ws02_tools/build/cpp02_launch' returned '0': CMAKE_PREFIX_PATH=${CMAKE_PREFIX_PATH}:/opt/ros/humble /usr/bin/cmake --build /home/simpletime/Project/ws02_tools/build/cpp02_launch -- -j32 -l32
[0.093s] Invoking command in '/home/simpletime/Project/ws02_tools/build/cpp02_launch': CMAKE_PREFIX_PATH=${CMAKE_PREFIX_PATH}:/opt/ros/humble /usr/bin/cmake --install /home/simpletime/Project/ws02_tools/build/cpp02_launch
[0.100s] -- Install configuration: ""
[0.100s] -- Up-to-date: /home/simpletime/Project/ws02_tools/install/cpp02_launch/share/ament_index/resource_index/package_run_dependencies/cpp02_launch
[0.100s] -- Up-to-date: /home/simpletime/Project/ws02_tools/install/cpp02_launch/share/ament_index/resource_index/parent_prefix_path/cpp02_launch
[0.101s] -- Up-to-date: /home/simpletime/Project/ws02_tools/install/cpp02_launch/share/cpp02_launch/environment/ament_prefix_path.sh
[0.101s] -- Up-to-date: /home/simpletime/Project/ws02_tools/install/cpp02_launch/share/cpp02_launch/environment/ament_prefix_path.dsv
[0.101s] -- Up-to-date: /home/simpletime/Project/ws02_tools/install/cpp02_launch/share/cpp02_launch/environment/path.sh
[0.101s] -- Up-to-date: /home/simpletime/Project/ws02_tools/install/cpp02_launch/share/cpp02_launch/environment/path.dsv
[0.101s] -- Up-to-date: /home/simpletime/Project/ws02_tools/install/cpp02_launch/share/cpp02_launch/local_setup.bash
[0.101s] -- Up-to-date: /home/simpletime/Project/ws02_tools/install/cpp02_launch/share/cpp02_launch/local_setup.sh
[0.101s] -- Up-to-date: /home/simpletime/Project/ws02_tools/install/cpp02_launch/share/cpp02_launch/local_setup.zsh
[0.101s] -- Up-to-date: /home/simpletime/Project/ws02_tools/install/cpp02_launch/share/cpp02_launch/local_setup.dsv
[0.101s] -- Installing: /home/simpletime/Project/ws02_tools/install/cpp02_launch/share/cpp02_launch/package.dsv
[0.101s] -- Up-to-date: /home/simpletime/Project/ws02_tools/install/cpp02_launch/share/ament_index/resource_index/packages/cpp02_launch
[0.101s] -- Up-to-date: /home/simpletime/Project/ws02_tools/install/cpp02_launch/share/cpp02_launch/cmake/cpp02_launchConfig.cmake
[0.101s] -- Up-to-date: /home/simpletime/Project/ws02_tools/install/cpp02_launch/share/cpp02_launch/cmake/cpp02_launchConfig-version.cmake
[0.101s] -- Up-to-date: /home/simpletime/Project/ws02_tools/install/cpp02_launch/share/cpp02_launch/package.xml
[0.104s] Invoked command in '/home/simpletime/Project/ws02_tools/build/cpp02_launch' returned '0': CMAKE_PREFIX_PATH=${CMAKE_PREFIX_PATH}:/opt/ros/humble /usr/bin/cmake --install /home/simpletime/Project/ws02_tools/build/cpp02_launch
