[0.010s] Invoking command in '/home/simpletime/project01_book/build/base_interfaces': CMAKE_PREFIX_PATH=${CMAKE_PREFIX_PATH}:/opt/ros/humble /usr/bin/cmake --build /home/simpletime/project01_book/build/base_interfaces -- -j4 -l4
[0.032s] -- Found ament_cmake: 1.3.10 (/opt/ros/humble/share/ament_cmake/cmake)
[0.106s] -- Found rosidl_default_generators: 1.2.0 (/opt/ros/humble/share/rosidl_default_generators/cmake)
[0.107s] -- Using all available rosidl_typesupport_c: rosidl_typesupport_fastrtps_c;rosidl_typesupport_introspection_c
[0.109s] -- Found rosidl_adapter: 3.1.5 (/opt/ros/humble/share/rosidl_adapter/cmake)
[0.126s] -- Using all available rosidl_typesupport_cpp: rosidl_typesupport_fastrtps_cpp;rosidl_typesupport_introspection_cpp
[0.290s] -- Found ament_cmake_ros: 0.10.0 (/opt/ros/humble/share/ament_cmake_ros/cmake)
[0.405s] -- Using all available rosidl_typesupport_c: rosidl_typesupport_fastrtps_c;rosidl_typesupport_introspection_c
[0.562s] -- Using all available rosidl_typesupport_cpp: rosidl_typesupport_fastrtps_cpp;rosidl_typesupport_introspection_cpp
[0.577s] -- Found python_cmake_module: 0.10.0 (/opt/ros/humble/share/python_cmake_module/cmake)
[0.590s] -- Using PYTHON_EXECUTABLE: /usr/bin/python3
[0.590s] -- Using PYTHON_INCLUDE_DIRS: /usr/include/python3.10
[0.590s] -- Using PYTHON_LIBRARIES: /usr/lib/x86_64-linux-gnu/libpython3.10.so
[0.597s] -- Found ament_lint_auto: 0.12.11 (/opt/ros/humble/share/ament_lint_auto/cmake)
[0.601s] -- Configuring done
[0.627s] -- Generating done
[0.629s] -- Build files have been written to: /home/simpletime/project01_book/build/base_interfaces
[0.649s] [  2%] [34m[1mGenerating C code for ROS interfaces[0m
[0.657s] [  5%] [34m[1mGenerating C++ code for ROS interfaces[0m
[0.668s] [  5%] Built target ament_cmake_python_copy_base_interfaces
[0.821s] running egg_info
[0.822s] writing base_interfaces.egg-info/PKG-INFO
[0.822s] writing dependency_links to base_interfaces.egg-info/dependency_links.txt
[0.822s] writing top-level names to base_interfaces.egg-info/top_level.txt
[0.822s] reading manifest file 'base_interfaces.egg-info/SOURCES.txt'
[0.822s] writing manifest file 'base_interfaces.egg-info/SOURCES.txt'
[0.846s] [  5%] Built target base_interfaces__cpp
[0.849s] [  5%] Built target ament_cmake_python_build_base_interfaces_egg
[0.859s] [  7%] [34m[1mGenerating C++ type support for eProsima Fast-RTPS[0m
[0.860s] [ 10%] [34m[1mGenerating C++ introspection for ROS interfaces[0m
[0.860s] [ 12%] [34m[1mGenerating C++ type support dispatch for ROS interfaces[0m
[0.860s] [35m[1mConsolidate compiler generated dependencies of target base_interfaces__rosidl_generator_c[0m
[0.872s] [ 15%] [32mBuilding C object CMakeFiles/base_interfaces__rosidl_generator_c.dir/rosidl_generator_c/base_interfaces/msg/detail/bookneed__functions.c.o[0m
[0.906s] [ 17%] [32mBuilding C object CMakeFiles/base_interfaces__rosidl_generator_c.dir/rosidl_generator_c/base_interfaces/msg/detail/booksupply__functions.c.o[0m
[0.948s] [ 20%] [32m[1mLinking C shared library libbase_interfaces__rosidl_generator_c.so[0m
[0.980s] [ 20%] Built target base_interfaces__rosidl_generator_c
[0.989s] [ 23%] [34m[1mGenerating C type support for eProsima Fast-RTPS[0m
[0.995s] [35m[1mConsolidate compiler generated dependencies of target base_interfaces__rosidl_typesupport_cpp[0m
[1.005s] [ 25%] [32mBuilding CXX object CMakeFiles/base_interfaces__rosidl_typesupport_cpp.dir/rosidl_typesupport_cpp/base_interfaces/msg/bookneed__type_support.cpp.o[0m
[1.024s] [35m[1mConsolidate compiler generated dependencies of target base_interfaces__rosidl_typesupport_introspection_cpp[0m
[1.041s] [ 28%] [32mBuilding CXX object CMakeFiles/base_interfaces__rosidl_typesupport_introspection_cpp.dir/rosidl_typesupport_introspection_cpp/base_interfaces/msg/detail/bookneed__type_support.cpp.o[0m
[1.069s] [35m[1mConsolidate compiler generated dependencies of target base_interfaces__rosidl_typesupport_fastrtps_cpp[0m
[1.087s] [ 30%] [32mBuilding CXX object CMakeFiles/base_interfaces__rosidl_typesupport_fastrtps_cpp.dir/rosidl_typesupport_fastrtps_cpp/base_interfaces/msg/detail/dds_fastrtps/bookneed__type_support.cpp.o[0m
[1.155s] [35m[1mConsolidate compiler generated dependencies of target base_interfaces__rosidl_typesupport_fastrtps_c[0m
[1.166s] [ 33%] [32mBuilding CXX object CMakeFiles/base_interfaces__rosidl_typesupport_fastrtps_c.dir/rosidl_typesupport_fastrtps_c/base_interfaces/msg/detail/bookneed__type_support_c.cpp.o[0m
[1.193s] [ 35%] [32mBuilding CXX object CMakeFiles/base_interfaces__rosidl_typesupport_cpp.dir/rosidl_typesupport_cpp/base_interfaces/msg/booksupply__type_support.cpp.o[0m
[1.277s] [ 38%] [32mBuilding CXX object CMakeFiles/base_interfaces__rosidl_typesupport_introspection_cpp.dir/rosidl_typesupport_introspection_cpp/base_interfaces/msg/detail/booksupply__type_support.cpp.o[0m
[1.334s] [ 41%] [32mBuilding CXX object CMakeFiles/base_interfaces__rosidl_typesupport_fastrtps_cpp.dir/rosidl_typesupport_fastrtps_cpp/base_interfaces/msg/detail/dds_fastrtps/booksupply__type_support.cpp.o[0m
[1.386s] [ 43%] [32mBuilding CXX object CMakeFiles/base_interfaces__rosidl_typesupport_fastrtps_c.dir/rosidl_typesupport_fastrtps_c/base_interfaces/msg/detail/booksupply__type_support_c.cpp.o[0m
[1.397s] [ 46%] [32m[1mLinking CXX shared library libbase_interfaces__rosidl_typesupport_cpp.so[0m
[1.482s] [ 46%] Built target base_interfaces__rosidl_typesupport_cpp
[1.506s] [ 48%] [34m[1mGenerating C introspection for ROS interfaces[0m
[1.601s] [ 51%] [32m[1mLinking CXX shared library libbase_interfaces__rosidl_typesupport_fastrtps_cpp.so[0m
[1.635s] [ 53%] [32m[1mLinking CXX shared library libbase_interfaces__rosidl_typesupport_fastrtps_c.so[0m
[1.669s] [ 56%] [32m[1mLinking CXX shared library libbase_interfaces__rosidl_typesupport_introspection_cpp.so[0m
[1.706s] [ 56%] Built target base_interfaces__rosidl_typesupport_fastrtps_c
[1.710s] [ 56%] Built target base_interfaces__rosidl_typesupport_fastrtps_cpp
[1.714s] [ 58%] [34m[1mGenerating C type support dispatch for ROS interfaces[0m
[1.733s] [ 58%] Built target base_interfaces__rosidl_typesupport_introspection_cpp
[1.736s] [35m[1mConsolidate compiler generated dependencies of target base_interfaces__rosidl_typesupport_introspection_c[0m
[1.749s] [ 61%] [32mBuilding C object CMakeFiles/base_interfaces__rosidl_typesupport_introspection_c.dir/rosidl_typesupport_introspection_c/base_interfaces/msg/detail/booksupply__type_support.c.o[0m
[1.750s] [ 64%] [32mBuilding C object CMakeFiles/base_interfaces__rosidl_typesupport_introspection_c.dir/rosidl_typesupport_introspection_c/base_interfaces/msg/detail/bookneed__type_support.c.o[0m
[1.779s] [ 66%] [32m[1mLinking C shared library libbase_interfaces__rosidl_typesupport_introspection_c.so[0m
[1.813s] [ 66%] Built target base_interfaces__rosidl_typesupport_introspection_c
[1.857s] [35m[1mConsolidate compiler generated dependencies of target base_interfaces__rosidl_typesupport_c[0m
[1.867s] [ 69%] [32mBuilding CXX object CMakeFiles/base_interfaces__rosidl_typesupport_c.dir/rosidl_typesupport_c/base_interfaces/msg/bookneed__type_support.cpp.o[0m
[1.867s] [ 71%] [32mBuilding CXX object CMakeFiles/base_interfaces__rosidl_typesupport_c.dir/rosidl_typesupport_c/base_interfaces/msg/booksupply__type_support.cpp.o[0m
[1.890s] [ 74%] [32m[1mLinking CXX shared library libbase_interfaces__rosidl_typesupport_c.so[0m
[1.918s] [ 74%] Built target base_interfaces__rosidl_typesupport_c
[1.932s] [ 74%] Built target base_interfaces
[1.949s] [ 76%] [34m[1mGenerating Python code for ROS interfaces[0m
[2.164s] [ 76%] Built target base_interfaces__py
[2.173s] [35m[1mConsolidate compiler generated dependencies of target base_interfaces__rosidl_generator_py[0m
[2.183s] [ 79%] [32mBuilding C object CMakeFiles/base_interfaces__rosidl_generator_py.dir/rosidl_generator_py/base_interfaces/msg/_bookneed_s.c.o[0m
[2.183s] [ 82%] [32mBuilding C object CMakeFiles/base_interfaces__rosidl_generator_py.dir/rosidl_generator_py/base_interfaces/msg/_booksupply_s.c.o[0m
[2.249s] [ 84%] [32m[1mLinking C shared library rosidl_generator_py/base_interfaces/libbase_interfaces__rosidl_generator_py.so[0m
[2.278s] [ 84%] Built target base_interfaces__rosidl_generator_py
[2.286s] [35m[1mConsolidate compiler generated dependencies of target base_interfaces__rosidl_typesupport_introspection_c__pyext[0m
[2.286s] [35m[1mConsolidate compiler generated dependencies of target base_interfaces__rosidl_typesupport_fastrtps_c__pyext[0m
[2.286s] [35m[1mConsolidate compiler generated dependencies of target base_interfaces__rosidl_typesupport_c__pyext[0m
[2.298s] [ 92%] [32mBuilding C object CMakeFiles/base_interfaces__rosidl_typesupport_fastrtps_c__pyext.dir/rosidl_generator_py/base_interfaces/_base_interfaces_s.ep.rosidl_typesupport_fastrtps_c.c.o[0m
[2.298s] [ 92%] [32mBuilding C object CMakeFiles/base_interfaces__rosidl_typesupport_introspection_c__pyext.dir/rosidl_generator_py/base_interfaces/_base_interfaces_s.ep.rosidl_typesupport_introspection_c.c.o[0m
[2.298s] [ 92%] [32mBuilding C object CMakeFiles/base_interfaces__rosidl_typesupport_c__pyext.dir/rosidl_generator_py/base_interfaces/_base_interfaces_s.ep.rosidl_typesupport_c.c.o[0m
[2.369s] [ 94%] [32m[1mLinking C shared library rosidl_generator_py/base_interfaces/base_interfaces_s__rosidl_typesupport_introspection_c.cpython-310-x86_64-linux-gnu.so[0m
[2.369s] [ 97%] [32m[1mLinking C shared library rosidl_generator_py/base_interfaces/base_interfaces_s__rosidl_typesupport_fastrtps_c.cpython-310-x86_64-linux-gnu.so[0m
[2.372s] [100%] [32m[1mLinking C shared library rosidl_generator_py/base_interfaces/base_interfaces_s__rosidl_typesupport_c.cpython-310-x86_64-linux-gnu.so[0m
[2.395s] [100%] Built target base_interfaces__rosidl_typesupport_fastrtps_c__pyext
[2.395s] [100%] Built target base_interfaces__rosidl_typesupport_introspection_c__pyext
[2.396s] [100%] Built target base_interfaces__rosidl_typesupport_c__pyext
[2.407s] Invoked command in '/home/simpletime/project01_book/build/base_interfaces' returned '0': CMAKE_PREFIX_PATH=${CMAKE_PREFIX_PATH}:/opt/ros/humble /usr/bin/cmake --build /home/simpletime/project01_book/build/base_interfaces -- -j4 -l4
[2.482s] Invoking command in '/home/simpletime/project01_book/build/base_interfaces': CMAKE_PREFIX_PATH=${CMAKE_PREFIX_PATH}:/opt/ros/humble /usr/bin/cmake --install /home/simpletime/project01_book/build/base_interfaces
[2.487s] -- Install configuration: ""
[2.487s] -- Installing: /home/simpletime/project01_book/install/base_interfaces/share/ament_index/resource_index/rosidl_interfaces/base_interfaces
[2.488s] -- Up-to-date: /home/simpletime/project01_book/install/base_interfaces/include/base_interfaces/base_interfaces
[2.488s] -- Up-to-date: /home/simpletime/project01_book/install/base_interfaces/include/base_interfaces/base_interfaces/msg
[2.488s] -- Up-to-date: /home/simpletime/project01_book/install/base_interfaces/include/base_interfaces/base_interfaces/msg/detail
[2.488s] -- Installing: /home/simpletime/project01_book/install/base_interfaces/include/base_interfaces/base_interfaces/msg/detail/booksupply__struct.h
[2.488s] -- Installing: /home/simpletime/project01_book/install/base_interfaces/include/base_interfaces/base_interfaces/msg/detail/bookneed__type_support.h
[2.488s] -- Installing: /home/simpletime/project01_book/install/base_interfaces/include/base_interfaces/base_interfaces/msg/detail/booksupply__functions.h
[2.489s] -- Installing: /home/simpletime/project01_book/install/base_interfaces/include/base_interfaces/base_interfaces/msg/detail/bookneed__functions.h
[2.489s] -- Installing: /home/simpletime/project01_book/install/base_interfaces/include/base_interfaces/base_interfaces/msg/detail/bookneed__struct.h
[2.489s] -- Installing: /home/simpletime/project01_book/install/base_interfaces/include/base_interfaces/base_interfaces/msg/detail/booksupply__functions.c
[2.489s] -- Installing: /home/simpletime/project01_book/install/base_interfaces/include/base_interfaces/base_interfaces/msg/detail/bookneed__functions.c
[2.489s] -- Installing: /home/simpletime/project01_book/install/base_interfaces/include/base_interfaces/base_interfaces/msg/detail/booksupply__type_support.h
[2.489s] -- Installing: /home/simpletime/project01_book/install/base_interfaces/include/base_interfaces/base_interfaces/msg/booksupply.h
[2.489s] -- Up-to-date: /home/simpletime/project01_book/install/base_interfaces/include/base_interfaces/base_interfaces/msg/rosidl_generator_c__visibility_control.h
[2.489s] -- Installing: /home/simpletime/project01_book/install/base_interfaces/include/base_interfaces/base_interfaces/msg/bookneed.h
[2.489s] -- Up-to-date: /home/simpletime/project01_book/install/base_interfaces/share/base_interfaces/environment/library_path.sh
[2.489s] -- Installing: /home/simpletime/project01_book/install/base_interfaces/share/base_interfaces/environment/library_path.dsv
[2.490s] -- Installing: /home/simpletime/project01_book/install/base_interfaces/lib/libbase_interfaces__rosidl_generator_c.so
[2.490s] -- Set runtime path of "/home/simpletime/project01_book/install/base_interfaces/lib/libbase_interfaces__rosidl_generator_c.so" to ""
[2.490s] -- Up-to-date: /home/simpletime/project01_book/install/base_interfaces/include/base_interfaces/base_interfaces
[2.490s] -- Up-to-date: /home/simpletime/project01_book/install/base_interfaces/include/base_interfaces/base_interfaces/msg
[2.490s] -- Up-to-date: /home/simpletime/project01_book/install/base_interfaces/include/base_interfaces/base_interfaces/msg/detail
[2.490s] -- Installing: /home/simpletime/project01_book/install/base_interfaces/include/base_interfaces/base_interfaces/msg/detail/booksupply__rosidl_typesupport_fastrtps_c.h
[2.490s] -- Installing: /home/simpletime/project01_book/install/base_interfaces/include/base_interfaces/base_interfaces/msg/detail/bookneed__rosidl_typesupport_fastrtps_c.h
[2.491s] -- Up-to-date: /home/simpletime/project01_book/install/base_interfaces/include/base_interfaces/base_interfaces/msg/rosidl_typesupport_fastrtps_c__visibility_control.h
[2.491s] -- Installing: /home/simpletime/project01_book/install/base_interfaces/lib/libbase_interfaces__rosidl_typesupport_fastrtps_c.so
[2.491s] -- Set runtime path of "/home/simpletime/project01_book/install/base_interfaces/lib/libbase_interfaces__rosidl_typesupport_fastrtps_c.so" to ""
[2.491s] -- Up-to-date: /home/simpletime/project01_book/install/base_interfaces/include/base_interfaces/base_interfaces
[2.491s] -- Up-to-date: /home/simpletime/project01_book/install/base_interfaces/include/base_interfaces/base_interfaces/msg
[2.491s] -- Up-to-date: /home/simpletime/project01_book/install/base_interfaces/include/base_interfaces/base_interfaces/msg/rosidl_typesupport_introspection_c__visibility_control.h
[2.491s] -- Up-to-date: /home/simpletime/project01_book/install/base_interfaces/include/base_interfaces/base_interfaces/msg/detail
[2.491s] -- Installing: /home/simpletime/project01_book/install/base_interfaces/include/base_interfaces/base_interfaces/msg/detail/bookneed__type_support.c
[2.491s] -- Installing: /home/simpletime/project01_book/install/base_interfaces/include/base_interfaces/base_interfaces/msg/detail/booksupply__type_support.c
[2.492s] -- Installing: /home/simpletime/project01_book/install/base_interfaces/include/base_interfaces/base_interfaces/msg/detail/booksupply__rosidl_typesupport_introspection_c.h
[2.492s] -- Installing: /home/simpletime/project01_book/install/base_interfaces/include/base_interfaces/base_interfaces/msg/detail/bookneed__rosidl_typesupport_introspection_c.h
[2.492s] -- Installing: /home/simpletime/project01_book/install/base_interfaces/lib/libbase_interfaces__rosidl_typesupport_introspection_c.so
[2.492s] -- Set runtime path of "/home/simpletime/project01_book/install/base_interfaces/lib/libbase_interfaces__rosidl_typesupport_introspection_c.so" to ""
[2.492s] -- Installing: /home/simpletime/project01_book/install/base_interfaces/lib/libbase_interfaces__rosidl_typesupport_c.so
[2.492s] -- Set runtime path of "/home/simpletime/project01_book/install/base_interfaces/lib/libbase_interfaces__rosidl_typesupport_c.so" to ""
[2.492s] -- Up-to-date: /home/simpletime/project01_book/install/base_interfaces/include/base_interfaces/base_interfaces
[2.492s] -- Up-to-date: /home/simpletime/project01_book/install/base_interfaces/include/base_interfaces/base_interfaces/msg
[2.492s] -- Installing: /home/simpletime/project01_book/install/base_interfaces/include/base_interfaces/base_interfaces/msg/booksupply.hpp
[2.492s] -- Up-to-date: /home/simpletime/project01_book/install/base_interfaces/include/base_interfaces/base_interfaces/msg/detail
[2.493s] -- Installing: /home/simpletime/project01_book/install/base_interfaces/include/base_interfaces/base_interfaces/msg/detail/booksupply__builder.hpp
[2.493s] -- Installing: /home/simpletime/project01_book/install/base_interfaces/include/base_interfaces/base_interfaces/msg/detail/bookneed__builder.hpp
[2.493s] -- Installing: /home/simpletime/project01_book/install/base_interfaces/include/base_interfaces/base_interfaces/msg/detail/bookneed__struct.hpp
[2.493s] -- Installing: /home/simpletime/project01_book/install/base_interfaces/include/base_interfaces/base_interfaces/msg/detail/bookneed__traits.hpp
[2.493s] -- Installing: /home/simpletime/project01_book/install/base_interfaces/include/base_interfaces/base_interfaces/msg/detail/booksupply__traits.hpp
[2.493s] -- Installing: /home/simpletime/project01_book/install/base_interfaces/include/base_interfaces/base_interfaces/msg/detail/booksupply__struct.hpp
[2.493s] -- Installing: /home/simpletime/project01_book/install/base_interfaces/include/base_interfaces/base_interfaces/msg/bookneed.hpp
[2.493s] -- Up-to-date: /home/simpletime/project01_book/install/base_interfaces/include/base_interfaces/base_interfaces
[2.494s] -- Up-to-date: /home/simpletime/project01_book/install/base_interfaces/include/base_interfaces/base_interfaces/msg
[2.494s] -- Up-to-date: /home/simpletime/project01_book/install/base_interfaces/include/base_interfaces/base_interfaces/msg/detail
[2.494s] -- Up-to-date: /home/simpletime/project01_book/install/base_interfaces/include/base_interfaces/base_interfaces/msg/detail/dds_fastrtps
[2.494s] -- Installing: /home/simpletime/project01_book/install/base_interfaces/include/base_interfaces/base_interfaces/msg/detail/bookneed__rosidl_typesupport_fastrtps_cpp.hpp
[2.494s] -- Installing: /home/simpletime/project01_book/install/base_interfaces/include/base_interfaces/base_interfaces/msg/detail/booksupply__rosidl_typesupport_fastrtps_cpp.hpp
[2.494s] -- Up-to-date: /home/simpletime/project01_book/install/base_interfaces/include/base_interfaces/base_interfaces/msg/rosidl_typesupport_fastrtps_cpp__visibility_control.h
[2.494s] -- Installing: /home/simpletime/project01_book/install/base_interfaces/lib/libbase_interfaces__rosidl_typesupport_fastrtps_cpp.so
[2.494s] -- Set runtime path of "/home/simpletime/project01_book/install/base_interfaces/lib/libbase_interfaces__rosidl_typesupport_fastrtps_cpp.so" to ""
[2.494s] -- Up-to-date: /home/simpletime/project01_book/install/base_interfaces/include/base_interfaces/base_interfaces
[2.494s] -- Up-to-date: /home/simpletime/project01_book/install/base_interfaces/include/base_interfaces/base_interfaces/msg
[2.494s] -- Up-to-date: /home/simpletime/project01_book/install/base_interfaces/include/base_interfaces/base_interfaces/msg/detail
[2.495s] -- Installing: /home/simpletime/project01_book/install/base_interfaces/include/base_interfaces/base_interfaces/msg/detail/bookneed__rosidl_typesupport_introspection_cpp.hpp
[2.495s] -- Installing: /home/simpletime/project01_book/install/base_interfaces/include/base_interfaces/base_interfaces/msg/detail/bookneed__type_support.cpp
[2.495s] -- Installing: /home/simpletime/project01_book/install/base_interfaces/include/base_interfaces/base_interfaces/msg/detail/booksupply__type_support.cpp
[2.495s] -- Installing: /home/simpletime/project01_book/install/base_interfaces/include/base_interfaces/base_interfaces/msg/detail/booksupply__rosidl_typesupport_introspection_cpp.hpp
[2.495s] -- Installing: /home/simpletime/project01_book/install/base_interfaces/lib/libbase_interfaces__rosidl_typesupport_introspection_cpp.so
[2.495s] -- Set runtime path of "/home/simpletime/project01_book/install/base_interfaces/lib/libbase_interfaces__rosidl_typesupport_introspection_cpp.so" to ""
[2.495s] -- Installing: /home/simpletime/project01_book/install/base_interfaces/lib/libbase_interfaces__rosidl_typesupport_cpp.so
[2.496s] -- Set runtime path of "/home/simpletime/project01_book/install/base_interfaces/lib/libbase_interfaces__rosidl_typesupport_cpp.so" to ""
[2.496s] -- Up-to-date: /home/simpletime/project01_book/install/base_interfaces/share/base_interfaces/environment/pythonpath.sh
[2.496s] -- Installing: /home/simpletime/project01_book/install/base_interfaces/share/base_interfaces/environment/pythonpath.dsv
[2.496s] -- Up-to-date: /home/simpletime/project01_book/install/base_interfaces/local/lib/python3.10/dist-packages/base_interfaces-0.0.0-py3.10.egg-info
[2.496s] -- Installing: /home/simpletime/project01_book/install/base_interfaces/local/lib/python3.10/dist-packages/base_interfaces-0.0.0-py3.10.egg-info/PKG-INFO
[2.496s] -- Installing: /home/simpletime/project01_book/install/base_interfaces/local/lib/python3.10/dist-packages/base_interfaces-0.0.0-py3.10.egg-info/SOURCES.txt
[2.496s] -- Installing: /home/simpletime/project01_book/install/base_interfaces/local/lib/python3.10/dist-packages/base_interfaces-0.0.0-py3.10.egg-info/dependency_links.txt
[2.497s] -- Installing: /home/simpletime/project01_book/install/base_interfaces/local/lib/python3.10/dist-packages/base_interfaces-0.0.0-py3.10.egg-info/top_level.txt
[2.497s] -- Up-to-date: /home/simpletime/project01_book/install/base_interfaces/local/lib/python3.10/dist-packages/base_interfaces
[2.497s] -- Up-to-date: /home/simpletime/project01_book/install/base_interfaces/local/lib/python3.10/dist-packages/base_interfaces/msg
[2.497s] -- Installing: /home/simpletime/project01_book/install/base_interfaces/local/lib/python3.10/dist-packages/base_interfaces/msg/__init__.py
[2.497s] -- Installing: /home/simpletime/project01_book/install/base_interfaces/local/lib/python3.10/dist-packages/base_interfaces/msg/_booksupply_s.c
[2.497s] -- Installing: /home/simpletime/project01_book/install/base_interfaces/local/lib/python3.10/dist-packages/base_interfaces/msg/_booksupply.py
[2.497s] -- Installing: /home/simpletime/project01_book/install/base_interfaces/local/lib/python3.10/dist-packages/base_interfaces/msg/_bookneed.py
[2.497s] -- Installing: /home/simpletime/project01_book/install/base_interfaces/local/lib/python3.10/dist-packages/base_interfaces/msg/_bookneed_s.c
[2.497s] -- Installing: /home/simpletime/project01_book/install/base_interfaces/local/lib/python3.10/dist-packages/base_interfaces/__init__.py
[2.497s] -- Installing: /home/simpletime/project01_book/install/base_interfaces/local/lib/python3.10/dist-packages/base_interfaces/_base_interfaces_s.ep.rosidl_typesupport_introspection_c.c
[2.497s] -- Installing: /home/simpletime/project01_book/install/base_interfaces/local/lib/python3.10/dist-packages/base_interfaces/_base_interfaces_s.ep.rosidl_typesupport_fastrtps_c.c
[2.497s] -- Installing: /home/simpletime/project01_book/install/base_interfaces/local/lib/python3.10/dist-packages/base_interfaces/_base_interfaces_s.ep.rosidl_typesupport_c.c
[2.498s] -- Installing: /home/simpletime/project01_book/install/base_interfaces/local/lib/python3.10/dist-packages/base_interfaces/base_interfaces_s__rosidl_typesupport_c.cpython-310-x86_64-linux-gnu.so
[2.498s] -- Installing: /home/simpletime/project01_book/install/base_interfaces/local/lib/python3.10/dist-packages/base_interfaces/base_interfaces_s__rosidl_typesupport_fastrtps_c.cpython-310-x86_64-linux-gnu.so
[2.498s] -- Installing: /home/simpletime/project01_book/install/base_interfaces/local/lib/python3.10/dist-packages/base_interfaces/base_interfaces_s__rosidl_typesupport_introspection_c.cpython-310-x86_64-linux-gnu.so
[2.498s] -- Installing: /home/simpletime/project01_book/install/base_interfaces/local/lib/python3.10/dist-packages/base_interfaces/libbase_interfaces__rosidl_generator_py.so
[2.520s] Listing '/home/simpletime/project01_book/install/base_interfaces/local/lib/python3.10/dist-packages/base_interfaces'...
[2.520s] Compiling '/home/simpletime/project01_book/install/base_interfaces/local/lib/python3.10/dist-packages/base_interfaces/__init__.py'...
[2.520s] Listing '/home/simpletime/project01_book/install/base_interfaces/local/lib/python3.10/dist-packages/base_interfaces/msg'...
[2.520s] Compiling '/home/simpletime/project01_book/install/base_interfaces/local/lib/python3.10/dist-packages/base_interfaces/msg/__init__.py'...
[2.520s] Compiling '/home/simpletime/project01_book/install/base_interfaces/local/lib/python3.10/dist-packages/base_interfaces/msg/_bookneed.py'...
[2.521s] Compiling '/home/simpletime/project01_book/install/base_interfaces/local/lib/python3.10/dist-packages/base_interfaces/msg/_booksupply.py'...
[2.523s] -- Installing: /home/simpletime/project01_book/install/base_interfaces/local/lib/python3.10/dist-packages/base_interfaces/base_interfaces_s__rosidl_typesupport_fastrtps_c.cpython-310-x86_64-linux-gnu.so
[2.524s] -- Set runtime path of "/home/simpletime/project01_book/install/base_interfaces/local/lib/python3.10/dist-packages/base_interfaces/base_interfaces_s__rosidl_typesupport_fastrtps_c.cpython-310-x86_64-linux-gnu.so" to ""
[2.524s] -- Installing: /home/simpletime/project01_book/install/base_interfaces/local/lib/python3.10/dist-packages/base_interfaces/base_interfaces_s__rosidl_typesupport_introspection_c.cpython-310-x86_64-linux-gnu.so
[2.524s] -- Set runtime path of "/home/simpletime/project01_book/install/base_interfaces/local/lib/python3.10/dist-packages/base_interfaces/base_interfaces_s__rosidl_typesupport_introspection_c.cpython-310-x86_64-linux-gnu.so" to ""
[2.524s] -- Installing: /home/simpletime/project01_book/install/base_interfaces/local/lib/python3.10/dist-packages/base_interfaces/base_interfaces_s__rosidl_typesupport_c.cpython-310-x86_64-linux-gnu.so
[2.524s] -- Set runtime path of "/home/simpletime/project01_book/install/base_interfaces/local/lib/python3.10/dist-packages/base_interfaces/base_interfaces_s__rosidl_typesupport_c.cpython-310-x86_64-linux-gnu.so" to ""
[2.525s] -- Installing: /home/simpletime/project01_book/install/base_interfaces/lib/libbase_interfaces__rosidl_generator_py.so
[2.525s] -- Set runtime path of "/home/simpletime/project01_book/install/base_interfaces/lib/libbase_interfaces__rosidl_generator_py.so" to ""
[2.525s] -- Up-to-date: /home/simpletime/project01_book/install/base_interfaces/share/base_interfaces/msg/Bookneed.idl
[2.525s] -- Installing: /home/simpletime/project01_book/install/base_interfaces/share/base_interfaces/msg/Booksupply.idl
[2.525s] -- Up-to-date: /home/simpletime/project01_book/install/base_interfaces/share/base_interfaces/msg/Bookneed.msg
[2.526s] -- Installing: /home/simpletime/project01_book/install/base_interfaces/share/base_interfaces/msg/Booksupply.msg
[2.526s] -- Up-to-date: /home/simpletime/project01_book/install/base_interfaces/share/ament_index/resource_index/package_run_dependencies/base_interfaces
[2.526s] -- Up-to-date: /home/simpletime/project01_book/install/base_interfaces/share/ament_index/resource_index/parent_prefix_path/base_interfaces
[2.526s] -- Up-to-date: /home/simpletime/project01_book/install/base_interfaces/share/base_interfaces/environment/ament_prefix_path.sh
[2.526s] -- Installing: /home/simpletime/project01_book/install/base_interfaces/share/base_interfaces/environment/ament_prefix_path.dsv
[2.526s] -- Up-to-date: /home/simpletime/project01_book/install/base_interfaces/share/base_interfaces/environment/path.sh
[2.526s] -- Installing: /home/simpletime/project01_book/install/base_interfaces/share/base_interfaces/environment/path.dsv
[2.526s] -- Up-to-date: /home/simpletime/project01_book/install/base_interfaces/share/base_interfaces/local_setup.bash
[2.526s] -- Up-to-date: /home/simpletime/project01_book/install/base_interfaces/share/base_interfaces/local_setup.sh
[2.526s] -- Up-to-date: /home/simpletime/project01_book/install/base_interfaces/share/base_interfaces/local_setup.zsh
[2.526s] -- Installing: /home/simpletime/project01_book/install/base_interfaces/share/base_interfaces/local_setup.dsv
[2.526s] -- Installing: /home/simpletime/project01_book/install/base_interfaces/share/base_interfaces/package.dsv
[2.527s] -- Up-to-date: /home/simpletime/project01_book/install/base_interfaces/share/ament_index/resource_index/packages/base_interfaces
[2.527s] -- Up-to-date: /home/simpletime/project01_book/install/base_interfaces/share/base_interfaces/cmake/export_base_interfaces__rosidl_generator_cExport.cmake
[2.527s] -- Up-to-date: /home/simpletime/project01_book/install/base_interfaces/share/base_interfaces/cmake/export_base_interfaces__rosidl_generator_cExport-noconfig.cmake
[2.527s] -- Up-to-date: /home/simpletime/project01_book/install/base_interfaces/share/base_interfaces/cmake/export_base_interfaces__rosidl_typesupport_fastrtps_cExport.cmake
[2.527s] -- Up-to-date: /home/simpletime/project01_book/install/base_interfaces/share/base_interfaces/cmake/export_base_interfaces__rosidl_typesupport_fastrtps_cExport-noconfig.cmake
[2.527s] -- Up-to-date: /home/simpletime/project01_book/install/base_interfaces/share/base_interfaces/cmake/base_interfaces__rosidl_typesupport_introspection_cExport.cmake
[2.527s] -- Up-to-date: /home/simpletime/project01_book/install/base_interfaces/share/base_interfaces/cmake/base_interfaces__rosidl_typesupport_introspection_cExport-noconfig.cmake
[2.527s] -- Up-to-date: /home/simpletime/project01_book/install/base_interfaces/share/base_interfaces/cmake/base_interfaces__rosidl_typesupport_cExport.cmake
[2.527s] -- Up-to-date: /home/simpletime/project01_book/install/base_interfaces/share/base_interfaces/cmake/base_interfaces__rosidl_typesupport_cExport-noconfig.cmake
[2.527s] -- Up-to-date: /home/simpletime/project01_book/install/base_interfaces/share/base_interfaces/cmake/export_base_interfaces__rosidl_generator_cppExport.cmake
[2.527s] -- Up-to-date: /home/simpletime/project01_book/install/base_interfaces/share/base_interfaces/cmake/export_base_interfaces__rosidl_typesupport_fastrtps_cppExport.cmake
[2.527s] -- Up-to-date: /home/simpletime/project01_book/install/base_interfaces/share/base_interfaces/cmake/export_base_interfaces__rosidl_typesupport_fastrtps_cppExport-noconfig.cmake
[2.527s] -- Up-to-date: /home/simpletime/project01_book/install/base_interfaces/share/base_interfaces/cmake/base_interfaces__rosidl_typesupport_introspection_cppExport.cmake
[2.527s] -- Up-to-date: /home/simpletime/project01_book/install/base_interfaces/share/base_interfaces/cmake/base_interfaces__rosidl_typesupport_introspection_cppExport-noconfig.cmake
[2.527s] -- Up-to-date: /home/simpletime/project01_book/install/base_interfaces/share/base_interfaces/cmake/base_interfaces__rosidl_typesupport_cppExport.cmake
[2.527s] -- Up-to-date: /home/simpletime/project01_book/install/base_interfaces/share/base_interfaces/cmake/base_interfaces__rosidl_typesupport_cppExport-noconfig.cmake
[2.527s] -- Up-to-date: /home/simpletime/project01_book/install/base_interfaces/share/base_interfaces/cmake/export_base_interfaces__rosidl_generator_pyExport.cmake
[2.527s] -- Up-to-date: /home/simpletime/project01_book/install/base_interfaces/share/base_interfaces/cmake/export_base_interfaces__rosidl_generator_pyExport-noconfig.cmake
[2.527s] -- Installing: /home/simpletime/project01_book/install/base_interfaces/share/base_interfaces/cmake/rosidl_cmake-extras.cmake
[2.527s] -- Up-to-date: /home/simpletime/project01_book/install/base_interfaces/share/base_interfaces/cmake/ament_cmake_export_include_directories-extras.cmake
[2.528s] -- Up-to-date: /home/simpletime/project01_book/install/base_interfaces/share/base_interfaces/cmake/ament_cmake_export_libraries-extras.cmake
[2.528s] -- Up-to-date: /home/simpletime/project01_book/install/base_interfaces/share/base_interfaces/cmake/ament_cmake_export_targets-extras.cmake
[2.528s] -- Up-to-date: /home/simpletime/project01_book/install/base_interfaces/share/base_interfaces/cmake/rosidl_cmake_export_typesupport_targets-extras.cmake
[2.528s] -- Up-to-date: /home/simpletime/project01_book/install/base_interfaces/share/base_interfaces/cmake/ament_cmake_export_dependencies-extras.cmake
[2.528s] -- Up-to-date: /home/simpletime/project01_book/install/base_interfaces/share/base_interfaces/cmake/rosidl_cmake_export_typesupport_libraries-extras.cmake
[2.528s] -- Up-to-date: /home/simpletime/project01_book/install/base_interfaces/share/base_interfaces/cmake/base_interfacesConfig.cmake
[2.528s] -- Up-to-date: /home/simpletime/project01_book/install/base_interfaces/share/base_interfaces/cmake/base_interfacesConfig-version.cmake
[2.528s] -- Up-to-date: /home/simpletime/project01_book/install/base_interfaces/share/base_interfaces/package.xml
[2.531s] Invoked command in '/home/simpletime/project01_book/build/base_interfaces' returned '0': CMAKE_PREFIX_PATH=${CMAKE_PREFIX_PATH}:/opt/ros/humble /usr/bin/cmake --install /home/simpletime/project01_book/build/base_interfaces
