[0.113s] DEBUG:colcon:Command line arguments: ['/usr/bin/colcon', 'build']
[0.113s] DEBUG:colcon:Parsed command line arguments: Namespace(log_base=None, log_level=None, verb_name='build', build_base='build', install_base='install', merge_install=False, symlink_install=False, test_result_base=None, continue_on_error=False, executor='parallel', parallel_workers=4, event_handlers=None, ignore_user_meta=False, metas=['./colcon.meta'], base_paths=['.'], packages_ignore=None, packages_ignore_regex=None, paths=None, packages_up_to=None, packages_up_to_regex=None, packages_above=None, packages_above_and_dependencies=None, packages_above_depth=None, packages_select_by_dep=None, packages_skip_by_dep=None, packages_skip_up_to=None, packages_select_build_failed=False, packages_skip_build_finished=False, packages_select_test_failures=False, packages_skip_test_passed=False, packages_select=None, packages_skip=None, packages_select_regex=None, packages_skip_regex=None, packages_start=None, packages_end=None, allow_overriding=[], cmake_args=None, cmake_target=None, cmake_target_skip_unavailable=False, cmake_clean_cache=False, cmake_clean_first=False, cmake_force_configure=False, ament_cmake_args=None, catkin_cmake_args=None, catkin_skip_building_tests=False, verb_parser=<colcon_defaults.argument_parser.defaults.DefaultArgumentsDecorator object at 0x73111e90bfa0>, verb_extension=<colcon_core.verb.build.BuildVerb object at 0x73111ea50bb0>, main=<bound method BuildVerb.main of <colcon_core.verb.build.BuildVerb object at 0x73111ea50bb0>>)
[0.254s] Level 1:colcon.colcon_core.package_discovery:discover_packages(colcon_meta) check parameters
[0.255s] Level 1:colcon.colcon_core.package_discovery:discover_packages(recursive) check parameters
[0.255s] Level 1:colcon.colcon_core.package_discovery:discover_packages(ignore) check parameters
[0.255s] Level 1:colcon.colcon_core.package_discovery:discover_packages(path) check parameters
[0.255s] Level 1:colcon.colcon_core.package_discovery:discover_packages(colcon_meta) discover
[0.255s] Level 1:colcon.colcon_core.package_discovery:discover_packages(recursive) discover
[0.255s] INFO:colcon.colcon_core.package_discovery:Crawling recursively for packages in '/home/simpletime/project01_book'
[0.255s] Level 1:colcon.colcon_core.package_identification:_identify(.) by extensions ['ignore', 'ignore_ament_install']
[0.255s] Level 1:colcon.colcon_core.package_identification:_identify(.) by extension 'ignore'
[0.255s] Level 1:colcon.colcon_core.package_identification:_identify(.) by extension 'ignore_ament_install'
[0.255s] Level 1:colcon.colcon_core.package_identification:_identify(.) by extensions ['colcon_pkg']
[0.255s] Level 1:colcon.colcon_core.package_identification:_identify(.) by extension 'colcon_pkg'
[0.255s] Level 1:colcon.colcon_core.package_identification:_identify(.) by extensions ['colcon_meta']
[0.255s] Level 1:colcon.colcon_core.package_identification:_identify(.) by extension 'colcon_meta'
[0.255s] Level 1:colcon.colcon_core.package_identification:_identify(.) by extensions ['ros']
[0.255s] Level 1:colcon.colcon_core.package_identification:_identify(.) by extension 'ros'
[0.266s] Level 1:colcon.colcon_core.package_identification:_identify(.) by extensions ['cmake', 'python']
[0.266s] Level 1:colcon.colcon_core.package_identification:_identify(.) by extension 'cmake'
[0.266s] Level 1:colcon.colcon_core.package_identification:_identify(.) by extension 'python'
[0.266s] Level 1:colcon.colcon_core.package_identification:_identify(.) by extensions ['python_setup_py']
[0.266s] Level 1:colcon.colcon_core.package_identification:_identify(.) by extension 'python_setup_py'
[0.266s] Level 1:colcon.colcon_core.package_identification:_identify(build) by extensions ['ignore', 'ignore_ament_install']
[0.266s] Level 1:colcon.colcon_core.package_identification:_identify(build) by extension 'ignore'
[0.266s] Level 1:colcon.colcon_core.package_identification:_identify(build) ignored
[0.266s] Level 1:colcon.colcon_core.package_identification:_identify(install) by extensions ['ignore', 'ignore_ament_install']
[0.266s] Level 1:colcon.colcon_core.package_identification:_identify(install) by extension 'ignore'
[0.266s] Level 1:colcon.colcon_core.package_identification:_identify(install) ignored
[0.266s] Level 1:colcon.colcon_core.package_identification:_identify(log) by extensions ['ignore', 'ignore_ament_install']
[0.266s] Level 1:colcon.colcon_core.package_identification:_identify(log) by extension 'ignore'
[0.266s] Level 1:colcon.colcon_core.package_identification:_identify(log) ignored
[0.267s] Level 1:colcon.colcon_core.package_identification:_identify(src) by extensions ['ignore', 'ignore_ament_install']
[0.267s] Level 1:colcon.colcon_core.package_identification:_identify(src) by extension 'ignore'
[0.267s] Level 1:colcon.colcon_core.package_identification:_identify(src) by extension 'ignore_ament_install'
[0.267s] Level 1:colcon.colcon_core.package_identification:_identify(src) by extensions ['colcon_pkg']
[0.267s] Level 1:colcon.colcon_core.package_identification:_identify(src) by extension 'colcon_pkg'
[0.267s] Level 1:colcon.colcon_core.package_identification:_identify(src) by extensions ['colcon_meta']
[0.267s] Level 1:colcon.colcon_core.package_identification:_identify(src) by extension 'colcon_meta'
[0.267s] Level 1:colcon.colcon_core.package_identification:_identify(src) by extensions ['ros']
[0.267s] Level 1:colcon.colcon_core.package_identification:_identify(src) by extension 'ros'
[0.267s] Level 1:colcon.colcon_core.package_identification:_identify(src) by extensions ['cmake', 'python']
[0.267s] Level 1:colcon.colcon_core.package_identification:_identify(src) by extension 'cmake'
[0.267s] Level 1:colcon.colcon_core.package_identification:_identify(src) by extension 'python'
[0.267s] Level 1:colcon.colcon_core.package_identification:_identify(src) by extensions ['python_setup_py']
[0.267s] Level 1:colcon.colcon_core.package_identification:_identify(src) by extension 'python_setup_py'
[0.267s] Level 1:colcon.colcon_core.package_identification:_identify(src/base_interfaces) by extensions ['ignore', 'ignore_ament_install']
[0.267s] Level 1:colcon.colcon_core.package_identification:_identify(src/base_interfaces) by extension 'ignore'
[0.267s] Level 1:colcon.colcon_core.package_identification:_identify(src/base_interfaces) by extension 'ignore_ament_install'
[0.267s] Level 1:colcon.colcon_core.package_identification:_identify(src/base_interfaces) by extensions ['colcon_pkg']
[0.267s] Level 1:colcon.colcon_core.package_identification:_identify(src/base_interfaces) by extension 'colcon_pkg'
[0.267s] Level 1:colcon.colcon_core.package_identification:_identify(src/base_interfaces) by extensions ['colcon_meta']
[0.267s] Level 1:colcon.colcon_core.package_identification:_identify(src/base_interfaces) by extension 'colcon_meta'
[0.267s] Level 1:colcon.colcon_core.package_identification:_identify(src/base_interfaces) by extensions ['ros']
[0.267s] Level 1:colcon.colcon_core.package_identification:_identify(src/base_interfaces) by extension 'ros'
[0.269s] DEBUG:colcon.colcon_core.package_identification:Package 'src/base_interfaces' with type 'ros.ament_cmake' and name 'base_interfaces'
[0.269s] Level 1:colcon.colcon_core.package_identification:_identify(src/company) by extensions ['ignore', 'ignore_ament_install']
[0.269s] Level 1:colcon.colcon_core.package_identification:_identify(src/company) by extension 'ignore'
[0.269s] Level 1:colcon.colcon_core.package_identification:_identify(src/company) by extension 'ignore_ament_install'
[0.269s] Level 1:colcon.colcon_core.package_identification:_identify(src/company) by extensions ['colcon_pkg']
[0.270s] Level 1:colcon.colcon_core.package_identification:_identify(src/company) by extension 'colcon_pkg'
[0.270s] Level 1:colcon.colcon_core.package_identification:_identify(src/company) by extensions ['colcon_meta']
[0.270s] Level 1:colcon.colcon_core.package_identification:_identify(src/company) by extension 'colcon_meta'
[0.270s] Level 1:colcon.colcon_core.package_identification:_identify(src/company) by extensions ['ros']
[0.270s] Level 1:colcon.colcon_core.package_identification:_identify(src/company) by extension 'ros'
[0.270s] DEBUG:colcon.colcon_core.package_identification:Package 'src/company' with type 'ros.ament_cmake' and name 'company'
[0.270s] Level 1:colcon.colcon_core.package_discovery:discover_packages(recursive) using defaults
[0.270s] Level 1:colcon.colcon_core.package_discovery:discover_packages(ignore) discover
[0.270s] Level 1:colcon.colcon_core.package_discovery:discover_packages(ignore) using defaults
[0.270s] Level 1:colcon.colcon_core.package_discovery:discover_packages(path) discover
[0.270s] Level 1:colcon.colcon_core.package_discovery:discover_packages(path) using defaults
[0.289s] Level 1:colcon.colcon_core.package_discovery:discover_packages(prefix_path) check parameters
[0.289s] Level 1:colcon.colcon_core.package_discovery:discover_packages(prefix_path) discover
[0.291s] DEBUG:colcon.colcon_installed_package_information.package_discovery:Found 2 installed packages in /home/simpletime/project01_book/install
[0.292s] DEBUG:colcon.colcon_installed_package_information.package_discovery:Found 270 installed packages in /opt/ros/humble
[0.293s] Level 1:colcon.colcon_core.package_discovery:discover_packages(prefix_path) using defaults
[0.349s] Level 5:colcon.colcon_core.verb:set package 'base_interfaces' build argument 'cmake_args' from command line to 'None'
[0.349s] Level 5:colcon.colcon_core.verb:set package 'base_interfaces' build argument 'cmake_target' from command line to 'None'
[0.350s] Level 5:colcon.colcon_core.verb:set package 'base_interfaces' build argument 'cmake_target_skip_unavailable' from command line to 'False'
[0.350s] Level 5:colcon.colcon_core.verb:set package 'base_interfaces' build argument 'cmake_clean_cache' from command line to 'False'
[0.350s] Level 5:colcon.colcon_core.verb:set package 'base_interfaces' build argument 'cmake_clean_first' from command line to 'False'
[0.350s] Level 5:colcon.colcon_core.verb:set package 'base_interfaces' build argument 'cmake_force_configure' from command line to 'False'
[0.350s] Level 5:colcon.colcon_core.verb:set package 'base_interfaces' build argument 'ament_cmake_args' from command line to 'None'
[0.350s] Level 5:colcon.colcon_core.verb:set package 'base_interfaces' build argument 'catkin_cmake_args' from command line to 'None'
[0.350s] Level 5:colcon.colcon_core.verb:set package 'base_interfaces' build argument 'catkin_skip_building_tests' from command line to 'False'
[0.350s] DEBUG:colcon.colcon_core.verb:Building package 'base_interfaces' with the following arguments: {'ament_cmake_args': None, 'build_base': '/home/simpletime/project01_book/build/base_interfaces', 'catkin_cmake_args': None, 'catkin_skip_building_tests': False, 'cmake_args': None, 'cmake_clean_cache': False, 'cmake_clean_first': False, 'cmake_force_configure': False, 'cmake_target': None, 'cmake_target_skip_unavailable': False, 'install_base': '/home/simpletime/project01_book/install/base_interfaces', 'merge_install': False, 'path': '/home/simpletime/project01_book/src/base_interfaces', 'symlink_install': False, 'test_result_base': None}
[0.350s] Level 5:colcon.colcon_core.verb:set package 'company' build argument 'cmake_args' from command line to 'None'
[0.350s] Level 5:colcon.colcon_core.verb:set package 'company' build argument 'cmake_target' from command line to 'None'
[0.350s] Level 5:colcon.colcon_core.verb:set package 'company' build argument 'cmake_target_skip_unavailable' from command line to 'False'
[0.350s] Level 5:colcon.colcon_core.verb:set package 'company' build argument 'cmake_clean_cache' from command line to 'False'
[0.350s] Level 5:colcon.colcon_core.verb:set package 'company' build argument 'cmake_clean_first' from command line to 'False'
[0.350s] Level 5:colcon.colcon_core.verb:set package 'company' build argument 'cmake_force_configure' from command line to 'False'
[0.350s] Level 5:colcon.colcon_core.verb:set package 'company' build argument 'ament_cmake_args' from command line to 'None'
[0.350s] Level 5:colcon.colcon_core.verb:set package 'company' build argument 'catkin_cmake_args' from command line to 'None'
[0.350s] Level 5:colcon.colcon_core.verb:set package 'company' build argument 'catkin_skip_building_tests' from command line to 'False'
[0.350s] DEBUG:colcon.colcon_core.verb:Building package 'company' with the following arguments: {'ament_cmake_args': None, 'build_base': '/home/simpletime/project01_book/build/company', 'catkin_cmake_args': None, 'catkin_skip_building_tests': False, 'cmake_args': None, 'cmake_clean_cache': False, 'cmake_clean_first': False, 'cmake_force_configure': False, 'cmake_target': None, 'cmake_target_skip_unavailable': False, 'install_base': '/home/simpletime/project01_book/install/company', 'merge_install': False, 'path': '/home/simpletime/project01_book/src/company', 'symlink_install': False, 'test_result_base': None}
[0.350s] INFO:colcon.colcon_core.executor:Executing jobs using 'parallel' executor
[0.351s] DEBUG:colcon.colcon_parallel_executor.executor.parallel:run_until_complete
[0.351s] INFO:colcon.colcon_ros.task.ament_cmake.build:Building ROS package in '/home/simpletime/project01_book/src/base_interfaces' with build type 'ament_cmake'
[0.351s] INFO:colcon.colcon_cmake.task.cmake.build:Building CMake package in '/home/simpletime/project01_book/src/base_interfaces'
[0.355s] INFO:colcon.colcon_core.plugin_system:Skipping extension 'colcon_core.shell.bat': Not used on non-Windows systems
[0.355s] INFO:colcon.colcon_core.shell:Skip shell extension 'powershell' for command environment: Not usable outside of PowerShell
[0.355s] DEBUG:colcon.colcon_core.shell:Skip shell extension 'dsv' for command environment
[0.363s] DEBUG:colcon.colcon_core.event_handler.log_command:Invoking command in '/home/simpletime/project01_book/build/base_interfaces': CMAKE_PREFIX_PATH=${CMAKE_PREFIX_PATH}:/opt/ros/humble /usr/bin/cmake --build /home/simpletime/project01_book/build/base_interfaces -- -j4 -l4
[0.659s] DEBUG:colcon.colcon_core.event_handler.log_command:Invoked command in '/home/simpletime/project01_book/build/base_interfaces' returned '0': CMAKE_PREFIX_PATH=${CMAKE_PREFIX_PATH}:/opt/ros/humble /usr/bin/cmake --build /home/simpletime/project01_book/build/base_interfaces -- -j4 -l4
[0.744s] DEBUG:colcon.colcon_core.event_handler.log_command:Invoking command in '/home/simpletime/project01_book/build/base_interfaces': CMAKE_PREFIX_PATH=${CMAKE_PREFIX_PATH}:/opt/ros/humble /usr/bin/cmake --install /home/simpletime/project01_book/build/base_interfaces
[0.793s] Level 1:colcon.colcon_core.environment:create_environment_scripts_only(base_interfaces)
[0.794s] DEBUG:colcon.colcon_core.event_handler.log_command:Invoked command in '/home/simpletime/project01_book/build/base_interfaces' returned '0': CMAKE_PREFIX_PATH=${CMAKE_PREFIX_PATH}:/opt/ros/humble /usr/bin/cmake --install /home/simpletime/project01_book/build/base_interfaces
[0.799s] Level 1:colcon.colcon_core.environment:checking '/home/simpletime/project01_book/install/base_interfaces' for CMake module files
[0.799s] Level 1:colcon.colcon_core.environment:checking '/home/simpletime/project01_book/install/base_interfaces' for CMake config files
[0.800s] Level 1:colcon.colcon_core.shell:create_environment_hook('base_interfaces', 'cmake_prefix_path')
[0.800s] INFO:colcon.colcon_core.shell:Creating environment hook '/home/simpletime/project01_book/install/base_interfaces/share/base_interfaces/hook/cmake_prefix_path.ps1'
[0.801s] INFO:colcon.colcon_core.shell:Creating environment descriptor '/home/simpletime/project01_book/install/base_interfaces/share/base_interfaces/hook/cmake_prefix_path.dsv'
[0.801s] INFO:colcon.colcon_core.shell:Creating environment hook '/home/simpletime/project01_book/install/base_interfaces/share/base_interfaces/hook/cmake_prefix_path.sh'
[0.802s] Level 1:colcon.colcon_core.environment:checking '/home/simpletime/project01_book/install/base_interfaces/lib'
[0.802s] Level 1:colcon.colcon_core.shell:create_environment_hook('base_interfaces', 'ld_library_path_lib')
[0.802s] INFO:colcon.colcon_core.shell:Creating environment hook '/home/simpletime/project01_book/install/base_interfaces/share/base_interfaces/hook/ld_library_path_lib.ps1'
[0.802s] INFO:colcon.colcon_core.shell:Creating environment descriptor '/home/simpletime/project01_book/install/base_interfaces/share/base_interfaces/hook/ld_library_path_lib.dsv'
[0.803s] INFO:colcon.colcon_core.shell:Creating environment hook '/home/simpletime/project01_book/install/base_interfaces/share/base_interfaces/hook/ld_library_path_lib.sh'
[0.804s] Level 1:colcon.colcon_core.environment:checking '/home/simpletime/project01_book/install/base_interfaces/bin'
[0.804s] Level 1:colcon.colcon_core.environment:checking '/home/simpletime/project01_book/install/base_interfaces/lib/pkgconfig/base_interfaces.pc'
[0.804s] Level 1:colcon.colcon_core.environment:checking '/home/simpletime/project01_book/install/base_interfaces/lib/python3.10/site-packages'
[0.804s] Level 1:colcon.colcon_core.environment:checking '/home/simpletime/project01_book/install/base_interfaces/bin'
[0.804s] INFO:colcon.colcon_core.shell:Creating package script '/home/simpletime/project01_book/install/base_interfaces/share/base_interfaces/package.ps1'
[0.805s] INFO:colcon.colcon_core.shell:Creating package descriptor '/home/simpletime/project01_book/install/base_interfaces/share/base_interfaces/package.dsv'
[0.805s] INFO:colcon.colcon_core.shell:Creating package script '/home/simpletime/project01_book/install/base_interfaces/share/base_interfaces/package.sh'
[0.806s] INFO:colcon.colcon_core.shell:Creating package script '/home/simpletime/project01_book/install/base_interfaces/share/base_interfaces/package.bash'
[0.806s] INFO:colcon.colcon_core.shell:Creating package script '/home/simpletime/project01_book/install/base_interfaces/share/base_interfaces/package.zsh'
[0.807s] Level 1:colcon.colcon_core.environment:create_file_with_runtime_dependencies(/home/simpletime/project01_book/install/base_interfaces/share/colcon-core/packages/base_interfaces)
[0.884s] Level 1:colcon.colcon_core.environment:create_environment_scripts_only(base_interfaces)
[0.884s] Level 1:colcon.colcon_core.environment:checking '/home/simpletime/project01_book/install/base_interfaces' for CMake module files
[0.884s] Level 1:colcon.colcon_core.environment:checking '/home/simpletime/project01_book/install/base_interfaces' for CMake config files
[0.885s] Level 1:colcon.colcon_core.shell:create_environment_hook('base_interfaces', 'cmake_prefix_path')
[0.885s] INFO:colcon.colcon_core.shell:Creating environment hook '/home/simpletime/project01_book/install/base_interfaces/share/base_interfaces/hook/cmake_prefix_path.ps1'
[0.885s] INFO:colcon.colcon_core.shell:Creating environment descriptor '/home/simpletime/project01_book/install/base_interfaces/share/base_interfaces/hook/cmake_prefix_path.dsv'
[0.886s] INFO:colcon.colcon_core.shell:Creating environment hook '/home/simpletime/project01_book/install/base_interfaces/share/base_interfaces/hook/cmake_prefix_path.sh'
[0.886s] Level 1:colcon.colcon_core.environment:checking '/home/simpletime/project01_book/install/base_interfaces/lib'
[0.886s] Level 1:colcon.colcon_core.shell:create_environment_hook('base_interfaces', 'ld_library_path_lib')
[0.886s] INFO:colcon.colcon_core.shell:Creating environment hook '/home/simpletime/project01_book/install/base_interfaces/share/base_interfaces/hook/ld_library_path_lib.ps1'
[0.887s] INFO:colcon.colcon_core.shell:Creating environment descriptor '/home/simpletime/project01_book/install/base_interfaces/share/base_interfaces/hook/ld_library_path_lib.dsv'
[0.887s] INFO:colcon.colcon_core.shell:Creating environment hook '/home/simpletime/project01_book/install/base_interfaces/share/base_interfaces/hook/ld_library_path_lib.sh'
[0.887s] Level 1:colcon.colcon_core.environment:checking '/home/simpletime/project01_book/install/base_interfaces/bin'
[0.887s] Level 1:colcon.colcon_core.environment:checking '/home/simpletime/project01_book/install/base_interfaces/lib/pkgconfig/base_interfaces.pc'
[0.888s] Level 1:colcon.colcon_core.environment:checking '/home/simpletime/project01_book/install/base_interfaces/lib/python3.10/site-packages'
[0.888s] Level 1:colcon.colcon_core.environment:checking '/home/simpletime/project01_book/install/base_interfaces/bin'
[0.888s] INFO:colcon.colcon_core.shell:Creating package script '/home/simpletime/project01_book/install/base_interfaces/share/base_interfaces/package.ps1'
[0.888s] INFO:colcon.colcon_core.shell:Creating package descriptor '/home/simpletime/project01_book/install/base_interfaces/share/base_interfaces/package.dsv'
[0.889s] INFO:colcon.colcon_core.shell:Creating package script '/home/simpletime/project01_book/install/base_interfaces/share/base_interfaces/package.sh'
[0.889s] INFO:colcon.colcon_core.shell:Creating package script '/home/simpletime/project01_book/install/base_interfaces/share/base_interfaces/package.bash'
[0.890s] INFO:colcon.colcon_core.shell:Creating package script '/home/simpletime/project01_book/install/base_interfaces/share/base_interfaces/package.zsh'
[0.890s] Level 1:colcon.colcon_core.environment:create_file_with_runtime_dependencies(/home/simpletime/project01_book/install/base_interfaces/share/colcon-core/packages/base_interfaces)
[0.890s] INFO:colcon.colcon_ros.task.ament_cmake.build:Building ROS package in '/home/simpletime/project01_book/src/company' with build type 'ament_cmake'
[0.890s] INFO:colcon.colcon_cmake.task.cmake.build:Building CMake package in '/home/simpletime/project01_book/src/company'
[0.891s] INFO:colcon.colcon_core.shell:Skip shell extension 'powershell' for command environment: Not usable outside of PowerShell
[0.891s] DEBUG:colcon.colcon_core.shell:Skip shell extension 'dsv' for command environment
[0.902s] DEBUG:colcon.colcon_core.event_handler.log_command:Invoking command in '/home/simpletime/project01_book/build/company': CMAKE_PREFIX_PATH=/home/simpletime/project01_book/install/base_interfaces:/home/simpletime/project01_book/install/company:/opt/ros/humble /usr/bin/cmake --build /home/simpletime/project01_book/build/company -- -j4 -l4
[7.003s] DEBUG:colcon.colcon_core.event_handler.log_command:Invoked command in '/home/simpletime/project01_book/build/company' returned '0': CMAKE_PREFIX_PATH=/home/simpletime/project01_book/install/base_interfaces:/home/simpletime/project01_book/install/company:/opt/ros/humble /usr/bin/cmake --build /home/simpletime/project01_book/build/company -- -j4 -l4
[7.033s] DEBUG:colcon.colcon_core.event_handler.log_command:Invoking command in '/home/simpletime/project01_book/build/company': CMAKE_PREFIX_PATH=/home/simpletime/project01_book/install/base_interfaces:/home/simpletime/project01_book/install/company:/opt/ros/humble /usr/bin/cmake --install /home/simpletime/project01_book/build/company
[7.047s] Level 1:colcon.colcon_core.environment:create_environment_scripts_only(company)
[7.047s] Level 1:colcon.colcon_core.environment:checking '/home/simpletime/project01_book/install/company' for CMake module files
[7.048s] DEBUG:colcon.colcon_core.event_handler.log_command:Invoked command in '/home/simpletime/project01_book/build/company' returned '0': CMAKE_PREFIX_PATH=/home/simpletime/project01_book/install/base_interfaces:/home/simpletime/project01_book/install/company:/opt/ros/humble /usr/bin/cmake --install /home/simpletime/project01_book/build/company
[7.048s] Level 1:colcon.colcon_core.environment:checking '/home/simpletime/project01_book/install/company' for CMake config files
[7.048s] Level 1:colcon.colcon_core.shell:create_environment_hook('company', 'cmake_prefix_path')
[7.048s] INFO:colcon.colcon_core.shell:Creating environment hook '/home/simpletime/project01_book/install/company/share/company/hook/cmake_prefix_path.ps1'
[7.049s] INFO:colcon.colcon_core.shell:Creating environment descriptor '/home/simpletime/project01_book/install/company/share/company/hook/cmake_prefix_path.dsv'
[7.049s] INFO:colcon.colcon_core.shell:Creating environment hook '/home/simpletime/project01_book/install/company/share/company/hook/cmake_prefix_path.sh'
[7.050s] Level 1:colcon.colcon_core.environment:checking '/home/simpletime/project01_book/install/company/lib'
[7.050s] Level 1:colcon.colcon_core.environment:checking '/home/simpletime/project01_book/install/company/bin'
[7.050s] Level 1:colcon.colcon_core.environment:checking '/home/simpletime/project01_book/install/company/lib/pkgconfig/company.pc'
[7.050s] Level 1:colcon.colcon_core.environment:checking '/home/simpletime/project01_book/install/company/lib/python3.10/site-packages'
[7.050s] Level 1:colcon.colcon_core.environment:checking '/home/simpletime/project01_book/install/company/bin'
[7.050s] INFO:colcon.colcon_core.shell:Creating package script '/home/simpletime/project01_book/install/company/share/company/package.ps1'
[7.050s] INFO:colcon.colcon_core.shell:Creating package descriptor '/home/simpletime/project01_book/install/company/share/company/package.dsv'
[7.051s] INFO:colcon.colcon_core.shell:Creating package script '/home/simpletime/project01_book/install/company/share/company/package.sh'
[7.051s] INFO:colcon.colcon_core.shell:Creating package script '/home/simpletime/project01_book/install/company/share/company/package.bash'
[7.051s] INFO:colcon.colcon_core.shell:Creating package script '/home/simpletime/project01_book/install/company/share/company/package.zsh'
[7.052s] Level 1:colcon.colcon_core.environment:create_file_with_runtime_dependencies(/home/simpletime/project01_book/install/company/share/colcon-core/packages/company)
[7.082s] Level 1:colcon.colcon_core.environment:create_environment_scripts_only(company)
[7.083s] Level 1:colcon.colcon_core.environment:checking '/home/simpletime/project01_book/install/company' for CMake module files
[7.083s] Level 1:colcon.colcon_core.environment:checking '/home/simpletime/project01_book/install/company' for CMake config files
[7.083s] Level 1:colcon.colcon_core.shell:create_environment_hook('company', 'cmake_prefix_path')
[7.083s] INFO:colcon.colcon_core.shell:Creating environment hook '/home/simpletime/project01_book/install/company/share/company/hook/cmake_prefix_path.ps1'
[7.084s] INFO:colcon.colcon_core.shell:Creating environment descriptor '/home/simpletime/project01_book/install/company/share/company/hook/cmake_prefix_path.dsv'
[7.084s] INFO:colcon.colcon_core.shell:Creating environment hook '/home/simpletime/project01_book/install/company/share/company/hook/cmake_prefix_path.sh'
[7.085s] Level 1:colcon.colcon_core.environment:checking '/home/simpletime/project01_book/install/company/lib'
[7.085s] Level 1:colcon.colcon_core.environment:checking '/home/simpletime/project01_book/install/company/bin'
[7.085s] Level 1:colcon.colcon_core.environment:checking '/home/simpletime/project01_book/install/company/lib/pkgconfig/company.pc'
[7.085s] Level 1:colcon.colcon_core.environment:checking '/home/simpletime/project01_book/install/company/lib/python3.10/site-packages'
[7.085s] Level 1:colcon.colcon_core.environment:checking '/home/simpletime/project01_book/install/company/bin'
[7.085s] INFO:colcon.colcon_core.shell:Creating package script '/home/simpletime/project01_book/install/company/share/company/package.ps1'
[7.086s] INFO:colcon.colcon_core.shell:Creating package descriptor '/home/simpletime/project01_book/install/company/share/company/package.dsv'
[7.086s] INFO:colcon.colcon_core.shell:Creating package script '/home/simpletime/project01_book/install/company/share/company/package.sh'
[7.086s] INFO:colcon.colcon_core.shell:Creating package script '/home/simpletime/project01_book/install/company/share/company/package.bash'
[7.087s] INFO:colcon.colcon_core.shell:Creating package script '/home/simpletime/project01_book/install/company/share/company/package.zsh'
[7.087s] Level 1:colcon.colcon_core.environment:create_file_with_runtime_dependencies(/home/simpletime/project01_book/install/company/share/colcon-core/packages/company)
[7.087s] DEBUG:colcon.colcon_parallel_executor.executor.parallel:closing loop
[7.087s] DEBUG:colcon.colcon_parallel_executor.executor.parallel:loop closed
[7.087s] DEBUG:colcon.colcon_parallel_executor.executor.parallel:run_until_complete finished with '0'
[7.087s] DEBUG:colcon.colcon_core.event_reactor:joining thread
[7.091s] INFO:colcon.colcon_core.plugin_system:Skipping extension 'colcon_notification.desktop_notification.terminal_notifier': Not used on non-Darwin systems
[7.091s] INFO:colcon.colcon_core.plugin_system:Skipping extension 'colcon_notification.desktop_notification.win32': Not used on non-Windows systems
[7.091s] INFO:colcon.colcon_notification.desktop_notification:Sending desktop notification using 'notify2'
[7.106s] DEBUG:colcon.colcon_core.event_reactor:joined thread
[7.106s] INFO:colcon.colcon_core.shell:Creating prefix script '/home/simpletime/project01_book/install/local_setup.ps1'
[7.107s] INFO:colcon.colcon_core.shell:Creating prefix util module '/home/simpletime/project01_book/install/_local_setup_util_ps1.py'
[7.108s] INFO:colcon.colcon_core.shell:Creating prefix chain script '/home/simpletime/project01_book/install/setup.ps1'
[7.109s] INFO:colcon.colcon_core.shell:Creating prefix script '/home/simpletime/project01_book/install/local_setup.sh'
[7.109s] INFO:colcon.colcon_core.shell:Creating prefix util module '/home/simpletime/project01_book/install/_local_setup_util_sh.py'
[7.110s] INFO:colcon.colcon_core.shell:Creating prefix chain script '/home/simpletime/project01_book/install/setup.sh'
[7.111s] INFO:colcon.colcon_core.shell:Creating prefix script '/home/simpletime/project01_book/install/local_setup.bash'
[7.111s] INFO:colcon.colcon_core.shell:Creating prefix chain script '/home/simpletime/project01_book/install/setup.bash'
[7.112s] INFO:colcon.colcon_core.shell:Creating prefix script '/home/simpletime/project01_book/install/local_setup.zsh'
[7.112s] INFO:colcon.colcon_core.shell:Creating prefix chain script '/home/simpletime/project01_book/install/setup.zsh'
