[0.107s] DEBUG:colcon:Command line arguments: ['/usr/bin/colcon', 'build']
[0.107s] DEBUG:colcon:Parsed command line arguments: Namespace(log_base=None, log_level=None, verb_name='build', build_base='build', install_base='install', merge_install=False, symlink_install=False, test_result_base=None, continue_on_error=False, executor='parallel', parallel_workers=4, event_handlers=None, ignore_user_meta=False, metas=['./colcon.meta'], base_paths=['.'], packages_ignore=None, packages_ignore_regex=None, paths=None, packages_up_to=None, packages_up_to_regex=None, packages_above=None, packages_above_and_dependencies=None, packages_above_depth=None, packages_select_by_dep=None, packages_skip_by_dep=None, packages_skip_up_to=None, packages_select_build_failed=False, packages_skip_build_finished=False, packages_select_test_failures=False, packages_skip_test_passed=False, packages_select=None, packages_skip=None, packages_select_regex=None, packages_skip_regex=None, packages_start=None, packages_end=None, allow_overriding=[], cmake_args=None, cmake_target=None, cmake_target_skip_unavailable=False, cmake_clean_cache=False, cmake_clean_first=False, cmake_force_configure=False, ament_cmake_args=None, catkin_cmake_args=None, catkin_skip_building_tests=False, verb_parser=<colcon_defaults.argument_parser.defaults.DefaultArgumentsDecorator object at 0x740756f0bd00>, verb_extension=<colcon_core.verb.build.BuildVerb object at 0x7407570548b0>, main=<bound method BuildVerb.main of <colcon_core.verb.build.BuildVerb object at 0x7407570548b0>>)
[0.213s] Level 1:colcon.colcon_core.package_discovery:discover_packages(colcon_meta) check parameters
[0.213s] Level 1:colcon.colcon_core.package_discovery:discover_packages(recursive) check parameters
[0.213s] Level 1:colcon.colcon_core.package_discovery:discover_packages(ignore) check parameters
[0.213s] Level 1:colcon.colcon_core.package_discovery:discover_packages(path) check parameters
[0.213s] Level 1:colcon.colcon_core.package_discovery:discover_packages(colcon_meta) discover
[0.213s] Level 1:colcon.colcon_core.package_discovery:discover_packages(recursive) discover
[0.213s] INFO:colcon.colcon_core.package_discovery:Crawling recursively for packages in '/home/simpletime/practice/src'
[0.213s] Level 1:colcon.colcon_core.package_identification:_identify(.) by extensions ['ignore', 'ignore_ament_install']
[0.213s] Level 1:colcon.colcon_core.package_identification:_identify(.) by extension 'ignore'
[0.213s] Level 1:colcon.colcon_core.package_identification:_identify(.) by extension 'ignore_ament_install'
[0.214s] Level 1:colcon.colcon_core.package_identification:_identify(.) by extensions ['colcon_pkg']
[0.214s] Level 1:colcon.colcon_core.package_identification:_identify(.) by extension 'colcon_pkg'
[0.214s] Level 1:colcon.colcon_core.package_identification:_identify(.) by extensions ['colcon_meta']
[0.214s] Level 1:colcon.colcon_core.package_identification:_identify(.) by extension 'colcon_meta'
[0.214s] Level 1:colcon.colcon_core.package_identification:_identify(.) by extensions ['ros']
[0.214s] Level 1:colcon.colcon_core.package_identification:_identify(.) by extension 'ros'
[0.222s] Level 1:colcon.colcon_core.package_identification:_identify(.) by extensions ['cmake', 'python']
[0.222s] Level 1:colcon.colcon_core.package_identification:_identify(.) by extension 'cmake'
[0.222s] Level 1:colcon.colcon_core.package_identification:_identify(.) by extension 'python'
[0.222s] Level 1:colcon.colcon_core.package_identification:_identify(.) by extensions ['python_setup_py']
[0.223s] Level 1:colcon.colcon_core.package_identification:_identify(.) by extension 'python_setup_py'
[0.223s] Level 1:colcon.colcon_core.package_identification:_identify(base_interface) by extensions ['ignore', 'ignore_ament_install']
[0.223s] Level 1:colcon.colcon_core.package_identification:_identify(base_interface) by extension 'ignore'
[0.223s] Level 1:colcon.colcon_core.package_identification:_identify(base_interface) by extension 'ignore_ament_install'
[0.223s] Level 1:colcon.colcon_core.package_identification:_identify(base_interface) by extensions ['colcon_pkg']
[0.223s] Level 1:colcon.colcon_core.package_identification:_identify(base_interface) by extension 'colcon_pkg'
[0.223s] Level 1:colcon.colcon_core.package_identification:_identify(base_interface) by extensions ['colcon_meta']
[0.223s] Level 1:colcon.colcon_core.package_identification:_identify(base_interface) by extension 'colcon_meta'
[0.223s] Level 1:colcon.colcon_core.package_identification:_identify(base_interface) by extensions ['ros']
[0.223s] Level 1:colcon.colcon_core.package_identification:_identify(base_interface) by extension 'ros'
[0.225s] DEBUG:colcon.colcon_core.package_identification:Package 'base_interface' with type 'ros.ament_cmake' and name 'base_interface'
[0.225s] Level 1:colcon.colcon_core.package_identification:_identify(build) by extensions ['ignore', 'ignore_ament_install']
[0.225s] Level 1:colcon.colcon_core.package_identification:_identify(build) by extension 'ignore'
[0.225s] Level 1:colcon.colcon_core.package_identification:_identify(build) ignored
[0.225s] Level 1:colcon.colcon_core.package_identification:_identify(cpp_topic) by extensions ['ignore', 'ignore_ament_install']
[0.225s] Level 1:colcon.colcon_core.package_identification:_identify(cpp_topic) by extension 'ignore'
[0.225s] Level 1:colcon.colcon_core.package_identification:_identify(cpp_topic) by extension 'ignore_ament_install'
[0.225s] Level 1:colcon.colcon_core.package_identification:_identify(cpp_topic) by extensions ['colcon_pkg']
[0.225s] Level 1:colcon.colcon_core.package_identification:_identify(cpp_topic) by extension 'colcon_pkg'
[0.225s] Level 1:colcon.colcon_core.package_identification:_identify(cpp_topic) by extensions ['colcon_meta']
[0.225s] Level 1:colcon.colcon_core.package_identification:_identify(cpp_topic) by extension 'colcon_meta'
[0.225s] Level 1:colcon.colcon_core.package_identification:_identify(cpp_topic) by extensions ['ros']
[0.225s] Level 1:colcon.colcon_core.package_identification:_identify(cpp_topic) by extension 'ros'
[0.226s] DEBUG:colcon.colcon_core.package_identification:Package 'cpp_topic' with type 'ros.ament_cmake' and name 'cpp_topic'
[0.226s] Level 1:colcon.colcon_core.package_identification:_identify(install) by extensions ['ignore', 'ignore_ament_install']
[0.226s] Level 1:colcon.colcon_core.package_identification:_identify(install) by extension 'ignore'
[0.226s] Level 1:colcon.colcon_core.package_identification:_identify(install) ignored
[0.226s] Level 1:colcon.colcon_core.package_identification:_identify(log) by extensions ['ignore', 'ignore_ament_install']
[0.226s] Level 1:colcon.colcon_core.package_identification:_identify(log) by extension 'ignore'
[0.226s] Level 1:colcon.colcon_core.package_identification:_identify(log) ignored
[0.226s] Level 1:colcon.colcon_core.package_discovery:discover_packages(recursive) using defaults
[0.226s] Level 1:colcon.colcon_core.package_discovery:discover_packages(ignore) discover
[0.226s] Level 1:colcon.colcon_core.package_discovery:discover_packages(ignore) using defaults
[0.226s] Level 1:colcon.colcon_core.package_discovery:discover_packages(path) discover
[0.226s] Level 1:colcon.colcon_core.package_discovery:discover_packages(path) using defaults
[0.242s] Level 1:colcon.colcon_core.package_discovery:discover_packages(prefix_path) check parameters
[0.242s] Level 1:colcon.colcon_core.package_discovery:discover_packages(prefix_path) discover
[0.246s] DEBUG:colcon.colcon_installed_package_information.package_discovery:Found 270 installed packages in /opt/ros/humble
[0.246s] Level 1:colcon.colcon_core.package_discovery:discover_packages(prefix_path) using defaults
[0.296s] Level 5:colcon.colcon_core.verb:set package 'base_interface' build argument 'cmake_args' from command line to 'None'
[0.296s] Level 5:colcon.colcon_core.verb:set package 'base_interface' build argument 'cmake_target' from command line to 'None'
[0.296s] Level 5:colcon.colcon_core.verb:set package 'base_interface' build argument 'cmake_target_skip_unavailable' from command line to 'False'
[0.296s] Level 5:colcon.colcon_core.verb:set package 'base_interface' build argument 'cmake_clean_cache' from command line to 'False'
[0.296s] Level 5:colcon.colcon_core.verb:set package 'base_interface' build argument 'cmake_clean_first' from command line to 'False'
[0.296s] Level 5:colcon.colcon_core.verb:set package 'base_interface' build argument 'cmake_force_configure' from command line to 'False'
[0.296s] Level 5:colcon.colcon_core.verb:set package 'base_interface' build argument 'ament_cmake_args' from command line to 'None'
[0.296s] Level 5:colcon.colcon_core.verb:set package 'base_interface' build argument 'catkin_cmake_args' from command line to 'None'
[0.296s] Level 5:colcon.colcon_core.verb:set package 'base_interface' build argument 'catkin_skip_building_tests' from command line to 'False'
[0.296s] DEBUG:colcon.colcon_core.verb:Building package 'base_interface' with the following arguments: {'ament_cmake_args': None, 'build_base': '/home/simpletime/practice/src/build/base_interface', 'catkin_cmake_args': None, 'catkin_skip_building_tests': False, 'cmake_args': None, 'cmake_clean_cache': False, 'cmake_clean_first': False, 'cmake_force_configure': False, 'cmake_target': None, 'cmake_target_skip_unavailable': False, 'install_base': '/home/simpletime/practice/src/install/base_interface', 'merge_install': False, 'path': '/home/simpletime/practice/src/base_interface', 'symlink_install': False, 'test_result_base': None}
[0.296s] Level 5:colcon.colcon_core.verb:set package 'cpp_topic' build argument 'cmake_args' from command line to 'None'
[0.297s] Level 5:colcon.colcon_core.verb:set package 'cpp_topic' build argument 'cmake_target' from command line to 'None'
[0.297s] Level 5:colcon.colcon_core.verb:set package 'cpp_topic' build argument 'cmake_target_skip_unavailable' from command line to 'False'
[0.297s] Level 5:colcon.colcon_core.verb:set package 'cpp_topic' build argument 'cmake_clean_cache' from command line to 'False'
[0.297s] Level 5:colcon.colcon_core.verb:set package 'cpp_topic' build argument 'cmake_clean_first' from command line to 'False'
[0.297s] Level 5:colcon.colcon_core.verb:set package 'cpp_topic' build argument 'cmake_force_configure' from command line to 'False'
[0.297s] Level 5:colcon.colcon_core.verb:set package 'cpp_topic' build argument 'ament_cmake_args' from command line to 'None'
[0.297s] Level 5:colcon.colcon_core.verb:set package 'cpp_topic' build argument 'catkin_cmake_args' from command line to 'None'
[0.297s] Level 5:colcon.colcon_core.verb:set package 'cpp_topic' build argument 'catkin_skip_building_tests' from command line to 'False'
[0.297s] DEBUG:colcon.colcon_core.verb:Building package 'cpp_topic' with the following arguments: {'ament_cmake_args': None, 'build_base': '/home/simpletime/practice/src/build/cpp_topic', 'catkin_cmake_args': None, 'catkin_skip_building_tests': False, 'cmake_args': None, 'cmake_clean_cache': False, 'cmake_clean_first': False, 'cmake_force_configure': False, 'cmake_target': None, 'cmake_target_skip_unavailable': False, 'install_base': '/home/simpletime/practice/src/install/cpp_topic', 'merge_install': False, 'path': '/home/simpletime/practice/src/cpp_topic', 'symlink_install': False, 'test_result_base': None}
[0.297s] INFO:colcon.colcon_core.executor:Executing jobs using 'parallel' executor
[0.298s] DEBUG:colcon.colcon_parallel_executor.executor.parallel:run_until_complete
[0.298s] INFO:colcon.colcon_ros.task.ament_cmake.build:Building ROS package in '/home/simpletime/practice/src/base_interface' with build type 'ament_cmake'
[0.298s] INFO:colcon.colcon_cmake.task.cmake.build:Building CMake package in '/home/simpletime/practice/src/base_interface'
[0.301s] INFO:colcon.colcon_core.plugin_system:Skipping extension 'colcon_core.shell.bat': Not used on non-Windows systems
[0.301s] INFO:colcon.colcon_core.shell:Skip shell extension 'powershell' for command environment: Not usable outside of PowerShell
[0.301s] DEBUG:colcon.colcon_core.shell:Skip shell extension 'dsv' for command environment
[0.309s] DEBUG:colcon.colcon_core.event_handler.log_command:Invoking command in '/home/simpletime/practice/src/build/base_interface': CMAKE_PREFIX_PATH=/opt/ros/humble /usr/bin/cmake --build /home/simpletime/practice/src/build/base_interface -- -j4 -l4
[0.565s] DEBUG:colcon.colcon_core.event_handler.log_command:Invoked command in '/home/simpletime/practice/src/build/base_interface' returned '0': CMAKE_PREFIX_PATH=/opt/ros/humble /usr/bin/cmake --build /home/simpletime/practice/src/build/base_interface -- -j4 -l4
[0.624s] DEBUG:colcon.colcon_core.event_handler.log_command:Invoking command in '/home/simpletime/practice/src/build/base_interface': CMAKE_PREFIX_PATH=/opt/ros/humble /usr/bin/cmake --install /home/simpletime/practice/src/build/base_interface
[0.669s] Level 1:colcon.colcon_core.environment:create_environment_scripts_only(base_interface)
[0.670s] DEBUG:colcon.colcon_core.event_handler.log_command:Invoked command in '/home/simpletime/practice/src/build/base_interface' returned '0': CMAKE_PREFIX_PATH=/opt/ros/humble /usr/bin/cmake --install /home/simpletime/practice/src/build/base_interface
[0.674s] Level 1:colcon.colcon_core.environment:checking '/home/simpletime/practice/src/install/base_interface' for CMake module files
[0.674s] Level 1:colcon.colcon_core.environment:checking '/home/simpletime/practice/src/install/base_interface' for CMake config files
[0.675s] Level 1:colcon.colcon_core.shell:create_environment_hook('base_interface', 'cmake_prefix_path')
[0.675s] INFO:colcon.colcon_core.shell:Creating environment hook '/home/simpletime/practice/src/install/base_interface/share/base_interface/hook/cmake_prefix_path.ps1'
[0.675s] INFO:colcon.colcon_core.shell:Creating environment descriptor '/home/simpletime/practice/src/install/base_interface/share/base_interface/hook/cmake_prefix_path.dsv'
[0.676s] INFO:colcon.colcon_core.shell:Creating environment hook '/home/simpletime/practice/src/install/base_interface/share/base_interface/hook/cmake_prefix_path.sh'
[0.677s] Level 1:colcon.colcon_core.environment:checking '/home/simpletime/practice/src/install/base_interface/lib'
[0.677s] Level 1:colcon.colcon_core.shell:create_environment_hook('base_interface', 'ld_library_path_lib')
[0.677s] INFO:colcon.colcon_core.shell:Creating environment hook '/home/simpletime/practice/src/install/base_interface/share/base_interface/hook/ld_library_path_lib.ps1'
[0.677s] INFO:colcon.colcon_core.shell:Creating environment descriptor '/home/simpletime/practice/src/install/base_interface/share/base_interface/hook/ld_library_path_lib.dsv'
[0.677s] INFO:colcon.colcon_core.shell:Creating environment hook '/home/simpletime/practice/src/install/base_interface/share/base_interface/hook/ld_library_path_lib.sh'
[0.678s] Level 1:colcon.colcon_core.environment:checking '/home/simpletime/practice/src/install/base_interface/bin'
[0.678s] Level 1:colcon.colcon_core.environment:checking '/home/simpletime/practice/src/install/base_interface/lib/pkgconfig/base_interface.pc'
[0.678s] Level 1:colcon.colcon_core.environment:checking '/home/simpletime/practice/src/install/base_interface/lib/python3.10/site-packages'
[0.678s] Level 1:colcon.colcon_core.environment:checking '/home/simpletime/practice/src/install/base_interface/bin'
[0.678s] INFO:colcon.colcon_core.shell:Creating package script '/home/simpletime/practice/src/install/base_interface/share/base_interface/package.ps1'
[0.679s] INFO:colcon.colcon_core.shell:Creating package descriptor '/home/simpletime/practice/src/install/base_interface/share/base_interface/package.dsv'
[0.680s] INFO:colcon.colcon_core.shell:Creating package script '/home/simpletime/practice/src/install/base_interface/share/base_interface/package.sh'
[0.680s] INFO:colcon.colcon_core.shell:Creating package script '/home/simpletime/practice/src/install/base_interface/share/base_interface/package.bash'
[0.681s] INFO:colcon.colcon_core.shell:Creating package script '/home/simpletime/practice/src/install/base_interface/share/base_interface/package.zsh'
[0.681s] Level 1:colcon.colcon_core.environment:create_file_with_runtime_dependencies(/home/simpletime/practice/src/install/base_interface/share/colcon-core/packages/base_interface)
[0.739s] Level 1:colcon.colcon_core.environment:create_environment_scripts_only(base_interface)
[0.739s] Level 1:colcon.colcon_core.environment:checking '/home/simpletime/practice/src/install/base_interface' for CMake module files
[0.740s] Level 1:colcon.colcon_core.environment:checking '/home/simpletime/practice/src/install/base_interface' for CMake config files
[0.740s] Level 1:colcon.colcon_core.shell:create_environment_hook('base_interface', 'cmake_prefix_path')
[0.741s] INFO:colcon.colcon_core.shell:Creating environment hook '/home/simpletime/practice/src/install/base_interface/share/base_interface/hook/cmake_prefix_path.ps1'
[0.741s] INFO:colcon.colcon_core.shell:Creating environment descriptor '/home/simpletime/practice/src/install/base_interface/share/base_interface/hook/cmake_prefix_path.dsv'
[0.741s] INFO:colcon.colcon_core.shell:Creating environment hook '/home/simpletime/practice/src/install/base_interface/share/base_interface/hook/cmake_prefix_path.sh'
[0.742s] Level 1:colcon.colcon_core.environment:checking '/home/simpletime/practice/src/install/base_interface/lib'
[0.742s] Level 1:colcon.colcon_core.shell:create_environment_hook('base_interface', 'ld_library_path_lib')
[0.742s] INFO:colcon.colcon_core.shell:Creating environment hook '/home/simpletime/practice/src/install/base_interface/share/base_interface/hook/ld_library_path_lib.ps1'
[0.742s] INFO:colcon.colcon_core.shell:Creating environment descriptor '/home/simpletime/practice/src/install/base_interface/share/base_interface/hook/ld_library_path_lib.dsv'
[0.742s] INFO:colcon.colcon_core.shell:Creating environment hook '/home/simpletime/practice/src/install/base_interface/share/base_interface/hook/ld_library_path_lib.sh'
[0.743s] Level 1:colcon.colcon_core.environment:checking '/home/simpletime/practice/src/install/base_interface/bin'
[0.743s] Level 1:colcon.colcon_core.environment:checking '/home/simpletime/practice/src/install/base_interface/lib/pkgconfig/base_interface.pc'
[0.743s] Level 1:colcon.colcon_core.environment:checking '/home/simpletime/practice/src/install/base_interface/lib/python3.10/site-packages'
[0.743s] Level 1:colcon.colcon_core.environment:checking '/home/simpletime/practice/src/install/base_interface/bin'
[0.743s] INFO:colcon.colcon_core.shell:Creating package script '/home/simpletime/practice/src/install/base_interface/share/base_interface/package.ps1'
[0.744s] INFO:colcon.colcon_core.shell:Creating package descriptor '/home/simpletime/practice/src/install/base_interface/share/base_interface/package.dsv'
[0.744s] INFO:colcon.colcon_core.shell:Creating package script '/home/simpletime/practice/src/install/base_interface/share/base_interface/package.sh'
[0.744s] INFO:colcon.colcon_core.shell:Creating package script '/home/simpletime/practice/src/install/base_interface/share/base_interface/package.bash'
[0.745s] INFO:colcon.colcon_core.shell:Creating package script '/home/simpletime/practice/src/install/base_interface/share/base_interface/package.zsh'
[0.745s] Level 1:colcon.colcon_core.environment:create_file_with_runtime_dependencies(/home/simpletime/practice/src/install/base_interface/share/colcon-core/packages/base_interface)
[0.745s] INFO:colcon.colcon_ros.task.ament_cmake.build:Building ROS package in '/home/simpletime/practice/src/cpp_topic' with build type 'ament_cmake'
[0.746s] INFO:colcon.colcon_cmake.task.cmake.build:Building CMake package in '/home/simpletime/practice/src/cpp_topic'
[0.746s] INFO:colcon.colcon_core.shell:Skip shell extension 'powershell' for command environment: Not usable outside of PowerShell
[0.746s] DEBUG:colcon.colcon_core.shell:Skip shell extension 'dsv' for command environment
[0.756s] DEBUG:colcon.colcon_core.event_handler.log_command:Invoking command in '/home/simpletime/practice/src/build/cpp_topic': AMENT_PREFIX_PATH=/home/simpletime/practice/src/install/base_interface:${AMENT_PREFIX_PATH} CMAKE_PREFIX_PATH=/home/simpletime/practice/src/install/base_interface:/opt/ros/humble LD_LIBRARY_PATH=/home/simpletime/practice/src/install/base_interface/lib:${LD_LIBRARY_PATH} PYTHONPATH=/home/simpletime/practice/src/install/base_interface/local/lib/python3.10/dist-packages:${PYTHONPATH} /usr/bin/cmake --build /home/simpletime/practice/src/build/cpp_topic -- -j4 -l4
[6.554s] DEBUG:colcon.colcon_core.event_handler.log_command:Invoked command in '/home/simpletime/practice/src/build/cpp_topic' returned '0': AMENT_PREFIX_PATH=/home/simpletime/practice/src/install/base_interface:${AMENT_PREFIX_PATH} CMAKE_PREFIX_PATH=/home/simpletime/practice/src/install/base_interface:/opt/ros/humble LD_LIBRARY_PATH=/home/simpletime/practice/src/install/base_interface/lib:${LD_LIBRARY_PATH} PYTHONPATH=/home/simpletime/practice/src/install/base_interface/local/lib/python3.10/dist-packages:${PYTHONPATH} /usr/bin/cmake --build /home/simpletime/practice/src/build/cpp_topic -- -j4 -l4
[6.577s] DEBUG:colcon.colcon_core.event_handler.log_command:Invoking command in '/home/simpletime/practice/src/build/cpp_topic': AMENT_PREFIX_PATH=/home/simpletime/practice/src/install/base_interface:${AMENT_PREFIX_PATH} CMAKE_PREFIX_PATH=/home/simpletime/practice/src/install/base_interface:/opt/ros/humble LD_LIBRARY_PATH=/home/simpletime/practice/src/install/base_interface/lib:${LD_LIBRARY_PATH} PYTHONPATH=/home/simpletime/practice/src/install/base_interface/local/lib/python3.10/dist-packages:${PYTHONPATH} /usr/bin/cmake --install /home/simpletime/practice/src/build/cpp_topic
[6.595s] Level 1:colcon.colcon_core.environment:create_environment_scripts_only(cpp_topic)
[6.595s] Level 1:colcon.colcon_core.environment:checking '/home/simpletime/practice/src/install/cpp_topic' for CMake module files
[6.596s] DEBUG:colcon.colcon_core.event_handler.log_command:Invoked command in '/home/simpletime/practice/src/build/cpp_topic' returned '0': AMENT_PREFIX_PATH=/home/simpletime/practice/src/install/base_interface:${AMENT_PREFIX_PATH} CMAKE_PREFIX_PATH=/home/simpletime/practice/src/install/base_interface:/opt/ros/humble LD_LIBRARY_PATH=/home/simpletime/practice/src/install/base_interface/lib:${LD_LIBRARY_PATH} PYTHONPATH=/home/simpletime/practice/src/install/base_interface/local/lib/python3.10/dist-packages:${PYTHONPATH} /usr/bin/cmake --install /home/simpletime/practice/src/build/cpp_topic
[6.596s] Level 1:colcon.colcon_core.environment:checking '/home/simpletime/practice/src/install/cpp_topic' for CMake config files
[6.596s] Level 1:colcon.colcon_core.shell:create_environment_hook('cpp_topic', 'cmake_prefix_path')
[6.596s] INFO:colcon.colcon_core.shell:Creating environment hook '/home/simpletime/practice/src/install/cpp_topic/share/cpp_topic/hook/cmake_prefix_path.ps1'
[6.597s] INFO:colcon.colcon_core.shell:Creating environment descriptor '/home/simpletime/practice/src/install/cpp_topic/share/cpp_topic/hook/cmake_prefix_path.dsv'
[6.597s] INFO:colcon.colcon_core.shell:Creating environment hook '/home/simpletime/practice/src/install/cpp_topic/share/cpp_topic/hook/cmake_prefix_path.sh'
[6.598s] Level 1:colcon.colcon_core.environment:checking '/home/simpletime/practice/src/install/cpp_topic/lib'
[6.598s] Level 1:colcon.colcon_core.environment:checking '/home/simpletime/practice/src/install/cpp_topic/bin'
[6.598s] Level 1:colcon.colcon_core.environment:checking '/home/simpletime/practice/src/install/cpp_topic/lib/pkgconfig/cpp_topic.pc'
[6.598s] Level 1:colcon.colcon_core.environment:checking '/home/simpletime/practice/src/install/cpp_topic/lib/python3.10/site-packages'
[6.598s] Level 1:colcon.colcon_core.environment:checking '/home/simpletime/practice/src/install/cpp_topic/bin'
[6.598s] INFO:colcon.colcon_core.shell:Creating package script '/home/simpletime/practice/src/install/cpp_topic/share/cpp_topic/package.ps1'
[6.599s] INFO:colcon.colcon_core.shell:Creating package descriptor '/home/simpletime/practice/src/install/cpp_topic/share/cpp_topic/package.dsv'
[6.599s] INFO:colcon.colcon_core.shell:Creating package script '/home/simpletime/practice/src/install/cpp_topic/share/cpp_topic/package.sh'
[6.599s] INFO:colcon.colcon_core.shell:Creating package script '/home/simpletime/practice/src/install/cpp_topic/share/cpp_topic/package.bash'
[6.600s] INFO:colcon.colcon_core.shell:Creating package script '/home/simpletime/practice/src/install/cpp_topic/share/cpp_topic/package.zsh'
[6.600s] Level 1:colcon.colcon_core.environment:create_file_with_runtime_dependencies(/home/simpletime/practice/src/install/cpp_topic/share/colcon-core/packages/cpp_topic)
[6.624s] Level 1:colcon.colcon_core.environment:create_environment_scripts_only(cpp_topic)
[6.624s] Level 1:colcon.colcon_core.environment:checking '/home/simpletime/practice/src/install/cpp_topic' for CMake module files
[6.624s] Level 1:colcon.colcon_core.environment:checking '/home/simpletime/practice/src/install/cpp_topic' for CMake config files
[6.625s] Level 1:colcon.colcon_core.shell:create_environment_hook('cpp_topic', 'cmake_prefix_path')
[6.625s] INFO:colcon.colcon_core.shell:Creating environment hook '/home/simpletime/practice/src/install/cpp_topic/share/cpp_topic/hook/cmake_prefix_path.ps1'
[6.625s] INFO:colcon.colcon_core.shell:Creating environment descriptor '/home/simpletime/practice/src/install/cpp_topic/share/cpp_topic/hook/cmake_prefix_path.dsv'
[6.626s] INFO:colcon.colcon_core.shell:Creating environment hook '/home/simpletime/practice/src/install/cpp_topic/share/cpp_topic/hook/cmake_prefix_path.sh'
[6.626s] Level 1:colcon.colcon_core.environment:checking '/home/simpletime/practice/src/install/cpp_topic/lib'
[6.626s] Level 1:colcon.colcon_core.environment:checking '/home/simpletime/practice/src/install/cpp_topic/bin'
[6.626s] Level 1:colcon.colcon_core.environment:checking '/home/simpletime/practice/src/install/cpp_topic/lib/pkgconfig/cpp_topic.pc'
[6.626s] Level 1:colcon.colcon_core.environment:checking '/home/simpletime/practice/src/install/cpp_topic/lib/python3.10/site-packages'
[6.626s] Level 1:colcon.colcon_core.environment:checking '/home/simpletime/practice/src/install/cpp_topic/bin'
[6.627s] INFO:colcon.colcon_core.shell:Creating package script '/home/simpletime/practice/src/install/cpp_topic/share/cpp_topic/package.ps1'
[6.627s] INFO:colcon.colcon_core.shell:Creating package descriptor '/home/simpletime/practice/src/install/cpp_topic/share/cpp_topic/package.dsv'
[6.627s] INFO:colcon.colcon_core.shell:Creating package script '/home/simpletime/practice/src/install/cpp_topic/share/cpp_topic/package.sh'
[6.628s] INFO:colcon.colcon_core.shell:Creating package script '/home/simpletime/practice/src/install/cpp_topic/share/cpp_topic/package.bash'
[6.628s] INFO:colcon.colcon_core.shell:Creating package script '/home/simpletime/practice/src/install/cpp_topic/share/cpp_topic/package.zsh'
[6.628s] Level 1:colcon.colcon_core.environment:create_file_with_runtime_dependencies(/home/simpletime/practice/src/install/cpp_topic/share/colcon-core/packages/cpp_topic)
[6.629s] DEBUG:colcon.colcon_parallel_executor.executor.parallel:closing loop
[6.629s] DEBUG:colcon.colcon_parallel_executor.executor.parallel:loop closed
[6.629s] DEBUG:colcon.colcon_parallel_executor.executor.parallel:run_until_complete finished with '0'
[6.629s] DEBUG:colcon.colcon_core.event_reactor:joining thread
[6.633s] INFO:colcon.colcon_core.plugin_system:Skipping extension 'colcon_notification.desktop_notification.terminal_notifier': Not used on non-Darwin systems
[6.633s] INFO:colcon.colcon_core.plugin_system:Skipping extension 'colcon_notification.desktop_notification.win32': Not used on non-Windows systems
[6.633s] INFO:colcon.colcon_notification.desktop_notification:Sending desktop notification using 'notify2'
[6.646s] DEBUG:colcon.colcon_core.event_reactor:joined thread
[6.646s] INFO:colcon.colcon_core.shell:Creating prefix script '/home/simpletime/practice/src/install/local_setup.ps1'
[6.647s] INFO:colcon.colcon_core.shell:Creating prefix util module '/home/simpletime/practice/src/install/_local_setup_util_ps1.py'
[6.648s] INFO:colcon.colcon_core.shell:Creating prefix chain script '/home/simpletime/practice/src/install/setup.ps1'
[6.648s] INFO:colcon.colcon_core.shell:Creating prefix script '/home/simpletime/practice/src/install/local_setup.sh'
[6.649s] INFO:colcon.colcon_core.shell:Creating prefix util module '/home/simpletime/practice/src/install/_local_setup_util_sh.py'
[6.649s] INFO:colcon.colcon_core.shell:Creating prefix chain script '/home/simpletime/practice/src/install/setup.sh'
[6.650s] INFO:colcon.colcon_core.shell:Creating prefix script '/home/simpletime/practice/src/install/local_setup.bash'
[6.650s] INFO:colcon.colcon_core.shell:Creating prefix chain script '/home/simpletime/practice/src/install/setup.bash'
[6.651s] INFO:colcon.colcon_core.shell:Creating prefix script '/home/simpletime/practice/src/install/local_setup.zsh'
[6.651s] INFO:colcon.colcon_core.shell:Creating prefix chain script '/home/simpletime/practice/src/install/setup.zsh'
