[35m[1mConsolidate compiler generated dependencies of target reg_pcl[0m
[ 50%] [32mBuilding CXX object CMakeFiles/reg_pcl.dir/src/reg_pcl.cpp.o[0m
[100%] [32m[1mLinking CXX executable reg_pcl[0m
[100%] Built target reg_pcl
-- Install configuration: ""
-- Installing: /home/simpletime/Project/proj_ws_pcl/install/pcl/lib/pcl/reg_pcl
-- Set runtime path of "/home/simpletime/Project/proj_ws_pcl/install/pcl/lib/pcl/reg_pcl" to ""
-- Up-to-date: /home/simpletime/Project/proj_ws_pcl/install/pcl/lib/pcl/reg_pcl
-- Up-to-date: /home/simpletime/Project/proj_ws_pcl/install/pcl/share/ament_index/resource_index/package_run_dependencies/pcl
-- Up-to-date: /home/simpletime/Project/proj_ws_pcl/install/pcl/share/ament_index/resource_index/parent_prefix_path/pcl
-- Up-to-date: /home/simpletime/Project/proj_ws_pcl/install/pcl/share/pcl/environment/ament_prefix_path.sh
-- Up-to-date: /home/simpletime/Project/proj_ws_pcl/install/pcl/share/pcl/environment/ament_prefix_path.dsv
-- Up-to-date: /home/simpletime/Project/proj_ws_pcl/install/pcl/share/pcl/environment/path.sh
-- Up-to-date: /home/simpletime/Project/proj_ws_pcl/install/pcl/share/pcl/environment/path.dsv
-- Up-to-date: /home/simpletime/Project/proj_ws_pcl/install/pcl/share/pcl/local_setup.bash
-- Up-to-date: /home/simpletime/Project/proj_ws_pcl/install/pcl/share/pcl/local_setup.sh
-- Up-to-date: /home/simpletime/Project/proj_ws_pcl/install/pcl/share/pcl/local_setup.zsh
-- Up-to-date: /home/simpletime/Project/proj_ws_pcl/install/pcl/share/pcl/local_setup.dsv
-- Installing: /home/simpletime/Project/proj_ws_pcl/install/pcl/share/pcl/package.dsv
-- Up-to-date: /home/simpletime/Project/proj_ws_pcl/install/pcl/share/ament_index/resource_index/packages/pcl
-- Up-to-date: /home/simpletime/Project/proj_ws_pcl/install/pcl/share/pcl/cmake/pclConfig.cmake
-- Up-to-date: /home/simpletime/Project/proj_ws_pcl/install/pcl/share/pcl/cmake/pclConfig-version.cmake
-- Up-to-date: /home/simpletime/Project/proj_ws_pcl/install/pcl/share/pcl/package.xml
