[0.016s] Invoking command in '/home/simpletime/Project/proj_ws_pcl/build/pcl': CMAKE_PREFIX_PATH=/opt/ros/humble /usr/bin/cmake --build /home/simpletime/Project/proj_ws_pcl/build/pcl -- -j32 -l32
[0.123s] [35m[1mConsolidate compiler generated dependencies of target reg_pcl[0m
[0.151s] [ 50%] [32mBuilding CXX object CMakeFiles/reg_pcl.dir/src/reg_pcl.cpp.o[0m
[5.517s] [100%] [32m[1mLinking CXX executable reg_pcl[0m
[5.980s] [100%] Built target reg_pcl
[5.989s] Invoked command in '/home/simpletime/Project/proj_ws_pcl/build/pcl' returned '0': CMAKE_PREFIX_PATH=/opt/ros/humble /usr/bin/cmake --build /home/simpletime/Project/proj_ws_pcl/build/pcl -- -j32 -l32
[6.017s] Invoking command in '/home/simpletime/Project/proj_ws_pcl/build/pcl': CMAKE_PREFIX_PATH=/opt/ros/humble /usr/bin/cmake --install /home/simpletime/Project/proj_ws_pcl/build/pcl
[6.022s] -- Install configuration: ""
[6.023s] -- Installing: /home/simpletime/Project/proj_ws_pcl/install/pcl/lib/pcl/reg_pcl
[6.025s] -- Set runtime path of "/home/simpletime/Project/proj_ws_pcl/install/pcl/lib/pcl/reg_pcl" to ""
[6.025s] -- Up-to-date: /home/simpletime/Project/proj_ws_pcl/install/pcl/lib/pcl/reg_pcl
[6.025s] -- Up-to-date: /home/simpletime/Project/proj_ws_pcl/install/pcl/share/ament_index/resource_index/package_run_dependencies/pcl
[6.026s] -- Up-to-date: /home/simpletime/Project/proj_ws_pcl/install/pcl/share/ament_index/resource_index/parent_prefix_path/pcl
[6.026s] -- Up-to-date: /home/simpletime/Project/proj_ws_pcl/install/pcl/share/pcl/environment/ament_prefix_path.sh
[6.026s] -- Up-to-date: /home/simpletime/Project/proj_ws_pcl/install/pcl/share/pcl/environment/ament_prefix_path.dsv
[6.026s] -- Up-to-date: /home/simpletime/Project/proj_ws_pcl/install/pcl/share/pcl/environment/path.sh
[6.026s] -- Up-to-date: /home/simpletime/Project/proj_ws_pcl/install/pcl/share/pcl/environment/path.dsv
[6.026s] -- Up-to-date: /home/simpletime/Project/proj_ws_pcl/install/pcl/share/pcl/local_setup.bash
[6.026s] -- Up-to-date: /home/simpletime/Project/proj_ws_pcl/install/pcl/share/pcl/local_setup.sh
[6.027s] -- Up-to-date: /home/simpletime/Project/proj_ws_pcl/install/pcl/share/pcl/local_setup.zsh
[6.027s] -- Up-to-date: /home/simpletime/Project/proj_ws_pcl/install/pcl/share/pcl/local_setup.dsv
[6.027s] -- Installing: /home/simpletime/Project/proj_ws_pcl/install/pcl/share/pcl/package.dsv
[6.027s] -- Up-to-date: /home/simpletime/Project/proj_ws_pcl/install/pcl/share/ament_index/resource_index/packages/pcl
[6.027s] -- Up-to-date: /home/simpletime/Project/proj_ws_pcl/install/pcl/share/pcl/cmake/pclConfig.cmake
[6.027s] -- Up-to-date: /home/simpletime/Project/proj_ws_pcl/install/pcl/share/pcl/cmake/pclConfig-version.cmake
[6.027s] -- Up-to-date: /home/simpletime/Project/proj_ws_pcl/install/pcl/share/pcl/package.xml
[6.029s] Invoked command in '/home/simpletime/Project/proj_ws_pcl/build/pcl' returned '0': CMAKE_PREFIX_PATH=/opt/ros/humble /usr/bin/cmake --install /home/simpletime/Project/proj_ws_pcl/build/pcl
