[  3%] Built target base_interface__cpp
[ 12%] Built target base_interface__rosidl_generator_c
[ 12%] Built target ament_cmake_python_copy_base_interface
[ 22%] Built target base_interface__rosidl_typesupport_fastrtps_cpp
[ 32%] Built target base_interface__rosidl_typesupport_introspection_cpp
[ 41%] Built target base_interface__rosidl_typesupport_cpp
[ 51%] Built target base_interface__rosidl_typesupport_fastrtps_c
[ 61%] Built target base_interface__rosidl_typesupport_c
[ 70%] Built target base_interface__rosidl_typesupport_introspection_c
[ 70%] Built target base_interface
[ 74%] Built target base_interface__py
[ 80%] Built target base_interface__rosidl_generator_py
[ 90%] Built target base_interface__rosidl_typesupport_fastrtps_c__pyext
[ 93%] Built target base_interface__rosidl_typesupport_introspection_c__pyext
[100%] Built target base_interface__rosidl_typesupport_c__pyext
running egg_info
writing base_interface.egg-info/PKG-INFO
writing dependency_links to base_interface.egg-info/dependency_links.txt
writing top-level names to base_interface.egg-info/top_level.txt
reading manifest file 'base_interface.egg-info/SOURCES.txt'
writing manifest file 'base_interface.egg-info/SOURCES.txt'
[100%] Built target ament_cmake_python_build_base_interface_egg
-- Install configuration: ""
-- Up-to-date: /home/simpletime/exam/install/base_interface/share/ament_index/resource_index/rosidl_interfaces/base_interface
-- Up-to-date: /home/simpletime/exam/install/base_interface/include/base_interface/base_interface
-- Up-to-date: /home/simpletime/exam/install/base_interface/include/base_interface/base_interface/msg
-- Up-to-date: /home/simpletime/exam/install/base_interface/include/base_interface/base_interface/msg/detail
-- Up-to-date: /home/simpletime/exam/install/base_interface/include/base_interface/base_interface/msg/detail/message__type_support.h
-- Up-to-date: /home/simpletime/exam/install/base_interface/include/base_interface/base_interface/msg/detail/message__functions.h
-- Up-to-date: /home/simpletime/exam/install/base_interface/include/base_interface/base_interface/msg/detail/message__functions.c
-- Up-to-date: /home/simpletime/exam/install/base_interface/include/base_interface/base_interface/msg/detail/message__struct.h
-- Up-to-date: /home/simpletime/exam/install/base_interface/include/base_interface/base_interface/msg/message.h
-- Up-to-date: /home/simpletime/exam/install/base_interface/include/base_interface/base_interface/msg/rosidl_generator_c__visibility_control.h
-- Up-to-date: /home/simpletime/exam/install/base_interface/share/base_interface/environment/library_path.sh
-- Up-to-date: /home/simpletime/exam/install/base_interface/share/base_interface/environment/library_path.dsv
-- Up-to-date: /home/simpletime/exam/install/base_interface/lib/libbase_interface__rosidl_generator_c.so
-- Up-to-date: /home/simpletime/exam/install/base_interface/include/base_interface/base_interface
-- Up-to-date: /home/simpletime/exam/install/base_interface/include/base_interface/base_interface/msg
-- Up-to-date: /home/simpletime/exam/install/base_interface/include/base_interface/base_interface/msg/detail
-- Up-to-date: /home/simpletime/exam/install/base_interface/include/base_interface/base_interface/msg/detail/message__rosidl_typesupport_fastrtps_c.h
-- Up-to-date: /home/simpletime/exam/install/base_interface/include/base_interface/base_interface/msg/rosidl_typesupport_fastrtps_c__visibility_control.h
-- Up-to-date: /home/simpletime/exam/install/base_interface/lib/libbase_interface__rosidl_typesupport_fastrtps_c.so
-- Up-to-date: /home/simpletime/exam/install/base_interface/include/base_interface/base_interface
-- Up-to-date: /home/simpletime/exam/install/base_interface/include/base_interface/base_interface/msg
-- Up-to-date: /home/simpletime/exam/install/base_interface/include/base_interface/base_interface/msg/message.hpp
-- Up-to-date: /home/simpletime/exam/install/base_interface/include/base_interface/base_interface/msg/detail
-- Up-to-date: /home/simpletime/exam/install/base_interface/include/base_interface/base_interface/msg/detail/message__struct.hpp
-- Up-to-date: /home/simpletime/exam/install/base_interface/include/base_interface/base_interface/msg/detail/message__builder.hpp
-- Up-to-date: /home/simpletime/exam/install/base_interface/include/base_interface/base_interface/msg/detail/message__traits.hpp
-- Up-to-date: /home/simpletime/exam/install/base_interface/include/base_interface/base_interface
-- Up-to-date: /home/simpletime/exam/install/base_interface/include/base_interface/base_interface/msg
-- Up-to-date: /home/simpletime/exam/install/base_interface/include/base_interface/base_interface/msg/detail
-- Up-to-date: /home/simpletime/exam/install/base_interface/include/base_interface/base_interface/msg/detail/message__rosidl_typesupport_fastrtps_cpp.hpp
-- Up-to-date: /home/simpletime/exam/install/base_interface/include/base_interface/base_interface/msg/detail/dds_fastrtps
-- Up-to-date: /home/simpletime/exam/install/base_interface/include/base_interface/base_interface/msg/rosidl_typesupport_fastrtps_cpp__visibility_control.h
-- Up-to-date: /home/simpletime/exam/install/base_interface/lib/libbase_interface__rosidl_typesupport_fastrtps_cpp.so
-- Up-to-date: /home/simpletime/exam/install/base_interface/include/base_interface/base_interface
-- Up-to-date: /home/simpletime/exam/install/base_interface/include/base_interface/base_interface/msg
-- Up-to-date: /home/simpletime/exam/install/base_interface/include/base_interface/base_interface/msg/rosidl_typesupport_introspection_c__visibility_control.h
-- Up-to-date: /home/simpletime/exam/install/base_interface/include/base_interface/base_interface/msg/detail
-- Up-to-date: /home/simpletime/exam/install/base_interface/include/base_interface/base_interface/msg/detail/message__type_support.c
-- Up-to-date: /home/simpletime/exam/install/base_interface/include/base_interface/base_interface/msg/detail/message__rosidl_typesupport_introspection_c.h
-- Up-to-date: /home/simpletime/exam/install/base_interface/lib/libbase_interface__rosidl_typesupport_introspection_c.so
-- Up-to-date: /home/simpletime/exam/install/base_interface/lib/libbase_interface__rosidl_typesupport_c.so
-- Up-to-date: /home/simpletime/exam/install/base_interface/include/base_interface/base_interface
-- Up-to-date: /home/simpletime/exam/install/base_interface/include/base_interface/base_interface/msg
-- Up-to-date: /home/simpletime/exam/install/base_interface/include/base_interface/base_interface/msg/detail
-- Up-to-date: /home/simpletime/exam/install/base_interface/include/base_interface/base_interface/msg/detail/message__type_support.cpp
-- Up-to-date: /home/simpletime/exam/install/base_interface/include/base_interface/base_interface/msg/detail/message__rosidl_typesupport_introspection_cpp.hpp
-- Up-to-date: /home/simpletime/exam/install/base_interface/lib/libbase_interface__rosidl_typesupport_introspection_cpp.so
-- Up-to-date: /home/simpletime/exam/install/base_interface/lib/libbase_interface__rosidl_typesupport_cpp.so
-- Up-to-date: /home/simpletime/exam/install/base_interface/share/base_interface/environment/pythonpath.sh
-- Up-to-date: /home/simpletime/exam/install/base_interface/share/base_interface/environment/pythonpath.dsv
-- Up-to-date: /home/simpletime/exam/install/base_interface/local/lib/python3.10/dist-packages/base_interface-0.0.0-py3.10.egg-info
-- Installing: /home/simpletime/exam/install/base_interface/local/lib/python3.10/dist-packages/base_interface-0.0.0-py3.10.egg-info/PKG-INFO
-- Installing: /home/simpletime/exam/install/base_interface/local/lib/python3.10/dist-packages/base_interface-0.0.0-py3.10.egg-info/SOURCES.txt
-- Installing: /home/simpletime/exam/install/base_interface/local/lib/python3.10/dist-packages/base_interface-0.0.0-py3.10.egg-info/dependency_links.txt
-- Installing: /home/simpletime/exam/install/base_interface/local/lib/python3.10/dist-packages/base_interface-0.0.0-py3.10.egg-info/top_level.txt
-- Up-to-date: /home/simpletime/exam/install/base_interface/local/lib/python3.10/dist-packages/base_interface
-- Up-to-date: /home/simpletime/exam/install/base_interface/local/lib/python3.10/dist-packages/base_interface/msg
-- Up-to-date: /home/simpletime/exam/install/base_interface/local/lib/python3.10/dist-packages/base_interface/msg/_message_s.c
-- Up-to-date: /home/simpletime/exam/install/base_interface/local/lib/python3.10/dist-packages/base_interface/msg/__init__.py
-- Up-to-date: /home/simpletime/exam/install/base_interface/local/lib/python3.10/dist-packages/base_interface/msg/_message.py
-- Up-to-date: /home/simpletime/exam/install/base_interface/local/lib/python3.10/dist-packages/base_interface/_base_interface_s.ep.rosidl_typesupport_fastrtps_c.c
-- Up-to-date: /home/simpletime/exam/install/base_interface/local/lib/python3.10/dist-packages/base_interface/base_interface_s__rosidl_typesupport_fastrtps_c.cpython-310-x86_64-linux-gnu.so
-- Up-to-date: /home/simpletime/exam/install/base_interface/local/lib/python3.10/dist-packages/base_interface/__init__.py
-- Up-to-date: /home/simpletime/exam/install/base_interface/local/lib/python3.10/dist-packages/base_interface/base_interface_s__rosidl_typesupport_introspection_c.cpython-310-x86_64-linux-gnu.so
-- Up-to-date: /home/simpletime/exam/install/base_interface/local/lib/python3.10/dist-packages/base_interface/_base_interface_s.ep.rosidl_typesupport_c.c
-- Up-to-date: /home/simpletime/exam/install/base_interface/local/lib/python3.10/dist-packages/base_interface/base_interface_s__rosidl_typesupport_c.cpython-310-x86_64-linux-gnu.so
-- Up-to-date: /home/simpletime/exam/install/base_interface/local/lib/python3.10/dist-packages/base_interface/_base_interface_s.ep.rosidl_typesupport_introspection_c.c
-- Up-to-date: /home/simpletime/exam/install/base_interface/local/lib/python3.10/dist-packages/base_interface/libbase_interface__rosidl_generator_py.so
Listing '/home/simpletime/exam/install/base_interface/local/lib/python3.10/dist-packages/base_interface'...
Listing '/home/simpletime/exam/install/base_interface/local/lib/python3.10/dist-packages/base_interface/msg'...
-- Up-to-date: /home/simpletime/exam/install/base_interface/local/lib/python3.10/dist-packages/base_interface/base_interface_s__rosidl_typesupport_fastrtps_c.cpython-310-x86_64-linux-gnu.so
-- Up-to-date: /home/simpletime/exam/install/base_interface/local/lib/python3.10/dist-packages/base_interface/base_interface_s__rosidl_typesupport_introspection_c.cpython-310-x86_64-linux-gnu.so
-- Up-to-date: /home/simpletime/exam/install/base_interface/local/lib/python3.10/dist-packages/base_interface/base_interface_s__rosidl_typesupport_c.cpython-310-x86_64-linux-gnu.so
-- Up-to-date: /home/simpletime/exam/install/base_interface/lib/libbase_interface__rosidl_generator_py.so
-- Up-to-date: /home/simpletime/exam/install/base_interface/share/base_interface/msg/Message.idl
-- Up-to-date: /home/simpletime/exam/install/base_interface/share/base_interface/msg/Message.msg
-- Up-to-date: /home/simpletime/exam/install/base_interface/share/ament_index/resource_index/package_run_dependencies/base_interface
-- Up-to-date: /home/simpletime/exam/install/base_interface/share/ament_index/resource_index/parent_prefix_path/base_interface
-- Up-to-date: /home/simpletime/exam/install/base_interface/share/base_interface/environment/ament_prefix_path.sh
-- Up-to-date: /home/simpletime/exam/install/base_interface/share/base_interface/environment/ament_prefix_path.dsv
-- Up-to-date: /home/simpletime/exam/install/base_interface/share/base_interface/environment/path.sh
-- Up-to-date: /home/simpletime/exam/install/base_interface/share/base_interface/environment/path.dsv
-- Up-to-date: /home/simpletime/exam/install/base_interface/share/base_interface/local_setup.bash
-- Up-to-date: /home/simpletime/exam/install/base_interface/share/base_interface/local_setup.sh
-- Up-to-date: /home/simpletime/exam/install/base_interface/share/base_interface/local_setup.zsh
-- Up-to-date: /home/simpletime/exam/install/base_interface/share/base_interface/local_setup.dsv
-- Installing: /home/simpletime/exam/install/base_interface/share/base_interface/package.dsv
-- Up-to-date: /home/simpletime/exam/install/base_interface/share/ament_index/resource_index/packages/base_interface
-- Up-to-date: /home/simpletime/exam/install/base_interface/share/base_interface/cmake/export_base_interface__rosidl_generator_cExport.cmake
-- Up-to-date: /home/simpletime/exam/install/base_interface/share/base_interface/cmake/export_base_interface__rosidl_generator_cExport-noconfig.cmake
-- Up-to-date: /home/simpletime/exam/install/base_interface/share/base_interface/cmake/export_base_interface__rosidl_typesupport_fastrtps_cExport.cmake
-- Up-to-date: /home/simpletime/exam/install/base_interface/share/base_interface/cmake/export_base_interface__rosidl_typesupport_fastrtps_cExport-noconfig.cmake
-- Up-to-date: /home/simpletime/exam/install/base_interface/share/base_interface/cmake/export_base_interface__rosidl_generator_cppExport.cmake
-- Up-to-date: /home/simpletime/exam/install/base_interface/share/base_interface/cmake/export_base_interface__rosidl_typesupport_fastrtps_cppExport.cmake
-- Up-to-date: /home/simpletime/exam/install/base_interface/share/base_interface/cmake/export_base_interface__rosidl_typesupport_fastrtps_cppExport-noconfig.cmake
-- Up-to-date: /home/simpletime/exam/install/base_interface/share/base_interface/cmake/base_interface__rosidl_typesupport_introspection_cExport.cmake
-- Up-to-date: /home/simpletime/exam/install/base_interface/share/base_interface/cmake/base_interface__rosidl_typesupport_introspection_cExport-noconfig.cmake
-- Up-to-date: /home/simpletime/exam/install/base_interface/share/base_interface/cmake/base_interface__rosidl_typesupport_cExport.cmake
-- Up-to-date: /home/simpletime/exam/install/base_interface/share/base_interface/cmake/base_interface__rosidl_typesupport_cExport-noconfig.cmake
-- Up-to-date: /home/simpletime/exam/install/base_interface/share/base_interface/cmake/base_interface__rosidl_typesupport_introspection_cppExport.cmake
-- Up-to-date: /home/simpletime/exam/install/base_interface/share/base_interface/cmake/base_interface__rosidl_typesupport_introspection_cppExport-noconfig.cmake
-- Up-to-date: /home/simpletime/exam/install/base_interface/share/base_interface/cmake/base_interface__rosidl_typesupport_cppExport.cmake
-- Up-to-date: /home/simpletime/exam/install/base_interface/share/base_interface/cmake/base_interface__rosidl_typesupport_cppExport-noconfig.cmake
-- Up-to-date: /home/simpletime/exam/install/base_interface/share/base_interface/cmake/export_base_interface__rosidl_generator_pyExport.cmake
-- Up-to-date: /home/simpletime/exam/install/base_interface/share/base_interface/cmake/export_base_interface__rosidl_generator_pyExport-noconfig.cmake
-- Up-to-date: /home/simpletime/exam/install/base_interface/share/base_interface/cmake/rosidl_cmake-extras.cmake
-- Up-to-date: /home/simpletime/exam/install/base_interface/share/base_interface/cmake/ament_cmake_export_include_directories-extras.cmake
-- Up-to-date: /home/simpletime/exam/install/base_interface/share/base_interface/cmake/ament_cmake_export_libraries-extras.cmake
-- Up-to-date: /home/simpletime/exam/install/base_interface/share/base_interface/cmake/ament_cmake_export_targets-extras.cmake
-- Up-to-date: /home/simpletime/exam/install/base_interface/share/base_interface/cmake/rosidl_cmake_export_typesupport_targets-extras.cmake
-- Up-to-date: /home/simpletime/exam/install/base_interface/share/base_interface/cmake/ament_cmake_export_dependencies-extras.cmake
-- Up-to-date: /home/simpletime/exam/install/base_interface/share/base_interface/cmake/rosidl_cmake_export_typesupport_libraries-extras.cmake
-- Up-to-date: /home/simpletime/exam/install/base_interface/share/base_interface/cmake/base_interfaceConfig.cmake
-- Up-to-date: /home/simpletime/exam/install/base_interface/share/base_interface/cmake/base_interfaceConfig-version.cmake
-- Up-to-date: /home/simpletime/exam/install/base_interface/share/base_interface/package.xml
