[0.324s] DEBUG:colcon:Command line arguments: ['/usr/bin/colcon', 'build']
[0.324s] DEBUG:colcon:Parsed command line arguments: Namespace(log_base=None, log_level=None, verb_name='build', build_base='build', install_base='install', merge_install=False, symlink_install=False, test_result_base=None, continue_on_error=False, executor='parallel', parallel_workers=32, event_handlers=None, ignore_user_meta=False, metas=['./colcon.meta'], base_paths=['.'], packages_ignore=None, packages_ignore_regex=None, paths=None, packages_up_to=None, packages_up_to_regex=None, packages_above=None, packages_above_and_dependencies=None, packages_above_depth=None, packages_select_by_dep=None, packages_skip_by_dep=None, packages_skip_up_to=None, packages_select_build_failed=False, packages_skip_build_finished=False, packages_select_test_failures=False, packages_skip_test_passed=False, packages_select=None, packages_skip=None, packages_select_regex=None, packages_skip_regex=None, packages_start=None, packages_end=None, allow_overriding=[], cmake_args=None, cmake_target=None, cmake_target_skip_unavailable=False, cmake_clean_cache=False, cmake_clean_first=False, cmake_force_configure=False, ament_cmake_args=None, catkin_cmake_args=None, catkin_skip_building_tests=False, verb_parser=<colcon_defaults.argument_parser.defaults.DefaultArgumentsDecorator object at 0x7f3ba8a8fc70>, verb_extension=<colcon_core.verb.build.BuildVerb object at 0x7f3ba8a8f790>, main=<bound method BuildVerb.main of <colcon_core.verb.build.BuildVerb object at 0x7f3ba8a8f790>>)
[0.573s] Level 1:colcon.colcon_core.package_discovery:discover_packages(colcon_meta) check parameters
[0.573s] Level 1:colcon.colcon_core.package_discovery:discover_packages(recursive) check parameters
[0.573s] Level 1:colcon.colcon_core.package_discovery:discover_packages(ignore) check parameters
[0.573s] Level 1:colcon.colcon_core.package_discovery:discover_packages(path) check parameters
[0.573s] Level 1:colcon.colcon_core.package_discovery:discover_packages(colcon_meta) discover
[0.574s] Level 1:colcon.colcon_core.package_discovery:discover_packages(recursive) discover
[0.574s] INFO:colcon.colcon_core.package_discovery:Crawling recursively for packages in '/home/simpletime/Project/ws02_tools'
[0.574s] Level 1:colcon.colcon_core.package_identification:_identify(.) by extensions ['ignore', 'ignore_ament_install']
[0.574s] Level 1:colcon.colcon_core.package_identification:_identify(.) by extension 'ignore'
[0.574s] Level 1:colcon.colcon_core.package_identification:_identify(.) by extension 'ignore_ament_install'
[0.574s] Level 1:colcon.colcon_core.package_identification:_identify(.) by extensions ['colcon_pkg']
[0.574s] Level 1:colcon.colcon_core.package_identification:_identify(.) by extension 'colcon_pkg'
[0.574s] Level 1:colcon.colcon_core.package_identification:_identify(.) by extensions ['colcon_meta']
[0.574s] Level 1:colcon.colcon_core.package_identification:_identify(.) by extension 'colcon_meta'
[0.574s] Level 1:colcon.colcon_core.package_identification:_identify(.) by extensions ['ros']
[0.574s] Level 1:colcon.colcon_core.package_identification:_identify(.) by extension 'ros'
[0.587s] Level 1:colcon.colcon_core.package_identification:_identify(.) by extensions ['cmake', 'python']
[0.588s] Level 1:colcon.colcon_core.package_identification:_identify(.) by extension 'cmake'
[0.588s] Level 1:colcon.colcon_core.package_identification:_identify(.) by extension 'python'
[0.588s] Level 1:colcon.colcon_core.package_identification:_identify(.) by extensions ['python_setup_py']
[0.588s] Level 1:colcon.colcon_core.package_identification:_identify(.) by extension 'python_setup_py'
[0.588s] Level 1:colcon.colcon_core.package_identification:_identify(build) by extensions ['ignore', 'ignore_ament_install']
[0.588s] Level 1:colcon.colcon_core.package_identification:_identify(build) by extension 'ignore'
[0.588s] Level 1:colcon.colcon_core.package_identification:_identify(build) ignored
[0.588s] Level 1:colcon.colcon_core.package_identification:_identify(install) by extensions ['ignore', 'ignore_ament_install']
[0.588s] Level 1:colcon.colcon_core.package_identification:_identify(install) by extension 'ignore'
[0.588s] Level 1:colcon.colcon_core.package_identification:_identify(install) ignored
[0.588s] Level 1:colcon.colcon_core.package_identification:_identify(log) by extensions ['ignore', 'ignore_ament_install']
[0.588s] Level 1:colcon.colcon_core.package_identification:_identify(log) by extension 'ignore'
[0.589s] Level 1:colcon.colcon_core.package_identification:_identify(log) ignored
[0.589s] Level 1:colcon.colcon_core.package_identification:_identify(source) by extensions ['ignore', 'ignore_ament_install']
[0.589s] Level 1:colcon.colcon_core.package_identification:_identify(source) by extension 'ignore'
[0.589s] Level 1:colcon.colcon_core.package_identification:_identify(source) by extension 'ignore_ament_install'
[0.589s] Level 1:colcon.colcon_core.package_identification:_identify(source) by extensions ['colcon_pkg']
[0.589s] Level 1:colcon.colcon_core.package_identification:_identify(source) by extension 'colcon_pkg'
[0.589s] Level 1:colcon.colcon_core.package_identification:_identify(source) by extensions ['colcon_meta']
[0.589s] Level 1:colcon.colcon_core.package_identification:_identify(source) by extension 'colcon_meta'
[0.589s] Level 1:colcon.colcon_core.package_identification:_identify(source) by extensions ['ros']
[0.589s] Level 1:colcon.colcon_core.package_identification:_identify(source) by extension 'ros'
[0.589s] Level 1:colcon.colcon_core.package_identification:_identify(source) by extensions ['cmake', 'python']
[0.589s] Level 1:colcon.colcon_core.package_identification:_identify(source) by extension 'cmake'
[0.589s] Level 1:colcon.colcon_core.package_identification:_identify(source) by extension 'python'
[0.589s] Level 1:colcon.colcon_core.package_identification:_identify(source) by extensions ['python_setup_py']
[0.589s] Level 1:colcon.colcon_core.package_identification:_identify(source) by extension 'python_setup_py'
[0.589s] Level 1:colcon.colcon_core.package_identification:_identify(src) by extensions ['ignore', 'ignore_ament_install']
[0.590s] Level 1:colcon.colcon_core.package_identification:_identify(src) by extension 'ignore'
[0.590s] Level 1:colcon.colcon_core.package_identification:_identify(src) by extension 'ignore_ament_install'
[0.590s] Level 1:colcon.colcon_core.package_identification:_identify(src) by extensions ['colcon_pkg']
[0.590s] Level 1:colcon.colcon_core.package_identification:_identify(src) by extension 'colcon_pkg'
[0.590s] Level 1:colcon.colcon_core.package_identification:_identify(src) by extensions ['colcon_meta']
[0.590s] Level 1:colcon.colcon_core.package_identification:_identify(src) by extension 'colcon_meta'
[0.590s] Level 1:colcon.colcon_core.package_identification:_identify(src) by extensions ['ros']
[0.590s] Level 1:colcon.colcon_core.package_identification:_identify(src) by extension 'ros'
[0.590s] Level 1:colcon.colcon_core.package_identification:_identify(src) by extensions ['cmake', 'python']
[0.590s] Level 1:colcon.colcon_core.package_identification:_identify(src) by extension 'cmake'
[0.590s] Level 1:colcon.colcon_core.package_identification:_identify(src) by extension 'python'
[0.590s] Level 1:colcon.colcon_core.package_identification:_identify(src) by extensions ['python_setup_py']
[0.590s] Level 1:colcon.colcon_core.package_identification:_identify(src) by extension 'python_setup_py'
[0.590s] Level 1:colcon.colcon_core.package_identification:_identify(src/cpp01_tf_broadcaster) by extensions ['ignore', 'ignore_ament_install']
[0.590s] Level 1:colcon.colcon_core.package_identification:_identify(src/cpp01_tf_broadcaster) by extension 'ignore'
[0.590s] Level 1:colcon.colcon_core.package_identification:_identify(src/cpp01_tf_broadcaster) by extension 'ignore_ament_install'
[0.590s] Level 1:colcon.colcon_core.package_identification:_identify(src/cpp01_tf_broadcaster) by extensions ['colcon_pkg']
[0.590s] Level 1:colcon.colcon_core.package_identification:_identify(src/cpp01_tf_broadcaster) by extension 'colcon_pkg'
[0.590s] Level 1:colcon.colcon_core.package_identification:_identify(src/cpp01_tf_broadcaster) by extensions ['colcon_meta']
[0.590s] Level 1:colcon.colcon_core.package_identification:_identify(src/cpp01_tf_broadcaster) by extension 'colcon_meta'
[0.590s] Level 1:colcon.colcon_core.package_identification:_identify(src/cpp01_tf_broadcaster) by extensions ['ros']
[0.590s] Level 1:colcon.colcon_core.package_identification:_identify(src/cpp01_tf_broadcaster) by extension 'ros'
[0.594s] DEBUG:colcon.colcon_core.package_identification:Package 'src/cpp01_tf_broadcaster' with type 'ros.ament_cmake' and name 'cpp01_tf_broadcaster'
[0.594s] Level 1:colcon.colcon_core.package_identification:_identify(src/cpp02_launch) by extensions ['ignore', 'ignore_ament_install']
[0.595s] Level 1:colcon.colcon_core.package_identification:_identify(src/cpp02_launch) by extension 'ignore'
[0.595s] Level 1:colcon.colcon_core.package_identification:_identify(src/cpp02_launch) by extension 'ignore_ament_install'
[0.595s] Level 1:colcon.colcon_core.package_identification:_identify(src/cpp02_launch) by extensions ['colcon_pkg']
[0.595s] Level 1:colcon.colcon_core.package_identification:_identify(src/cpp02_launch) by extension 'colcon_pkg'
[0.595s] Level 1:colcon.colcon_core.package_identification:_identify(src/cpp02_launch) by extensions ['colcon_meta']
[0.595s] Level 1:colcon.colcon_core.package_identification:_identify(src/cpp02_launch) by extension 'colcon_meta'
[0.595s] Level 1:colcon.colcon_core.package_identification:_identify(src/cpp02_launch) by extensions ['ros']
[0.595s] Level 1:colcon.colcon_core.package_identification:_identify(src/cpp02_launch) by extension 'ros'
[0.596s] DEBUG:colcon.colcon_core.package_identification:Package 'src/cpp02_launch' with type 'ros.ament_cmake' and name 'cpp02_launch'
[0.596s] Level 1:colcon.colcon_core.package_discovery:discover_packages(recursive) using defaults
[0.596s] Level 1:colcon.colcon_core.package_discovery:discover_packages(ignore) discover
[0.596s] Level 1:colcon.colcon_core.package_discovery:discover_packages(ignore) using defaults
[0.596s] Level 1:colcon.colcon_core.package_discovery:discover_packages(path) discover
[0.596s] Level 1:colcon.colcon_core.package_discovery:discover_packages(path) using defaults
[0.621s] Level 1:colcon.colcon_core.package_discovery:discover_packages(prefix_path) check parameters
[0.621s] Level 1:colcon.colcon_core.package_discovery:discover_packages(prefix_path) discover
[0.627s] DEBUG:colcon.colcon_installed_package_information.package_discovery:Found 2 installed packages in /home/simpletime/Project/ws02_tools/install
[0.629s] DEBUG:colcon.colcon_installed_package_information.package_discovery:Found 271 installed packages in /opt/ros/humble
[0.630s] Level 1:colcon.colcon_core.package_discovery:discover_packages(prefix_path) using defaults
[0.731s] Level 5:colcon.colcon_core.verb:set package 'cpp01_tf_broadcaster' build argument 'cmake_args' from command line to 'None'
[0.732s] Level 5:colcon.colcon_core.verb:set package 'cpp01_tf_broadcaster' build argument 'cmake_target' from command line to 'None'
[0.732s] Level 5:colcon.colcon_core.verb:set package 'cpp01_tf_broadcaster' build argument 'cmake_target_skip_unavailable' from command line to 'False'
[0.732s] Level 5:colcon.colcon_core.verb:set package 'cpp01_tf_broadcaster' build argument 'cmake_clean_cache' from command line to 'False'
[0.732s] Level 5:colcon.colcon_core.verb:set package 'cpp01_tf_broadcaster' build argument 'cmake_clean_first' from command line to 'False'
[0.732s] Level 5:colcon.colcon_core.verb:set package 'cpp01_tf_broadcaster' build argument 'cmake_force_configure' from command line to 'False'
[0.732s] Level 5:colcon.colcon_core.verb:set package 'cpp01_tf_broadcaster' build argument 'ament_cmake_args' from command line to 'None'
[0.732s] Level 5:colcon.colcon_core.verb:set package 'cpp01_tf_broadcaster' build argument 'catkin_cmake_args' from command line to 'None'
[0.732s] Level 5:colcon.colcon_core.verb:set package 'cpp01_tf_broadcaster' build argument 'catkin_skip_building_tests' from command line to 'False'
[0.732s] DEBUG:colcon.colcon_core.verb:Building package 'cpp01_tf_broadcaster' with the following arguments: {'ament_cmake_args': None, 'build_base': '/home/simpletime/Project/ws02_tools/build/cpp01_tf_broadcaster', 'catkin_cmake_args': None, 'catkin_skip_building_tests': False, 'cmake_args': None, 'cmake_clean_cache': False, 'cmake_clean_first': False, 'cmake_force_configure': False, 'cmake_target': None, 'cmake_target_skip_unavailable': False, 'install_base': '/home/simpletime/Project/ws02_tools/install/cpp01_tf_broadcaster', 'merge_install': False, 'path': '/home/simpletime/Project/ws02_tools/src/cpp01_tf_broadcaster', 'symlink_install': False, 'test_result_base': None}
[0.732s] Level 5:colcon.colcon_core.verb:set package 'cpp02_launch' build argument 'cmake_args' from command line to 'None'
[0.732s] Level 5:colcon.colcon_core.verb:set package 'cpp02_launch' build argument 'cmake_target' from command line to 'None'
[0.732s] Level 5:colcon.colcon_core.verb:set package 'cpp02_launch' build argument 'cmake_target_skip_unavailable' from command line to 'False'
[0.732s] Level 5:colcon.colcon_core.verb:set package 'cpp02_launch' build argument 'cmake_clean_cache' from command line to 'False'
[0.732s] Level 5:colcon.colcon_core.verb:set package 'cpp02_launch' build argument 'cmake_clean_first' from command line to 'False'
[0.732s] Level 5:colcon.colcon_core.verb:set package 'cpp02_launch' build argument 'cmake_force_configure' from command line to 'False'
[0.732s] Level 5:colcon.colcon_core.verb:set package 'cpp02_launch' build argument 'ament_cmake_args' from command line to 'None'
[0.732s] Level 5:colcon.colcon_core.verb:set package 'cpp02_launch' build argument 'catkin_cmake_args' from command line to 'None'
[0.732s] Level 5:colcon.colcon_core.verb:set package 'cpp02_launch' build argument 'catkin_skip_building_tests' from command line to 'False'
[0.732s] DEBUG:colcon.colcon_core.verb:Building package 'cpp02_launch' with the following arguments: {'ament_cmake_args': None, 'build_base': '/home/simpletime/Project/ws02_tools/build/cpp02_launch', 'catkin_cmake_args': None, 'catkin_skip_building_tests': False, 'cmake_args': None, 'cmake_clean_cache': False, 'cmake_clean_first': False, 'cmake_force_configure': False, 'cmake_target': None, 'cmake_target_skip_unavailable': False, 'install_base': '/home/simpletime/Project/ws02_tools/install/cpp02_launch', 'merge_install': False, 'path': '/home/simpletime/Project/ws02_tools/src/cpp02_launch', 'symlink_install': False, 'test_result_base': None}
[0.733s] INFO:colcon.colcon_core.executor:Executing jobs using 'parallel' executor
[0.734s] DEBUG:colcon.colcon_parallel_executor.executor.parallel:run_until_complete
[0.734s] INFO:colcon.colcon_ros.task.ament_cmake.build:Building ROS package in '/home/simpletime/Project/ws02_tools/src/cpp01_tf_broadcaster' with build type 'ament_cmake'
[0.734s] INFO:colcon.colcon_cmake.task.cmake.build:Building CMake package in '/home/simpletime/Project/ws02_tools/src/cpp01_tf_broadcaster'
[0.740s] INFO:colcon.colcon_core.plugin_system:Skipping extension 'colcon_core.shell.bat': Not used on non-Windows systems
[0.740s] INFO:colcon.colcon_core.shell:Skip shell extension 'powershell' for command environment: Not usable outside of PowerShell
[0.740s] DEBUG:colcon.colcon_core.shell:Skip shell extension 'dsv' for command environment
[0.744s] INFO:colcon.colcon_ros.task.ament_cmake.build:Building ROS package in '/home/simpletime/Project/ws02_tools/src/cpp02_launch' with build type 'ament_cmake'
[0.744s] INFO:colcon.colcon_cmake.task.cmake.build:Building CMake package in '/home/simpletime/Project/ws02_tools/src/cpp02_launch'
[0.744s] INFO:colcon.colcon_core.shell:Skip shell extension 'powershell' for command environment: Not usable outside of PowerShell
[0.744s] DEBUG:colcon.colcon_core.shell:Skip shell extension 'dsv' for command environment
[0.757s] DEBUG:colcon.colcon_core.event_handler.log_command:Invoking command in '/home/simpletime/Project/ws02_tools/build/cpp01_tf_broadcaster': CMAKE_PREFIX_PATH=${CMAKE_PREFIX_PATH}:/opt/ros/humble /usr/bin/cmake --build /home/simpletime/Project/ws02_tools/build/cpp01_tf_broadcaster -- -j32 -l32
[0.760s] DEBUG:colcon.colcon_core.event_handler.log_command:Invoking command in '/home/simpletime/Project/ws02_tools/build/cpp02_launch': CMAKE_PREFIX_PATH=${CMAKE_PREFIX_PATH}:/opt/ros/humble /usr/bin/cmake --build /home/simpletime/Project/ws02_tools/build/cpp02_launch -- -j32 -l32
[0.880s] DEBUG:colcon.colcon_core.event_handler.log_command:Invoked command in '/home/simpletime/Project/ws02_tools/build/cpp02_launch' returned '0': CMAKE_PREFIX_PATH=${CMAKE_PREFIX_PATH}:/opt/ros/humble /usr/bin/cmake --build /home/simpletime/Project/ws02_tools/build/cpp02_launch -- -j32 -l32
[0.907s] DEBUG:colcon.colcon_core.event_handler.log_command:Invoking command in '/home/simpletime/Project/ws02_tools/build/cpp02_launch': CMAKE_PREFIX_PATH=${CMAKE_PREFIX_PATH}:/opt/ros/humble /usr/bin/cmake --install /home/simpletime/Project/ws02_tools/build/cpp02_launch
[0.919s] Level 1:colcon.colcon_core.environment:create_environment_scripts_only(cpp02_launch)
[0.920s] DEBUG:colcon.colcon_core.event_handler.log_command:Invoked command in '/home/simpletime/Project/ws02_tools/build/cpp02_launch' returned '0': CMAKE_PREFIX_PATH=${CMAKE_PREFIX_PATH}:/opt/ros/humble /usr/bin/cmake --install /home/simpletime/Project/ws02_tools/build/cpp02_launch
[0.927s] Level 1:colcon.colcon_core.environment:checking '/home/simpletime/Project/ws02_tools/install/cpp02_launch' for CMake module files
[0.928s] Level 1:colcon.colcon_core.environment:checking '/home/simpletime/Project/ws02_tools/install/cpp02_launch' for CMake config files
[0.928s] Level 1:colcon.colcon_core.shell:create_environment_hook('cpp02_launch', 'cmake_prefix_path')
[0.928s] INFO:colcon.colcon_core.shell:Creating environment hook '/home/simpletime/Project/ws02_tools/install/cpp02_launch/share/cpp02_launch/hook/cmake_prefix_path.ps1'
[0.930s] INFO:colcon.colcon_core.shell:Creating environment descriptor '/home/simpletime/Project/ws02_tools/install/cpp02_launch/share/cpp02_launch/hook/cmake_prefix_path.dsv'
[0.931s] INFO:colcon.colcon_core.shell:Creating environment hook '/home/simpletime/Project/ws02_tools/install/cpp02_launch/share/cpp02_launch/hook/cmake_prefix_path.sh'
[0.932s] Level 1:colcon.colcon_core.environment:checking '/home/simpletime/Project/ws02_tools/install/cpp02_launch/bin'
[0.932s] Level 1:colcon.colcon_core.environment:checking '/home/simpletime/Project/ws02_tools/install/cpp02_launch/lib/pkgconfig/cpp02_launch.pc'
[0.932s] Level 1:colcon.colcon_core.environment:checking '/home/simpletime/Project/ws02_tools/install/cpp02_launch/lib/python3.10/site-packages'
[0.933s] Level 1:colcon.colcon_core.environment:checking '/home/simpletime/Project/ws02_tools/install/cpp02_launch/bin'
[0.933s] INFO:colcon.colcon_core.shell:Creating package script '/home/simpletime/Project/ws02_tools/install/cpp02_launch/share/cpp02_launch/package.ps1'
[0.934s] INFO:colcon.colcon_core.shell:Creating package descriptor '/home/simpletime/Project/ws02_tools/install/cpp02_launch/share/cpp02_launch/package.dsv'
[0.935s] INFO:colcon.colcon_core.shell:Creating package script '/home/simpletime/Project/ws02_tools/install/cpp02_launch/share/cpp02_launch/package.sh'
[0.935s] INFO:colcon.colcon_core.shell:Creating package script '/home/simpletime/Project/ws02_tools/install/cpp02_launch/share/cpp02_launch/package.bash'
[0.937s] INFO:colcon.colcon_core.shell:Creating package script '/home/simpletime/Project/ws02_tools/install/cpp02_launch/share/cpp02_launch/package.zsh'
[0.938s] Level 1:colcon.colcon_core.environment:create_file_with_runtime_dependencies(/home/simpletime/Project/ws02_tools/install/cpp02_launch/share/colcon-core/packages/cpp02_launch)
[0.957s] Level 1:colcon.colcon_core.environment:create_environment_scripts_only(cpp02_launch)
[0.957s] Level 1:colcon.colcon_core.environment:checking '/home/simpletime/Project/ws02_tools/install/cpp02_launch' for CMake module files
[0.957s] Level 1:colcon.colcon_core.environment:checking '/home/simpletime/Project/ws02_tools/install/cpp02_launch' for CMake config files
[0.958s] Level 1:colcon.colcon_core.shell:create_environment_hook('cpp02_launch', 'cmake_prefix_path')
[0.958s] INFO:colcon.colcon_core.shell:Creating environment hook '/home/simpletime/Project/ws02_tools/install/cpp02_launch/share/cpp02_launch/hook/cmake_prefix_path.ps1'
[0.958s] INFO:colcon.colcon_core.shell:Creating environment descriptor '/home/simpletime/Project/ws02_tools/install/cpp02_launch/share/cpp02_launch/hook/cmake_prefix_path.dsv'
[0.958s] INFO:colcon.colcon_core.shell:Creating environment hook '/home/simpletime/Project/ws02_tools/install/cpp02_launch/share/cpp02_launch/hook/cmake_prefix_path.sh'
[0.959s] Level 1:colcon.colcon_core.environment:checking '/home/simpletime/Project/ws02_tools/install/cpp02_launch/bin'
[0.959s] Level 1:colcon.colcon_core.environment:checking '/home/simpletime/Project/ws02_tools/install/cpp02_launch/lib/pkgconfig/cpp02_launch.pc'
[0.959s] Level 1:colcon.colcon_core.environment:checking '/home/simpletime/Project/ws02_tools/install/cpp02_launch/lib/python3.10/site-packages'
[0.960s] Level 1:colcon.colcon_core.environment:checking '/home/simpletime/Project/ws02_tools/install/cpp02_launch/bin'
[0.960s] INFO:colcon.colcon_core.shell:Creating package script '/home/simpletime/Project/ws02_tools/install/cpp02_launch/share/cpp02_launch/package.ps1'
[0.960s] INFO:colcon.colcon_core.shell:Creating package descriptor '/home/simpletime/Project/ws02_tools/install/cpp02_launch/share/cpp02_launch/package.dsv'
[0.961s] INFO:colcon.colcon_core.shell:Creating package script '/home/simpletime/Project/ws02_tools/install/cpp02_launch/share/cpp02_launch/package.sh'
[0.961s] INFO:colcon.colcon_core.shell:Creating package script '/home/simpletime/Project/ws02_tools/install/cpp02_launch/share/cpp02_launch/package.bash'
[0.961s] INFO:colcon.colcon_core.shell:Creating package script '/home/simpletime/Project/ws02_tools/install/cpp02_launch/share/cpp02_launch/package.zsh'
[0.962s] Level 1:colcon.colcon_core.environment:create_file_with_runtime_dependencies(/home/simpletime/Project/ws02_tools/install/cpp02_launch/share/colcon-core/packages/cpp02_launch)
[0.965s] DEBUG:colcon.colcon_core.event_handler.log_command:Invoked command in '/home/simpletime/Project/ws02_tools/build/cpp01_tf_broadcaster' returned '0': CMAKE_PREFIX_PATH=${CMAKE_PREFIX_PATH}:/opt/ros/humble /usr/bin/cmake --build /home/simpletime/Project/ws02_tools/build/cpp01_tf_broadcaster -- -j32 -l32
[1.002s] DEBUG:colcon.colcon_core.event_handler.log_command:Invoking command in '/home/simpletime/Project/ws02_tools/build/cpp01_tf_broadcaster': CMAKE_PREFIX_PATH=${CMAKE_PREFIX_PATH}:/opt/ros/humble /usr/bin/cmake --install /home/simpletime/Project/ws02_tools/build/cpp01_tf_broadcaster
[1.019s] Level 1:colcon.colcon_core.environment:create_environment_scripts_only(cpp01_tf_broadcaster)
[1.019s] Level 1:colcon.colcon_core.environment:checking '/home/simpletime/Project/ws02_tools/install/cpp01_tf_broadcaster' for CMake module files
[1.020s] DEBUG:colcon.colcon_core.event_handler.log_command:Invoked command in '/home/simpletime/Project/ws02_tools/build/cpp01_tf_broadcaster' returned '0': CMAKE_PREFIX_PATH=${CMAKE_PREFIX_PATH}:/opt/ros/humble /usr/bin/cmake --install /home/simpletime/Project/ws02_tools/build/cpp01_tf_broadcaster
[1.021s] Level 1:colcon.colcon_core.environment:checking '/home/simpletime/Project/ws02_tools/install/cpp01_tf_broadcaster' for CMake config files
[1.021s] Level 1:colcon.colcon_core.shell:create_environment_hook('cpp01_tf_broadcaster', 'cmake_prefix_path')
[1.021s] INFO:colcon.colcon_core.shell:Creating environment hook '/home/simpletime/Project/ws02_tools/install/cpp01_tf_broadcaster/share/cpp01_tf_broadcaster/hook/cmake_prefix_path.ps1'
[1.022s] INFO:colcon.colcon_core.shell:Creating environment descriptor '/home/simpletime/Project/ws02_tools/install/cpp01_tf_broadcaster/share/cpp01_tf_broadcaster/hook/cmake_prefix_path.dsv'
[1.022s] INFO:colcon.colcon_core.shell:Creating environment hook '/home/simpletime/Project/ws02_tools/install/cpp01_tf_broadcaster/share/cpp01_tf_broadcaster/hook/cmake_prefix_path.sh'
[1.022s] Level 1:colcon.colcon_core.environment:checking '/home/simpletime/Project/ws02_tools/install/cpp01_tf_broadcaster/lib'
[1.023s] Level 1:colcon.colcon_core.environment:checking '/home/simpletime/Project/ws02_tools/install/cpp01_tf_broadcaster/bin'
[1.023s] Level 1:colcon.colcon_core.environment:checking '/home/simpletime/Project/ws02_tools/install/cpp01_tf_broadcaster/lib/pkgconfig/cpp01_tf_broadcaster.pc'
[1.023s] Level 1:colcon.colcon_core.environment:checking '/home/simpletime/Project/ws02_tools/install/cpp01_tf_broadcaster/lib/python3.10/site-packages'
[1.023s] Level 1:colcon.colcon_core.environment:checking '/home/simpletime/Project/ws02_tools/install/cpp01_tf_broadcaster/bin'
[1.023s] INFO:colcon.colcon_core.shell:Creating package script '/home/simpletime/Project/ws02_tools/install/cpp01_tf_broadcaster/share/cpp01_tf_broadcaster/package.ps1'
[1.024s] INFO:colcon.colcon_core.shell:Creating package descriptor '/home/simpletime/Project/ws02_tools/install/cpp01_tf_broadcaster/share/cpp01_tf_broadcaster/package.dsv'
[1.024s] INFO:colcon.colcon_core.shell:Creating package script '/home/simpletime/Project/ws02_tools/install/cpp01_tf_broadcaster/share/cpp01_tf_broadcaster/package.sh'
[1.024s] INFO:colcon.colcon_core.shell:Creating package script '/home/simpletime/Project/ws02_tools/install/cpp01_tf_broadcaster/share/cpp01_tf_broadcaster/package.bash'
[1.025s] INFO:colcon.colcon_core.shell:Creating package script '/home/simpletime/Project/ws02_tools/install/cpp01_tf_broadcaster/share/cpp01_tf_broadcaster/package.zsh'
[1.025s] Level 1:colcon.colcon_core.environment:create_file_with_runtime_dependencies(/home/simpletime/Project/ws02_tools/install/cpp01_tf_broadcaster/share/colcon-core/packages/cpp01_tf_broadcaster)
[1.058s] Level 1:colcon.colcon_core.environment:create_environment_scripts_only(cpp01_tf_broadcaster)
[1.059s] Level 1:colcon.colcon_core.environment:checking '/home/simpletime/Project/ws02_tools/install/cpp01_tf_broadcaster' for CMake module files
[1.059s] Level 1:colcon.colcon_core.environment:checking '/home/simpletime/Project/ws02_tools/install/cpp01_tf_broadcaster' for CMake config files
[1.059s] Level 1:colcon.colcon_core.shell:create_environment_hook('cpp01_tf_broadcaster', 'cmake_prefix_path')
[1.060s] INFO:colcon.colcon_core.shell:Creating environment hook '/home/simpletime/Project/ws02_tools/install/cpp01_tf_broadcaster/share/cpp01_tf_broadcaster/hook/cmake_prefix_path.ps1'
[1.060s] INFO:colcon.colcon_core.shell:Creating environment descriptor '/home/simpletime/Project/ws02_tools/install/cpp01_tf_broadcaster/share/cpp01_tf_broadcaster/hook/cmake_prefix_path.dsv'
[1.060s] INFO:colcon.colcon_core.shell:Creating environment hook '/home/simpletime/Project/ws02_tools/install/cpp01_tf_broadcaster/share/cpp01_tf_broadcaster/hook/cmake_prefix_path.sh'
[1.061s] Level 1:colcon.colcon_core.environment:checking '/home/simpletime/Project/ws02_tools/install/cpp01_tf_broadcaster/lib'
[1.061s] Level 1:colcon.colcon_core.environment:checking '/home/simpletime/Project/ws02_tools/install/cpp01_tf_broadcaster/bin'
[1.061s] Level 1:colcon.colcon_core.environment:checking '/home/simpletime/Project/ws02_tools/install/cpp01_tf_broadcaster/lib/pkgconfig/cpp01_tf_broadcaster.pc'
[1.061s] Level 1:colcon.colcon_core.environment:checking '/home/simpletime/Project/ws02_tools/install/cpp01_tf_broadcaster/lib/python3.10/site-packages'
[1.061s] Level 1:colcon.colcon_core.environment:checking '/home/simpletime/Project/ws02_tools/install/cpp01_tf_broadcaster/bin'
[1.062s] INFO:colcon.colcon_core.shell:Creating package script '/home/simpletime/Project/ws02_tools/install/cpp01_tf_broadcaster/share/cpp01_tf_broadcaster/package.ps1'
[1.062s] INFO:colcon.colcon_core.shell:Creating package descriptor '/home/simpletime/Project/ws02_tools/install/cpp01_tf_broadcaster/share/cpp01_tf_broadcaster/package.dsv'
[1.062s] INFO:colcon.colcon_core.shell:Creating package script '/home/simpletime/Project/ws02_tools/install/cpp01_tf_broadcaster/share/cpp01_tf_broadcaster/package.sh'
[1.063s] INFO:colcon.colcon_core.shell:Creating package script '/home/simpletime/Project/ws02_tools/install/cpp01_tf_broadcaster/share/cpp01_tf_broadcaster/package.bash'
[1.063s] INFO:colcon.colcon_core.shell:Creating package script '/home/simpletime/Project/ws02_tools/install/cpp01_tf_broadcaster/share/cpp01_tf_broadcaster/package.zsh'
[1.063s] Level 1:colcon.colcon_core.environment:create_file_with_runtime_dependencies(/home/simpletime/Project/ws02_tools/install/cpp01_tf_broadcaster/share/colcon-core/packages/cpp01_tf_broadcaster)
[1.064s] DEBUG:colcon.colcon_parallel_executor.executor.parallel:closing loop
[1.064s] DEBUG:colcon.colcon_parallel_executor.executor.parallel:loop closed
[1.064s] DEBUG:colcon.colcon_parallel_executor.executor.parallel:run_until_complete finished with '0'
[1.064s] DEBUG:colcon.colcon_core.event_reactor:joining thread
[1.103s] INFO:colcon.colcon_core.plugin_system:Skipping extension 'colcon_notification.desktop_notification.notify_send': Could not find 'notify-send'
[1.103s] INFO:colcon.colcon_core.plugin_system:Skipping extension 'colcon_notification.desktop_notification.terminal_notifier': Not used on non-Darwin systems
[1.103s] INFO:colcon.colcon_core.plugin_system:Skipping extension 'colcon_notification.desktop_notification.win32': Not used on non-Windows systems
[1.103s] INFO:colcon.colcon_notification.desktop_notification:Sending desktop notification using 'notify2'
[1.107s] DEBUG:colcon.colcon_notification.desktop_notification.notify2:Failed to initialize notify2: org.freedesktop.DBus.Error.ServiceUnknown: The name org.freedesktop.Notifications was not provided by any .service files
[1.107s] DEBUG:colcon.colcon_core.event_reactor:joined thread
[1.107s] INFO:colcon.colcon_core.shell:Creating prefix script '/home/simpletime/Project/ws02_tools/install/local_setup.ps1'
[1.108s] INFO:colcon.colcon_core.shell:Creating prefix util module '/home/simpletime/Project/ws02_tools/install/_local_setup_util_ps1.py'
[1.109s] INFO:colcon.colcon_core.shell:Creating prefix chain script '/home/simpletime/Project/ws02_tools/install/setup.ps1'
[1.111s] INFO:colcon.colcon_core.shell:Creating prefix script '/home/simpletime/Project/ws02_tools/install/local_setup.sh'
[1.112s] INFO:colcon.colcon_core.shell:Creating prefix util module '/home/simpletime/Project/ws02_tools/install/_local_setup_util_sh.py'
[1.112s] INFO:colcon.colcon_core.shell:Creating prefix chain script '/home/simpletime/Project/ws02_tools/install/setup.sh'
[1.113s] INFO:colcon.colcon_core.shell:Creating prefix script '/home/simpletime/Project/ws02_tools/install/local_setup.bash'
[1.114s] INFO:colcon.colcon_core.shell:Creating prefix chain script '/home/simpletime/Project/ws02_tools/install/setup.bash'
[1.115s] INFO:colcon.colcon_core.shell:Creating prefix script '/home/simpletime/Project/ws02_tools/install/local_setup.zsh'
[1.116s] INFO:colcon.colcon_core.shell:Creating prefix chain script '/home/simpletime/Project/ws02_tools/install/setup.zsh'
