[0.057s] DEBUG:colcon:Command line arguments: ['/usr/bin/colcon', 'build']
[0.057s] DEBUG:colcon:Parsed command line arguments: Namespace(log_base=None, log_level=None, verb_name='build', build_base='build', install_base='install', merge_install=False, symlink_install=False, test_result_base=None, continue_on_error=False, executor='parallel', parallel_workers=4, event_handlers=None, ignore_user_meta=False, metas=['./colcon.meta'], base_paths=['.'], packages_ignore=None, packages_ignore_regex=None, paths=None, packages_up_to=None, packages_up_to_regex=None, packages_above=None, packages_above_and_dependencies=None, packages_above_depth=None, packages_select_by_dep=None, packages_skip_by_dep=None, packages_skip_up_to=None, packages_select_build_failed=False, packages_skip_build_finished=False, packages_select_test_failures=False, packages_skip_test_passed=False, packages_select=None, packages_skip=None, packages_select_regex=None, packages_skip_regex=None, packages_start=None, packages_end=None, allow_overriding=[], cmake_args=None, cmake_target=None, cmake_target_skip_unavailable=False, cmake_clean_cache=False, cmake_clean_first=False, cmake_force_configure=False, ament_cmake_args=None, catkin_cmake_args=None, catkin_skip_building_tests=False, verb_parser=<colcon_defaults.argument_parser.defaults.DefaultArgumentsDecorator object at 0x77698461bfd0>, verb_extension=<colcon_core.verb.build.BuildVerb object at 0x776984764be0>, main=<bound method BuildVerb.main of <colcon_core.verb.build.BuildVerb object at 0x776984764be0>>)
[0.134s] Level 1:colcon.colcon_core.package_discovery:discover_packages(colcon_meta) check parameters
[0.135s] Level 1:colcon.colcon_core.package_discovery:discover_packages(recursive) check parameters
[0.135s] Level 1:colcon.colcon_core.package_discovery:discover_packages(ignore) check parameters
[0.135s] Level 1:colcon.colcon_core.package_discovery:discover_packages(path) check parameters
[0.135s] Level 1:colcon.colcon_core.package_discovery:discover_packages(colcon_meta) discover
[0.135s] Level 1:colcon.colcon_core.package_discovery:discover_packages(recursive) discover
[0.135s] INFO:colcon.colcon_core.package_discovery:Crawling recursively for packages in '/home/simpletime/project01_book'
[0.135s] Level 1:colcon.colcon_core.package_identification:_identify(.) by extensions ['ignore', 'ignore_ament_install']
[0.135s] Level 1:colcon.colcon_core.package_identification:_identify(.) by extension 'ignore'
[0.135s] Level 1:colcon.colcon_core.package_identification:_identify(.) by extension 'ignore_ament_install'
[0.135s] Level 1:colcon.colcon_core.package_identification:_identify(.) by extensions ['colcon_pkg']
[0.135s] Level 1:colcon.colcon_core.package_identification:_identify(.) by extension 'colcon_pkg'
[0.135s] Level 1:colcon.colcon_core.package_identification:_identify(.) by extensions ['colcon_meta']
[0.135s] Level 1:colcon.colcon_core.package_identification:_identify(.) by extension 'colcon_meta'
[0.135s] Level 1:colcon.colcon_core.package_identification:_identify(.) by extensions ['ros']
[0.135s] Level 1:colcon.colcon_core.package_identification:_identify(.) by extension 'ros'
[0.141s] Level 1:colcon.colcon_core.package_identification:_identify(.) by extensions ['cmake', 'python']
[0.141s] Level 1:colcon.colcon_core.package_identification:_identify(.) by extension 'cmake'
[0.141s] Level 1:colcon.colcon_core.package_identification:_identify(.) by extension 'python'
[0.141s] Level 1:colcon.colcon_core.package_identification:_identify(.) by extensions ['python_setup_py']
[0.141s] Level 1:colcon.colcon_core.package_identification:_identify(.) by extension 'python_setup_py'
[0.141s] Level 1:colcon.colcon_core.package_identification:_identify(build) by extensions ['ignore', 'ignore_ament_install']
[0.141s] Level 1:colcon.colcon_core.package_identification:_identify(build) by extension 'ignore'
[0.141s] Level 1:colcon.colcon_core.package_identification:_identify(build) ignored
[0.141s] Level 1:colcon.colcon_core.package_identification:_identify(install) by extensions ['ignore', 'ignore_ament_install']
[0.141s] Level 1:colcon.colcon_core.package_identification:_identify(install) by extension 'ignore'
[0.141s] Level 1:colcon.colcon_core.package_identification:_identify(install) ignored
[0.142s] Level 1:colcon.colcon_core.package_identification:_identify(log) by extensions ['ignore', 'ignore_ament_install']
[0.142s] Level 1:colcon.colcon_core.package_identification:_identify(log) by extension 'ignore'
[0.142s] Level 1:colcon.colcon_core.package_identification:_identify(log) ignored
[0.142s] Level 1:colcon.colcon_core.package_identification:_identify(src) by extensions ['ignore', 'ignore_ament_install']
[0.142s] Level 1:colcon.colcon_core.package_identification:_identify(src) by extension 'ignore'
[0.142s] Level 1:colcon.colcon_core.package_identification:_identify(src) by extension 'ignore_ament_install'
[0.142s] Level 1:colcon.colcon_core.package_identification:_identify(src) by extensions ['colcon_pkg']
[0.142s] Level 1:colcon.colcon_core.package_identification:_identify(src) by extension 'colcon_pkg'
[0.142s] Level 1:colcon.colcon_core.package_identification:_identify(src) by extensions ['colcon_meta']
[0.142s] Level 1:colcon.colcon_core.package_identification:_identify(src) by extension 'colcon_meta'
[0.142s] Level 1:colcon.colcon_core.package_identification:_identify(src) by extensions ['ros']
[0.142s] Level 1:colcon.colcon_core.package_identification:_identify(src) by extension 'ros'
[0.142s] Level 1:colcon.colcon_core.package_identification:_identify(src) by extensions ['cmake', 'python']
[0.142s] Level 1:colcon.colcon_core.package_identification:_identify(src) by extension 'cmake'
[0.142s] Level 1:colcon.colcon_core.package_identification:_identify(src) by extension 'python'
[0.142s] Level 1:colcon.colcon_core.package_identification:_identify(src) by extensions ['python_setup_py']
[0.142s] Level 1:colcon.colcon_core.package_identification:_identify(src) by extension 'python_setup_py'
[0.142s] Level 1:colcon.colcon_core.package_identification:_identify(src/base_interfaces) by extensions ['ignore', 'ignore_ament_install']
[0.142s] Level 1:colcon.colcon_core.package_identification:_identify(src/base_interfaces) by extension 'ignore'
[0.142s] Level 1:colcon.colcon_core.package_identification:_identify(src/base_interfaces) by extension 'ignore_ament_install'
[0.142s] Level 1:colcon.colcon_core.package_identification:_identify(src/base_interfaces) by extensions ['colcon_pkg']
[0.142s] Level 1:colcon.colcon_core.package_identification:_identify(src/base_interfaces) by extension 'colcon_pkg'
[0.142s] Level 1:colcon.colcon_core.package_identification:_identify(src/base_interfaces) by extensions ['colcon_meta']
[0.142s] Level 1:colcon.colcon_core.package_identification:_identify(src/base_interfaces) by extension 'colcon_meta'
[0.142s] Level 1:colcon.colcon_core.package_identification:_identify(src/base_interfaces) by extensions ['ros']
[0.142s] Level 1:colcon.colcon_core.package_identification:_identify(src/base_interfaces) by extension 'ros'
[0.143s] DEBUG:colcon.colcon_core.package_identification:Package 'src/base_interfaces' with type 'ros.ament_cmake' and name 'base_interfaces'
[0.143s] Level 1:colcon.colcon_core.package_identification:_identify(src/company) by extensions ['ignore', 'ignore_ament_install']
[0.143s] Level 1:colcon.colcon_core.package_identification:_identify(src/company) by extension 'ignore'
[0.144s] Level 1:colcon.colcon_core.package_identification:_identify(src/company) by extension 'ignore_ament_install'
[0.144s] Level 1:colcon.colcon_core.package_identification:_identify(src/company) by extensions ['colcon_pkg']
[0.144s] Level 1:colcon.colcon_core.package_identification:_identify(src/company) by extension 'colcon_pkg'
[0.144s] Level 1:colcon.colcon_core.package_identification:_identify(src/company) by extensions ['colcon_meta']
[0.144s] Level 1:colcon.colcon_core.package_identification:_identify(src/company) by extension 'colcon_meta'
[0.144s] Level 1:colcon.colcon_core.package_identification:_identify(src/company) by extensions ['ros']
[0.144s] Level 1:colcon.colcon_core.package_identification:_identify(src/company) by extension 'ros'
[0.144s] DEBUG:colcon.colcon_core.package_identification:Package 'src/company' with type 'ros.ament_cmake' and name 'company'
[0.144s] Level 1:colcon.colcon_core.package_discovery:discover_packages(recursive) using defaults
[0.144s] Level 1:colcon.colcon_core.package_discovery:discover_packages(ignore) discover
[0.144s] Level 1:colcon.colcon_core.package_discovery:discover_packages(ignore) using defaults
[0.144s] Level 1:colcon.colcon_core.package_discovery:discover_packages(path) discover
[0.144s] Level 1:colcon.colcon_core.package_discovery:discover_packages(path) using defaults
[0.155s] Level 1:colcon.colcon_core.package_discovery:discover_packages(prefix_path) check parameters
[0.155s] Level 1:colcon.colcon_core.package_discovery:discover_packages(prefix_path) discover
[0.156s] WARNING:colcon.colcon_core.prefix_path.colcon:The path '/home/simpletime/project01_book/src/install' in the environment variable COLCON_PREFIX_PATH doesn't exist
[0.156s] WARNING:colcon.colcon_ros.prefix_path.ament:The path '/home/simpletime/project01_book/src/install/company' in the environment variable AMENT_PREFIX_PATH doesn't exist
[0.156s] WARNING:colcon.colcon_ros.prefix_path.ament:The path '/home/simpletime/project01_book/src/install/base_interfaces' in the environment variable AMENT_PREFIX_PATH doesn't exist
[0.156s] WARNING:colcon.colcon_ros.prefix_path.ament:The path '/home/simpletime/project01_book/install/company_a' in the environment variable AMENT_PREFIX_PATH doesn't exist
[0.156s] WARNING:colcon.colcon_ros.prefix_path.catkin:The path '/home/simpletime/project01_book/src/install/company' in the environment variable CMAKE_PREFIX_PATH doesn't exist
[0.156s] WARNING:colcon.colcon_ros.prefix_path.catkin:The path '/home/simpletime/project01_book/src/install/base_interfaces' in the environment variable CMAKE_PREFIX_PATH doesn't exist
[0.156s] WARNING:colcon.colcon_ros.prefix_path.catkin:The path '/home/simpletime/project01_book/install/company_a' in the environment variable CMAKE_PREFIX_PATH doesn't exist
[0.156s] DEBUG:colcon.colcon_installed_package_information.package_discovery:Found 2 installed packages in /home/simpletime/project01_book/install
[0.157s] DEBUG:colcon.colcon_installed_package_information.package_discovery:Found 270 installed packages in /opt/ros/humble
[0.158s] Level 1:colcon.colcon_core.package_discovery:discover_packages(prefix_path) using defaults
[0.187s] Level 5:colcon.colcon_core.verb:set package 'base_interfaces' build argument 'cmake_args' from command line to 'None'
[0.187s] Level 5:colcon.colcon_core.verb:set package 'base_interfaces' build argument 'cmake_target' from command line to 'None'
[0.187s] Level 5:colcon.colcon_core.verb:set package 'base_interfaces' build argument 'cmake_target_skip_unavailable' from command line to 'False'
[0.187s] Level 5:colcon.colcon_core.verb:set package 'base_interfaces' build argument 'cmake_clean_cache' from command line to 'False'
[0.187s] Level 5:colcon.colcon_core.verb:set package 'base_interfaces' build argument 'cmake_clean_first' from command line to 'False'
[0.187s] Level 5:colcon.colcon_core.verb:set package 'base_interfaces' build argument 'cmake_force_configure' from command line to 'False'
[0.187s] Level 5:colcon.colcon_core.verb:set package 'base_interfaces' build argument 'ament_cmake_args' from command line to 'None'
[0.187s] Level 5:colcon.colcon_core.verb:set package 'base_interfaces' build argument 'catkin_cmake_args' from command line to 'None'
[0.187s] Level 5:colcon.colcon_core.verb:set package 'base_interfaces' build argument 'catkin_skip_building_tests' from command line to 'False'
[0.187s] DEBUG:colcon.colcon_core.verb:Building package 'base_interfaces' with the following arguments: {'ament_cmake_args': None, 'build_base': '/home/simpletime/project01_book/build/base_interfaces', 'catkin_cmake_args': None, 'catkin_skip_building_tests': False, 'cmake_args': None, 'cmake_clean_cache': False, 'cmake_clean_first': False, 'cmake_force_configure': False, 'cmake_target': None, 'cmake_target_skip_unavailable': False, 'install_base': '/home/simpletime/project01_book/install/base_interfaces', 'merge_install': False, 'path': '/home/simpletime/project01_book/src/base_interfaces', 'symlink_install': False, 'test_result_base': None}
[0.187s] Level 5:colcon.colcon_core.verb:set package 'company' build argument 'cmake_args' from command line to 'None'
[0.187s] Level 5:colcon.colcon_core.verb:set package 'company' build argument 'cmake_target' from command line to 'None'
[0.187s] Level 5:colcon.colcon_core.verb:set package 'company' build argument 'cmake_target_skip_unavailable' from command line to 'False'
[0.187s] Level 5:colcon.colcon_core.verb:set package 'company' build argument 'cmake_clean_cache' from command line to 'False'
[0.187s] Level 5:colcon.colcon_core.verb:set package 'company' build argument 'cmake_clean_first' from command line to 'False'
[0.187s] Level 5:colcon.colcon_core.verb:set package 'company' build argument 'cmake_force_configure' from command line to 'False'
[0.187s] Level 5:colcon.colcon_core.verb:set package 'company' build argument 'ament_cmake_args' from command line to 'None'
[0.187s] Level 5:colcon.colcon_core.verb:set package 'company' build argument 'catkin_cmake_args' from command line to 'None'
[0.187s] Level 5:colcon.colcon_core.verb:set package 'company' build argument 'catkin_skip_building_tests' from command line to 'False'
[0.187s] DEBUG:colcon.colcon_core.verb:Building package 'company' with the following arguments: {'ament_cmake_args': None, 'build_base': '/home/simpletime/project01_book/build/company', 'catkin_cmake_args': None, 'catkin_skip_building_tests': False, 'cmake_args': None, 'cmake_clean_cache': False, 'cmake_clean_first': False, 'cmake_force_configure': False, 'cmake_target': None, 'cmake_target_skip_unavailable': False, 'install_base': '/home/simpletime/project01_book/install/company', 'merge_install': False, 'path': '/home/simpletime/project01_book/src/company', 'symlink_install': False, 'test_result_base': None}
[0.187s] INFO:colcon.colcon_core.executor:Executing jobs using 'parallel' executor
[0.188s] DEBUG:colcon.colcon_parallel_executor.executor.parallel:run_until_complete
[0.188s] INFO:colcon.colcon_ros.task.ament_cmake.build:Building ROS package in '/home/simpletime/project01_book/src/base_interfaces' with build type 'ament_cmake'
[0.188s] INFO:colcon.colcon_cmake.task.cmake.build:Building CMake package in '/home/simpletime/project01_book/src/base_interfaces'
[0.189s] INFO:colcon.colcon_core.plugin_system:Skipping extension 'colcon_core.shell.bat': Not used on non-Windows systems
[0.190s] INFO:colcon.colcon_core.shell:Skip shell extension 'powershell' for command environment: Not usable outside of PowerShell
[0.190s] DEBUG:colcon.colcon_core.shell:Skip shell extension 'dsv' for command environment
[0.197s] DEBUG:colcon.colcon_core.event_handler.log_command:Invoking command in '/home/simpletime/project01_book/build/base_interfaces': CMAKE_PREFIX_PATH=${CMAKE_PREFIX_PATH}:/opt/ros/humble /usr/bin/cmake --build /home/simpletime/project01_book/build/base_interfaces -- -j4 -l4
[0.421s] DEBUG:colcon.colcon_core.event_handler.log_command:Invoked command in '/home/simpletime/project01_book/build/base_interfaces' returned '0': CMAKE_PREFIX_PATH=${CMAKE_PREFIX_PATH}:/opt/ros/humble /usr/bin/cmake --build /home/simpletime/project01_book/build/base_interfaces -- -j4 -l4
[0.500s] DEBUG:colcon.colcon_core.event_handler.log_command:Invoking command in '/home/simpletime/project01_book/build/base_interfaces': CMAKE_PREFIX_PATH=${CMAKE_PREFIX_PATH}:/opt/ros/humble /usr/bin/cmake --install /home/simpletime/project01_book/build/base_interfaces
[0.538s] Level 1:colcon.colcon_core.environment:create_environment_scripts_only(base_interfaces)
[0.539s] DEBUG:colcon.colcon_core.event_handler.log_command:Invoked command in '/home/simpletime/project01_book/build/base_interfaces' returned '0': CMAKE_PREFIX_PATH=${CMAKE_PREFIX_PATH}:/opt/ros/humble /usr/bin/cmake --install /home/simpletime/project01_book/build/base_interfaces
[0.540s] Level 1:colcon.colcon_core.environment:checking '/home/simpletime/project01_book/install/base_interfaces' for CMake module files
[0.541s] Level 1:colcon.colcon_core.environment:checking '/home/simpletime/project01_book/install/base_interfaces' for CMake config files
[0.541s] Level 1:colcon.colcon_core.shell:create_environment_hook('base_interfaces', 'cmake_prefix_path')
[0.541s] INFO:colcon.colcon_core.shell:Creating environment hook '/home/simpletime/project01_book/install/base_interfaces/share/base_interfaces/hook/cmake_prefix_path.ps1'
[0.542s] INFO:colcon.colcon_core.shell:Creating environment descriptor '/home/simpletime/project01_book/install/base_interfaces/share/base_interfaces/hook/cmake_prefix_path.dsv'
[0.542s] INFO:colcon.colcon_core.shell:Creating environment hook '/home/simpletime/project01_book/install/base_interfaces/share/base_interfaces/hook/cmake_prefix_path.sh'
[0.543s] Level 1:colcon.colcon_core.environment:checking '/home/simpletime/project01_book/install/base_interfaces/lib'
[0.543s] Level 1:colcon.colcon_core.shell:create_environment_hook('base_interfaces', 'ld_library_path_lib')
[0.543s] INFO:colcon.colcon_core.shell:Creating environment hook '/home/simpletime/project01_book/install/base_interfaces/share/base_interfaces/hook/ld_library_path_lib.ps1'
[0.543s] INFO:colcon.colcon_core.shell:Creating environment descriptor '/home/simpletime/project01_book/install/base_interfaces/share/base_interfaces/hook/ld_library_path_lib.dsv'
[0.544s] INFO:colcon.colcon_core.shell:Creating environment hook '/home/simpletime/project01_book/install/base_interfaces/share/base_interfaces/hook/ld_library_path_lib.sh'
[0.544s] Level 1:colcon.colcon_core.environment:checking '/home/simpletime/project01_book/install/base_interfaces/bin'
[0.544s] Level 1:colcon.colcon_core.environment:checking '/home/simpletime/project01_book/install/base_interfaces/lib/pkgconfig/base_interfaces.pc'
[0.544s] Level 1:colcon.colcon_core.environment:checking '/home/simpletime/project01_book/install/base_interfaces/lib/python3.10/site-packages'
[0.544s] Level 1:colcon.colcon_core.environment:checking '/home/simpletime/project01_book/install/base_interfaces/bin'
[0.544s] INFO:colcon.colcon_core.shell:Creating package script '/home/simpletime/project01_book/install/base_interfaces/share/base_interfaces/package.ps1'
[0.545s] INFO:colcon.colcon_core.shell:Creating package descriptor '/home/simpletime/project01_book/install/base_interfaces/share/base_interfaces/package.dsv'
[0.545s] INFO:colcon.colcon_core.shell:Creating package script '/home/simpletime/project01_book/install/base_interfaces/share/base_interfaces/package.sh'
[0.546s] INFO:colcon.colcon_core.shell:Creating package script '/home/simpletime/project01_book/install/base_interfaces/share/base_interfaces/package.bash'
[0.546s] INFO:colcon.colcon_core.shell:Creating package script '/home/simpletime/project01_book/install/base_interfaces/share/base_interfaces/package.zsh'
[0.547s] Level 1:colcon.colcon_core.environment:create_file_with_runtime_dependencies(/home/simpletime/project01_book/install/base_interfaces/share/colcon-core/packages/base_interfaces)
[0.619s] Level 1:colcon.colcon_core.environment:create_environment_scripts_only(base_interfaces)
[0.620s] Level 1:colcon.colcon_core.environment:checking '/home/simpletime/project01_book/install/base_interfaces' for CMake module files
[0.620s] Level 1:colcon.colcon_core.environment:checking '/home/simpletime/project01_book/install/base_interfaces' for CMake config files
[0.621s] Level 1:colcon.colcon_core.shell:create_environment_hook('base_interfaces', 'cmake_prefix_path')
[0.621s] INFO:colcon.colcon_core.shell:Creating environment hook '/home/simpletime/project01_book/install/base_interfaces/share/base_interfaces/hook/cmake_prefix_path.ps1'
[0.621s] INFO:colcon.colcon_core.shell:Creating environment descriptor '/home/simpletime/project01_book/install/base_interfaces/share/base_interfaces/hook/cmake_prefix_path.dsv'
[0.621s] INFO:colcon.colcon_core.shell:Creating environment hook '/home/simpletime/project01_book/install/base_interfaces/share/base_interfaces/hook/cmake_prefix_path.sh'
[0.622s] Level 1:colcon.colcon_core.environment:checking '/home/simpletime/project01_book/install/base_interfaces/lib'
[0.622s] Level 1:colcon.colcon_core.shell:create_environment_hook('base_interfaces', 'ld_library_path_lib')
[0.622s] INFO:colcon.colcon_core.shell:Creating environment hook '/home/simpletime/project01_book/install/base_interfaces/share/base_interfaces/hook/ld_library_path_lib.ps1'
[0.622s] INFO:colcon.colcon_core.shell:Creating environment descriptor '/home/simpletime/project01_book/install/base_interfaces/share/base_interfaces/hook/ld_library_path_lib.dsv'
[0.623s] INFO:colcon.colcon_core.shell:Creating environment hook '/home/simpletime/project01_book/install/base_interfaces/share/base_interfaces/hook/ld_library_path_lib.sh'
[0.623s] Level 1:colcon.colcon_core.environment:checking '/home/simpletime/project01_book/install/base_interfaces/bin'
[0.623s] Level 1:colcon.colcon_core.environment:checking '/home/simpletime/project01_book/install/base_interfaces/lib/pkgconfig/base_interfaces.pc'
[0.623s] Level 1:colcon.colcon_core.environment:checking '/home/simpletime/project01_book/install/base_interfaces/lib/python3.10/site-packages'
[0.623s] Level 1:colcon.colcon_core.environment:checking '/home/simpletime/project01_book/install/base_interfaces/bin'
[0.624s] INFO:colcon.colcon_core.shell:Creating package script '/home/simpletime/project01_book/install/base_interfaces/share/base_interfaces/package.ps1'
[0.624s] INFO:colcon.colcon_core.shell:Creating package descriptor '/home/simpletime/project01_book/install/base_interfaces/share/base_interfaces/package.dsv'
[0.625s] INFO:colcon.colcon_core.shell:Creating package script '/home/simpletime/project01_book/install/base_interfaces/share/base_interfaces/package.sh'
[0.625s] INFO:colcon.colcon_core.shell:Creating package script '/home/simpletime/project01_book/install/base_interfaces/share/base_interfaces/package.bash'
[0.625s] INFO:colcon.colcon_core.shell:Creating package script '/home/simpletime/project01_book/install/base_interfaces/share/base_interfaces/package.zsh'
[0.626s] Level 1:colcon.colcon_core.environment:create_file_with_runtime_dependencies(/home/simpletime/project01_book/install/base_interfaces/share/colcon-core/packages/base_interfaces)
[0.626s] INFO:colcon.colcon_ros.task.ament_cmake.build:Building ROS package in '/home/simpletime/project01_book/src/company' with build type 'ament_cmake'
[0.626s] INFO:colcon.colcon_cmake.task.cmake.build:Building CMake package in '/home/simpletime/project01_book/src/company'
[0.626s] INFO:colcon.colcon_core.shell:Skip shell extension 'powershell' for command environment: Not usable outside of PowerShell
[0.626s] DEBUG:colcon.colcon_core.shell:Skip shell extension 'dsv' for command environment
[0.637s] DEBUG:colcon.colcon_core.event_handler.log_command:Invoking command in '/home/simpletime/project01_book/build/company': CMAKE_PREFIX_PATH=/home/simpletime/project01_book/install/base_interfaces:/home/simpletime/project01_book/install/company:/home/simpletime/project01_book/src/install/company:/home/simpletime/project01_book/src/install/base_interfaces:/home/simpletime/project01_book/install/company_a:/opt/ros/humble /usr/bin/cmake --build /home/simpletime/project01_book/build/company -- -j4 -l4
[6.406s] DEBUG:colcon.colcon_core.event_handler.log_command:Invoked command in '/home/simpletime/project01_book/build/company' returned '0': CMAKE_PREFIX_PATH=/home/simpletime/project01_book/install/base_interfaces:/home/simpletime/project01_book/install/company:/home/simpletime/project01_book/src/install/company:/home/simpletime/project01_book/src/install/base_interfaces:/home/simpletime/project01_book/install/company_a:/opt/ros/humble /usr/bin/cmake --build /home/simpletime/project01_book/build/company -- -j4 -l4
[6.435s] DEBUG:colcon.colcon_core.event_handler.log_command:Invoking command in '/home/simpletime/project01_book/build/company': CMAKE_PREFIX_PATH=/home/simpletime/project01_book/install/base_interfaces:/home/simpletime/project01_book/install/company:/home/simpletime/project01_book/src/install/company:/home/simpletime/project01_book/src/install/base_interfaces:/home/simpletime/project01_book/install/company_a:/opt/ros/humble /usr/bin/cmake --install /home/simpletime/project01_book/build/company
[6.448s] Level 1:colcon.colcon_core.environment:create_environment_scripts_only(company)
[6.448s] Level 1:colcon.colcon_core.environment:checking '/home/simpletime/project01_book/install/company' for CMake module files
[6.449s] DEBUG:colcon.colcon_core.event_handler.log_command:Invoked command in '/home/simpletime/project01_book/build/company' returned '0': CMAKE_PREFIX_PATH=/home/simpletime/project01_book/install/base_interfaces:/home/simpletime/project01_book/install/company:/home/simpletime/project01_book/src/install/company:/home/simpletime/project01_book/src/install/base_interfaces:/home/simpletime/project01_book/install/company_a:/opt/ros/humble /usr/bin/cmake --install /home/simpletime/project01_book/build/company
[6.449s] Level 1:colcon.colcon_core.environment:checking '/home/simpletime/project01_book/install/company' for CMake config files
[6.449s] Level 1:colcon.colcon_core.shell:create_environment_hook('company', 'cmake_prefix_path')
[6.450s] INFO:colcon.colcon_core.shell:Creating environment hook '/home/simpletime/project01_book/install/company/share/company/hook/cmake_prefix_path.ps1'
[6.450s] INFO:colcon.colcon_core.shell:Creating environment descriptor '/home/simpletime/project01_book/install/company/share/company/hook/cmake_prefix_path.dsv'
[6.450s] INFO:colcon.colcon_core.shell:Creating environment hook '/home/simpletime/project01_book/install/company/share/company/hook/cmake_prefix_path.sh'
[6.451s] Level 1:colcon.colcon_core.environment:checking '/home/simpletime/project01_book/install/company/lib'
[6.451s] Level 1:colcon.colcon_core.environment:checking '/home/simpletime/project01_book/install/company/bin'
[6.451s] Level 1:colcon.colcon_core.environment:checking '/home/simpletime/project01_book/install/company/lib/pkgconfig/company.pc'
[6.451s] Level 1:colcon.colcon_core.environment:checking '/home/simpletime/project01_book/install/company/lib/python3.10/site-packages'
[6.451s] Level 1:colcon.colcon_core.environment:checking '/home/simpletime/project01_book/install/company/bin'
[6.451s] INFO:colcon.colcon_core.shell:Creating package script '/home/simpletime/project01_book/install/company/share/company/package.ps1'
[6.452s] INFO:colcon.colcon_core.shell:Creating package descriptor '/home/simpletime/project01_book/install/company/share/company/package.dsv'
[6.452s] INFO:colcon.colcon_core.shell:Creating package script '/home/simpletime/project01_book/install/company/share/company/package.sh'
[6.452s] INFO:colcon.colcon_core.shell:Creating package script '/home/simpletime/project01_book/install/company/share/company/package.bash'
[6.453s] INFO:colcon.colcon_core.shell:Creating package script '/home/simpletime/project01_book/install/company/share/company/package.zsh'
[6.453s] Level 1:colcon.colcon_core.environment:create_file_with_runtime_dependencies(/home/simpletime/project01_book/install/company/share/colcon-core/packages/company)
[6.484s] Level 1:colcon.colcon_core.environment:create_environment_scripts_only(company)
[6.484s] Level 1:colcon.colcon_core.environment:checking '/home/simpletime/project01_book/install/company' for CMake module files
[6.485s] Level 1:colcon.colcon_core.environment:checking '/home/simpletime/project01_book/install/company' for CMake config files
[6.485s] Level 1:colcon.colcon_core.shell:create_environment_hook('company', 'cmake_prefix_path')
[6.485s] INFO:colcon.colcon_core.shell:Creating environment hook '/home/simpletime/project01_book/install/company/share/company/hook/cmake_prefix_path.ps1'
[6.486s] INFO:colcon.colcon_core.shell:Creating environment descriptor '/home/simpletime/project01_book/install/company/share/company/hook/cmake_prefix_path.dsv'
[6.486s] INFO:colcon.colcon_core.shell:Creating environment hook '/home/simpletime/project01_book/install/company/share/company/hook/cmake_prefix_path.sh'
[6.487s] Level 1:colcon.colcon_core.environment:checking '/home/simpletime/project01_book/install/company/lib'
[6.487s] Level 1:colcon.colcon_core.environment:checking '/home/simpletime/project01_book/install/company/bin'
[6.487s] Level 1:colcon.colcon_core.environment:checking '/home/simpletime/project01_book/install/company/lib/pkgconfig/company.pc'
[6.487s] Level 1:colcon.colcon_core.environment:checking '/home/simpletime/project01_book/install/company/lib/python3.10/site-packages'
[6.487s] Level 1:colcon.colcon_core.environment:checking '/home/simpletime/project01_book/install/company/bin'
[6.487s] INFO:colcon.colcon_core.shell:Creating package script '/home/simpletime/project01_book/install/company/share/company/package.ps1'
[6.488s] INFO:colcon.colcon_core.shell:Creating package descriptor '/home/simpletime/project01_book/install/company/share/company/package.dsv'
[6.488s] INFO:colcon.colcon_core.shell:Creating package script '/home/simpletime/project01_book/install/company/share/company/package.sh'
[6.488s] INFO:colcon.colcon_core.shell:Creating package script '/home/simpletime/project01_book/install/company/share/company/package.bash'
[6.489s] INFO:colcon.colcon_core.shell:Creating package script '/home/simpletime/project01_book/install/company/share/company/package.zsh'
[6.489s] Level 1:colcon.colcon_core.environment:create_file_with_runtime_dependencies(/home/simpletime/project01_book/install/company/share/colcon-core/packages/company)
[6.489s] DEBUG:colcon.colcon_parallel_executor.executor.parallel:closing loop
[6.489s] DEBUG:colcon.colcon_parallel_executor.executor.parallel:loop closed
[6.489s] DEBUG:colcon.colcon_parallel_executor.executor.parallel:run_until_complete finished with '0'
[6.489s] DEBUG:colcon.colcon_core.event_reactor:joining thread
[6.497s] INFO:colcon.colcon_core.plugin_system:Skipping extension 'colcon_notification.desktop_notification.terminal_notifier': Not used on non-Darwin systems
[6.497s] INFO:colcon.colcon_core.plugin_system:Skipping extension 'colcon_notification.desktop_notification.win32': Not used on non-Windows systems
[6.498s] INFO:colcon.colcon_notification.desktop_notification:Sending desktop notification using 'notify2'
[6.509s] DEBUG:colcon.colcon_core.event_reactor:joined thread
[6.509s] INFO:colcon.colcon_core.shell:Creating prefix script '/home/simpletime/project01_book/install/local_setup.ps1'
[6.510s] INFO:colcon.colcon_core.shell:Creating prefix util module '/home/simpletime/project01_book/install/_local_setup_util_ps1.py'
[6.511s] INFO:colcon.colcon_core.shell:Creating prefix chain script '/home/simpletime/project01_book/install/setup.ps1'
[6.512s] INFO:colcon.colcon_core.shell:Creating prefix script '/home/simpletime/project01_book/install/local_setup.sh'
[6.512s] INFO:colcon.colcon_core.shell:Creating prefix util module '/home/simpletime/project01_book/install/_local_setup_util_sh.py'
[6.513s] INFO:colcon.colcon_core.shell:Creating prefix chain script '/home/simpletime/project01_book/install/setup.sh'
[6.514s] INFO:colcon.colcon_core.shell:Creating prefix script '/home/simpletime/project01_book/install/local_setup.bash'
[6.514s] INFO:colcon.colcon_core.shell:Creating prefix chain script '/home/simpletime/project01_book/install/setup.bash'
[6.515s] INFO:colcon.colcon_core.shell:Creating prefix script '/home/simpletime/project01_book/install/local_setup.zsh'
[6.516s] INFO:colcon.colcon_core.shell:Creating prefix chain script '/home/simpletime/project01_book/install/setup.zsh'
