[0.018s] Invoking command in '/home/simpletime/Project/ws02_tools/build/cpp02_launch': CMAKE_PREFIX_PATH=${CMAKE_PREFIX_PATH}:/opt/ros/humble /usr/bin/cmake --build /home/simpletime/Project/ws02_tools/build/cpp02_launch -- -j32 -l32
[0.129s] -- Found ament_cmake: 1.3.10 (/opt/ros/humble/share/ament_cmake/cmake)
[0.268s] -- Found rclcpp: 16.0.10 (/opt/ros/humble/share/rclcpp/cmake)
[0.410s] -- Found rosidl_generator_c: 3.1.5 (/opt/ros/humble/share/rosidl_generator_c/cmake)
[0.414s] -- Found rosidl_adapter: 3.1.5 (/opt/ros/humble/share/rosidl_adapter/cmake)
[0.424s] -- Found rosidl_generator_cpp: 3.1.5 (/opt/ros/humble/share/rosidl_generator_cpp/cmake)
[0.437s] -- Using all available rosidl_typesupport_c: rosidl_typesupport_fastrtps_c;rosidl_typesupport_introspection_c
[0.453s] -- Using all available rosidl_typesupport_cpp: rosidl_typesupport_fastrtps_cpp;rosidl_typesupport_introspection_cpp
[0.497s] -- Found rmw_implementation_cmake: 6.1.2 (/opt/ros/humble/share/rmw_implementation_cmake/cmake)
[0.500s] -- Found rmw_fastrtps_cpp: 6.2.7 (/opt/ros/humble/share/rmw_fastrtps_cpp/cmake)
[4.442s] -- Using RMW implementation 'rmw_fastrtps_cpp' as default
[4.509s] -- Found ament_lint_auto: 0.12.11 (/opt/ros/humble/share/ament_lint_auto/cmake)
[4.582s] -- Added test 'lint_cmake' to check CMake code style
[4.584s] -- Added test 'xmllint' to check XML markup files
[4.585s] -- Configuring done
[4.592s] -- Generating done
[4.593s] -- Build files have been written to: /home/simpletime/Project/ws02_tools/build/cpp02_launch
[4.615s] Invoked command in '/home/simpletime/Project/ws02_tools/build/cpp02_launch' returned '0': CMAKE_PREFIX_PATH=${CMAKE_PREFIX_PATH}:/opt/ros/humble /usr/bin/cmake --build /home/simpletime/Project/ws02_tools/build/cpp02_launch -- -j32 -l32
[4.633s] Invoking command in '/home/simpletime/Project/ws02_tools/build/cpp02_launch': CMAKE_PREFIX_PATH=${CMAKE_PREFIX_PATH}:/opt/ros/humble /usr/bin/cmake --install /home/simpletime/Project/ws02_tools/build/cpp02_launch
[4.638s] -- Install configuration: ""
[4.638s] -- Up-to-date: /home/simpletime/Project/ws02_tools/install/cpp02_launch/share/cpp02_launch/launch
[4.639s] -- Up-to-date: /home/simpletime/Project/ws02_tools/install/cpp02_launch/share/cpp02_launch/launch/ xml01_launch.xml
[4.639s] -- Up-to-date: /home/simpletime/Project/ws02_tools/install/cpp02_launch/share/cpp02_launch/launch/yaml01_launch.yaml
[4.639s] -- Installing: /home/simpletime/Project/ws02_tools/install/cpp02_launch/share/ament_index/resource_index/package_run_dependencies/cpp02_launch
[4.639s] -- Installing: /home/simpletime/Project/ws02_tools/install/cpp02_launch/share/ament_index/resource_index/parent_prefix_path/cpp02_launch
[4.640s] -- Up-to-date: /home/simpletime/Project/ws02_tools/install/cpp02_launch/share/cpp02_launch/environment/ament_prefix_path.sh
[4.640s] -- Installing: /home/simpletime/Project/ws02_tools/install/cpp02_launch/share/cpp02_launch/environment/ament_prefix_path.dsv
[4.640s] -- Up-to-date: /home/simpletime/Project/ws02_tools/install/cpp02_launch/share/cpp02_launch/environment/path.sh
[4.641s] -- Installing: /home/simpletime/Project/ws02_tools/install/cpp02_launch/share/cpp02_launch/environment/path.dsv
[4.641s] -- Up-to-date: /home/simpletime/Project/ws02_tools/install/cpp02_launch/share/cpp02_launch/local_setup.bash
[4.641s] -- Up-to-date: /home/simpletime/Project/ws02_tools/install/cpp02_launch/share/cpp02_launch/local_setup.sh
[4.641s] -- Up-to-date: /home/simpletime/Project/ws02_tools/install/cpp02_launch/share/cpp02_launch/local_setup.zsh
[4.642s] -- Installing: /home/simpletime/Project/ws02_tools/install/cpp02_launch/share/cpp02_launch/local_setup.dsv
[4.642s] -- Installing: /home/simpletime/Project/ws02_tools/install/cpp02_launch/share/cpp02_launch/package.dsv
[4.642s] -- Up-to-date: /home/simpletime/Project/ws02_tools/install/cpp02_launch/share/ament_index/resource_index/packages/cpp02_launch
[4.642s] -- Up-to-date: /home/simpletime/Project/ws02_tools/install/cpp02_launch/share/cpp02_launch/cmake/cpp02_launchConfig.cmake
[4.642s] -- Up-to-date: /home/simpletime/Project/ws02_tools/install/cpp02_launch/share/cpp02_launch/cmake/cpp02_launchConfig-version.cmake
[4.642s] -- Installing: /home/simpletime/Project/ws02_tools/install/cpp02_launch/share/cpp02_launch/package.xml
[4.644s] Invoked command in '/home/simpletime/Project/ws02_tools/build/cpp02_launch' returned '0': CMAKE_PREFIX_PATH=${CMAKE_PREFIX_PATH}:/opt/ros/humble /usr/bin/cmake --install /home/simpletime/Project/ws02_tools/build/cpp02_launch
