[0.015s] Invoking command in '/home/simpletime/ws01_plumbing/build/cpp02_service': CMAKE_PREFIX_PATH=/home/simpletime/ws01_plumbing/install/base_interfaces_demo:/home/simpletime/ws01_plumbing/install/py01_topic:/home/simpletime/ws01_plumbing/install/cpp02_service:/home/simpletime/ws01_plumbing/install/cpp01_topic:/opt/ros/humble /usr/bin/cmake --build /home/simpletime/ws01_plumbing/build/cpp02_service -- -j4 -l4
[0.037s] -- Found ament_cmake: 1.3.10 (/opt/ros/humble/share/ament_cmake/cmake)
[0.195s] -- Found rclcpp: 16.0.10 (/opt/ros/humble/share/rclcpp/cmake)
[0.218s] -- Found rosidl_generator_c: 3.1.5 (/opt/ros/humble/share/rosidl_generator_c/cmake)
[0.218s] -- Found rosidl_adapter: 3.1.5 (/opt/ros/humble/share/rosidl_adapter/cmake)
[0.223s] -- Found rosidl_generator_cpp: 3.1.5 (/opt/ros/humble/share/rosidl_generator_cpp/cmake)
[0.233s] -- Using all available rosidl_typesupport_c: rosidl_typesupport_fastrtps_c;rosidl_typesupport_introspection_c
[0.245s] -- Using all available rosidl_typesupport_cpp: rosidl_typesupport_fastrtps_cpp;rosidl_typesupport_introspection_cpp
[0.274s] -- Found rmw_implementation_cmake: 6.1.2 (/opt/ros/humble/share/rmw_implementation_cmake/cmake)
[0.275s] -- Found rmw_fastrtps_cpp: 6.2.7 (/opt/ros/humble/share/rmw_fastrtps_cpp/cmake)
[0.375s] -- Using RMW implementation 'rmw_fastrtps_cpp' as default
[0.423s] -- Found base_interfaces_demo: 0.0.0 (/home/simpletime/ws01_plumbing/install/base_interfaces_demo/share/base_interfaces_demo/cmake)
[0.433s] -- Found ament_lint_auto: 0.12.11 (/opt/ros/humble/share/ament_lint_auto/cmake)
[0.489s] -- Added test 'cppcheck' to perform static code analysis on C / C++ code
[0.489s] -- Configured cppcheck include dirs: $<BUILD_INTERFACE:/home/simpletime/ws01_plumbing/src/cpp02_service/include>
[0.489s] -- Configured cppcheck exclude dirs and/or files: 
[0.489s] -- Added test 'lint_cmake' to check CMake code style
[0.489s] -- Added test 'uncrustify' to check C / C++ code style
[0.489s] -- Configured uncrustify additional arguments: 
[0.489s] -- Added test 'xmllint' to check XML markup files
[0.489s] -- Configuring done
[0.504s] -- Generating done
[0.505s] -- Build files have been written to: /home/simpletime/ws01_plumbing/build/cpp02_service
[0.534s] [35m[1mConsolidate compiler generated dependencies of target demo01_server[0m
[0.544s] [ 25%] [32mBuilding CXX object CMakeFiles/demo02_client.dir/src/demo02_client.cpp.o[0m
[0.553s] [ 50%] [32mBuilding CXX object CMakeFiles/demo01_server.dir/src/demo01_server.cpp.o[0m
[2.615s] [ 75%] [32m[1mLinking CXX executable demo01_server[0m
[2.694s] [ 75%] Built target demo01_server
[2.730s] [100%] [32m[1mLinking CXX executable demo02_client[0m
[2.815s] [100%] Built target demo02_client
[2.825s] Invoked command in '/home/simpletime/ws01_plumbing/build/cpp02_service' returned '0': CMAKE_PREFIX_PATH=/home/simpletime/ws01_plumbing/install/base_interfaces_demo:/home/simpletime/ws01_plumbing/install/py01_topic:/home/simpletime/ws01_plumbing/install/cpp02_service:/home/simpletime/ws01_plumbing/install/cpp01_topic:/opt/ros/humble /usr/bin/cmake --build /home/simpletime/ws01_plumbing/build/cpp02_service -- -j4 -l4
[2.855s] Invoking command in '/home/simpletime/ws01_plumbing/build/cpp02_service': CMAKE_PREFIX_PATH=/home/simpletime/ws01_plumbing/install/base_interfaces_demo:/home/simpletime/ws01_plumbing/install/py01_topic:/home/simpletime/ws01_plumbing/install/cpp02_service:/home/simpletime/ws01_plumbing/install/cpp01_topic:/opt/ros/humble /usr/bin/cmake --install /home/simpletime/ws01_plumbing/build/cpp02_service
[2.861s] -- Install configuration: ""
[2.861s] -- Installing: /home/simpletime/ws01_plumbing/install/cpp02_service/lib/cpp02_service/demo01_server
[2.861s] -- Set runtime path of "/home/simpletime/ws01_plumbing/install/cpp02_service/lib/cpp02_service/demo01_server" to ""
[2.861s] -- Installing: /home/simpletime/ws01_plumbing/install/cpp02_service/lib/cpp02_service/demo02_client
[2.862s] -- Set runtime path of "/home/simpletime/ws01_plumbing/install/cpp02_service/lib/cpp02_service/demo02_client" to ""
[2.862s] -- Up-to-date: /home/simpletime/ws01_plumbing/install/cpp02_service/share/ament_index/resource_index/package_run_dependencies/cpp02_service
[2.862s] -- Installing: /home/simpletime/ws01_plumbing/install/cpp02_service/share/ament_index/resource_index/parent_prefix_path/cpp02_service
[2.862s] -- Up-to-date: /home/simpletime/ws01_plumbing/install/cpp02_service/share/cpp02_service/environment/ament_prefix_path.sh
[2.862s] -- Installing: /home/simpletime/ws01_plumbing/install/cpp02_service/share/cpp02_service/environment/ament_prefix_path.dsv
[2.862s] -- Up-to-date: /home/simpletime/ws01_plumbing/install/cpp02_service/share/cpp02_service/environment/path.sh
[2.862s] -- Installing: /home/simpletime/ws01_plumbing/install/cpp02_service/share/cpp02_service/environment/path.dsv
[2.863s] -- Up-to-date: /home/simpletime/ws01_plumbing/install/cpp02_service/share/cpp02_service/local_setup.bash
[2.863s] -- Up-to-date: /home/simpletime/ws01_plumbing/install/cpp02_service/share/cpp02_service/local_setup.sh
[2.863s] -- Up-to-date: /home/simpletime/ws01_plumbing/install/cpp02_service/share/cpp02_service/local_setup.zsh
[2.863s] -- Installing: /home/simpletime/ws01_plumbing/install/cpp02_service/share/cpp02_service/local_setup.dsv
[2.863s] -- Installing: /home/simpletime/ws01_plumbing/install/cpp02_service/share/cpp02_service/package.dsv
[2.863s] -- Up-to-date: /home/simpletime/ws01_plumbing/install/cpp02_service/share/ament_index/resource_index/packages/cpp02_service
[2.863s] -- Up-to-date: /home/simpletime/ws01_plumbing/install/cpp02_service/share/cpp02_service/cmake/cpp02_serviceConfig.cmake
[2.863s] -- Up-to-date: /home/simpletime/ws01_plumbing/install/cpp02_service/share/cpp02_service/cmake/cpp02_serviceConfig-version.cmake
[2.863s] -- Up-to-date: /home/simpletime/ws01_plumbing/install/cpp02_service/share/cpp02_service/package.xml
[2.865s] Invoked command in '/home/simpletime/ws01_plumbing/build/cpp02_service' returned '0': CMAKE_PREFIX_PATH=/home/simpletime/ws01_plumbing/install/base_interfaces_demo:/home/simpletime/ws01_plumbing/install/py01_topic:/home/simpletime/ws01_plumbing/install/cpp02_service:/home/simpletime/ws01_plumbing/install/cpp01_topic:/opt/ros/humble /usr/bin/cmake --install /home/simpletime/ws01_plumbing/build/cpp02_service
