[0.126s] DEBUG:colcon:Command line arguments: ['/usr/bin/colcon', 'build']
[0.126s] DEBUG:colcon:Parsed command line arguments: Namespace(log_base=None, log_level=None, verb_name='build', build_base='build', install_base='install', merge_install=False, symlink_install=False, test_result_base=None, continue_on_error=False, executor='parallel', parallel_workers=4, event_handlers=None, ignore_user_meta=False, metas=['./colcon.meta'], base_paths=['.'], packages_ignore=None, packages_ignore_regex=None, paths=None, packages_up_to=None, packages_up_to_regex=None, packages_above=None, packages_above_and_dependencies=None, packages_above_depth=None, packages_select_by_dep=None, packages_skip_by_dep=None, packages_skip_up_to=None, packages_select_build_failed=False, packages_skip_build_finished=False, packages_select_test_failures=False, packages_skip_test_passed=False, packages_select=None, packages_skip=None, packages_select_regex=None, packages_skip_regex=None, packages_start=None, packages_end=None, allow_overriding=[], cmake_args=None, cmake_target=None, cmake_target_skip_unavailable=False, cmake_clean_cache=False, cmake_clean_first=False, cmake_force_configure=False, ament_cmake_args=None, catkin_cmake_args=None, catkin_skip_building_tests=False, verb_parser=<colcon_defaults.argument_parser.defaults.DefaultArgumentsDecorator object at 0x734e856fbcd0>, verb_extension=<colcon_core.verb.build.BuildVerb object at 0x734e85644880>, main=<bound method BuildVerb.main of <colcon_core.verb.build.BuildVerb object at 0x734e85644880>>)
[0.272s] Level 1:colcon.colcon_core.package_discovery:discover_packages(colcon_meta) check parameters
[0.273s] Level 1:colcon.colcon_core.package_discovery:discover_packages(recursive) check parameters
[0.273s] Level 1:colcon.colcon_core.package_discovery:discover_packages(ignore) check parameters
[0.273s] Level 1:colcon.colcon_core.package_discovery:discover_packages(path) check parameters
[0.273s] Level 1:colcon.colcon_core.package_discovery:discover_packages(colcon_meta) discover
[0.273s] Level 1:colcon.colcon_core.package_discovery:discover_packages(recursive) discover
[0.273s] INFO:colcon.colcon_core.package_discovery:Crawling recursively for packages in '/home/simpletime/ws01_plumbing'
[0.273s] Level 1:colcon.colcon_core.package_identification:_identify(.) by extensions ['ignore', 'ignore_ament_install']
[0.273s] Level 1:colcon.colcon_core.package_identification:_identify(.) by extension 'ignore'
[0.273s] Level 1:colcon.colcon_core.package_identification:_identify(.) by extension 'ignore_ament_install'
[0.273s] Level 1:colcon.colcon_core.package_identification:_identify(.) by extensions ['colcon_pkg']
[0.273s] Level 1:colcon.colcon_core.package_identification:_identify(.) by extension 'colcon_pkg'
[0.273s] Level 1:colcon.colcon_core.package_identification:_identify(.) by extensions ['colcon_meta']
[0.273s] Level 1:colcon.colcon_core.package_identification:_identify(.) by extension 'colcon_meta'
[0.273s] Level 1:colcon.colcon_core.package_identification:_identify(.) by extensions ['ros']
[0.273s] Level 1:colcon.colcon_core.package_identification:_identify(.) by extension 'ros'
[0.282s] Level 1:colcon.colcon_core.package_identification:_identify(.) by extensions ['cmake', 'python']
[0.282s] Level 1:colcon.colcon_core.package_identification:_identify(.) by extension 'cmake'
[0.282s] Level 1:colcon.colcon_core.package_identification:_identify(.) by extension 'python'
[0.282s] Level 1:colcon.colcon_core.package_identification:_identify(.) by extensions ['python_setup_py']
[0.282s] Level 1:colcon.colcon_core.package_identification:_identify(.) by extension 'python_setup_py'
[0.282s] Level 1:colcon.colcon_core.package_identification:_identify(build) by extensions ['ignore', 'ignore_ament_install']
[0.283s] Level 1:colcon.colcon_core.package_identification:_identify(build) by extension 'ignore'
[0.283s] Level 1:colcon.colcon_core.package_identification:_identify(build) ignored
[0.283s] Level 1:colcon.colcon_core.package_identification:_identify(install) by extensions ['ignore', 'ignore_ament_install']
[0.283s] Level 1:colcon.colcon_core.package_identification:_identify(install) by extension 'ignore'
[0.283s] Level 1:colcon.colcon_core.package_identification:_identify(install) ignored
[0.283s] Level 1:colcon.colcon_core.package_identification:_identify(log) by extensions ['ignore', 'ignore_ament_install']
[0.283s] Level 1:colcon.colcon_core.package_identification:_identify(log) by extension 'ignore'
[0.283s] Level 1:colcon.colcon_core.package_identification:_identify(log) ignored
[0.283s] Level 1:colcon.colcon_core.package_identification:_identify(src) by extensions ['ignore', 'ignore_ament_install']
[0.283s] Level 1:colcon.colcon_core.package_identification:_identify(src) by extension 'ignore'
[0.284s] Level 1:colcon.colcon_core.package_identification:_identify(src) by extension 'ignore_ament_install'
[0.284s] Level 1:colcon.colcon_core.package_identification:_identify(src) by extensions ['colcon_pkg']
[0.284s] Level 1:colcon.colcon_core.package_identification:_identify(src) by extension 'colcon_pkg'
[0.284s] Level 1:colcon.colcon_core.package_identification:_identify(src) by extensions ['colcon_meta']
[0.284s] Level 1:colcon.colcon_core.package_identification:_identify(src) by extension 'colcon_meta'
[0.284s] Level 1:colcon.colcon_core.package_identification:_identify(src) by extensions ['ros']
[0.284s] Level 1:colcon.colcon_core.package_identification:_identify(src) by extension 'ros'
[0.284s] Level 1:colcon.colcon_core.package_identification:_identify(src) by extensions ['cmake', 'python']
[0.284s] Level 1:colcon.colcon_core.package_identification:_identify(src) by extension 'cmake'
[0.284s] Level 1:colcon.colcon_core.package_identification:_identify(src) by extension 'python'
[0.284s] Level 1:colcon.colcon_core.package_identification:_identify(src) by extensions ['python_setup_py']
[0.284s] Level 1:colcon.colcon_core.package_identification:_identify(src) by extension 'python_setup_py'
[0.284s] Level 1:colcon.colcon_core.package_identification:_identify(src/base_interfaces_demo) by extensions ['ignore', 'ignore_ament_install']
[0.284s] Level 1:colcon.colcon_core.package_identification:_identify(src/base_interfaces_demo) by extension 'ignore'
[0.284s] Level 1:colcon.colcon_core.package_identification:_identify(src/base_interfaces_demo) by extension 'ignore_ament_install'
[0.284s] Level 1:colcon.colcon_core.package_identification:_identify(src/base_interfaces_demo) by extensions ['colcon_pkg']
[0.284s] Level 1:colcon.colcon_core.package_identification:_identify(src/base_interfaces_demo) by extension 'colcon_pkg'
[0.284s] Level 1:colcon.colcon_core.package_identification:_identify(src/base_interfaces_demo) by extensions ['colcon_meta']
[0.284s] Level 1:colcon.colcon_core.package_identification:_identify(src/base_interfaces_demo) by extension 'colcon_meta'
[0.284s] Level 1:colcon.colcon_core.package_identification:_identify(src/base_interfaces_demo) by extensions ['ros']
[0.284s] Level 1:colcon.colcon_core.package_identification:_identify(src/base_interfaces_demo) by extension 'ros'
[0.289s] DEBUG:colcon.colcon_core.package_identification:Package 'src/base_interfaces_demo' with type 'ros.ament_cmake' and name 'base_interfaces_demo'
[0.289s] Level 1:colcon.colcon_core.package_identification:_identify(src/cpp01_topic) by extensions ['ignore', 'ignore_ament_install']
[0.289s] Level 1:colcon.colcon_core.package_identification:_identify(src/cpp01_topic) by extension 'ignore'
[0.289s] Level 1:colcon.colcon_core.package_identification:_identify(src/cpp01_topic) by extension 'ignore_ament_install'
[0.289s] Level 1:colcon.colcon_core.package_identification:_identify(src/cpp01_topic) by extensions ['colcon_pkg']
[0.289s] Level 1:colcon.colcon_core.package_identification:_identify(src/cpp01_topic) by extension 'colcon_pkg'
[0.289s] Level 1:colcon.colcon_core.package_identification:_identify(src/cpp01_topic) by extensions ['colcon_meta']
[0.289s] Level 1:colcon.colcon_core.package_identification:_identify(src/cpp01_topic) by extension 'colcon_meta'
[0.289s] Level 1:colcon.colcon_core.package_identification:_identify(src/cpp01_topic) by extensions ['ros']
[0.289s] Level 1:colcon.colcon_core.package_identification:_identify(src/cpp01_topic) by extension 'ros'
[0.289s] DEBUG:colcon.colcon_core.package_identification:Package 'src/cpp01_topic' with type 'ros.ament_cmake' and name 'cpp01_topic'
[0.289s] Level 1:colcon.colcon_core.package_identification:_identify(src/py01_topic) by extensions ['ignore', 'ignore_ament_install']
[0.290s] Level 1:colcon.colcon_core.package_identification:_identify(src/py01_topic) by extension 'ignore'
[0.290s] Level 1:colcon.colcon_core.package_identification:_identify(src/py01_topic) by extension 'ignore_ament_install'
[0.290s] Level 1:colcon.colcon_core.package_identification:_identify(src/py01_topic) by extensions ['colcon_pkg']
[0.290s] Level 1:colcon.colcon_core.package_identification:_identify(src/py01_topic) by extension 'colcon_pkg'
[0.290s] Level 1:colcon.colcon_core.package_identification:_identify(src/py01_topic) by extensions ['colcon_meta']
[0.290s] Level 1:colcon.colcon_core.package_identification:_identify(src/py01_topic) by extension 'colcon_meta'
[0.290s] Level 1:colcon.colcon_core.package_identification:_identify(src/py01_topic) by extensions ['ros']
[0.290s] Level 1:colcon.colcon_core.package_identification:_identify(src/py01_topic) by extension 'ros'
[0.290s] DEBUG:colcon.colcon_core.package_identification:Package 'src/py01_topic' with type 'ros.ament_cmake' and name 'py01_topic'
[0.290s] Level 1:colcon.colcon_core.package_discovery:discover_packages(recursive) using defaults
[0.290s] Level 1:colcon.colcon_core.package_discovery:discover_packages(ignore) discover
[0.290s] Level 1:colcon.colcon_core.package_discovery:discover_packages(ignore) using defaults
[0.290s] Level 1:colcon.colcon_core.package_discovery:discover_packages(path) discover
[0.290s] Level 1:colcon.colcon_core.package_discovery:discover_packages(path) using defaults
[0.303s] Level 1:colcon.colcon_core.package_discovery:discover_packages(prefix_path) check parameters
[0.303s] Level 1:colcon.colcon_core.package_discovery:discover_packages(prefix_path) discover
[0.304s] DEBUG:colcon.colcon_installed_package_information.package_discovery:Found 270 installed packages in /opt/ros/humble
[0.305s] Level 1:colcon.colcon_core.package_discovery:discover_packages(prefix_path) using defaults
[0.332s] Level 5:colcon.colcon_core.verb:set package 'base_interfaces_demo' build argument 'cmake_args' from command line to 'None'
[0.332s] Level 5:colcon.colcon_core.verb:set package 'base_interfaces_demo' build argument 'cmake_target' from command line to 'None'
[0.332s] Level 5:colcon.colcon_core.verb:set package 'base_interfaces_demo' build argument 'cmake_target_skip_unavailable' from command line to 'False'
[0.332s] Level 5:colcon.colcon_core.verb:set package 'base_interfaces_demo' build argument 'cmake_clean_cache' from command line to 'False'
[0.332s] Level 5:colcon.colcon_core.verb:set package 'base_interfaces_demo' build argument 'cmake_clean_first' from command line to 'False'
[0.332s] Level 5:colcon.colcon_core.verb:set package 'base_interfaces_demo' build argument 'cmake_force_configure' from command line to 'False'
[0.332s] Level 5:colcon.colcon_core.verb:set package 'base_interfaces_demo' build argument 'ament_cmake_args' from command line to 'None'
[0.332s] Level 5:colcon.colcon_core.verb:set package 'base_interfaces_demo' build argument 'catkin_cmake_args' from command line to 'None'
[0.332s] Level 5:colcon.colcon_core.verb:set package 'base_interfaces_demo' build argument 'catkin_skip_building_tests' from command line to 'False'
[0.332s] DEBUG:colcon.colcon_core.verb:Building package 'base_interfaces_demo' with the following arguments: {'ament_cmake_args': None, 'build_base': '/home/simpletime/ws01_plumbing/build/base_interfaces_demo', 'catkin_cmake_args': None, 'catkin_skip_building_tests': False, 'cmake_args': None, 'cmake_clean_cache': False, 'cmake_clean_first': False, 'cmake_force_configure': False, 'cmake_target': None, 'cmake_target_skip_unavailable': False, 'install_base': '/home/simpletime/ws01_plumbing/install/base_interfaces_demo', 'merge_install': False, 'path': '/home/simpletime/ws01_plumbing/src/base_interfaces_demo', 'symlink_install': False, 'test_result_base': None}
[0.333s] Level 5:colcon.colcon_core.verb:set package 'cpp01_topic' build argument 'cmake_args' from command line to 'None'
[0.333s] Level 5:colcon.colcon_core.verb:set package 'cpp01_topic' build argument 'cmake_target' from command line to 'None'
[0.333s] Level 5:colcon.colcon_core.verb:set package 'cpp01_topic' build argument 'cmake_target_skip_unavailable' from command line to 'False'
[0.333s] Level 5:colcon.colcon_core.verb:set package 'cpp01_topic' build argument 'cmake_clean_cache' from command line to 'False'
[0.333s] Level 5:colcon.colcon_core.verb:set package 'cpp01_topic' build argument 'cmake_clean_first' from command line to 'False'
[0.333s] Level 5:colcon.colcon_core.verb:set package 'cpp01_topic' build argument 'cmake_force_configure' from command line to 'False'
[0.333s] Level 5:colcon.colcon_core.verb:set package 'cpp01_topic' build argument 'ament_cmake_args' from command line to 'None'
[0.333s] Level 5:colcon.colcon_core.verb:set package 'cpp01_topic' build argument 'catkin_cmake_args' from command line to 'None'
[0.333s] Level 5:colcon.colcon_core.verb:set package 'cpp01_topic' build argument 'catkin_skip_building_tests' from command line to 'False'
[0.333s] DEBUG:colcon.colcon_core.verb:Building package 'cpp01_topic' with the following arguments: {'ament_cmake_args': None, 'build_base': '/home/simpletime/ws01_plumbing/build/cpp01_topic', 'catkin_cmake_args': None, 'catkin_skip_building_tests': False, 'cmake_args': None, 'cmake_clean_cache': False, 'cmake_clean_first': False, 'cmake_force_configure': False, 'cmake_target': None, 'cmake_target_skip_unavailable': False, 'install_base': '/home/simpletime/ws01_plumbing/install/cpp01_topic', 'merge_install': False, 'path': '/home/simpletime/ws01_plumbing/src/cpp01_topic', 'symlink_install': False, 'test_result_base': None}
[0.333s] Level 5:colcon.colcon_core.verb:set package 'py01_topic' build argument 'cmake_args' from command line to 'None'
[0.333s] Level 5:colcon.colcon_core.verb:set package 'py01_topic' build argument 'cmake_target' from command line to 'None'
[0.333s] Level 5:colcon.colcon_core.verb:set package 'py01_topic' build argument 'cmake_target_skip_unavailable' from command line to 'False'
[0.333s] Level 5:colcon.colcon_core.verb:set package 'py01_topic' build argument 'cmake_clean_cache' from command line to 'False'
[0.333s] Level 5:colcon.colcon_core.verb:set package 'py01_topic' build argument 'cmake_clean_first' from command line to 'False'
[0.333s] Level 5:colcon.colcon_core.verb:set package 'py01_topic' build argument 'cmake_force_configure' from command line to 'False'
[0.333s] Level 5:colcon.colcon_core.verb:set package 'py01_topic' build argument 'ament_cmake_args' from command line to 'None'
[0.333s] Level 5:colcon.colcon_core.verb:set package 'py01_topic' build argument 'catkin_cmake_args' from command line to 'None'
[0.333s] Level 5:colcon.colcon_core.verb:set package 'py01_topic' build argument 'catkin_skip_building_tests' from command line to 'False'
[0.333s] DEBUG:colcon.colcon_core.verb:Building package 'py01_topic' with the following arguments: {'ament_cmake_args': None, 'build_base': '/home/simpletime/ws01_plumbing/build/py01_topic', 'catkin_cmake_args': None, 'catkin_skip_building_tests': False, 'cmake_args': None, 'cmake_clean_cache': False, 'cmake_clean_first': False, 'cmake_force_configure': False, 'cmake_target': None, 'cmake_target_skip_unavailable': False, 'install_base': '/home/simpletime/ws01_plumbing/install/py01_topic', 'merge_install': False, 'path': '/home/simpletime/ws01_plumbing/src/py01_topic', 'symlink_install': False, 'test_result_base': None}
[0.333s] INFO:colcon.colcon_core.executor:Executing jobs using 'parallel' executor
[0.334s] DEBUG:colcon.colcon_parallel_executor.executor.parallel:run_until_complete
[0.334s] INFO:colcon.colcon_ros.task.ament_cmake.build:Building ROS package in '/home/simpletime/ws01_plumbing/src/base_interfaces_demo' with build type 'ament_cmake'
[0.335s] INFO:colcon.colcon_cmake.task.cmake.build:Building CMake package in '/home/simpletime/ws01_plumbing/src/base_interfaces_demo'
[0.336s] INFO:colcon.colcon_core.plugin_system:Skipping extension 'colcon_core.shell.bat': Not used on non-Windows systems
[0.336s] INFO:colcon.colcon_core.shell:Skip shell extension 'powershell' for command environment: Not usable outside of PowerShell
[0.336s] DEBUG:colcon.colcon_core.shell:Skip shell extension 'dsv' for command environment
[0.343s] DEBUG:colcon.colcon_core.event_handler.log_command:Invoking command in '/home/simpletime/ws01_plumbing/build/base_interfaces_demo': CMAKE_PREFIX_PATH=/opt/ros/humble /usr/bin/cmake /home/simpletime/ws01_plumbing/src/base_interfaces_demo -DCMAKE_INSTALL_PREFIX=/home/simpletime/ws01_plumbing/install/base_interfaces_demo
[0.950s] DEBUG:colcon.colcon_core.event_handler.log_command:Invoked command in '/home/simpletime/ws01_plumbing/build/base_interfaces_demo' returned '0': CMAKE_PREFIX_PATH=/opt/ros/humble /usr/bin/cmake /home/simpletime/ws01_plumbing/src/base_interfaces_demo -DCMAKE_INSTALL_PREFIX=/home/simpletime/ws01_plumbing/install/base_interfaces_demo
[0.952s] DEBUG:colcon.colcon_core.event_handler.log_command:Invoking command in '/home/simpletime/ws01_plumbing/build/base_interfaces_demo': CMAKE_PREFIX_PATH=/opt/ros/humble /usr/bin/cmake --build /home/simpletime/ws01_plumbing/build/base_interfaces_demo -- -j4 -l4
[0.989s] DEBUG:colcon.colcon_core.event_handler.log_command:Invoked command in '/home/simpletime/ws01_plumbing/build/base_interfaces_demo' returned '0': CMAKE_PREFIX_PATH=/opt/ros/humble /usr/bin/cmake --build /home/simpletime/ws01_plumbing/build/base_interfaces_demo -- -j4 -l4
[1.017s] DEBUG:colcon.colcon_core.event_handler.log_command:Invoking command in '/home/simpletime/ws01_plumbing/build/base_interfaces_demo': CMAKE_PREFIX_PATH=/opt/ros/humble /usr/bin/cmake --install /home/simpletime/ws01_plumbing/build/base_interfaces_demo
[1.026s] Level 1:colcon.colcon_core.environment:create_environment_scripts_only(base_interfaces_demo)
[1.026s] DEBUG:colcon.colcon_core.event_handler.log_command:Invoked command in '/home/simpletime/ws01_plumbing/build/base_interfaces_demo' returned '0': CMAKE_PREFIX_PATH=/opt/ros/humble /usr/bin/cmake --install /home/simpletime/ws01_plumbing/build/base_interfaces_demo
[1.034s] Level 1:colcon.colcon_core.environment:checking '/home/simpletime/ws01_plumbing/install/base_interfaces_demo' for CMake module files
[1.034s] Level 1:colcon.colcon_core.environment:checking '/home/simpletime/ws01_plumbing/install/base_interfaces_demo' for CMake config files
[1.034s] Level 1:colcon.colcon_core.shell:create_environment_hook('base_interfaces_demo', 'cmake_prefix_path')
[1.034s] INFO:colcon.colcon_core.shell:Creating environment hook '/home/simpletime/ws01_plumbing/install/base_interfaces_demo/share/base_interfaces_demo/hook/cmake_prefix_path.ps1'
[1.035s] INFO:colcon.colcon_core.shell:Creating environment descriptor '/home/simpletime/ws01_plumbing/install/base_interfaces_demo/share/base_interfaces_demo/hook/cmake_prefix_path.dsv'
[1.036s] INFO:colcon.colcon_core.shell:Creating environment hook '/home/simpletime/ws01_plumbing/install/base_interfaces_demo/share/base_interfaces_demo/hook/cmake_prefix_path.sh'
[1.037s] Level 1:colcon.colcon_core.environment:checking '/home/simpletime/ws01_plumbing/install/base_interfaces_demo/bin'
[1.037s] Level 1:colcon.colcon_core.environment:checking '/home/simpletime/ws01_plumbing/install/base_interfaces_demo/lib/pkgconfig/base_interfaces_demo.pc'
[1.037s] Level 1:colcon.colcon_core.environment:checking '/home/simpletime/ws01_plumbing/install/base_interfaces_demo/lib/python3.10/site-packages'
[1.037s] Level 1:colcon.colcon_core.environment:checking '/home/simpletime/ws01_plumbing/install/base_interfaces_demo/bin'
[1.037s] INFO:colcon.colcon_core.shell:Creating package script '/home/simpletime/ws01_plumbing/install/base_interfaces_demo/share/base_interfaces_demo/package.ps1'
[1.038s] INFO:colcon.colcon_core.shell:Creating package descriptor '/home/simpletime/ws01_plumbing/install/base_interfaces_demo/share/base_interfaces_demo/package.dsv'
[1.038s] INFO:colcon.colcon_core.shell:Creating package script '/home/simpletime/ws01_plumbing/install/base_interfaces_demo/share/base_interfaces_demo/package.sh'
[1.040s] INFO:colcon.colcon_core.shell:Creating package script '/home/simpletime/ws01_plumbing/install/base_interfaces_demo/share/base_interfaces_demo/package.bash'
[1.040s] INFO:colcon.colcon_core.shell:Creating package script '/home/simpletime/ws01_plumbing/install/base_interfaces_demo/share/base_interfaces_demo/package.zsh'
[1.041s] Level 1:colcon.colcon_core.environment:create_file_with_runtime_dependencies(/home/simpletime/ws01_plumbing/install/base_interfaces_demo/share/colcon-core/packages/base_interfaces_demo)
[1.060s] Level 1:colcon.colcon_core.environment:create_environment_scripts_only(base_interfaces_demo)
[1.060s] Level 1:colcon.colcon_core.environment:checking '/home/simpletime/ws01_plumbing/install/base_interfaces_demo' for CMake module files
[1.060s] Level 1:colcon.colcon_core.environment:checking '/home/simpletime/ws01_plumbing/install/base_interfaces_demo' for CMake config files
[1.060s] Level 1:colcon.colcon_core.shell:create_environment_hook('base_interfaces_demo', 'cmake_prefix_path')
[1.060s] INFO:colcon.colcon_core.shell:Creating environment hook '/home/simpletime/ws01_plumbing/install/base_interfaces_demo/share/base_interfaces_demo/hook/cmake_prefix_path.ps1'
[1.061s] INFO:colcon.colcon_core.shell:Creating environment descriptor '/home/simpletime/ws01_plumbing/install/base_interfaces_demo/share/base_interfaces_demo/hook/cmake_prefix_path.dsv'
[1.061s] INFO:colcon.colcon_core.shell:Creating environment hook '/home/simpletime/ws01_plumbing/install/base_interfaces_demo/share/base_interfaces_demo/hook/cmake_prefix_path.sh'
[1.062s] Level 1:colcon.colcon_core.environment:checking '/home/simpletime/ws01_plumbing/install/base_interfaces_demo/bin'
[1.062s] Level 1:colcon.colcon_core.environment:checking '/home/simpletime/ws01_plumbing/install/base_interfaces_demo/lib/pkgconfig/base_interfaces_demo.pc'
[1.062s] Level 1:colcon.colcon_core.environment:checking '/home/simpletime/ws01_plumbing/install/base_interfaces_demo/lib/python3.10/site-packages'
[1.062s] Level 1:colcon.colcon_core.environment:checking '/home/simpletime/ws01_plumbing/install/base_interfaces_demo/bin'
[1.062s] INFO:colcon.colcon_core.shell:Creating package script '/home/simpletime/ws01_plumbing/install/base_interfaces_demo/share/base_interfaces_demo/package.ps1'
[1.063s] INFO:colcon.colcon_core.shell:Creating package descriptor '/home/simpletime/ws01_plumbing/install/base_interfaces_demo/share/base_interfaces_demo/package.dsv'
[1.063s] INFO:colcon.colcon_core.shell:Creating package script '/home/simpletime/ws01_plumbing/install/base_interfaces_demo/share/base_interfaces_demo/package.sh'
[1.064s] INFO:colcon.colcon_core.shell:Creating package script '/home/simpletime/ws01_plumbing/install/base_interfaces_demo/share/base_interfaces_demo/package.bash'
[1.064s] INFO:colcon.colcon_core.shell:Creating package script '/home/simpletime/ws01_plumbing/install/base_interfaces_demo/share/base_interfaces_demo/package.zsh'
[1.064s] Level 1:colcon.colcon_core.environment:create_file_with_runtime_dependencies(/home/simpletime/ws01_plumbing/install/base_interfaces_demo/share/colcon-core/packages/base_interfaces_demo)
[1.065s] INFO:colcon.colcon_ros.task.ament_cmake.build:Building ROS package in '/home/simpletime/ws01_plumbing/src/cpp01_topic' with build type 'ament_cmake'
[1.065s] INFO:colcon.colcon_cmake.task.cmake.build:Building CMake package in '/home/simpletime/ws01_plumbing/src/cpp01_topic'
[1.065s] INFO:colcon.colcon_core.shell:Skip shell extension 'powershell' for command environment: Not usable outside of PowerShell
[1.065s] DEBUG:colcon.colcon_core.shell:Skip shell extension 'dsv' for command environment
[1.067s] INFO:colcon.colcon_ros.task.ament_cmake.build:Building ROS package in '/home/simpletime/ws01_plumbing/src/py01_topic' with build type 'ament_cmake'
[1.067s] INFO:colcon.colcon_cmake.task.cmake.build:Building CMake package in '/home/simpletime/ws01_plumbing/src/py01_topic'
[1.068s] INFO:colcon.colcon_core.shell:Skip shell extension 'powershell' for command environment: Not usable outside of PowerShell
[1.068s] DEBUG:colcon.colcon_core.shell:Skip shell extension 'dsv' for command environment
[1.073s] DEBUG:colcon.colcon_core.event_handler.log_command:Invoking command in '/home/simpletime/ws01_plumbing/build/cpp01_topic': AMENT_PREFIX_PATH=/home/simpletime/ws01_plumbing/install/base_interfaces_demo:${AMENT_PREFIX_PATH} CMAKE_PREFIX_PATH=/home/simpletime/ws01_plumbing/install/base_interfaces_demo:/opt/ros/humble /usr/bin/cmake /home/simpletime/ws01_plumbing/src/cpp01_topic -DCMAKE_INSTALL_PREFIX=/home/simpletime/ws01_plumbing/install/cpp01_topic
[1.074s] DEBUG:colcon.colcon_core.event_handler.log_command:Invoking command in '/home/simpletime/ws01_plumbing/build/py01_topic': AMENT_PREFIX_PATH=/home/simpletime/ws01_plumbing/install/base_interfaces_demo:${AMENT_PREFIX_PATH} CMAKE_PREFIX_PATH=/home/simpletime/ws01_plumbing/install/base_interfaces_demo:/opt/ros/humble /usr/bin/cmake /home/simpletime/ws01_plumbing/src/py01_topic -DCMAKE_INSTALL_PREFIX=/home/simpletime/ws01_plumbing/install/py01_topic
[1.654s] DEBUG:colcon.colcon_core.event_handler.log_command:Invoked command in '/home/simpletime/ws01_plumbing/build/py01_topic' returned '0': AMENT_PREFIX_PATH=/home/simpletime/ws01_plumbing/install/base_interfaces_demo:${AMENT_PREFIX_PATH} CMAKE_PREFIX_PATH=/home/simpletime/ws01_plumbing/install/base_interfaces_demo:/opt/ros/humble /usr/bin/cmake /home/simpletime/ws01_plumbing/src/py01_topic -DCMAKE_INSTALL_PREFIX=/home/simpletime/ws01_plumbing/install/py01_topic
[1.655s] DEBUG:colcon.colcon_core.event_handler.log_command:Invoking command in '/home/simpletime/ws01_plumbing/build/py01_topic': AMENT_PREFIX_PATH=/home/simpletime/ws01_plumbing/install/base_interfaces_demo:${AMENT_PREFIX_PATH} CMAKE_PREFIX_PATH=/home/simpletime/ws01_plumbing/install/base_interfaces_demo:/opt/ros/humble /usr/bin/cmake --build /home/simpletime/ws01_plumbing/build/py01_topic -- -j4 -l4
[1.799s] DEBUG:colcon.colcon_core.event_handler.log_command:Invoked command in '/home/simpletime/ws01_plumbing/build/py01_topic' returned '0': AMENT_PREFIX_PATH=/home/simpletime/ws01_plumbing/install/base_interfaces_demo:${AMENT_PREFIX_PATH} CMAKE_PREFIX_PATH=/home/simpletime/ws01_plumbing/install/base_interfaces_demo:/opt/ros/humble /usr/bin/cmake --build /home/simpletime/ws01_plumbing/build/py01_topic -- -j4 -l4
[1.824s] DEBUG:colcon.colcon_core.event_handler.log_command:Invoking command in '/home/simpletime/ws01_plumbing/build/py01_topic': AMENT_PREFIX_PATH=/home/simpletime/ws01_plumbing/install/base_interfaces_demo:${AMENT_PREFIX_PATH} CMAKE_PREFIX_PATH=/home/simpletime/ws01_plumbing/install/base_interfaces_demo:/opt/ros/humble /usr/bin/cmake --install /home/simpletime/ws01_plumbing/build/py01_topic
[1.832s] Level 1:colcon.colcon_core.environment:create_environment_scripts_only(py01_topic)
[1.833s] DEBUG:colcon.colcon_core.event_handler.log_command:Invoked command in '/home/simpletime/ws01_plumbing/build/py01_topic' returned '0': AMENT_PREFIX_PATH=/home/simpletime/ws01_plumbing/install/base_interfaces_demo:${AMENT_PREFIX_PATH} CMAKE_PREFIX_PATH=/home/simpletime/ws01_plumbing/install/base_interfaces_demo:/opt/ros/humble /usr/bin/cmake --install /home/simpletime/ws01_plumbing/build/py01_topic
[1.833s] Level 1:colcon.colcon_core.environment:checking '/home/simpletime/ws01_plumbing/install/py01_topic' for CMake module files
[1.834s] Level 1:colcon.colcon_core.environment:checking '/home/simpletime/ws01_plumbing/install/py01_topic' for CMake config files
[1.834s] Level 1:colcon.colcon_core.shell:create_environment_hook('py01_topic', 'cmake_prefix_path')
[1.834s] INFO:colcon.colcon_core.shell:Creating environment hook '/home/simpletime/ws01_plumbing/install/py01_topic/share/py01_topic/hook/cmake_prefix_path.ps1'
[1.835s] INFO:colcon.colcon_core.shell:Creating environment descriptor '/home/simpletime/ws01_plumbing/install/py01_topic/share/py01_topic/hook/cmake_prefix_path.dsv'
[1.835s] INFO:colcon.colcon_core.shell:Creating environment hook '/home/simpletime/ws01_plumbing/install/py01_topic/share/py01_topic/hook/cmake_prefix_path.sh'
[1.835s] Level 1:colcon.colcon_core.environment:checking '/home/simpletime/ws01_plumbing/install/py01_topic/lib'
[1.836s] Level 1:colcon.colcon_core.environment:checking '/home/simpletime/ws01_plumbing/install/py01_topic/bin'
[1.836s] Level 1:colcon.colcon_core.environment:checking '/home/simpletime/ws01_plumbing/install/py01_topic/lib/pkgconfig/py01_topic.pc'
[1.836s] Level 1:colcon.colcon_core.environment:checking '/home/simpletime/ws01_plumbing/install/py01_topic/lib/python3.10/site-packages'
[1.836s] Level 1:colcon.colcon_core.environment:checking '/home/simpletime/ws01_plumbing/install/py01_topic/bin'
[1.836s] INFO:colcon.colcon_core.shell:Creating package script '/home/simpletime/ws01_plumbing/install/py01_topic/share/py01_topic/package.ps1'
[1.836s] INFO:colcon.colcon_core.shell:Creating package descriptor '/home/simpletime/ws01_plumbing/install/py01_topic/share/py01_topic/package.dsv'
[1.837s] INFO:colcon.colcon_core.shell:Creating package script '/home/simpletime/ws01_plumbing/install/py01_topic/share/py01_topic/package.sh'
[1.837s] INFO:colcon.colcon_core.shell:Creating package script '/home/simpletime/ws01_plumbing/install/py01_topic/share/py01_topic/package.bash'
[1.837s] INFO:colcon.colcon_core.shell:Creating package script '/home/simpletime/ws01_plumbing/install/py01_topic/share/py01_topic/package.zsh'
[1.837s] Level 1:colcon.colcon_core.environment:create_file_with_runtime_dependencies(/home/simpletime/ws01_plumbing/install/py01_topic/share/colcon-core/packages/py01_topic)
[1.861s] Level 1:colcon.colcon_core.environment:create_environment_scripts_only(py01_topic)
[1.861s] Level 1:colcon.colcon_core.environment:checking '/home/simpletime/ws01_plumbing/install/py01_topic' for CMake module files
[1.861s] Level 1:colcon.colcon_core.environment:checking '/home/simpletime/ws01_plumbing/install/py01_topic' for CMake config files
[1.862s] Level 1:colcon.colcon_core.shell:create_environment_hook('py01_topic', 'cmake_prefix_path')
[1.862s] INFO:colcon.colcon_core.shell:Creating environment hook '/home/simpletime/ws01_plumbing/install/py01_topic/share/py01_topic/hook/cmake_prefix_path.ps1'
[1.863s] INFO:colcon.colcon_core.shell:Creating environment descriptor '/home/simpletime/ws01_plumbing/install/py01_topic/share/py01_topic/hook/cmake_prefix_path.dsv'
[1.863s] INFO:colcon.colcon_core.shell:Creating environment hook '/home/simpletime/ws01_plumbing/install/py01_topic/share/py01_topic/hook/cmake_prefix_path.sh'
[1.864s] Level 1:colcon.colcon_core.environment:checking '/home/simpletime/ws01_plumbing/install/py01_topic/lib'
[1.864s] Level 1:colcon.colcon_core.environment:checking '/home/simpletime/ws01_plumbing/install/py01_topic/bin'
[1.864s] Level 1:colcon.colcon_core.environment:checking '/home/simpletime/ws01_plumbing/install/py01_topic/lib/pkgconfig/py01_topic.pc'
[1.864s] Level 1:colcon.colcon_core.environment:checking '/home/simpletime/ws01_plumbing/install/py01_topic/lib/python3.10/site-packages'
[1.864s] Level 1:colcon.colcon_core.environment:checking '/home/simpletime/ws01_plumbing/install/py01_topic/bin'
[1.864s] INFO:colcon.colcon_core.shell:Creating package script '/home/simpletime/ws01_plumbing/install/py01_topic/share/py01_topic/package.ps1'
[1.865s] INFO:colcon.colcon_core.shell:Creating package descriptor '/home/simpletime/ws01_plumbing/install/py01_topic/share/py01_topic/package.dsv'
[1.865s] INFO:colcon.colcon_core.shell:Creating package script '/home/simpletime/ws01_plumbing/install/py01_topic/share/py01_topic/package.sh'
[1.865s] INFO:colcon.colcon_core.shell:Creating package script '/home/simpletime/ws01_plumbing/install/py01_topic/share/py01_topic/package.bash'
[1.866s] INFO:colcon.colcon_core.shell:Creating package script '/home/simpletime/ws01_plumbing/install/py01_topic/share/py01_topic/package.zsh'
[1.866s] Level 1:colcon.colcon_core.environment:create_file_with_runtime_dependencies(/home/simpletime/ws01_plumbing/install/py01_topic/share/colcon-core/packages/py01_topic)
[2.013s] DEBUG:colcon.colcon_core.event_handler.log_command:Invoked command in '/home/simpletime/ws01_plumbing/build/cpp01_topic' returned '0': AMENT_PREFIX_PATH=/home/simpletime/ws01_plumbing/install/base_interfaces_demo:${AMENT_PREFIX_PATH} CMAKE_PREFIX_PATH=/home/simpletime/ws01_plumbing/install/base_interfaces_demo:/opt/ros/humble /usr/bin/cmake /home/simpletime/ws01_plumbing/src/cpp01_topic -DCMAKE_INSTALL_PREFIX=/home/simpletime/ws01_plumbing/install/cpp01_topic
[2.013s] DEBUG:colcon.colcon_core.event_handler.log_command:Invoking command in '/home/simpletime/ws01_plumbing/build/cpp01_topic': AMENT_PREFIX_PATH=/home/simpletime/ws01_plumbing/install/base_interfaces_demo:${AMENT_PREFIX_PATH} CMAKE_PREFIX_PATH=/home/simpletime/ws01_plumbing/install/base_interfaces_demo:/opt/ros/humble /usr/bin/cmake --build /home/simpletime/ws01_plumbing/build/cpp01_topic -- -j4 -l4
[4.097s] DEBUG:colcon.colcon_core.event_handler.log_command:Invoked command in '/home/simpletime/ws01_plumbing/build/cpp01_topic' returned '0': AMENT_PREFIX_PATH=/home/simpletime/ws01_plumbing/install/base_interfaces_demo:${AMENT_PREFIX_PATH} CMAKE_PREFIX_PATH=/home/simpletime/ws01_plumbing/install/base_interfaces_demo:/opt/ros/humble /usr/bin/cmake --build /home/simpletime/ws01_plumbing/build/cpp01_topic -- -j4 -l4
[4.121s] DEBUG:colcon.colcon_core.event_handler.log_command:Invoking command in '/home/simpletime/ws01_plumbing/build/cpp01_topic': AMENT_PREFIX_PATH=/home/simpletime/ws01_plumbing/install/base_interfaces_demo:${AMENT_PREFIX_PATH} CMAKE_PREFIX_PATH=/home/simpletime/ws01_plumbing/install/base_interfaces_demo:/opt/ros/humble /usr/bin/cmake --install /home/simpletime/ws01_plumbing/build/cpp01_topic
[4.132s] Level 1:colcon.colcon_core.environment:create_environment_scripts_only(cpp01_topic)
[4.132s] DEBUG:colcon.colcon_core.event_handler.log_command:Invoked command in '/home/simpletime/ws01_plumbing/build/cpp01_topic' returned '0': AMENT_PREFIX_PATH=/home/simpletime/ws01_plumbing/install/base_interfaces_demo:${AMENT_PREFIX_PATH} CMAKE_PREFIX_PATH=/home/simpletime/ws01_plumbing/install/base_interfaces_demo:/opt/ros/humble /usr/bin/cmake --install /home/simpletime/ws01_plumbing/build/cpp01_topic
[4.132s] Level 1:colcon.colcon_core.environment:checking '/home/simpletime/ws01_plumbing/install/cpp01_topic' for CMake module files
[4.133s] Level 1:colcon.colcon_core.environment:checking '/home/simpletime/ws01_plumbing/install/cpp01_topic' for CMake config files
[4.133s] Level 1:colcon.colcon_core.shell:create_environment_hook('cpp01_topic', 'cmake_prefix_path')
[4.134s] INFO:colcon.colcon_core.shell:Creating environment hook '/home/simpletime/ws01_plumbing/install/cpp01_topic/share/cpp01_topic/hook/cmake_prefix_path.ps1'
[4.134s] INFO:colcon.colcon_core.shell:Creating environment descriptor '/home/simpletime/ws01_plumbing/install/cpp01_topic/share/cpp01_topic/hook/cmake_prefix_path.dsv'
[4.134s] INFO:colcon.colcon_core.shell:Creating environment hook '/home/simpletime/ws01_plumbing/install/cpp01_topic/share/cpp01_topic/hook/cmake_prefix_path.sh'
[4.135s] Level 1:colcon.colcon_core.environment:checking '/home/simpletime/ws01_plumbing/install/cpp01_topic/lib'
[4.135s] Level 1:colcon.colcon_core.environment:checking '/home/simpletime/ws01_plumbing/install/cpp01_topic/bin'
[4.135s] Level 1:colcon.colcon_core.environment:checking '/home/simpletime/ws01_plumbing/install/cpp01_topic/lib/pkgconfig/cpp01_topic.pc'
[4.135s] Level 1:colcon.colcon_core.environment:checking '/home/simpletime/ws01_plumbing/install/cpp01_topic/lib/python3.10/site-packages'
[4.135s] Level 1:colcon.colcon_core.environment:checking '/home/simpletime/ws01_plumbing/install/cpp01_topic/bin'
[4.135s] INFO:colcon.colcon_core.shell:Creating package script '/home/simpletime/ws01_plumbing/install/cpp01_topic/share/cpp01_topic/package.ps1'
[4.135s] INFO:colcon.colcon_core.shell:Creating package descriptor '/home/simpletime/ws01_plumbing/install/cpp01_topic/share/cpp01_topic/package.dsv'
[4.136s] INFO:colcon.colcon_core.shell:Creating package script '/home/simpletime/ws01_plumbing/install/cpp01_topic/share/cpp01_topic/package.sh'
[4.136s] INFO:colcon.colcon_core.shell:Creating package script '/home/simpletime/ws01_plumbing/install/cpp01_topic/share/cpp01_topic/package.bash'
[4.136s] INFO:colcon.colcon_core.shell:Creating package script '/home/simpletime/ws01_plumbing/install/cpp01_topic/share/cpp01_topic/package.zsh'
[4.136s] Level 1:colcon.colcon_core.environment:create_file_with_runtime_dependencies(/home/simpletime/ws01_plumbing/install/cpp01_topic/share/colcon-core/packages/cpp01_topic)
[4.158s] Level 1:colcon.colcon_core.environment:create_environment_scripts_only(cpp01_topic)
[4.158s] Level 1:colcon.colcon_core.environment:checking '/home/simpletime/ws01_plumbing/install/cpp01_topic' for CMake module files
[4.158s] Level 1:colcon.colcon_core.environment:checking '/home/simpletime/ws01_plumbing/install/cpp01_topic' for CMake config files
[4.158s] Level 1:colcon.colcon_core.shell:create_environment_hook('cpp01_topic', 'cmake_prefix_path')
[4.158s] INFO:colcon.colcon_core.shell:Creating environment hook '/home/simpletime/ws01_plumbing/install/cpp01_topic/share/cpp01_topic/hook/cmake_prefix_path.ps1'
[4.159s] INFO:colcon.colcon_core.shell:Creating environment descriptor '/home/simpletime/ws01_plumbing/install/cpp01_topic/share/cpp01_topic/hook/cmake_prefix_path.dsv'
[4.159s] INFO:colcon.colcon_core.shell:Creating environment hook '/home/simpletime/ws01_plumbing/install/cpp01_topic/share/cpp01_topic/hook/cmake_prefix_path.sh'
[4.159s] Level 1:colcon.colcon_core.environment:checking '/home/simpletime/ws01_plumbing/install/cpp01_topic/lib'
[4.160s] Level 1:colcon.colcon_core.environment:checking '/home/simpletime/ws01_plumbing/install/cpp01_topic/bin'
[4.160s] Level 1:colcon.colcon_core.environment:checking '/home/simpletime/ws01_plumbing/install/cpp01_topic/lib/pkgconfig/cpp01_topic.pc'
[4.160s] Level 1:colcon.colcon_core.environment:checking '/home/simpletime/ws01_plumbing/install/cpp01_topic/lib/python3.10/site-packages'
[4.160s] Level 1:colcon.colcon_core.environment:checking '/home/simpletime/ws01_plumbing/install/cpp01_topic/bin'
[4.160s] INFO:colcon.colcon_core.shell:Creating package script '/home/simpletime/ws01_plumbing/install/cpp01_topic/share/cpp01_topic/package.ps1'
[4.161s] INFO:colcon.colcon_core.shell:Creating package descriptor '/home/simpletime/ws01_plumbing/install/cpp01_topic/share/cpp01_topic/package.dsv'
[4.161s] INFO:colcon.colcon_core.shell:Creating package script '/home/simpletime/ws01_plumbing/install/cpp01_topic/share/cpp01_topic/package.sh'
[4.161s] INFO:colcon.colcon_core.shell:Creating package script '/home/simpletime/ws01_plumbing/install/cpp01_topic/share/cpp01_topic/package.bash'
[4.162s] INFO:colcon.colcon_core.shell:Creating package script '/home/simpletime/ws01_plumbing/install/cpp01_topic/share/cpp01_topic/package.zsh'
[4.162s] Level 1:colcon.colcon_core.environment:create_file_with_runtime_dependencies(/home/simpletime/ws01_plumbing/install/cpp01_topic/share/colcon-core/packages/cpp01_topic)
[4.162s] DEBUG:colcon.colcon_parallel_executor.executor.parallel:closing loop
[4.162s] DEBUG:colcon.colcon_parallel_executor.executor.parallel:loop closed
[4.163s] DEBUG:colcon.colcon_parallel_executor.executor.parallel:run_until_complete finished with '0'
[4.163s] DEBUG:colcon.colcon_core.event_reactor:joining thread
[4.166s] INFO:colcon.colcon_core.plugin_system:Skipping extension 'colcon_notification.desktop_notification.terminal_notifier': Not used on non-Darwin systems
[4.167s] INFO:colcon.colcon_core.plugin_system:Skipping extension 'colcon_notification.desktop_notification.win32': Not used on non-Windows systems
[4.167s] INFO:colcon.colcon_notification.desktop_notification:Sending desktop notification using 'notify2'
[4.176s] DEBUG:colcon.colcon_core.event_reactor:joined thread
[4.177s] INFO:colcon.colcon_core.shell:Creating prefix script '/home/simpletime/ws01_plumbing/install/local_setup.ps1'
[4.178s] INFO:colcon.colcon_core.shell:Creating prefix util module '/home/simpletime/ws01_plumbing/install/_local_setup_util_ps1.py'
[4.179s] INFO:colcon.colcon_core.shell:Creating prefix chain script '/home/simpletime/ws01_plumbing/install/setup.ps1'
[4.179s] INFO:colcon.colcon_core.shell:Creating prefix script '/home/simpletime/ws01_plumbing/install/local_setup.sh'
[4.180s] INFO:colcon.colcon_core.shell:Creating prefix util module '/home/simpletime/ws01_plumbing/install/_local_setup_util_sh.py'
[4.180s] INFO:colcon.colcon_core.shell:Creating prefix chain script '/home/simpletime/ws01_plumbing/install/setup.sh'
[4.181s] INFO:colcon.colcon_core.shell:Creating prefix script '/home/simpletime/ws01_plumbing/install/local_setup.bash'
[4.181s] INFO:colcon.colcon_core.shell:Creating prefix chain script '/home/simpletime/ws01_plumbing/install/setup.bash'
[4.182s] INFO:colcon.colcon_core.shell:Creating prefix script '/home/simpletime/ws01_plumbing/install/local_setup.zsh'
[4.182s] INFO:colcon.colcon_core.shell:Creating prefix chain script '/home/simpletime/ws01_plumbing/install/setup.zsh'
