[0.020s] Invoking command in '/home/simpletime/Project/learn02_pcl_spin/build/cpp03_pcl_move': CMAKE_PREFIX_PATH=${CMAKE_PREFIX_PATH}:/opt/ros/humble /usr/bin/cmake --build /home/simpletime/Project/learn02_pcl_spin/build/cpp03_pcl_move -- -j32 -l32
[0.038s] -- Found ament_cmake: 1.3.10 (/opt/ros/humble/share/ament_cmake/cmake)
[0.129s] -- Found rclcpp: 16.0.10 (/opt/ros/humble/share/rclcpp/cmake)
[0.255s] -- Found rosidl_generator_c: 3.1.5 (/opt/ros/humble/share/rosidl_generator_c/cmake)
[0.257s] -- Found rosidl_adapter: 3.1.5 (/opt/ros/humble/share/rosidl_adapter/cmake)
[0.260s] -- Found rosidl_generator_cpp: 3.1.5 (/opt/ros/humble/share/rosidl_generator_cpp/cmake)
[0.267s] -- Using all available rosidl_typesupport_c: rosidl_typesupport_fastrtps_c;rosidl_typesupport_introspection_c
[0.275s] -- Using all available rosidl_typesupport_cpp: rosidl_typesupport_fastrtps_cpp;rosidl_typesupport_introspection_cpp
[0.297s] -- Found rmw_implementation_cmake: 6.1.2 (/opt/ros/humble/share/rmw_implementation_cmake/cmake)
[0.298s] -- Found rmw_fastrtps_cpp: 6.2.7 (/opt/ros/humble/share/rmw_fastrtps_cpp/cmake)
[4.325s] -- Using RMW implementation 'rmw_fastrtps_cpp' as default
[4.358s] -- Found tf2: 0.25.8 (/opt/ros/humble/share/tf2/cmake)
[4.369s] -- Found tf2_ros: 0.25.8 (/opt/ros/humble/share/tf2_ros/cmake)
[4.425s] -- Found sensor_msgs: 4.2.4 (/opt/ros/humble/share/sensor_msgs/cmake)
[4.437s] -- Found pcl_conversions: 2.4.5 (/opt/ros/humble/share/pcl_conversions/cmake)
[4.461s] -- Eigen found (include: /usr/include/eigen3, version: 3.4.0)
[5.675s] -- FLANN found (include: /usr/include, lib: /usr/lib/x86_64-linux-gnu/libflann_cpp.so)
[8.619s] -- OpenNI found (version: 1.5.4.0, include: /usr/include/ni, lib: /usr/lib/libOpenNI.so;libusb::libusb)
[8.624s] -- OpenNI2 found (version: 2.2.0.33, include: /usr/include/openni2, lib: /usr/lib/x86_64-linux-gnu/libOpenNI2.so;libusb::libusb)
[10.282s] -- Eigen found (include: /usr/include/eigen3, version: 3.4.0)
[10.286s] -- OpenNI found (version: 1.5.4.0, include: /usr/include/ni, lib: /usr/lib/libOpenNI.so;libusb::libusb)
[10.291s] -- OpenNI2 found (version: 2.2.0.33, include: /usr/include/openni2, lib: /usr/lib/x86_64-linux-gnu/libOpenNI2.so;libusb::libusb)
[12.035s] -- Found Qhull version 8.0.2
[13.741s] -- OpenNI found (version: 1.5.4.0, include: /usr/include/ni, lib: /usr/lib/libOpenNI.so;libusb::libusb)
[15.433s] -- Found tf2_geometry_msgs: 0.25.8 (/opt/ros/humble/share/tf2_geometry_msgs/cmake)
[15.435s] -- Found eigen3_cmake_module: 0.1.1 (/opt/ros/humble/share/eigen3_cmake_module/cmake)
[15.436s] -- Ensuring Eigen3 include directory is part of orocos-kdl CMake target
[15.437s] -- Found tf2_sensor_msgs: 0.25.8 (/opt/ros/humble/share/tf2_sensor_msgs/cmake)
[15.455s] -- Found ament_lint_auto: 0.12.11 (/opt/ros/humble/share/ament_lint_auto/cmake)
[15.508s] -- Added test 'cppcheck' to perform static code analysis on C / C++ code
[15.508s] -- Configured cppcheck include dirs: $<BUILD_INTERFACE:/home/simpletime/Project/learn02_pcl_spin/src/cpp03_pcl_move/include>
[15.508s] -- Configured cppcheck exclude dirs and/or files: 
[15.508s] -- Added test 'lint_cmake' to check CMake code style
[15.509s] -- Added test 'uncrustify' to check C / C++ code style
[15.509s] -- Configured uncrustify additional arguments: 
[15.509s] -- Added test 'xmllint' to check XML markup files
[15.510s] -- Configuring done
[15.557s] -- Generating done
[15.559s] -- Build files have been written to: /home/simpletime/Project/learn02_pcl_spin/build/cpp03_pcl_move
[15.594s] [35m[1mConsolidate compiler generated dependencies of target demo02_pcl_pub[0m
[15.602s] [ 25%] [32mBuilding CXX object CMakeFiles/demo01_tf_spin.dir/src/demo01_tf_spin.cpp.o[0m
[15.625s] [ 50%] [32mBuilding CXX object CMakeFiles/demo02_pcl_pub.dir/src/demo02_pcl_pub.cpp.o[0m
[21.751s] [ 75%] [32m[1mLinking CXX executable demo02_pcl_pub[0m
[21.765s] [100%] [32m[1mLinking CXX executable demo01_tf_spin[0m
[22.157s] [100%] Built target demo02_pcl_pub
[22.292s] [100%] Built target demo01_tf_spin
[22.301s] Invoked command in '/home/simpletime/Project/learn02_pcl_spin/build/cpp03_pcl_move' returned '0': CMAKE_PREFIX_PATH=${CMAKE_PREFIX_PATH}:/opt/ros/humble /usr/bin/cmake --build /home/simpletime/Project/learn02_pcl_spin/build/cpp03_pcl_move -- -j32 -l32
[22.325s] Invoking command in '/home/simpletime/Project/learn02_pcl_spin/build/cpp03_pcl_move': CMAKE_PREFIX_PATH=${CMAKE_PREFIX_PATH}:/opt/ros/humble /usr/bin/cmake --install /home/simpletime/Project/learn02_pcl_spin/build/cpp03_pcl_move
[22.331s] -- Install configuration: ""
[22.331s] -- Installing: /home/simpletime/Project/learn02_pcl_spin/install/cpp03_pcl_move/lib/cpp03_pcl_move/demo01_tf_spin
[22.333s] -- Set runtime path of "/home/simpletime/Project/learn02_pcl_spin/install/cpp03_pcl_move/lib/cpp03_pcl_move/demo01_tf_spin" to ""
[22.333s] -- Installing: /home/simpletime/Project/learn02_pcl_spin/install/cpp03_pcl_move/lib/cpp03_pcl_move/demo02_pcl_pub
[22.334s] -- Set runtime path of "/home/simpletime/Project/learn02_pcl_spin/install/cpp03_pcl_move/lib/cpp03_pcl_move/demo02_pcl_pub" to ""
[22.334s] -- Up-to-date: /home/simpletime/Project/learn02_pcl_spin/install/cpp03_pcl_move/share/ament_index/resource_index/package_run_dependencies/cpp03_pcl_move
[22.335s] -- Up-to-date: /home/simpletime/Project/learn02_pcl_spin/install/cpp03_pcl_move/share/ament_index/resource_index/parent_prefix_path/cpp03_pcl_move
[22.335s] -- Up-to-date: /home/simpletime/Project/learn02_pcl_spin/install/cpp03_pcl_move/share/cpp03_pcl_move/environment/ament_prefix_path.sh
[22.336s] -- Installing: /home/simpletime/Project/learn02_pcl_spin/install/cpp03_pcl_move/share/cpp03_pcl_move/environment/ament_prefix_path.dsv
[22.336s] -- Up-to-date: /home/simpletime/Project/learn02_pcl_spin/install/cpp03_pcl_move/share/cpp03_pcl_move/environment/path.sh
[22.336s] -- Installing: /home/simpletime/Project/learn02_pcl_spin/install/cpp03_pcl_move/share/cpp03_pcl_move/environment/path.dsv
[22.336s] -- Up-to-date: /home/simpletime/Project/learn02_pcl_spin/install/cpp03_pcl_move/share/cpp03_pcl_move/local_setup.bash
[22.336s] -- Up-to-date: /home/simpletime/Project/learn02_pcl_spin/install/cpp03_pcl_move/share/cpp03_pcl_move/local_setup.sh
[22.337s] -- Up-to-date: /home/simpletime/Project/learn02_pcl_spin/install/cpp03_pcl_move/share/cpp03_pcl_move/local_setup.zsh
[22.337s] -- Installing: /home/simpletime/Project/learn02_pcl_spin/install/cpp03_pcl_move/share/cpp03_pcl_move/local_setup.dsv
[22.337s] -- Installing: /home/simpletime/Project/learn02_pcl_spin/install/cpp03_pcl_move/share/cpp03_pcl_move/package.dsv
[22.337s] -- Up-to-date: /home/simpletime/Project/learn02_pcl_spin/install/cpp03_pcl_move/share/ament_index/resource_index/packages/cpp03_pcl_move
[22.337s] -- Up-to-date: /home/simpletime/Project/learn02_pcl_spin/install/cpp03_pcl_move/share/cpp03_pcl_move/cmake/cpp03_pcl_moveConfig.cmake
[22.337s] -- Up-to-date: /home/simpletime/Project/learn02_pcl_spin/install/cpp03_pcl_move/share/cpp03_pcl_move/cmake/cpp03_pcl_moveConfig-version.cmake
[22.338s] -- Up-to-date: /home/simpletime/Project/learn02_pcl_spin/install/cpp03_pcl_move/share/cpp03_pcl_move/package.xml
[22.339s] Invoked command in '/home/simpletime/Project/learn02_pcl_spin/build/cpp03_pcl_move' returned '0': CMAKE_PREFIX_PATH=${CMAKE_PREFIX_PATH}:/opt/ros/humble /usr/bin/cmake --install /home/simpletime/Project/learn02_pcl_spin/build/cpp03_pcl_move
