[0.009s] Invoking command in '/home/simpletime/project01_book/build/base_interfaces': CMAKE_PREFIX_PATH=${CMAKE_PREFIX_PATH}:/opt/ros/humble /usr/bin/cmake --build /home/simpletime/project01_book/build/base_interfaces -- -j4 -l4
[0.028s] -- Found ament_cmake: 1.3.10 (/opt/ros/humble/share/ament_cmake/cmake)
[0.107s] -- Found rosidl_default_generators: 1.2.0 (/opt/ros/humble/share/rosidl_default_generators/cmake)
[0.108s] -- Using all available rosidl_typesupport_c: rosidl_typesupport_fastrtps_c;rosidl_typesupport_introspection_c
[0.109s] -- Found rosidl_adapter: 3.1.5 (/opt/ros/humble/share/rosidl_adapter/cmake)
[0.127s] -- Using all available rosidl_typesupport_cpp: rosidl_typesupport_fastrtps_cpp;rosidl_typesupport_introspection_cpp
[0.282s] -- Found ament_cmake_ros: 0.10.0 (/opt/ros/humble/share/ament_cmake_ros/cmake)
[0.392s] -- Using all available rosidl_typesupport_c: rosidl_typesupport_fastrtps_c;rosidl_typesupport_introspection_c
[0.542s] -- Using all available rosidl_typesupport_cpp: rosidl_typesupport_fastrtps_cpp;rosidl_typesupport_introspection_cpp
[0.557s] -- Found python_cmake_module: 0.10.0 (/opt/ros/humble/share/python_cmake_module/cmake)
[0.572s] -- Using PYTHON_EXECUTABLE: /usr/bin/python3
[0.572s] -- Using PYTHON_INCLUDE_DIRS: /usr/include/python3.10
[0.572s] -- Using PYTHON_LIBRARIES: /usr/lib/x86_64-linux-gnu/libpython3.10.so
[0.650s] [31mCMake Error at /opt/ros/humble/share/rosidl_cmake/cmake/rosidl_generate_interfaces.cmake:213 (add_custom_target):
[0.650s]   add_custom_target cannot create target "base_interfaces" because another
[0.650s]   target with the same name already exists.  The existing target is a custom
[0.650s]   target created in source directory
[0.650s]   "/home/simpletime/project01_book/src/base_interfaces".  See documentation
[0.650s]   for policy CMP0002 for more details.
[0.650s] Call Stack (most recent call first):
[0.650s]   CMakeLists.txt:20 (rosidl_generate_interfaces)
[0.650s] 
[0.650s] [0m
[0.650s] -- Found ament_lint_auto: 0.12.11 (/opt/ros/humble/share/ament_lint_auto/cmake)
[0.655s] -- Configuring incomplete, errors occurred!
[0.655s] See also "/home/simpletime/project01_book/build/base_interfaces/CMakeFiles/CMakeOutput.log".
[0.660s] gmake: *** [Makefile:747：cmake_check_build_system] 错误 1
[0.662s] Invoked command in '/home/simpletime/project01_book/build/base_interfaces' returned '2': CMAKE_PREFIX_PATH=${CMAKE_PREFIX_PATH}:/opt/ros/humble /usr/bin/cmake --build /home/simpletime/project01_book/build/base_interfaces -- -j4 -l4
