[0.011s] Invoking command in '/home/simpletime/Project/learn02_pcl_spin/build/cpp01_pcl_spin': CMAKE_PREFIX_PATH=${CMAKE_PREFIX_PATH}:/opt/ros/humble /usr/bin/cmake --build /home/simpletime/Project/learn02_pcl_spin/build/cpp01_pcl_spin -- -j32 -l32
[0.043s] [35m[1mConsolidate compiler generated dependencies of target demo01_pcl_spin[0m
[0.071s] [ 50%] [32mBuilding CXX object CMakeFiles/demo01_pcl_spin.dir/src/demo01_pcl_spin.cpp.o[0m
[3.673s] In file included from [01m[K/opt/ros/humble/include/rclcpp/rclcpp/logging.hpp:24[m[K,
[3.673s]                  from [01m[K/opt/ros/humble/include/rclcpp/rclcpp/client.hpp:40[m[K,
[3.673s]                  from [01m[K/opt/ros/humble/include/rclcpp/rclcpp/callback_group.hpp:24[m[K,
[3.673s]                  from [01m[K/opt/ros/humble/include/rclcpp/rclcpp/any_executable.hpp:20[m[K,
[3.673s]                  from [01m[K/opt/ros/humble/include/rclcpp/rclcpp/memory_strategy.hpp:25[m[K,
[3.673s]                  from [01m[K/opt/ros/humble/include/rclcpp/rclcpp/memory_strategies.hpp:18[m[K,
[3.673s]                  from [01m[K/opt/ros/humble/include/rclcpp/rclcpp/executor_options.hpp:20[m[K,
[3.673s]                  from [01m[K/opt/ros/humble/include/rclcpp/rclcpp/executor.hpp:37[m[K,
[3.674s]                  from [01m[K/opt/ros/humble/include/rclcpp/rclcpp/executors/multi_threaded_executor.hpp:25[m[K,
[3.674s]                  from [01m[K/opt/ros/humble/include/rclcpp/rclcpp/executors.hpp:21[m[K,
[3.674s]                  from [01m[K/opt/ros/humble/include/rclcpp/rclcpp/rclcpp.hpp:155[m[K,
[3.674s]                  from [01m[K/home/simpletime/Project/learn02_pcl_spin/src/cpp01_pcl_spin/src/demo01_pcl_spin.cpp:1[m[K:
[3.674s] [01m[K/home/simpletime/Project/learn02_pcl_spin/src/cpp01_pcl_spin/src/demo01_pcl_spin.cpp:[m[K In member function ‘[01m[Kvoid PointCouldPublisher::pub()[m[K’:
[3.674s] [01m[K/home/simpletime/Project/learn02_pcl_spin/src/cpp01_pcl_spin/src/demo01_pcl_spin.cpp:99:38:[m[K [01;35m[Kwarning: [m[Kformat ‘[01m[K%d[m[K’ expects argument of type ‘[01m[Kint[m[K’, but argument 5 has type ‘[01m[Kstd::vector<pcl::PointXYZRGB, Eigen::aligned_allocator<pcl::PointXYZRGB> >::size_type[m[K’ {aka ‘[01m[Klong unsigned int[m[K’} [[01;35m[K]8;;https://gcc.gnu.org/onlinedocs/gcc/Warning-Options.html#index-Wformat=-Wformat=]8;;[m[K]
[3.674s]    99 |       RCLCPP_INFO(this->get_logger(),[01;35m[K"%d"[m[K,[32m[Knewcloud->points.size()[m[K);
[3.674s]       |                                      [01;35m[K^~~~[m[K [32m[K~~~~~~~~~~~~~~~~~~~~~~~[m[K
[3.674s]       |                                                                [32m[K|[m[K
[3.674s]       |                                                                [32m[Kstd::vector<pcl::PointXYZRGB, Eigen::aligned_allocator<pcl::PointXYZRGB> >::size_type {aka long unsigned int}[m[K
[3.674s] [01m[K/home/simpletime/Project/learn02_pcl_spin/src/cpp01_pcl_spin/src/demo01_pcl_spin.cpp:99:40:[m[K [01;36m[Knote: [m[Kformat string is defined here
[3.674s]    99 |       RCLCPP_INFO(this->get_logger(),"[01;36m[K%d[m[K",newcloud->points.size());
[3.674s]       |                                       [01;36m[K~^[m[K
[3.674s]       |                                        [01;36m[K|[m[K
[3.674s]       |                                        [01;36m[Kint[m[K
[3.674s]       |                                       [32m[K%ld[m[K
[5.768s] [100%] [32m[1mLinking CXX executable demo01_pcl_spin[0m
[6.234s] [100%] Built target demo01_pcl_spin
[6.243s] Invoked command in '/home/simpletime/Project/learn02_pcl_spin/build/cpp01_pcl_spin' returned '0': CMAKE_PREFIX_PATH=${CMAKE_PREFIX_PATH}:/opt/ros/humble /usr/bin/cmake --build /home/simpletime/Project/learn02_pcl_spin/build/cpp01_pcl_spin -- -j32 -l32
[6.275s] Invoking command in '/home/simpletime/Project/learn02_pcl_spin/build/cpp01_pcl_spin': CMAKE_PREFIX_PATH=${CMAKE_PREFIX_PATH}:/opt/ros/humble /usr/bin/cmake --install /home/simpletime/Project/learn02_pcl_spin/build/cpp01_pcl_spin
[6.280s] -- Install configuration: ""
[6.280s] -- Installing: /home/simpletime/Project/learn02_pcl_spin/install/cpp01_pcl_spin/lib/cpp01_pcl_spin/demo01_pcl_spin
[6.282s] -- Set runtime path of "/home/simpletime/Project/learn02_pcl_spin/install/cpp01_pcl_spin/lib/cpp01_pcl_spin/demo01_pcl_spin" to ""
[6.282s] -- Up-to-date: /home/simpletime/Project/learn02_pcl_spin/install/cpp01_pcl_spin/share/ament_index/resource_index/package_run_dependencies/cpp01_pcl_spin
[6.283s] -- Up-to-date: /home/simpletime/Project/learn02_pcl_spin/install/cpp01_pcl_spin/share/ament_index/resource_index/parent_prefix_path/cpp01_pcl_spin
[6.283s] -- Up-to-date: /home/simpletime/Project/learn02_pcl_spin/install/cpp01_pcl_spin/share/cpp01_pcl_spin/environment/ament_prefix_path.sh
[6.283s] -- Up-to-date: /home/simpletime/Project/learn02_pcl_spin/install/cpp01_pcl_spin/share/cpp01_pcl_spin/environment/ament_prefix_path.dsv
[6.283s] -- Up-to-date: /home/simpletime/Project/learn02_pcl_spin/install/cpp01_pcl_spin/share/cpp01_pcl_spin/environment/path.sh
[6.283s] -- Up-to-date: /home/simpletime/Project/learn02_pcl_spin/install/cpp01_pcl_spin/share/cpp01_pcl_spin/environment/path.dsv
[6.283s] -- Up-to-date: /home/simpletime/Project/learn02_pcl_spin/install/cpp01_pcl_spin/share/cpp01_pcl_spin/local_setup.bash
[6.283s] -- Up-to-date: /home/simpletime/Project/learn02_pcl_spin/install/cpp01_pcl_spin/share/cpp01_pcl_spin/local_setup.sh
[6.283s] -- Up-to-date: /home/simpletime/Project/learn02_pcl_spin/install/cpp01_pcl_spin/share/cpp01_pcl_spin/local_setup.zsh
[6.283s] -- Up-to-date: /home/simpletime/Project/learn02_pcl_spin/install/cpp01_pcl_spin/share/cpp01_pcl_spin/local_setup.dsv
[6.283s] -- Installing: /home/simpletime/Project/learn02_pcl_spin/install/cpp01_pcl_spin/share/cpp01_pcl_spin/package.dsv
[6.283s] -- Up-to-date: /home/simpletime/Project/learn02_pcl_spin/install/cpp01_pcl_spin/share/ament_index/resource_index/packages/cpp01_pcl_spin
[6.284s] -- Up-to-date: /home/simpletime/Project/learn02_pcl_spin/install/cpp01_pcl_spin/share/cpp01_pcl_spin/cmake/cpp01_pcl_spinConfig.cmake
[6.284s] -- Up-to-date: /home/simpletime/Project/learn02_pcl_spin/install/cpp01_pcl_spin/share/cpp01_pcl_spin/cmake/cpp01_pcl_spinConfig-version.cmake
[6.284s] -- Up-to-date: /home/simpletime/Project/learn02_pcl_spin/install/cpp01_pcl_spin/share/cpp01_pcl_spin/package.xml
[6.286s] Invoked command in '/home/simpletime/Project/learn02_pcl_spin/build/cpp01_pcl_spin' returned '0': CMAKE_PREFIX_PATH=${CMAKE_PREFIX_PATH}:/opt/ros/humble /usr/bin/cmake --install /home/simpletime/Project/learn02_pcl_spin/build/cpp01_pcl_spin
