[0.010s] Invoking command in '/home/simpletime/project01_book/build/company': AMENT_PREFIX_PATH=/home/simpletime/project01_book/install/base_interfaces:${AMENT_PREFIX_PATH} CMAKE_PREFIX_PATH=/home/simpletime/project01_book/install/base_interfaces:/opt/ros/humble LD_LIBRARY_PATH=/home/simpletime/project01_book/install/base_interfaces/lib:${LD_LIBRARY_PATH} PYTHONPATH=/home/simpletime/project01_book/install/base_interfaces/local/lib/python3.10/dist-packages:${PYTHONPATH} /usr/bin/cmake --build /home/simpletime/project01_book/build/company -- -j4 -l4
[0.072s] [35m[1mConsolidate compiler generated dependencies of target company_a[0m
[0.088s] [ 33%] Built target company_a
[0.088s] [ 50%] [32mBuilding CXX object CMakeFiles/company_b.dir/src/company_b.cpp.o[0m
[0.097s] [ 83%] Built target company_c
[5.868s] [100%] [32m[1mLinking CXX executable company_b[0m
[6.157s] [100%] Built target company_b
[6.167s] Invoked command in '/home/simpletime/project01_book/build/company' returned '0': AMENT_PREFIX_PATH=/home/simpletime/project01_book/install/base_interfaces:${AMENT_PREFIX_PATH} CMAKE_PREFIX_PATH=/home/simpletime/project01_book/install/base_interfaces:/opt/ros/humble LD_LIBRARY_PATH=/home/simpletime/project01_book/install/base_interfaces/lib:${LD_LIBRARY_PATH} PYTHONPATH=/home/simpletime/project01_book/install/base_interfaces/local/lib/python3.10/dist-packages:${PYTHONPATH} /usr/bin/cmake --build /home/simpletime/project01_book/build/company -- -j4 -l4
[6.197s] Invoking command in '/home/simpletime/project01_book/build/company': AMENT_PREFIX_PATH=/home/simpletime/project01_book/install/base_interfaces:${AMENT_PREFIX_PATH} CMAKE_PREFIX_PATH=/home/simpletime/project01_book/install/base_interfaces:/opt/ros/humble LD_LIBRARY_PATH=/home/simpletime/project01_book/install/base_interfaces/lib:${LD_LIBRARY_PATH} PYTHONPATH=/home/simpletime/project01_book/install/base_interfaces/local/lib/python3.10/dist-packages:${PYTHONPATH} /usr/bin/cmake --install /home/simpletime/project01_book/build/company
[6.203s] -- Install configuration: ""
[6.204s] -- Up-to-date: /home/simpletime/project01_book/install/company/lib/company/company_a
[6.206s] -- Installing: /home/simpletime/project01_book/install/company/lib/company/company_b
[6.210s] -- Set runtime path of "/home/simpletime/project01_book/install/company/lib/company/company_b" to ""
[6.210s] -- Up-to-date: /home/simpletime/project01_book/install/company/lib/company/company_c
[6.210s] -- Up-to-date: /home/simpletime/project01_book/install/company/share/ament_index/resource_index/package_run_dependencies/company
[6.211s] -- Up-to-date: /home/simpletime/project01_book/install/company/share/ament_index/resource_index/parent_prefix_path/company
[6.211s] -- Up-to-date: /home/simpletime/project01_book/install/company/share/company/environment/ament_prefix_path.sh
[6.211s] -- Up-to-date: /home/simpletime/project01_book/install/company/share/company/environment/ament_prefix_path.dsv
[6.211s] -- Up-to-date: /home/simpletime/project01_book/install/company/share/company/environment/path.sh
[6.211s] -- Up-to-date: /home/simpletime/project01_book/install/company/share/company/environment/path.dsv
[6.211s] -- Up-to-date: /home/simpletime/project01_book/install/company/share/company/local_setup.bash
[6.211s] -- Up-to-date: /home/simpletime/project01_book/install/company/share/company/local_setup.sh
[6.211s] -- Up-to-date: /home/simpletime/project01_book/install/company/share/company/local_setup.zsh
[6.211s] -- Up-to-date: /home/simpletime/project01_book/install/company/share/company/local_setup.dsv
[6.211s] -- Installing: /home/simpletime/project01_book/install/company/share/company/package.dsv
[6.212s] -- Up-to-date: /home/simpletime/project01_book/install/company/share/ament_index/resource_index/packages/company
[6.212s] -- Up-to-date: /home/simpletime/project01_book/install/company/share/company/cmake/companyConfig.cmake
[6.212s] -- Up-to-date: /home/simpletime/project01_book/install/company/share/company/cmake/companyConfig-version.cmake
[6.212s] -- Up-to-date: /home/simpletime/project01_book/install/company/share/company/package.xml
[6.214s] Invoked command in '/home/simpletime/project01_book/build/company' returned '0': AMENT_PREFIX_PATH=/home/simpletime/project01_book/install/base_interfaces:${AMENT_PREFIX_PATH} CMAKE_PREFIX_PATH=/home/simpletime/project01_book/install/base_interfaces:/opt/ros/humble LD_LIBRARY_PATH=/home/simpletime/project01_book/install/base_interfaces/lib:${LD_LIBRARY_PATH} PYTHONPATH=/home/simpletime/project01_book/install/base_interfaces/local/lib/python3.10/dist-packages:${PYTHONPATH} /usr/bin/cmake --install /home/simpletime/project01_book/build/company
