[0.008s] Invoking command in '/home/simpletime/ws01_plumbing/build/base_interfaces_demo': CMAKE_PREFIX_PATH=${CMAKE_PREFIX_PATH}:/opt/ros/humble /usr/bin/cmake --build /home/simpletime/ws01_plumbing/build/base_interfaces_demo -- -j4 -l4
[0.032s] -- Found ament_cmake: 1.3.10 (/opt/ros/humble/share/ament_cmake/cmake)
[0.105s] -- Found rosidl_default_generators: 1.2.0 (/opt/ros/humble/share/rosidl_default_generators/cmake)
[0.106s] -- Using all available rosidl_typesupport_c: rosidl_typesupport_fastrtps_c;rosidl_typesupport_introspection_c
[0.107s] -- Found rosidl_adapter: 3.1.5 (/opt/ros/humble/share/rosidl_adapter/cmake)
[0.124s] -- Using all available rosidl_typesupport_cpp: rosidl_typesupport_fastrtps_cpp;rosidl_typesupport_introspection_cpp
[0.294s] -- Found ament_cmake_ros: 0.10.0 (/opt/ros/humble/share/ament_cmake_ros/cmake)
[0.420s] -- Using all available rosidl_typesupport_c: rosidl_typesupport_fastrtps_c;rosidl_typesupport_introspection_c
[0.575s] -- Using all available rosidl_typesupport_cpp: rosidl_typesupport_fastrtps_cpp;rosidl_typesupport_introspection_cpp
[0.589s] -- Found python_cmake_module: 0.10.0 (/opt/ros/humble/share/python_cmake_module/cmake)
[0.603s] -- Using PYTHON_EXECUTABLE: /usr/bin/python3
[0.603s] -- Using PYTHON_INCLUDE_DIRS: /usr/include/python3.10
[0.603s] -- Using PYTHON_LIBRARIES: /usr/lib/x86_64-linux-gnu/libpython3.10.so
[0.680s] [31mCMake Error at /opt/ros/humble/share/rosidl_cmake/cmake/rosidl_generate_interfaces.cmake:213 (add_custom_target):
[0.681s]   add_custom_target cannot create target "base_interfaces_demo" because
[0.681s]   another target with the same name already exists.  The existing target is a
[0.681s]   custom target created in source directory
[0.681s]   "/home/simpletime/ws01_plumbing/src/base_interfaces_demo".  See
[0.681s]   documentation for policy CMP0002 for more details.
[0.681s] Call Stack (most recent call first):
[0.681s]   CMakeLists.txt:20 (rosidl_generate_interfaces)
[0.681s] 
[0.681s] [0m
[0.681s] -- Found ament_lint_auto: 0.12.11 (/opt/ros/humble/share/ament_lint_auto/cmake)
[0.689s] -- Configuring incomplete, errors occurred!
[0.689s] See also "/home/simpletime/ws01_plumbing/build/base_interfaces_demo/CMakeFiles/CMakeOutput.log".
[0.695s] gmake: *** [Makefile:747：cmake_check_build_system] 错误 1
[0.697s] Invoked command in '/home/simpletime/ws01_plumbing/build/base_interfaces_demo' returned '2': CMAKE_PREFIX_PATH=${CMAKE_PREFIX_PATH}:/opt/ros/humble /usr/bin/cmake --build /home/simpletime/ws01_plumbing/build/base_interfaces_demo -- -j4 -l4
