[0.019s] Invoking command in '/home/simpletime/Project/proj_ws_pcl/build/pcl': CMAKE_PREFIX_PATH=/opt/ros/humble /usr/bin/cmake /home/simpletime/Project/proj_ws_pcl/src/pcl -DCMAKE_INSTALL_PREFIX=/home/simpletime/Project/proj_ws_pcl/install/pcl
[0.180s] -- The C compiler identification is GNU 11.4.0
[0.558s] -- The CXX compiler identification is GNU 11.4.0
[0.799s] -- Detecting C compiler ABI info
[0.922s] -- Detecting C compiler ABI info - done
[0.927s] -- Check for working C compiler: /usr/bin/cc - skipped
[0.927s] -- Detecting C compile features
[0.928s] -- Detecting C compile features - done
[0.932s] -- Detecting CXX compiler ABI info
[1.060s] -- Detecting CXX compiler ABI info - done
[1.065s] -- Check for working CXX compiler: /usr/bin/c++ - skipped
[1.066s] -- Detecting CXX compile features
[1.066s] -- Detecting CXX compile features - done
[1.070s] -- Found ament_cmake: 1.3.10 (/opt/ros/humble/share/ament_cmake/cmake)
[1.195s] -- Found Python3: /usr/bin/python3 (found version "3.10.12") found components: Interpreter 
[1.299s] -- Found rclcpp: 16.0.10 (/opt/ros/humble/share/rclcpp/cmake)
[1.459s] -- Found rosidl_generator_c: 3.1.5 (/opt/ros/humble/share/rosidl_generator_c/cmake)
[1.464s] -- Found rosidl_adapter: 3.1.5 (/opt/ros/humble/share/rosidl_adapter/cmake)
[1.475s] -- Found rosidl_generator_cpp: 3.1.5 (/opt/ros/humble/share/rosidl_generator_cpp/cmake)
[1.492s] -- Using all available rosidl_typesupport_c: rosidl_typesupport_fastrtps_c;rosidl_typesupport_introspection_c
[1.514s] -- Using all available rosidl_typesupport_cpp: rosidl_typesupport_fastrtps_cpp;rosidl_typesupport_introspection_cpp
[1.575s] -- Found rmw_implementation_cmake: 6.1.2 (/opt/ros/humble/share/rmw_implementation_cmake/cmake)
[1.578s] -- Found rmw_fastrtps_cpp: 6.2.7 (/opt/ros/humble/share/rmw_fastrtps_cpp/cmake)
[2.604s] -- Found OpenSSL: /usr/lib/x86_64-linux-gnu/libcrypto.so (found version "3.0.2")  
[3.658s] -- Found FastRTPS: /opt/ros/humble/include  
[5.564s] -- Using RMW implementation 'rmw_fastrtps_cpp' as default
[5.577s] -- Looking for pthread.h
[5.717s] -- Looking for pthread.h - found
[5.717s] -- Performing Test CMAKE_HAVE_LIBC_PTHREAD
[5.846s] -- Performing Test CMAKE_HAVE_LIBC_PTHREAD - Success
[5.847s] -- Found Threads: TRUE  
[5.912s] -- Found sensor_msgs: 4.2.4 (/opt/ros/humble/share/sensor_msgs/cmake)
[5.970s] -- Checking for module 'eigen3'
[5.983s] --   Found eigen3, version 3.4.0
[6.010s] -- Found Eigen: /usr/include/eigen3 (Required is at least version "3.1") 
[6.010s] -- Eigen found (include: /usr/include/eigen3, version: 3.4.0)
[6.036s] -- Found Boost: /usr/lib/x86_64-linux-gnu/cmake/Boost-1.74.0/BoostConfig.cmake (found suitable version "1.74.0", minimum required is "1.65.0") found components: system filesystem date_time iostreams serialization 
[7.063s] -- Checking for module 'flann'
[7.077s] --   Found flann, version 1.9.1
[7.383s] -- Found FLANN: /usr/lib/x86_64-linux-gnu/libflann_cpp.so  
[7.383s] -- FLANN found (include: /usr/include, lib: /usr/lib/x86_64-linux-gnu/libflann_cpp.so)
[7.417s] -- Found GLEW: /usr/lib/x86_64-linux-gnu/libGLEW.so  
[7.485s] -- Found OpenGL: /usr/lib/x86_64-linux-gnu/libOpenGL.so  found components: OpenGL GLX 
[7.693s] -- Found MPI_C: /usr/lib/x86_64-linux-gnu/libmpi.so (found version "3.1") 
[7.694s] -- Found MPI: TRUE (found version "3.1") found components: C 
[7.696s] -- Found JsonCpp: /usr/lib/x86_64-linux-gnu/libjsoncpp.so (found suitable version "1.9.5", minimum required is "0.7.0") 
[8.080s] -- Found ZLIB: /usr/lib/x86_64-linux-gnu/libz.so (found version "1.2.11") 
[8.645s] -- Found PNG: /usr/lib/x86_64-linux-gnu/libpng.so (found version "1.6.37") 
[8.681s] -- Found Eigen3: /usr/include/eigen3 (found version "3.4.0") 
[9.852s] -- Found X11: /usr/include   
[9.853s] -- Looking for XOpenDisplay in /usr/lib/x86_64-linux-gnu/libX11.so;/usr/lib/x86_64-linux-gnu/libXext.so
[9.981s] -- Looking for XOpenDisplay in /usr/lib/x86_64-linux-gnu/libX11.so;/usr/lib/x86_64-linux-gnu/libXext.so - found
[9.981s] -- Looking for gethostbyname
[10.109s] -- Looking for gethostbyname - found
[10.109s] -- Looking for connect
[10.231s] -- Looking for connect - found
[10.231s] -- Looking for remove
[10.352s] -- Looking for remove - found
[10.352s] -- Looking for shmat
[10.475s] -- Looking for shmat - found
[10.475s] -- Looking for IceConnectionNumber in ICE
[10.596s] -- Looking for IceConnectionNumber in ICE - found
[11.447s] -- Found EXPAT: /usr/lib/x86_64-linux-gnu/libexpat.so (found version "2.4.7") 
[11.449s] -- Found double-conversion: /usr/lib/x86_64-linux-gnu/libdouble-conversion.so  
[11.452s] -- Found LZ4: /usr/lib/x86_64-linux-gnu/liblz4.so (found version "1.9.3") 
[11.454s] -- Found LZMA: /usr/lib/x86_64-linux-gnu/liblzma.so (found version "5.2.5") 
[11.585s] -- Found JPEG: /usr/lib/x86_64-linux-gnu/libjpeg.so (found version "80") 
[11.713s] -- Found TIFF: /usr/lib/x86_64-linux-gnu/libtiff.so (found version "4.3.0")  
[11.717s] -- Found Freetype: /usr/lib/x86_64-linux-gnu/libfreetype.so (found version "2.11.1") 
[11.724s] -- Found utf8cpp: /usr/include/utf8cpp  
[11.798s] -- Checking for module 'libusb-1.0'
[11.810s] --   Found libusb-1.0, version 1.0.25
[11.905s] -- Found libusb: /usr/lib/x86_64-linux-gnu/libusb-1.0.so  
[11.906s] -- Found OpenNI: /usr/lib/libOpenNI.so;libusb::libusb (found version "1.5.4.0") 
[11.906s] -- OpenNI found (version: 1.5.4.0, include: /usr/include/ni, lib: /usr/lib/libOpenNI.so;libusb::libusb)
[12.084s] -- Found OpenNI2: /usr/lib/x86_64-linux-gnu/libOpenNI2.so;libusb::libusb (found version "2.2.0.33") 
[12.084s] -- OpenNI2 found (version: 2.2.0.33, include: /usr/include/openni2, lib: /usr/lib/x86_64-linux-gnu/libOpenNI2.so;libusb::libusb)
[12.084s] [0m** WARNING ** io features related to pcap will be disabled[0m
[13.855s] -- Eigen found (include: /usr/include/eigen3, version: 3.4.0)
[13.860s] -- OpenNI found (version: 1.5.4.0, include: /usr/include/ni, lib: /usr/lib/libOpenNI.so;libusb::libusb)
[13.864s] -- OpenNI2 found (version: 2.2.0.33, include: /usr/include/openni2, lib: /usr/lib/x86_64-linux-gnu/libOpenNI2.so;libusb::libusb)
[15.688s] -- Found Qhull version 8.0.2
[17.419s] -- OpenNI found (version: 1.5.4.0, include: /usr/include/ni, lib: /usr/lib/libOpenNI.so;libusb::libusb)
[19.275s] -- looking for PCL_COMMON
[19.276s] -- Found PCL_COMMON: /usr/lib/x86_64-linux-gnu/libpcl_common.so  
[19.276s] -- looking for PCL_KDTREE
[19.277s] -- Found PCL_KDTREE: /usr/lib/x86_64-linux-gnu/libpcl_kdtree.so  
[19.277s] -- looking for PCL_OCTREE
[19.278s] -- Found PCL_OCTREE: /usr/lib/x86_64-linux-gnu/libpcl_octree.so  
[19.279s] -- looking for PCL_SEARCH
[19.279s] -- Found PCL_SEARCH: /usr/lib/x86_64-linux-gnu/libpcl_search.so  
[19.280s] -- looking for PCL_SAMPLE_CONSENSUS
[19.280s] -- Found PCL_SAMPLE_CONSENSUS: /usr/lib/x86_64-linux-gnu/libpcl_sample_consensus.so  
[19.280s] -- looking for PCL_FILTERS
[19.281s] -- Found PCL_FILTERS: /usr/lib/x86_64-linux-gnu/libpcl_filters.so  
[19.281s] -- looking for PCL_2D
[19.282s] -- Found PCL_2D: /usr/include/pcl-1.12  
[19.282s] -- looking for PCL_GEOMETRY
[19.282s] -- Found PCL_GEOMETRY: /usr/include/pcl-1.12  
[19.282s] -- looking for PCL_IO
[19.283s] -- Found PCL_IO: /usr/lib/x86_64-linux-gnu/libpcl_io.so  
[19.283s] -- looking for PCL_FEATURES
[19.284s] -- Found PCL_FEATURES: /usr/lib/x86_64-linux-gnu/libpcl_features.so  
[19.284s] -- looking for PCL_ML
[19.285s] -- Found PCL_ML: /usr/lib/x86_64-linux-gnu/libpcl_ml.so  
[19.285s] -- looking for PCL_SEGMENTATION
[19.285s] -- Found PCL_SEGMENTATION: /usr/lib/x86_64-linux-gnu/libpcl_segmentation.so  
[19.286s] -- looking for PCL_VISUALIZATION
[19.286s] -- Found PCL_VISUALIZATION: /usr/lib/x86_64-linux-gnu/libpcl_visualization.so  
[19.287s] -- looking for PCL_SURFACE
[19.288s] -- Found PCL_SURFACE: /usr/lib/x86_64-linux-gnu/libpcl_surface.so  
[19.288s] -- looking for PCL_REGISTRATION
[19.288s] -- Found PCL_REGISTRATION: /usr/lib/x86_64-linux-gnu/libpcl_registration.so  
[19.289s] -- looking for PCL_KEYPOINTS
[19.289s] -- Found PCL_KEYPOINTS: /usr/lib/x86_64-linux-gnu/libpcl_keypoints.so  
[19.290s] -- looking for PCL_TRACKING
[19.290s] -- Found PCL_TRACKING: /usr/lib/x86_64-linux-gnu/libpcl_tracking.so  
[19.291s] -- looking for PCL_RECOGNITION
[19.292s] -- Found PCL_RECOGNITION: /usr/lib/x86_64-linux-gnu/libpcl_recognition.so  
[19.292s] -- looking for PCL_STEREO
[19.293s] -- Found PCL_STEREO: /usr/lib/x86_64-linux-gnu/libpcl_stereo.so  
[19.293s] -- looking for PCL_APPS
[19.293s] -- Found PCL_APPS: /usr/lib/x86_64-linux-gnu/libpcl_apps.so  
[19.294s] -- looking for PCL_IN_HAND_SCANNER
[19.294s] -- Found PCL_IN_HAND_SCANNER: /usr/include/pcl-1.12  
[19.295s] -- looking for PCL_MODELER
[19.295s] -- Found PCL_MODELER: /usr/include/pcl-1.12  
[19.295s] -- looking for PCL_POINT_CLOUD_EDITOR
[19.296s] -- Found PCL_POINT_CLOUD_EDITOR: /usr/include/pcl-1.12  
[19.296s] -- looking for PCL_OUTOFCORE
[19.297s] -- Found PCL_OUTOFCORE: /usr/lib/x86_64-linux-gnu/libpcl_outofcore.so  
[19.297s] -- looking for PCL_PEOPLE
[19.297s] -- Found PCL_PEOPLE: /usr/lib/x86_64-linux-gnu/libpcl_people.so  
[19.298s] -- Found PCL: pcl_common;pcl_kdtree;pcl_octree;pcl_search;pcl_sample_consensus;pcl_filters;pcl_io;pcl_features;pcl_ml;pcl_segmentation;pcl_visualization;pcl_surface;pcl_registration;pcl_keypoints;pcl_tracking;pcl_recognition;pcl_stereo;pcl_apps;pcl_outofcore;pcl_people;Boost::system;Boost::filesystem;Boost::date_time;Boost::iostreams;Boost::serialization;/usr/lib/libOpenNI.so;libusb::libusb;/usr/lib/x86_64-linux-gnu/libOpenNI2.so;libusb::libusb;VTK::ChartsCore;VTK::CommonColor;VTK::CommonComputationalGeometry;VTK::CommonCore;VTK::CommonDataModel;VTK::CommonExecutionModel;VTK::CommonMath;VTK::CommonMisc;VTK::CommonTransforms;VTK::FiltersCore;VTK::FiltersExtraction;VTK::FiltersGeneral;VTK::FiltersGeometry;VTK::FiltersModeling;VTK::FiltersSources;VTK::ImagingCore;VTK::ImagingSources;VTK::InteractionImage;VTK::InteractionStyle;VTK::InteractionWidgets;VTK::IOCore;VTK::IOGeometry;VTK::IOImage;VTK::IOLegacy;VTK::IOPLY;VTK::RenderingAnnotation;VTK::RenderingCore;VTK::RenderingContext2D;VTK::RenderingLOD;VTK::RenderingFreeType;VTK::ViewsCore;VTK::ViewsContext2D;VTK::RenderingOpenGL2;VTK::GUISupportQt;FLANN::FLANN;QHULL::QHULL  
[19.303s] -- Found rviz2: 11.2.13 (/opt/ros/humble/share/rviz2/cmake)
[19.306s] -- Found ament_lint_auto: 0.12.11 (/opt/ros/humble/share/ament_lint_auto/cmake)
[19.371s] [31mCMake Error at /opt/ros/humble/share/ament_cmake_core/cmake/core/ament_package_xml.cmake:53 (message):
[19.371s]   ament_package_xml() package name 'pcl' in '/package.xml' does not match
[19.371s]   current PROJECT_NAME 'pcl_reg'.  You must call project() with the same
[19.371s]   package name before.
[19.371s] Call Stack (most recent call first):
[19.371s]   /opt/ros/humble/share/ament_lint_auto/cmake/ament_lint_auto_find_test_dependencies.cmake:31 (ament_package_xml)
[19.371s]   CMakeLists.txt:84 (ament_lint_auto_find_test_dependencies)
[19.371s] 
[19.371s] [0m
[19.372s] -- Configuring incomplete, errors occurred!
[19.372s] See also "/home/simpletime/Project/proj_ws_pcl/build/pcl/CMakeFiles/CMakeOutput.log".
[19.394s] Invoked command in '/home/simpletime/Project/proj_ws_pcl/build/pcl' returned '1': CMAKE_PREFIX_PATH=/opt/ros/humble /usr/bin/cmake /home/simpletime/Project/proj_ws_pcl/src/pcl -DCMAKE_INSTALL_PREFIX=/home/simpletime/Project/proj_ws_pcl/install/pcl
