[0.013s] Invoking command in '/home/simpletime/ws01_plumbing/build/cpp04_param': CMAKE_PREFIX_PATH=${CMAKE_PREFIX_PATH}:/opt/ros/humble /usr/bin/cmake --build /home/simpletime/ws01_plumbing/build/cpp04_param -- -j4 -l4
[0.067s] [35m[1mConsolidate compiler generated dependencies of target demo02_param_client[0m
[0.079s] [ 33%] Built target demo01_param_server
[0.080s] [ 50%] [32mBuilding CXX object CMakeFiles/demo02_param_client.dir/src/demo02_param_client.cpp.o[0m
[0.095s] [ 83%] Built target demo00_param
[2.639s] [100%] [32m[1mLinking CXX executable demo02_param_client[0m
[2.736s] [100%] Built target demo02_param_client
[2.747s] Invoked command in '/home/simpletime/ws01_plumbing/build/cpp04_param' returned '0': CMAKE_PREFIX_PATH=${CMAKE_PREFIX_PATH}:/opt/ros/humble /usr/bin/cmake --build /home/simpletime/ws01_plumbing/build/cpp04_param -- -j4 -l4
[2.777s] Invoking command in '/home/simpletime/ws01_plumbing/build/cpp04_param': CMAKE_PREFIX_PATH=${CMAKE_PREFIX_PATH}:/opt/ros/humble /usr/bin/cmake --install /home/simpletime/ws01_plumbing/build/cpp04_param
[2.783s] -- Install configuration: ""
[2.783s] -- Up-to-date: /home/simpletime/ws01_plumbing/install/cpp04_param/lib/cpp04_param/demo00_param
[2.783s] -- Up-to-date: /home/simpletime/ws01_plumbing/install/cpp04_param/lib/cpp04_param/demo01_param_server
[2.783s] -- Installing: /home/simpletime/ws01_plumbing/install/cpp04_param/lib/cpp04_param/demo02_param_client
[2.784s] -- Set runtime path of "/home/simpletime/ws01_plumbing/install/cpp04_param/lib/cpp04_param/demo02_param_client" to ""
[2.785s] -- Up-to-date: /home/simpletime/ws01_plumbing/install/cpp04_param/share/ament_index/resource_index/package_run_dependencies/cpp04_param
[2.785s] -- Up-to-date: /home/simpletime/ws01_plumbing/install/cpp04_param/share/ament_index/resource_index/parent_prefix_path/cpp04_param
[2.785s] -- Up-to-date: /home/simpletime/ws01_plumbing/install/cpp04_param/share/cpp04_param/environment/ament_prefix_path.sh
[2.785s] -- Up-to-date: /home/simpletime/ws01_plumbing/install/cpp04_param/share/cpp04_param/environment/ament_prefix_path.dsv
[2.785s] -- Up-to-date: /home/simpletime/ws01_plumbing/install/cpp04_param/share/cpp04_param/environment/path.sh
[2.785s] -- Up-to-date: /home/simpletime/ws01_plumbing/install/cpp04_param/share/cpp04_param/environment/path.dsv
[2.785s] -- Up-to-date: /home/simpletime/ws01_plumbing/install/cpp04_param/share/cpp04_param/local_setup.bash
[2.785s] -- Up-to-date: /home/simpletime/ws01_plumbing/install/cpp04_param/share/cpp04_param/local_setup.sh
[2.785s] -- Up-to-date: /home/simpletime/ws01_plumbing/install/cpp04_param/share/cpp04_param/local_setup.zsh
[2.785s] -- Up-to-date: /home/simpletime/ws01_plumbing/install/cpp04_param/share/cpp04_param/local_setup.dsv
[2.785s] -- Installing: /home/simpletime/ws01_plumbing/install/cpp04_param/share/cpp04_param/package.dsv
[2.786s] -- Up-to-date: /home/simpletime/ws01_plumbing/install/cpp04_param/share/ament_index/resource_index/packages/cpp04_param
[2.787s] -- Up-to-date: /home/simpletime/ws01_plumbing/install/cpp04_param/share/cpp04_param/cmake/cpp04_paramConfig.cmake
[2.787s] -- Up-to-date: /home/simpletime/ws01_plumbing/install/cpp04_param/share/cpp04_param/cmake/cpp04_paramConfig-version.cmake
[2.787s] -- Up-to-date: /home/simpletime/ws01_plumbing/install/cpp04_param/share/cpp04_param/package.xml
[2.789s] Invoked command in '/home/simpletime/ws01_plumbing/build/cpp04_param' returned '0': CMAKE_PREFIX_PATH=${CMAKE_PREFIX_PATH}:/opt/ros/humble /usr/bin/cmake --install /home/simpletime/ws01_plumbing/build/cpp04_param
