[0.026s] Invoking command in '/home/simpletime/ws01_plumbing/build/cpp03_action': AMENT_PREFIX_PATH=/home/simpletime/ws01_plumbing/install/base_interfaces_demo:${AMENT_PREFIX_PATH} CMAKE_PREFIX_PATH=/home/simpletime/ws01_plumbing/install/base_interfaces_demo:/opt/ros/humble LD_LIBRARY_PATH=/home/simpletime/ws01_plumbing/install/base_interfaces_demo/lib:${LD_LIBRARY_PATH} PYTHONPATH=/home/simpletime/ws01_plumbing/install/base_interfaces_demo/local/lib/python3.10/dist-packages:${PYTHONPATH} /usr/bin/cmake --build /home/simpletime/ws01_plumbing/build/cpp03_action -- -j4 -l4
[0.124s] [ 50%] Built target demo02_action_client
[0.126s] [ 75%] [32mBuilding CXX object CMakeFiles/demo01_action_server.dir/src/demo01_action_server.cpp.o[0m
[2.012s] [01m[K/home/simpletime/ws01_plumbing/src/cpp03_action/src/demo01_action_server.cpp:[m[K In member function ‘[01m[Krclcpp_action::CancelResponse ProgressActionServer::handle_cancel(std::shared_ptr<rclcpp_action::ServerGoalHandle<base_interfaces_demo::action::Progress> >)[m[K’:
[2.012s] [01m[K/home/simpletime/ws01_plumbing/src/cpp03_action/src/demo01_action_server.cpp:44:106:[m[K [01;35m[Kwarning: [m[Kunused parameter ‘[01m[Kgoal_handle[m[K’ [[01;35m[K]8;;https://gcc.gnu.org/onlinedocs/gcc/Warning-Options.html#index-Wunused-parameter-Wunused-parameter]8;;[m[K]
[2.012s]    44 |   rclcpp_action::CancelResponse handle_cancel([01;35m[Kstd::shared_ptr<rclcpp_action::ServerGoalHandle<Progress>> goal_handle[m[K){
[2.012s]       |                                               [01;35m[K~~~~~~~~~~~~~~~~~~~~~~~~~~~~~~~~~~~~~~~~~~~~~~~~~~~~~~~~~~~^~~~~~~~~~~[m[K
[2.012s] [01m[K/home/simpletime/ws01_plumbing/src/cpp03_action/src/demo01_action_server.cpp:[m[K In member function ‘[01m[Kvoid ProgressActionServer::handle_accepted(std::shared_ptr<rclcpp_action::ServerGoalHandle<base_interfaces_demo::action::Progress> >)[m[K’:
[2.012s] [01m[K/home/simpletime/ws01_plumbing/src/cpp03_action/src/demo01_action_server.cpp:53:83:[m[K [01;35m[Kwarning: [m[Kunused parameter ‘[01m[Kgoal_handle[m[K’ [[01;35m[K]8;;https://gcc.gnu.org/onlinedocs/gcc/Warning-Options.html#index-Wunused-parameter-Wunused-parameter]8;;[m[K]
[2.012s]    53 |   void handle_accepted([01;35m[Kstd::shared_ptr<rclcpp_action::ServerGoalHandle<Progress>> goal_handle[m[K){
[2.012s]       |                        [01;35m[K~~~~~~~~~~~~~~~~~~~~~~~~~~~~~~~~~~~~~~~~~~~~~~~~~~~~~~~~~~~^~~~~~~~~~~[m[K
[2.745s] [100%] [32m[1mLinking CXX executable demo01_action_server[0m
[2.931s] [100%] Built target demo01_action_server
[2.944s] Invoked command in '/home/simpletime/ws01_plumbing/build/cpp03_action' returned '0': AMENT_PREFIX_PATH=/home/simpletime/ws01_plumbing/install/base_interfaces_demo:${AMENT_PREFIX_PATH} CMAKE_PREFIX_PATH=/home/simpletime/ws01_plumbing/install/base_interfaces_demo:/opt/ros/humble LD_LIBRARY_PATH=/home/simpletime/ws01_plumbing/install/base_interfaces_demo/lib:${LD_LIBRARY_PATH} PYTHONPATH=/home/simpletime/ws01_plumbing/install/base_interfaces_demo/local/lib/python3.10/dist-packages:${PYTHONPATH} /usr/bin/cmake --build /home/simpletime/ws01_plumbing/build/cpp03_action -- -j4 -l4
[2.972s] Invoking command in '/home/simpletime/ws01_plumbing/build/cpp03_action': AMENT_PREFIX_PATH=/home/simpletime/ws01_plumbing/install/base_interfaces_demo:${AMENT_PREFIX_PATH} CMAKE_PREFIX_PATH=/home/simpletime/ws01_plumbing/install/base_interfaces_demo:/opt/ros/humble LD_LIBRARY_PATH=/home/simpletime/ws01_plumbing/install/base_interfaces_demo/lib:${LD_LIBRARY_PATH} PYTHONPATH=/home/simpletime/ws01_plumbing/install/base_interfaces_demo/local/lib/python3.10/dist-packages:${PYTHONPATH} /usr/bin/cmake --install /home/simpletime/ws01_plumbing/build/cpp03_action
[2.978s] -- Install configuration: ""
[2.979s] -- Installing: /home/simpletime/ws01_plumbing/install/cpp03_action/lib/cpp03_action/demo01_action_server
[2.980s] -- Set runtime path of "/home/simpletime/ws01_plumbing/install/cpp03_action/lib/cpp03_action/demo01_action_server" to ""
[2.981s] -- Up-to-date: /home/simpletime/ws01_plumbing/install/cpp03_action/lib/cpp03_action/demo02_action_client
[2.981s] -- Up-to-date: /home/simpletime/ws01_plumbing/install/cpp03_action/share/ament_index/resource_index/package_run_dependencies/cpp03_action
[2.981s] -- Up-to-date: /home/simpletime/ws01_plumbing/install/cpp03_action/share/ament_index/resource_index/parent_prefix_path/cpp03_action
[2.981s] -- Up-to-date: /home/simpletime/ws01_plumbing/install/cpp03_action/share/cpp03_action/environment/ament_prefix_path.sh
[2.982s] -- Up-to-date: /home/simpletime/ws01_plumbing/install/cpp03_action/share/cpp03_action/environment/ament_prefix_path.dsv
[2.982s] -- Up-to-date: /home/simpletime/ws01_plumbing/install/cpp03_action/share/cpp03_action/environment/path.sh
[2.982s] -- Up-to-date: /home/simpletime/ws01_plumbing/install/cpp03_action/share/cpp03_action/environment/path.dsv
[2.982s] -- Up-to-date: /home/simpletime/ws01_plumbing/install/cpp03_action/share/cpp03_action/local_setup.bash
[2.982s] -- Up-to-date: /home/simpletime/ws01_plumbing/install/cpp03_action/share/cpp03_action/local_setup.sh
[2.982s] -- Up-to-date: /home/simpletime/ws01_plumbing/install/cpp03_action/share/cpp03_action/local_setup.zsh
[2.982s] -- Up-to-date: /home/simpletime/ws01_plumbing/install/cpp03_action/share/cpp03_action/local_setup.dsv
[2.982s] -- Installing: /home/simpletime/ws01_plumbing/install/cpp03_action/share/cpp03_action/package.dsv
[2.982s] -- Up-to-date: /home/simpletime/ws01_plumbing/install/cpp03_action/share/ament_index/resource_index/packages/cpp03_action
[2.982s] -- Up-to-date: /home/simpletime/ws01_plumbing/install/cpp03_action/share/cpp03_action/cmake/cpp03_actionConfig.cmake
[2.982s] -- Up-to-date: /home/simpletime/ws01_plumbing/install/cpp03_action/share/cpp03_action/cmake/cpp03_actionConfig-version.cmake
[2.982s] -- Up-to-date: /home/simpletime/ws01_plumbing/install/cpp03_action/share/cpp03_action/package.xml
[2.985s] Invoked command in '/home/simpletime/ws01_plumbing/build/cpp03_action' returned '0': AMENT_PREFIX_PATH=/home/simpletime/ws01_plumbing/install/base_interfaces_demo:${AMENT_PREFIX_PATH} CMAKE_PREFIX_PATH=/home/simpletime/ws01_plumbing/install/base_interfaces_demo:/opt/ros/humble LD_LIBRARY_PATH=/home/simpletime/ws01_plumbing/install/base_interfaces_demo/lib:${LD_LIBRARY_PATH} PYTHONPATH=/home/simpletime/ws01_plumbing/install/base_interfaces_demo/local/lib/python3.10/dist-packages:${PYTHONPATH} /usr/bin/cmake --install /home/simpletime/ws01_plumbing/build/cpp03_action
