[0.021s] Invoking command in '/home/simpletime/ws01_plumbing/build/cpp03_action': CMAKE_PREFIX_PATH=/home/simpletime/ws01_plumbing/install/base_interfaces_demo:/home/simpletime/ws01_plumbing/install/py01_topic:/home/simpletime/ws01_plumbing/install/cpp04_param:/home/simpletime/ws01_plumbing/install/cpp03_action:/home/simpletime/ws01_plumbing/install/cpp02_service:/home/simpletime/ws01_plumbing/install/cpp01_topic:/opt/ros/humble /usr/bin/cmake --build /home/simpletime/ws01_plumbing/build/cpp03_action -- -j4 -l4
[0.133s] [ 50%] Built target demo02_action_client
[0.135s] [100%] Built target demo01_action_server
[0.252s] Invoked command in '/home/simpletime/ws01_plumbing/build/cpp03_action' returned '0': CMAKE_PREFIX_PATH=/home/simpletime/ws01_plumbing/install/base_interfaces_demo:/home/simpletime/ws01_plumbing/install/py01_topic:/home/simpletime/ws01_plumbing/install/cpp04_param:/home/simpletime/ws01_plumbing/install/cpp03_action:/home/simpletime/ws01_plumbing/install/cpp02_service:/home/simpletime/ws01_plumbing/install/cpp01_topic:/opt/ros/humble /usr/bin/cmake --build /home/simpletime/ws01_plumbing/build/cpp03_action -- -j4 -l4
[0.281s] Invoking command in '/home/simpletime/ws01_plumbing/build/cpp03_action': CMAKE_PREFIX_PATH=/home/simpletime/ws01_plumbing/install/base_interfaces_demo:/home/simpletime/ws01_plumbing/install/py01_topic:/home/simpletime/ws01_plumbing/install/cpp04_param:/home/simpletime/ws01_plumbing/install/cpp03_action:/home/simpletime/ws01_plumbing/install/cpp02_service:/home/simpletime/ws01_plumbing/install/cpp01_topic:/opt/ros/humble /usr/bin/cmake --install /home/simpletime/ws01_plumbing/build/cpp03_action
[0.294s] -- Install configuration: ""
[0.294s] -- Up-to-date: /home/simpletime/ws01_plumbing/install/cpp03_action/lib/cpp03_action/demo01_action_server
[0.294s] -- Up-to-date: /home/simpletime/ws01_plumbing/install/cpp03_action/lib/cpp03_action/demo02_action_client
[0.295s] -- Up-to-date: /home/simpletime/ws01_plumbing/install/cpp03_action/share/ament_index/resource_index/package_run_dependencies/cpp03_action
[0.295s] -- Up-to-date: /home/simpletime/ws01_plumbing/install/cpp03_action/share/ament_index/resource_index/parent_prefix_path/cpp03_action
[0.295s] -- Up-to-date: /home/simpletime/ws01_plumbing/install/cpp03_action/share/cpp03_action/environment/ament_prefix_path.sh
[0.295s] -- Up-to-date: /home/simpletime/ws01_plumbing/install/cpp03_action/share/cpp03_action/environment/ament_prefix_path.dsv
[0.295s] -- Up-to-date: /home/simpletime/ws01_plumbing/install/cpp03_action/share/cpp03_action/environment/path.sh
[0.295s] -- Up-to-date: /home/simpletime/ws01_plumbing/install/cpp03_action/share/cpp03_action/environment/path.dsv
[0.295s] -- Up-to-date: /home/simpletime/ws01_plumbing/install/cpp03_action/share/cpp03_action/local_setup.bash
[0.295s] -- Up-to-date: /home/simpletime/ws01_plumbing/install/cpp03_action/share/cpp03_action/local_setup.sh
[0.295s] -- Up-to-date: /home/simpletime/ws01_plumbing/install/cpp03_action/share/cpp03_action/local_setup.zsh
[0.298s] -- Up-to-date: /home/simpletime/ws01_plumbing/install/cpp03_action/share/cpp03_action/local_setup.dsv
[0.298s] -- Installing: /home/simpletime/ws01_plumbing/install/cpp03_action/share/cpp03_action/package.dsv
[0.298s] -- Up-to-date: /home/simpletime/ws01_plumbing/install/cpp03_action/share/ament_index/resource_index/packages/cpp03_action
[0.298s] -- Up-to-date: /home/simpletime/ws01_plumbing/install/cpp03_action/share/cpp03_action/cmake/cpp03_actionConfig.cmake
[0.299s] -- Up-to-date: /home/simpletime/ws01_plumbing/install/cpp03_action/share/cpp03_action/cmake/cpp03_actionConfig-version.cmake
[0.299s] -- Up-to-date: /home/simpletime/ws01_plumbing/install/cpp03_action/share/cpp03_action/package.xml
[0.314s] Invoked command in '/home/simpletime/ws01_plumbing/build/cpp03_action' returned '0': CMAKE_PREFIX_PATH=/home/simpletime/ws01_plumbing/install/base_interfaces_demo:/home/simpletime/ws01_plumbing/install/py01_topic:/home/simpletime/ws01_plumbing/install/cpp04_param:/home/simpletime/ws01_plumbing/install/cpp03_action:/home/simpletime/ws01_plumbing/install/cpp02_service:/home/simpletime/ws01_plumbing/install/cpp01_topic:/opt/ros/humble /usr/bin/cmake --install /home/simpletime/ws01_plumbing/build/cpp03_action
