[35m[1mConsolidate compiler generated dependencies of target demo01_tf_spin[0m
[ 50%] Built target demo01_pcl_spin
[ 75%] [32mBuilding CXX object CMakeFiles/demo01_tf_spin.dir/src/demo01_tf_spin.cpp.o[0m
[01m[K/home/simpletime/Project/learn02_pcl_spin/src/cpp01_pcl_spin/src/demo01_tf_spin.cpp:[m[K In member function ‘[01m[Kvoid TFPublisher::pub()[m[K’:
[01m[K/home/simpletime/Project/learn02_pcl_spin/src/cpp01_pcl_spin/src/demo01_tf_spin.cpp:51:9:[m[K [01;35m[Kwarning: [m[Kunused variable ‘[01m[Ksize[m[K’ [[01;35m[K]8;;https://gcc.gnu.org/onlinedocs/gcc/Warning-Options.html#index-Wunused-variable-Wunused-variable]8;;[m[K]
   51 |     int [01;35m[Ksize[m[K = 20;
      |         [01;35m[K^~~~[m[K
[100%] [32m[1mLinking CXX executable demo01_tf_spin[0m
[100%] Built target demo01_tf_spin
-- Install configuration: ""
-- Up-to-date: /home/simpletime/Project/learn02_pcl_spin/install/cpp01_pcl_spin/lib/cpp01_pcl_spin/demo01_pcl_spin
-- Installing: /home/simpletime/Project/learn02_pcl_spin/install/cpp01_pcl_spin/lib/cpp01_pcl_spin/demo01_tf_spin
-- Set runtime path of "/home/simpletime/Project/learn02_pcl_spin/install/cpp01_pcl_spin/lib/cpp01_pcl_spin/demo01_tf_spin" to ""
-- Up-to-date: /home/simpletime/Project/learn02_pcl_spin/install/cpp01_pcl_spin/share/ament_index/resource_index/package_run_dependencies/cpp01_pcl_spin
-- Up-to-date: /home/simpletime/Project/learn02_pcl_spin/install/cpp01_pcl_spin/share/ament_index/resource_index/parent_prefix_path/cpp01_pcl_spin
-- Up-to-date: /home/simpletime/Project/learn02_pcl_spin/install/cpp01_pcl_spin/share/cpp01_pcl_spin/environment/ament_prefix_path.sh
-- Up-to-date: /home/simpletime/Project/learn02_pcl_spin/install/cpp01_pcl_spin/share/cpp01_pcl_spin/environment/ament_prefix_path.dsv
-- Up-to-date: /home/simpletime/Project/learn02_pcl_spin/install/cpp01_pcl_spin/share/cpp01_pcl_spin/environment/path.sh
-- Up-to-date: /home/simpletime/Project/learn02_pcl_spin/install/cpp01_pcl_spin/share/cpp01_pcl_spin/environment/path.dsv
-- Up-to-date: /home/simpletime/Project/learn02_pcl_spin/install/cpp01_pcl_spin/share/cpp01_pcl_spin/local_setup.bash
-- Up-to-date: /home/simpletime/Project/learn02_pcl_spin/install/cpp01_pcl_spin/share/cpp01_pcl_spin/local_setup.sh
-- Up-to-date: /home/simpletime/Project/learn02_pcl_spin/install/cpp01_pcl_spin/share/cpp01_pcl_spin/local_setup.zsh
-- Up-to-date: /home/simpletime/Project/learn02_pcl_spin/install/cpp01_pcl_spin/share/cpp01_pcl_spin/local_setup.dsv
-- Installing: /home/simpletime/Project/learn02_pcl_spin/install/cpp01_pcl_spin/share/cpp01_pcl_spin/package.dsv
-- Up-to-date: /home/simpletime/Project/learn02_pcl_spin/install/cpp01_pcl_spin/share/ament_index/resource_index/packages/cpp01_pcl_spin
-- Up-to-date: /home/simpletime/Project/learn02_pcl_spin/install/cpp01_pcl_spin/share/cpp01_pcl_spin/cmake/cpp01_pcl_spinConfig.cmake
-- Up-to-date: /home/simpletime/Project/learn02_pcl_spin/install/cpp01_pcl_spin/share/cpp01_pcl_spin/cmake/cpp01_pcl_spinConfig-version.cmake
-- Up-to-date: /home/simpletime/Project/learn02_pcl_spin/install/cpp01_pcl_spin/share/cpp01_pcl_spin/package.xml
