[0.010s] Invoking command in '/home/simpletime/project01_book/build/company': CMAKE_PREFIX_PATH=/home/simpletime/project01_book/install/base_interfaces:/home/simpletime/project01_book/install/company:/home/simpletime/project01_book/src/install/company:/home/simpletime/project01_book/src/install/base_interfaces:/home/simpletime/project01_book/install/company_a:/opt/ros/humble /usr/bin/cmake --build /home/simpletime/project01_book/build/company -- -j4 -l4
[0.064s] [35m[1mConsolidate compiler generated dependencies of target company_a[0m
[0.076s] [ 50%] [32mBuilding CXX object CMakeFiles/company_b.dir/src/company_b.cpp.o[0m
[0.076s] [ 50%] Built target company_c
[0.081s] [ 66%] [32mBuilding CXX object CMakeFiles/company_a.dir/src/company_a.cpp.o[0m
[6.514s] [ 83%] [32m[1mLinking CXX executable company_a[0m
[6.798s] [100%] [32m[1mLinking CXX executable company_b[0m
[6.813s] [100%] Built target company_a
[7.068s] [100%] Built target company_b
[7.142s] Invoked command in '/home/simpletime/project01_book/build/company' returned '0': CMAKE_PREFIX_PATH=/home/simpletime/project01_book/install/base_interfaces:/home/simpletime/project01_book/install/company:/home/simpletime/project01_book/src/install/company:/home/simpletime/project01_book/src/install/base_interfaces:/home/simpletime/project01_book/install/company_a:/opt/ros/humble /usr/bin/cmake --build /home/simpletime/project01_book/build/company -- -j4 -l4
[7.226s] Invoking command in '/home/simpletime/project01_book/build/company': CMAKE_PREFIX_PATH=/home/simpletime/project01_book/install/base_interfaces:/home/simpletime/project01_book/install/company:/home/simpletime/project01_book/src/install/company:/home/simpletime/project01_book/src/install/base_interfaces:/home/simpletime/project01_book/install/company_a:/opt/ros/humble /usr/bin/cmake --install /home/simpletime/project01_book/build/company
[7.231s] -- Install configuration: ""
[7.234s] -- Installing: /home/simpletime/project01_book/install/company/lib/company/company_a
[7.236s] -- Set runtime path of "/home/simpletime/project01_book/install/company/lib/company/company_a" to ""
[7.237s] -- Installing: /home/simpletime/project01_book/install/company/lib/company/company_b
[7.240s] -- Set runtime path of "/home/simpletime/project01_book/install/company/lib/company/company_b" to ""
[7.241s] -- Up-to-date: /home/simpletime/project01_book/install/company/lib/company/company_c
[7.242s] -- Up-to-date: /home/simpletime/project01_book/install/company/share/ament_index/resource_index/package_run_dependencies/company
[7.243s] -- Up-to-date: /home/simpletime/project01_book/install/company/share/ament_index/resource_index/parent_prefix_path/company
[7.243s] -- Up-to-date: /home/simpletime/project01_book/install/company/share/company/environment/ament_prefix_path.sh
[7.244s] -- Up-to-date: /home/simpletime/project01_book/install/company/share/company/environment/ament_prefix_path.dsv
[7.244s] -- Up-to-date: /home/simpletime/project01_book/install/company/share/company/environment/path.sh
[7.244s] -- Up-to-date: /home/simpletime/project01_book/install/company/share/company/environment/path.dsv
[7.244s] -- Up-to-date: /home/simpletime/project01_book/install/company/share/company/local_setup.bash
[7.244s] -- Up-to-date: /home/simpletime/project01_book/install/company/share/company/local_setup.sh
[7.244s] -- Up-to-date: /home/simpletime/project01_book/install/company/share/company/local_setup.zsh
[7.244s] -- Up-to-date: /home/simpletime/project01_book/install/company/share/company/local_setup.dsv
[7.244s] -- Installing: /home/simpletime/project01_book/install/company/share/company/package.dsv
[7.244s] -- Up-to-date: /home/simpletime/project01_book/install/company/share/ament_index/resource_index/packages/company
[7.245s] -- Up-to-date: /home/simpletime/project01_book/install/company/share/company/cmake/companyConfig.cmake
[7.245s] -- Up-to-date: /home/simpletime/project01_book/install/company/share/company/cmake/companyConfig-version.cmake
[7.245s] -- Up-to-date: /home/simpletime/project01_book/install/company/share/company/package.xml
[7.255s] Invoked command in '/home/simpletime/project01_book/build/company' returned '0': CMAKE_PREFIX_PATH=/home/simpletime/project01_book/install/base_interfaces:/home/simpletime/project01_book/install/company:/home/simpletime/project01_book/src/install/company:/home/simpletime/project01_book/src/install/base_interfaces:/home/simpletime/project01_book/install/company_a:/opt/ros/humble /usr/bin/cmake --install /home/simpletime/project01_book/build/company
