[0.061s] DEBUG:colcon:Command line arguments: ['/usr/bin/colcon', 'build']
[0.061s] DEBUG:colcon:Parsed command line arguments: Namespace(log_base=None, log_level=None, verb_name='build', build_base='build', install_base='install', merge_install=False, symlink_install=False, test_result_base=None, continue_on_error=False, executor='parallel', parallel_workers=4, event_handlers=None, ignore_user_meta=False, metas=['./colcon.meta'], base_paths=['.'], packages_ignore=None, packages_ignore_regex=None, paths=None, packages_up_to=None, packages_up_to_regex=None, packages_above=None, packages_above_and_dependencies=None, packages_above_depth=None, packages_select_by_dep=None, packages_skip_by_dep=None, packages_skip_up_to=None, packages_select_build_failed=False, packages_skip_build_finished=False, packages_select_test_failures=False, packages_skip_test_passed=False, packages_select=None, packages_skip=None, packages_select_regex=None, packages_skip_regex=None, packages_start=None, packages_end=None, allow_overriding=[], cmake_args=None, cmake_target=None, cmake_target_skip_unavailable=False, cmake_clean_cache=False, cmake_clean_first=False, cmake_force_configure=False, ament_cmake_args=None, catkin_cmake_args=None, catkin_skip_building_tests=False, verb_parser=<colcon_defaults.argument_parser.defaults.DefaultArgumentsDecorator object at 0x75bdf2f13fa0>, verb_extension=<colcon_core.verb.build.BuildVerb object at 0x75bdf305cbb0>, main=<bound method BuildVerb.main of <colcon_core.verb.build.BuildVerb object at 0x75bdf305cbb0>>)
[0.145s] Level 1:colcon.colcon_core.package_discovery:discover_packages(colcon_meta) check parameters
[0.145s] Level 1:colcon.colcon_core.package_discovery:discover_packages(recursive) check parameters
[0.145s] Level 1:colcon.colcon_core.package_discovery:discover_packages(ignore) check parameters
[0.145s] Level 1:colcon.colcon_core.package_discovery:discover_packages(path) check parameters
[0.145s] Level 1:colcon.colcon_core.package_discovery:discover_packages(colcon_meta) discover
[0.145s] Level 1:colcon.colcon_core.package_discovery:discover_packages(recursive) discover
[0.145s] INFO:colcon.colcon_core.package_discovery:Crawling recursively for packages in '/home/simpletime/exam'
[0.145s] Level 1:colcon.colcon_core.package_identification:_identify(.) by extensions ['ignore', 'ignore_ament_install']
[0.145s] Level 1:colcon.colcon_core.package_identification:_identify(.) by extension 'ignore'
[0.145s] Level 1:colcon.colcon_core.package_identification:_identify(.) by extension 'ignore_ament_install'
[0.145s] Level 1:colcon.colcon_core.package_identification:_identify(.) by extensions ['colcon_pkg']
[0.145s] Level 1:colcon.colcon_core.package_identification:_identify(.) by extension 'colcon_pkg'
[0.145s] Level 1:colcon.colcon_core.package_identification:_identify(.) by extensions ['colcon_meta']
[0.145s] Level 1:colcon.colcon_core.package_identification:_identify(.) by extension 'colcon_meta'
[0.145s] Level 1:colcon.colcon_core.package_identification:_identify(.) by extensions ['ros']
[0.145s] Level 1:colcon.colcon_core.package_identification:_identify(.) by extension 'ros'
[0.152s] Level 1:colcon.colcon_core.package_identification:_identify(.) by extensions ['cmake', 'python']
[0.153s] Level 1:colcon.colcon_core.package_identification:_identify(.) by extension 'cmake'
[0.153s] Level 1:colcon.colcon_core.package_identification:_identify(.) by extension 'python'
[0.153s] Level 1:colcon.colcon_core.package_identification:_identify(.) by extensions ['python_setup_py']
[0.153s] Level 1:colcon.colcon_core.package_identification:_identify(.) by extension 'python_setup_py'
[0.153s] Level 1:colcon.colcon_core.package_identification:_identify(build) by extensions ['ignore', 'ignore_ament_install']
[0.153s] Level 1:colcon.colcon_core.package_identification:_identify(build) by extension 'ignore'
[0.153s] Level 1:colcon.colcon_core.package_identification:_identify(build) ignored
[0.153s] Level 1:colcon.colcon_core.package_identification:_identify(install) by extensions ['ignore', 'ignore_ament_install']
[0.153s] Level 1:colcon.colcon_core.package_identification:_identify(install) by extension 'ignore'
[0.153s] Level 1:colcon.colcon_core.package_identification:_identify(install) ignored
[0.153s] Level 1:colcon.colcon_core.package_identification:_identify(log) by extensions ['ignore', 'ignore_ament_install']
[0.153s] Level 1:colcon.colcon_core.package_identification:_identify(log) by extension 'ignore'
[0.153s] Level 1:colcon.colcon_core.package_identification:_identify(log) ignored
[0.153s] Level 1:colcon.colcon_core.package_identification:_identify(src) by extensions ['ignore', 'ignore_ament_install']
[0.153s] Level 1:colcon.colcon_core.package_identification:_identify(src) by extension 'ignore'
[0.153s] Level 1:colcon.colcon_core.package_identification:_identify(src) by extension 'ignore_ament_install'
[0.153s] Level 1:colcon.colcon_core.package_identification:_identify(src) by extensions ['colcon_pkg']
[0.153s] Level 1:colcon.colcon_core.package_identification:_identify(src) by extension 'colcon_pkg'
[0.153s] Level 1:colcon.colcon_core.package_identification:_identify(src) by extensions ['colcon_meta']
[0.153s] Level 1:colcon.colcon_core.package_identification:_identify(src) by extension 'colcon_meta'
[0.153s] Level 1:colcon.colcon_core.package_identification:_identify(src) by extensions ['ros']
[0.153s] Level 1:colcon.colcon_core.package_identification:_identify(src) by extension 'ros'
[0.153s] Level 1:colcon.colcon_core.package_identification:_identify(src) by extensions ['cmake', 'python']
[0.153s] Level 1:colcon.colcon_core.package_identification:_identify(src) by extension 'cmake'
[0.153s] Level 1:colcon.colcon_core.package_identification:_identify(src) by extension 'python'
[0.153s] Level 1:colcon.colcon_core.package_identification:_identify(src) by extensions ['python_setup_py']
[0.153s] Level 1:colcon.colcon_core.package_identification:_identify(src) by extension 'python_setup_py'
[0.153s] Level 1:colcon.colcon_core.package_identification:_identify(src/base_interface) by extensions ['ignore', 'ignore_ament_install']
[0.154s] Level 1:colcon.colcon_core.package_identification:_identify(src/base_interface) by extension 'ignore'
[0.154s] Level 1:colcon.colcon_core.package_identification:_identify(src/base_interface) by extension 'ignore_ament_install'
[0.154s] Level 1:colcon.colcon_core.package_identification:_identify(src/base_interface) by extensions ['colcon_pkg']
[0.154s] Level 1:colcon.colcon_core.package_identification:_identify(src/base_interface) by extension 'colcon_pkg'
[0.154s] Level 1:colcon.colcon_core.package_identification:_identify(src/base_interface) by extensions ['colcon_meta']
[0.154s] Level 1:colcon.colcon_core.package_identification:_identify(src/base_interface) by extension 'colcon_meta'
[0.154s] Level 1:colcon.colcon_core.package_identification:_identify(src/base_interface) by extensions ['ros']
[0.154s] Level 1:colcon.colcon_core.package_identification:_identify(src/base_interface) by extension 'ros'
[0.155s] DEBUG:colcon.colcon_core.package_identification:Package 'src/base_interface' with type 'ros.ament_cmake' and name 'base_interface'
[0.155s] Level 1:colcon.colcon_core.package_identification:_identify(src/cpp_auto) by extensions ['ignore', 'ignore_ament_install']
[0.155s] Level 1:colcon.colcon_core.package_identification:_identify(src/cpp_auto) by extension 'ignore'
[0.155s] Level 1:colcon.colcon_core.package_identification:_identify(src/cpp_auto) by extension 'ignore_ament_install'
[0.155s] Level 1:colcon.colcon_core.package_identification:_identify(src/cpp_auto) by extensions ['colcon_pkg']
[0.155s] Level 1:colcon.colcon_core.package_identification:_identify(src/cpp_auto) by extension 'colcon_pkg'
[0.155s] Level 1:colcon.colcon_core.package_identification:_identify(src/cpp_auto) by extensions ['colcon_meta']
[0.155s] Level 1:colcon.colcon_core.package_identification:_identify(src/cpp_auto) by extension 'colcon_meta'
[0.155s] Level 1:colcon.colcon_core.package_identification:_identify(src/cpp_auto) by extensions ['ros']
[0.155s] Level 1:colcon.colcon_core.package_identification:_identify(src/cpp_auto) by extension 'ros'
[0.156s] DEBUG:colcon.colcon_core.package_identification:Package 'src/cpp_auto' with type 'ros.ament_cmake' and name 'cpp_auto'
[0.156s] Level 1:colcon.colcon_core.package_identification:_identify(src/cpp_topic) by extensions ['ignore', 'ignore_ament_install']
[0.156s] Level 1:colcon.colcon_core.package_identification:_identify(src/cpp_topic) by extension 'ignore'
[0.156s] Level 1:colcon.colcon_core.package_identification:_identify(src/cpp_topic) by extension 'ignore_ament_install'
[0.156s] Level 1:colcon.colcon_core.package_identification:_identify(src/cpp_topic) by extensions ['colcon_pkg']
[0.156s] Level 1:colcon.colcon_core.package_identification:_identify(src/cpp_topic) by extension 'colcon_pkg'
[0.156s] Level 1:colcon.colcon_core.package_identification:_identify(src/cpp_topic) by extensions ['colcon_meta']
[0.156s] Level 1:colcon.colcon_core.package_identification:_identify(src/cpp_topic) by extension 'colcon_meta'
[0.156s] Level 1:colcon.colcon_core.package_identification:_identify(src/cpp_topic) by extensions ['ros']
[0.156s] Level 1:colcon.colcon_core.package_identification:_identify(src/cpp_topic) by extension 'ros'
[0.157s] DEBUG:colcon.colcon_core.package_identification:Package 'src/cpp_topic' with type 'ros.ament_cmake' and name 'cpp_topic'
[0.157s] Level 1:colcon.colcon_core.package_discovery:discover_packages(recursive) using defaults
[0.157s] Level 1:colcon.colcon_core.package_discovery:discover_packages(ignore) discover
[0.157s] Level 1:colcon.colcon_core.package_discovery:discover_packages(ignore) using defaults
[0.157s] Level 1:colcon.colcon_core.package_discovery:discover_packages(path) discover
[0.157s] Level 1:colcon.colcon_core.package_discovery:discover_packages(path) using defaults
[0.168s] Level 1:colcon.colcon_core.package_discovery:discover_packages(prefix_path) check parameters
[0.168s] Level 1:colcon.colcon_core.package_discovery:discover_packages(prefix_path) discover
[0.169s] DEBUG:colcon.colcon_installed_package_information.package_discovery:Found 3 installed packages in /home/simpletime/exam/install
[0.170s] DEBUG:colcon.colcon_installed_package_information.package_discovery:Found 270 installed packages in /opt/ros/humble
[0.171s] Level 1:colcon.colcon_core.package_discovery:discover_packages(prefix_path) using defaults
[0.199s] Level 5:colcon.colcon_core.verb:set package 'base_interface' build argument 'cmake_args' from command line to 'None'
[0.199s] Level 5:colcon.colcon_core.verb:set package 'base_interface' build argument 'cmake_target' from command line to 'None'
[0.199s] Level 5:colcon.colcon_core.verb:set package 'base_interface' build argument 'cmake_target_skip_unavailable' from command line to 'False'
[0.199s] Level 5:colcon.colcon_core.verb:set package 'base_interface' build argument 'cmake_clean_cache' from command line to 'False'
[0.199s] Level 5:colcon.colcon_core.verb:set package 'base_interface' build argument 'cmake_clean_first' from command line to 'False'
[0.199s] Level 5:colcon.colcon_core.verb:set package 'base_interface' build argument 'cmake_force_configure' from command line to 'False'
[0.199s] Level 5:colcon.colcon_core.verb:set package 'base_interface' build argument 'ament_cmake_args' from command line to 'None'
[0.199s] Level 5:colcon.colcon_core.verb:set package 'base_interface' build argument 'catkin_cmake_args' from command line to 'None'
[0.199s] Level 5:colcon.colcon_core.verb:set package 'base_interface' build argument 'catkin_skip_building_tests' from command line to 'False'
[0.199s] DEBUG:colcon.colcon_core.verb:Building package 'base_interface' with the following arguments: {'ament_cmake_args': None, 'build_base': '/home/simpletime/exam/build/base_interface', 'catkin_cmake_args': None, 'catkin_skip_building_tests': False, 'cmake_args': None, 'cmake_clean_cache': False, 'cmake_clean_first': False, 'cmake_force_configure': False, 'cmake_target': None, 'cmake_target_skip_unavailable': False, 'install_base': '/home/simpletime/exam/install/base_interface', 'merge_install': False, 'path': '/home/simpletime/exam/src/base_interface', 'symlink_install': False, 'test_result_base': None}
[0.200s] Level 5:colcon.colcon_core.verb:set package 'cpp_auto' build argument 'cmake_args' from command line to 'None'
[0.200s] Level 5:colcon.colcon_core.verb:set package 'cpp_auto' build argument 'cmake_target' from command line to 'None'
[0.200s] Level 5:colcon.colcon_core.verb:set package 'cpp_auto' build argument 'cmake_target_skip_unavailable' from command line to 'False'
[0.200s] Level 5:colcon.colcon_core.verb:set package 'cpp_auto' build argument 'cmake_clean_cache' from command line to 'False'
[0.200s] Level 5:colcon.colcon_core.verb:set package 'cpp_auto' build argument 'cmake_clean_first' from command line to 'False'
[0.200s] Level 5:colcon.colcon_core.verb:set package 'cpp_auto' build argument 'cmake_force_configure' from command line to 'False'
[0.200s] Level 5:colcon.colcon_core.verb:set package 'cpp_auto' build argument 'ament_cmake_args' from command line to 'None'
[0.200s] Level 5:colcon.colcon_core.verb:set package 'cpp_auto' build argument 'catkin_cmake_args' from command line to 'None'
[0.200s] Level 5:colcon.colcon_core.verb:set package 'cpp_auto' build argument 'catkin_skip_building_tests' from command line to 'False'
[0.200s] DEBUG:colcon.colcon_core.verb:Building package 'cpp_auto' with the following arguments: {'ament_cmake_args': None, 'build_base': '/home/simpletime/exam/build/cpp_auto', 'catkin_cmake_args': None, 'catkin_skip_building_tests': False, 'cmake_args': None, 'cmake_clean_cache': False, 'cmake_clean_first': False, 'cmake_force_configure': False, 'cmake_target': None, 'cmake_target_skip_unavailable': False, 'install_base': '/home/simpletime/exam/install/cpp_auto', 'merge_install': False, 'path': '/home/simpletime/exam/src/cpp_auto', 'symlink_install': False, 'test_result_base': None}
[0.200s] Level 5:colcon.colcon_core.verb:set package 'cpp_topic' build argument 'cmake_args' from command line to 'None'
[0.200s] Level 5:colcon.colcon_core.verb:set package 'cpp_topic' build argument 'cmake_target' from command line to 'None'
[0.200s] Level 5:colcon.colcon_core.verb:set package 'cpp_topic' build argument 'cmake_target_skip_unavailable' from command line to 'False'
[0.200s] Level 5:colcon.colcon_core.verb:set package 'cpp_topic' build argument 'cmake_clean_cache' from command line to 'False'
[0.200s] Level 5:colcon.colcon_core.verb:set package 'cpp_topic' build argument 'cmake_clean_first' from command line to 'False'
[0.200s] Level 5:colcon.colcon_core.verb:set package 'cpp_topic' build argument 'cmake_force_configure' from command line to 'False'
[0.200s] Level 5:colcon.colcon_core.verb:set package 'cpp_topic' build argument 'ament_cmake_args' from command line to 'None'
[0.200s] Level 5:colcon.colcon_core.verb:set package 'cpp_topic' build argument 'catkin_cmake_args' from command line to 'None'
[0.200s] Level 5:colcon.colcon_core.verb:set package 'cpp_topic' build argument 'catkin_skip_building_tests' from command line to 'False'
[0.200s] DEBUG:colcon.colcon_core.verb:Building package 'cpp_topic' with the following arguments: {'ament_cmake_args': None, 'build_base': '/home/simpletime/exam/build/cpp_topic', 'catkin_cmake_args': None, 'catkin_skip_building_tests': False, 'cmake_args': None, 'cmake_clean_cache': False, 'cmake_clean_first': False, 'cmake_force_configure': False, 'cmake_target': None, 'cmake_target_skip_unavailable': False, 'install_base': '/home/simpletime/exam/install/cpp_topic', 'merge_install': False, 'path': '/home/simpletime/exam/src/cpp_topic', 'symlink_install': False, 'test_result_base': None}
[0.200s] INFO:colcon.colcon_core.executor:Executing jobs using 'parallel' executor
[0.201s] DEBUG:colcon.colcon_parallel_executor.executor.parallel:run_until_complete
[0.202s] INFO:colcon.colcon_ros.task.ament_cmake.build:Building ROS package in '/home/simpletime/exam/src/base_interface' with build type 'ament_cmake'
[0.202s] INFO:colcon.colcon_cmake.task.cmake.build:Building CMake package in '/home/simpletime/exam/src/base_interface'
[0.203s] INFO:colcon.colcon_core.plugin_system:Skipping extension 'colcon_core.shell.bat': Not used on non-Windows systems
[0.203s] INFO:colcon.colcon_core.shell:Skip shell extension 'powershell' for command environment: Not usable outside of PowerShell
[0.203s] DEBUG:colcon.colcon_core.shell:Skip shell extension 'dsv' for command environment
[0.214s] DEBUG:colcon.colcon_core.event_handler.log_command:Invoking command in '/home/simpletime/exam/build/base_interface': CMAKE_PREFIX_PATH=${CMAKE_PREFIX_PATH}:/opt/ros/humble /usr/bin/cmake --build /home/simpletime/exam/build/base_interface -- -j4 -l4
[0.443s] DEBUG:colcon.colcon_core.event_handler.log_command:Invoked command in '/home/simpletime/exam/build/base_interface' returned '0': CMAKE_PREFIX_PATH=${CMAKE_PREFIX_PATH}:/opt/ros/humble /usr/bin/cmake --build /home/simpletime/exam/build/base_interface -- -j4 -l4
[0.508s] DEBUG:colcon.colcon_core.event_handler.log_command:Invoking command in '/home/simpletime/exam/build/base_interface': CMAKE_PREFIX_PATH=${CMAKE_PREFIX_PATH}:/opt/ros/humble /usr/bin/cmake --install /home/simpletime/exam/build/base_interface
[0.549s] Level 1:colcon.colcon_core.environment:create_environment_scripts_only(base_interface)
[0.550s] DEBUG:colcon.colcon_core.event_handler.log_command:Invoked command in '/home/simpletime/exam/build/base_interface' returned '0': CMAKE_PREFIX_PATH=${CMAKE_PREFIX_PATH}:/opt/ros/humble /usr/bin/cmake --install /home/simpletime/exam/build/base_interface
[0.552s] Level 1:colcon.colcon_core.environment:checking '/home/simpletime/exam/install/base_interface' for CMake module files
[0.552s] Level 1:colcon.colcon_core.environment:checking '/home/simpletime/exam/install/base_interface' for CMake config files
[0.553s] Level 1:colcon.colcon_core.shell:create_environment_hook('base_interface', 'cmake_prefix_path')
[0.553s] INFO:colcon.colcon_core.shell:Creating environment hook '/home/simpletime/exam/install/base_interface/share/base_interface/hook/cmake_prefix_path.ps1'
[0.554s] INFO:colcon.colcon_core.shell:Creating environment descriptor '/home/simpletime/exam/install/base_interface/share/base_interface/hook/cmake_prefix_path.dsv'
[0.554s] INFO:colcon.colcon_core.shell:Creating environment hook '/home/simpletime/exam/install/base_interface/share/base_interface/hook/cmake_prefix_path.sh'
[0.555s] Level 1:colcon.colcon_core.environment:checking '/home/simpletime/exam/install/base_interface/lib'
[0.555s] Level 1:colcon.colcon_core.shell:create_environment_hook('base_interface', 'ld_library_path_lib')
[0.555s] INFO:colcon.colcon_core.shell:Creating environment hook '/home/simpletime/exam/install/base_interface/share/base_interface/hook/ld_library_path_lib.ps1'
[0.555s] INFO:colcon.colcon_core.shell:Creating environment descriptor '/home/simpletime/exam/install/base_interface/share/base_interface/hook/ld_library_path_lib.dsv'
[0.556s] INFO:colcon.colcon_core.shell:Creating environment hook '/home/simpletime/exam/install/base_interface/share/base_interface/hook/ld_library_path_lib.sh'
[0.556s] Level 1:colcon.colcon_core.environment:checking '/home/simpletime/exam/install/base_interface/bin'
[0.556s] Level 1:colcon.colcon_core.environment:checking '/home/simpletime/exam/install/base_interface/lib/pkgconfig/base_interface.pc'
[0.556s] Level 1:colcon.colcon_core.environment:checking '/home/simpletime/exam/install/base_interface/lib/python3.10/site-packages'
[0.556s] Level 1:colcon.colcon_core.environment:checking '/home/simpletime/exam/install/base_interface/bin'
[0.556s] INFO:colcon.colcon_core.shell:Creating package script '/home/simpletime/exam/install/base_interface/share/base_interface/package.ps1'
[0.557s] INFO:colcon.colcon_core.shell:Creating package descriptor '/home/simpletime/exam/install/base_interface/share/base_interface/package.dsv'
[0.557s] INFO:colcon.colcon_core.shell:Creating package script '/home/simpletime/exam/install/base_interface/share/base_interface/package.sh'
[0.558s] INFO:colcon.colcon_core.shell:Creating package script '/home/simpletime/exam/install/base_interface/share/base_interface/package.bash'
[0.559s] INFO:colcon.colcon_core.shell:Creating package script '/home/simpletime/exam/install/base_interface/share/base_interface/package.zsh'
[0.559s] Level 1:colcon.colcon_core.environment:create_file_with_runtime_dependencies(/home/simpletime/exam/install/base_interface/share/colcon-core/packages/base_interface)
[0.622s] Level 1:colcon.colcon_core.environment:create_environment_scripts_only(base_interface)
[0.622s] Level 1:colcon.colcon_core.environment:checking '/home/simpletime/exam/install/base_interface' for CMake module files
[0.622s] Level 1:colcon.colcon_core.environment:checking '/home/simpletime/exam/install/base_interface' for CMake config files
[0.623s] Level 1:colcon.colcon_core.shell:create_environment_hook('base_interface', 'cmake_prefix_path')
[0.623s] INFO:colcon.colcon_core.shell:Creating environment hook '/home/simpletime/exam/install/base_interface/share/base_interface/hook/cmake_prefix_path.ps1'
[0.624s] INFO:colcon.colcon_core.shell:Creating environment descriptor '/home/simpletime/exam/install/base_interface/share/base_interface/hook/cmake_prefix_path.dsv'
[0.624s] INFO:colcon.colcon_core.shell:Creating environment hook '/home/simpletime/exam/install/base_interface/share/base_interface/hook/cmake_prefix_path.sh'
[0.625s] Level 1:colcon.colcon_core.environment:checking '/home/simpletime/exam/install/base_interface/lib'
[0.625s] Level 1:colcon.colcon_core.shell:create_environment_hook('base_interface', 'ld_library_path_lib')
[0.625s] INFO:colcon.colcon_core.shell:Creating environment hook '/home/simpletime/exam/install/base_interface/share/base_interface/hook/ld_library_path_lib.ps1'
[0.625s] INFO:colcon.colcon_core.shell:Creating environment descriptor '/home/simpletime/exam/install/base_interface/share/base_interface/hook/ld_library_path_lib.dsv'
[0.625s] INFO:colcon.colcon_core.shell:Creating environment hook '/home/simpletime/exam/install/base_interface/share/base_interface/hook/ld_library_path_lib.sh'
[0.626s] Level 1:colcon.colcon_core.environment:checking '/home/simpletime/exam/install/base_interface/bin'
[0.626s] Level 1:colcon.colcon_core.environment:checking '/home/simpletime/exam/install/base_interface/lib/pkgconfig/base_interface.pc'
[0.626s] Level 1:colcon.colcon_core.environment:checking '/home/simpletime/exam/install/base_interface/lib/python3.10/site-packages'
[0.626s] Level 1:colcon.colcon_core.environment:checking '/home/simpletime/exam/install/base_interface/bin'
[0.626s] INFO:colcon.colcon_core.shell:Creating package script '/home/simpletime/exam/install/base_interface/share/base_interface/package.ps1'
[0.627s] INFO:colcon.colcon_core.shell:Creating package descriptor '/home/simpletime/exam/install/base_interface/share/base_interface/package.dsv'
[0.627s] INFO:colcon.colcon_core.shell:Creating package script '/home/simpletime/exam/install/base_interface/share/base_interface/package.sh'
[0.628s] INFO:colcon.colcon_core.shell:Creating package script '/home/simpletime/exam/install/base_interface/share/base_interface/package.bash'
[0.628s] INFO:colcon.colcon_core.shell:Creating package script '/home/simpletime/exam/install/base_interface/share/base_interface/package.zsh'
[0.628s] Level 1:colcon.colcon_core.environment:create_file_with_runtime_dependencies(/home/simpletime/exam/install/base_interface/share/colcon-core/packages/base_interface)
[0.629s] INFO:colcon.colcon_ros.task.ament_cmake.build:Building ROS package in '/home/simpletime/exam/src/cpp_auto' with build type 'ament_cmake'
[0.629s] INFO:colcon.colcon_cmake.task.cmake.build:Building CMake package in '/home/simpletime/exam/src/cpp_auto'
[0.629s] INFO:colcon.colcon_core.shell:Skip shell extension 'powershell' for command environment: Not usable outside of PowerShell
[0.629s] DEBUG:colcon.colcon_core.shell:Skip shell extension 'dsv' for command environment
[0.632s] INFO:colcon.colcon_ros.task.ament_cmake.build:Building ROS package in '/home/simpletime/exam/src/cpp_topic' with build type 'ament_cmake'
[0.632s] INFO:colcon.colcon_cmake.task.cmake.build:Building CMake package in '/home/simpletime/exam/src/cpp_topic'
[0.632s] INFO:colcon.colcon_core.shell:Skip shell extension 'powershell' for command environment: Not usable outside of PowerShell
[0.632s] DEBUG:colcon.colcon_core.shell:Skip shell extension 'dsv' for command environment
[0.639s] DEBUG:colcon.colcon_core.event_handler.log_command:Invoking command in '/home/simpletime/exam/build/cpp_auto': CMAKE_PREFIX_PATH=/home/simpletime/exam/install/base_interface:/home/simpletime/exam/install/cpp_topic:/home/simpletime/exam/install/cpp_auto:/opt/ros/humble /usr/bin/cmake --build /home/simpletime/exam/build/cpp_auto -- -j4 -l4
[0.652s] DEBUG:colcon.colcon_core.event_handler.log_command:Invoking command in '/home/simpletime/exam/build/cpp_topic': CMAKE_PREFIX_PATH=/home/simpletime/exam/install/base_interface:/home/simpletime/exam/install/cpp_topic:/home/simpletime/exam/install/cpp_auto:/opt/ros/humble /usr/bin/cmake --build /home/simpletime/exam/build/cpp_topic -- -j4 -l4
[0.749s] DEBUG:colcon.colcon_core.event_handler.log_command:Invoked command in '/home/simpletime/exam/build/cpp_topic' returned '0': CMAKE_PREFIX_PATH=/home/simpletime/exam/install/base_interface:/home/simpletime/exam/install/cpp_topic:/home/simpletime/exam/install/cpp_auto:/opt/ros/humble /usr/bin/cmake --build /home/simpletime/exam/build/cpp_topic -- -j4 -l4
[0.794s] DEBUG:colcon.colcon_core.event_handler.log_command:Invoking command in '/home/simpletime/exam/build/cpp_topic': CMAKE_PREFIX_PATH=/home/simpletime/exam/install/base_interface:/home/simpletime/exam/install/cpp_topic:/home/simpletime/exam/install/cpp_auto:/opt/ros/humble /usr/bin/cmake --install /home/simpletime/exam/build/cpp_topic
[0.809s] Level 1:colcon.colcon_core.environment:create_environment_scripts_only(cpp_topic)
[0.810s] Level 1:colcon.colcon_core.environment:checking '/home/simpletime/exam/install/cpp_topic' for CMake module files
[0.810s] DEBUG:colcon.colcon_core.event_handler.log_command:Invoked command in '/home/simpletime/exam/build/cpp_topic' returned '0': CMAKE_PREFIX_PATH=/home/simpletime/exam/install/base_interface:/home/simpletime/exam/install/cpp_topic:/home/simpletime/exam/install/cpp_auto:/opt/ros/humble /usr/bin/cmake --install /home/simpletime/exam/build/cpp_topic
[0.811s] Level 1:colcon.colcon_core.environment:checking '/home/simpletime/exam/install/cpp_topic' for CMake config files
[0.812s] Level 1:colcon.colcon_core.shell:create_environment_hook('cpp_topic', 'cmake_prefix_path')
[0.812s] INFO:colcon.colcon_core.shell:Creating environment hook '/home/simpletime/exam/install/cpp_topic/share/cpp_topic/hook/cmake_prefix_path.ps1'
[0.813s] INFO:colcon.colcon_core.shell:Creating environment descriptor '/home/simpletime/exam/install/cpp_topic/share/cpp_topic/hook/cmake_prefix_path.dsv'
[0.813s] INFO:colcon.colcon_core.shell:Creating environment hook '/home/simpletime/exam/install/cpp_topic/share/cpp_topic/hook/cmake_prefix_path.sh'
[0.814s] Level 1:colcon.colcon_core.environment:checking '/home/simpletime/exam/install/cpp_topic/lib'
[0.814s] Level 1:colcon.colcon_core.environment:checking '/home/simpletime/exam/install/cpp_topic/bin'
[0.814s] Level 1:colcon.colcon_core.environment:checking '/home/simpletime/exam/install/cpp_topic/lib/pkgconfig/cpp_topic.pc'
[0.814s] Level 1:colcon.colcon_core.environment:checking '/home/simpletime/exam/install/cpp_topic/lib/python3.10/site-packages'
[0.814s] Level 1:colcon.colcon_core.environment:checking '/home/simpletime/exam/install/cpp_topic/bin'
[0.814s] INFO:colcon.colcon_core.shell:Creating package script '/home/simpletime/exam/install/cpp_topic/share/cpp_topic/package.ps1'
[0.815s] INFO:colcon.colcon_core.shell:Creating package descriptor '/home/simpletime/exam/install/cpp_topic/share/cpp_topic/package.dsv'
[0.815s] INFO:colcon.colcon_core.shell:Creating package script '/home/simpletime/exam/install/cpp_topic/share/cpp_topic/package.sh'
[0.816s] INFO:colcon.colcon_core.shell:Creating package script '/home/simpletime/exam/install/cpp_topic/share/cpp_topic/package.bash'
[0.817s] INFO:colcon.colcon_core.shell:Creating package script '/home/simpletime/exam/install/cpp_topic/share/cpp_topic/package.zsh'
[0.817s] Level 1:colcon.colcon_core.environment:create_file_with_runtime_dependencies(/home/simpletime/exam/install/cpp_topic/share/colcon-core/packages/cpp_topic)
[0.850s] Level 1:colcon.colcon_core.environment:create_environment_scripts_only(cpp_topic)
[0.850s] Level 1:colcon.colcon_core.environment:checking '/home/simpletime/exam/install/cpp_topic' for CMake module files
[0.851s] Level 1:colcon.colcon_core.environment:checking '/home/simpletime/exam/install/cpp_topic' for CMake config files
[0.851s] Level 1:colcon.colcon_core.shell:create_environment_hook('cpp_topic', 'cmake_prefix_path')
[0.851s] INFO:colcon.colcon_core.shell:Creating environment hook '/home/simpletime/exam/install/cpp_topic/share/cpp_topic/hook/cmake_prefix_path.ps1'
[0.852s] INFO:colcon.colcon_core.shell:Creating environment descriptor '/home/simpletime/exam/install/cpp_topic/share/cpp_topic/hook/cmake_prefix_path.dsv'
[0.852s] INFO:colcon.colcon_core.shell:Creating environment hook '/home/simpletime/exam/install/cpp_topic/share/cpp_topic/hook/cmake_prefix_path.sh'
[0.853s] Level 1:colcon.colcon_core.environment:checking '/home/simpletime/exam/install/cpp_topic/lib'
[0.853s] Level 1:colcon.colcon_core.environment:checking '/home/simpletime/exam/install/cpp_topic/bin'
[0.853s] Level 1:colcon.colcon_core.environment:checking '/home/simpletime/exam/install/cpp_topic/lib/pkgconfig/cpp_topic.pc'
[0.853s] Level 1:colcon.colcon_core.environment:checking '/home/simpletime/exam/install/cpp_topic/lib/python3.10/site-packages'
[0.853s] Level 1:colcon.colcon_core.environment:checking '/home/simpletime/exam/install/cpp_topic/bin'
[0.853s] INFO:colcon.colcon_core.shell:Creating package script '/home/simpletime/exam/install/cpp_topic/share/cpp_topic/package.ps1'
[0.854s] INFO:colcon.colcon_core.shell:Creating package descriptor '/home/simpletime/exam/install/cpp_topic/share/cpp_topic/package.dsv'
[0.854s] INFO:colcon.colcon_core.shell:Creating package script '/home/simpletime/exam/install/cpp_topic/share/cpp_topic/package.sh'
[0.855s] INFO:colcon.colcon_core.shell:Creating package script '/home/simpletime/exam/install/cpp_topic/share/cpp_topic/package.bash'
[0.855s] INFO:colcon.colcon_core.shell:Creating package script '/home/simpletime/exam/install/cpp_topic/share/cpp_topic/package.zsh'
[0.855s] Level 1:colcon.colcon_core.environment:create_file_with_runtime_dependencies(/home/simpletime/exam/install/cpp_topic/share/colcon-core/packages/cpp_topic)
[1.151s] DEBUG:colcon.colcon_core.event_handler.log_command:Invoked command in '/home/simpletime/exam/build/cpp_auto' returned '0': CMAKE_PREFIX_PATH=/home/simpletime/exam/install/base_interface:/home/simpletime/exam/install/cpp_topic:/home/simpletime/exam/install/cpp_auto:/opt/ros/humble /usr/bin/cmake --build /home/simpletime/exam/build/cpp_auto -- -j4 -l4
[1.178s] DEBUG:colcon.colcon_core.event_handler.log_command:Invoking command in '/home/simpletime/exam/build/cpp_auto': CMAKE_PREFIX_PATH=/home/simpletime/exam/install/base_interface:/home/simpletime/exam/install/cpp_topic:/home/simpletime/exam/install/cpp_auto:/opt/ros/humble /usr/bin/cmake --install /home/simpletime/exam/build/cpp_auto
[1.187s] Level 1:colcon.colcon_core.environment:create_environment_scripts_only(cpp_auto)
[1.187s] Level 1:colcon.colcon_core.environment:checking '/home/simpletime/exam/install/cpp_auto' for CMake module files
[1.188s] DEBUG:colcon.colcon_core.event_handler.log_command:Invoked command in '/home/simpletime/exam/build/cpp_auto' returned '0': CMAKE_PREFIX_PATH=/home/simpletime/exam/install/base_interface:/home/simpletime/exam/install/cpp_topic:/home/simpletime/exam/install/cpp_auto:/opt/ros/humble /usr/bin/cmake --install /home/simpletime/exam/build/cpp_auto
[1.188s] Level 1:colcon.colcon_core.environment:checking '/home/simpletime/exam/install/cpp_auto' for CMake config files
[1.188s] Level 1:colcon.colcon_core.shell:create_environment_hook('cpp_auto', 'cmake_prefix_path')
[1.189s] INFO:colcon.colcon_core.shell:Creating environment hook '/home/simpletime/exam/install/cpp_auto/share/cpp_auto/hook/cmake_prefix_path.ps1'
[1.189s] INFO:colcon.colcon_core.shell:Creating environment descriptor '/home/simpletime/exam/install/cpp_auto/share/cpp_auto/hook/cmake_prefix_path.dsv'
[1.190s] INFO:colcon.colcon_core.shell:Creating environment hook '/home/simpletime/exam/install/cpp_auto/share/cpp_auto/hook/cmake_prefix_path.sh'
[1.190s] Level 1:colcon.colcon_core.environment:checking '/home/simpletime/exam/install/cpp_auto/lib'
[1.190s] Level 1:colcon.colcon_core.environment:checking '/home/simpletime/exam/install/cpp_auto/bin'
[1.190s] Level 1:colcon.colcon_core.environment:checking '/home/simpletime/exam/install/cpp_auto/lib/pkgconfig/cpp_auto.pc'
[1.190s] Level 1:colcon.colcon_core.environment:checking '/home/simpletime/exam/install/cpp_auto/lib/python3.10/site-packages'
[1.191s] Level 1:colcon.colcon_core.environment:checking '/home/simpletime/exam/install/cpp_auto/bin'
[1.191s] INFO:colcon.colcon_core.shell:Creating package script '/home/simpletime/exam/install/cpp_auto/share/cpp_auto/package.ps1'
[1.191s] INFO:colcon.colcon_core.shell:Creating package descriptor '/home/simpletime/exam/install/cpp_auto/share/cpp_auto/package.dsv'
[1.191s] INFO:colcon.colcon_core.shell:Creating package script '/home/simpletime/exam/install/cpp_auto/share/cpp_auto/package.sh'
[1.192s] INFO:colcon.colcon_core.shell:Creating package script '/home/simpletime/exam/install/cpp_auto/share/cpp_auto/package.bash'
[1.192s] INFO:colcon.colcon_core.shell:Creating package script '/home/simpletime/exam/install/cpp_auto/share/cpp_auto/package.zsh'
[1.193s] Level 1:colcon.colcon_core.environment:create_file_with_runtime_dependencies(/home/simpletime/exam/install/cpp_auto/share/colcon-core/packages/cpp_auto)
[1.217s] Level 1:colcon.colcon_core.environment:create_environment_scripts_only(cpp_auto)
[1.217s] Level 1:colcon.colcon_core.environment:checking '/home/simpletime/exam/install/cpp_auto' for CMake module files
[1.218s] Level 1:colcon.colcon_core.environment:checking '/home/simpletime/exam/install/cpp_auto' for CMake config files
[1.218s] Level 1:colcon.colcon_core.shell:create_environment_hook('cpp_auto', 'cmake_prefix_path')
[1.218s] INFO:colcon.colcon_core.shell:Creating environment hook '/home/simpletime/exam/install/cpp_auto/share/cpp_auto/hook/cmake_prefix_path.ps1'
[1.219s] INFO:colcon.colcon_core.shell:Creating environment descriptor '/home/simpletime/exam/install/cpp_auto/share/cpp_auto/hook/cmake_prefix_path.dsv'
[1.219s] INFO:colcon.colcon_core.shell:Creating environment hook '/home/simpletime/exam/install/cpp_auto/share/cpp_auto/hook/cmake_prefix_path.sh'
[1.220s] Level 1:colcon.colcon_core.environment:checking '/home/simpletime/exam/install/cpp_auto/lib'
[1.220s] Level 1:colcon.colcon_core.environment:checking '/home/simpletime/exam/install/cpp_auto/bin'
[1.220s] Level 1:colcon.colcon_core.environment:checking '/home/simpletime/exam/install/cpp_auto/lib/pkgconfig/cpp_auto.pc'
[1.220s] Level 1:colcon.colcon_core.environment:checking '/home/simpletime/exam/install/cpp_auto/lib/python3.10/site-packages'
[1.220s] Level 1:colcon.colcon_core.environment:checking '/home/simpletime/exam/install/cpp_auto/bin'
[1.221s] INFO:colcon.colcon_core.shell:Creating package script '/home/simpletime/exam/install/cpp_auto/share/cpp_auto/package.ps1'
[1.221s] INFO:colcon.colcon_core.shell:Creating package descriptor '/home/simpletime/exam/install/cpp_auto/share/cpp_auto/package.dsv'
[1.222s] INFO:colcon.colcon_core.shell:Creating package script '/home/simpletime/exam/install/cpp_auto/share/cpp_auto/package.sh'
[1.222s] INFO:colcon.colcon_core.shell:Creating package script '/home/simpletime/exam/install/cpp_auto/share/cpp_auto/package.bash'
[1.222s] INFO:colcon.colcon_core.shell:Creating package script '/home/simpletime/exam/install/cpp_auto/share/cpp_auto/package.zsh'
[1.223s] Level 1:colcon.colcon_core.environment:create_file_with_runtime_dependencies(/home/simpletime/exam/install/cpp_auto/share/colcon-core/packages/cpp_auto)
[1.223s] DEBUG:colcon.colcon_parallel_executor.executor.parallel:closing loop
[1.223s] DEBUG:colcon.colcon_parallel_executor.executor.parallel:loop closed
[1.223s] DEBUG:colcon.colcon_parallel_executor.executor.parallel:run_until_complete finished with '0'
[1.223s] DEBUG:colcon.colcon_core.event_reactor:joining thread
[1.228s] INFO:colcon.colcon_core.plugin_system:Skipping extension 'colcon_notification.desktop_notification.terminal_notifier': Not used on non-Darwin systems
[1.228s] INFO:colcon.colcon_core.plugin_system:Skipping extension 'colcon_notification.desktop_notification.win32': Not used on non-Windows systems
[1.228s] INFO:colcon.colcon_notification.desktop_notification:Sending desktop notification using 'notify2'
[1.239s] DEBUG:colcon.colcon_core.event_reactor:joined thread
[1.239s] INFO:colcon.colcon_core.shell:Creating prefix script '/home/simpletime/exam/install/local_setup.ps1'
[1.240s] INFO:colcon.colcon_core.shell:Creating prefix util module '/home/simpletime/exam/install/_local_setup_util_ps1.py'
[1.241s] INFO:colcon.colcon_core.shell:Creating prefix chain script '/home/simpletime/exam/install/setup.ps1'
[1.242s] INFO:colcon.colcon_core.shell:Creating prefix script '/home/simpletime/exam/install/local_setup.sh'
[1.243s] INFO:colcon.colcon_core.shell:Creating prefix util module '/home/simpletime/exam/install/_local_setup_util_sh.py'
[1.244s] INFO:colcon.colcon_core.shell:Creating prefix chain script '/home/simpletime/exam/install/setup.sh'
[1.244s] INFO:colcon.colcon_core.shell:Creating prefix script '/home/simpletime/exam/install/local_setup.bash'
[1.245s] INFO:colcon.colcon_core.shell:Creating prefix chain script '/home/simpletime/exam/install/setup.bash'
[1.246s] INFO:colcon.colcon_core.shell:Creating prefix script '/home/simpletime/exam/install/local_setup.zsh'
[1.246s] INFO:colcon.colcon_core.shell:Creating prefix chain script '/home/simpletime/exam/install/setup.zsh'
