[0.337s] Invoking command in '/home/simpletime/ws01_plumbing/src/py01_topic': CMAKE_PREFIX_PATH=/home/simpletime/ws01_plumbing/install/base_interfaces_demo:/home/simpletime/ws01_plumbing/install/py01_topic:/home/simpletime/ws01_plumbing/install/cpp01_topic PYTHONPATH=/home/simpletime/ws01_plumbing/build/py01_topic/prefix_override:/usr/lib/python3/dist-packages/colcon_core/task/python/colcon_distutils_commands:/home/simpletime/ws01_plumbing/install/py01_topic/lib/python3.10/site-packages:${PYTHONPATH} /usr/bin/python3 -W ignore:setup.py install is deprecated setup.py egg_info --egg-base ../../build/py01_topic build --build-base /home/simpletime/ws01_plumbing/build/py01_topic/build install --record /home/simpletime/ws01_plumbing/build/py01_topic/install.log --single-version-externally-managed install_data
[0.466s] running egg_info
[0.467s] writing ../../build/py01_topic/py01_topic.egg-info/PKG-INFO
[0.467s] writing dependency_links to ../../build/py01_topic/py01_topic.egg-info/dependency_links.txt
[0.467s] writing entry points to ../../build/py01_topic/py01_topic.egg-info/entry_points.txt
[0.467s] writing requirements to ../../build/py01_topic/py01_topic.egg-info/requires.txt
[0.467s] writing top-level names to ../../build/py01_topic/py01_topic.egg-info/top_level.txt
[0.468s] reading manifest file '../../build/py01_topic/py01_topic.egg-info/SOURCES.txt'
[0.469s] writing manifest file '../../build/py01_topic/py01_topic.egg-info/SOURCES.txt'
[0.469s] running build
[0.469s] running build_py
[0.470s] running install
[0.470s] running install_lib
[0.470s] running install_data
[0.470s] running install_egg_info
[0.471s] removing '/home/simpletime/ws01_plumbing/install/py01_topic/lib/python3.10/site-packages/py01_topic-0.0.0-py3.10.egg-info' (and everything under it)
[0.472s] Copying ../../build/py01_topic/py01_topic.egg-info to /home/simpletime/ws01_plumbing/install/py01_topic/lib/python3.10/site-packages/py01_topic-0.0.0-py3.10.egg-info
[0.473s] running install_scripts
[0.484s] Installing demo01_talker_str_py script to /home/simpletime/ws01_plumbing/install/py01_topic/lib/py01_topic
[0.485s] Installing demo02_listener_str_py script to /home/simpletime/ws01_plumbing/install/py01_topic/lib/py01_topic
[0.485s] writing list of installed files to '/home/simpletime/ws01_plumbing/build/py01_topic/install.log'
[0.501s] Invoked command in '/home/simpletime/ws01_plumbing/src/py01_topic' returned '0': CMAKE_PREFIX_PATH=/home/simpletime/ws01_plumbing/install/base_interfaces_demo:/home/simpletime/ws01_plumbing/install/py01_topic:/home/simpletime/ws01_plumbing/install/cpp01_topic PYTHONPATH=/home/simpletime/ws01_plumbing/build/py01_topic/prefix_override:/usr/lib/python3/dist-packages/colcon_core/task/python/colcon_distutils_commands:/home/simpletime/ws01_plumbing/install/py01_topic/lib/python3.10/site-packages:${PYTHONPATH} /usr/bin/python3 -W ignore:setup.py install is deprecated setup.py egg_info --egg-base ../../build/py01_topic build --build-base /home/simpletime/ws01_plumbing/build/py01_topic/build install --record /home/simpletime/ws01_plumbing/build/py01_topic/install.log --single-version-externally-managed install_data
