[0.012s] Invoking command in '/home/simpletime/Project/proj_ws_pcl/build/pcl': CMAKE_PREFIX_PATH=/opt/ros/humble /usr/bin/cmake --build /home/simpletime/Project/proj_ws_pcl/build/pcl -- -j32 -l32
[0.037s] -- Found ament_cmake: 1.3.10 (/opt/ros/humble/share/ament_cmake/cmake)
[0.124s] -- Found rclcpp: 16.0.10 (/opt/ros/humble/share/rclcpp/cmake)
[0.234s] -- Found rosidl_generator_c: 3.1.5 (/opt/ros/humble/share/rosidl_generator_c/cmake)
[0.235s] -- Found rosidl_adapter: 3.1.5 (/opt/ros/humble/share/rosidl_adapter/cmake)
[0.240s] -- Found rosidl_generator_cpp: 3.1.5 (/opt/ros/humble/share/rosidl_generator_cpp/cmake)
[0.246s] -- Using all available rosidl_typesupport_c: rosidl_typesupport_fastrtps_c;rosidl_typesupport_introspection_c
[0.255s] -- Using all available rosidl_typesupport_cpp: rosidl_typesupport_fastrtps_cpp;rosidl_typesupport_introspection_cpp
[0.277s] -- Found rmw_implementation_cmake: 6.1.2 (/opt/ros/humble/share/rmw_implementation_cmake/cmake)
[0.278s] -- Found rmw_fastrtps_cpp: 6.2.7 (/opt/ros/humble/share/rmw_fastrtps_cpp/cmake)
[4.050s] -- Using RMW implementation 'rmw_fastrtps_cpp' as default
[4.080s] -- Found sensor_msgs: 4.2.4 (/opt/ros/humble/share/sensor_msgs/cmake)
[4.098s] -- Found rviz2: 11.2.13 (/opt/ros/humble/share/rviz2/cmake)
[4.106s] -- Eigen found (include: /usr/include/eigen3, version: 3.4.0)
[5.261s] -- FLANN found (include: /usr/include, lib: /usr/lib/x86_64-linux-gnu/libflann_cpp.so)
[8.100s] -- OpenNI found (version: 1.5.4.0, include: /usr/include/ni, lib: /usr/lib/libOpenNI.so;libusb::libusb)
[8.104s] -- OpenNI2 found (version: 2.2.0.33, include: /usr/include/openni2, lib: /usr/lib/x86_64-linux-gnu/libOpenNI2.so;libusb::libusb)
[8.104s] [0m** WARNING ** io features related to pcap will be disabled[0m
[9.690s] -- Eigen found (include: /usr/include/eigen3, version: 3.4.0)
[9.694s] -- OpenNI found (version: 1.5.4.0, include: /usr/include/ni, lib: /usr/lib/libOpenNI.so;libusb::libusb)
[9.699s] -- OpenNI2 found (version: 2.2.0.33, include: /usr/include/openni2, lib: /usr/lib/x86_64-linux-gnu/libOpenNI2.so;libusb::libusb)
[11.266s] -- Found Qhull version 8.0.2
[12.673s] -- OpenNI found (version: 1.5.4.0, include: /usr/include/ni, lib: /usr/lib/libOpenNI.so;libusb::libusb)
[14.151s] -- looking for PCL_COMMON
[14.152s] -- looking for PCL_KDTREE
[14.152s] -- looking for PCL_OCTREE
[14.152s] -- looking for PCL_SEARCH
[14.152s] -- looking for PCL_SAMPLE_CONSENSUS
[14.153s] -- looking for PCL_FILTERS
[14.153s] -- looking for PCL_2D
[14.153s] -- looking for PCL_GEOMETRY
[14.153s] -- looking for PCL_IO
[14.154s] -- looking for PCL_FEATURES
[14.154s] -- looking for PCL_ML
[14.154s] -- looking for PCL_SEGMENTATION
[14.155s] -- looking for PCL_VISUALIZATION
[14.155s] -- looking for PCL_SURFACE
[14.155s] -- looking for PCL_REGISTRATION
[14.155s] -- looking for PCL_KEYPOINTS
[14.155s] -- looking for PCL_TRACKING
[14.156s] -- looking for PCL_RECOGNITION
[14.156s] -- looking for PCL_STEREO
[14.157s] -- looking for PCL_APPS
[14.157s] -- looking for PCL_IN_HAND_SCANNER
[14.158s] -- looking for PCL_MODELER
[14.158s] -- looking for PCL_POINT_CLOUD_EDITOR
[14.158s] -- looking for PCL_OUTOFCORE
[14.158s] -- looking for PCL_PEOPLE
[14.160s] -- Found ament_lint_auto: 0.12.11 (/opt/ros/humble/share/ament_lint_auto/cmake)
[14.216s] -- Added test 'copyright' to check source files copyright and LICENSE
[14.217s] -- Added test 'cppcheck' to perform static code analysis on C / C++ code
[14.217s] -- Configured cppcheck include dirs: $<BUILD_INTERFACE:/home/simpletime/Project/proj_ws_pcl/src/pcl/include>
[14.217s] -- Configured cppcheck exclude dirs and/or files: 
[14.218s] -- Added test 'cpplint' to check C / C++ code against the Google style
[14.218s] -- Configured cpplint exclude dirs and/or files: 
[14.218s] -- Added test 'lint_cmake' to check CMake code style
[14.219s] -- Added test 'uncrustify' to check C / C++ code style
[14.219s] -- Configured uncrustify additional arguments: 
[14.219s] -- Added test 'xmllint' to check XML markup files
[14.221s] -- Configuring done
[14.254s] -- Generating done
[14.256s] -- Build files have been written to: /home/simpletime/Project/proj_ws_pcl/build/pcl
[14.295s] [ 50%] [32mBuilding CXX object CMakeFiles/reg_pcl.dir/src/reg_pcl.cpp.o[0m
[15.353s] [01m[K/home/simpletime/Project/proj_ws_pcl/src/pcl/src/reg_pcl.cpp:6:10:[m[K [01;31m[Kfatal error: [m[Kpcl_conversions/pcl_conversions.h: No such file or directory
[15.353s]     6 | #include [01;31m[K"pcl_conversions/pcl_conversions.h"[m[K
[15.353s]       |          [01;31m[K^~~~~~~~~~~~~~~~~~~~~~~~~~~~~~~~~~~[m[K
[15.353s] compilation terminated.
[15.363s] gmake[2]: *** [CMakeFiles/reg_pcl.dir/build.make:76: CMakeFiles/reg_pcl.dir/src/reg_pcl.cpp.o] Error 1
[15.363s] gmake[1]: *** [CMakeFiles/Makefile2:137: CMakeFiles/reg_pcl.dir/all] Error 2
[15.364s] gmake: *** [Makefile:146: all] Error 2
[15.367s] Invoked command in '/home/simpletime/Project/proj_ws_pcl/build/pcl' returned '2': CMAKE_PREFIX_PATH=/opt/ros/humble /usr/bin/cmake --build /home/simpletime/Project/proj_ws_pcl/build/pcl -- -j32 -l32
