[0.010s] Invoking command in '/home/simpletime/Project/ws02_tools/build/cpp01_tf_broadcaster': CMAKE_PREFIX_PATH=${CMAKE_PREFIX_PATH}:/opt/ros/humble /usr/bin/cmake --build /home/simpletime/Project/ws02_tools/build/cpp01_tf_broadcaster -- -j4 -l4
[0.050s] [35m[1mConsolidate compiler generated dependencies of target demo00_run1[0m
[0.061s] [ 50%] Built target demo02_dynamic_tf_broadcaster
[0.061s] [ 50%] Built target demo01_static_tf_broadcaster
[0.061s] [ 75%] Built target demo00_run
[0.076s] [ 87%] [32mBuilding CXX object CMakeFiles/demo00_run1.dir/src/demo00_run1.cpp.o[0m
[2.933s] [100%] [32m[1mLinking CXX executable demo00_run1[0m
[3.080s] [100%] Built target demo00_run1
[3.090s] Invoked command in '/home/simpletime/Project/ws02_tools/build/cpp01_tf_broadcaster' returned '0': CMAKE_PREFIX_PATH=${CMAKE_PREFIX_PATH}:/opt/ros/humble /usr/bin/cmake --build /home/simpletime/Project/ws02_tools/build/cpp01_tf_broadcaster -- -j4 -l4
[3.133s] Invoking command in '/home/simpletime/Project/ws02_tools/build/cpp01_tf_broadcaster': CMAKE_PREFIX_PATH=${CMAKE_PREFIX_PATH}:/opt/ros/humble /usr/bin/cmake --install /home/simpletime/Project/ws02_tools/build/cpp01_tf_broadcaster
[3.140s] -- Install configuration: ""
[3.140s] -- Up-to-date: /home/simpletime/Project/ws02_tools/install/cpp01_tf_broadcaster/lib/cpp01_tf_broadcaster/demo01_static_tf_broadcaster
[3.140s] -- Up-to-date: /home/simpletime/Project/ws02_tools/install/cpp01_tf_broadcaster/lib/cpp01_tf_broadcaster/demo00_run
[3.140s] -- Up-to-date: /home/simpletime/Project/ws02_tools/install/cpp01_tf_broadcaster/lib/cpp01_tf_broadcaster/demo02_dynamic_tf_broadcaster
[3.141s] -- Installing: /home/simpletime/Project/ws02_tools/install/cpp01_tf_broadcaster/lib/cpp01_tf_broadcaster/demo00_run1
[3.141s] -- Set runtime path of "/home/simpletime/Project/ws02_tools/install/cpp01_tf_broadcaster/lib/cpp01_tf_broadcaster/demo00_run1" to ""
[3.142s] -- Up-to-date: /home/simpletime/Project/ws02_tools/install/cpp01_tf_broadcaster/share/ament_index/resource_index/package_run_dependencies/cpp01_tf_broadcaster
[3.143s] -- Up-to-date: /home/simpletime/Project/ws02_tools/install/cpp01_tf_broadcaster/share/ament_index/resource_index/parent_prefix_path/cpp01_tf_broadcaster
[3.143s] -- Up-to-date: /home/simpletime/Project/ws02_tools/install/cpp01_tf_broadcaster/share/cpp01_tf_broadcaster/environment/ament_prefix_path.sh
[3.143s] -- Up-to-date: /home/simpletime/Project/ws02_tools/install/cpp01_tf_broadcaster/share/cpp01_tf_broadcaster/environment/ament_prefix_path.dsv
[3.143s] -- Up-to-date: /home/simpletime/Project/ws02_tools/install/cpp01_tf_broadcaster/share/cpp01_tf_broadcaster/environment/path.sh
[3.143s] -- Up-to-date: /home/simpletime/Project/ws02_tools/install/cpp01_tf_broadcaster/share/cpp01_tf_broadcaster/environment/path.dsv
[3.143s] -- Up-to-date: /home/simpletime/Project/ws02_tools/install/cpp01_tf_broadcaster/share/cpp01_tf_broadcaster/local_setup.bash
[3.143s] -- Up-to-date: /home/simpletime/Project/ws02_tools/install/cpp01_tf_broadcaster/share/cpp01_tf_broadcaster/local_setup.sh
[3.143s] -- Up-to-date: /home/simpletime/Project/ws02_tools/install/cpp01_tf_broadcaster/share/cpp01_tf_broadcaster/local_setup.zsh
[3.143s] -- Up-to-date: /home/simpletime/Project/ws02_tools/install/cpp01_tf_broadcaster/share/cpp01_tf_broadcaster/local_setup.dsv
[3.143s] -- Installing: /home/simpletime/Project/ws02_tools/install/cpp01_tf_broadcaster/share/cpp01_tf_broadcaster/package.dsv
[3.143s] -- Up-to-date: /home/simpletime/Project/ws02_tools/install/cpp01_tf_broadcaster/share/ament_index/resource_index/packages/cpp01_tf_broadcaster
[3.143s] -- Up-to-date: /home/simpletime/Project/ws02_tools/install/cpp01_tf_broadcaster/share/cpp01_tf_broadcaster/cmake/cpp01_tf_broadcasterConfig.cmake
[3.143s] -- Up-to-date: /home/simpletime/Project/ws02_tools/install/cpp01_tf_broadcaster/share/cpp01_tf_broadcaster/cmake/cpp01_tf_broadcasterConfig-version.cmake
[3.143s] -- Up-to-date: /home/simpletime/Project/ws02_tools/install/cpp01_tf_broadcaster/share/cpp01_tf_broadcaster/package.xml
[3.145s] Invoked command in '/home/simpletime/Project/ws02_tools/build/cpp01_tf_broadcaster' returned '0': CMAKE_PREFIX_PATH=${CMAKE_PREFIX_PATH}:/opt/ros/humble /usr/bin/cmake --install /home/simpletime/Project/ws02_tools/build/cpp01_tf_broadcaster
