[0.009s] Invoking command in '/home/simpletime/ws01_plumbing/build/cpp01_topic': CMAKE_PREFIX_PATH=/home/simpletime/ws01_plumbing/install/base_interfaces_demo:/home/simpletime/ws01_plumbing/install/py01_topic:/home/simpletime/ws01_plumbing/install/cpp01_topic:/opt/ros/humble /usr/bin/cmake --build /home/simpletime/ws01_plumbing/build/cpp01_topic -- -j4 -l4
[0.054s] [35m[1mConsolidate compiler generated dependencies of target demo01_talker_str[0m
[0.067s] [100%] Built target demo01_talker_str
[0.075s] Invoked command in '/home/simpletime/ws01_plumbing/build/cpp01_topic' returned '0': CMAKE_PREFIX_PATH=/home/simpletime/ws01_plumbing/install/base_interfaces_demo:/home/simpletime/ws01_plumbing/install/py01_topic:/home/simpletime/ws01_plumbing/install/cpp01_topic:/opt/ros/humble /usr/bin/cmake --build /home/simpletime/ws01_plumbing/build/cpp01_topic -- -j4 -l4
[0.099s] Invoking command in '/home/simpletime/ws01_plumbing/build/cpp01_topic': CMAKE_PREFIX_PATH=/home/simpletime/ws01_plumbing/install/base_interfaces_demo:/home/simpletime/ws01_plumbing/install/py01_topic:/home/simpletime/ws01_plumbing/install/cpp01_topic:/opt/ros/humble /usr/bin/cmake --install /home/simpletime/ws01_plumbing/build/cpp01_topic
[0.105s] -- Install configuration: ""
[0.105s] -- Up-to-date: /home/simpletime/ws01_plumbing/install/cpp01_topic/lib/cpp01_topic/demo01_talker_str
[0.106s] -- Up-to-date: /home/simpletime/ws01_plumbing/install/cpp01_topic/share/ament_index/resource_index/package_run_dependencies/cpp01_topic
[0.106s] -- Up-to-date: /home/simpletime/ws01_plumbing/install/cpp01_topic/share/ament_index/resource_index/parent_prefix_path/cpp01_topic
[0.106s] -- Up-to-date: /home/simpletime/ws01_plumbing/install/cpp01_topic/share/cpp01_topic/environment/ament_prefix_path.sh
[0.106s] -- Up-to-date: /home/simpletime/ws01_plumbing/install/cpp01_topic/share/cpp01_topic/environment/ament_prefix_path.dsv
[0.107s] -- Up-to-date: /home/simpletime/ws01_plumbing/install/cpp01_topic/share/cpp01_topic/environment/path.sh
[0.107s] -- Up-to-date: /home/simpletime/ws01_plumbing/install/cpp01_topic/share/cpp01_topic/environment/path.dsv
[0.108s] -- Up-to-date: /home/simpletime/ws01_plumbing/install/cpp01_topic/share/cpp01_topic/local_setup.bash
[0.108s] -- Up-to-date: /home/simpletime/ws01_plumbing/install/cpp01_topic/share/cpp01_topic/local_setup.sh
[0.108s] -- Up-to-date: /home/simpletime/ws01_plumbing/install/cpp01_topic/share/cpp01_topic/local_setup.zsh
[0.108s] -- Up-to-date: /home/simpletime/ws01_plumbing/install/cpp01_topic/share/cpp01_topic/local_setup.dsv
[0.108s] -- Installing: /home/simpletime/ws01_plumbing/install/cpp01_topic/share/cpp01_topic/package.dsv
[0.108s] -- Up-to-date: /home/simpletime/ws01_plumbing/install/cpp01_topic/share/ament_index/resource_index/packages/cpp01_topic
[0.108s] -- Up-to-date: /home/simpletime/ws01_plumbing/install/cpp01_topic/share/cpp01_topic/cmake/cpp01_topicConfig.cmake
[0.109s] -- Up-to-date: /home/simpletime/ws01_plumbing/install/cpp01_topic/share/cpp01_topic/cmake/cpp01_topicConfig-version.cmake
[0.109s] -- Up-to-date: /home/simpletime/ws01_plumbing/install/cpp01_topic/share/cpp01_topic/package.xml
[0.112s] Invoked command in '/home/simpletime/ws01_plumbing/build/cpp01_topic' returned '0': CMAKE_PREFIX_PATH=/home/simpletime/ws01_plumbing/install/base_interfaces_demo:/home/simpletime/ws01_plumbing/install/py01_topic:/home/simpletime/ws01_plumbing/install/cpp01_topic:/opt/ros/humble /usr/bin/cmake --install /home/simpletime/ws01_plumbing/build/cpp01_topic
