[0.012s] Invoking command in '/home/simpletime/Project/proj_ws_pcl/build/pcl': CMAKE_PREFIX_PATH=/opt/ros/humble /usr/bin/cmake --build /home/simpletime/Project/proj_ws_pcl/build/pcl -- -j32 -l32
[0.029s] -- Found ament_cmake: 1.3.10 (/opt/ros/humble/share/ament_cmake/cmake)
[0.116s] -- Found sensor_msgs: 4.2.4 (/opt/ros/humble/share/sensor_msgs/cmake)
[0.233s] -- Found rosidl_generator_c: 3.1.5 (/opt/ros/humble/share/rosidl_generator_c/cmake)
[0.235s] -- Found rosidl_adapter: 3.1.5 (/opt/ros/humble/share/rosidl_adapter/cmake)
[0.239s] -- Found rosidl_generator_cpp: 3.1.5 (/opt/ros/humble/share/rosidl_generator_cpp/cmake)
[0.246s] -- Using all available rosidl_typesupport_c: rosidl_typesupport_fastrtps_c;rosidl_typesupport_introspection_c
[0.256s] -- Using all available rosidl_typesupport_cpp: rosidl_typesupport_fastrtps_cpp;rosidl_typesupport_introspection_cpp
[0.289s] -- Found rclcpp: 16.0.10 (/opt/ros/humble/share/rclcpp/cmake)
[0.305s] -- Found rmw_implementation_cmake: 6.1.2 (/opt/ros/humble/share/rmw_implementation_cmake/cmake)
[0.306s] -- Found rmw_fastrtps_cpp: 6.2.7 (/opt/ros/humble/share/rmw_fastrtps_cpp/cmake)
[3.920s] -- Using RMW implementation 'rmw_fastrtps_cpp' as default
[3.953s] -- Eigen found (include: /usr/include/eigen3, version: 3.4.0)
[3.967s] -- OpenNI found (version: 1.5.4.0, include: /usr/include/ni, lib: /usr/lib/libOpenNI.so;libusb::libusb)
[3.971s] -- OpenNI2 found (version: 2.2.0.33, include: /usr/include/openni2, lib: /usr/lib/x86_64-linux-gnu/libOpenNI2.so;libusb::libusb)
[3.971s] [0m** WARNING ** io features related to pcap will be disabled[0m
[3.972s] [0m** WARNING ** io features related to png will be disabled[0m
[6.708s] -- Eigen found (include: /usr/include/eigen3, version: 3.4.0)
[6.709s] -- looking for PCL_COMMON
[6.709s] -- looking for PCL_OCTREE
[6.709s] -- looking for PCL_IO
[7.591s] [31mCMake Error at CMakeLists.txt:30 (find_package):
[7.591s]   By not providing "FindPCL_conversions.cmake" in CMAKE_MODULE_PATH this
[7.591s]   project has asked CMake to find a package configuration file provided by
[7.591s]   "PCL_conversions", but CMake did not find one.
[7.591s] 
[7.591s]   Could not find a package configuration file provided by "PCL_conversions"
[7.591s]   with any of the following names:
[7.591s] 
[7.591s]     PCL_conversionsConfig.cmake
[7.591s]     pcl_conversions-config.cmake
[7.591s] 
[7.591s]   Add the installation prefix of "PCL_conversions" to CMAKE_PREFIX_PATH or
[7.591s]   set "PCL_conversions_DIR" to a directory containing one of the above files.
[7.591s]   If "PCL_conversions" provides a separate development package or SDK, be
[7.591s]   sure it has been installed.
[7.591s] 
[7.591s] [0m
[7.591s] -- Configuring incomplete, errors occurred!
[7.591s] See also "/home/simpletime/Project/proj_ws_pcl/build/pcl/CMakeFiles/CMakeOutput.log".
[7.605s] gmake: *** [Makefile:267: cmake_check_build_system] Error 1
[7.608s] Invoked command in '/home/simpletime/Project/proj_ws_pcl/build/pcl' returned '2': CMAKE_PREFIX_PATH=/opt/ros/humble /usr/bin/cmake --build /home/simpletime/Project/proj_ws_pcl/build/pcl -- -j32 -l32
