[0.012s] Invoking command in '/home/simpletime/project01_book/build/base_interfaces': CMAKE_PREFIX_PATH=${CMAKE_PREFIX_PATH}:/opt/ros/humble /usr/bin/cmake --build /home/simpletime/project01_book/build/base_interfaces -- -j4 -l4
[0.096s] [  2%] Built target base_interfaces__cpp
[0.097s] [ 12%] Built target base_interfaces__rosidl_generator_c
[0.121s] [ 12%] Built target ament_cmake_python_copy_base_interfaces
[0.127s] [ 23%] Built target base_interfaces__rosidl_typesupport_fastrtps_cpp
[0.129s] [ 33%] Built target base_interfaces__rosidl_typesupport_introspection_cpp
[0.139s] [ 43%] Built target base_interfaces__rosidl_typesupport_cpp
[0.144s] [ 53%] Built target base_interfaces__rosidl_typesupport_fastrtps_c
[0.148s] [ 64%] Built target base_interfaces__rosidl_typesupport_introspection_c
[0.155s] [ 74%] Built target base_interfaces__rosidl_typesupport_c
[0.174s] [ 74%] Built target base_interfaces
[0.199s] [ 76%] Built target base_interfaces__py
[0.222s] [ 84%] Built target base_interfaces__rosidl_generator_py
[0.249s] [ 89%] Built target base_interfaces__rosidl_typesupport_introspection_c__pyext
[0.251s] [ 94%] Built target base_interfaces__rosidl_typesupport_c__pyext
[0.252s] [100%] Built target base_interfaces__rosidl_typesupport_fastrtps_c__pyext
[0.292s] running egg_info
[0.293s] writing base_interfaces.egg-info/PKG-INFO
[0.293s] writing dependency_links to base_interfaces.egg-info/dependency_links.txt
[0.293s] writing top-level names to base_interfaces.egg-info/top_level.txt
[0.295s] reading manifest file 'base_interfaces.egg-info/SOURCES.txt'
[0.296s] writing manifest file 'base_interfaces.egg-info/SOURCES.txt'
[0.320s] [100%] Built target ament_cmake_python_build_base_interfaces_egg
[0.331s] Invoked command in '/home/simpletime/project01_book/build/base_interfaces' returned '0': CMAKE_PREFIX_PATH=${CMAKE_PREFIX_PATH}:/opt/ros/humble /usr/bin/cmake --build /home/simpletime/project01_book/build/base_interfaces -- -j4 -l4
[0.418s] Invoking command in '/home/simpletime/project01_book/build/base_interfaces': CMAKE_PREFIX_PATH=${CMAKE_PREFIX_PATH}:/opt/ros/humble /usr/bin/cmake --install /home/simpletime/project01_book/build/base_interfaces
[0.426s] -- Install configuration: ""
[0.426s] -- Up-to-date: /home/simpletime/project01_book/install/base_interfaces/share/ament_index/resource_index/rosidl_interfaces/base_interfaces
[0.426s] -- Up-to-date: /home/simpletime/project01_book/install/base_interfaces/include/base_interfaces/base_interfaces
[0.426s] -- Up-to-date: /home/simpletime/project01_book/install/base_interfaces/include/base_interfaces/base_interfaces/msg
[0.426s] -- Up-to-date: /home/simpletime/project01_book/install/base_interfaces/include/base_interfaces/base_interfaces/msg/detail
[0.426s] -- Up-to-date: /home/simpletime/project01_book/install/base_interfaces/include/base_interfaces/base_interfaces/msg/detail/booksupply__struct.h
[0.426s] -- Up-to-date: /home/simpletime/project01_book/install/base_interfaces/include/base_interfaces/base_interfaces/msg/detail/bookneed__type_support.h
[0.426s] -- Up-to-date: /home/simpletime/project01_book/install/base_interfaces/include/base_interfaces/base_interfaces/msg/detail/booksupply__functions.h
[0.426s] -- Up-to-date: /home/simpletime/project01_book/install/base_interfaces/include/base_interfaces/base_interfaces/msg/detail/bookneed__functions.h
[0.427s] -- Up-to-date: /home/simpletime/project01_book/install/base_interfaces/include/base_interfaces/base_interfaces/msg/detail/bookneed__struct.h
[0.427s] -- Up-to-date: /home/simpletime/project01_book/install/base_interfaces/include/base_interfaces/base_interfaces/msg/detail/booksupply__functions.c
[0.427s] -- Up-to-date: /home/simpletime/project01_book/install/base_interfaces/include/base_interfaces/base_interfaces/msg/detail/bookneed__functions.c
[0.427s] -- Up-to-date: /home/simpletime/project01_book/install/base_interfaces/include/base_interfaces/base_interfaces/msg/detail/booksupply__type_support.h
[0.427s] -- Up-to-date: /home/simpletime/project01_book/install/base_interfaces/include/base_interfaces/base_interfaces/msg/booksupply.h
[0.427s] -- Up-to-date: /home/simpletime/project01_book/install/base_interfaces/include/base_interfaces/base_interfaces/msg/rosidl_generator_c__visibility_control.h
[0.427s] -- Up-to-date: /home/simpletime/project01_book/install/base_interfaces/include/base_interfaces/base_interfaces/msg/bookneed.h
[0.427s] -- Up-to-date: /home/simpletime/project01_book/install/base_interfaces/share/base_interfaces/environment/library_path.sh
[0.427s] -- Up-to-date: /home/simpletime/project01_book/install/base_interfaces/share/base_interfaces/environment/library_path.dsv
[0.429s] -- Up-to-date: /home/simpletime/project01_book/install/base_interfaces/lib/libbase_interfaces__rosidl_generator_c.so
[0.429s] -- Up-to-date: /home/simpletime/project01_book/install/base_interfaces/include/base_interfaces/base_interfaces
[0.429s] -- Up-to-date: /home/simpletime/project01_book/install/base_interfaces/include/base_interfaces/base_interfaces/msg
[0.429s] -- Up-to-date: /home/simpletime/project01_book/install/base_interfaces/include/base_interfaces/base_interfaces/msg/detail
[0.429s] -- Up-to-date: /home/simpletime/project01_book/install/base_interfaces/include/base_interfaces/base_interfaces/msg/detail/booksupply__rosidl_typesupport_fastrtps_c.h
[0.429s] -- Up-to-date: /home/simpletime/project01_book/install/base_interfaces/include/base_interfaces/base_interfaces/msg/detail/bookneed__rosidl_typesupport_fastrtps_c.h
[0.429s] -- Up-to-date: /home/simpletime/project01_book/install/base_interfaces/include/base_interfaces/base_interfaces/msg/rosidl_typesupport_fastrtps_c__visibility_control.h
[0.430s] -- Up-to-date: /home/simpletime/project01_book/install/base_interfaces/lib/libbase_interfaces__rosidl_typesupport_fastrtps_c.so
[0.430s] -- Up-to-date: /home/simpletime/project01_book/install/base_interfaces/include/base_interfaces/base_interfaces
[0.430s] -- Up-to-date: /home/simpletime/project01_book/install/base_interfaces/include/base_interfaces/base_interfaces/msg
[0.430s] -- Up-to-date: /home/simpletime/project01_book/install/base_interfaces/include/base_interfaces/base_interfaces/msg/rosidl_typesupport_introspection_c__visibility_control.h
[0.430s] -- Up-to-date: /home/simpletime/project01_book/install/base_interfaces/include/base_interfaces/base_interfaces/msg/detail
[0.430s] -- Up-to-date: /home/simpletime/project01_book/install/base_interfaces/include/base_interfaces/base_interfaces/msg/detail/bookneed__type_support.c
[0.430s] -- Up-to-date: /home/simpletime/project01_book/install/base_interfaces/include/base_interfaces/base_interfaces/msg/detail/booksupply__type_support.c
[0.430s] -- Up-to-date: /home/simpletime/project01_book/install/base_interfaces/include/base_interfaces/base_interfaces/msg/detail/booksupply__rosidl_typesupport_introspection_c.h
[0.430s] -- Up-to-date: /home/simpletime/project01_book/install/base_interfaces/include/base_interfaces/base_interfaces/msg/detail/bookneed__rosidl_typesupport_introspection_c.h
[0.430s] -- Up-to-date: /home/simpletime/project01_book/install/base_interfaces/lib/libbase_interfaces__rosidl_typesupport_introspection_c.so
[0.430s] -- Up-to-date: /home/simpletime/project01_book/install/base_interfaces/lib/libbase_interfaces__rosidl_typesupport_c.so
[0.431s] -- Up-to-date: /home/simpletime/project01_book/install/base_interfaces/include/base_interfaces/base_interfaces
[0.431s] -- Up-to-date: /home/simpletime/project01_book/install/base_interfaces/include/base_interfaces/base_interfaces/msg
[0.431s] -- Up-to-date: /home/simpletime/project01_book/install/base_interfaces/include/base_interfaces/base_interfaces/msg/booksupply.hpp
[0.431s] -- Up-to-date: /home/simpletime/project01_book/install/base_interfaces/include/base_interfaces/base_interfaces/msg/detail
[0.431s] -- Up-to-date: /home/simpletime/project01_book/install/base_interfaces/include/base_interfaces/base_interfaces/msg/detail/booksupply__builder.hpp
[0.431s] -- Up-to-date: /home/simpletime/project01_book/install/base_interfaces/include/base_interfaces/base_interfaces/msg/detail/bookneed__builder.hpp
[0.431s] -- Up-to-date: /home/simpletime/project01_book/install/base_interfaces/include/base_interfaces/base_interfaces/msg/detail/bookneed__struct.hpp
[0.431s] -- Up-to-date: /home/simpletime/project01_book/install/base_interfaces/include/base_interfaces/base_interfaces/msg/detail/bookneed__traits.hpp
[0.431s] -- Up-to-date: /home/simpletime/project01_book/install/base_interfaces/include/base_interfaces/base_interfaces/msg/detail/booksupply__traits.hpp
[0.431s] -- Up-to-date: /home/simpletime/project01_book/install/base_interfaces/include/base_interfaces/base_interfaces/msg/detail/booksupply__struct.hpp
[0.432s] -- Up-to-date: /home/simpletime/project01_book/install/base_interfaces/include/base_interfaces/base_interfaces/msg/bookneed.hpp
[0.432s] -- Up-to-date: /home/simpletime/project01_book/install/base_interfaces/include/base_interfaces/base_interfaces
[0.432s] -- Up-to-date: /home/simpletime/project01_book/install/base_interfaces/include/base_interfaces/base_interfaces/msg
[0.432s] -- Up-to-date: /home/simpletime/project01_book/install/base_interfaces/include/base_interfaces/base_interfaces/msg/detail
[0.432s] -- Up-to-date: /home/simpletime/project01_book/install/base_interfaces/include/base_interfaces/base_interfaces/msg/detail/dds_fastrtps
[0.432s] -- Up-to-date: /home/simpletime/project01_book/install/base_interfaces/include/base_interfaces/base_interfaces/msg/detail/bookneed__rosidl_typesupport_fastrtps_cpp.hpp
[0.432s] -- Up-to-date: /home/simpletime/project01_book/install/base_interfaces/include/base_interfaces/base_interfaces/msg/detail/booksupply__rosidl_typesupport_fastrtps_cpp.hpp
[0.432s] -- Up-to-date: /home/simpletime/project01_book/install/base_interfaces/include/base_interfaces/base_interfaces/msg/rosidl_typesupport_fastrtps_cpp__visibility_control.h
[0.432s] -- Up-to-date: /home/simpletime/project01_book/install/base_interfaces/lib/libbase_interfaces__rosidl_typesupport_fastrtps_cpp.so
[0.432s] -- Up-to-date: /home/simpletime/project01_book/install/base_interfaces/include/base_interfaces/base_interfaces
[0.432s] -- Up-to-date: /home/simpletime/project01_book/install/base_interfaces/include/base_interfaces/base_interfaces/msg
[0.432s] -- Up-to-date: /home/simpletime/project01_book/install/base_interfaces/include/base_interfaces/base_interfaces/msg/detail
[0.432s] -- Up-to-date: /home/simpletime/project01_book/install/base_interfaces/include/base_interfaces/base_interfaces/msg/detail/bookneed__rosidl_typesupport_introspection_cpp.hpp
[0.433s] -- Up-to-date: /home/simpletime/project01_book/install/base_interfaces/include/base_interfaces/base_interfaces/msg/detail/bookneed__type_support.cpp
[0.433s] -- Up-to-date: /home/simpletime/project01_book/install/base_interfaces/include/base_interfaces/base_interfaces/msg/detail/booksupply__type_support.cpp
[0.433s] -- Up-to-date: /home/simpletime/project01_book/install/base_interfaces/include/base_interfaces/base_interfaces/msg/detail/booksupply__rosidl_typesupport_introspection_cpp.hpp
[0.433s] -- Up-to-date: /home/simpletime/project01_book/install/base_interfaces/lib/libbase_interfaces__rosidl_typesupport_introspection_cpp.so
[0.433s] -- Up-to-date: /home/simpletime/project01_book/install/base_interfaces/lib/libbase_interfaces__rosidl_typesupport_cpp.so
[0.433s] -- Up-to-date: /home/simpletime/project01_book/install/base_interfaces/share/base_interfaces/environment/pythonpath.sh
[0.434s] -- Up-to-date: /home/simpletime/project01_book/install/base_interfaces/share/base_interfaces/environment/pythonpath.dsv
[0.434s] -- Up-to-date: /home/simpletime/project01_book/install/base_interfaces/local/lib/python3.10/dist-packages/base_interfaces-0.0.0-py3.10.egg-info
[0.434s] -- Installing: /home/simpletime/project01_book/install/base_interfaces/local/lib/python3.10/dist-packages/base_interfaces-0.0.0-py3.10.egg-info/PKG-INFO
[0.434s] -- Installing: /home/simpletime/project01_book/install/base_interfaces/local/lib/python3.10/dist-packages/base_interfaces-0.0.0-py3.10.egg-info/SOURCES.txt
[0.434s] -- Installing: /home/simpletime/project01_book/install/base_interfaces/local/lib/python3.10/dist-packages/base_interfaces-0.0.0-py3.10.egg-info/dependency_links.txt
[0.434s] -- Installing: /home/simpletime/project01_book/install/base_interfaces/local/lib/python3.10/dist-packages/base_interfaces-0.0.0-py3.10.egg-info/top_level.txt
[0.434s] -- Up-to-date: /home/simpletime/project01_book/install/base_interfaces/local/lib/python3.10/dist-packages/base_interfaces
[0.435s] -- Up-to-date: /home/simpletime/project01_book/install/base_interfaces/local/lib/python3.10/dist-packages/base_interfaces/msg
[0.435s] -- Up-to-date: /home/simpletime/project01_book/install/base_interfaces/local/lib/python3.10/dist-packages/base_interfaces/msg/__init__.py
[0.436s] -- Up-to-date: /home/simpletime/project01_book/install/base_interfaces/local/lib/python3.10/dist-packages/base_interfaces/msg/_booksupply_s.c
[0.436s] -- Up-to-date: /home/simpletime/project01_book/install/base_interfaces/local/lib/python3.10/dist-packages/base_interfaces/msg/_booksupply.py
[0.436s] -- Up-to-date: /home/simpletime/project01_book/install/base_interfaces/local/lib/python3.10/dist-packages/base_interfaces/msg/_bookneed.py
[0.436s] -- Up-to-date: /home/simpletime/project01_book/install/base_interfaces/local/lib/python3.10/dist-packages/base_interfaces/msg/_bookneed_s.c
[0.436s] -- Up-to-date: /home/simpletime/project01_book/install/base_interfaces/local/lib/python3.10/dist-packages/base_interfaces/__init__.py
[0.436s] -- Up-to-date: /home/simpletime/project01_book/install/base_interfaces/local/lib/python3.10/dist-packages/base_interfaces/_base_interfaces_s.ep.rosidl_typesupport_introspection_c.c
[0.436s] -- Up-to-date: /home/simpletime/project01_book/install/base_interfaces/local/lib/python3.10/dist-packages/base_interfaces/_base_interfaces_s.ep.rosidl_typesupport_fastrtps_c.c
[0.436s] -- Up-to-date: /home/simpletime/project01_book/install/base_interfaces/local/lib/python3.10/dist-packages/base_interfaces/_base_interfaces_s.ep.rosidl_typesupport_c.c
[0.436s] -- Up-to-date: /home/simpletime/project01_book/install/base_interfaces/local/lib/python3.10/dist-packages/base_interfaces/base_interfaces_s__rosidl_typesupport_c.cpython-310-x86_64-linux-gnu.so
[0.436s] -- Up-to-date: /home/simpletime/project01_book/install/base_interfaces/local/lib/python3.10/dist-packages/base_interfaces/base_interfaces_s__rosidl_typesupport_fastrtps_c.cpython-310-x86_64-linux-gnu.so
[0.436s] -- Up-to-date: /home/simpletime/project01_book/install/base_interfaces/local/lib/python3.10/dist-packages/base_interfaces/base_interfaces_s__rosidl_typesupport_introspection_c.cpython-310-x86_64-linux-gnu.so
[0.436s] -- Up-to-date: /home/simpletime/project01_book/install/base_interfaces/local/lib/python3.10/dist-packages/base_interfaces/libbase_interfaces__rosidl_generator_py.so
[0.463s] Listing '/home/simpletime/project01_book/install/base_interfaces/local/lib/python3.10/dist-packages/base_interfaces'...
[0.463s] Listing '/home/simpletime/project01_book/install/base_interfaces/local/lib/python3.10/dist-packages/base_interfaces/msg'...
[0.467s] -- Up-to-date: /home/simpletime/project01_book/install/base_interfaces/local/lib/python3.10/dist-packages/base_interfaces/base_interfaces_s__rosidl_typesupport_fastrtps_c.cpython-310-x86_64-linux-gnu.so
[0.468s] -- Up-to-date: /home/simpletime/project01_book/install/base_interfaces/local/lib/python3.10/dist-packages/base_interfaces/base_interfaces_s__rosidl_typesupport_introspection_c.cpython-310-x86_64-linux-gnu.so
[0.468s] -- Up-to-date: /home/simpletime/project01_book/install/base_interfaces/local/lib/python3.10/dist-packages/base_interfaces/base_interfaces_s__rosidl_typesupport_c.cpython-310-x86_64-linux-gnu.so
[0.469s] -- Up-to-date: /home/simpletime/project01_book/install/base_interfaces/lib/libbase_interfaces__rosidl_generator_py.so
[0.469s] -- Up-to-date: /home/simpletime/project01_book/install/base_interfaces/share/base_interfaces/msg/Bookneed.idl
[0.469s] -- Up-to-date: /home/simpletime/project01_book/install/base_interfaces/share/base_interfaces/msg/Booksupply.idl
[0.469s] -- Up-to-date: /home/simpletime/project01_book/install/base_interfaces/share/base_interfaces/msg/Bookneed.msg
[0.469s] -- Up-to-date: /home/simpletime/project01_book/install/base_interfaces/share/base_interfaces/msg/Booksupply.msg
[0.469s] -- Up-to-date: /home/simpletime/project01_book/install/base_interfaces/share/ament_index/resource_index/package_run_dependencies/base_interfaces
[0.469s] -- Up-to-date: /home/simpletime/project01_book/install/base_interfaces/share/ament_index/resource_index/parent_prefix_path/base_interfaces
[0.469s] -- Up-to-date: /home/simpletime/project01_book/install/base_interfaces/share/base_interfaces/environment/ament_prefix_path.sh
[0.469s] -- Up-to-date: /home/simpletime/project01_book/install/base_interfaces/share/base_interfaces/environment/ament_prefix_path.dsv
[0.469s] -- Up-to-date: /home/simpletime/project01_book/install/base_interfaces/share/base_interfaces/environment/path.sh
[0.470s] -- Up-to-date: /home/simpletime/project01_book/install/base_interfaces/share/base_interfaces/environment/path.dsv
[0.470s] -- Up-to-date: /home/simpletime/project01_book/install/base_interfaces/share/base_interfaces/local_setup.bash
[0.470s] -- Up-to-date: /home/simpletime/project01_book/install/base_interfaces/share/base_interfaces/local_setup.sh
[0.470s] -- Up-to-date: /home/simpletime/project01_book/install/base_interfaces/share/base_interfaces/local_setup.zsh
[0.470s] -- Up-to-date: /home/simpletime/project01_book/install/base_interfaces/share/base_interfaces/local_setup.dsv
[0.470s] -- Installing: /home/simpletime/project01_book/install/base_interfaces/share/base_interfaces/package.dsv
[0.470s] -- Up-to-date: /home/simpletime/project01_book/install/base_interfaces/share/ament_index/resource_index/packages/base_interfaces
[0.470s] -- Up-to-date: /home/simpletime/project01_book/install/base_interfaces/share/base_interfaces/cmake/export_base_interfaces__rosidl_generator_cExport.cmake
[0.470s] -- Up-to-date: /home/simpletime/project01_book/install/base_interfaces/share/base_interfaces/cmake/export_base_interfaces__rosidl_generator_cExport-noconfig.cmake
[0.470s] -- Up-to-date: /home/simpletime/project01_book/install/base_interfaces/share/base_interfaces/cmake/export_base_interfaces__rosidl_typesupport_fastrtps_cExport.cmake
[0.470s] -- Up-to-date: /home/simpletime/project01_book/install/base_interfaces/share/base_interfaces/cmake/export_base_interfaces__rosidl_typesupport_fastrtps_cExport-noconfig.cmake
[0.471s] -- Up-to-date: /home/simpletime/project01_book/install/base_interfaces/share/base_interfaces/cmake/base_interfaces__rosidl_typesupport_introspection_cExport.cmake
[0.471s] -- Up-to-date: /home/simpletime/project01_book/install/base_interfaces/share/base_interfaces/cmake/base_interfaces__rosidl_typesupport_introspection_cExport-noconfig.cmake
[0.471s] -- Up-to-date: /home/simpletime/project01_book/install/base_interfaces/share/base_interfaces/cmake/base_interfaces__rosidl_typesupport_cExport.cmake
[0.472s] -- Up-to-date: /home/simpletime/project01_book/install/base_interfaces/share/base_interfaces/cmake/base_interfaces__rosidl_typesupport_cExport-noconfig.cmake
[0.472s] -- Up-to-date: /home/simpletime/project01_book/install/base_interfaces/share/base_interfaces/cmake/export_base_interfaces__rosidl_generator_cppExport.cmake
[0.472s] -- Up-to-date: /home/simpletime/project01_book/install/base_interfaces/share/base_interfaces/cmake/export_base_interfaces__rosidl_typesupport_fastrtps_cppExport.cmake
[0.472s] -- Up-to-date: /home/simpletime/project01_book/install/base_interfaces/share/base_interfaces/cmake/export_base_interfaces__rosidl_typesupport_fastrtps_cppExport-noconfig.cmake
[0.473s] -- Up-to-date: /home/simpletime/project01_book/install/base_interfaces/share/base_interfaces/cmake/base_interfaces__rosidl_typesupport_introspection_cppExport.cmake
[0.473s] -- Up-to-date: /home/simpletime/project01_book/install/base_interfaces/share/base_interfaces/cmake/base_interfaces__rosidl_typesupport_introspection_cppExport-noconfig.cmake
[0.473s] -- Up-to-date: /home/simpletime/project01_book/install/base_interfaces/share/base_interfaces/cmake/base_interfaces__rosidl_typesupport_cppExport.cmake
[0.473s] -- Up-to-date: /home/simpletime/project01_book/install/base_interfaces/share/base_interfaces/cmake/base_interfaces__rosidl_typesupport_cppExport-noconfig.cmake
[0.473s] -- Up-to-date: /home/simpletime/project01_book/install/base_interfaces/share/base_interfaces/cmake/export_base_interfaces__rosidl_generator_pyExport.cmake
[0.474s] -- Up-to-date: /home/simpletime/project01_book/install/base_interfaces/share/base_interfaces/cmake/export_base_interfaces__rosidl_generator_pyExport-noconfig.cmake
[0.474s] -- Up-to-date: /home/simpletime/project01_book/install/base_interfaces/share/base_interfaces/cmake/rosidl_cmake-extras.cmake
[0.474s] -- Up-to-date: /home/simpletime/project01_book/install/base_interfaces/share/base_interfaces/cmake/ament_cmake_export_include_directories-extras.cmake
[0.474s] -- Up-to-date: /home/simpletime/project01_book/install/base_interfaces/share/base_interfaces/cmake/ament_cmake_export_libraries-extras.cmake
[0.474s] -- Up-to-date: /home/simpletime/project01_book/install/base_interfaces/share/base_interfaces/cmake/ament_cmake_export_targets-extras.cmake
[0.474s] -- Up-to-date: /home/simpletime/project01_book/install/base_interfaces/share/base_interfaces/cmake/rosidl_cmake_export_typesupport_targets-extras.cmake
[0.474s] -- Up-to-date: /home/simpletime/project01_book/install/base_interfaces/share/base_interfaces/cmake/ament_cmake_export_dependencies-extras.cmake
[0.474s] -- Up-to-date: /home/simpletime/project01_book/install/base_interfaces/share/base_interfaces/cmake/rosidl_cmake_export_typesupport_libraries-extras.cmake
[0.474s] -- Up-to-date: /home/simpletime/project01_book/install/base_interfaces/share/base_interfaces/cmake/base_interfacesConfig.cmake
[0.474s] -- Up-to-date: /home/simpletime/project01_book/install/base_interfaces/share/base_interfaces/cmake/base_interfacesConfig-version.cmake
[0.474s] -- Up-to-date: /home/simpletime/project01_book/install/base_interfaces/share/base_interfaces/package.xml
[0.479s] Invoked command in '/home/simpletime/project01_book/build/base_interfaces' returned '0': CMAKE_PREFIX_PATH=${CMAKE_PREFIX_PATH}:/opt/ros/humble /usr/bin/cmake --install /home/simpletime/project01_book/build/base_interfaces
