[0.016s] Invoking command in '/home/simpletime/project01_book/build/company': CMAKE_PREFIX_PATH=/home/simpletime/project01_book/install/base_interfaces:/home/simpletime/project01_book/install/company:/home/simpletime/project01_book/src/install/company:/home/simpletime/project01_book/src/install/base_interfaces:/home/simpletime/project01_book/install/company_a:/opt/ros/humble /usr/bin/cmake --build /home/simpletime/project01_book/build/company -- -j4 -l4
[0.064s] [35m[1mConsolidate compiler generated dependencies of target company_a[0m
[0.076s] [ 50%] [32mBuilding CXX object CMakeFiles/company_a.dir/src/company_a.cpp.o[0m
[2.649s] [100%] [32m[1mLinking CXX executable company_a[0m
[2.779s] [100%] Built target company_a
[2.788s] Invoked command in '/home/simpletime/project01_book/build/company' returned '0': CMAKE_PREFIX_PATH=/home/simpletime/project01_book/install/base_interfaces:/home/simpletime/project01_book/install/company:/home/simpletime/project01_book/src/install/company:/home/simpletime/project01_book/src/install/base_interfaces:/home/simpletime/project01_book/install/company_a:/opt/ros/humble /usr/bin/cmake --build /home/simpletime/project01_book/build/company -- -j4 -l4
[2.812s] Invoking command in '/home/simpletime/project01_book/build/company': CMAKE_PREFIX_PATH=/home/simpletime/project01_book/install/base_interfaces:/home/simpletime/project01_book/install/company:/home/simpletime/project01_book/src/install/company:/home/simpletime/project01_book/src/install/base_interfaces:/home/simpletime/project01_book/install/company_a:/opt/ros/humble /usr/bin/cmake --install /home/simpletime/project01_book/build/company
[2.817s] -- Install configuration: ""
[2.818s] -- Installing: /home/simpletime/project01_book/install/company/lib/company/company_a
[2.819s] -- Set runtime path of "/home/simpletime/project01_book/install/company/lib/company/company_a" to ""
[2.819s] -- Up-to-date: /home/simpletime/project01_book/install/company/share/ament_index/resource_index/package_run_dependencies/company
[2.820s] -- Up-to-date: /home/simpletime/project01_book/install/company/share/ament_index/resource_index/parent_prefix_path/company
[2.820s] -- Up-to-date: /home/simpletime/project01_book/install/company/share/company/environment/ament_prefix_path.sh
[2.820s] -- Up-to-date: /home/simpletime/project01_book/install/company/share/company/environment/ament_prefix_path.dsv
[2.820s] -- Up-to-date: /home/simpletime/project01_book/install/company/share/company/environment/path.sh
[2.820s] -- Up-to-date: /home/simpletime/project01_book/install/company/share/company/environment/path.dsv
[2.820s] -- Up-to-date: /home/simpletime/project01_book/install/company/share/company/local_setup.bash
[2.820s] -- Up-to-date: /home/simpletime/project01_book/install/company/share/company/local_setup.sh
[2.820s] -- Up-to-date: /home/simpletime/project01_book/install/company/share/company/local_setup.zsh
[2.820s] -- Up-to-date: /home/simpletime/project01_book/install/company/share/company/local_setup.dsv
[2.820s] -- Installing: /home/simpletime/project01_book/install/company/share/company/package.dsv
[2.820s] -- Up-to-date: /home/simpletime/project01_book/install/company/share/ament_index/resource_index/packages/company
[2.821s] -- Up-to-date: /home/simpletime/project01_book/install/company/share/company/cmake/companyConfig.cmake
[2.821s] -- Up-to-date: /home/simpletime/project01_book/install/company/share/company/cmake/companyConfig-version.cmake
[2.821s] -- Up-to-date: /home/simpletime/project01_book/install/company/share/company/package.xml
[2.822s] Invoked command in '/home/simpletime/project01_book/build/company' returned '0': CMAKE_PREFIX_PATH=/home/simpletime/project01_book/install/base_interfaces:/home/simpletime/project01_book/install/company:/home/simpletime/project01_book/src/install/company:/home/simpletime/project01_book/src/install/base_interfaces:/home/simpletime/project01_book/install/company_a:/opt/ros/humble /usr/bin/cmake --install /home/simpletime/project01_book/build/company
