[0.008s] Invoking command in '/home/simpletime/ws01_plumbing/build/base_interfaces_demo': CMAKE_PREFIX_PATH=${CMAKE_PREFIX_PATH}:/opt/ros/humble /usr/bin/cmake --build /home/simpletime/ws01_plumbing/build/base_interfaces_demo -- -j4 -l4
[0.029s] -- Found ament_cmake: 1.3.10 (/opt/ros/humble/share/ament_cmake/cmake)
[0.104s] -- Found rosidl_default_generators: 1.2.0 (/opt/ros/humble/share/rosidl_default_generators/cmake)
[0.104s] -- Using all available rosidl_typesupport_c: rosidl_typesupport_fastrtps_c;rosidl_typesupport_introspection_c
[0.106s] -- Found rosidl_adapter: 3.1.5 (/opt/ros/humble/share/rosidl_adapter/cmake)
[0.123s] -- Using all available rosidl_typesupport_cpp: rosidl_typesupport_fastrtps_cpp;rosidl_typesupport_introspection_cpp
[0.284s] -- Found ament_cmake_ros: 0.10.0 (/opt/ros/humble/share/ament_cmake_ros/cmake)
[0.396s] -- Using all available rosidl_typesupport_c: rosidl_typesupport_fastrtps_c;rosidl_typesupport_introspection_c
[0.552s] -- Using all available rosidl_typesupport_cpp: rosidl_typesupport_fastrtps_cpp;rosidl_typesupport_introspection_cpp
[0.567s] -- Found python_cmake_module: 0.10.0 (/opt/ros/humble/share/python_cmake_module/cmake)
[0.581s] -- Using PYTHON_EXECUTABLE: /usr/bin/python3
[0.581s] -- Using PYTHON_INCLUDE_DIRS: /usr/include/python3.10
[0.582s] -- Using PYTHON_LIBRARIES: /usr/lib/x86_64-linux-gnu/libpython3.10.so
[0.589s] -- Found ament_lint_auto: 0.12.11 (/opt/ros/humble/share/ament_lint_auto/cmake)
[0.592s] -- Configuring done
[0.625s] -- Generating done
[0.629s] -- Build files have been written to: /home/simpletime/ws01_plumbing/build/base_interfaces_demo
[0.650s] [35m[1mConsolidate compiler generated dependencies of target base_interfaces_demo__rosidl_generator_c[0m
[0.662s] [  3%] Built target base_interfaces_demo__cpp
[0.663s] [ 12%] Built target base_interfaces_demo__rosidl_generator_c
[0.670s] [35m[1mConsolidate compiler generated dependencies of target base_interfaces_demo__rosidl_typesupport_cpp[0m
[0.674s] [35m[1mConsolidate compiler generated dependencies of target base_interfaces_demo__rosidl_typesupport_introspection_cpp[0m
[0.678s] [35m[1mConsolidate compiler generated dependencies of target base_interfaces_demo__rosidl_typesupport_fastrtps_cpp[0m
[0.678s] [ 12%] Built target ament_cmake_python_copy_base_interfaces_demo
[0.688s] [ 25%] Built target base_interfaces_demo__rosidl_typesupport_introspection_cpp
[0.688s] [ 32%] Built target base_interfaces_demo__rosidl_typesupport_cpp
[0.694s] [35m[1mConsolidate compiler generated dependencies of target base_interfaces_demo__rosidl_typesupport_fastrtps_c[0m
[0.694s] [ 41%] Built target base_interfaces_demo__rosidl_typesupport_fastrtps_cpp
[0.702s] [35m[1mConsolidate compiler generated dependencies of target base_interfaces_demo__rosidl_typesupport_introspection_c[0m
[0.702s] [35m[1mConsolidate compiler generated dependencies of target base_interfaces_demo__rosidl_typesupport_c[0m
[0.707s] [ 51%] Built target base_interfaces_demo__rosidl_typesupport_fastrtps_c
[0.712s] [ 70%] Built target base_interfaces_demo__rosidl_typesupport_introspection_c
[0.713s] [ 70%] Built target base_interfaces_demo__rosidl_typesupport_c
[0.735s] [ 70%] Built target base_interfaces_demo
[0.757s] [ 74%] Built target base_interfaces_demo__py
[0.767s] [35m[1mConsolidate compiler generated dependencies of target base_interfaces_demo__rosidl_generator_py[0m
[0.784s] [ 80%] Built target base_interfaces_demo__rosidl_generator_py
[0.792s] [35m[1mConsolidate compiler generated dependencies of target base_interfaces_demo__rosidl_typesupport_fastrtps_c__pyext[0m
[0.807s] [35m[1mConsolidate compiler generated dependencies of target base_interfaces_demo__rosidl_typesupport_introspection_c__pyext[0m
[0.807s] [ 87%] Built target base_interfaces_demo__rosidl_typesupport_fastrtps_c__pyext
[0.811s] [35m[1mConsolidate compiler generated dependencies of target base_interfaces_demo__rosidl_typesupport_c__pyext[0m
[0.826s] [ 96%] Built target base_interfaces_demo__rosidl_typesupport_introspection_c__pyext
[0.826s] [100%] Built target base_interfaces_demo__rosidl_typesupport_c__pyext
[0.859s] running egg_info
[0.859s] writing base_interfaces_demo.egg-info/PKG-INFO
[0.860s] writing dependency_links to base_interfaces_demo.egg-info/dependency_links.txt
[0.860s] writing top-level names to base_interfaces_demo.egg-info/top_level.txt
[0.860s] reading manifest file 'base_interfaces_demo.egg-info/SOURCES.txt'
[0.861s] writing manifest file 'base_interfaces_demo.egg-info/SOURCES.txt'
[0.881s] [100%] Built target ament_cmake_python_build_base_interfaces_demo_egg
[0.892s] Invoked command in '/home/simpletime/ws01_plumbing/build/base_interfaces_demo' returned '0': CMAKE_PREFIX_PATH=${CMAKE_PREFIX_PATH}:/opt/ros/humble /usr/bin/cmake --build /home/simpletime/ws01_plumbing/build/base_interfaces_demo -- -j4 -l4
[0.962s] Invoking command in '/home/simpletime/ws01_plumbing/build/base_interfaces_demo': CMAKE_PREFIX_PATH=${CMAKE_PREFIX_PATH}:/opt/ros/humble /usr/bin/cmake --install /home/simpletime/ws01_plumbing/build/base_interfaces_demo
[0.973s] -- Install configuration: ""
[0.973s] -- Up-to-date: /home/simpletime/ws01_plumbing/install/base_interfaces_demo/share/ament_index/resource_index/rosidl_interfaces/base_interfaces_demo
[0.973s] -- Up-to-date: /home/simpletime/ws01_plumbing/install/base_interfaces_demo/include/base_interfaces_demo/base_interfaces_demo
[0.973s] -- Up-to-date: /home/simpletime/ws01_plumbing/install/base_interfaces_demo/include/base_interfaces_demo/base_interfaces_demo/msg
[0.973s] -- Up-to-date: /home/simpletime/ws01_plumbing/install/base_interfaces_demo/include/base_interfaces_demo/base_interfaces_demo/msg/detail
[0.973s] -- Up-to-date: /home/simpletime/ws01_plumbing/install/base_interfaces_demo/include/base_interfaces_demo/base_interfaces_demo/msg/detail/student__functions.c
[0.973s] -- Up-to-date: /home/simpletime/ws01_plumbing/install/base_interfaces_demo/include/base_interfaces_demo/base_interfaces_demo/msg/detail/student__type_support.h
[0.974s] -- Up-to-date: /home/simpletime/ws01_plumbing/install/base_interfaces_demo/include/base_interfaces_demo/base_interfaces_demo/msg/detail/student__struct.h
[0.974s] -- Up-to-date: /home/simpletime/ws01_plumbing/install/base_interfaces_demo/include/base_interfaces_demo/base_interfaces_demo/msg/detail/student__functions.h
[0.974s] -- Up-to-date: /home/simpletime/ws01_plumbing/install/base_interfaces_demo/include/base_interfaces_demo/base_interfaces_demo/msg/student.h
[0.974s] -- Up-to-date: /home/simpletime/ws01_plumbing/install/base_interfaces_demo/include/base_interfaces_demo/base_interfaces_demo/msg/rosidl_generator_c__visibility_control.h
[0.974s] -- Up-to-date: /home/simpletime/ws01_plumbing/install/base_interfaces_demo/share/base_interfaces_demo/environment/library_path.sh
[0.974s] -- Installing: /home/simpletime/ws01_plumbing/install/base_interfaces_demo/share/base_interfaces_demo/environment/library_path.dsv
[0.974s] -- Up-to-date: /home/simpletime/ws01_plumbing/install/base_interfaces_demo/lib/libbase_interfaces_demo__rosidl_generator_c.so
[0.974s] -- Up-to-date: /home/simpletime/ws01_plumbing/install/base_interfaces_demo/include/base_interfaces_demo/base_interfaces_demo
[0.974s] -- Up-to-date: /home/simpletime/ws01_plumbing/install/base_interfaces_demo/include/base_interfaces_demo/base_interfaces_demo/msg
[0.974s] -- Up-to-date: /home/simpletime/ws01_plumbing/install/base_interfaces_demo/include/base_interfaces_demo/base_interfaces_demo/msg/detail
[0.974s] -- Up-to-date: /home/simpletime/ws01_plumbing/install/base_interfaces_demo/include/base_interfaces_demo/base_interfaces_demo/msg/detail/student__rosidl_typesupport_fastrtps_c.h
[0.974s] -- Up-to-date: /home/simpletime/ws01_plumbing/install/base_interfaces_demo/include/base_interfaces_demo/base_interfaces_demo/msg/rosidl_typesupport_fastrtps_c__visibility_control.h
[0.974s] -- Up-to-date: /home/simpletime/ws01_plumbing/install/base_interfaces_demo/lib/libbase_interfaces_demo__rosidl_typesupport_fastrtps_c.so
[0.974s] -- Up-to-date: /home/simpletime/ws01_plumbing/install/base_interfaces_demo/include/base_interfaces_demo/base_interfaces_demo
[0.974s] -- Up-to-date: /home/simpletime/ws01_plumbing/install/base_interfaces_demo/include/base_interfaces_demo/base_interfaces_demo/msg
[0.974s] -- Up-to-date: /home/simpletime/ws01_plumbing/install/base_interfaces_demo/include/base_interfaces_demo/base_interfaces_demo/msg/rosidl_typesupport_introspection_c__visibility_control.h
[0.974s] -- Up-to-date: /home/simpletime/ws01_plumbing/install/base_interfaces_demo/include/base_interfaces_demo/base_interfaces_demo/msg/detail
[0.974s] -- Up-to-date: /home/simpletime/ws01_plumbing/install/base_interfaces_demo/include/base_interfaces_demo/base_interfaces_demo/msg/detail/student__rosidl_typesupport_introspection_c.h
[0.974s] -- Up-to-date: /home/simpletime/ws01_plumbing/install/base_interfaces_demo/include/base_interfaces_demo/base_interfaces_demo/msg/detail/student__type_support.c
[0.974s] -- Up-to-date: /home/simpletime/ws01_plumbing/install/base_interfaces_demo/lib/libbase_interfaces_demo__rosidl_typesupport_introspection_c.so
[0.974s] -- Up-to-date: /home/simpletime/ws01_plumbing/install/base_interfaces_demo/lib/libbase_interfaces_demo__rosidl_typesupport_c.so
[0.974s] -- Up-to-date: /home/simpletime/ws01_plumbing/install/base_interfaces_demo/include/base_interfaces_demo/base_interfaces_demo
[0.974s] -- Up-to-date: /home/simpletime/ws01_plumbing/install/base_interfaces_demo/include/base_interfaces_demo/base_interfaces_demo/msg
[0.974s] -- Up-to-date: /home/simpletime/ws01_plumbing/install/base_interfaces_demo/include/base_interfaces_demo/base_interfaces_demo/msg/detail
[0.974s] -- Up-to-date: /home/simpletime/ws01_plumbing/install/base_interfaces_demo/include/base_interfaces_demo/base_interfaces_demo/msg/detail/student__traits.hpp
[0.974s] -- Up-to-date: /home/simpletime/ws01_plumbing/install/base_interfaces_demo/include/base_interfaces_demo/base_interfaces_demo/msg/detail/student__struct.hpp
[0.974s] -- Up-to-date: /home/simpletime/ws01_plumbing/install/base_interfaces_demo/include/base_interfaces_demo/base_interfaces_demo/msg/detail/student__builder.hpp
[0.974s] -- Up-to-date: /home/simpletime/ws01_plumbing/install/base_interfaces_demo/include/base_interfaces_demo/base_interfaces_demo/msg/student.hpp
[0.974s] -- Up-to-date: /home/simpletime/ws01_plumbing/install/base_interfaces_demo/include/base_interfaces_demo/base_interfaces_demo
[0.975s] -- Up-to-date: /home/simpletime/ws01_plumbing/install/base_interfaces_demo/include/base_interfaces_demo/base_interfaces_demo/msg
[0.975s] -- Up-to-date: /home/simpletime/ws01_plumbing/install/base_interfaces_demo/include/base_interfaces_demo/base_interfaces_demo/msg/detail
[0.975s] -- Up-to-date: /home/simpletime/ws01_plumbing/install/base_interfaces_demo/include/base_interfaces_demo/base_interfaces_demo/msg/detail/dds_fastrtps
[0.975s] -- Up-to-date: /home/simpletime/ws01_plumbing/install/base_interfaces_demo/include/base_interfaces_demo/base_interfaces_demo/msg/detail/student__rosidl_typesupport_fastrtps_cpp.hpp
[0.975s] -- Up-to-date: /home/simpletime/ws01_plumbing/install/base_interfaces_demo/include/base_interfaces_demo/base_interfaces_demo/msg/rosidl_typesupport_fastrtps_cpp__visibility_control.h
[0.975s] -- Up-to-date: /home/simpletime/ws01_plumbing/install/base_interfaces_demo/lib/libbase_interfaces_demo__rosidl_typesupport_fastrtps_cpp.so
[0.975s] -- Up-to-date: /home/simpletime/ws01_plumbing/install/base_interfaces_demo/include/base_interfaces_demo/base_interfaces_demo
[0.975s] -- Up-to-date: /home/simpletime/ws01_plumbing/install/base_interfaces_demo/include/base_interfaces_demo/base_interfaces_demo/msg
[0.975s] -- Up-to-date: /home/simpletime/ws01_plumbing/install/base_interfaces_demo/include/base_interfaces_demo/base_interfaces_demo/msg/detail
[0.975s] -- Up-to-date: /home/simpletime/ws01_plumbing/install/base_interfaces_demo/include/base_interfaces_demo/base_interfaces_demo/msg/detail/student__type_support.cpp
[0.975s] -- Up-to-date: /home/simpletime/ws01_plumbing/install/base_interfaces_demo/include/base_interfaces_demo/base_interfaces_demo/msg/detail/student__rosidl_typesupport_introspection_cpp.hpp
[0.975s] -- Up-to-date: /home/simpletime/ws01_plumbing/install/base_interfaces_demo/lib/libbase_interfaces_demo__rosidl_typesupport_introspection_cpp.so
[0.975s] -- Up-to-date: /home/simpletime/ws01_plumbing/install/base_interfaces_demo/lib/libbase_interfaces_demo__rosidl_typesupport_cpp.so
[0.975s] -- Up-to-date: /home/simpletime/ws01_plumbing/install/base_interfaces_demo/share/base_interfaces_demo/environment/pythonpath.sh
[0.975s] -- Installing: /home/simpletime/ws01_plumbing/install/base_interfaces_demo/share/base_interfaces_demo/environment/pythonpath.dsv
[0.975s] -- Up-to-date: /home/simpletime/ws01_plumbing/install/base_interfaces_demo/local/lib/python3.10/dist-packages/base_interfaces_demo-0.0.0-py3.10.egg-info
[0.975s] -- Installing: /home/simpletime/ws01_plumbing/install/base_interfaces_demo/local/lib/python3.10/dist-packages/base_interfaces_demo-0.0.0-py3.10.egg-info/PKG-INFO
[0.975s] -- Installing: /home/simpletime/ws01_plumbing/install/base_interfaces_demo/local/lib/python3.10/dist-packages/base_interfaces_demo-0.0.0-py3.10.egg-info/SOURCES.txt
[0.975s] -- Installing: /home/simpletime/ws01_plumbing/install/base_interfaces_demo/local/lib/python3.10/dist-packages/base_interfaces_demo-0.0.0-py3.10.egg-info/dependency_links.txt
[0.975s] -- Installing: /home/simpletime/ws01_plumbing/install/base_interfaces_demo/local/lib/python3.10/dist-packages/base_interfaces_demo-0.0.0-py3.10.egg-info/top_level.txt
[0.975s] -- Up-to-date: /home/simpletime/ws01_plumbing/install/base_interfaces_demo/local/lib/python3.10/dist-packages/base_interfaces_demo
[0.975s] -- Up-to-date: /home/simpletime/ws01_plumbing/install/base_interfaces_demo/local/lib/python3.10/dist-packages/base_interfaces_demo/msg
[0.975s] -- Up-to-date: /home/simpletime/ws01_plumbing/install/base_interfaces_demo/local/lib/python3.10/dist-packages/base_interfaces_demo/msg/__init__.py
[0.975s] -- Up-to-date: /home/simpletime/ws01_plumbing/install/base_interfaces_demo/local/lib/python3.10/dist-packages/base_interfaces_demo/msg/_student.py
[0.975s] -- Up-to-date: /home/simpletime/ws01_plumbing/install/base_interfaces_demo/local/lib/python3.10/dist-packages/base_interfaces_demo/msg/_student_s.c
[0.975s] -- Up-to-date: /home/simpletime/ws01_plumbing/install/base_interfaces_demo/local/lib/python3.10/dist-packages/base_interfaces_demo/libbase_interfaces_demo__rosidl_generator_py.so
[0.975s] -- Up-to-date: /home/simpletime/ws01_plumbing/install/base_interfaces_demo/local/lib/python3.10/dist-packages/base_interfaces_demo/_base_interfaces_demo_s.ep.rosidl_typesupport_c.c
[0.975s] -- Up-to-date: /home/simpletime/ws01_plumbing/install/base_interfaces_demo/local/lib/python3.10/dist-packages/base_interfaces_demo/_base_interfaces_demo_s.ep.rosidl_typesupport_fastrtps_c.c
[0.975s] -- Installing: /home/simpletime/ws01_plumbing/install/base_interfaces_demo/local/lib/python3.10/dist-packages/base_interfaces_demo/__init__.py
[0.975s] -- Up-to-date: /home/simpletime/ws01_plumbing/install/base_interfaces_demo/local/lib/python3.10/dist-packages/base_interfaces_demo/base_interfaces_demo_s__rosidl_typesupport_fastrtps_c.cpython-310-x86_64-linux-gnu.so
[0.975s] -- Up-to-date: /home/simpletime/ws01_plumbing/install/base_interfaces_demo/local/lib/python3.10/dist-packages/base_interfaces_demo/_base_interfaces_demo_s.ep.rosidl_typesupport_introspection_c.c
[0.975s] -- Up-to-date: /home/simpletime/ws01_plumbing/install/base_interfaces_demo/local/lib/python3.10/dist-packages/base_interfaces_demo/base_interfaces_demo_s__rosidl_typesupport_c.cpython-310-x86_64-linux-gnu.so
[0.976s] -- Up-to-date: /home/simpletime/ws01_plumbing/install/base_interfaces_demo/local/lib/python3.10/dist-packages/base_interfaces_demo/base_interfaces_demo_s__rosidl_typesupport_introspection_c.cpython-310-x86_64-linux-gnu.so
[0.997s] Listing '/home/simpletime/ws01_plumbing/install/base_interfaces_demo/local/lib/python3.10/dist-packages/base_interfaces_demo'...
[0.997s] Compiling '/home/simpletime/ws01_plumbing/install/base_interfaces_demo/local/lib/python3.10/dist-packages/base_interfaces_demo/__init__.py'...
[0.997s] Listing '/home/simpletime/ws01_plumbing/install/base_interfaces_demo/local/lib/python3.10/dist-packages/base_interfaces_demo/msg'...
[1.000s] -- Up-to-date: /home/simpletime/ws01_plumbing/install/base_interfaces_demo/local/lib/python3.10/dist-packages/base_interfaces_demo/base_interfaces_demo_s__rosidl_typesupport_fastrtps_c.cpython-310-x86_64-linux-gnu.so
[1.000s] -- Up-to-date: /home/simpletime/ws01_plumbing/install/base_interfaces_demo/local/lib/python3.10/dist-packages/base_interfaces_demo/base_interfaces_demo_s__rosidl_typesupport_introspection_c.cpython-310-x86_64-linux-gnu.so
[1.001s] -- Up-to-date: /home/simpletime/ws01_plumbing/install/base_interfaces_demo/local/lib/python3.10/dist-packages/base_interfaces_demo/base_interfaces_demo_s__rosidl_typesupport_c.cpython-310-x86_64-linux-gnu.so
[1.001s] -- Up-to-date: /home/simpletime/ws01_plumbing/install/base_interfaces_demo/lib/libbase_interfaces_demo__rosidl_generator_py.so
[1.001s] -- Up-to-date: /home/simpletime/ws01_plumbing/install/base_interfaces_demo/share/base_interfaces_demo/msg/Student.idl
[1.001s] -- Up-to-date: /home/simpletime/ws01_plumbing/install/base_interfaces_demo/share/base_interfaces_demo/msg/Student.msg
[1.001s] -- Up-to-date: /home/simpletime/ws01_plumbing/install/base_interfaces_demo/share/ament_index/resource_index/package_run_dependencies/base_interfaces_demo
[1.001s] -- Up-to-date: /home/simpletime/ws01_plumbing/install/base_interfaces_demo/share/ament_index/resource_index/parent_prefix_path/base_interfaces_demo
[1.002s] -- Up-to-date: /home/simpletime/ws01_plumbing/install/base_interfaces_demo/share/base_interfaces_demo/environment/ament_prefix_path.sh
[1.002s] -- Installing: /home/simpletime/ws01_plumbing/install/base_interfaces_demo/share/base_interfaces_demo/environment/ament_prefix_path.dsv
[1.002s] -- Up-to-date: /home/simpletime/ws01_plumbing/install/base_interfaces_demo/share/base_interfaces_demo/environment/path.sh
[1.002s] -- Installing: /home/simpletime/ws01_plumbing/install/base_interfaces_demo/share/base_interfaces_demo/environment/path.dsv
[1.002s] -- Up-to-date: /home/simpletime/ws01_plumbing/install/base_interfaces_demo/share/base_interfaces_demo/local_setup.bash
[1.002s] -- Up-to-date: /home/simpletime/ws01_plumbing/install/base_interfaces_demo/share/base_interfaces_demo/local_setup.sh
[1.003s] -- Up-to-date: /home/simpletime/ws01_plumbing/install/base_interfaces_demo/share/base_interfaces_demo/local_setup.zsh
[1.003s] -- Installing: /home/simpletime/ws01_plumbing/install/base_interfaces_demo/share/base_interfaces_demo/local_setup.dsv
[1.003s] -- Installing: /home/simpletime/ws01_plumbing/install/base_interfaces_demo/share/base_interfaces_demo/package.dsv
[1.003s] -- Up-to-date: /home/simpletime/ws01_plumbing/install/base_interfaces_demo/share/ament_index/resource_index/packages/base_interfaces_demo
[1.003s] -- Up-to-date: /home/simpletime/ws01_plumbing/install/base_interfaces_demo/share/base_interfaces_demo/cmake/export_base_interfaces_demo__rosidl_generator_cExport.cmake
[1.003s] -- Up-to-date: /home/simpletime/ws01_plumbing/install/base_interfaces_demo/share/base_interfaces_demo/cmake/export_base_interfaces_demo__rosidl_generator_cExport-noconfig.cmake
[1.003s] -- Up-to-date: /home/simpletime/ws01_plumbing/install/base_interfaces_demo/share/base_interfaces_demo/cmake/export_base_interfaces_demo__rosidl_typesupport_fastrtps_cExport.cmake
[1.003s] -- Up-to-date: /home/simpletime/ws01_plumbing/install/base_interfaces_demo/share/base_interfaces_demo/cmake/export_base_interfaces_demo__rosidl_typesupport_fastrtps_cExport-noconfig.cmake
[1.003s] -- Up-to-date: /home/simpletime/ws01_plumbing/install/base_interfaces_demo/share/base_interfaces_demo/cmake/base_interfaces_demo__rosidl_typesupport_introspection_cExport.cmake
[1.003s] -- Up-to-date: /home/simpletime/ws01_plumbing/install/base_interfaces_demo/share/base_interfaces_demo/cmake/base_interfaces_demo__rosidl_typesupport_introspection_cExport-noconfig.cmake
[1.003s] -- Up-to-date: /home/simpletime/ws01_plumbing/install/base_interfaces_demo/share/base_interfaces_demo/cmake/base_interfaces_demo__rosidl_typesupport_cExport.cmake
[1.003s] -- Up-to-date: /home/simpletime/ws01_plumbing/install/base_interfaces_demo/share/base_interfaces_demo/cmake/base_interfaces_demo__rosidl_typesupport_cExport-noconfig.cmake
[1.003s] -- Up-to-date: /home/simpletime/ws01_plumbing/install/base_interfaces_demo/share/base_interfaces_demo/cmake/export_base_interfaces_demo__rosidl_generator_cppExport.cmake
[1.003s] -- Up-to-date: /home/simpletime/ws01_plumbing/install/base_interfaces_demo/share/base_interfaces_demo/cmake/export_base_interfaces_demo__rosidl_typesupport_fastrtps_cppExport.cmake
[1.003s] -- Up-to-date: /home/simpletime/ws01_plumbing/install/base_interfaces_demo/share/base_interfaces_demo/cmake/export_base_interfaces_demo__rosidl_typesupport_fastrtps_cppExport-noconfig.cmake
[1.004s] -- Up-to-date: /home/simpletime/ws01_plumbing/install/base_interfaces_demo/share/base_interfaces_demo/cmake/base_interfaces_demo__rosidl_typesupport_introspection_cppExport.cmake
[1.004s] -- Up-to-date: /home/simpletime/ws01_plumbing/install/base_interfaces_demo/share/base_interfaces_demo/cmake/base_interfaces_demo__rosidl_typesupport_introspection_cppExport-noconfig.cmake
[1.004s] -- Up-to-date: /home/simpletime/ws01_plumbing/install/base_interfaces_demo/share/base_interfaces_demo/cmake/base_interfaces_demo__rosidl_typesupport_cppExport.cmake
[1.004s] -- Up-to-date: /home/simpletime/ws01_plumbing/install/base_interfaces_demo/share/base_interfaces_demo/cmake/base_interfaces_demo__rosidl_typesupport_cppExport-noconfig.cmake
[1.004s] -- Up-to-date: /home/simpletime/ws01_plumbing/install/base_interfaces_demo/share/base_interfaces_demo/cmake/export_base_interfaces_demo__rosidl_generator_pyExport.cmake
[1.004s] -- Up-to-date: /home/simpletime/ws01_plumbing/install/base_interfaces_demo/share/base_interfaces_demo/cmake/export_base_interfaces_demo__rosidl_generator_pyExport-noconfig.cmake
[1.004s] -- Up-to-date: /home/simpletime/ws01_plumbing/install/base_interfaces_demo/share/base_interfaces_demo/cmake/rosidl_cmake-extras.cmake
[1.004s] -- Up-to-date: /home/simpletime/ws01_plumbing/install/base_interfaces_demo/share/base_interfaces_demo/cmake/ament_cmake_export_include_directories-extras.cmake
[1.005s] -- Up-to-date: /home/simpletime/ws01_plumbing/install/base_interfaces_demo/share/base_interfaces_demo/cmake/ament_cmake_export_libraries-extras.cmake
[1.005s] -- Up-to-date: /home/simpletime/ws01_plumbing/install/base_interfaces_demo/share/base_interfaces_demo/cmake/ament_cmake_export_targets-extras.cmake
[1.005s] -- Up-to-date: /home/simpletime/ws01_plumbing/install/base_interfaces_demo/share/base_interfaces_demo/cmake/rosidl_cmake_export_typesupport_targets-extras.cmake
[1.005s] -- Up-to-date: /home/simpletime/ws01_plumbing/install/base_interfaces_demo/share/base_interfaces_demo/cmake/ament_cmake_export_dependencies-extras.cmake
[1.005s] -- Up-to-date: /home/simpletime/ws01_plumbing/install/base_interfaces_demo/share/base_interfaces_demo/cmake/rosidl_cmake_export_typesupport_libraries-extras.cmake
[1.005s] -- Up-to-date: /home/simpletime/ws01_plumbing/install/base_interfaces_demo/share/base_interfaces_demo/cmake/base_interfaces_demoConfig.cmake
[1.005s] -- Up-to-date: /home/simpletime/ws01_plumbing/install/base_interfaces_demo/share/base_interfaces_demo/cmake/base_interfaces_demoConfig-version.cmake
[1.005s] -- Up-to-date: /home/simpletime/ws01_plumbing/install/base_interfaces_demo/share/base_interfaces_demo/package.xml
[1.007s] Invoked command in '/home/simpletime/ws01_plumbing/build/base_interfaces_demo' returned '0': CMAKE_PREFIX_PATH=${CMAKE_PREFIX_PATH}:/opt/ros/humble /usr/bin/cmake --install /home/simpletime/ws01_plumbing/build/base_interfaces_demo
