[0.007s] Invoking command in '/home/simpletime/project01_book/build/company': CMAKE_PREFIX_PATH=/home/simpletime/project01_book/install/base_interfaces:/home/simpletime/project01_book/install/company:/home/simpletime/project01_book/src/install/company:/home/simpletime/project01_book/src/install/base_interfaces:/home/simpletime/project01_book/install/company_a:/opt/ros/humble /usr/bin/cmake --build /home/simpletime/project01_book/build/company -- -j4 -l4
[0.054s] [ 50%] [32mBuilding CXX object CMakeFiles/company_a.dir/src/company_a.cpp.o[0m
[0.054s] [ 50%] Built target company_c
[0.055s] [ 83%] Built target company_b
[5.605s] [100%] [32m[1mLinking CXX executable company_a[0m
[5.888s] [100%] Built target company_a
[5.901s] Invoked command in '/home/simpletime/project01_book/build/company' returned '0': CMAKE_PREFIX_PATH=/home/simpletime/project01_book/install/base_interfaces:/home/simpletime/project01_book/install/company:/home/simpletime/project01_book/src/install/company:/home/simpletime/project01_book/src/install/base_interfaces:/home/simpletime/project01_book/install/company_a:/opt/ros/humble /usr/bin/cmake --build /home/simpletime/project01_book/build/company -- -j4 -l4
[5.932s] Invoking command in '/home/simpletime/project01_book/build/company': CMAKE_PREFIX_PATH=/home/simpletime/project01_book/install/base_interfaces:/home/simpletime/project01_book/install/company:/home/simpletime/project01_book/src/install/company:/home/simpletime/project01_book/src/install/base_interfaces:/home/simpletime/project01_book/install/company_a:/opt/ros/humble /usr/bin/cmake --install /home/simpletime/project01_book/build/company
[5.939s] -- Install configuration: ""
[5.940s] -- Installing: /home/simpletime/project01_book/install/company/lib/company/company_a
[5.944s] -- Set runtime path of "/home/simpletime/project01_book/install/company/lib/company/company_a" to ""
[5.945s] -- Installing: /home/simpletime/project01_book/install/company/lib/company/company_b
[5.952s] -- Set runtime path of "/home/simpletime/project01_book/install/company/lib/company/company_b" to ""
[5.953s] -- Up-to-date: /home/simpletime/project01_book/install/company/lib/company/company_c
[5.954s] -- Up-to-date: /home/simpletime/project01_book/install/company/share/ament_index/resource_index/package_run_dependencies/company
[5.955s] -- Up-to-date: /home/simpletime/project01_book/install/company/share/ament_index/resource_index/parent_prefix_path/company
[5.956s] -- Up-to-date: /home/simpletime/project01_book/install/company/share/company/environment/ament_prefix_path.sh
[5.957s] -- Up-to-date: /home/simpletime/project01_book/install/company/share/company/environment/ament_prefix_path.dsv
[5.957s] -- Up-to-date: /home/simpletime/project01_book/install/company/share/company/environment/path.sh
[5.957s] -- Up-to-date: /home/simpletime/project01_book/install/company/share/company/environment/path.dsv
[5.957s] -- Up-to-date: /home/simpletime/project01_book/install/company/share/company/local_setup.bash
[5.957s] -- Up-to-date: /home/simpletime/project01_book/install/company/share/company/local_setup.sh
[5.957s] -- Up-to-date: /home/simpletime/project01_book/install/company/share/company/local_setup.zsh
[5.957s] -- Up-to-date: /home/simpletime/project01_book/install/company/share/company/local_setup.dsv
[5.958s] -- Installing: /home/simpletime/project01_book/install/company/share/company/package.dsv
[5.958s] -- Up-to-date: /home/simpletime/project01_book/install/company/share/ament_index/resource_index/packages/company
[5.958s] -- Up-to-date: /home/simpletime/project01_book/install/company/share/company/cmake/companyConfig.cmake
[5.958s] -- Up-to-date: /home/simpletime/project01_book/install/company/share/company/cmake/companyConfig-version.cmake
[5.959s] -- Up-to-date: /home/simpletime/project01_book/install/company/share/company/package.xml
[5.960s] Invoked command in '/home/simpletime/project01_book/build/company' returned '0': CMAKE_PREFIX_PATH=/home/simpletime/project01_book/install/base_interfaces:/home/simpletime/project01_book/install/company:/home/simpletime/project01_book/src/install/company:/home/simpletime/project01_book/src/install/base_interfaces:/home/simpletime/project01_book/install/company_a:/opt/ros/humble /usr/bin/cmake --install /home/simpletime/project01_book/build/company
