[0.020s] Invoking command in '/home/simpletime/Project/learn02_pcl_spin/build/cpp03_pcl_move': CMAKE_PREFIX_PATH=${CMAKE_PREFIX_PATH}:/opt/ros/humble /usr/bin/cmake --build /home/simpletime/Project/learn02_pcl_spin/build/cpp03_pcl_move -- -j32 -l32
[0.053s] [35m[1mConsolidate compiler generated dependencies of target demo01_tf_spin[0m
[0.053s] [35m[1mConsolidate compiler generated dependencies of target demo02_pcl_pub[0m
[0.079s] [ 50%] Built target demo01_tf_spin
[0.079s] [ 75%] [32mBuilding CXX object CMakeFiles/demo02_pcl_pub.dir/src/demo02_pcl_pub.cpp.o[0m
[13.033s] [100%] [32m[1mLinking CXX executable demo02_pcl_pub[0m
[13.836s] [100%] Built target demo02_pcl_pub
[13.846s] Invoked command in '/home/simpletime/Project/learn02_pcl_spin/build/cpp03_pcl_move' returned '0': CMAKE_PREFIX_PATH=${CMAKE_PREFIX_PATH}:/opt/ros/humble /usr/bin/cmake --build /home/simpletime/Project/learn02_pcl_spin/build/cpp03_pcl_move -- -j32 -l32
[13.870s] Invoking command in '/home/simpletime/Project/learn02_pcl_spin/build/cpp03_pcl_move': CMAKE_PREFIX_PATH=${CMAKE_PREFIX_PATH}:/opt/ros/humble /usr/bin/cmake --install /home/simpletime/Project/learn02_pcl_spin/build/cpp03_pcl_move
[13.876s] -- Install configuration: ""
[13.877s] -- Installing: /home/simpletime/Project/learn02_pcl_spin/install/cpp03_pcl_move/lib/cpp03_pcl_move/demo01_tf_spin
[13.879s] -- Set runtime path of "/home/simpletime/Project/learn02_pcl_spin/install/cpp03_pcl_move/lib/cpp03_pcl_move/demo01_tf_spin" to ""
[13.879s] -- Installing: /home/simpletime/Project/learn02_pcl_spin/install/cpp03_pcl_move/lib/cpp03_pcl_move/demo02_pcl_pub
[13.886s] -- Set runtime path of "/home/simpletime/Project/learn02_pcl_spin/install/cpp03_pcl_move/lib/cpp03_pcl_move/demo02_pcl_pub" to ""
[13.886s] -- Up-to-date: /home/simpletime/Project/learn02_pcl_spin/install/cpp03_pcl_move/share/cpp03_pcl_move/launch
[13.886s] -- Up-to-date: /home/simpletime/Project/learn02_pcl_spin/install/cpp03_pcl_move/share/cpp03_pcl_move/launch/ xml01_launch.xml
[13.887s] -- Up-to-date: /home/simpletime/Project/learn02_pcl_spin/install/cpp03_pcl_move/share/ament_index/resource_index/package_run_dependencies/cpp03_pcl_move
[13.887s] -- Up-to-date: /home/simpletime/Project/learn02_pcl_spin/install/cpp03_pcl_move/share/ament_index/resource_index/parent_prefix_path/cpp03_pcl_move
[13.887s] -- Up-to-date: /home/simpletime/Project/learn02_pcl_spin/install/cpp03_pcl_move/share/cpp03_pcl_move/environment/ament_prefix_path.sh
[13.887s] -- Up-to-date: /home/simpletime/Project/learn02_pcl_spin/install/cpp03_pcl_move/share/cpp03_pcl_move/environment/ament_prefix_path.dsv
[13.887s] -- Up-to-date: /home/simpletime/Project/learn02_pcl_spin/install/cpp03_pcl_move/share/cpp03_pcl_move/environment/path.sh
[13.887s] -- Up-to-date: /home/simpletime/Project/learn02_pcl_spin/install/cpp03_pcl_move/share/cpp03_pcl_move/environment/path.dsv
[13.887s] -- Up-to-date: /home/simpletime/Project/learn02_pcl_spin/install/cpp03_pcl_move/share/cpp03_pcl_move/local_setup.bash
[13.887s] -- Up-to-date: /home/simpletime/Project/learn02_pcl_spin/install/cpp03_pcl_move/share/cpp03_pcl_move/local_setup.sh
[13.887s] -- Up-to-date: /home/simpletime/Project/learn02_pcl_spin/install/cpp03_pcl_move/share/cpp03_pcl_move/local_setup.zsh
[13.887s] -- Up-to-date: /home/simpletime/Project/learn02_pcl_spin/install/cpp03_pcl_move/share/cpp03_pcl_move/local_setup.dsv
[13.887s] -- Installing: /home/simpletime/Project/learn02_pcl_spin/install/cpp03_pcl_move/share/cpp03_pcl_move/package.dsv
[13.887s] -- Up-to-date: /home/simpletime/Project/learn02_pcl_spin/install/cpp03_pcl_move/share/ament_index/resource_index/packages/cpp03_pcl_move
[13.888s] -- Up-to-date: /home/simpletime/Project/learn02_pcl_spin/install/cpp03_pcl_move/share/cpp03_pcl_move/cmake/cpp03_pcl_moveConfig.cmake
[13.888s] -- Up-to-date: /home/simpletime/Project/learn02_pcl_spin/install/cpp03_pcl_move/share/cpp03_pcl_move/cmake/cpp03_pcl_moveConfig-version.cmake
[13.888s] -- Up-to-date: /home/simpletime/Project/learn02_pcl_spin/install/cpp03_pcl_move/share/cpp03_pcl_move/package.xml
[13.890s] Invoked command in '/home/simpletime/Project/learn02_pcl_spin/build/cpp03_pcl_move' returned '0': CMAKE_PREFIX_PATH=${CMAKE_PREFIX_PATH}:/opt/ros/humble /usr/bin/cmake --install /home/simpletime/Project/learn02_pcl_spin/build/cpp03_pcl_move
