[0.009s] Invoking command in '/home/simpletime/project02_gameservice/build/game_service': CMAKE_PREFIX_PATH=/home/simpletime/project02_gameservice/install/base_interfaces:/home/simpletime/project02_gameservice/install/game_service:/opt/ros/humble LD_LIBRARY_PATH=/home/simpletime/project02_gameservice/install/base_interfaces/lib:${LD_LIBRARY_PATH} PYTHONPATH=/home/simpletime/project02_gameservice/install/base_interfaces/local/lib/python3.10/dist-packages:${PYTHONPATH} /usr/bin/cmake --build /home/simpletime/project02_gameservice/build/game_service -- -j4 -l4
[0.036s] -- Found ament_cmake: 1.3.10 (/opt/ros/humble/share/ament_cmake/cmake)
[0.141s] -- Found rclcpp: 16.0.10 (/opt/ros/humble/share/rclcpp/cmake)
[0.171s] -- Found rosidl_generator_c: 3.1.5 (/opt/ros/humble/share/rosidl_generator_c/cmake)
[0.173s] -- Found rosidl_adapter: 3.1.5 (/opt/ros/humble/share/rosidl_adapter/cmake)
[0.177s] -- Found rosidl_generator_cpp: 3.1.5 (/opt/ros/humble/share/rosidl_generator_cpp/cmake)
[0.185s] -- Using all available rosidl_typesupport_c: rosidl_typesupport_fastrtps_c;rosidl_typesupport_introspection_c
[0.194s] -- Using all available rosidl_typesupport_cpp: rosidl_typesupport_fastrtps_cpp;rosidl_typesupport_introspection_cpp
[0.227s] -- Found rmw_implementation_cmake: 6.1.2 (/opt/ros/humble/share/rmw_implementation_cmake/cmake)
[0.228s] -- Found rmw_fastrtps_cpp: 6.2.7 (/opt/ros/humble/share/rmw_fastrtps_cpp/cmake)
[0.318s] -- Using RMW implementation 'rmw_fastrtps_cpp' as default
[0.369s] -- Found base_interfaces: 0.0.0 (/home/simpletime/project02_gameservice/install/base_interfaces/share/base_interfaces/cmake)
[0.375s] -- Found ament_lint_auto: 0.12.11 (/opt/ros/humble/share/ament_lint_auto/cmake)
[0.431s] -- Added test 'cppcheck' to perform static code analysis on C / C++ code
[0.431s] -- Configured cppcheck include dirs: $<BUILD_INTERFACE:/home/simpletime/project02_gameservice/src/game_service/include>
[0.431s] -- Configured cppcheck exclude dirs and/or files: 
[0.432s] -- Added test 'lint_cmake' to check CMake code style
[0.433s] -- Added test 'uncrustify' to check C / C++ code style
[0.433s] -- Configured uncrustify additional arguments: 
[0.433s] -- Added test 'xmllint' to check XML markup files
[0.434s] -- Configuring done
[0.445s] -- Generating done
[0.446s] -- Build files have been written to: /home/simpletime/project02_gameservice/build/game_service
[0.470s] [35m[1mConsolidate compiler generated dependencies of target game_server[0m
[0.480s] [ 50%] [32mBuilding CXX object CMakeFiles/game_server.dir/src/game_server.cpp.o[0m
[0.513s] [100%] [32m[1mLinking CXX executable game_server[0m
[0.581s] [100%] Built target game_server
[0.592s] Invoked command in '/home/simpletime/project02_gameservice/build/game_service' returned '0': CMAKE_PREFIX_PATH=/home/simpletime/project02_gameservice/install/base_interfaces:/home/simpletime/project02_gameservice/install/game_service:/opt/ros/humble LD_LIBRARY_PATH=/home/simpletime/project02_gameservice/install/base_interfaces/lib:${LD_LIBRARY_PATH} PYTHONPATH=/home/simpletime/project02_gameservice/install/base_interfaces/local/lib/python3.10/dist-packages:${PYTHONPATH} /usr/bin/cmake --build /home/simpletime/project02_gameservice/build/game_service -- -j4 -l4
[0.616s] Invoking command in '/home/simpletime/project02_gameservice/build/game_service': CMAKE_PREFIX_PATH=/home/simpletime/project02_gameservice/install/base_interfaces:/home/simpletime/project02_gameservice/install/game_service:/opt/ros/humble LD_LIBRARY_PATH=/home/simpletime/project02_gameservice/install/base_interfaces/lib:${LD_LIBRARY_PATH} PYTHONPATH=/home/simpletime/project02_gameservice/install/base_interfaces/local/lib/python3.10/dist-packages:${PYTHONPATH} /usr/bin/cmake --install /home/simpletime/project02_gameservice/build/game_service
[0.623s] -- Install configuration: ""
[0.623s] -- Installing: /home/simpletime/project02_gameservice/install/game_service/lib/game_service/game_server
[0.623s] -- Set runtime path of "/home/simpletime/project02_gameservice/install/game_service/lib/game_service/game_server" to ""
[0.623s] -- Up-to-date: /home/simpletime/project02_gameservice/install/game_service/share/ament_index/resource_index/package_run_dependencies/game_service
[0.624s] -- Installing: /home/simpletime/project02_gameservice/install/game_service/share/ament_index/resource_index/parent_prefix_path/game_service
[0.624s] -- Up-to-date: /home/simpletime/project02_gameservice/install/game_service/share/game_service/environment/ament_prefix_path.sh
[0.624s] -- Installing: /home/simpletime/project02_gameservice/install/game_service/share/game_service/environment/ament_prefix_path.dsv
[0.624s] -- Up-to-date: /home/simpletime/project02_gameservice/install/game_service/share/game_service/environment/path.sh
[0.624s] -- Installing: /home/simpletime/project02_gameservice/install/game_service/share/game_service/environment/path.dsv
[0.625s] -- Up-to-date: /home/simpletime/project02_gameservice/install/game_service/share/game_service/local_setup.bash
[0.625s] -- Up-to-date: /home/simpletime/project02_gameservice/install/game_service/share/game_service/local_setup.sh
[0.625s] -- Up-to-date: /home/simpletime/project02_gameservice/install/game_service/share/game_service/local_setup.zsh
[0.625s] -- Installing: /home/simpletime/project02_gameservice/install/game_service/share/game_service/local_setup.dsv
[0.625s] -- Installing: /home/simpletime/project02_gameservice/install/game_service/share/game_service/package.dsv
[0.625s] -- Up-to-date: /home/simpletime/project02_gameservice/install/game_service/share/ament_index/resource_index/packages/game_service
[0.625s] -- Up-to-date: /home/simpletime/project02_gameservice/install/game_service/share/game_service/cmake/game_serviceConfig.cmake
[0.625s] -- Up-to-date: /home/simpletime/project02_gameservice/install/game_service/share/game_service/cmake/game_serviceConfig-version.cmake
[0.625s] -- Up-to-date: /home/simpletime/project02_gameservice/install/game_service/share/game_service/package.xml
[0.627s] Invoked command in '/home/simpletime/project02_gameservice/build/game_service' returned '0': CMAKE_PREFIX_PATH=/home/simpletime/project02_gameservice/install/base_interfaces:/home/simpletime/project02_gameservice/install/game_service:/opt/ros/humble LD_LIBRARY_PATH=/home/simpletime/project02_gameservice/install/base_interfaces/lib:${LD_LIBRARY_PATH} PYTHONPATH=/home/simpletime/project02_gameservice/install/base_interfaces/local/lib/python3.10/dist-packages:${PYTHONPATH} /usr/bin/cmake --install /home/simpletime/project02_gameservice/build/game_service
