[35m[1mConsolidate compiler generated dependencies of target node01_tf_pcl[0m
[ 50%] [32mBuilding CXX object CMakeFiles/node01_tf_pcl.dir/src/node01_tf_pcl.cpp.o[0m
[100%] [32m[1mLinking CXX executable node01_tf_pcl[0m
[100%] Built target node01_tf_pcl
-- Install configuration: ""
-- Installing: /home/simpletime/Project/learn01_tf_pcl/install/cpp01_tf_pcl/lib/cpp01_tf_pcl/node01_tf_pcl
-- Set runtime path of "/home/simpletime/Project/learn01_tf_pcl/install/cpp01_tf_pcl/lib/cpp01_tf_pcl/node01_tf_pcl" to ""
-- Up-to-date: /home/simpletime/Project/learn01_tf_pcl/install/cpp01_tf_pcl/share/ament_index/resource_index/package_run_dependencies/cpp01_tf_pcl
-- Up-to-date: /home/simpletime/Project/learn01_tf_pcl/install/cpp01_tf_pcl/share/ament_index/resource_index/parent_prefix_path/cpp01_tf_pcl
-- Up-to-date: /home/simpletime/Project/learn01_tf_pcl/install/cpp01_tf_pcl/share/cpp01_tf_pcl/environment/ament_prefix_path.sh
-- Up-to-date: /home/simpletime/Project/learn01_tf_pcl/install/cpp01_tf_pcl/share/cpp01_tf_pcl/environment/ament_prefix_path.dsv
-- Up-to-date: /home/simpletime/Project/learn01_tf_pcl/install/cpp01_tf_pcl/share/cpp01_tf_pcl/environment/path.sh
-- Up-to-date: /home/simpletime/Project/learn01_tf_pcl/install/cpp01_tf_pcl/share/cpp01_tf_pcl/environment/path.dsv
-- Up-to-date: /home/simpletime/Project/learn01_tf_pcl/install/cpp01_tf_pcl/share/cpp01_tf_pcl/local_setup.bash
-- Up-to-date: /home/simpletime/Project/learn01_tf_pcl/install/cpp01_tf_pcl/share/cpp01_tf_pcl/local_setup.sh
-- Up-to-date: /home/simpletime/Project/learn01_tf_pcl/install/cpp01_tf_pcl/share/cpp01_tf_pcl/local_setup.zsh
-- Up-to-date: /home/simpletime/Project/learn01_tf_pcl/install/cpp01_tf_pcl/share/cpp01_tf_pcl/local_setup.dsv
-- Installing: /home/simpletime/Project/learn01_tf_pcl/install/cpp01_tf_pcl/share/cpp01_tf_pcl/package.dsv
-- Up-to-date: /home/simpletime/Project/learn01_tf_pcl/install/cpp01_tf_pcl/share/ament_index/resource_index/packages/cpp01_tf_pcl
-- Up-to-date: /home/simpletime/Project/learn01_tf_pcl/install/cpp01_tf_pcl/share/cpp01_tf_pcl/cmake/cpp01_tf_pclConfig.cmake
-- Up-to-date: /home/simpletime/Project/learn01_tf_pcl/install/cpp01_tf_pcl/share/cpp01_tf_pcl/cmake/cpp01_tf_pclConfig-version.cmake
-- Up-to-date: /home/simpletime/Project/learn01_tf_pcl/install/cpp01_tf_pcl/share/cpp01_tf_pcl/package.xml
