[35m[1mConsolidate compiler generated dependencies of target demo02_dynamic_tf_broadcaster[0m
[35m[1mConsolidate compiler generated dependencies of target demo00_run[0m
[ 16%] [32mBuilding CXX object CMakeFiles/demo02_dynamic_tf_broadcaster.dir/src/demo02_dynamic_tf_broadcaster.cpp.o[0m
[ 50%] Built target demo01_static_tf_broadcaster
[ 83%] Built target demo00_run
In file included from [01m[K/usr/include/x86_64-linux-gnu/c++/11/bits/c++allocator.h:33[m[K,
                 from [01m[K/usr/include/c++/11/bits/allocator.h:46[m[K,
                 from [01m[K/usr/include/c++/11/memory:64[m[K,
                 from [01m[K/opt/ros/humble/include/rclcpp/rclcpp/rclcpp.hpp:153[m[K,
                 from [01m[K/home/simpletime/Project/ws02_tools/src/cpp01_tf_broadcaster/src/demo02_dynamic_tf_broadcaster.cpp:1[m[K:
/usr/include/c++/11/ext/new_allocator.h: In instantiation of ‘[01m[Kvoid __gnu_cxx::new_allocator<_Tp>::construct(_Up*, _Args&& ...) [with _Up = TFDynBroadcaster; _Args = {char**&}; _Tp = TFDynBroadcaster][m[K’:
[01m[K/usr/include/c++/11/bits/alloc_traits.h:516:17:[m[K   required from ‘[01m[Kstatic void std::allocator_traits<std::allocator<_Tp1> >::construct(std::allocator_traits<std::allocator<_Tp1> >::allocator_type&, _Up*, _Args&& ...) [with _Up = TFDynBroadcaster; _Args = {char**&}; _Tp = TFDynBroadcaster; std::allocator_traits<std::allocator<_Tp1> >::allocator_type = std::allocator<TFDynBroadcaster>][m[K’
[01m[K/usr/include/c++/11/bits/shared_ptr_base.h:519:39:[m[K   required from ‘[01m[Kstd::_Sp_counted_ptr_inplace<_Tp, _Alloc, _Lp>::_Sp_counted_ptr_inplace(_Alloc, _Args&& ...) [with _Args = {char**&}; _Tp = TFDynBroadcaster; _Alloc = std::allocator<TFDynBroadcaster>; __gnu_cxx::_Lock_policy _Lp = __gnu_cxx::_S_atomic][m[K’
[01m[K/usr/include/c++/11/bits/shared_ptr_base.h:650:16:[m[K   required from ‘[01m[Kstd::__shared_count<_Lp>::__shared_count(_Tp*&, std::_Sp_alloc_shared_tag<_Alloc>, _Args&& ...) [with _Tp = TFDynBroadcaster; _Alloc = std::allocator<TFDynBroadcaster>; _Args = {char**&}; __gnu_cxx::_Lock_policy _Lp = __gnu_cxx::_S_atomic][m[K’
[01m[K/usr/include/c++/11/bits/shared_ptr_base.h:1342:14:[m[K   required from ‘[01m[Kstd::__shared_ptr<_Tp, _Lp>::__shared_ptr(std::_Sp_alloc_shared_tag<_Tp>, _Args&& ...) [with _Alloc = std::allocator<TFDynBroadcaster>; _Args = {char**&}; _Tp = TFDynBroadcaster; __gnu_cxx::_Lock_policy _Lp = __gnu_cxx::_S_atomic][m[K’
[01m[K/usr/include/c++/11/bits/shared_ptr.h:409:59:[m[K   required from ‘[01m[Kstd::shared_ptr<_Tp>::shared_ptr(std::_Sp_alloc_shared_tag<_Tp>, _Args&& ...) [with _Alloc = std::allocator<TFDynBroadcaster>; _Args = {char**&}; _Tp = TFDynBroadcaster][m[K’
[01m[K/usr/include/c++/11/bits/shared_ptr.h:862:14:[m[K   required from ‘[01m[Kstd::shared_ptr<_Tp> std::allocate_shared(const _Alloc&, _Args&& ...) [with _Tp = TFDynBroadcaster; _Alloc = std::allocator<TFDynBroadcaster>; _Args = {char**&}][m[K’
[01m[K/usr/include/c++/11/bits/shared_ptr.h:878:39:[m[K   required from ‘[01m[Kstd::shared_ptr<_Tp> std::make_shared(_Args&& ...) [with _Tp = TFDynBroadcaster; _Args = {char**&}][m[K’
[01m[K/home/simpletime/Project/ws02_tools/src/cpp01_tf_broadcaster/src/demo02_dynamic_tf_broadcaster.cpp:42:48:[m[K   required from here
[01m[K/usr/include/c++/11/ext/new_allocator.h:162:11:[m[K [01;31m[Kerror: [m[Kno matching function for call to ‘[01m[KTFDynBroadcaster::TFDynBroadcaster(char**&)[m[K’
  162 |         { [01;31m[K::new((void *)__p) _Up(std::forward<_Args>(__args)...)[m[K; }
      |           [01;31m[K^~~~~~~~~~~~~~~~~~~~~~~~~~~~~~~~~~~~~~~~~~~~~~~~~~~~~~[m[K
[01m[K/home/simpletime/Project/ws02_tools/src/cpp01_tf_broadcaster/src/demo02_dynamic_tf_broadcaster.cpp:9:3:[m[K [01;36m[Knote: [m[Kcandidate: ‘[01m[KTFDynBroadcaster::TFDynBroadcaster()[m[K’
    9 |   [01;36m[KTFDynBroadcaster[m[K():Node("tf_dyn_broadcaster_node_cpp"){
      |   [01;36m[K^~~~~~~~~~~~~~~~[m[K
[01m[K/home/simpletime/Project/ws02_tools/src/cpp01_tf_broadcaster/src/demo02_dynamic_tf_broadcaster.cpp:9:3:[m[K [01;36m[Knote: [m[K  candidate expects 0 arguments, 1 provided
gmake[2]: *** [CMakeFiles/demo02_dynamic_tf_broadcaster.dir/build.make:76：CMakeFiles/demo02_dynamic_tf_broadcaster.dir/src/demo02_dynamic_tf_broadcaster.cpp.o] 错误 1
gmake[1]: *** [CMakeFiles/Makefile2:193：CMakeFiles/demo02_dynamic_tf_broadcaster.dir/all] 错误 2
gmake: *** [Makefile:146：all] 错误 2
