[0.018s] Invoking command in '/home/simpletime/ws01_plumbing/build/cpp02_service': CMAKE_PREFIX_PATH=/home/simpletime/ws01_plumbing/install/base_interfaces_demo:/home/simpletime/ws01_plumbing/install/py01_topic:/home/simpletime/ws01_plumbing/install/cpp02_service:/home/simpletime/ws01_plumbing/install/cpp01_topic:/opt/ros/humble /usr/bin/cmake --build /home/simpletime/ws01_plumbing/build/cpp02_service -- -j4 -l4
[0.101s] [35m[1mConsolidate compiler generated dependencies of target demo02_client[0m
[0.123s] [ 50%] Built target demo01_server
[0.162s] [ 75%] [32mBuilding CXX object CMakeFiles/demo02_client.dir/src/demo02_client.cpp.o[0m
[2.667s] [100%] [32m[1mLinking CXX executable demo02_client[0m
[2.766s] [100%] Built target demo02_client
[2.776s] Invoked command in '/home/simpletime/ws01_plumbing/build/cpp02_service' returned '0': CMAKE_PREFIX_PATH=/home/simpletime/ws01_plumbing/install/base_interfaces_demo:/home/simpletime/ws01_plumbing/install/py01_topic:/home/simpletime/ws01_plumbing/install/cpp02_service:/home/simpletime/ws01_plumbing/install/cpp01_topic:/opt/ros/humble /usr/bin/cmake --build /home/simpletime/ws01_plumbing/build/cpp02_service -- -j4 -l4
[2.803s] Invoking command in '/home/simpletime/ws01_plumbing/build/cpp02_service': CMAKE_PREFIX_PATH=/home/simpletime/ws01_plumbing/install/base_interfaces_demo:/home/simpletime/ws01_plumbing/install/py01_topic:/home/simpletime/ws01_plumbing/install/cpp02_service:/home/simpletime/ws01_plumbing/install/cpp01_topic:/opt/ros/humble /usr/bin/cmake --install /home/simpletime/ws01_plumbing/build/cpp02_service
[2.809s] -- Install configuration: ""
[2.809s] -- Up-to-date: /home/simpletime/ws01_plumbing/install/cpp02_service/lib/cpp02_service/demo01_server
[2.809s] -- Installing: /home/simpletime/ws01_plumbing/install/cpp02_service/lib/cpp02_service/demo02_client
[2.810s] -- Set runtime path of "/home/simpletime/ws01_plumbing/install/cpp02_service/lib/cpp02_service/demo02_client" to ""
[2.810s] -- Up-to-date: /home/simpletime/ws01_plumbing/install/cpp02_service/share/ament_index/resource_index/package_run_dependencies/cpp02_service
[2.811s] -- Up-to-date: /home/simpletime/ws01_plumbing/install/cpp02_service/share/ament_index/resource_index/parent_prefix_path/cpp02_service
[2.811s] -- Up-to-date: /home/simpletime/ws01_plumbing/install/cpp02_service/share/cpp02_service/environment/ament_prefix_path.sh
[2.811s] -- Up-to-date: /home/simpletime/ws01_plumbing/install/cpp02_service/share/cpp02_service/environment/ament_prefix_path.dsv
[2.812s] -- Up-to-date: /home/simpletime/ws01_plumbing/install/cpp02_service/share/cpp02_service/environment/path.sh
[2.812s] -- Up-to-date: /home/simpletime/ws01_plumbing/install/cpp02_service/share/cpp02_service/environment/path.dsv
[2.812s] -- Up-to-date: /home/simpletime/ws01_plumbing/install/cpp02_service/share/cpp02_service/local_setup.bash
[2.812s] -- Up-to-date: /home/simpletime/ws01_plumbing/install/cpp02_service/share/cpp02_service/local_setup.sh
[2.812s] -- Up-to-date: /home/simpletime/ws01_plumbing/install/cpp02_service/share/cpp02_service/local_setup.zsh
[2.812s] -- Up-to-date: /home/simpletime/ws01_plumbing/install/cpp02_service/share/cpp02_service/local_setup.dsv
[2.812s] -- Installing: /home/simpletime/ws01_plumbing/install/cpp02_service/share/cpp02_service/package.dsv
[2.812s] -- Up-to-date: /home/simpletime/ws01_plumbing/install/cpp02_service/share/ament_index/resource_index/packages/cpp02_service
[2.812s] -- Up-to-date: /home/simpletime/ws01_plumbing/install/cpp02_service/share/cpp02_service/cmake/cpp02_serviceConfig.cmake
[2.812s] -- Up-to-date: /home/simpletime/ws01_plumbing/install/cpp02_service/share/cpp02_service/cmake/cpp02_serviceConfig-version.cmake
[2.812s] -- Up-to-date: /home/simpletime/ws01_plumbing/install/cpp02_service/share/cpp02_service/package.xml
[2.814s] Invoked command in '/home/simpletime/ws01_plumbing/build/cpp02_service' returned '0': CMAKE_PREFIX_PATH=/home/simpletime/ws01_plumbing/install/base_interfaces_demo:/home/simpletime/ws01_plumbing/install/py01_topic:/home/simpletime/ws01_plumbing/install/cpp02_service:/home/simpletime/ws01_plumbing/install/cpp01_topic:/opt/ros/humble /usr/bin/cmake --install /home/simpletime/ws01_plumbing/build/cpp02_service
