[0.012s] Invoking command in '/home/simpletime/project01_book/build/company': CMAKE_PREFIX_PATH=/home/simpletime/project01_book/install/base_interfaces:/home/simpletime/project01_book/install/company:/opt/ros/humble /usr/bin/cmake --build /home/simpletime/project01_book/build/company -- -j4 -l4
[0.070s] [35m[1mConsolidate compiler generated dependencies of target company_b[0m
[0.086s] [ 16%] [32mBuilding CXX object CMakeFiles/company_a.dir/src/company_a.cpp.o[0m
[0.086s] [ 33%] [32mBuilding CXX object CMakeFiles/company_c.dir/src/company_c.cpp.o[0m
[0.092s] [ 50%] [32mBuilding CXX object CMakeFiles/company_b.dir/src/company_b.cpp.o[0m
[8.020s] [ 66%] [32m[1mLinking CXX executable company_b[0m
[8.345s] [ 83%] [32m[1mLinking CXX executable company_c[0m
[8.366s] [ 83%] Built target company_b
[8.502s] [100%] [32m[1mLinking CXX executable company_a[0m
[8.692s] [100%] Built target company_c
[8.803s] [100%] Built target company_a
[8.870s] Invoked command in '/home/simpletime/project01_book/build/company' returned '0': CMAKE_PREFIX_PATH=/home/simpletime/project01_book/install/base_interfaces:/home/simpletime/project01_book/install/company:/opt/ros/humble /usr/bin/cmake --build /home/simpletime/project01_book/build/company -- -j4 -l4
[8.935s] Invoking command in '/home/simpletime/project01_book/build/company': CMAKE_PREFIX_PATH=/home/simpletime/project01_book/install/base_interfaces:/home/simpletime/project01_book/install/company:/opt/ros/humble /usr/bin/cmake --install /home/simpletime/project01_book/build/company
[8.940s] -- Install configuration: ""
[8.942s] -- Installing: /home/simpletime/project01_book/install/company/lib/company/company_a
[8.948s] -- Set runtime path of "/home/simpletime/project01_book/install/company/lib/company/company_a" to ""
[8.949s] -- Installing: /home/simpletime/project01_book/install/company/lib/company/company_b
[8.954s] -- Set runtime path of "/home/simpletime/project01_book/install/company/lib/company/company_b" to ""
[8.955s] -- Installing: /home/simpletime/project01_book/install/company/lib/company/company_c
[8.959s] -- Set runtime path of "/home/simpletime/project01_book/install/company/lib/company/company_c" to ""
[8.961s] -- Up-to-date: /home/simpletime/project01_book/install/company/share/ament_index/resource_index/package_run_dependencies/company
[8.961s] -- Up-to-date: /home/simpletime/project01_book/install/company/share/ament_index/resource_index/parent_prefix_path/company
[8.962s] -- Up-to-date: /home/simpletime/project01_book/install/company/share/company/environment/ament_prefix_path.sh
[8.962s] -- Up-to-date: /home/simpletime/project01_book/install/company/share/company/environment/ament_prefix_path.dsv
[8.962s] -- Up-to-date: /home/simpletime/project01_book/install/company/share/company/environment/path.sh
[8.962s] -- Up-to-date: /home/simpletime/project01_book/install/company/share/company/environment/path.dsv
[8.962s] -- Up-to-date: /home/simpletime/project01_book/install/company/share/company/local_setup.bash
[8.962s] -- Up-to-date: /home/simpletime/project01_book/install/company/share/company/local_setup.sh
[8.962s] -- Up-to-date: /home/simpletime/project01_book/install/company/share/company/local_setup.zsh
[8.962s] -- Up-to-date: /home/simpletime/project01_book/install/company/share/company/local_setup.dsv
[8.962s] -- Installing: /home/simpletime/project01_book/install/company/share/company/package.dsv
[8.963s] -- Up-to-date: /home/simpletime/project01_book/install/company/share/ament_index/resource_index/packages/company
[8.963s] -- Up-to-date: /home/simpletime/project01_book/install/company/share/company/cmake/companyConfig.cmake
[8.963s] -- Up-to-date: /home/simpletime/project01_book/install/company/share/company/cmake/companyConfig-version.cmake
[8.963s] -- Up-to-date: /home/simpletime/project01_book/install/company/share/company/package.xml
[8.972s] Invoked command in '/home/simpletime/project01_book/build/company' returned '0': CMAKE_PREFIX_PATH=/home/simpletime/project01_book/install/base_interfaces:/home/simpletime/project01_book/install/company:/opt/ros/humble /usr/bin/cmake --install /home/simpletime/project01_book/build/company
