[0.009s] Invoking command in '/home/simpletime/ws01_plumbing/build/cpp01_topic': AMENT_PREFIX_PATH=/home/simpletime/ws01_plumbing/install/base_interfaces_demo:${AMENT_PREFIX_PATH} CMAKE_PREFIX_PATH=/home/simpletime/ws01_plumbing/install/base_interfaces_demo:/opt/ros/humble LD_LIBRARY_PATH=/home/simpletime/ws01_plumbing/install/base_interfaces_demo/lib:${LD_LIBRARY_PATH} PYTHONPATH=/home/simpletime/ws01_plumbing/install/base_interfaces_demo/local/lib/python3.10/dist-packages:${PYTHONPATH} /usr/bin/cmake --build /home/simpletime/ws01_plumbing/build/cpp01_topic -- -j4 -l4
[0.053s] [35m[1mConsolidate compiler generated dependencies of target demo03_talker_stu[0m
[0.056s] [35m[1mConsolidate compiler generated dependencies of target demo04_listener_stu[0m
[0.072s] [ 12%] [32mBuilding CXX object CMakeFiles/demo03_talker_stu.dir/src/demo03_talker_stu.cpp.o[0m
[0.072s] [ 37%] Built target demo02_listener_str
[0.074s] [ 62%] Built target demo04_listener_stu
[0.084s] [ 87%] Built target demo01_talker_str
[2.797s] [100%] [32m[1mLinking CXX executable demo03_talker_stu[0m
[2.919s] [100%] Built target demo03_talker_stu
[2.928s] Invoked command in '/home/simpletime/ws01_plumbing/build/cpp01_topic' returned '0': AMENT_PREFIX_PATH=/home/simpletime/ws01_plumbing/install/base_interfaces_demo:${AMENT_PREFIX_PATH} CMAKE_PREFIX_PATH=/home/simpletime/ws01_plumbing/install/base_interfaces_demo:/opt/ros/humble LD_LIBRARY_PATH=/home/simpletime/ws01_plumbing/install/base_interfaces_demo/lib:${LD_LIBRARY_PATH} PYTHONPATH=/home/simpletime/ws01_plumbing/install/base_interfaces_demo/local/lib/python3.10/dist-packages:${PYTHONPATH} /usr/bin/cmake --build /home/simpletime/ws01_plumbing/build/cpp01_topic -- -j4 -l4
[2.957s] Invoking command in '/home/simpletime/ws01_plumbing/build/cpp01_topic': AMENT_PREFIX_PATH=/home/simpletime/ws01_plumbing/install/base_interfaces_demo:${AMENT_PREFIX_PATH} CMAKE_PREFIX_PATH=/home/simpletime/ws01_plumbing/install/base_interfaces_demo:/opt/ros/humble LD_LIBRARY_PATH=/home/simpletime/ws01_plumbing/install/base_interfaces_demo/lib:${LD_LIBRARY_PATH} PYTHONPATH=/home/simpletime/ws01_plumbing/install/base_interfaces_demo/local/lib/python3.10/dist-packages:${PYTHONPATH} /usr/bin/cmake --install /home/simpletime/ws01_plumbing/build/cpp01_topic
[2.963s] -- Install configuration: ""
[2.963s] -- Up-to-date: /home/simpletime/ws01_plumbing/install/cpp01_topic/lib/cpp01_topic/demo01_talker_str
[2.964s] -- Up-to-date: /home/simpletime/ws01_plumbing/install/cpp01_topic/lib/cpp01_topic/demo02_listener_str
[2.964s] -- Installing: /home/simpletime/ws01_plumbing/install/cpp01_topic/lib/cpp01_topic/demo03_talker_stu
[2.965s] -- Set runtime path of "/home/simpletime/ws01_plumbing/install/cpp01_topic/lib/cpp01_topic/demo03_talker_stu" to ""
[2.965s] -- Up-to-date: /home/simpletime/ws01_plumbing/install/cpp01_topic/lib/cpp01_topic/demo04_listener_stu
[2.966s] -- Up-to-date: /home/simpletime/ws01_plumbing/install/cpp01_topic/share/ament_index/resource_index/package_run_dependencies/cpp01_topic
[2.966s] -- Up-to-date: /home/simpletime/ws01_plumbing/install/cpp01_topic/share/ament_index/resource_index/parent_prefix_path/cpp01_topic
[2.966s] -- Up-to-date: /home/simpletime/ws01_plumbing/install/cpp01_topic/share/cpp01_topic/environment/ament_prefix_path.sh
[2.966s] -- Up-to-date: /home/simpletime/ws01_plumbing/install/cpp01_topic/share/cpp01_topic/environment/ament_prefix_path.dsv
[2.966s] -- Up-to-date: /home/simpletime/ws01_plumbing/install/cpp01_topic/share/cpp01_topic/environment/path.sh
[2.966s] -- Up-to-date: /home/simpletime/ws01_plumbing/install/cpp01_topic/share/cpp01_topic/environment/path.dsv
[2.966s] -- Up-to-date: /home/simpletime/ws01_plumbing/install/cpp01_topic/share/cpp01_topic/local_setup.bash
[2.966s] -- Up-to-date: /home/simpletime/ws01_plumbing/install/cpp01_topic/share/cpp01_topic/local_setup.sh
[2.966s] -- Up-to-date: /home/simpletime/ws01_plumbing/install/cpp01_topic/share/cpp01_topic/local_setup.zsh
[2.966s] -- Up-to-date: /home/simpletime/ws01_plumbing/install/cpp01_topic/share/cpp01_topic/local_setup.dsv
[2.966s] -- Installing: /home/simpletime/ws01_plumbing/install/cpp01_topic/share/cpp01_topic/package.dsv
[2.967s] -- Up-to-date: /home/simpletime/ws01_plumbing/install/cpp01_topic/share/ament_index/resource_index/packages/cpp01_topic
[2.967s] -- Up-to-date: /home/simpletime/ws01_plumbing/install/cpp01_topic/share/cpp01_topic/cmake/cpp01_topicConfig.cmake
[2.967s] -- Up-to-date: /home/simpletime/ws01_plumbing/install/cpp01_topic/share/cpp01_topic/cmake/cpp01_topicConfig-version.cmake
[2.967s] -- Up-to-date: /home/simpletime/ws01_plumbing/install/cpp01_topic/share/cpp01_topic/package.xml
[2.969s] Invoked command in '/home/simpletime/ws01_plumbing/build/cpp01_topic' returned '0': AMENT_PREFIX_PATH=/home/simpletime/ws01_plumbing/install/base_interfaces_demo:${AMENT_PREFIX_PATH} CMAKE_PREFIX_PATH=/home/simpletime/ws01_plumbing/install/base_interfaces_demo:/opt/ros/humble LD_LIBRARY_PATH=/home/simpletime/ws01_plumbing/install/base_interfaces_demo/lib:${LD_LIBRARY_PATH} PYTHONPATH=/home/simpletime/ws01_plumbing/install/base_interfaces_demo/local/lib/python3.10/dist-packages:${PYTHONPATH} /usr/bin/cmake --install /home/simpletime/ws01_plumbing/build/cpp01_topic
