[0.008s] Invoking command in '/home/simpletime/practice/src/build/base_interface': CMAKE_PREFIX_PATH=/opt/ros/humble /usr/bin/cmake /home/simpletime/practice/src/base_interface -DCMAKE_INSTALL_PREFIX=/home/simpletime/practice/src/install/base_interface
[0.122s] -- The C compiler identification is GNU 11.4.0
[0.188s] -- The CXX compiler identification is GNU 11.4.0
[0.196s] -- Detecting C compiler ABI info
[0.256s] -- Detecting C compiler ABI info - done
[0.260s] -- Check for working C compiler: /usr/bin/cc - skipped
[0.261s] -- Detecting C compile features
[0.261s] -- Detecting C compile features - done
[0.264s] -- Detecting CXX compiler ABI info
[0.328s] -- Detecting CXX compiler ABI info - done
[0.333s] -- Check for working CXX compiler: /usr/bin/c++ - skipped
[0.333s] -- Detecting CXX compile features
[0.333s] -- Detecting CXX compile features - done
[0.340s] -- Found ament_cmake: 1.3.10 (/opt/ros/humble/share/ament_cmake/cmake)
[0.440s] -- Found Python3: /usr/bin/python3 (found version "3.10.12") found components: Interpreter 
[0.507s] -- Found rclcpp: 16.0.10 (/opt/ros/humble/share/rclcpp/cmake)
[0.541s] -- Found rosidl_generator_c: 3.1.5 (/opt/ros/humble/share/rosidl_generator_c/cmake)
[0.545s] -- Found rosidl_adapter: 3.1.5 (/opt/ros/humble/share/rosidl_adapter/cmake)
[0.552s] -- Found rosidl_generator_cpp: 3.1.5 (/opt/ros/humble/share/rosidl_generator_cpp/cmake)
[0.562s] -- Using all available rosidl_typesupport_c: rosidl_typesupport_fastrtps_c;rosidl_typesupport_introspection_c
[0.573s] -- Using all available rosidl_typesupport_cpp: rosidl_typesupport_fastrtps_cpp;rosidl_typesupport_introspection_cpp
[0.611s] -- Found rmw_implementation_cmake: 6.1.2 (/opt/ros/humble/share/rmw_implementation_cmake/cmake)
[0.613s] -- Found rmw_fastrtps_cpp: 6.2.7 (/opt/ros/humble/share/rmw_fastrtps_cpp/cmake)
[0.692s] -- Found OpenSSL: /usr/lib/x86_64-linux-gnu/libcrypto.so (found version "3.0.2")  
[0.712s] -- Found FastRTPS: /opt/ros/humble/include  
[0.741s] -- Using RMW implementation 'rmw_fastrtps_cpp' as default
[0.747s] -- Looking for pthread.h
[0.807s] -- Looking for pthread.h - found
[0.807s] -- Performing Test CMAKE_HAVE_LIBC_PTHREAD
[0.867s] -- Performing Test CMAKE_HAVE_LIBC_PTHREAD - Success
[0.868s] -- Found Threads: TRUE  
[0.917s] -- Found rosidl_default_generators: 1.2.0 (/opt/ros/humble/share/rosidl_default_generators/cmake)
[1.080s] -- Found ament_cmake_ros: 0.10.0 (/opt/ros/humble/share/ament_cmake_ros/cmake)
[1.278s] -- Using all available rosidl_typesupport_c: rosidl_typesupport_fastrtps_c;rosidl_typesupport_introspection_c
[1.354s] -- Using all available rosidl_typesupport_cpp: rosidl_typesupport_fastrtps_cpp;rosidl_typesupport_introspection_cpp
[1.368s] -- Found PythonInterp: /usr/bin/python3 (found suitable version "3.10.12", minimum required is "3.6") 
[1.370s] -- Found python_cmake_module: 0.10.0 (/opt/ros/humble/share/python_cmake_module/cmake)
[1.389s] -- Found PythonLibs: /usr/lib/x86_64-linux-gnu/libpython3.10.so (found suitable version "3.10.12", minimum required is "3.5") 
[1.389s] -- Using PYTHON_EXECUTABLE: /usr/bin/python3
[1.389s] -- Using PYTHON_INCLUDE_DIRS: /usr/include/python3.10
[1.389s] -- Using PYTHON_LIBRARIES: /usr/lib/x86_64-linux-gnu/libpython3.10.so
[1.403s] -- Found PythonExtra: .so  
[1.425s] -- Found ament_lint_auto: 0.12.11 (/opt/ros/humble/share/ament_lint_auto/cmake)
[1.434s] -- Configuring done
[1.457s] -- Generating done
[1.459s] -- Build files have been written to: /home/simpletime/practice/src/build/base_interface
[1.467s] Invoked command in '/home/simpletime/practice/src/build/base_interface' returned '0': CMAKE_PREFIX_PATH=/opt/ros/humble /usr/bin/cmake /home/simpletime/practice/src/base_interface -DCMAKE_INSTALL_PREFIX=/home/simpletime/practice/src/install/base_interface
[1.469s] Invoking command in '/home/simpletime/practice/src/build/base_interface': CMAKE_PREFIX_PATH=/opt/ros/humble /usr/bin/cmake --build /home/simpletime/practice/src/build/base_interface -- -j4 -l4
[1.500s] [  3%] [34m[1mGenerating C code for ROS interfaces[0m
[1.507s] [  6%] [34m[1mGenerating C++ code for ROS interfaces[0m
[1.513s] [  6%] Built target ament_cmake_python_copy_base_interface
[1.657s] running egg_info
[1.657s] creating base_interface.egg-info
[1.657s] writing base_interface.egg-info/PKG-INFO
[1.657s] writing dependency_links to base_interface.egg-info/dependency_links.txt
[1.657s] writing top-level names to base_interface.egg-info/top_level.txt
[1.658s] writing manifest file 'base_interface.egg-info/SOURCES.txt'
[1.659s] reading manifest file 'base_interface.egg-info/SOURCES.txt'
[1.665s] writing manifest file 'base_interface.egg-info/SOURCES.txt'
[1.678s] [  6%] Built target ament_cmake_python_build_base_interface_egg
[1.694s] [  6%] Built target base_interface__cpp
[1.706s] [ 16%] [34m[1mGenerating C++ type support for eProsima Fast-RTPS[0m
[1.706s] [ 16%] [34m[1mGenerating C++ type support dispatch for ROS interfaces[0m
[1.709s] [ 19%] [34m[1mGenerating C++ introspection for ROS interfaces[0m
[1.710s] [ 19%] [32mBuilding C object CMakeFiles/base_interface__rosidl_generator_c.dir/rosidl_generator_c/base_interface/msg/detail/example__functions.c.o[0m
[1.787s] [ 22%] [32m[1mLinking C shared library libbase_interface__rosidl_generator_c.so[0m
[1.827s] [ 22%] Built target base_interface__rosidl_generator_c
[1.840s] [ 25%] [34m[1mGenerating C type support for eProsima Fast-RTPS[0m
[1.868s] [ 29%] [32mBuilding CXX object CMakeFiles/base_interface__rosidl_typesupport_cpp.dir/rosidl_typesupport_cpp/base_interface/msg/example__type_support.cpp.o[0m
[1.897s] [ 32%] [32mBuilding CXX object CMakeFiles/base_interface__rosidl_typesupport_introspection_cpp.dir/rosidl_typesupport_introspection_cpp/base_interface/msg/detail/example__type_support.cpp.o[0m
[1.941s] [ 35%] [32mBuilding CXX object CMakeFiles/base_interface__rosidl_typesupport_fastrtps_cpp.dir/rosidl_typesupport_fastrtps_cpp/base_interface/msg/detail/dds_fastrtps/example__type_support.cpp.o[0m
[2.071s] [ 38%] [32mBuilding CXX object CMakeFiles/base_interface__rosidl_typesupport_fastrtps_c.dir/rosidl_typesupport_fastrtps_c/base_interface/msg/detail/example__type_support_c.cpp.o[0m
[2.159s] [ 41%] [32m[1mLinking CXX shared library libbase_interface__rosidl_typesupport_cpp.so[0m
[2.240s] [ 41%] Built target base_interface__rosidl_typesupport_cpp
[2.267s] [ 45%] [34m[1mGenerating C introspection for ROS interfaces[0m
[2.288s] [ 48%] [32m[1mLinking CXX shared library libbase_interface__rosidl_typesupport_introspection_cpp.so[0m
[2.306s] [ 51%] [32m[1mLinking CXX shared library libbase_interface__rosidl_typesupport_fastrtps_cpp.so[0m
[2.338s] [ 54%] [32m[1mLinking CXX shared library libbase_interface__rosidl_typesupport_fastrtps_c.so[0m
[2.361s] [ 54%] Built target base_interface__rosidl_typesupport_introspection_cpp
[2.383s] [ 58%] Built target base_interface__rosidl_typesupport_fastrtps_cpp
[2.400s] [ 58%] [34m[1mGenerating C type support dispatch for ROS interfaces[0m
[2.428s] [ 58%] Built target base_interface__rosidl_typesupport_fastrtps_c
[2.499s] [ 61%] [32mBuilding C object CMakeFiles/base_interface__rosidl_typesupport_introspection_c.dir/rosidl_typesupport_introspection_c/base_interface/msg/detail/example__type_support.c.o[0m
[2.528s] [ 64%] [32m[1mLinking C shared library libbase_interface__rosidl_typesupport_introspection_c.so[0m
[2.547s] [ 67%] [32mBuilding CXX object CMakeFiles/base_interface__rosidl_typesupport_c.dir/rosidl_typesupport_c/base_interface/msg/example__type_support.cpp.o[0m
[2.558s] [ 67%] Built target base_interface__rosidl_typesupport_introspection_c
[2.572s] [ 70%] [32m[1mLinking CXX shared library libbase_interface__rosidl_typesupport_c.so[0m
[2.606s] [ 70%] Built target base_interface__rosidl_typesupport_c
[2.625s] [ 70%] Built target base_interface
[2.642s] [ 74%] [34m[1mGenerating Python code for ROS interfaces[0m
[2.823s] [ 74%] Built target base_interface__py
[2.839s] [ 77%] [32mBuilding C object CMakeFiles/base_interface__rosidl_generator_py.dir/rosidl_generator_py/base_interface/msg/_example_s.c.o[0m
[2.924s] [ 80%] [32m[1mLinking C shared library rosidl_generator_py/base_interface/libbase_interface__rosidl_generator_py.so[0m
[2.956s] [ 80%] Built target base_interface__rosidl_generator_py
[2.975s] [ 83%] [32mBuilding C object CMakeFiles/base_interface__rosidl_typesupport_introspection_c__pyext.dir/rosidl_generator_py/base_interface/_base_interface_s.ep.rosidl_typesupport_introspection_c.c.o[0m
[2.975s] [ 87%] [32mBuilding C object CMakeFiles/base_interface__rosidl_typesupport_c__pyext.dir/rosidl_generator_py/base_interface/_base_interface_s.ep.rosidl_typesupport_c.c.o[0m
[2.975s] [ 90%] [32mBuilding C object CMakeFiles/base_interface__rosidl_typesupport_fastrtps_c__pyext.dir/rosidl_generator_py/base_interface/_base_interface_s.ep.rosidl_typesupport_fastrtps_c.c.o[0m
[3.047s] [ 93%] [32m[1mLinking C shared library rosidl_generator_py/base_interface/base_interface_s__rosidl_typesupport_introspection_c.cpython-310-x86_64-linux-gnu.so[0m
[3.065s] [ 96%] [32m[1mLinking C shared library rosidl_generator_py/base_interface/base_interface_s__rosidl_typesupport_fastrtps_c.cpython-310-x86_64-linux-gnu.so[0m
[3.085s] [ 96%] Built target base_interface__rosidl_typesupport_introspection_c__pyext
[3.095s] [100%] [32m[1mLinking C shared library rosidl_generator_py/base_interface/base_interface_s__rosidl_typesupport_c.cpython-310-x86_64-linux-gnu.so[0m
[3.111s] [100%] Built target base_interface__rosidl_typesupport_fastrtps_c__pyext
[3.125s] [100%] Built target base_interface__rosidl_typesupport_c__pyext
[3.136s] Invoked command in '/home/simpletime/practice/src/build/base_interface' returned '0': CMAKE_PREFIX_PATH=/opt/ros/humble /usr/bin/cmake --build /home/simpletime/practice/src/build/base_interface -- -j4 -l4
[3.200s] Invoking command in '/home/simpletime/practice/src/build/base_interface': CMAKE_PREFIX_PATH=/opt/ros/humble /usr/bin/cmake --install /home/simpletime/practice/src/build/base_interface
[3.206s] -- Install configuration: ""
[3.207s] -- Installing: /home/simpletime/practice/src/install/base_interface/share/ament_index/resource_index/rosidl_interfaces/base_interface
[3.207s] -- Installing: /home/simpletime/practice/src/install/base_interface/include/base_interface/base_interface
[3.207s] -- Installing: /home/simpletime/practice/src/install/base_interface/include/base_interface/base_interface/msg
[3.207s] -- Installing: /home/simpletime/practice/src/install/base_interface/include/base_interface/base_interface/msg/example.h
[3.207s] -- Installing: /home/simpletime/practice/src/install/base_interface/include/base_interface/base_interface/msg/detail
[3.207s] -- Installing: /home/simpletime/practice/src/install/base_interface/include/base_interface/base_interface/msg/detail/example__struct.h
[3.207s] -- Installing: /home/simpletime/practice/src/install/base_interface/include/base_interface/base_interface/msg/detail/example__functions.c
[3.207s] -- Installing: /home/simpletime/practice/src/install/base_interface/include/base_interface/base_interface/msg/detail/example__functions.h
[3.207s] -- Installing: /home/simpletime/practice/src/install/base_interface/include/base_interface/base_interface/msg/detail/example__type_support.h
[3.208s] -- Installing: /home/simpletime/practice/src/install/base_interface/include/base_interface/base_interface/msg/rosidl_generator_c__visibility_control.h
[3.208s] -- Installing: /home/simpletime/practice/src/install/base_interface/share/base_interface/environment/library_path.sh
[3.208s] -- Installing: /home/simpletime/practice/src/install/base_interface/share/base_interface/environment/library_path.dsv
[3.208s] -- Installing: /home/simpletime/practice/src/install/base_interface/lib/libbase_interface__rosidl_generator_c.so
[3.209s] -- Set runtime path of "/home/simpletime/practice/src/install/base_interface/lib/libbase_interface__rosidl_generator_c.so" to ""
[3.209s] -- Up-to-date: /home/simpletime/practice/src/install/base_interface/include/base_interface/base_interface
[3.209s] -- Up-to-date: /home/simpletime/practice/src/install/base_interface/include/base_interface/base_interface/msg
[3.209s] -- Up-to-date: /home/simpletime/practice/src/install/base_interface/include/base_interface/base_interface/msg/detail
[3.209s] -- Installing: /home/simpletime/practice/src/install/base_interface/include/base_interface/base_interface/msg/detail/example__rosidl_typesupport_fastrtps_c.h
[3.209s] -- Installing: /home/simpletime/practice/src/install/base_interface/include/base_interface/base_interface/msg/rosidl_typesupport_fastrtps_c__visibility_control.h
[3.209s] -- Installing: /home/simpletime/practice/src/install/base_interface/lib/libbase_interface__rosidl_typesupport_fastrtps_c.so
[3.209s] -- Set runtime path of "/home/simpletime/practice/src/install/base_interface/lib/libbase_interface__rosidl_typesupport_fastrtps_c.so" to ""
[3.210s] -- Up-to-date: /home/simpletime/practice/src/install/base_interface/include/base_interface/base_interface
[3.210s] -- Up-to-date: /home/simpletime/practice/src/install/base_interface/include/base_interface/base_interface/msg
[3.210s] -- Up-to-date: /home/simpletime/practice/src/install/base_interface/include/base_interface/base_interface/msg/detail
[3.210s] -- Installing: /home/simpletime/practice/src/install/base_interface/include/base_interface/base_interface/msg/detail/example__builder.hpp
[3.210s] -- Installing: /home/simpletime/practice/src/install/base_interface/include/base_interface/base_interface/msg/detail/example__traits.hpp
[3.210s] -- Installing: /home/simpletime/practice/src/install/base_interface/include/base_interface/base_interface/msg/detail/example__struct.hpp
[3.210s] -- Installing: /home/simpletime/practice/src/install/base_interface/include/base_interface/base_interface/msg/example.hpp
[3.210s] -- Up-to-date: /home/simpletime/practice/src/install/base_interface/include/base_interface/base_interface
[3.210s] -- Up-to-date: /home/simpletime/practice/src/install/base_interface/include/base_interface/base_interface/msg
[3.210s] -- Up-to-date: /home/simpletime/practice/src/install/base_interface/include/base_interface/base_interface/msg/detail
[3.210s] -- Installing: /home/simpletime/practice/src/install/base_interface/include/base_interface/base_interface/msg/detail/dds_fastrtps
[3.210s] -- Installing: /home/simpletime/practice/src/install/base_interface/include/base_interface/base_interface/msg/detail/example__rosidl_typesupport_fastrtps_cpp.hpp
[3.211s] -- Installing: /home/simpletime/practice/src/install/base_interface/include/base_interface/base_interface/msg/rosidl_typesupport_fastrtps_cpp__visibility_control.h
[3.211s] -- Installing: /home/simpletime/practice/src/install/base_interface/lib/libbase_interface__rosidl_typesupport_fastrtps_cpp.so
[3.211s] -- Set runtime path of "/home/simpletime/practice/src/install/base_interface/lib/libbase_interface__rosidl_typesupport_fastrtps_cpp.so" to ""
[3.211s] -- Up-to-date: /home/simpletime/practice/src/install/base_interface/include/base_interface/base_interface
[3.211s] -- Up-to-date: /home/simpletime/practice/src/install/base_interface/include/base_interface/base_interface/msg
[3.211s] -- Installing: /home/simpletime/practice/src/install/base_interface/include/base_interface/base_interface/msg/rosidl_typesupport_introspection_c__visibility_control.h
[3.211s] -- Up-to-date: /home/simpletime/practice/src/install/base_interface/include/base_interface/base_interface/msg/detail
[3.211s] -- Installing: /home/simpletime/practice/src/install/base_interface/include/base_interface/base_interface/msg/detail/example__type_support.c
[3.212s] -- Installing: /home/simpletime/practice/src/install/base_interface/include/base_interface/base_interface/msg/detail/example__rosidl_typesupport_introspection_c.h
[3.212s] -- Installing: /home/simpletime/practice/src/install/base_interface/lib/libbase_interface__rosidl_typesupport_introspection_c.so
[3.212s] -- Set runtime path of "/home/simpletime/practice/src/install/base_interface/lib/libbase_interface__rosidl_typesupport_introspection_c.so" to ""
[3.212s] -- Installing: /home/simpletime/practice/src/install/base_interface/lib/libbase_interface__rosidl_typesupport_c.so
[3.212s] -- Set runtime path of "/home/simpletime/practice/src/install/base_interface/lib/libbase_interface__rosidl_typesupport_c.so" to ""
[3.212s] -- Up-to-date: /home/simpletime/practice/src/install/base_interface/include/base_interface/base_interface
[3.212s] -- Up-to-date: /home/simpletime/practice/src/install/base_interface/include/base_interface/base_interface/msg
[3.212s] -- Up-to-date: /home/simpletime/practice/src/install/base_interface/include/base_interface/base_interface/msg/detail
[3.212s] -- Installing: /home/simpletime/practice/src/install/base_interface/include/base_interface/base_interface/msg/detail/example__type_support.cpp
[3.212s] -- Installing: /home/simpletime/practice/src/install/base_interface/include/base_interface/base_interface/msg/detail/example__rosidl_typesupport_introspection_cpp.hpp
[3.213s] -- Installing: /home/simpletime/practice/src/install/base_interface/lib/libbase_interface__rosidl_typesupport_introspection_cpp.so
[3.213s] -- Set runtime path of "/home/simpletime/practice/src/install/base_interface/lib/libbase_interface__rosidl_typesupport_introspection_cpp.so" to ""
[3.213s] -- Installing: /home/simpletime/practice/src/install/base_interface/lib/libbase_interface__rosidl_typesupport_cpp.so
[3.213s] -- Set runtime path of "/home/simpletime/practice/src/install/base_interface/lib/libbase_interface__rosidl_typesupport_cpp.so" to ""
[3.213s] -- Installing: /home/simpletime/practice/src/install/base_interface/share/base_interface/environment/pythonpath.sh
[3.213s] -- Installing: /home/simpletime/practice/src/install/base_interface/share/base_interface/environment/pythonpath.dsv
[3.214s] -- Installing: /home/simpletime/practice/src/install/base_interface/local/lib/python3.10/dist-packages/base_interface-0.0.0-py3.10.egg-info
[3.214s] -- Installing: /home/simpletime/practice/src/install/base_interface/local/lib/python3.10/dist-packages/base_interface-0.0.0-py3.10.egg-info/PKG-INFO
[3.214s] -- Installing: /home/simpletime/practice/src/install/base_interface/local/lib/python3.10/dist-packages/base_interface-0.0.0-py3.10.egg-info/SOURCES.txt
[3.214s] -- Installing: /home/simpletime/practice/src/install/base_interface/local/lib/python3.10/dist-packages/base_interface-0.0.0-py3.10.egg-info/dependency_links.txt
[3.214s] -- Installing: /home/simpletime/practice/src/install/base_interface/local/lib/python3.10/dist-packages/base_interface-0.0.0-py3.10.egg-info/top_level.txt
[3.214s] -- Installing: /home/simpletime/practice/src/install/base_interface/local/lib/python3.10/dist-packages/base_interface
[3.214s] -- Installing: /home/simpletime/practice/src/install/base_interface/local/lib/python3.10/dist-packages/base_interface/msg
[3.214s] -- Installing: /home/simpletime/practice/src/install/base_interface/local/lib/python3.10/dist-packages/base_interface/msg/__init__.py
[3.214s] -- Installing: /home/simpletime/practice/src/install/base_interface/local/lib/python3.10/dist-packages/base_interface/msg/_example_s.c
[3.215s] -- Installing: /home/simpletime/practice/src/install/base_interface/local/lib/python3.10/dist-packages/base_interface/msg/_example.py
[3.215s] -- Installing: /home/simpletime/practice/src/install/base_interface/local/lib/python3.10/dist-packages/base_interface/_base_interface_s.ep.rosidl_typesupport_fastrtps_c.c
[3.215s] -- Installing: /home/simpletime/practice/src/install/base_interface/local/lib/python3.10/dist-packages/base_interface/base_interface_s__rosidl_typesupport_fastrtps_c.cpython-310-x86_64-linux-gnu.so
[3.215s] -- Installing: /home/simpletime/practice/src/install/base_interface/local/lib/python3.10/dist-packages/base_interface/__init__.py
[3.215s] -- Installing: /home/simpletime/practice/src/install/base_interface/local/lib/python3.10/dist-packages/base_interface/base_interface_s__rosidl_typesupport_introspection_c.cpython-310-x86_64-linux-gnu.so
[3.215s] -- Installing: /home/simpletime/practice/src/install/base_interface/local/lib/python3.10/dist-packages/base_interface/_base_interface_s.ep.rosidl_typesupport_c.c
[3.215s] -- Installing: /home/simpletime/practice/src/install/base_interface/local/lib/python3.10/dist-packages/base_interface/base_interface_s__rosidl_typesupport_c.cpython-310-x86_64-linux-gnu.so
[3.215s] -- Installing: /home/simpletime/practice/src/install/base_interface/local/lib/python3.10/dist-packages/base_interface/_base_interface_s.ep.rosidl_typesupport_introspection_c.c
[3.215s] -- Installing: /home/simpletime/practice/src/install/base_interface/local/lib/python3.10/dist-packages/base_interface/libbase_interface__rosidl_generator_py.so
[3.239s] Listing '/home/simpletime/practice/src/install/base_interface/local/lib/python3.10/dist-packages/base_interface'...
[3.239s] Compiling '/home/simpletime/practice/src/install/base_interface/local/lib/python3.10/dist-packages/base_interface/__init__.py'...
[3.239s] Listing '/home/simpletime/practice/src/install/base_interface/local/lib/python3.10/dist-packages/base_interface/msg'...
[3.239s] Compiling '/home/simpletime/practice/src/install/base_interface/local/lib/python3.10/dist-packages/base_interface/msg/__init__.py'...
[3.239s] Compiling '/home/simpletime/practice/src/install/base_interface/local/lib/python3.10/dist-packages/base_interface/msg/_example.py'...
[3.242s] -- Installing: /home/simpletime/practice/src/install/base_interface/local/lib/python3.10/dist-packages/base_interface/base_interface_s__rosidl_typesupport_fastrtps_c.cpython-310-x86_64-linux-gnu.so
[3.243s] -- Set runtime path of "/home/simpletime/practice/src/install/base_interface/local/lib/python3.10/dist-packages/base_interface/base_interface_s__rosidl_typesupport_fastrtps_c.cpython-310-x86_64-linux-gnu.so" to ""
[3.243s] -- Installing: /home/simpletime/practice/src/install/base_interface/local/lib/python3.10/dist-packages/base_interface/base_interface_s__rosidl_typesupport_introspection_c.cpython-310-x86_64-linux-gnu.so
[3.243s] -- Set runtime path of "/home/simpletime/practice/src/install/base_interface/local/lib/python3.10/dist-packages/base_interface/base_interface_s__rosidl_typesupport_introspection_c.cpython-310-x86_64-linux-gnu.so" to ""
[3.243s] -- Installing: /home/simpletime/practice/src/install/base_interface/local/lib/python3.10/dist-packages/base_interface/base_interface_s__rosidl_typesupport_c.cpython-310-x86_64-linux-gnu.so
[3.243s] -- Set runtime path of "/home/simpletime/practice/src/install/base_interface/local/lib/python3.10/dist-packages/base_interface/base_interface_s__rosidl_typesupport_c.cpython-310-x86_64-linux-gnu.so" to ""
[3.244s] -- Installing: /home/simpletime/practice/src/install/base_interface/lib/libbase_interface__rosidl_generator_py.so
[3.244s] -- Set runtime path of "/home/simpletime/practice/src/install/base_interface/lib/libbase_interface__rosidl_generator_py.so" to ""
[3.244s] -- Installing: /home/simpletime/practice/src/install/base_interface/share/base_interface/msg/Example.idl
[3.244s] -- Installing: /home/simpletime/practice/src/install/base_interface/share/base_interface/msg/Example.msg
[3.245s] -- Installing: /home/simpletime/practice/src/install/base_interface/share/ament_index/resource_index/package_run_dependencies/base_interface
[3.246s] -- Installing: /home/simpletime/practice/src/install/base_interface/share/ament_index/resource_index/parent_prefix_path/base_interface
[3.246s] -- Installing: /home/simpletime/practice/src/install/base_interface/share/base_interface/environment/ament_prefix_path.sh
[3.246s] -- Installing: /home/simpletime/practice/src/install/base_interface/share/base_interface/environment/ament_prefix_path.dsv
[3.246s] -- Installing: /home/simpletime/practice/src/install/base_interface/share/base_interface/environment/path.sh
[3.246s] -- Installing: /home/simpletime/practice/src/install/base_interface/share/base_interface/environment/path.dsv
[3.246s] -- Installing: /home/simpletime/practice/src/install/base_interface/share/base_interface/local_setup.bash
[3.246s] -- Installing: /home/simpletime/practice/src/install/base_interface/share/base_interface/local_setup.sh
[3.246s] -- Installing: /home/simpletime/practice/src/install/base_interface/share/base_interface/local_setup.zsh
[3.246s] -- Installing: /home/simpletime/practice/src/install/base_interface/share/base_interface/local_setup.dsv
[3.247s] -- Installing: /home/simpletime/practice/src/install/base_interface/share/base_interface/package.dsv
[3.247s] -- Installing: /home/simpletime/practice/src/install/base_interface/share/ament_index/resource_index/packages/base_interface
[3.247s] -- Installing: /home/simpletime/practice/src/install/base_interface/share/base_interface/cmake/export_base_interface__rosidl_generator_cExport.cmake
[3.247s] -- Installing: /home/simpletime/practice/src/install/base_interface/share/base_interface/cmake/export_base_interface__rosidl_generator_cExport-noconfig.cmake
[3.247s] -- Installing: /home/simpletime/practice/src/install/base_interface/share/base_interface/cmake/export_base_interface__rosidl_typesupport_fastrtps_cExport.cmake
[3.247s] -- Installing: /home/simpletime/practice/src/install/base_interface/share/base_interface/cmake/export_base_interface__rosidl_typesupport_fastrtps_cExport-noconfig.cmake
[3.247s] -- Installing: /home/simpletime/practice/src/install/base_interface/share/base_interface/cmake/export_base_interface__rosidl_generator_cppExport.cmake
[3.247s] -- Installing: /home/simpletime/practice/src/install/base_interface/share/base_interface/cmake/export_base_interface__rosidl_typesupport_fastrtps_cppExport.cmake
[3.247s] -- Installing: /home/simpletime/practice/src/install/base_interface/share/base_interface/cmake/export_base_interface__rosidl_typesupport_fastrtps_cppExport-noconfig.cmake
[3.247s] -- Installing: /home/simpletime/practice/src/install/base_interface/share/base_interface/cmake/base_interface__rosidl_typesupport_introspection_cExport.cmake
[3.247s] -- Installing: /home/simpletime/practice/src/install/base_interface/share/base_interface/cmake/base_interface__rosidl_typesupport_introspection_cExport-noconfig.cmake
[3.247s] -- Installing: /home/simpletime/practice/src/install/base_interface/share/base_interface/cmake/base_interface__rosidl_typesupport_cExport.cmake
[3.247s] -- Installing: /home/simpletime/practice/src/install/base_interface/share/base_interface/cmake/base_interface__rosidl_typesupport_cExport-noconfig.cmake
[3.247s] -- Installing: /home/simpletime/practice/src/install/base_interface/share/base_interface/cmake/base_interface__rosidl_typesupport_introspection_cppExport.cmake
[3.247s] -- Installing: /home/simpletime/practice/src/install/base_interface/share/base_interface/cmake/base_interface__rosidl_typesupport_introspection_cppExport-noconfig.cmake
[3.247s] -- Installing: /home/simpletime/practice/src/install/base_interface/share/base_interface/cmake/base_interface__rosidl_typesupport_cppExport.cmake
[3.248s] -- Installing: /home/simpletime/practice/src/install/base_interface/share/base_interface/cmake/base_interface__rosidl_typesupport_cppExport-noconfig.cmake
[3.248s] -- Installing: /home/simpletime/practice/src/install/base_interface/share/base_interface/cmake/export_base_interface__rosidl_generator_pyExport.cmake
[3.248s] -- Installing: /home/simpletime/practice/src/install/base_interface/share/base_interface/cmake/export_base_interface__rosidl_generator_pyExport-noconfig.cmake
[3.248s] -- Installing: /home/simpletime/practice/src/install/base_interface/share/base_interface/cmake/rosidl_cmake-extras.cmake
[3.249s] -- Installing: /home/simpletime/practice/src/install/base_interface/share/base_interface/cmake/ament_cmake_export_include_directories-extras.cmake
[3.249s] -- Installing: /home/simpletime/practice/src/install/base_interface/share/base_interface/cmake/ament_cmake_export_libraries-extras.cmake
[3.249s] -- Installing: /home/simpletime/practice/src/install/base_interface/share/base_interface/cmake/ament_cmake_export_targets-extras.cmake
[3.249s] -- Installing: /home/simpletime/practice/src/install/base_interface/share/base_interface/cmake/rosidl_cmake_export_typesupport_targets-extras.cmake
[3.249s] -- Installing: /home/simpletime/practice/src/install/base_interface/share/base_interface/cmake/ament_cmake_export_dependencies-extras.cmake
[3.249s] -- Installing: /home/simpletime/practice/src/install/base_interface/share/base_interface/cmake/rosidl_cmake_export_typesupport_libraries-extras.cmake
[3.249s] -- Installing: /home/simpletime/practice/src/install/base_interface/share/base_interface/cmake/base_interfaceConfig.cmake
[3.249s] -- Installing: /home/simpletime/practice/src/install/base_interface/share/base_interface/cmake/base_interfaceConfig-version.cmake
[3.249s] -- Installing: /home/simpletime/practice/src/install/base_interface/share/base_interface/package.xml
[3.252s] Invoked command in '/home/simpletime/practice/src/build/base_interface' returned '0': CMAKE_PREFIX_PATH=/opt/ros/humble /usr/bin/cmake --install /home/simpletime/practice/src/build/base_interface
