[0.143s] DEBUG:colcon:Command line arguments: ['/usr/bin/colcon', 'build']
[0.143s] DEBUG:colcon:Parsed command line arguments: Namespace(log_base=None, log_level=None, verb_name='build', build_base='build', install_base='install', merge_install=False, symlink_install=False, test_result_base=None, continue_on_error=False, executor='parallel', parallel_workers=4, event_handlers=None, ignore_user_meta=False, metas=['./colcon.meta'], base_paths=['.'], packages_ignore=None, packages_ignore_regex=None, paths=None, packages_up_to=None, packages_up_to_regex=None, packages_above=None, packages_above_and_dependencies=None, packages_above_depth=None, packages_select_by_dep=None, packages_skip_by_dep=None, packages_skip_up_to=None, packages_select_build_failed=False, packages_skip_build_finished=False, packages_select_test_failures=False, packages_skip_test_passed=False, packages_select=None, packages_skip=None, packages_select_regex=None, packages_skip_regex=None, packages_start=None, packages_end=None, allow_overriding=[], cmake_args=None, cmake_target=None, cmake_target_skip_unavailable=False, cmake_clean_cache=False, cmake_clean_first=False, cmake_force_configure=False, ament_cmake_args=None, catkin_cmake_args=None, catkin_skip_building_tests=False, verb_parser=<colcon_defaults.argument_parser.defaults.DefaultArgumentsDecorator object at 0x7f14e840fcd0>, verb_extension=<colcon_core.verb.build.BuildVerb object at 0x7f14e8558880>, main=<bound method BuildVerb.main of <colcon_core.verb.build.BuildVerb object at 0x7f14e8558880>>)
[0.357s] Level 1:colcon.colcon_core.package_discovery:discover_packages(colcon_meta) check parameters
[0.357s] Level 1:colcon.colcon_core.package_discovery:discover_packages(recursive) check parameters
[0.357s] Level 1:colcon.colcon_core.package_discovery:discover_packages(ignore) check parameters
[0.357s] Level 1:colcon.colcon_core.package_discovery:discover_packages(path) check parameters
[0.357s] Level 1:colcon.colcon_core.package_discovery:discover_packages(colcon_meta) discover
[0.357s] Level 1:colcon.colcon_core.package_discovery:discover_packages(recursive) discover
[0.357s] INFO:colcon.colcon_core.package_discovery:Crawling recursively for packages in '/home/simpletime/exam'
[0.357s] Level 1:colcon.colcon_core.package_identification:_identify(.) by extensions ['ignore', 'ignore_ament_install']
[0.357s] Level 1:colcon.colcon_core.package_identification:_identify(.) by extension 'ignore'
[0.357s] Level 1:colcon.colcon_core.package_identification:_identify(.) by extension 'ignore_ament_install'
[0.357s] Level 1:colcon.colcon_core.package_identification:_identify(.) by extensions ['colcon_pkg']
[0.357s] Level 1:colcon.colcon_core.package_identification:_identify(.) by extension 'colcon_pkg'
[0.357s] Level 1:colcon.colcon_core.package_identification:_identify(.) by extensions ['colcon_meta']
[0.357s] Level 1:colcon.colcon_core.package_identification:_identify(.) by extension 'colcon_meta'
[0.357s] Level 1:colcon.colcon_core.package_identification:_identify(.) by extensions ['ros']
[0.357s] Level 1:colcon.colcon_core.package_identification:_identify(.) by extension 'ros'
[0.365s] Level 1:colcon.colcon_core.package_identification:_identify(.) by extensions ['cmake', 'python']
[0.365s] Level 1:colcon.colcon_core.package_identification:_identify(.) by extension 'cmake'
[0.365s] Level 1:colcon.colcon_core.package_identification:_identify(.) by extension 'python'
[0.366s] Level 1:colcon.colcon_core.package_identification:_identify(.) by extensions ['python_setup_py']
[0.366s] Level 1:colcon.colcon_core.package_identification:_identify(.) by extension 'python_setup_py'
[0.366s] Level 1:colcon.colcon_core.package_identification:_identify(build) by extensions ['ignore', 'ignore_ament_install']
[0.366s] Level 1:colcon.colcon_core.package_identification:_identify(build) by extension 'ignore'
[0.366s] Level 1:colcon.colcon_core.package_identification:_identify(build) ignored
[0.366s] Level 1:colcon.colcon_core.package_identification:_identify(install) by extensions ['ignore', 'ignore_ament_install']
[0.366s] Level 1:colcon.colcon_core.package_identification:_identify(install) by extension 'ignore'
[0.366s] Level 1:colcon.colcon_core.package_identification:_identify(install) ignored
[0.366s] Level 1:colcon.colcon_core.package_identification:_identify(log) by extensions ['ignore', 'ignore_ament_install']
[0.366s] Level 1:colcon.colcon_core.package_identification:_identify(log) by extension 'ignore'
[0.366s] Level 1:colcon.colcon_core.package_identification:_identify(log) ignored
[0.366s] Level 1:colcon.colcon_core.package_identification:_identify(src) by extensions ['ignore', 'ignore_ament_install']
[0.366s] Level 1:colcon.colcon_core.package_identification:_identify(src) by extension 'ignore'
[0.366s] Level 1:colcon.colcon_core.package_identification:_identify(src) by extension 'ignore_ament_install'
[0.366s] Level 1:colcon.colcon_core.package_identification:_identify(src) by extensions ['colcon_pkg']
[0.366s] Level 1:colcon.colcon_core.package_identification:_identify(src) by extension 'colcon_pkg'
[0.366s] Level 1:colcon.colcon_core.package_identification:_identify(src) by extensions ['colcon_meta']
[0.366s] Level 1:colcon.colcon_core.package_identification:_identify(src) by extension 'colcon_meta'
[0.366s] Level 1:colcon.colcon_core.package_identification:_identify(src) by extensions ['ros']
[0.366s] Level 1:colcon.colcon_core.package_identification:_identify(src) by extension 'ros'
[0.366s] Level 1:colcon.colcon_core.package_identification:_identify(src) by extensions ['cmake', 'python']
[0.366s] Level 1:colcon.colcon_core.package_identification:_identify(src) by extension 'cmake'
[0.366s] Level 1:colcon.colcon_core.package_identification:_identify(src) by extension 'python'
[0.366s] Level 1:colcon.colcon_core.package_identification:_identify(src) by extensions ['python_setup_py']
[0.366s] Level 1:colcon.colcon_core.package_identification:_identify(src) by extension 'python_setup_py'
[0.367s] Level 1:colcon.colcon_core.package_identification:_identify(src/base_interface) by extensions ['ignore', 'ignore_ament_install']
[0.367s] Level 1:colcon.colcon_core.package_identification:_identify(src/base_interface) by extension 'ignore'
[0.367s] Level 1:colcon.colcon_core.package_identification:_identify(src/base_interface) by extension 'ignore_ament_install'
[0.367s] Level 1:colcon.colcon_core.package_identification:_identify(src/base_interface) by extensions ['colcon_pkg']
[0.367s] Level 1:colcon.colcon_core.package_identification:_identify(src/base_interface) by extension 'colcon_pkg'
[0.367s] Level 1:colcon.colcon_core.package_identification:_identify(src/base_interface) by extensions ['colcon_meta']
[0.367s] Level 1:colcon.colcon_core.package_identification:_identify(src/base_interface) by extension 'colcon_meta'
[0.367s] Level 1:colcon.colcon_core.package_identification:_identify(src/base_interface) by extensions ['ros']
[0.367s] Level 1:colcon.colcon_core.package_identification:_identify(src/base_interface) by extension 'ros'
[0.371s] DEBUG:colcon.colcon_core.package_identification:Package 'src/base_interface' with type 'ros.ament_cmake' and name 'base_interface'
[0.371s] Level 1:colcon.colcon_core.package_identification:_identify(src/cpp_auto) by extensions ['ignore', 'ignore_ament_install']
[0.371s] Level 1:colcon.colcon_core.package_identification:_identify(src/cpp_auto) by extension 'ignore'
[0.371s] Level 1:colcon.colcon_core.package_identification:_identify(src/cpp_auto) by extension 'ignore_ament_install'
[0.371s] Level 1:colcon.colcon_core.package_identification:_identify(src/cpp_auto) by extensions ['colcon_pkg']
[0.371s] Level 1:colcon.colcon_core.package_identification:_identify(src/cpp_auto) by extension 'colcon_pkg'
[0.371s] Level 1:colcon.colcon_core.package_identification:_identify(src/cpp_auto) by extensions ['colcon_meta']
[0.371s] Level 1:colcon.colcon_core.package_identification:_identify(src/cpp_auto) by extension 'colcon_meta'
[0.371s] Level 1:colcon.colcon_core.package_identification:_identify(src/cpp_auto) by extensions ['ros']
[0.371s] Level 1:colcon.colcon_core.package_identification:_identify(src/cpp_auto) by extension 'ros'
[0.372s] DEBUG:colcon.colcon_core.package_identification:Package 'src/cpp_auto' with type 'ros.ament_cmake' and name 'cpp_auto'
[0.372s] Level 1:colcon.colcon_core.package_identification:_identify(src/cpp_topic) by extensions ['ignore', 'ignore_ament_install']
[0.372s] Level 1:colcon.colcon_core.package_identification:_identify(src/cpp_topic) by extension 'ignore'
[0.372s] Level 1:colcon.colcon_core.package_identification:_identify(src/cpp_topic) by extension 'ignore_ament_install'
[0.372s] Level 1:colcon.colcon_core.package_identification:_identify(src/cpp_topic) by extensions ['colcon_pkg']
[0.372s] Level 1:colcon.colcon_core.package_identification:_identify(src/cpp_topic) by extension 'colcon_pkg'
[0.372s] Level 1:colcon.colcon_core.package_identification:_identify(src/cpp_topic) by extensions ['colcon_meta']
[0.372s] Level 1:colcon.colcon_core.package_identification:_identify(src/cpp_topic) by extension 'colcon_meta'
[0.372s] Level 1:colcon.colcon_core.package_identification:_identify(src/cpp_topic) by extensions ['ros']
[0.372s] Level 1:colcon.colcon_core.package_identification:_identify(src/cpp_topic) by extension 'ros'
[0.373s] DEBUG:colcon.colcon_core.package_identification:Package 'src/cpp_topic' with type 'ros.ament_cmake' and name 'cpp_topic'
[0.373s] Level 1:colcon.colcon_core.package_discovery:discover_packages(recursive) using defaults
[0.373s] Level 1:colcon.colcon_core.package_discovery:discover_packages(ignore) discover
[0.373s] Level 1:colcon.colcon_core.package_discovery:discover_packages(ignore) using defaults
[0.373s] Level 1:colcon.colcon_core.package_discovery:discover_packages(path) discover
[0.373s] Level 1:colcon.colcon_core.package_discovery:discover_packages(path) using defaults
[0.402s] Level 1:colcon.colcon_core.package_discovery:discover_packages(prefix_path) check parameters
[0.402s] Level 1:colcon.colcon_core.package_discovery:discover_packages(prefix_path) discover
[0.406s] DEBUG:colcon.colcon_installed_package_information.package_discovery:Found 270 installed packages in /opt/ros/humble
[0.407s] Level 1:colcon.colcon_core.package_discovery:discover_packages(prefix_path) using defaults
[0.463s] Level 5:colcon.colcon_core.verb:set package 'base_interface' build argument 'cmake_args' from command line to 'None'
[0.463s] Level 5:colcon.colcon_core.verb:set package 'base_interface' build argument 'cmake_target' from command line to 'None'
[0.463s] Level 5:colcon.colcon_core.verb:set package 'base_interface' build argument 'cmake_target_skip_unavailable' from command line to 'False'
[0.463s] Level 5:colcon.colcon_core.verb:set package 'base_interface' build argument 'cmake_clean_cache' from command line to 'False'
[0.463s] Level 5:colcon.colcon_core.verb:set package 'base_interface' build argument 'cmake_clean_first' from command line to 'False'
[0.463s] Level 5:colcon.colcon_core.verb:set package 'base_interface' build argument 'cmake_force_configure' from command line to 'False'
[0.463s] Level 5:colcon.colcon_core.verb:set package 'base_interface' build argument 'ament_cmake_args' from command line to 'None'
[0.463s] Level 5:colcon.colcon_core.verb:set package 'base_interface' build argument 'catkin_cmake_args' from command line to 'None'
[0.463s] Level 5:colcon.colcon_core.verb:set package 'base_interface' build argument 'catkin_skip_building_tests' from command line to 'False'
[0.463s] DEBUG:colcon.colcon_core.verb:Building package 'base_interface' with the following arguments: {'ament_cmake_args': None, 'build_base': '/home/simpletime/exam/build/base_interface', 'catkin_cmake_args': None, 'catkin_skip_building_tests': False, 'cmake_args': None, 'cmake_clean_cache': False, 'cmake_clean_first': False, 'cmake_force_configure': False, 'cmake_target': None, 'cmake_target_skip_unavailable': False, 'install_base': '/home/simpletime/exam/install/base_interface', 'merge_install': False, 'path': '/home/simpletime/exam/src/base_interface', 'symlink_install': False, 'test_result_base': None}
[0.463s] Level 5:colcon.colcon_core.verb:set package 'cpp_auto' build argument 'cmake_args' from command line to 'None'
[0.463s] Level 5:colcon.colcon_core.verb:set package 'cpp_auto' build argument 'cmake_target' from command line to 'None'
[0.463s] Level 5:colcon.colcon_core.verb:set package 'cpp_auto' build argument 'cmake_target_skip_unavailable' from command line to 'False'
[0.463s] Level 5:colcon.colcon_core.verb:set package 'cpp_auto' build argument 'cmake_clean_cache' from command line to 'False'
[0.463s] Level 5:colcon.colcon_core.verb:set package 'cpp_auto' build argument 'cmake_clean_first' from command line to 'False'
[0.463s] Level 5:colcon.colcon_core.verb:set package 'cpp_auto' build argument 'cmake_force_configure' from command line to 'False'
[0.463s] Level 5:colcon.colcon_core.verb:set package 'cpp_auto' build argument 'ament_cmake_args' from command line to 'None'
[0.464s] Level 5:colcon.colcon_core.verb:set package 'cpp_auto' build argument 'catkin_cmake_args' from command line to 'None'
[0.464s] Level 5:colcon.colcon_core.verb:set package 'cpp_auto' build argument 'catkin_skip_building_tests' from command line to 'False'
[0.464s] DEBUG:colcon.colcon_core.verb:Building package 'cpp_auto' with the following arguments: {'ament_cmake_args': None, 'build_base': '/home/simpletime/exam/build/cpp_auto', 'catkin_cmake_args': None, 'catkin_skip_building_tests': False, 'cmake_args': None, 'cmake_clean_cache': False, 'cmake_clean_first': False, 'cmake_force_configure': False, 'cmake_target': None, 'cmake_target_skip_unavailable': False, 'install_base': '/home/simpletime/exam/install/cpp_auto', 'merge_install': False, 'path': '/home/simpletime/exam/src/cpp_auto', 'symlink_install': False, 'test_result_base': None}
[0.464s] Level 5:colcon.colcon_core.verb:set package 'cpp_topic' build argument 'cmake_args' from command line to 'None'
[0.464s] Level 5:colcon.colcon_core.verb:set package 'cpp_topic' build argument 'cmake_target' from command line to 'None'
[0.464s] Level 5:colcon.colcon_core.verb:set package 'cpp_topic' build argument 'cmake_target_skip_unavailable' from command line to 'False'
[0.464s] Level 5:colcon.colcon_core.verb:set package 'cpp_topic' build argument 'cmake_clean_cache' from command line to 'False'
[0.464s] Level 5:colcon.colcon_core.verb:set package 'cpp_topic' build argument 'cmake_clean_first' from command line to 'False'
[0.464s] Level 5:colcon.colcon_core.verb:set package 'cpp_topic' build argument 'cmake_force_configure' from command line to 'False'
[0.464s] Level 5:colcon.colcon_core.verb:set package 'cpp_topic' build argument 'ament_cmake_args' from command line to 'None'
[0.464s] Level 5:colcon.colcon_core.verb:set package 'cpp_topic' build argument 'catkin_cmake_args' from command line to 'None'
[0.464s] Level 5:colcon.colcon_core.verb:set package 'cpp_topic' build argument 'catkin_skip_building_tests' from command line to 'False'
[0.464s] DEBUG:colcon.colcon_core.verb:Building package 'cpp_topic' with the following arguments: {'ament_cmake_args': None, 'build_base': '/home/simpletime/exam/build/cpp_topic', 'catkin_cmake_args': None, 'catkin_skip_building_tests': False, 'cmake_args': None, 'cmake_clean_cache': False, 'cmake_clean_first': False, 'cmake_force_configure': False, 'cmake_target': None, 'cmake_target_skip_unavailable': False, 'install_base': '/home/simpletime/exam/install/cpp_topic', 'merge_install': False, 'path': '/home/simpletime/exam/src/cpp_topic', 'symlink_install': False, 'test_result_base': None}
[0.464s] INFO:colcon.colcon_core.executor:Executing jobs using 'parallel' executor
[0.465s] DEBUG:colcon.colcon_parallel_executor.executor.parallel:run_until_complete
[0.465s] INFO:colcon.colcon_ros.task.ament_cmake.build:Building ROS package in '/home/simpletime/exam/src/base_interface' with build type 'ament_cmake'
[0.465s] INFO:colcon.colcon_cmake.task.cmake.build:Building CMake package in '/home/simpletime/exam/src/base_interface'
[0.472s] INFO:colcon.colcon_core.plugin_system:Skipping extension 'colcon_core.shell.bat': Not used on non-Windows systems
[0.472s] INFO:colcon.colcon_core.shell:Skip shell extension 'powershell' for command environment: Not usable outside of PowerShell
[0.472s] DEBUG:colcon.colcon_core.shell:Skip shell extension 'dsv' for command environment
[0.479s] DEBUG:colcon.colcon_core.event_handler.log_command:Invoking command in '/home/simpletime/exam/build/base_interface': CMAKE_PREFIX_PATH=/opt/ros/humble /usr/bin/cmake --build /home/simpletime/exam/build/base_interface -- -j4 -l4
[0.780s] DEBUG:colcon.colcon_core.event_handler.log_command:Invoked command in '/home/simpletime/exam/build/base_interface' returned '0': CMAKE_PREFIX_PATH=/opt/ros/humble /usr/bin/cmake --build /home/simpletime/exam/build/base_interface -- -j4 -l4
[0.846s] DEBUG:colcon.colcon_core.event_handler.log_command:Invoking command in '/home/simpletime/exam/build/base_interface': CMAKE_PREFIX_PATH=/opt/ros/humble /usr/bin/cmake --install /home/simpletime/exam/build/base_interface
[0.901s] Level 1:colcon.colcon_core.environment:create_environment_scripts_only(base_interface)
[0.902s] DEBUG:colcon.colcon_core.event_handler.log_command:Invoked command in '/home/simpletime/exam/build/base_interface' returned '0': CMAKE_PREFIX_PATH=/opt/ros/humble /usr/bin/cmake --install /home/simpletime/exam/build/base_interface
[0.908s] Level 1:colcon.colcon_core.environment:checking '/home/simpletime/exam/install/base_interface' for CMake module files
[0.909s] Level 1:colcon.colcon_core.environment:checking '/home/simpletime/exam/install/base_interface' for CMake config files
[0.909s] Level 1:colcon.colcon_core.shell:create_environment_hook('base_interface', 'cmake_prefix_path')
[0.910s] INFO:colcon.colcon_core.shell:Creating environment hook '/home/simpletime/exam/install/base_interface/share/base_interface/hook/cmake_prefix_path.ps1'
[0.911s] INFO:colcon.colcon_core.shell:Creating environment descriptor '/home/simpletime/exam/install/base_interface/share/base_interface/hook/cmake_prefix_path.dsv'
[0.912s] INFO:colcon.colcon_core.shell:Creating environment hook '/home/simpletime/exam/install/base_interface/share/base_interface/hook/cmake_prefix_path.sh'
[0.913s] Level 1:colcon.colcon_core.environment:checking '/home/simpletime/exam/install/base_interface/lib'
[0.913s] Level 1:colcon.colcon_core.shell:create_environment_hook('base_interface', 'ld_library_path_lib')
[0.913s] INFO:colcon.colcon_core.shell:Creating environment hook '/home/simpletime/exam/install/base_interface/share/base_interface/hook/ld_library_path_lib.ps1'
[0.914s] INFO:colcon.colcon_core.shell:Creating environment descriptor '/home/simpletime/exam/install/base_interface/share/base_interface/hook/ld_library_path_lib.dsv'
[0.914s] INFO:colcon.colcon_core.shell:Creating environment hook '/home/simpletime/exam/install/base_interface/share/base_interface/hook/ld_library_path_lib.sh'
[0.914s] Level 1:colcon.colcon_core.environment:checking '/home/simpletime/exam/install/base_interface/bin'
[0.914s] Level 1:colcon.colcon_core.environment:checking '/home/simpletime/exam/install/base_interface/lib/pkgconfig/base_interface.pc'
[0.915s] Level 1:colcon.colcon_core.environment:checking '/home/simpletime/exam/install/base_interface/lib/python3.10/site-packages'
[0.915s] Level 1:colcon.colcon_core.environment:checking '/home/simpletime/exam/install/base_interface/bin'
[0.915s] INFO:colcon.colcon_core.shell:Creating package script '/home/simpletime/exam/install/base_interface/share/base_interface/package.ps1'
[0.916s] INFO:colcon.colcon_core.shell:Creating package descriptor '/home/simpletime/exam/install/base_interface/share/base_interface/package.dsv'
[0.916s] INFO:colcon.colcon_core.shell:Creating package script '/home/simpletime/exam/install/base_interface/share/base_interface/package.sh'
[0.918s] INFO:colcon.colcon_core.shell:Creating package script '/home/simpletime/exam/install/base_interface/share/base_interface/package.bash'
[0.919s] INFO:colcon.colcon_core.shell:Creating package script '/home/simpletime/exam/install/base_interface/share/base_interface/package.zsh'
[0.921s] Level 1:colcon.colcon_core.environment:create_file_with_runtime_dependencies(/home/simpletime/exam/install/base_interface/share/colcon-core/packages/base_interface)
[0.987s] Level 1:colcon.colcon_core.environment:create_environment_scripts_only(base_interface)
[0.987s] Level 1:colcon.colcon_core.environment:checking '/home/simpletime/exam/install/base_interface' for CMake module files
[0.988s] Level 1:colcon.colcon_core.environment:checking '/home/simpletime/exam/install/base_interface' for CMake config files
[0.988s] Level 1:colcon.colcon_core.shell:create_environment_hook('base_interface', 'cmake_prefix_path')
[0.989s] INFO:colcon.colcon_core.shell:Creating environment hook '/home/simpletime/exam/install/base_interface/share/base_interface/hook/cmake_prefix_path.ps1'
[0.989s] INFO:colcon.colcon_core.shell:Creating environment descriptor '/home/simpletime/exam/install/base_interface/share/base_interface/hook/cmake_prefix_path.dsv'
[0.989s] INFO:colcon.colcon_core.shell:Creating environment hook '/home/simpletime/exam/install/base_interface/share/base_interface/hook/cmake_prefix_path.sh'
[0.990s] Level 1:colcon.colcon_core.environment:checking '/home/simpletime/exam/install/base_interface/lib'
[0.990s] Level 1:colcon.colcon_core.shell:create_environment_hook('base_interface', 'ld_library_path_lib')
[0.990s] INFO:colcon.colcon_core.shell:Creating environment hook '/home/simpletime/exam/install/base_interface/share/base_interface/hook/ld_library_path_lib.ps1'
[0.990s] INFO:colcon.colcon_core.shell:Creating environment descriptor '/home/simpletime/exam/install/base_interface/share/base_interface/hook/ld_library_path_lib.dsv'
[0.991s] INFO:colcon.colcon_core.shell:Creating environment hook '/home/simpletime/exam/install/base_interface/share/base_interface/hook/ld_library_path_lib.sh'
[0.991s] Level 1:colcon.colcon_core.environment:checking '/home/simpletime/exam/install/base_interface/bin'
[0.991s] Level 1:colcon.colcon_core.environment:checking '/home/simpletime/exam/install/base_interface/lib/pkgconfig/base_interface.pc'
[0.991s] Level 1:colcon.colcon_core.environment:checking '/home/simpletime/exam/install/base_interface/lib/python3.10/site-packages'
[0.992s] Level 1:colcon.colcon_core.environment:checking '/home/simpletime/exam/install/base_interface/bin'
[0.992s] INFO:colcon.colcon_core.shell:Creating package script '/home/simpletime/exam/install/base_interface/share/base_interface/package.ps1'
[0.992s] INFO:colcon.colcon_core.shell:Creating package descriptor '/home/simpletime/exam/install/base_interface/share/base_interface/package.dsv'
[0.992s] INFO:colcon.colcon_core.shell:Creating package script '/home/simpletime/exam/install/base_interface/share/base_interface/package.sh'
[0.993s] INFO:colcon.colcon_core.shell:Creating package script '/home/simpletime/exam/install/base_interface/share/base_interface/package.bash'
[0.993s] INFO:colcon.colcon_core.shell:Creating package script '/home/simpletime/exam/install/base_interface/share/base_interface/package.zsh'
[0.994s] Level 1:colcon.colcon_core.environment:create_file_with_runtime_dependencies(/home/simpletime/exam/install/base_interface/share/colcon-core/packages/base_interface)
[0.994s] INFO:colcon.colcon_ros.task.ament_cmake.build:Building ROS package in '/home/simpletime/exam/src/cpp_auto' with build type 'ament_cmake'
[0.994s] INFO:colcon.colcon_cmake.task.cmake.build:Building CMake package in '/home/simpletime/exam/src/cpp_auto'
[0.995s] INFO:colcon.colcon_core.shell:Skip shell extension 'powershell' for command environment: Not usable outside of PowerShell
[0.995s] DEBUG:colcon.colcon_core.shell:Skip shell extension 'dsv' for command environment
[0.998s] INFO:colcon.colcon_ros.task.ament_cmake.build:Building ROS package in '/home/simpletime/exam/src/cpp_topic' with build type 'ament_cmake'
[0.998s] INFO:colcon.colcon_cmake.task.cmake.build:Building CMake package in '/home/simpletime/exam/src/cpp_topic'
[0.998s] INFO:colcon.colcon_core.shell:Skip shell extension 'powershell' for command environment: Not usable outside of PowerShell
[0.998s] DEBUG:colcon.colcon_core.shell:Skip shell extension 'dsv' for command environment
[1.011s] DEBUG:colcon.colcon_core.event_handler.log_command:Invoking command in '/home/simpletime/exam/build/cpp_topic': AMENT_PREFIX_PATH=/home/simpletime/exam/install/base_interface:${AMENT_PREFIX_PATH} CMAKE_PREFIX_PATH=/home/simpletime/exam/install/base_interface:/opt/ros/humble LD_LIBRARY_PATH=/home/simpletime/exam/install/base_interface/lib:${LD_LIBRARY_PATH} PYTHONPATH=/home/simpletime/exam/install/base_interface/local/lib/python3.10/dist-packages:${PYTHONPATH} /usr/bin/cmake --build /home/simpletime/exam/build/cpp_topic -- -j4 -l4
[1.015s] DEBUG:colcon.colcon_core.event_handler.log_command:Invoking command in '/home/simpletime/exam/build/cpp_auto': AMENT_PREFIX_PATH=/home/simpletime/exam/install/base_interface:${AMENT_PREFIX_PATH} CMAKE_PREFIX_PATH=/home/simpletime/exam/install/base_interface:/opt/ros/humble LD_LIBRARY_PATH=/home/simpletime/exam/install/base_interface/lib:${LD_LIBRARY_PATH} PYTHONPATH=/home/simpletime/exam/install/base_interface/local/lib/python3.10/dist-packages:${PYTHONPATH} /usr/bin/cmake /home/simpletime/exam/src/cpp_auto -DCMAKE_INSTALL_PREFIX=/home/simpletime/exam/install/cpp_auto
[1.110s] DEBUG:colcon.colcon_core.event_handler.log_command:Invoked command in '/home/simpletime/exam/build/cpp_topic' returned '0': AMENT_PREFIX_PATH=/home/simpletime/exam/install/base_interface:${AMENT_PREFIX_PATH} CMAKE_PREFIX_PATH=/home/simpletime/exam/install/base_interface:/opt/ros/humble LD_LIBRARY_PATH=/home/simpletime/exam/install/base_interface/lib:${LD_LIBRARY_PATH} PYTHONPATH=/home/simpletime/exam/install/base_interface/local/lib/python3.10/dist-packages:${PYTHONPATH} /usr/bin/cmake --build /home/simpletime/exam/build/cpp_topic -- -j4 -l4
[1.149s] DEBUG:colcon.colcon_core.event_handler.log_command:Invoking command in '/home/simpletime/exam/build/cpp_topic': AMENT_PREFIX_PATH=/home/simpletime/exam/install/base_interface:${AMENT_PREFIX_PATH} CMAKE_PREFIX_PATH=/home/simpletime/exam/install/base_interface:/opt/ros/humble LD_LIBRARY_PATH=/home/simpletime/exam/install/base_interface/lib:${LD_LIBRARY_PATH} PYTHONPATH=/home/simpletime/exam/install/base_interface/local/lib/python3.10/dist-packages:${PYTHONPATH} /usr/bin/cmake --install /home/simpletime/exam/build/cpp_topic
[1.156s] Level 1:colcon.colcon_core.environment:create_environment_scripts_only(cpp_topic)
[1.156s] Level 1:colcon.colcon_core.environment:checking '/home/simpletime/exam/install/cpp_topic' for CMake module files
[1.157s] DEBUG:colcon.colcon_core.event_handler.log_command:Invoked command in '/home/simpletime/exam/build/cpp_topic' returned '0': AMENT_PREFIX_PATH=/home/simpletime/exam/install/base_interface:${AMENT_PREFIX_PATH} CMAKE_PREFIX_PATH=/home/simpletime/exam/install/base_interface:/opt/ros/humble LD_LIBRARY_PATH=/home/simpletime/exam/install/base_interface/lib:${LD_LIBRARY_PATH} PYTHONPATH=/home/simpletime/exam/install/base_interface/local/lib/python3.10/dist-packages:${PYTHONPATH} /usr/bin/cmake --install /home/simpletime/exam/build/cpp_topic
[1.158s] Level 1:colcon.colcon_core.environment:checking '/home/simpletime/exam/install/cpp_topic' for CMake config files
[1.158s] Level 1:colcon.colcon_core.shell:create_environment_hook('cpp_topic', 'cmake_prefix_path')
[1.158s] INFO:colcon.colcon_core.shell:Creating environment hook '/home/simpletime/exam/install/cpp_topic/share/cpp_topic/hook/cmake_prefix_path.ps1'
[1.159s] INFO:colcon.colcon_core.shell:Creating environment descriptor '/home/simpletime/exam/install/cpp_topic/share/cpp_topic/hook/cmake_prefix_path.dsv'
[1.159s] INFO:colcon.colcon_core.shell:Creating environment hook '/home/simpletime/exam/install/cpp_topic/share/cpp_topic/hook/cmake_prefix_path.sh'
[1.160s] Level 1:colcon.colcon_core.environment:checking '/home/simpletime/exam/install/cpp_topic/lib'
[1.160s] Level 1:colcon.colcon_core.environment:checking '/home/simpletime/exam/install/cpp_topic/bin'
[1.160s] Level 1:colcon.colcon_core.environment:checking '/home/simpletime/exam/install/cpp_topic/lib/pkgconfig/cpp_topic.pc'
[1.160s] Level 1:colcon.colcon_core.environment:checking '/home/simpletime/exam/install/cpp_topic/lib/python3.10/site-packages'
[1.160s] Level 1:colcon.colcon_core.environment:checking '/home/simpletime/exam/install/cpp_topic/bin'
[1.160s] INFO:colcon.colcon_core.shell:Creating package script '/home/simpletime/exam/install/cpp_topic/share/cpp_topic/package.ps1'
[1.160s] INFO:colcon.colcon_core.shell:Creating package descriptor '/home/simpletime/exam/install/cpp_topic/share/cpp_topic/package.dsv'
[1.161s] INFO:colcon.colcon_core.shell:Creating package script '/home/simpletime/exam/install/cpp_topic/share/cpp_topic/package.sh'
[1.161s] INFO:colcon.colcon_core.shell:Creating package script '/home/simpletime/exam/install/cpp_topic/share/cpp_topic/package.bash'
[1.161s] INFO:colcon.colcon_core.shell:Creating package script '/home/simpletime/exam/install/cpp_topic/share/cpp_topic/package.zsh'
[1.162s] Level 1:colcon.colcon_core.environment:create_file_with_runtime_dependencies(/home/simpletime/exam/install/cpp_topic/share/colcon-core/packages/cpp_topic)
[1.202s] Level 1:colcon.colcon_core.environment:create_environment_scripts_only(cpp_topic)
[1.202s] Level 1:colcon.colcon_core.environment:checking '/home/simpletime/exam/install/cpp_topic' for CMake module files
[1.202s] Level 1:colcon.colcon_core.environment:checking '/home/simpletime/exam/install/cpp_topic' for CMake config files
[1.203s] Level 1:colcon.colcon_core.shell:create_environment_hook('cpp_topic', 'cmake_prefix_path')
[1.203s] INFO:colcon.colcon_core.shell:Creating environment hook '/home/simpletime/exam/install/cpp_topic/share/cpp_topic/hook/cmake_prefix_path.ps1'
[1.203s] INFO:colcon.colcon_core.shell:Creating environment descriptor '/home/simpletime/exam/install/cpp_topic/share/cpp_topic/hook/cmake_prefix_path.dsv'
[1.203s] INFO:colcon.colcon_core.shell:Creating environment hook '/home/simpletime/exam/install/cpp_topic/share/cpp_topic/hook/cmake_prefix_path.sh'
[1.204s] Level 1:colcon.colcon_core.environment:checking '/home/simpletime/exam/install/cpp_topic/lib'
[1.204s] Level 1:colcon.colcon_core.environment:checking '/home/simpletime/exam/install/cpp_topic/bin'
[1.204s] Level 1:colcon.colcon_core.environment:checking '/home/simpletime/exam/install/cpp_topic/lib/pkgconfig/cpp_topic.pc'
[1.204s] Level 1:colcon.colcon_core.environment:checking '/home/simpletime/exam/install/cpp_topic/lib/python3.10/site-packages'
[1.205s] Level 1:colcon.colcon_core.environment:checking '/home/simpletime/exam/install/cpp_topic/bin'
[1.205s] INFO:colcon.colcon_core.shell:Creating package script '/home/simpletime/exam/install/cpp_topic/share/cpp_topic/package.ps1'
[1.205s] INFO:colcon.colcon_core.shell:Creating package descriptor '/home/simpletime/exam/install/cpp_topic/share/cpp_topic/package.dsv'
[1.206s] INFO:colcon.colcon_core.shell:Creating package script '/home/simpletime/exam/install/cpp_topic/share/cpp_topic/package.sh'
[1.206s] INFO:colcon.colcon_core.shell:Creating package script '/home/simpletime/exam/install/cpp_topic/share/cpp_topic/package.bash'
[1.207s] INFO:colcon.colcon_core.shell:Creating package script '/home/simpletime/exam/install/cpp_topic/share/cpp_topic/package.zsh'
[1.207s] Level 1:colcon.colcon_core.environment:create_file_with_runtime_dependencies(/home/simpletime/exam/install/cpp_topic/share/colcon-core/packages/cpp_topic)
[2.295s] DEBUG:colcon.colcon_core.event_handler.log_command:Invoked command in '/home/simpletime/exam/build/cpp_auto' returned '0': AMENT_PREFIX_PATH=/home/simpletime/exam/install/base_interface:${AMENT_PREFIX_PATH} CMAKE_PREFIX_PATH=/home/simpletime/exam/install/base_interface:/opt/ros/humble LD_LIBRARY_PATH=/home/simpletime/exam/install/base_interface/lib:${LD_LIBRARY_PATH} PYTHONPATH=/home/simpletime/exam/install/base_interface/local/lib/python3.10/dist-packages:${PYTHONPATH} /usr/bin/cmake /home/simpletime/exam/src/cpp_auto -DCMAKE_INSTALL_PREFIX=/home/simpletime/exam/install/cpp_auto
[2.297s] DEBUG:colcon.colcon_core.event_handler.log_command:Invoking command in '/home/simpletime/exam/build/cpp_auto': AMENT_PREFIX_PATH=/home/simpletime/exam/install/base_interface:${AMENT_PREFIX_PATH} CMAKE_PREFIX_PATH=/home/simpletime/exam/install/base_interface:/opt/ros/humble LD_LIBRARY_PATH=/home/simpletime/exam/install/base_interface/lib:${LD_LIBRARY_PATH} PYTHONPATH=/home/simpletime/exam/install/base_interface/local/lib/python3.10/dist-packages:${PYTHONPATH} /usr/bin/cmake --build /home/simpletime/exam/build/cpp_auto -- -j4 -l4
[2.467s] DEBUG:colcon.colcon_core.event_handler.log_command:Invoked command in '/home/simpletime/exam/build/cpp_auto' returned '0': AMENT_PREFIX_PATH=/home/simpletime/exam/install/base_interface:${AMENT_PREFIX_PATH} CMAKE_PREFIX_PATH=/home/simpletime/exam/install/base_interface:/opt/ros/humble LD_LIBRARY_PATH=/home/simpletime/exam/install/base_interface/lib:${LD_LIBRARY_PATH} PYTHONPATH=/home/simpletime/exam/install/base_interface/local/lib/python3.10/dist-packages:${PYTHONPATH} /usr/bin/cmake --build /home/simpletime/exam/build/cpp_auto -- -j4 -l4
[2.489s] DEBUG:colcon.colcon_core.event_handler.log_command:Invoking command in '/home/simpletime/exam/build/cpp_auto': AMENT_PREFIX_PATH=/home/simpletime/exam/install/base_interface:${AMENT_PREFIX_PATH} CMAKE_PREFIX_PATH=/home/simpletime/exam/install/base_interface:/opt/ros/humble LD_LIBRARY_PATH=/home/simpletime/exam/install/base_interface/lib:${LD_LIBRARY_PATH} PYTHONPATH=/home/simpletime/exam/install/base_interface/local/lib/python3.10/dist-packages:${PYTHONPATH} /usr/bin/cmake --install /home/simpletime/exam/build/cpp_auto
[2.500s] Level 1:colcon.colcon_core.environment:create_environment_scripts_only(cpp_auto)
[2.500s] Level 1:colcon.colcon_core.environment:checking '/home/simpletime/exam/install/cpp_auto' for CMake module files
[2.501s] DEBUG:colcon.colcon_core.event_handler.log_command:Invoked command in '/home/simpletime/exam/build/cpp_auto' returned '0': AMENT_PREFIX_PATH=/home/simpletime/exam/install/base_interface:${AMENT_PREFIX_PATH} CMAKE_PREFIX_PATH=/home/simpletime/exam/install/base_interface:/opt/ros/humble LD_LIBRARY_PATH=/home/simpletime/exam/install/base_interface/lib:${LD_LIBRARY_PATH} PYTHONPATH=/home/simpletime/exam/install/base_interface/local/lib/python3.10/dist-packages:${PYTHONPATH} /usr/bin/cmake --install /home/simpletime/exam/build/cpp_auto
[2.501s] Level 1:colcon.colcon_core.environment:checking '/home/simpletime/exam/install/cpp_auto' for CMake config files
[2.501s] Level 1:colcon.colcon_core.shell:create_environment_hook('cpp_auto', 'cmake_prefix_path')
[2.501s] INFO:colcon.colcon_core.shell:Creating environment hook '/home/simpletime/exam/install/cpp_auto/share/cpp_auto/hook/cmake_prefix_path.ps1'
[2.502s] INFO:colcon.colcon_core.shell:Creating environment descriptor '/home/simpletime/exam/install/cpp_auto/share/cpp_auto/hook/cmake_prefix_path.dsv'
[2.502s] INFO:colcon.colcon_core.shell:Creating environment hook '/home/simpletime/exam/install/cpp_auto/share/cpp_auto/hook/cmake_prefix_path.sh'
[2.502s] Level 1:colcon.colcon_core.environment:checking '/home/simpletime/exam/install/cpp_auto/lib'
[2.502s] Level 1:colcon.colcon_core.environment:checking '/home/simpletime/exam/install/cpp_auto/bin'
[2.503s] Level 1:colcon.colcon_core.environment:checking '/home/simpletime/exam/install/cpp_auto/lib/pkgconfig/cpp_auto.pc'
[2.503s] Level 1:colcon.colcon_core.environment:checking '/home/simpletime/exam/install/cpp_auto/lib/python3.10/site-packages'
[2.503s] Level 1:colcon.colcon_core.environment:checking '/home/simpletime/exam/install/cpp_auto/bin'
[2.503s] INFO:colcon.colcon_core.shell:Creating package script '/home/simpletime/exam/install/cpp_auto/share/cpp_auto/package.ps1'
[2.503s] INFO:colcon.colcon_core.shell:Creating package descriptor '/home/simpletime/exam/install/cpp_auto/share/cpp_auto/package.dsv'
[2.504s] INFO:colcon.colcon_core.shell:Creating package script '/home/simpletime/exam/install/cpp_auto/share/cpp_auto/package.sh'
[2.504s] INFO:colcon.colcon_core.shell:Creating package script '/home/simpletime/exam/install/cpp_auto/share/cpp_auto/package.bash'
[2.504s] INFO:colcon.colcon_core.shell:Creating package script '/home/simpletime/exam/install/cpp_auto/share/cpp_auto/package.zsh'
[2.504s] Level 1:colcon.colcon_core.environment:create_file_with_runtime_dependencies(/home/simpletime/exam/install/cpp_auto/share/colcon-core/packages/cpp_auto)
[2.529s] Level 1:colcon.colcon_core.environment:create_environment_scripts_only(cpp_auto)
[2.529s] Level 1:colcon.colcon_core.environment:checking '/home/simpletime/exam/install/cpp_auto' for CMake module files
[2.529s] Level 1:colcon.colcon_core.environment:checking '/home/simpletime/exam/install/cpp_auto' for CMake config files
[2.529s] Level 1:colcon.colcon_core.shell:create_environment_hook('cpp_auto', 'cmake_prefix_path')
[2.529s] INFO:colcon.colcon_core.shell:Creating environment hook '/home/simpletime/exam/install/cpp_auto/share/cpp_auto/hook/cmake_prefix_path.ps1'
[2.530s] INFO:colcon.colcon_core.shell:Creating environment descriptor '/home/simpletime/exam/install/cpp_auto/share/cpp_auto/hook/cmake_prefix_path.dsv'
[2.530s] INFO:colcon.colcon_core.shell:Creating environment hook '/home/simpletime/exam/install/cpp_auto/share/cpp_auto/hook/cmake_prefix_path.sh'
[2.531s] Level 1:colcon.colcon_core.environment:checking '/home/simpletime/exam/install/cpp_auto/lib'
[2.531s] Level 1:colcon.colcon_core.environment:checking '/home/simpletime/exam/install/cpp_auto/bin'
[2.531s] Level 1:colcon.colcon_core.environment:checking '/home/simpletime/exam/install/cpp_auto/lib/pkgconfig/cpp_auto.pc'
[2.531s] Level 1:colcon.colcon_core.environment:checking '/home/simpletime/exam/install/cpp_auto/lib/python3.10/site-packages'
[2.531s] Level 1:colcon.colcon_core.environment:checking '/home/simpletime/exam/install/cpp_auto/bin'
[2.531s] INFO:colcon.colcon_core.shell:Creating package script '/home/simpletime/exam/install/cpp_auto/share/cpp_auto/package.ps1'
[2.532s] INFO:colcon.colcon_core.shell:Creating package descriptor '/home/simpletime/exam/install/cpp_auto/share/cpp_auto/package.dsv'
[2.532s] INFO:colcon.colcon_core.shell:Creating package script '/home/simpletime/exam/install/cpp_auto/share/cpp_auto/package.sh'
[2.532s] INFO:colcon.colcon_core.shell:Creating package script '/home/simpletime/exam/install/cpp_auto/share/cpp_auto/package.bash'
[2.533s] INFO:colcon.colcon_core.shell:Creating package script '/home/simpletime/exam/install/cpp_auto/share/cpp_auto/package.zsh'
[2.533s] Level 1:colcon.colcon_core.environment:create_file_with_runtime_dependencies(/home/simpletime/exam/install/cpp_auto/share/colcon-core/packages/cpp_auto)
[2.533s] DEBUG:colcon.colcon_parallel_executor.executor.parallel:closing loop
[2.534s] DEBUG:colcon.colcon_parallel_executor.executor.parallel:loop closed
[2.534s] DEBUG:colcon.colcon_parallel_executor.executor.parallel:run_until_complete finished with '0'
[2.534s] DEBUG:colcon.colcon_core.event_reactor:joining thread
[2.542s] INFO:colcon.colcon_core.plugin_system:Skipping extension 'colcon_notification.desktop_notification.terminal_notifier': Not used on non-Darwin systems
[2.542s] INFO:colcon.colcon_core.plugin_system:Skipping extension 'colcon_notification.desktop_notification.win32': Not used on non-Windows systems
[2.542s] INFO:colcon.colcon_notification.desktop_notification:Sending desktop notification using 'notify2'
[2.572s] DEBUG:colcon.colcon_core.event_reactor:joined thread
[2.572s] INFO:colcon.colcon_core.shell:Creating prefix script '/home/simpletime/exam/install/local_setup.ps1'
[2.574s] INFO:colcon.colcon_core.shell:Creating prefix util module '/home/simpletime/exam/install/_local_setup_util_ps1.py'
[2.575s] INFO:colcon.colcon_core.shell:Creating prefix chain script '/home/simpletime/exam/install/setup.ps1'
[2.576s] INFO:colcon.colcon_core.shell:Creating prefix script '/home/simpletime/exam/install/local_setup.sh'
[2.577s] INFO:colcon.colcon_core.shell:Creating prefix util module '/home/simpletime/exam/install/_local_setup_util_sh.py'
[2.577s] INFO:colcon.colcon_core.shell:Creating prefix chain script '/home/simpletime/exam/install/setup.sh'
[2.578s] INFO:colcon.colcon_core.shell:Creating prefix script '/home/simpletime/exam/install/local_setup.bash'
[2.579s] INFO:colcon.colcon_core.shell:Creating prefix chain script '/home/simpletime/exam/install/setup.bash'
[2.580s] INFO:colcon.colcon_core.shell:Creating prefix script '/home/simpletime/exam/install/local_setup.zsh'
[2.581s] INFO:colcon.colcon_core.shell:Creating prefix chain script '/home/simpletime/exam/install/setup.zsh'
