[0.009s] Invoking command in '/home/simpletime/project01_book/build/company': CMAKE_PREFIX_PATH=/home/simpletime/project01_book/install/base_interfaces:/home/simpletime/project01_book/install/company:/home/simpletime/project01_book/src/install/company:/home/simpletime/project01_book/src/install/base_interfaces:/home/simpletime/project01_book/install/company_a:/opt/ros/humble LD_LIBRARY_PATH=/home/simpletime/project01_book/install/base_interfaces/lib:${LD_LIBRARY_PATH} PYTHONPATH=/home/simpletime/project01_book/install/base_interfaces/local/lib/python3.10/dist-packages:${PYTHONPATH} /usr/bin/cmake --build /home/simpletime/project01_book/build/company -- -j4 -l4
[0.030s] -- Found ament_cmake: 1.3.10 (/opt/ros/humble/share/ament_cmake/cmake)
[0.115s] -- Found rclcpp: 16.0.10 (/opt/ros/humble/share/rclcpp/cmake)
[0.132s] -- Found rosidl_generator_c: 3.1.5 (/opt/ros/humble/share/rosidl_generator_c/cmake)
[0.134s] -- Found rosidl_adapter: 3.1.5 (/opt/ros/humble/share/rosidl_adapter/cmake)
[0.137s] -- Found rosidl_generator_cpp: 3.1.5 (/opt/ros/humble/share/rosidl_generator_cpp/cmake)
[0.142s] -- Using all available rosidl_typesupport_c: rosidl_typesupport_fastrtps_c;rosidl_typesupport_introspection_c
[0.150s] -- Using all available rosidl_typesupport_cpp: rosidl_typesupport_fastrtps_cpp;rosidl_typesupport_introspection_cpp
[0.169s] -- Found rmw_implementation_cmake: 6.1.2 (/opt/ros/humble/share/rmw_implementation_cmake/cmake)
[0.170s] -- Found rmw_fastrtps_cpp: 6.2.7 (/opt/ros/humble/share/rmw_fastrtps_cpp/cmake)
[0.237s] -- Using RMW implementation 'rmw_fastrtps_cpp' as default
[0.266s] -- Found base_interfaces: 0.0.0 (/home/simpletime/project01_book/install/base_interfaces/share/base_interfaces/cmake)
[0.273s] -- Found ament_lint_auto: 0.12.11 (/opt/ros/humble/share/ament_lint_auto/cmake)
[0.318s] -- Added test 'cppcheck' to perform static code analysis on C / C++ code
[0.318s] -- Configured cppcheck include dirs: $<BUILD_INTERFACE:/home/simpletime/project01_book/src/company/include>
[0.318s] -- Configured cppcheck exclude dirs and/or files: 
[0.318s] -- Added test 'lint_cmake' to check CMake code style
[0.319s] -- Added test 'uncrustify' to check C / C++ code style
[0.319s] -- Configured uncrustify additional arguments: 
[0.319s] -- Added test 'xmllint' to check XML markup files
[0.321s] -- Configuring done
[0.332s] -- Generating done
[0.334s] -- Build files have been written to: /home/simpletime/project01_book/build/company
[0.358s] [35m[1mConsolidate compiler generated dependencies of target company_a[0m
[0.368s] [ 50%] [32mBuilding CXX object CMakeFiles/company_a.dir/src/company_a.cpp.o[0m
[0.398s] [100%] [32m[1mLinking CXX executable company_a[0m
[0.448s] [100%] Built target company_a
[0.457s] Invoked command in '/home/simpletime/project01_book/build/company' returned '0': CMAKE_PREFIX_PATH=/home/simpletime/project01_book/install/base_interfaces:/home/simpletime/project01_book/install/company:/home/simpletime/project01_book/src/install/company:/home/simpletime/project01_book/src/install/base_interfaces:/home/simpletime/project01_book/install/company_a:/opt/ros/humble LD_LIBRARY_PATH=/home/simpletime/project01_book/install/base_interfaces/lib:${LD_LIBRARY_PATH} PYTHONPATH=/home/simpletime/project01_book/install/base_interfaces/local/lib/python3.10/dist-packages:${PYTHONPATH} /usr/bin/cmake --build /home/simpletime/project01_book/build/company -- -j4 -l4
[0.480s] Invoking command in '/home/simpletime/project01_book/build/company': CMAKE_PREFIX_PATH=/home/simpletime/project01_book/install/base_interfaces:/home/simpletime/project01_book/install/company:/home/simpletime/project01_book/src/install/company:/home/simpletime/project01_book/src/install/base_interfaces:/home/simpletime/project01_book/install/company_a:/opt/ros/humble LD_LIBRARY_PATH=/home/simpletime/project01_book/install/base_interfaces/lib:${LD_LIBRARY_PATH} PYTHONPATH=/home/simpletime/project01_book/install/base_interfaces/local/lib/python3.10/dist-packages:${PYTHONPATH} /usr/bin/cmake --install /home/simpletime/project01_book/build/company
[0.486s] -- Install configuration: ""
[0.487s] -- Installing: /home/simpletime/project01_book/install/company/lib/company/company_a
[0.487s] -- Set runtime path of "/home/simpletime/project01_book/install/company/lib/company/company_a" to ""
[0.487s] -- Up-to-date: /home/simpletime/project01_book/install/company/share/ament_index/resource_index/package_run_dependencies/company
[0.487s] -- Installing: /home/simpletime/project01_book/install/company/share/ament_index/resource_index/parent_prefix_path/company
[0.487s] -- Up-to-date: /home/simpletime/project01_book/install/company/share/company/environment/ament_prefix_path.sh
[0.487s] -- Installing: /home/simpletime/project01_book/install/company/share/company/environment/ament_prefix_path.dsv
[0.487s] -- Up-to-date: /home/simpletime/project01_book/install/company/share/company/environment/path.sh
[0.487s] -- Installing: /home/simpletime/project01_book/install/company/share/company/environment/path.dsv
[0.487s] -- Up-to-date: /home/simpletime/project01_book/install/company/share/company/local_setup.bash
[0.487s] -- Up-to-date: /home/simpletime/project01_book/install/company/share/company/local_setup.sh
[0.487s] -- Up-to-date: /home/simpletime/project01_book/install/company/share/company/local_setup.zsh
[0.487s] -- Installing: /home/simpletime/project01_book/install/company/share/company/local_setup.dsv
[0.487s] -- Installing: /home/simpletime/project01_book/install/company/share/company/package.dsv
[0.487s] -- Up-to-date: /home/simpletime/project01_book/install/company/share/ament_index/resource_index/packages/company
[0.487s] -- Up-to-date: /home/simpletime/project01_book/install/company/share/company/cmake/companyConfig.cmake
[0.487s] -- Up-to-date: /home/simpletime/project01_book/install/company/share/company/cmake/companyConfig-version.cmake
[0.487s] -- Up-to-date: /home/simpletime/project01_book/install/company/share/company/package.xml
[0.490s] Invoked command in '/home/simpletime/project01_book/build/company' returned '0': CMAKE_PREFIX_PATH=/home/simpletime/project01_book/install/base_interfaces:/home/simpletime/project01_book/install/company:/home/simpletime/project01_book/src/install/company:/home/simpletime/project01_book/src/install/base_interfaces:/home/simpletime/project01_book/install/company_a:/opt/ros/humble LD_LIBRARY_PATH=/home/simpletime/project01_book/install/base_interfaces/lib:${LD_LIBRARY_PATH} PYTHONPATH=/home/simpletime/project01_book/install/base_interfaces/local/lib/python3.10/dist-packages:${PYTHONPATH} /usr/bin/cmake --install /home/simpletime/project01_book/build/company
