[0.004s] Invoking command in '/home/simpletime/project02_gameservice/build/game_service': AMENT_PREFIX_PATH=/home/simpletime/project02_gameservice/install/base_interfaces:${AMENT_PREFIX_PATH} CMAKE_PREFIX_PATH=/home/simpletime/project02_gameservice/install/base_interfaces:/opt/ros/humble /usr/bin/cmake /home/simpletime/project02_gameservice/src/game_service -DCMAKE_INSTALL_PREFIX=/home/simpletime/project02_gameservice/install/game_service
[0.043s] -- The C compiler identification is GNU 11.4.0
[0.083s] -- The CXX compiler identification is GNU 11.4.0
[0.088s] -- Detecting C compiler ABI info
[0.139s] -- Detecting C compiler ABI info - done
[0.142s] -- Check for working C compiler: /usr/bin/cc - skipped
[0.142s] -- Detecting C compile features
[0.143s] -- Detecting C compile features - done
[0.144s] -- Detecting CXX compiler ABI info
[0.202s] -- Detecting CXX compiler ABI info - done
[0.206s] -- Check for working CXX compiler: /usr/bin/c++ - skipped
[0.206s] -- Detecting CXX compile features
[0.206s] -- Detecting CXX compile features - done
[0.208s] -- Found ament_cmake: 1.3.10 (/opt/ros/humble/share/ament_cmake/cmake)
[0.297s] -- Found Python3: /usr/bin/python3 (found version "3.10.12") found components: Interpreter 
[0.349s] -- Found rclcpp: 16.0.10 (/opt/ros/humble/share/rclcpp/cmake)
[0.395s] -- Found rosidl_generator_c: 3.1.5 (/opt/ros/humble/share/rosidl_generator_c/cmake)
[0.399s] -- Found rosidl_adapter: 3.1.5 (/opt/ros/humble/share/rosidl_adapter/cmake)
[0.409s] -- Found rosidl_generator_cpp: 3.1.5 (/opt/ros/humble/share/rosidl_generator_cpp/cmake)
[0.424s] -- Using all available rosidl_typesupport_c: rosidl_typesupport_fastrtps_c;rosidl_typesupport_introspection_c
[0.440s] -- Using all available rosidl_typesupport_cpp: rosidl_typesupport_fastrtps_cpp;rosidl_typesupport_introspection_cpp
[0.488s] -- Found rmw_implementation_cmake: 6.1.2 (/opt/ros/humble/share/rmw_implementation_cmake/cmake)
[0.491s] -- Found rmw_fastrtps_cpp: 6.2.7 (/opt/ros/humble/share/rmw_fastrtps_cpp/cmake)
[0.573s] -- Found OpenSSL: /usr/lib/x86_64-linux-gnu/libcrypto.so (found version "3.0.2")  
[0.593s] -- Found FastRTPS: /opt/ros/humble/include  
[0.618s] -- Using RMW implementation 'rmw_fastrtps_cpp' as default
[0.628s] -- Looking for pthread.h
[0.694s] -- Looking for pthread.h - found
[0.694s] -- Performing Test CMAKE_HAVE_LIBC_PTHREAD
[0.747s] -- Performing Test CMAKE_HAVE_LIBC_PTHREAD - Success
[0.748s] -- Found Threads: TRUE  
[0.799s] -- Found base_interfaces: 0.0.0 (/home/simpletime/project02_gameservice/install/base_interfaces/share/base_interfaces/cmake)
[0.800s] -- Found ament_lint_auto: 0.12.11 (/opt/ros/humble/share/ament_lint_auto/cmake)
[0.858s] -- Added test 'cppcheck' to perform static code analysis on C / C++ code
[0.858s] -- Configured cppcheck include dirs: $<BUILD_INTERFACE:/home/simpletime/project02_gameservice/src/game_service/include>
[0.858s] -- Configured cppcheck exclude dirs and/or files: 
[0.858s] -- Added test 'lint_cmake' to check CMake code style
[0.859s] -- Added test 'uncrustify' to check C / C++ code style
[0.859s] -- Configured uncrustify additional arguments: 
[0.859s] -- Added test 'xmllint' to check XML markup files
[0.860s] -- Configuring done
[0.866s] -- Generating done
[0.867s] -- Build files have been written to: /home/simpletime/project02_gameservice/build/game_service
[0.876s] Invoked command in '/home/simpletime/project02_gameservice/build/game_service' returned '0': AMENT_PREFIX_PATH=/home/simpletime/project02_gameservice/install/base_interfaces:${AMENT_PREFIX_PATH} CMAKE_PREFIX_PATH=/home/simpletime/project02_gameservice/install/base_interfaces:/opt/ros/humble /usr/bin/cmake /home/simpletime/project02_gameservice/src/game_service -DCMAKE_INSTALL_PREFIX=/home/simpletime/project02_gameservice/install/game_service
[0.878s] Invoking command in '/home/simpletime/project02_gameservice/build/game_service': AMENT_PREFIX_PATH=/home/simpletime/project02_gameservice/install/base_interfaces:${AMENT_PREFIX_PATH} CMAKE_PREFIX_PATH=/home/simpletime/project02_gameservice/install/base_interfaces:/opt/ros/humble /usr/bin/cmake --build /home/simpletime/project02_gameservice/build/game_service -- -j4 -l4
[0.916s] [ 50%] [32mBuilding CXX object CMakeFiles/game_server.dir/src/game_server.cpp.o[0m
[0.959s] [100%] [32m[1mLinking CXX executable game_server[0m
[1.025s] [100%] Built target game_server
[1.033s] Invoked command in '/home/simpletime/project02_gameservice/build/game_service' returned '0': AMENT_PREFIX_PATH=/home/simpletime/project02_gameservice/install/base_interfaces:${AMENT_PREFIX_PATH} CMAKE_PREFIX_PATH=/home/simpletime/project02_gameservice/install/base_interfaces:/opt/ros/humble /usr/bin/cmake --build /home/simpletime/project02_gameservice/build/game_service -- -j4 -l4
[1.053s] Invoking command in '/home/simpletime/project02_gameservice/build/game_service': AMENT_PREFIX_PATH=/home/simpletime/project02_gameservice/install/base_interfaces:${AMENT_PREFIX_PATH} CMAKE_PREFIX_PATH=/home/simpletime/project02_gameservice/install/base_interfaces:/opt/ros/humble /usr/bin/cmake --install /home/simpletime/project02_gameservice/build/game_service
[1.059s] -- Install configuration: ""
[1.059s] -- Installing: /home/simpletime/project02_gameservice/install/game_service/lib/game_service/game_server
[1.059s] -- Set runtime path of "/home/simpletime/project02_gameservice/install/game_service/lib/game_service/game_server" to ""
[1.060s] -- Installing: /home/simpletime/project02_gameservice/install/game_service/share/ament_index/resource_index/package_run_dependencies/game_service
[1.060s] -- Installing: /home/simpletime/project02_gameservice/install/game_service/share/ament_index/resource_index/parent_prefix_path/game_service
[1.060s] -- Installing: /home/simpletime/project02_gameservice/install/game_service/share/game_service/environment/ament_prefix_path.sh
[1.060s] -- Installing: /home/simpletime/project02_gameservice/install/game_service/share/game_service/environment/ament_prefix_path.dsv
[1.060s] -- Installing: /home/simpletime/project02_gameservice/install/game_service/share/game_service/environment/path.sh
[1.060s] -- Installing: /home/simpletime/project02_gameservice/install/game_service/share/game_service/environment/path.dsv
[1.060s] -- Installing: /home/simpletime/project02_gameservice/install/game_service/share/game_service/local_setup.bash
[1.060s] -- Installing: /home/simpletime/project02_gameservice/install/game_service/share/game_service/local_setup.sh
[1.061s] -- Installing: /home/simpletime/project02_gameservice/install/game_service/share/game_service/local_setup.zsh
[1.061s] -- Installing: /home/simpletime/project02_gameservice/install/game_service/share/game_service/local_setup.dsv
[1.061s] -- Installing: /home/simpletime/project02_gameservice/install/game_service/share/game_service/package.dsv
[1.061s] -- Installing: /home/simpletime/project02_gameservice/install/game_service/share/ament_index/resource_index/packages/game_service
[1.061s] -- Installing: /home/simpletime/project02_gameservice/install/game_service/share/game_service/cmake/game_serviceConfig.cmake
[1.061s] -- Installing: /home/simpletime/project02_gameservice/install/game_service/share/game_service/cmake/game_serviceConfig-version.cmake
[1.061s] -- Installing: /home/simpletime/project02_gameservice/install/game_service/share/game_service/package.xml
[1.064s] Invoked command in '/home/simpletime/project02_gameservice/build/game_service' returned '0': AMENT_PREFIX_PATH=/home/simpletime/project02_gameservice/install/base_interfaces:${AMENT_PREFIX_PATH} CMAKE_PREFIX_PATH=/home/simpletime/project02_gameservice/install/base_interfaces:/opt/ros/humble /usr/bin/cmake --install /home/simpletime/project02_gameservice/build/game_service
