[0.012s] Invoking command in '/home/simpletime/Project/learn01_tf_pcl/build/cpp01_tf_pcl': CMAKE_PREFIX_PATH=${CMAKE_PREFIX_PATH}:/opt/ros/humble /usr/bin/cmake --build /home/simpletime/Project/learn01_tf_pcl/build/cpp01_tf_pcl -- -j32 -l32
[0.046s] [35m[1mConsolidate compiler generated dependencies of target node01_tf_pcl[0m
[0.073s] [ 50%] [32mBuilding CXX object CMakeFiles/node01_tf_pcl.dir/src/node01_tf_pcl.cpp.o[0m
[5.890s] [100%] [32m[1mLinking CXX executable node01_tf_pcl[0m
[6.337s] [100%] Built target node01_tf_pcl
[6.347s] Invoked command in '/home/simpletime/Project/learn01_tf_pcl/build/cpp01_tf_pcl' returned '0': CMAKE_PREFIX_PATH=${CMAKE_PREFIX_PATH}:/opt/ros/humble /usr/bin/cmake --build /home/simpletime/Project/learn01_tf_pcl/build/cpp01_tf_pcl -- -j32 -l32
[6.379s] Invoking command in '/home/simpletime/Project/learn01_tf_pcl/build/cpp01_tf_pcl': CMAKE_PREFIX_PATH=${CMAKE_PREFIX_PATH}:/opt/ros/humble /usr/bin/cmake --install /home/simpletime/Project/learn01_tf_pcl/build/cpp01_tf_pcl
[6.383s] -- Install configuration: ""
[6.383s] -- Installing: /home/simpletime/Project/learn01_tf_pcl/install/cpp01_tf_pcl/lib/cpp01_tf_pcl/node01_tf_pcl
[6.385s] -- Set runtime path of "/home/simpletime/Project/learn01_tf_pcl/install/cpp01_tf_pcl/lib/cpp01_tf_pcl/node01_tf_pcl" to ""
[6.385s] -- Up-to-date: /home/simpletime/Project/learn01_tf_pcl/install/cpp01_tf_pcl/share/ament_index/resource_index/package_run_dependencies/cpp01_tf_pcl
[6.385s] -- Up-to-date: /home/simpletime/Project/learn01_tf_pcl/install/cpp01_tf_pcl/share/ament_index/resource_index/parent_prefix_path/cpp01_tf_pcl
[6.385s] -- Up-to-date: /home/simpletime/Project/learn01_tf_pcl/install/cpp01_tf_pcl/share/cpp01_tf_pcl/environment/ament_prefix_path.sh
[6.386s] -- Up-to-date: /home/simpletime/Project/learn01_tf_pcl/install/cpp01_tf_pcl/share/cpp01_tf_pcl/environment/ament_prefix_path.dsv
[6.386s] -- Up-to-date: /home/simpletime/Project/learn01_tf_pcl/install/cpp01_tf_pcl/share/cpp01_tf_pcl/environment/path.sh
[6.386s] -- Up-to-date: /home/simpletime/Project/learn01_tf_pcl/install/cpp01_tf_pcl/share/cpp01_tf_pcl/environment/path.dsv
[6.386s] -- Up-to-date: /home/simpletime/Project/learn01_tf_pcl/install/cpp01_tf_pcl/share/cpp01_tf_pcl/local_setup.bash
[6.386s] -- Up-to-date: /home/simpletime/Project/learn01_tf_pcl/install/cpp01_tf_pcl/share/cpp01_tf_pcl/local_setup.sh
[6.386s] -- Up-to-date: /home/simpletime/Project/learn01_tf_pcl/install/cpp01_tf_pcl/share/cpp01_tf_pcl/local_setup.zsh
[6.386s] -- Up-to-date: /home/simpletime/Project/learn01_tf_pcl/install/cpp01_tf_pcl/share/cpp01_tf_pcl/local_setup.dsv
[6.386s] -- Installing: /home/simpletime/Project/learn01_tf_pcl/install/cpp01_tf_pcl/share/cpp01_tf_pcl/package.dsv
[6.386s] -- Up-to-date: /home/simpletime/Project/learn01_tf_pcl/install/cpp01_tf_pcl/share/ament_index/resource_index/packages/cpp01_tf_pcl
[6.386s] -- Up-to-date: /home/simpletime/Project/learn01_tf_pcl/install/cpp01_tf_pcl/share/cpp01_tf_pcl/cmake/cpp01_tf_pclConfig.cmake
[6.386s] -- Up-to-date: /home/simpletime/Project/learn01_tf_pcl/install/cpp01_tf_pcl/share/cpp01_tf_pcl/cmake/cpp01_tf_pclConfig-version.cmake
[6.386s] -- Up-to-date: /home/simpletime/Project/learn01_tf_pcl/install/cpp01_tf_pcl/share/cpp01_tf_pcl/package.xml
[6.388s] Invoked command in '/home/simpletime/Project/learn01_tf_pcl/build/cpp01_tf_pcl' returned '0': CMAKE_PREFIX_PATH=${CMAKE_PREFIX_PATH}:/opt/ros/humble /usr/bin/cmake --install /home/simpletime/Project/learn01_tf_pcl/build/cpp01_tf_pcl
