[0.008s] Invoking command in '/home/simpletime/Project/identify_exchange_frame/build/identify_frame': CMAKE_PREFIX_PATH=/opt/ros/humble /usr/bin/cmake /home/simpletime/Project/identify_exchange_frame/identify_exchange_frame -DCMAKE_INSTALL_PREFIX=/home/simpletime/Project/identify_exchange_frame/install/identify_frame
[0.017s] -- Found ament_cmake: 1.3.10 (/opt/ros/humble/share/ament_cmake/cmake)
[0.094s] -- Found rclcpp_components: 16.0.10 (/opt/ros/humble/share/rclcpp_components/cmake)
[0.113s] -- Found rosidl_generator_c: 3.1.5 (/opt/ros/humble/share/rosidl_generator_c/cmake)
[0.114s] -- Found rosidl_adapter: 3.1.5 (/opt/ros/humble/share/rosidl_adapter/cmake)
[0.118s] -- Found rosidl_generator_cpp: 3.1.5 (/opt/ros/humble/share/rosidl_generator_cpp/cmake)
[0.123s] -- Using all available rosidl_typesupport_c: rosidl_typesupport_fastrtps_c;rosidl_typesupport_introspection_c
[0.129s] -- Using all available rosidl_typesupport_cpp: rosidl_typesupport_fastrtps_cpp;rosidl_typesupport_introspection_cpp
[0.159s] -- Found rmw_implementation_cmake: 6.1.2 (/opt/ros/humble/share/rmw_implementation_cmake/cmake)
[0.160s] -- Found rmw_fastrtps_cpp: 6.2.7 (/opt/ros/humble/share/rmw_fastrtps_cpp/cmake)
[0.222s] -- Using RMW implementation 'rmw_fastrtps_cpp' as default
[0.250s] -- Found visualization_msgs: 4.2.4 (/opt/ros/humble/share/visualization_msgs/cmake)
[0.279s] -- Found cv_bridge: 3.2.1 (/opt/ros/humble/share/cv_bridge/cmake)
[0.280s] -- Found image_transport: 3.1.9 (/opt/ros/humble/share/image_transport/cmake)
[0.297s] [31mCMake Error at CMakeLists.txt:29 (find_package):
[0.297s]   By not providing "Findimage_transport_plugins.cmake" in CMAKE_MODULE_PATH
[0.297s]   this project has asked CMake to find a package configuration file provided
[0.297s]   by "image_transport_plugins", but CMake did not find one.
[0.297s] 
[0.297s]   Could not find a package configuration file provided by
[0.297s]   "image_transport_plugins" with any of the following names:
[0.297s] 
[0.297s]     image_transport_pluginsConfig.cmake
[0.297s]     image_transport_plugins-config.cmake
[0.297s] 
[0.297s]   Add the installation prefix of "image_transport_plugins" to
[0.297s]   CMAKE_PREFIX_PATH or set "image_transport_plugins_DIR" to a directory
[0.297s]   containing one of the above files.  If "image_transport_plugins" provides a
[0.297s]   separate development package or SDK, be sure it has been installed.
[0.297s] 
[0.297s] [0m
[0.297s] -- Configuring incomplete, errors occurred!
[0.297s] See also "/home/simpletime/Project/identify_exchange_frame/build/identify_frame/CMakeFiles/CMakeOutput.log".
[0.303s] Invoked command in '/home/simpletime/Project/identify_exchange_frame/build/identify_frame' returned '1': CMAKE_PREFIX_PATH=/opt/ros/humble /usr/bin/cmake /home/simpletime/Project/identify_exchange_frame/identify_exchange_frame -DCMAKE_INSTALL_PREFIX=/home/simpletime/Project/identify_exchange_frame/install/identify_frame
