[0.011s] Invoking command in '/home/simpletime/project01_book/build/base_interfaces': CMAKE_PREFIX_PATH=${CMAKE_PREFIX_PATH}:/opt/ros/humble /usr/bin/cmake --build /home/simpletime/project01_book/build/base_interfaces -- -j4 -l4
[0.030s] [33mCMake Warning (dev) at CMakeLists.txt:17:
[0.030s]   Syntax Warning in cmake code at column 22
[0.030s] 
[0.030s]   Argument not separated from preceding token by whitespace.
[0.030s] This warning is for project developers.  Use -Wno-dev to suppress it.
[0.030s] [0m
[0.033s] -- Found ament_cmake: 1.3.10 (/opt/ros/humble/share/ament_cmake/cmake)
[0.121s] -- Found rosidl_default_generators: 1.2.0 (/opt/ros/humble/share/rosidl_default_generators/cmake)
[0.122s] -- Using all available rosidl_typesupport_c: rosidl_typesupport_fastrtps_c;rosidl_typesupport_introspection_c
[0.124s] -- Found rosidl_adapter: 3.1.5 (/opt/ros/humble/share/rosidl_adapter/cmake)
[0.144s] -- Using all available rosidl_typesupport_cpp: rosidl_typesupport_fastrtps_cpp;rosidl_typesupport_introspection_cpp
[0.160s] -- Configuring incomplete, errors occurred!
[0.160s] See also "/home/simpletime/project01_book/build/base_interfaces/CMakeFiles/CMakeOutput.log".
[0.161s] [31mCMake Error at /opt/ros/humble/share/rosidl_cmake/cmake/rosidl_generate_interfaces.cmake:93 (message):
[0.161s]   rosidl_generate_interfaces() the passed file ',' doesn't exist relative to
[0.161s]   the CMAKE_CURRENT_SOURCE_DIR
[0.161s]   '/home/simpletime/project01_book/src/base_interfaces'
[0.162s] Call Stack (most recent call first):
[0.162s]   CMakeLists.txt:16 (rosidl_generate_interfaces)
[0.162s] 
[0.162s] [0m
[0.164s] gmake: *** [Makefile:226：cmake_check_build_system] 错误 1
[0.166s] Invoked command in '/home/simpletime/project01_book/build/base_interfaces' returned '2': CMAKE_PREFIX_PATH=${CMAKE_PREFIX_PATH}:/opt/ros/humble /usr/bin/cmake --build /home/simpletime/project01_book/build/base_interfaces -- -j4 -l4
