[0.010s] Invoking command in '/home/simpletime/project01_book/build/company': CMAKE_PREFIX_PATH=/home/simpletime/project01_book/install/base_interfaces:/home/simpletime/project01_book/install/company:/opt/ros/humble /usr/bin/cmake --build /home/simpletime/project01_book/build/company -- -j4 -l4
[0.061s] [35m[1mConsolidate compiler generated dependencies of target company_b[0m
[0.066s] [35m[1mConsolidate compiler generated dependencies of target company_c[0m
[0.066s] [35m[1mConsolidate compiler generated dependencies of target company_a[0m
[0.077s] [ 16%] [32mBuilding CXX object CMakeFiles/company_a.dir/src/company_a.cpp.o[0m
[0.078s] [ 50%] Built target company_c
[0.091s] [ 83%] Built target company_b
[5.541s] [100%] [32m[1mLinking CXX executable company_a[0m
[5.781s] [100%] Built target company_a
[5.790s] Invoked command in '/home/simpletime/project01_book/build/company' returned '0': CMAKE_PREFIX_PATH=/home/simpletime/project01_book/install/base_interfaces:/home/simpletime/project01_book/install/company:/opt/ros/humble /usr/bin/cmake --build /home/simpletime/project01_book/build/company -- -j4 -l4
[5.817s] Invoking command in '/home/simpletime/project01_book/build/company': CMAKE_PREFIX_PATH=/home/simpletime/project01_book/install/base_interfaces:/home/simpletime/project01_book/install/company:/opt/ros/humble /usr/bin/cmake --install /home/simpletime/project01_book/build/company
[5.822s] -- Install configuration: ""
[5.822s] -- Installing: /home/simpletime/project01_book/install/company/lib/company/company_a
[5.827s] -- Set runtime path of "/home/simpletime/project01_book/install/company/lib/company/company_a" to ""
[5.827s] -- Up-to-date: /home/simpletime/project01_book/install/company/lib/company/company_b
[5.827s] -- Up-to-date: /home/simpletime/project01_book/install/company/lib/company/company_c
[5.827s] -- Up-to-date: /home/simpletime/project01_book/install/company/share/ament_index/resource_index/package_run_dependencies/company
[5.827s] -- Up-to-date: /home/simpletime/project01_book/install/company/share/ament_index/resource_index/parent_prefix_path/company
[5.828s] -- Up-to-date: /home/simpletime/project01_book/install/company/share/company/environment/ament_prefix_path.sh
[5.828s] -- Up-to-date: /home/simpletime/project01_book/install/company/share/company/environment/ament_prefix_path.dsv
[5.828s] -- Up-to-date: /home/simpletime/project01_book/install/company/share/company/environment/path.sh
[5.828s] -- Up-to-date: /home/simpletime/project01_book/install/company/share/company/environment/path.dsv
[5.828s] -- Up-to-date: /home/simpletime/project01_book/install/company/share/company/local_setup.bash
[5.828s] -- Up-to-date: /home/simpletime/project01_book/install/company/share/company/local_setup.sh
[5.828s] -- Up-to-date: /home/simpletime/project01_book/install/company/share/company/local_setup.zsh
[5.828s] -- Up-to-date: /home/simpletime/project01_book/install/company/share/company/local_setup.dsv
[5.828s] -- Installing: /home/simpletime/project01_book/install/company/share/company/package.dsv
[5.828s] -- Up-to-date: /home/simpletime/project01_book/install/company/share/ament_index/resource_index/packages/company
[5.828s] -- Up-to-date: /home/simpletime/project01_book/install/company/share/company/cmake/companyConfig.cmake
[5.828s] -- Up-to-date: /home/simpletime/project01_book/install/company/share/company/cmake/companyConfig-version.cmake
[5.828s] -- Up-to-date: /home/simpletime/project01_book/install/company/share/company/package.xml
[5.830s] Invoked command in '/home/simpletime/project01_book/build/company' returned '0': CMAKE_PREFIX_PATH=/home/simpletime/project01_book/install/base_interfaces:/home/simpletime/project01_book/install/company:/opt/ros/humble /usr/bin/cmake --install /home/simpletime/project01_book/build/company
