[0.006s] Invoking command in '/home/simpletime/project01_book/build/company_a': AMENT_PREFIX_PATH=/home/simpletime/project01_book/install/base_interfaces:${AMENT_PREFIX_PATH} CMAKE_PREFIX_PATH=/home/simpletime/project01_book/install/base_interfaces:/opt/ros/humble /usr/bin/cmake /home/simpletime/project01_book/src/company -DCMAKE_INSTALL_PREFIX=/home/simpletime/project01_book/install/company_a
[0.047s] -- The C compiler identification is GNU 11.4.0
[0.088s] -- The CXX compiler identification is GNU 11.4.0
[0.094s] -- Detecting C compiler ABI info
[0.151s] -- Detecting C compiler ABI info - done
[0.157s] -- Check for working C compiler: /usr/bin/cc - skipped
[0.157s] -- Detecting C compile features
[0.157s] -- Detecting C compile features - done
[0.158s] -- Detecting CXX compiler ABI info
[0.223s] -- Detecting CXX compiler ABI info - done
[0.226s] -- Check for working CXX compiler: /usr/bin/c++ - skipped
[0.226s] -- Detecting CXX compile features
[0.227s] -- Detecting CXX compile features - done
[0.228s] -- Found ament_cmake: 1.3.10 (/opt/ros/humble/share/ament_cmake/cmake)
[0.329s] -- Found Python3: /usr/bin/python3 (found version "3.10.12") found components: Interpreter 
[0.384s] -- Found rclcpp: 16.0.10 (/opt/ros/humble/share/rclcpp/cmake)
[0.440s] -- Found rosidl_generator_c: 3.1.5 (/opt/ros/humble/share/rosidl_generator_c/cmake)
[0.446s] -- Found rosidl_adapter: 3.1.5 (/opt/ros/humble/share/rosidl_adapter/cmake)
[0.457s] -- Found rosidl_generator_cpp: 3.1.5 (/opt/ros/humble/share/rosidl_generator_cpp/cmake)
[0.473s] -- Using all available rosidl_typesupport_c: rosidl_typesupport_fastrtps_c;rosidl_typesupport_introspection_c
[0.492s] -- Using all available rosidl_typesupport_cpp: rosidl_typesupport_fastrtps_cpp;rosidl_typesupport_introspection_cpp
[0.545s] -- Found rmw_implementation_cmake: 6.1.2 (/opt/ros/humble/share/rmw_implementation_cmake/cmake)
[0.549s] -- Found rmw_fastrtps_cpp: 6.2.7 (/opt/ros/humble/share/rmw_fastrtps_cpp/cmake)
[0.632s] -- Found OpenSSL: /usr/lib/x86_64-linux-gnu/libcrypto.so (found version "3.0.2")  
[0.652s] -- Found FastRTPS: /opt/ros/humble/include  
[0.678s] -- Using RMW implementation 'rmw_fastrtps_cpp' as default
[0.689s] -- Looking for pthread.h
[0.756s] -- Looking for pthread.h - found
[0.756s] -- Performing Test CMAKE_HAVE_LIBC_PTHREAD
[0.821s] -- Performing Test CMAKE_HAVE_LIBC_PTHREAD - Success
[0.821s] -- Found Threads: TRUE  
[0.877s] -- Found base_interfaces: 0.0.0 (/home/simpletime/project01_book/install/base_interfaces/share/base_interfaces/cmake)
[0.879s] -- Found ament_lint_auto: 0.12.11 (/opt/ros/humble/share/ament_lint_auto/cmake)
[0.927s] -- Added test 'cppcheck' to perform static code analysis on C / C++ code
[0.927s] -- Configured cppcheck include dirs: $<BUILD_INTERFACE:/home/simpletime/project01_book/src/company/include>
[0.927s] -- Configured cppcheck exclude dirs and/or files: 
[0.928s] -- Added test 'lint_cmake' to check CMake code style
[0.929s] -- Added test 'uncrustify' to check C / C++ code style
[0.929s] -- Configured uncrustify additional arguments: 
[0.930s] -- Added test 'xmllint' to check XML markup files
[0.930s] -- Configuring done
[0.937s] -- Generating done
[0.938s] -- Build files have been written to: /home/simpletime/project01_book/build/company_a
[0.947s] Invoked command in '/home/simpletime/project01_book/build/company_a' returned '0': AMENT_PREFIX_PATH=/home/simpletime/project01_book/install/base_interfaces:${AMENT_PREFIX_PATH} CMAKE_PREFIX_PATH=/home/simpletime/project01_book/install/base_interfaces:/opt/ros/humble /usr/bin/cmake /home/simpletime/project01_book/src/company -DCMAKE_INSTALL_PREFIX=/home/simpletime/project01_book/install/company_a
[0.948s] Invoking command in '/home/simpletime/project01_book/build/company_a': AMENT_PREFIX_PATH=/home/simpletime/project01_book/install/base_interfaces:${AMENT_PREFIX_PATH} CMAKE_PREFIX_PATH=/home/simpletime/project01_book/install/base_interfaces:/opt/ros/humble /usr/bin/cmake --build /home/simpletime/project01_book/build/company_a -- -j4 -l4
[0.988s] [ 50%] [32mBuilding CXX object CMakeFiles/company_a.dir/src/company_a.cpp.o[0m
[1.022s] [100%] [32m[1mLinking CXX executable company_a[0m
[1.105s] [100%] Built target company_a
[1.115s] Invoked command in '/home/simpletime/project01_book/build/company_a' returned '0': AMENT_PREFIX_PATH=/home/simpletime/project01_book/install/base_interfaces:${AMENT_PREFIX_PATH} CMAKE_PREFIX_PATH=/home/simpletime/project01_book/install/base_interfaces:/opt/ros/humble /usr/bin/cmake --build /home/simpletime/project01_book/build/company_a -- -j4 -l4
[1.138s] Invoking command in '/home/simpletime/project01_book/build/company_a': AMENT_PREFIX_PATH=/home/simpletime/project01_book/install/base_interfaces:${AMENT_PREFIX_PATH} CMAKE_PREFIX_PATH=/home/simpletime/project01_book/install/base_interfaces:/opt/ros/humble /usr/bin/cmake --install /home/simpletime/project01_book/build/company_a
[1.145s] -- Install configuration: ""
[1.146s] -- Installing: /home/simpletime/project01_book/install/company_a/lib/company_a/company_a
[1.146s] -- Set runtime path of "/home/simpletime/project01_book/install/company_a/lib/company_a/company_a" to ""
[1.146s] -- Installing: /home/simpletime/project01_book/install/company_a/share/ament_index/resource_index/package_run_dependencies/company_a
[1.146s] -- Installing: /home/simpletime/project01_book/install/company_a/share/ament_index/resource_index/parent_prefix_path/company_a
[1.146s] -- Installing: /home/simpletime/project01_book/install/company_a/share/company_a/environment/ament_prefix_path.sh
[1.147s] -- Installing: /home/simpletime/project01_book/install/company_a/share/company_a/environment/ament_prefix_path.dsv
[1.147s] -- Installing: /home/simpletime/project01_book/install/company_a/share/company_a/environment/path.sh
[1.147s] -- Installing: /home/simpletime/project01_book/install/company_a/share/company_a/environment/path.dsv
[1.147s] -- Installing: /home/simpletime/project01_book/install/company_a/share/company_a/local_setup.bash
[1.147s] -- Installing: /home/simpletime/project01_book/install/company_a/share/company_a/local_setup.sh
[1.147s] -- Installing: /home/simpletime/project01_book/install/company_a/share/company_a/local_setup.zsh
[1.147s] -- Installing: /home/simpletime/project01_book/install/company_a/share/company_a/local_setup.dsv
[1.147s] -- Installing: /home/simpletime/project01_book/install/company_a/share/company_a/package.dsv
[1.147s] -- Installing: /home/simpletime/project01_book/install/company_a/share/ament_index/resource_index/packages/company_a
[1.148s] -- Installing: /home/simpletime/project01_book/install/company_a/share/company_a/cmake/company_aConfig.cmake
[1.148s] -- Installing: /home/simpletime/project01_book/install/company_a/share/company_a/cmake/company_aConfig-version.cmake
[1.148s] -- Installing: /home/simpletime/project01_book/install/company_a/share/company_a/package.xml
[1.149s] Invoked command in '/home/simpletime/project01_book/build/company_a' returned '0': AMENT_PREFIX_PATH=/home/simpletime/project01_book/install/base_interfaces:${AMENT_PREFIX_PATH} CMAKE_PREFIX_PATH=/home/simpletime/project01_book/install/base_interfaces:/opt/ros/humble /usr/bin/cmake --install /home/simpletime/project01_book/build/company_a
