[0.009s] Invoking command in '/home/simpletime/project01_book/build/company': CMAKE_PREFIX_PATH=/home/simpletime/project01_book/install/base_interfaces:/home/simpletime/project01_book/install/company:/opt/ros/humble /usr/bin/cmake --build /home/simpletime/project01_book/build/company -- -j4 -l4
[0.078s] [35m[1mConsolidate compiler generated dependencies of target company_a[0m
[0.085s] [ 33%] Built target company_c
[0.088s] [ 66%] Built target company_b
[0.100s] [ 83%] [32mBuilding CXX object CMakeFiles/company_a.dir/src/company_a.cpp.o[0m
[5.615s] [100%] [32m[1mLinking CXX executable company_a[0m
[5.872s] [100%] Built target company_a
[5.883s] Invoked command in '/home/simpletime/project01_book/build/company' returned '0': CMAKE_PREFIX_PATH=/home/simpletime/project01_book/install/base_interfaces:/home/simpletime/project01_book/install/company:/opt/ros/humble /usr/bin/cmake --build /home/simpletime/project01_book/build/company -- -j4 -l4
[5.913s] Invoking command in '/home/simpletime/project01_book/build/company': CMAKE_PREFIX_PATH=/home/simpletime/project01_book/install/base_interfaces:/home/simpletime/project01_book/install/company:/opt/ros/humble /usr/bin/cmake --install /home/simpletime/project01_book/build/company
[5.919s] -- Install configuration: ""
[5.920s] -- Installing: /home/simpletime/project01_book/install/company/lib/company/company_a
[5.923s] -- Set runtime path of "/home/simpletime/project01_book/install/company/lib/company/company_a" to ""
[5.923s] -- Up-to-date: /home/simpletime/project01_book/install/company/lib/company/company_b
[5.924s] -- Up-to-date: /home/simpletime/project01_book/install/company/lib/company/company_c
[5.924s] -- Up-to-date: /home/simpletime/project01_book/install/company/share/ament_index/resource_index/package_run_dependencies/company
[5.924s] -- Up-to-date: /home/simpletime/project01_book/install/company/share/ament_index/resource_index/parent_prefix_path/company
[5.924s] -- Up-to-date: /home/simpletime/project01_book/install/company/share/company/environment/ament_prefix_path.sh
[5.924s] -- Up-to-date: /home/simpletime/project01_book/install/company/share/company/environment/ament_prefix_path.dsv
[5.924s] -- Up-to-date: /home/simpletime/project01_book/install/company/share/company/environment/path.sh
[5.924s] -- Up-to-date: /home/simpletime/project01_book/install/company/share/company/environment/path.dsv
[5.924s] -- Up-to-date: /home/simpletime/project01_book/install/company/share/company/local_setup.bash
[5.924s] -- Up-to-date: /home/simpletime/project01_book/install/company/share/company/local_setup.sh
[5.924s] -- Up-to-date: /home/simpletime/project01_book/install/company/share/company/local_setup.zsh
[5.924s] -- Up-to-date: /home/simpletime/project01_book/install/company/share/company/local_setup.dsv
[5.924s] -- Installing: /home/simpletime/project01_book/install/company/share/company/package.dsv
[5.925s] -- Up-to-date: /home/simpletime/project01_book/install/company/share/ament_index/resource_index/packages/company
[5.925s] -- Up-to-date: /home/simpletime/project01_book/install/company/share/company/cmake/companyConfig.cmake
[5.925s] -- Up-to-date: /home/simpletime/project01_book/install/company/share/company/cmake/companyConfig-version.cmake
[5.925s] -- Up-to-date: /home/simpletime/project01_book/install/company/share/company/package.xml
[5.927s] Invoked command in '/home/simpletime/project01_book/build/company' returned '0': CMAKE_PREFIX_PATH=/home/simpletime/project01_book/install/base_interfaces:/home/simpletime/project01_book/install/company:/opt/ros/humble /usr/bin/cmake --install /home/simpletime/project01_book/build/company
