[0.317s] DEBUG:colcon:Command line arguments: ['/usr/bin/colcon', 'build']
[0.317s] DEBUG:colcon:Parsed command line arguments: Namespace(log_base=None, log_level=None, verb_name='build', build_base='build', install_base='install', merge_install=False, symlink_install=False, test_result_base=None, continue_on_error=False, executor='parallel', parallel_workers=32, event_handlers=None, ignore_user_meta=False, metas=['./colcon.meta'], base_paths=['.'], packages_ignore=None, packages_ignore_regex=None, paths=None, packages_up_to=None, packages_up_to_regex=None, packages_above=None, packages_above_and_dependencies=None, packages_above_depth=None, packages_select_by_dep=None, packages_skip_by_dep=None, packages_skip_up_to=None, packages_select_build_failed=False, packages_skip_build_finished=False, packages_select_test_failures=False, packages_skip_test_passed=False, packages_select=None, packages_skip=None, packages_select_regex=None, packages_skip_regex=None, packages_start=None, packages_end=None, allow_overriding=[], cmake_args=None, cmake_target=None, cmake_target_skip_unavailable=False, cmake_clean_cache=False, cmake_clean_first=False, cmake_force_configure=False, ament_cmake_args=None, catkin_cmake_args=None, catkin_skip_building_tests=False, verb_parser=<colcon_defaults.argument_parser.defaults.DefaultArgumentsDecorator object at 0x7f21deb3bca0>, verb_extension=<colcon_core.verb.build.BuildVerb object at 0x7f21deb3b7c0>, main=<bound method BuildVerb.main of <colcon_core.verb.build.BuildVerb object at 0x7f21deb3b7c0>>)
[0.540s] Level 1:colcon.colcon_core.package_discovery:discover_packages(colcon_meta) check parameters
[0.541s] Level 1:colcon.colcon_core.package_discovery:discover_packages(recursive) check parameters
[0.541s] Level 1:colcon.colcon_core.package_discovery:discover_packages(ignore) check parameters
[0.541s] Level 1:colcon.colcon_core.package_discovery:discover_packages(path) check parameters
[0.541s] Level 1:colcon.colcon_core.package_discovery:discover_packages(colcon_meta) discover
[0.541s] Level 1:colcon.colcon_core.package_discovery:discover_packages(recursive) discover
[0.541s] INFO:colcon.colcon_core.package_discovery:Crawling recursively for packages in '/home/simpletime/Project/proj_ws_pcl'
[0.541s] Level 1:colcon.colcon_core.package_identification:_identify(.) by extensions ['ignore', 'ignore_ament_install']
[0.541s] Level 1:colcon.colcon_core.package_identification:_identify(.) by extension 'ignore'
[0.541s] Level 1:colcon.colcon_core.package_identification:_identify(.) by extension 'ignore_ament_install'
[0.541s] Level 1:colcon.colcon_core.package_identification:_identify(.) by extensions ['colcon_pkg']
[0.541s] Level 1:colcon.colcon_core.package_identification:_identify(.) by extension 'colcon_pkg'
[0.541s] Level 1:colcon.colcon_core.package_identification:_identify(.) by extensions ['colcon_meta']
[0.541s] Level 1:colcon.colcon_core.package_identification:_identify(.) by extension 'colcon_meta'
[0.541s] Level 1:colcon.colcon_core.package_identification:_identify(.) by extensions ['ros']
[0.541s] Level 1:colcon.colcon_core.package_identification:_identify(.) by extension 'ros'
[0.553s] Level 1:colcon.colcon_core.package_identification:_identify(.) by extensions ['cmake', 'python']
[0.553s] Level 1:colcon.colcon_core.package_identification:_identify(.) by extension 'cmake'
[0.553s] Level 1:colcon.colcon_core.package_identification:_identify(.) by extension 'python'
[0.553s] Level 1:colcon.colcon_core.package_identification:_identify(.) by extensions ['python_setup_py']
[0.553s] Level 1:colcon.colcon_core.package_identification:_identify(.) by extension 'python_setup_py'
[0.553s] Level 1:colcon.colcon_core.package_identification:_identify(build) by extensions ['ignore', 'ignore_ament_install']
[0.553s] Level 1:colcon.colcon_core.package_identification:_identify(build) by extension 'ignore'
[0.553s] Level 1:colcon.colcon_core.package_identification:_identify(build) ignored
[0.553s] Level 1:colcon.colcon_core.package_identification:_identify(install) by extensions ['ignore', 'ignore_ament_install']
[0.553s] Level 1:colcon.colcon_core.package_identification:_identify(install) by extension 'ignore'
[0.553s] Level 1:colcon.colcon_core.package_identification:_identify(install) ignored
[0.553s] Level 1:colcon.colcon_core.package_identification:_identify(log) by extensions ['ignore', 'ignore_ament_install']
[0.553s] Level 1:colcon.colcon_core.package_identification:_identify(log) by extension 'ignore'
[0.553s] Level 1:colcon.colcon_core.package_identification:_identify(log) ignored
[0.554s] Level 1:colcon.colcon_core.package_identification:_identify(src) by extensions ['ignore', 'ignore_ament_install']
[0.554s] Level 1:colcon.colcon_core.package_identification:_identify(src) by extension 'ignore'
[0.554s] Level 1:colcon.colcon_core.package_identification:_identify(src) by extension 'ignore_ament_install'
[0.554s] Level 1:colcon.colcon_core.package_identification:_identify(src) by extensions ['colcon_pkg']
[0.554s] Level 1:colcon.colcon_core.package_identification:_identify(src) by extension 'colcon_pkg'
[0.554s] Level 1:colcon.colcon_core.package_identification:_identify(src) by extensions ['colcon_meta']
[0.554s] Level 1:colcon.colcon_core.package_identification:_identify(src) by extension 'colcon_meta'
[0.554s] Level 1:colcon.colcon_core.package_identification:_identify(src) by extensions ['ros']
[0.554s] Level 1:colcon.colcon_core.package_identification:_identify(src) by extension 'ros'
[0.554s] Level 1:colcon.colcon_core.package_identification:_identify(src) by extensions ['cmake', 'python']
[0.554s] Level 1:colcon.colcon_core.package_identification:_identify(src) by extension 'cmake'
[0.554s] Level 1:colcon.colcon_core.package_identification:_identify(src) by extension 'python'
[0.554s] Level 1:colcon.colcon_core.package_identification:_identify(src) by extensions ['python_setup_py']
[0.554s] Level 1:colcon.colcon_core.package_identification:_identify(src) by extension 'python_setup_py'
[0.554s] Level 1:colcon.colcon_core.package_identification:_identify(src/pcl) by extensions ['ignore', 'ignore_ament_install']
[0.554s] Level 1:colcon.colcon_core.package_identification:_identify(src/pcl) by extension 'ignore'
[0.554s] Level 1:colcon.colcon_core.package_identification:_identify(src/pcl) by extension 'ignore_ament_install'
[0.554s] Level 1:colcon.colcon_core.package_identification:_identify(src/pcl) by extensions ['colcon_pkg']
[0.554s] Level 1:colcon.colcon_core.package_identification:_identify(src/pcl) by extension 'colcon_pkg'
[0.554s] Level 1:colcon.colcon_core.package_identification:_identify(src/pcl) by extensions ['colcon_meta']
[0.554s] Level 1:colcon.colcon_core.package_identification:_identify(src/pcl) by extension 'colcon_meta'
[0.554s] Level 1:colcon.colcon_core.package_identification:_identify(src/pcl) by extensions ['ros']
[0.554s] Level 1:colcon.colcon_core.package_identification:_identify(src/pcl) by extension 'ros'
[0.557s] DEBUG:colcon.colcon_core.package_identification:Package 'src/pcl' with type 'ros.ament_cmake' and name 'pcl'
[0.557s] Level 1:colcon.colcon_core.package_discovery:discover_packages(recursive) using defaults
[0.557s] Level 1:colcon.colcon_core.package_discovery:discover_packages(ignore) discover
[0.557s] Level 1:colcon.colcon_core.package_discovery:discover_packages(ignore) using defaults
[0.557s] Level 1:colcon.colcon_core.package_discovery:discover_packages(path) discover
[0.557s] Level 1:colcon.colcon_core.package_discovery:discover_packages(path) using defaults
[0.580s] Level 1:colcon.colcon_core.package_discovery:discover_packages(prefix_path) check parameters
[0.580s] Level 1:colcon.colcon_core.package_discovery:discover_packages(prefix_path) discover
[0.586s] DEBUG:colcon.colcon_installed_package_information.package_discovery:Found 271 installed packages in /opt/ros/humble
[0.587s] Level 1:colcon.colcon_core.package_discovery:discover_packages(prefix_path) using defaults
[0.674s] Level 5:colcon.colcon_core.verb:set package 'pcl' build argument 'cmake_args' from command line to 'None'
[0.674s] Level 5:colcon.colcon_core.verb:set package 'pcl' build argument 'cmake_target' from command line to 'None'
[0.674s] Level 5:colcon.colcon_core.verb:set package 'pcl' build argument 'cmake_target_skip_unavailable' from command line to 'False'
[0.674s] Level 5:colcon.colcon_core.verb:set package 'pcl' build argument 'cmake_clean_cache' from command line to 'False'
[0.674s] Level 5:colcon.colcon_core.verb:set package 'pcl' build argument 'cmake_clean_first' from command line to 'False'
[0.674s] Level 5:colcon.colcon_core.verb:set package 'pcl' build argument 'cmake_force_configure' from command line to 'False'
[0.674s] Level 5:colcon.colcon_core.verb:set package 'pcl' build argument 'ament_cmake_args' from command line to 'None'
[0.674s] Level 5:colcon.colcon_core.verb:set package 'pcl' build argument 'catkin_cmake_args' from command line to 'None'
[0.674s] Level 5:colcon.colcon_core.verb:set package 'pcl' build argument 'catkin_skip_building_tests' from command line to 'False'
[0.674s] DEBUG:colcon.colcon_core.verb:Building package 'pcl' with the following arguments: {'ament_cmake_args': None, 'build_base': '/home/simpletime/Project/proj_ws_pcl/build/pcl', 'catkin_cmake_args': None, 'catkin_skip_building_tests': False, 'cmake_args': None, 'cmake_clean_cache': False, 'cmake_clean_first': False, 'cmake_force_configure': False, 'cmake_target': None, 'cmake_target_skip_unavailable': False, 'install_base': '/home/simpletime/Project/proj_ws_pcl/install/pcl', 'merge_install': False, 'path': '/home/simpletime/Project/proj_ws_pcl/src/pcl', 'symlink_install': False, 'test_result_base': None}
[0.675s] INFO:colcon.colcon_core.executor:Executing jobs using 'parallel' executor
[0.675s] DEBUG:colcon.colcon_parallel_executor.executor.parallel:run_until_complete
[0.676s] INFO:colcon.colcon_ros.task.ament_cmake.build:Building ROS package in '/home/simpletime/Project/proj_ws_pcl/src/pcl' with build type 'ament_cmake'
[0.676s] INFO:colcon.colcon_cmake.task.cmake.build:Building CMake package in '/home/simpletime/Project/proj_ws_pcl/src/pcl'
[0.681s] INFO:colcon.colcon_core.plugin_system:Skipping extension 'colcon_core.shell.bat': Not used on non-Windows systems
[0.681s] INFO:colcon.colcon_core.shell:Skip shell extension 'powershell' for command environment: Not usable outside of PowerShell
[0.681s] DEBUG:colcon.colcon_core.shell:Skip shell extension 'dsv' for command environment
[0.693s] DEBUG:colcon.colcon_core.event_handler.log_command:Invoking command in '/home/simpletime/Project/proj_ws_pcl/build/pcl': CMAKE_PREFIX_PATH=/opt/ros/humble /usr/bin/cmake --build /home/simpletime/Project/proj_ws_pcl/build/pcl -- -j32 -l32
[9.594s] DEBUG:colcon.colcon_core.event_handler.log_command:Invoked command in '/home/simpletime/Project/proj_ws_pcl/build/pcl' returned '2': CMAKE_PREFIX_PATH=/opt/ros/humble /usr/bin/cmake --build /home/simpletime/Project/proj_ws_pcl/build/pcl -- -j32 -l32
[9.614s] Level 1:colcon.colcon_core.environment:create_environment_scripts_only(pcl)
[9.621s] Level 1:colcon.colcon_core.environment:checking '/home/simpletime/Project/proj_ws_pcl/install/pcl' for CMake module files
[9.621s] Level 1:colcon.colcon_core.environment:checking '/home/simpletime/Project/proj_ws_pcl/install/pcl' for CMake config files
[9.622s] Level 1:colcon.colcon_core.environment:checking '/home/simpletime/Project/proj_ws_pcl/install/pcl/bin'
[9.623s] Level 1:colcon.colcon_core.environment:checking '/home/simpletime/Project/proj_ws_pcl/install/pcl/lib/pkgconfig/pcl.pc'
[9.623s] Level 1:colcon.colcon_core.environment:checking '/home/simpletime/Project/proj_ws_pcl/install/pcl/lib/python3.10/site-packages'
[9.623s] Level 1:colcon.colcon_core.environment:checking '/home/simpletime/Project/proj_ws_pcl/install/pcl/bin'
[9.623s] INFO:colcon.colcon_core.shell:Creating package script '/home/simpletime/Project/proj_ws_pcl/install/pcl/share/pcl/package.ps1'
[9.624s] INFO:colcon.colcon_core.shell:Creating package descriptor '/home/simpletime/Project/proj_ws_pcl/install/pcl/share/pcl/package.dsv'
[9.625s] INFO:colcon.colcon_core.shell:Creating package script '/home/simpletime/Project/proj_ws_pcl/install/pcl/share/pcl/package.sh'
[9.626s] INFO:colcon.colcon_core.shell:Creating package script '/home/simpletime/Project/proj_ws_pcl/install/pcl/share/pcl/package.bash'
[9.627s] INFO:colcon.colcon_core.shell:Creating package script '/home/simpletime/Project/proj_ws_pcl/install/pcl/share/pcl/package.zsh'
[9.628s] Level 1:colcon.colcon_core.environment:create_file_with_runtime_dependencies(/home/simpletime/Project/proj_ws_pcl/install/pcl/share/colcon-core/packages/pcl)
[9.628s] DEBUG:colcon.colcon_parallel_executor.executor.parallel:closing loop
[9.628s] DEBUG:colcon.colcon_parallel_executor.executor.parallel:loop closed
[9.629s] DEBUG:colcon.colcon_parallel_executor.executor.parallel:run_until_complete finished with '2'
[9.629s] DEBUG:colcon.colcon_core.event_reactor:joining thread
[9.668s] INFO:colcon.colcon_core.plugin_system:Skipping extension 'colcon_notification.desktop_notification.notify_send': Could not find 'notify-send'
[9.669s] INFO:colcon.colcon_core.plugin_system:Skipping extension 'colcon_notification.desktop_notification.terminal_notifier': Not used on non-Darwin systems
[9.669s] INFO:colcon.colcon_core.plugin_system:Skipping extension 'colcon_notification.desktop_notification.win32': Not used on non-Windows systems
[9.669s] INFO:colcon.colcon_notification.desktop_notification:Sending desktop notification using 'notify2'
[9.675s] DEBUG:colcon.colcon_notification.desktop_notification.notify2:Failed to initialize notify2: org.freedesktop.DBus.Error.ServiceUnknown: The name org.freedesktop.Notifications was not provided by any .service files
[9.676s] DEBUG:colcon.colcon_core.event_reactor:joined thread
[9.676s] INFO:colcon.colcon_core.shell:Creating prefix script '/home/simpletime/Project/proj_ws_pcl/install/local_setup.ps1'
[9.677s] INFO:colcon.colcon_core.shell:Creating prefix util module '/home/simpletime/Project/proj_ws_pcl/install/_local_setup_util_ps1.py'
[9.679s] INFO:colcon.colcon_core.shell:Creating prefix chain script '/home/simpletime/Project/proj_ws_pcl/install/setup.ps1'
[9.680s] INFO:colcon.colcon_core.shell:Creating prefix script '/home/simpletime/Project/proj_ws_pcl/install/local_setup.sh'
[9.680s] INFO:colcon.colcon_core.shell:Creating prefix util module '/home/simpletime/Project/proj_ws_pcl/install/_local_setup_util_sh.py'
[9.681s] INFO:colcon.colcon_core.shell:Creating prefix chain script '/home/simpletime/Project/proj_ws_pcl/install/setup.sh'
[9.682s] INFO:colcon.colcon_core.shell:Creating prefix script '/home/simpletime/Project/proj_ws_pcl/install/local_setup.bash'
[9.682s] INFO:colcon.colcon_core.shell:Creating prefix chain script '/home/simpletime/Project/proj_ws_pcl/install/setup.bash'
[9.683s] INFO:colcon.colcon_core.shell:Creating prefix script '/home/simpletime/Project/proj_ws_pcl/install/local_setup.zsh'
[9.684s] INFO:colcon.colcon_core.shell:Creating prefix chain script '/home/simpletime/Project/proj_ws_pcl/install/setup.zsh'
