[0.013s] Invoking command in '/home/simpletime/exam/build/base_interface': CMAKE_PREFIX_PATH=${CMAKE_PREFIX_PATH}:/opt/ros/humble /usr/bin/cmake --build /home/simpletime/exam/build/base_interface -- -j4 -l4
[0.073s] [  3%] Built target base_interface__cpp
[0.074s] [ 12%] Built target base_interface__rosidl_generator_c
[0.083s] [ 12%] Built target ament_cmake_python_copy_base_interface
[0.102s] [ 22%] Built target base_interface__rosidl_typesupport_fastrtps_cpp
[0.109s] [ 32%] Built target base_interface__rosidl_typesupport_introspection_cpp
[0.112s] [ 41%] Built target base_interface__rosidl_typesupport_cpp
[0.119s] [ 51%] Built target base_interface__rosidl_typesupport_fastrtps_c
[0.146s] [ 61%] Built target base_interface__rosidl_typesupport_introspection_c
[0.151s] [ 70%] Built target base_interface__rosidl_typesupport_c
[0.202s] [ 70%] Built target base_interface
[0.244s] [ 74%] Built target base_interface__py
[0.270s] [ 80%] Built target base_interface__rosidl_generator_py
[0.292s] [ 87%] Built target base_interface__rosidl_typesupport_introspection_c__pyext
[0.294s] [ 93%] Built target base_interface__rosidl_typesupport_fastrtps_c__pyext
[0.300s] [100%] Built target base_interface__rosidl_typesupport_c__pyext
[0.309s] running egg_info
[0.309s] writing base_interface.egg-info/PKG-INFO
[0.310s] writing dependency_links to base_interface.egg-info/dependency_links.txt
[0.310s] writing top-level names to base_interface.egg-info/top_level.txt
[0.312s] reading manifest file 'base_interface.egg-info/SOURCES.txt'
[0.313s] writing manifest file 'base_interface.egg-info/SOURCES.txt'
[0.340s] [100%] Built target ament_cmake_python_build_base_interface_egg
[0.353s] Invoked command in '/home/simpletime/exam/build/base_interface' returned '0': CMAKE_PREFIX_PATH=${CMAKE_PREFIX_PATH}:/opt/ros/humble /usr/bin/cmake --build /home/simpletime/exam/build/base_interface -- -j4 -l4
[0.422s] Invoking command in '/home/simpletime/exam/build/base_interface': CMAKE_PREFIX_PATH=${CMAKE_PREFIX_PATH}:/opt/ros/humble /usr/bin/cmake --install /home/simpletime/exam/build/base_interface
[0.430s] -- Install configuration: ""
[0.430s] -- Up-to-date: /home/simpletime/exam/install/base_interface/share/ament_index/resource_index/rosidl_interfaces/base_interface
[0.430s] -- Up-to-date: /home/simpletime/exam/install/base_interface/include/base_interface/base_interface
[0.430s] -- Up-to-date: /home/simpletime/exam/install/base_interface/include/base_interface/base_interface/msg
[0.430s] -- Up-to-date: /home/simpletime/exam/install/base_interface/include/base_interface/base_interface/msg/detail
[0.430s] -- Up-to-date: /home/simpletime/exam/install/base_interface/include/base_interface/base_interface/msg/detail/message__type_support.h
[0.430s] -- Up-to-date: /home/simpletime/exam/install/base_interface/include/base_interface/base_interface/msg/detail/message__functions.h
[0.430s] -- Up-to-date: /home/simpletime/exam/install/base_interface/include/base_interface/base_interface/msg/detail/message__functions.c
[0.430s] -- Up-to-date: /home/simpletime/exam/install/base_interface/include/base_interface/base_interface/msg/detail/message__struct.h
[0.430s] -- Up-to-date: /home/simpletime/exam/install/base_interface/include/base_interface/base_interface/msg/message.h
[0.430s] -- Up-to-date: /home/simpletime/exam/install/base_interface/include/base_interface/base_interface/msg/rosidl_generator_c__visibility_control.h
[0.430s] -- Up-to-date: /home/simpletime/exam/install/base_interface/share/base_interface/environment/library_path.sh
[0.430s] -- Up-to-date: /home/simpletime/exam/install/base_interface/share/base_interface/environment/library_path.dsv
[0.430s] -- Up-to-date: /home/simpletime/exam/install/base_interface/lib/libbase_interface__rosidl_generator_c.so
[0.430s] -- Up-to-date: /home/simpletime/exam/install/base_interface/include/base_interface/base_interface
[0.430s] -- Up-to-date: /home/simpletime/exam/install/base_interface/include/base_interface/base_interface/msg
[0.430s] -- Up-to-date: /home/simpletime/exam/install/base_interface/include/base_interface/base_interface/msg/detail
[0.430s] -- Up-to-date: /home/simpletime/exam/install/base_interface/include/base_interface/base_interface/msg/detail/message__rosidl_typesupport_fastrtps_c.h
[0.431s] -- Up-to-date: /home/simpletime/exam/install/base_interface/include/base_interface/base_interface/msg/rosidl_typesupport_fastrtps_c__visibility_control.h
[0.431s] -- Up-to-date: /home/simpletime/exam/install/base_interface/lib/libbase_interface__rosidl_typesupport_fastrtps_c.so
[0.431s] -- Up-to-date: /home/simpletime/exam/install/base_interface/include/base_interface/base_interface
[0.431s] -- Up-to-date: /home/simpletime/exam/install/base_interface/include/base_interface/base_interface/msg
[0.431s] -- Up-to-date: /home/simpletime/exam/install/base_interface/include/base_interface/base_interface/msg/message.hpp
[0.431s] -- Up-to-date: /home/simpletime/exam/install/base_interface/include/base_interface/base_interface/msg/detail
[0.431s] -- Up-to-date: /home/simpletime/exam/install/base_interface/include/base_interface/base_interface/msg/detail/message__struct.hpp
[0.431s] -- Up-to-date: /home/simpletime/exam/install/base_interface/include/base_interface/base_interface/msg/detail/message__builder.hpp
[0.431s] -- Up-to-date: /home/simpletime/exam/install/base_interface/include/base_interface/base_interface/msg/detail/message__traits.hpp
[0.431s] -- Up-to-date: /home/simpletime/exam/install/base_interface/include/base_interface/base_interface
[0.431s] -- Up-to-date: /home/simpletime/exam/install/base_interface/include/base_interface/base_interface/msg
[0.431s] -- Up-to-date: /home/simpletime/exam/install/base_interface/include/base_interface/base_interface/msg/detail
[0.431s] -- Up-to-date: /home/simpletime/exam/install/base_interface/include/base_interface/base_interface/msg/detail/message__rosidl_typesupport_fastrtps_cpp.hpp
[0.431s] -- Up-to-date: /home/simpletime/exam/install/base_interface/include/base_interface/base_interface/msg/detail/dds_fastrtps
[0.431s] -- Up-to-date: /home/simpletime/exam/install/base_interface/include/base_interface/base_interface/msg/rosidl_typesupport_fastrtps_cpp__visibility_control.h
[0.431s] -- Up-to-date: /home/simpletime/exam/install/base_interface/lib/libbase_interface__rosidl_typesupport_fastrtps_cpp.so
[0.431s] -- Up-to-date: /home/simpletime/exam/install/base_interface/include/base_interface/base_interface
[0.431s] -- Up-to-date: /home/simpletime/exam/install/base_interface/include/base_interface/base_interface/msg
[0.431s] -- Up-to-date: /home/simpletime/exam/install/base_interface/include/base_interface/base_interface/msg/rosidl_typesupport_introspection_c__visibility_control.h
[0.431s] -- Up-to-date: /home/simpletime/exam/install/base_interface/include/base_interface/base_interface/msg/detail
[0.432s] -- Up-to-date: /home/simpletime/exam/install/base_interface/include/base_interface/base_interface/msg/detail/message__type_support.c
[0.432s] -- Up-to-date: /home/simpletime/exam/install/base_interface/include/base_interface/base_interface/msg/detail/message__rosidl_typesupport_introspection_c.h
[0.432s] -- Up-to-date: /home/simpletime/exam/install/base_interface/lib/libbase_interface__rosidl_typesupport_introspection_c.so
[0.432s] -- Up-to-date: /home/simpletime/exam/install/base_interface/lib/libbase_interface__rosidl_typesupport_c.so
[0.432s] -- Up-to-date: /home/simpletime/exam/install/base_interface/include/base_interface/base_interface
[0.432s] -- Up-to-date: /home/simpletime/exam/install/base_interface/include/base_interface/base_interface/msg
[0.432s] -- Up-to-date: /home/simpletime/exam/install/base_interface/include/base_interface/base_interface/msg/detail
[0.432s] -- Up-to-date: /home/simpletime/exam/install/base_interface/include/base_interface/base_interface/msg/detail/message__type_support.cpp
[0.432s] -- Up-to-date: /home/simpletime/exam/install/base_interface/include/base_interface/base_interface/msg/detail/message__rosidl_typesupport_introspection_cpp.hpp
[0.434s] -- Up-to-date: /home/simpletime/exam/install/base_interface/lib/libbase_interface__rosidl_typesupport_introspection_cpp.so
[0.434s] -- Up-to-date: /home/simpletime/exam/install/base_interface/lib/libbase_interface__rosidl_typesupport_cpp.so
[0.434s] -- Up-to-date: /home/simpletime/exam/install/base_interface/share/base_interface/environment/pythonpath.sh
[0.434s] -- Up-to-date: /home/simpletime/exam/install/base_interface/share/base_interface/environment/pythonpath.dsv
[0.434s] -- Up-to-date: /home/simpletime/exam/install/base_interface/local/lib/python3.10/dist-packages/base_interface-0.0.0-py3.10.egg-info
[0.434s] -- Installing: /home/simpletime/exam/install/base_interface/local/lib/python3.10/dist-packages/base_interface-0.0.0-py3.10.egg-info/PKG-INFO
[0.434s] -- Installing: /home/simpletime/exam/install/base_interface/local/lib/python3.10/dist-packages/base_interface-0.0.0-py3.10.egg-info/SOURCES.txt
[0.434s] -- Installing: /home/simpletime/exam/install/base_interface/local/lib/python3.10/dist-packages/base_interface-0.0.0-py3.10.egg-info/dependency_links.txt
[0.434s] -- Installing: /home/simpletime/exam/install/base_interface/local/lib/python3.10/dist-packages/base_interface-0.0.0-py3.10.egg-info/top_level.txt
[0.434s] -- Up-to-date: /home/simpletime/exam/install/base_interface/local/lib/python3.10/dist-packages/base_interface
[0.434s] -- Up-to-date: /home/simpletime/exam/install/base_interface/local/lib/python3.10/dist-packages/base_interface/msg
[0.434s] -- Up-to-date: /home/simpletime/exam/install/base_interface/local/lib/python3.10/dist-packages/base_interface/msg/_message_s.c
[0.435s] -- Up-to-date: /home/simpletime/exam/install/base_interface/local/lib/python3.10/dist-packages/base_interface/msg/__init__.py
[0.435s] -- Up-to-date: /home/simpletime/exam/install/base_interface/local/lib/python3.10/dist-packages/base_interface/msg/_message.py
[0.435s] -- Up-to-date: /home/simpletime/exam/install/base_interface/local/lib/python3.10/dist-packages/base_interface/_base_interface_s.ep.rosidl_typesupport_fastrtps_c.c
[0.435s] -- Up-to-date: /home/simpletime/exam/install/base_interface/local/lib/python3.10/dist-packages/base_interface/base_interface_s__rosidl_typesupport_fastrtps_c.cpython-310-x86_64-linux-gnu.so
[0.435s] -- Up-to-date: /home/simpletime/exam/install/base_interface/local/lib/python3.10/dist-packages/base_interface/__init__.py
[0.435s] -- Up-to-date: /home/simpletime/exam/install/base_interface/local/lib/python3.10/dist-packages/base_interface/base_interface_s__rosidl_typesupport_introspection_c.cpython-310-x86_64-linux-gnu.so
[0.435s] -- Up-to-date: /home/simpletime/exam/install/base_interface/local/lib/python3.10/dist-packages/base_interface/_base_interface_s.ep.rosidl_typesupport_c.c
[0.435s] -- Up-to-date: /home/simpletime/exam/install/base_interface/local/lib/python3.10/dist-packages/base_interface/base_interface_s__rosidl_typesupport_c.cpython-310-x86_64-linux-gnu.so
[0.435s] -- Up-to-date: /home/simpletime/exam/install/base_interface/local/lib/python3.10/dist-packages/base_interface/_base_interface_s.ep.rosidl_typesupport_introspection_c.c
[0.435s] -- Up-to-date: /home/simpletime/exam/install/base_interface/local/lib/python3.10/dist-packages/base_interface/libbase_interface__rosidl_generator_py.so
[0.457s] Listing '/home/simpletime/exam/install/base_interface/local/lib/python3.10/dist-packages/base_interface'...
[0.457s] Listing '/home/simpletime/exam/install/base_interface/local/lib/python3.10/dist-packages/base_interface/msg'...
[0.460s] -- Up-to-date: /home/simpletime/exam/install/base_interface/local/lib/python3.10/dist-packages/base_interface/base_interface_s__rosidl_typesupport_fastrtps_c.cpython-310-x86_64-linux-gnu.so
[0.461s] -- Up-to-date: /home/simpletime/exam/install/base_interface/local/lib/python3.10/dist-packages/base_interface/base_interface_s__rosidl_typesupport_introspection_c.cpython-310-x86_64-linux-gnu.so
[0.461s] -- Up-to-date: /home/simpletime/exam/install/base_interface/local/lib/python3.10/dist-packages/base_interface/base_interface_s__rosidl_typesupport_c.cpython-310-x86_64-linux-gnu.so
[0.461s] -- Up-to-date: /home/simpletime/exam/install/base_interface/lib/libbase_interface__rosidl_generator_py.so
[0.462s] -- Up-to-date: /home/simpletime/exam/install/base_interface/share/base_interface/msg/Message.idl
[0.462s] -- Up-to-date: /home/simpletime/exam/install/base_interface/share/base_interface/msg/Message.msg
[0.462s] -- Up-to-date: /home/simpletime/exam/install/base_interface/share/ament_index/resource_index/package_run_dependencies/base_interface
[0.462s] -- Up-to-date: /home/simpletime/exam/install/base_interface/share/ament_index/resource_index/parent_prefix_path/base_interface
[0.462s] -- Up-to-date: /home/simpletime/exam/install/base_interface/share/base_interface/environment/ament_prefix_path.sh
[0.462s] -- Up-to-date: /home/simpletime/exam/install/base_interface/share/base_interface/environment/ament_prefix_path.dsv
[0.462s] -- Up-to-date: /home/simpletime/exam/install/base_interface/share/base_interface/environment/path.sh
[0.462s] -- Up-to-date: /home/simpletime/exam/install/base_interface/share/base_interface/environment/path.dsv
[0.462s] -- Up-to-date: /home/simpletime/exam/install/base_interface/share/base_interface/local_setup.bash
[0.462s] -- Up-to-date: /home/simpletime/exam/install/base_interface/share/base_interface/local_setup.sh
[0.463s] -- Up-to-date: /home/simpletime/exam/install/base_interface/share/base_interface/local_setup.zsh
[0.463s] -- Up-to-date: /home/simpletime/exam/install/base_interface/share/base_interface/local_setup.dsv
[0.463s] -- Installing: /home/simpletime/exam/install/base_interface/share/base_interface/package.dsv
[0.463s] -- Up-to-date: /home/simpletime/exam/install/base_interface/share/ament_index/resource_index/packages/base_interface
[0.463s] -- Up-to-date: /home/simpletime/exam/install/base_interface/share/base_interface/cmake/export_base_interface__rosidl_generator_cExport.cmake
[0.463s] -- Up-to-date: /home/simpletime/exam/install/base_interface/share/base_interface/cmake/export_base_interface__rosidl_generator_cExport-noconfig.cmake
[0.463s] -- Up-to-date: /home/simpletime/exam/install/base_interface/share/base_interface/cmake/export_base_interface__rosidl_typesupport_fastrtps_cExport.cmake
[0.463s] -- Up-to-date: /home/simpletime/exam/install/base_interface/share/base_interface/cmake/export_base_interface__rosidl_typesupport_fastrtps_cExport-noconfig.cmake
[0.463s] -- Up-to-date: /home/simpletime/exam/install/base_interface/share/base_interface/cmake/export_base_interface__rosidl_generator_cppExport.cmake
[0.463s] -- Up-to-date: /home/simpletime/exam/install/base_interface/share/base_interface/cmake/export_base_interface__rosidl_typesupport_fastrtps_cppExport.cmake
[0.463s] -- Up-to-date: /home/simpletime/exam/install/base_interface/share/base_interface/cmake/export_base_interface__rosidl_typesupport_fastrtps_cppExport-noconfig.cmake
[0.463s] -- Up-to-date: /home/simpletime/exam/install/base_interface/share/base_interface/cmake/base_interface__rosidl_typesupport_introspection_cExport.cmake
[0.463s] -- Up-to-date: /home/simpletime/exam/install/base_interface/share/base_interface/cmake/base_interface__rosidl_typesupport_introspection_cExport-noconfig.cmake
[0.463s] -- Up-to-date: /home/simpletime/exam/install/base_interface/share/base_interface/cmake/base_interface__rosidl_typesupport_cExport.cmake
[0.464s] -- Up-to-date: /home/simpletime/exam/install/base_interface/share/base_interface/cmake/base_interface__rosidl_typesupport_cExport-noconfig.cmake
[0.464s] -- Up-to-date: /home/simpletime/exam/install/base_interface/share/base_interface/cmake/base_interface__rosidl_typesupport_introspection_cppExport.cmake
[0.464s] -- Up-to-date: /home/simpletime/exam/install/base_interface/share/base_interface/cmake/base_interface__rosidl_typesupport_introspection_cppExport-noconfig.cmake
[0.464s] -- Up-to-date: /home/simpletime/exam/install/base_interface/share/base_interface/cmake/base_interface__rosidl_typesupport_cppExport.cmake
[0.464s] -- Up-to-date: /home/simpletime/exam/install/base_interface/share/base_interface/cmake/base_interface__rosidl_typesupport_cppExport-noconfig.cmake
[0.464s] -- Up-to-date: /home/simpletime/exam/install/base_interface/share/base_interface/cmake/export_base_interface__rosidl_generator_pyExport.cmake
[0.464s] -- Up-to-date: /home/simpletime/exam/install/base_interface/share/base_interface/cmake/export_base_interface__rosidl_generator_pyExport-noconfig.cmake
[0.464s] -- Up-to-date: /home/simpletime/exam/install/base_interface/share/base_interface/cmake/rosidl_cmake-extras.cmake
[0.464s] -- Up-to-date: /home/simpletime/exam/install/base_interface/share/base_interface/cmake/ament_cmake_export_include_directories-extras.cmake
[0.465s] -- Up-to-date: /home/simpletime/exam/install/base_interface/share/base_interface/cmake/ament_cmake_export_libraries-extras.cmake
[0.466s] -- Up-to-date: /home/simpletime/exam/install/base_interface/share/base_interface/cmake/ament_cmake_export_targets-extras.cmake
[0.466s] -- Up-to-date: /home/simpletime/exam/install/base_interface/share/base_interface/cmake/rosidl_cmake_export_typesupport_targets-extras.cmake
[0.466s] -- Up-to-date: /home/simpletime/exam/install/base_interface/share/base_interface/cmake/ament_cmake_export_dependencies-extras.cmake
[0.466s] -- Up-to-date: /home/simpletime/exam/install/base_interface/share/base_interface/cmake/rosidl_cmake_export_typesupport_libraries-extras.cmake
[0.466s] -- Up-to-date: /home/simpletime/exam/install/base_interface/share/base_interface/cmake/base_interfaceConfig.cmake
[0.466s] -- Up-to-date: /home/simpletime/exam/install/base_interface/share/base_interface/cmake/base_interfaceConfig-version.cmake
[0.466s] -- Up-to-date: /home/simpletime/exam/install/base_interface/share/base_interface/package.xml
[0.468s] Invoked command in '/home/simpletime/exam/build/base_interface' returned '0': CMAKE_PREFIX_PATH=${CMAKE_PREFIX_PATH}:/opt/ros/humble /usr/bin/cmake --install /home/simpletime/exam/build/base_interface
