[0.010s] Invoking command in '/home/simpletime/project01_book/build/company': CMAKE_PREFIX_PATH=/home/simpletime/project01_book/install/base_interfaces:/home/simpletime/project01_book/install/company:/opt/ros/humble /usr/bin/cmake --build /home/simpletime/project01_book/build/company -- -j4 -l4
[0.044s] [35m[1mConsolidate compiler generated dependencies of target company_a[0m
[0.058s] [ 33%] [32mBuilding CXX object CMakeFiles/company_c.dir/src/company_c.cpp.o[0m
[0.058s] [ 33%] [32mBuilding CXX object CMakeFiles/company_b.dir/src/company_b.cpp.o[0m
[0.059s] [ 50%] [32mBuilding CXX object CMakeFiles/company_a.dir/src/company_a.cpp.o[0m
[6.884s] [ 83%] [32m[1mLinking CXX executable company_b[0m
[6.887s] [ 83%] [32m[1mLinking CXX executable company_c[0m
[7.204s] [ 83%] Built target company_c
[7.206s] [ 83%] Built target company_b
[7.224s] [100%] [32m[1mLinking CXX executable company_a[0m
[7.480s] [100%] Built target company_a
[7.558s] Invoked command in '/home/simpletime/project01_book/build/company' returned '0': CMAKE_PREFIX_PATH=/home/simpletime/project01_book/install/base_interfaces:/home/simpletime/project01_book/install/company:/opt/ros/humble /usr/bin/cmake --build /home/simpletime/project01_book/build/company -- -j4 -l4
[7.627s] Invoking command in '/home/simpletime/project01_book/build/company': CMAKE_PREFIX_PATH=/home/simpletime/project01_book/install/base_interfaces:/home/simpletime/project01_book/install/company:/opt/ros/humble /usr/bin/cmake --install /home/simpletime/project01_book/build/company
[7.632s] -- Install configuration: ""
[7.634s] -- Installing: /home/simpletime/project01_book/install/company/lib/company/company_a
[7.638s] -- Set runtime path of "/home/simpletime/project01_book/install/company/lib/company/company_a" to ""
[7.639s] -- Installing: /home/simpletime/project01_book/install/company/lib/company/company_b
[7.644s] -- Set runtime path of "/home/simpletime/project01_book/install/company/lib/company/company_b" to ""
[7.645s] -- Installing: /home/simpletime/project01_book/install/company/lib/company/company_c
[7.655s] -- Set runtime path of "/home/simpletime/project01_book/install/company/lib/company/company_c" to ""
[7.656s] -- Up-to-date: /home/simpletime/project01_book/install/company/share/ament_index/resource_index/package_run_dependencies/company
[7.656s] -- Up-to-date: /home/simpletime/project01_book/install/company/share/ament_index/resource_index/parent_prefix_path/company
[7.658s] -- Up-to-date: /home/simpletime/project01_book/install/company/share/company/environment/ament_prefix_path.sh
[7.659s] -- Up-to-date: /home/simpletime/project01_book/install/company/share/company/environment/ament_prefix_path.dsv
[7.659s] -- Up-to-date: /home/simpletime/project01_book/install/company/share/company/environment/path.sh
[7.659s] -- Up-to-date: /home/simpletime/project01_book/install/company/share/company/environment/path.dsv
[7.659s] -- Up-to-date: /home/simpletime/project01_book/install/company/share/company/local_setup.bash
[7.659s] -- Up-to-date: /home/simpletime/project01_book/install/company/share/company/local_setup.sh
[7.659s] -- Up-to-date: /home/simpletime/project01_book/install/company/share/company/local_setup.zsh
[7.659s] -- Up-to-date: /home/simpletime/project01_book/install/company/share/company/local_setup.dsv
[7.659s] -- Installing: /home/simpletime/project01_book/install/company/share/company/package.dsv
[7.659s] -- Up-to-date: /home/simpletime/project01_book/install/company/share/ament_index/resource_index/packages/company
[7.660s] -- Up-to-date: /home/simpletime/project01_book/install/company/share/company/cmake/companyConfig.cmake
[7.660s] -- Up-to-date: /home/simpletime/project01_book/install/company/share/company/cmake/companyConfig-version.cmake
[7.660s] -- Up-to-date: /home/simpletime/project01_book/install/company/share/company/package.xml
[7.676s] Invoked command in '/home/simpletime/project01_book/build/company' returned '0': CMAKE_PREFIX_PATH=/home/simpletime/project01_book/install/base_interfaces:/home/simpletime/project01_book/install/company:/opt/ros/humble /usr/bin/cmake --install /home/simpletime/project01_book/build/company
