[0.013s] Invoking command in '/home/simpletime/exam/build/base_interface': CMAKE_PREFIX_PATH=/opt/ros/humble /usr/bin/cmake --build /home/simpletime/exam/build/base_interface -- -j4 -l4
[0.068s] [  3%] Built target base_interface__cpp
[0.069s] [ 12%] Built target base_interface__rosidl_generator_c
[0.078s] [ 12%] Built target ament_cmake_python_copy_base_interface
[0.089s] [ 22%] Built target base_interface__rosidl_typesupport_fastrtps_cpp
[0.095s] [ 32%] Built target base_interface__rosidl_typesupport_cpp
[0.095s] [ 41%] Built target base_interface__rosidl_typesupport_introspection_cpp
[0.099s] [ 51%] Built target base_interface__rosidl_typesupport_fastrtps_c
[0.113s] [ 61%] Built target base_interface__rosidl_typesupport_introspection_c
[0.113s] [ 70%] Built target base_interface__rosidl_typesupport_c
[0.133s] [ 70%] Built target base_interface
[0.150s] [ 74%] Built target base_interface__py
[0.167s] [ 80%] Built target base_interface__rosidl_generator_py
[0.186s] [ 90%] Built target base_interface__rosidl_typesupport_introspection_c__pyext
[0.186s] [ 93%] Built target base_interface__rosidl_typesupport_fastrtps_c__pyext
[0.187s] [100%] Built target base_interface__rosidl_typesupport_c__pyext
[0.238s] running egg_info
[0.239s] writing base_interface.egg-info/PKG-INFO
[0.239s] writing dependency_links to base_interface.egg-info/dependency_links.txt
[0.239s] writing top-level names to base_interface.egg-info/top_level.txt
[0.240s] reading manifest file 'base_interface.egg-info/SOURCES.txt'
[0.241s] writing manifest file 'base_interface.egg-info/SOURCES.txt'
[0.260s] [100%] Built target ament_cmake_python_build_base_interface_egg
[0.270s] Invoked command in '/home/simpletime/exam/build/base_interface' returned '0': CMAKE_PREFIX_PATH=/opt/ros/humble /usr/bin/cmake --build /home/simpletime/exam/build/base_interface -- -j4 -l4
[0.333s] Invoking command in '/home/simpletime/exam/build/base_interface': CMAKE_PREFIX_PATH=/opt/ros/humble /usr/bin/cmake --install /home/simpletime/exam/build/base_interface
[0.340s] -- Install configuration: ""
[0.340s] -- Up-to-date: /home/simpletime/exam/install/base_interface/share/ament_index/resource_index/rosidl_interfaces/base_interface
[0.340s] -- Up-to-date: /home/simpletime/exam/install/base_interface/include/base_interface/base_interface
[0.341s] -- Up-to-date: /home/simpletime/exam/install/base_interface/include/base_interface/base_interface/msg
[0.341s] -- Up-to-date: /home/simpletime/exam/install/base_interface/include/base_interface/base_interface/msg/detail
[0.341s] -- Up-to-date: /home/simpletime/exam/install/base_interface/include/base_interface/base_interface/msg/detail/message__type_support.h
[0.341s] -- Up-to-date: /home/simpletime/exam/install/base_interface/include/base_interface/base_interface/msg/detail/message__functions.h
[0.341s] -- Up-to-date: /home/simpletime/exam/install/base_interface/include/base_interface/base_interface/msg/detail/message__functions.c
[0.341s] -- Up-to-date: /home/simpletime/exam/install/base_interface/include/base_interface/base_interface/msg/detail/message__struct.h
[0.341s] -- Up-to-date: /home/simpletime/exam/install/base_interface/include/base_interface/base_interface/msg/message.h
[0.341s] -- Up-to-date: /home/simpletime/exam/install/base_interface/include/base_interface/base_interface/msg/rosidl_generator_c__visibility_control.h
[0.341s] -- Up-to-date: /home/simpletime/exam/install/base_interface/share/base_interface/environment/library_path.sh
[0.341s] -- Up-to-date: /home/simpletime/exam/install/base_interface/share/base_interface/environment/library_path.dsv
[0.341s] -- Up-to-date: /home/simpletime/exam/install/base_interface/lib/libbase_interface__rosidl_generator_c.so
[0.343s] -- Up-to-date: /home/simpletime/exam/install/base_interface/include/base_interface/base_interface
[0.343s] -- Up-to-date: /home/simpletime/exam/install/base_interface/include/base_interface/base_interface/msg
[0.343s] -- Up-to-date: /home/simpletime/exam/install/base_interface/include/base_interface/base_interface/msg/detail
[0.343s] -- Up-to-date: /home/simpletime/exam/install/base_interface/include/base_interface/base_interface/msg/detail/message__rosidl_typesupport_fastrtps_c.h
[0.343s] -- Up-to-date: /home/simpletime/exam/install/base_interface/include/base_interface/base_interface/msg/rosidl_typesupport_fastrtps_c__visibility_control.h
[0.343s] -- Up-to-date: /home/simpletime/exam/install/base_interface/lib/libbase_interface__rosidl_typesupport_fastrtps_c.so
[0.343s] -- Up-to-date: /home/simpletime/exam/install/base_interface/include/base_interface/base_interface
[0.343s] -- Up-to-date: /home/simpletime/exam/install/base_interface/include/base_interface/base_interface/msg
[0.343s] -- Up-to-date: /home/simpletime/exam/install/base_interface/include/base_interface/base_interface/msg/message.hpp
[0.343s] -- Up-to-date: /home/simpletime/exam/install/base_interface/include/base_interface/base_interface/msg/detail
[0.343s] -- Up-to-date: /home/simpletime/exam/install/base_interface/include/base_interface/base_interface/msg/detail/message__struct.hpp
[0.343s] -- Up-to-date: /home/simpletime/exam/install/base_interface/include/base_interface/base_interface/msg/detail/message__builder.hpp
[0.343s] -- Up-to-date: /home/simpletime/exam/install/base_interface/include/base_interface/base_interface/msg/detail/message__traits.hpp
[0.343s] -- Up-to-date: /home/simpletime/exam/install/base_interface/include/base_interface/base_interface
[0.343s] -- Up-to-date: /home/simpletime/exam/install/base_interface/include/base_interface/base_interface/msg
[0.343s] -- Up-to-date: /home/simpletime/exam/install/base_interface/include/base_interface/base_interface/msg/detail
[0.343s] -- Up-to-date: /home/simpletime/exam/install/base_interface/include/base_interface/base_interface/msg/detail/message__rosidl_typesupport_fastrtps_cpp.hpp
[0.343s] -- Up-to-date: /home/simpletime/exam/install/base_interface/include/base_interface/base_interface/msg/detail/dds_fastrtps
[0.343s] -- Up-to-date: /home/simpletime/exam/install/base_interface/include/base_interface/base_interface/msg/rosidl_typesupport_fastrtps_cpp__visibility_control.h
[0.343s] -- Up-to-date: /home/simpletime/exam/install/base_interface/lib/libbase_interface__rosidl_typesupport_fastrtps_cpp.so
[0.343s] -- Up-to-date: /home/simpletime/exam/install/base_interface/include/base_interface/base_interface
[0.343s] -- Up-to-date: /home/simpletime/exam/install/base_interface/include/base_interface/base_interface/msg
[0.343s] -- Up-to-date: /home/simpletime/exam/install/base_interface/include/base_interface/base_interface/msg/rosidl_typesupport_introspection_c__visibility_control.h
[0.343s] -- Up-to-date: /home/simpletime/exam/install/base_interface/include/base_interface/base_interface/msg/detail
[0.344s] -- Up-to-date: /home/simpletime/exam/install/base_interface/include/base_interface/base_interface/msg/detail/message__type_support.c
[0.344s] -- Up-to-date: /home/simpletime/exam/install/base_interface/include/base_interface/base_interface/msg/detail/message__rosidl_typesupport_introspection_c.h
[0.344s] -- Up-to-date: /home/simpletime/exam/install/base_interface/lib/libbase_interface__rosidl_typesupport_introspection_c.so
[0.344s] -- Up-to-date: /home/simpletime/exam/install/base_interface/lib/libbase_interface__rosidl_typesupport_c.so
[0.344s] -- Up-to-date: /home/simpletime/exam/install/base_interface/include/base_interface/base_interface
[0.344s] -- Up-to-date: /home/simpletime/exam/install/base_interface/include/base_interface/base_interface/msg
[0.344s] -- Up-to-date: /home/simpletime/exam/install/base_interface/include/base_interface/base_interface/msg/detail
[0.344s] -- Up-to-date: /home/simpletime/exam/install/base_interface/include/base_interface/base_interface/msg/detail/message__type_support.cpp
[0.344s] -- Up-to-date: /home/simpletime/exam/install/base_interface/include/base_interface/base_interface/msg/detail/message__rosidl_typesupport_introspection_cpp.hpp
[0.344s] -- Up-to-date: /home/simpletime/exam/install/base_interface/lib/libbase_interface__rosidl_typesupport_introspection_cpp.so
[0.344s] -- Up-to-date: /home/simpletime/exam/install/base_interface/lib/libbase_interface__rosidl_typesupport_cpp.so
[0.344s] -- Up-to-date: /home/simpletime/exam/install/base_interface/share/base_interface/environment/pythonpath.sh
[0.344s] -- Up-to-date: /home/simpletime/exam/install/base_interface/share/base_interface/environment/pythonpath.dsv
[0.344s] -- Up-to-date: /home/simpletime/exam/install/base_interface/local/lib/python3.10/dist-packages/base_interface-0.0.0-py3.10.egg-info
[0.344s] -- Installing: /home/simpletime/exam/install/base_interface/local/lib/python3.10/dist-packages/base_interface-0.0.0-py3.10.egg-info/PKG-INFO
[0.344s] -- Installing: /home/simpletime/exam/install/base_interface/local/lib/python3.10/dist-packages/base_interface-0.0.0-py3.10.egg-info/SOURCES.txt
[0.346s] -- Installing: /home/simpletime/exam/install/base_interface/local/lib/python3.10/dist-packages/base_interface-0.0.0-py3.10.egg-info/dependency_links.txt
[0.346s] -- Installing: /home/simpletime/exam/install/base_interface/local/lib/python3.10/dist-packages/base_interface-0.0.0-py3.10.egg-info/top_level.txt
[0.346s] -- Up-to-date: /home/simpletime/exam/install/base_interface/local/lib/python3.10/dist-packages/base_interface
[0.346s] -- Up-to-date: /home/simpletime/exam/install/base_interface/local/lib/python3.10/dist-packages/base_interface/msg
[0.346s] -- Up-to-date: /home/simpletime/exam/install/base_interface/local/lib/python3.10/dist-packages/base_interface/msg/_message_s.c
[0.346s] -- Up-to-date: /home/simpletime/exam/install/base_interface/local/lib/python3.10/dist-packages/base_interface/msg/__init__.py
[0.346s] -- Up-to-date: /home/simpletime/exam/install/base_interface/local/lib/python3.10/dist-packages/base_interface/msg/_message.py
[0.346s] -- Up-to-date: /home/simpletime/exam/install/base_interface/local/lib/python3.10/dist-packages/base_interface/_base_interface_s.ep.rosidl_typesupport_fastrtps_c.c
[0.346s] -- Up-to-date: /home/simpletime/exam/install/base_interface/local/lib/python3.10/dist-packages/base_interface/base_interface_s__rosidl_typesupport_fastrtps_c.cpython-310-x86_64-linux-gnu.so
[0.346s] -- Up-to-date: /home/simpletime/exam/install/base_interface/local/lib/python3.10/dist-packages/base_interface/__init__.py
[0.346s] -- Up-to-date: /home/simpletime/exam/install/base_interface/local/lib/python3.10/dist-packages/base_interface/base_interface_s__rosidl_typesupport_introspection_c.cpython-310-x86_64-linux-gnu.so
[0.347s] -- Up-to-date: /home/simpletime/exam/install/base_interface/local/lib/python3.10/dist-packages/base_interface/_base_interface_s.ep.rosidl_typesupport_c.c
[0.347s] -- Up-to-date: /home/simpletime/exam/install/base_interface/local/lib/python3.10/dist-packages/base_interface/base_interface_s__rosidl_typesupport_c.cpython-310-x86_64-linux-gnu.so
[0.347s] -- Up-to-date: /home/simpletime/exam/install/base_interface/local/lib/python3.10/dist-packages/base_interface/_base_interface_s.ep.rosidl_typesupport_introspection_c.c
[0.347s] -- Up-to-date: /home/simpletime/exam/install/base_interface/local/lib/python3.10/dist-packages/base_interface/libbase_interface__rosidl_generator_py.so
[0.369s] Listing '/home/simpletime/exam/install/base_interface/local/lib/python3.10/dist-packages/base_interface'...
[0.369s] Listing '/home/simpletime/exam/install/base_interface/local/lib/python3.10/dist-packages/base_interface/msg'...
[0.372s] -- Up-to-date: /home/simpletime/exam/install/base_interface/local/lib/python3.10/dist-packages/base_interface/base_interface_s__rosidl_typesupport_fastrtps_c.cpython-310-x86_64-linux-gnu.so
[0.372s] -- Up-to-date: /home/simpletime/exam/install/base_interface/local/lib/python3.10/dist-packages/base_interface/base_interface_s__rosidl_typesupport_introspection_c.cpython-310-x86_64-linux-gnu.so
[0.372s] -- Up-to-date: /home/simpletime/exam/install/base_interface/local/lib/python3.10/dist-packages/base_interface/base_interface_s__rosidl_typesupport_c.cpython-310-x86_64-linux-gnu.so
[0.373s] -- Up-to-date: /home/simpletime/exam/install/base_interface/lib/libbase_interface__rosidl_generator_py.so
[0.373s] -- Up-to-date: /home/simpletime/exam/install/base_interface/share/base_interface/msg/Message.idl
[0.373s] -- Up-to-date: /home/simpletime/exam/install/base_interface/share/base_interface/msg/Message.msg
[0.373s] -- Up-to-date: /home/simpletime/exam/install/base_interface/share/ament_index/resource_index/package_run_dependencies/base_interface
[0.373s] -- Up-to-date: /home/simpletime/exam/install/base_interface/share/ament_index/resource_index/parent_prefix_path/base_interface
[0.373s] -- Up-to-date: /home/simpletime/exam/install/base_interface/share/base_interface/environment/ament_prefix_path.sh
[0.373s] -- Up-to-date: /home/simpletime/exam/install/base_interface/share/base_interface/environment/ament_prefix_path.dsv
[0.374s] -- Up-to-date: /home/simpletime/exam/install/base_interface/share/base_interface/environment/path.sh
[0.374s] -- Up-to-date: /home/simpletime/exam/install/base_interface/share/base_interface/environment/path.dsv
[0.374s] -- Up-to-date: /home/simpletime/exam/install/base_interface/share/base_interface/local_setup.bash
[0.374s] -- Up-to-date: /home/simpletime/exam/install/base_interface/share/base_interface/local_setup.sh
[0.374s] -- Up-to-date: /home/simpletime/exam/install/base_interface/share/base_interface/local_setup.zsh
[0.374s] -- Up-to-date: /home/simpletime/exam/install/base_interface/share/base_interface/local_setup.dsv
[0.374s] -- Installing: /home/simpletime/exam/install/base_interface/share/base_interface/package.dsv
[0.374s] -- Up-to-date: /home/simpletime/exam/install/base_interface/share/ament_index/resource_index/packages/base_interface
[0.374s] -- Up-to-date: /home/simpletime/exam/install/base_interface/share/base_interface/cmake/export_base_interface__rosidl_generator_cExport.cmake
[0.374s] -- Up-to-date: /home/simpletime/exam/install/base_interface/share/base_interface/cmake/export_base_interface__rosidl_generator_cExport-noconfig.cmake
[0.374s] -- Up-to-date: /home/simpletime/exam/install/base_interface/share/base_interface/cmake/export_base_interface__rosidl_typesupport_fastrtps_cExport.cmake
[0.374s] -- Up-to-date: /home/simpletime/exam/install/base_interface/share/base_interface/cmake/export_base_interface__rosidl_typesupport_fastrtps_cExport-noconfig.cmake
[0.374s] -- Up-to-date: /home/simpletime/exam/install/base_interface/share/base_interface/cmake/export_base_interface__rosidl_generator_cppExport.cmake
[0.374s] -- Up-to-date: /home/simpletime/exam/install/base_interface/share/base_interface/cmake/export_base_interface__rosidl_typesupport_fastrtps_cppExport.cmake
[0.374s] -- Up-to-date: /home/simpletime/exam/install/base_interface/share/base_interface/cmake/export_base_interface__rosidl_typesupport_fastrtps_cppExport-noconfig.cmake
[0.375s] -- Up-to-date: /home/simpletime/exam/install/base_interface/share/base_interface/cmake/base_interface__rosidl_typesupport_introspection_cExport.cmake
[0.375s] -- Up-to-date: /home/simpletime/exam/install/base_interface/share/base_interface/cmake/base_interface__rosidl_typesupport_introspection_cExport-noconfig.cmake
[0.375s] -- Up-to-date: /home/simpletime/exam/install/base_interface/share/base_interface/cmake/base_interface__rosidl_typesupport_cExport.cmake
[0.375s] -- Up-to-date: /home/simpletime/exam/install/base_interface/share/base_interface/cmake/base_interface__rosidl_typesupport_cExport-noconfig.cmake
[0.375s] -- Up-to-date: /home/simpletime/exam/install/base_interface/share/base_interface/cmake/base_interface__rosidl_typesupport_introspection_cppExport.cmake
[0.375s] -- Up-to-date: /home/simpletime/exam/install/base_interface/share/base_interface/cmake/base_interface__rosidl_typesupport_introspection_cppExport-noconfig.cmake
[0.375s] -- Up-to-date: /home/simpletime/exam/install/base_interface/share/base_interface/cmake/base_interface__rosidl_typesupport_cppExport.cmake
[0.375s] -- Up-to-date: /home/simpletime/exam/install/base_interface/share/base_interface/cmake/base_interface__rosidl_typesupport_cppExport-noconfig.cmake
[0.375s] -- Up-to-date: /home/simpletime/exam/install/base_interface/share/base_interface/cmake/export_base_interface__rosidl_generator_pyExport.cmake
[0.375s] -- Up-to-date: /home/simpletime/exam/install/base_interface/share/base_interface/cmake/export_base_interface__rosidl_generator_pyExport-noconfig.cmake
[0.375s] -- Up-to-date: /home/simpletime/exam/install/base_interface/share/base_interface/cmake/rosidl_cmake-extras.cmake
[0.376s] -- Up-to-date: /home/simpletime/exam/install/base_interface/share/base_interface/cmake/ament_cmake_export_include_directories-extras.cmake
[0.376s] -- Up-to-date: /home/simpletime/exam/install/base_interface/share/base_interface/cmake/ament_cmake_export_libraries-extras.cmake
[0.376s] -- Up-to-date: /home/simpletime/exam/install/base_interface/share/base_interface/cmake/ament_cmake_export_targets-extras.cmake
[0.376s] -- Up-to-date: /home/simpletime/exam/install/base_interface/share/base_interface/cmake/rosidl_cmake_export_typesupport_targets-extras.cmake
[0.376s] -- Up-to-date: /home/simpletime/exam/install/base_interface/share/base_interface/cmake/ament_cmake_export_dependencies-extras.cmake
[0.376s] -- Up-to-date: /home/simpletime/exam/install/base_interface/share/base_interface/cmake/rosidl_cmake_export_typesupport_libraries-extras.cmake
[0.376s] -- Up-to-date: /home/simpletime/exam/install/base_interface/share/base_interface/cmake/base_interfaceConfig.cmake
[0.376s] -- Up-to-date: /home/simpletime/exam/install/base_interface/share/base_interface/cmake/base_interfaceConfig-version.cmake
[0.376s] -- Up-to-date: /home/simpletime/exam/install/base_interface/share/base_interface/package.xml
[0.378s] Invoked command in '/home/simpletime/exam/build/base_interface' returned '0': CMAKE_PREFIX_PATH=/opt/ros/humble /usr/bin/cmake --install /home/simpletime/exam/build/base_interface
