[0.018s] Invoking command in '/home/simpletime/Project/proj_ws_pcl/build/pcl': CMAKE_PREFIX_PATH=/opt/ros/humble /usr/bin/cmake /home/simpletime/Project/proj_ws_pcl/src/pcl -DCMAKE_INSTALL_PREFIX=/home/simpletime/Project/proj_ws_pcl/install/pcl
[0.058s] -- Found ament_cmake: 1.3.10 (/opt/ros/humble/share/ament_cmake/cmake)
[0.210s] -- Found rclcpp: 16.0.10 (/opt/ros/humble/share/rclcpp/cmake)
[0.376s] -- Found rosidl_generator_c: 3.1.5 (/opt/ros/humble/share/rosidl_generator_c/cmake)
[0.380s] -- Found rosidl_adapter: 3.1.5 (/opt/ros/humble/share/rosidl_adapter/cmake)
[0.393s] -- Found rosidl_generator_cpp: 3.1.5 (/opt/ros/humble/share/rosidl_generator_cpp/cmake)
[0.410s] -- Using all available rosidl_typesupport_c: rosidl_typesupport_fastrtps_c;rosidl_typesupport_introspection_c
[0.428s] -- Using all available rosidl_typesupport_cpp: rosidl_typesupport_fastrtps_cpp;rosidl_typesupport_introspection_cpp
[0.483s] -- Found rmw_implementation_cmake: 6.1.2 (/opt/ros/humble/share/rmw_implementation_cmake/cmake)
[0.487s] -- Found rmw_fastrtps_cpp: 6.2.7 (/opt/ros/humble/share/rmw_fastrtps_cpp/cmake)
[5.020s] -- Using RMW implementation 'rmw_fastrtps_cpp' as default
[5.090s] -- Found sensor_msgs: 4.2.4 (/opt/ros/humble/share/sensor_msgs/cmake)
[5.140s] -- Eigen found (include: /usr/include/eigen3, version: 3.4.0)
[6.569s] -- FLANN found (include: /usr/include, lib: /usr/lib/x86_64-linux-gnu/libflann_cpp.so)
[10.196s] -- OpenNI found (version: 1.5.4.0, include: /usr/include/ni, lib: /usr/lib/libOpenNI.so;libusb::libusb)
[10.202s] -- OpenNI2 found (version: 2.2.0.33, include: /usr/include/openni2, lib: /usr/lib/x86_64-linux-gnu/libOpenNI2.so;libusb::libusb)
[10.202s] [0m** WARNING ** io features related to pcap will be disabled[0m
[12.157s] -- Eigen found (include: /usr/include/eigen3, version: 3.4.0)
[12.165s] -- OpenNI found (version: 1.5.4.0, include: /usr/include/ni, lib: /usr/lib/libOpenNI.so;libusb::libusb)
[12.174s] -- OpenNI2 found (version: 2.2.0.33, include: /usr/include/openni2, lib: /usr/lib/x86_64-linux-gnu/libOpenNI2.so;libusb::libusb)
[14.256s] -- Found Qhull version 8.0.2
[16.189s] -- OpenNI found (version: 1.5.4.0, include: /usr/include/ni, lib: /usr/lib/libOpenNI.so;libusb::libusb)
[18.190s] -- looking for PCL_COMMON
[18.190s] -- looking for PCL_KDTREE
[18.190s] -- looking for PCL_OCTREE
[18.190s] -- looking for PCL_SEARCH
[18.190s] -- looking for PCL_SAMPLE_CONSENSUS
[18.191s] -- looking for PCL_FILTERS
[18.191s] -- looking for PCL_2D
[18.191s] -- looking for PCL_GEOMETRY
[18.191s] -- looking for PCL_IO
[18.192s] -- looking for PCL_FEATURES
[18.192s] -- looking for PCL_ML
[18.192s] -- looking for PCL_SEGMENTATION
[18.192s] -- looking for PCL_VISUALIZATION
[18.193s] -- looking for PCL_SURFACE
[18.193s] -- looking for PCL_REGISTRATION
[18.193s] -- looking for PCL_KEYPOINTS
[18.194s] -- looking for PCL_TRACKING
[18.194s] -- looking for PCL_RECOGNITION
[18.194s] -- looking for PCL_STEREO
[18.195s] -- looking for PCL_APPS
[18.195s] -- looking for PCL_IN_HAND_SCANNER
[18.196s] -- looking for PCL_MODELER
[18.196s] -- looking for PCL_POINT_CLOUD_EDITOR
[18.196s] -- looking for PCL_OUTOFCORE
[18.196s] -- looking for PCL_PEOPLE
[18.200s] -- Found rviz2: 11.2.13 (/opt/ros/humble/share/rviz2/cmake)
[18.202s] -- Found ament_lint_auto: 0.12.11 (/opt/ros/humble/share/ament_lint_auto/cmake)
[18.261s] [31mCMake Error at /opt/ros/humble/share/ament_cmake_core/cmake/core/ament_package_xml.cmake:53 (message):
[18.261s]   ament_package_xml() package name 'pcl' in '/package.xml' does not match
[18.261s]   current PROJECT_NAME 'pcl_reg'.  You must call project() with the same
[18.261s]   package name before.
[18.261s] Call Stack (most recent call first):
[18.262s]   /opt/ros/humble/share/ament_lint_auto/cmake/ament_lint_auto_find_test_dependencies.cmake:31 (ament_package_xml)
[18.262s]   CMakeLists.txt:84 (ament_lint_auto_find_test_dependencies)
[18.262s] 
[18.262s] [0m
[18.262s] -- Configuring incomplete, errors occurred!
[18.262s] See also "/home/simpletime/Project/proj_ws_pcl/build/pcl/CMakeFiles/CMakeOutput.log".
[18.279s] Invoked command in '/home/simpletime/Project/proj_ws_pcl/build/pcl' returned '1': CMAKE_PREFIX_PATH=/opt/ros/humble /usr/bin/cmake /home/simpletime/Project/proj_ws_pcl/src/pcl -DCMAKE_INSTALL_PREFIX=/home/simpletime/Project/proj_ws_pcl/install/pcl
