[0.012s] Invoking command in '/home/simpletime/ws01_plumbing/build/py01_topic': CMAKE_PREFIX_PATH=/home/simpletime/ws01_plumbing/install/base_interfaces_demo:/home/simpletime/ws01_plumbing/install/py01_topic:/home/simpletime/ws01_plumbing/install/cpp01_topic:/opt/ros/humble /usr/bin/cmake --build /home/simpletime/ws01_plumbing/build/py01_topic -- -j4 -l4
[0.051s] [100%] Built target demo01_talker_str_py
[0.064s] Invoked command in '/home/simpletime/ws01_plumbing/build/py01_topic' returned '0': CMAKE_PREFIX_PATH=/home/simpletime/ws01_plumbing/install/base_interfaces_demo:/home/simpletime/ws01_plumbing/install/py01_topic:/home/simpletime/ws01_plumbing/install/cpp01_topic:/opt/ros/humble /usr/bin/cmake --build /home/simpletime/ws01_plumbing/build/py01_topic -- -j4 -l4
[0.081s] Invoking command in '/home/simpletime/ws01_plumbing/build/py01_topic': CMAKE_PREFIX_PATH=/home/simpletime/ws01_plumbing/install/base_interfaces_demo:/home/simpletime/ws01_plumbing/install/py01_topic:/home/simpletime/ws01_plumbing/install/cpp01_topic:/opt/ros/humble /usr/bin/cmake --install /home/simpletime/ws01_plumbing/build/py01_topic
[0.087s] -- Install configuration: ""
[0.087s] -- Up-to-date: /home/simpletime/ws01_plumbing/install/py01_topic/lib/py01_topic/demo01_talker_str_py
[0.087s] -- Up-to-date: /home/simpletime/ws01_plumbing/install/py01_topic/share/ament_index/resource_index/package_run_dependencies/py01_topic
[0.087s] -- Up-to-date: /home/simpletime/ws01_plumbing/install/py01_topic/share/ament_index/resource_index/parent_prefix_path/py01_topic
[0.087s] -- Up-to-date: /home/simpletime/ws01_plumbing/install/py01_topic/share/py01_topic/environment/ament_prefix_path.sh
[0.087s] -- Up-to-date: /home/simpletime/ws01_plumbing/install/py01_topic/share/py01_topic/environment/ament_prefix_path.dsv
[0.088s] -- Up-to-date: /home/simpletime/ws01_plumbing/install/py01_topic/share/py01_topic/environment/path.sh
[0.089s] -- Up-to-date: /home/simpletime/ws01_plumbing/install/py01_topic/share/py01_topic/environment/path.dsv
[0.089s] -- Up-to-date: /home/simpletime/ws01_plumbing/install/py01_topic/share/py01_topic/local_setup.bash
[0.089s] -- Up-to-date: /home/simpletime/ws01_plumbing/install/py01_topic/share/py01_topic/local_setup.sh
[0.089s] -- Up-to-date: /home/simpletime/ws01_plumbing/install/py01_topic/share/py01_topic/local_setup.zsh
[0.089s] -- Up-to-date: /home/simpletime/ws01_plumbing/install/py01_topic/share/py01_topic/local_setup.dsv
[0.089s] -- Installing: /home/simpletime/ws01_plumbing/install/py01_topic/share/py01_topic/package.dsv
[0.089s] -- Up-to-date: /home/simpletime/ws01_plumbing/install/py01_topic/share/ament_index/resource_index/packages/py01_topic
[0.089s] -- Up-to-date: /home/simpletime/ws01_plumbing/install/py01_topic/share/py01_topic/cmake/py01_topicConfig.cmake
[0.089s] -- Up-to-date: /home/simpletime/ws01_plumbing/install/py01_topic/share/py01_topic/cmake/py01_topicConfig-version.cmake
[0.089s] -- Up-to-date: /home/simpletime/ws01_plumbing/install/py01_topic/share/py01_topic/package.xml
[0.090s] Invoked command in '/home/simpletime/ws01_plumbing/build/py01_topic' returned '0': CMAKE_PREFIX_PATH=/home/simpletime/ws01_plumbing/install/base_interfaces_demo:/home/simpletime/ws01_plumbing/install/py01_topic:/home/simpletime/ws01_plumbing/install/cpp01_topic:/opt/ros/humble /usr/bin/cmake --install /home/simpletime/ws01_plumbing/build/py01_topic
