[0.012s] Invoking command in '/home/simpletime/project01_book/build/company': CMAKE_PREFIX_PATH=/home/simpletime/project01_book/install/base_interfaces:/home/simpletime/project01_book/install/company:/opt/ros/humble /usr/bin/cmake --build /home/simpletime/project01_book/build/company -- -j4 -l4
[0.074s] [35m[1mConsolidate compiler generated dependencies of target company_a[0m
[0.082s] [ 16%] [32mBuilding CXX object CMakeFiles/company_b.dir/src/company_b.cpp.o[0m
[0.087s] [ 33%] [32mBuilding CXX object CMakeFiles/company_a.dir/src/company_a.cpp.o[0m
[0.095s] [ 50%] [32mBuilding CXX object CMakeFiles/company_c.dir/src/company_c.cpp.o[0m
[8.299s] [ 66%] [32m[1mLinking CXX executable company_a[0m
[8.408s] [ 83%] [32m[1mLinking CXX executable company_b[0m
[8.537s] [100%] [32m[1mLinking CXX executable company_c[0m
[8.664s] [100%] Built target company_a
[8.711s] [100%] Built target company_b
[8.840s] [100%] Built target company_c
[8.945s] Invoked command in '/home/simpletime/project01_book/build/company' returned '0': CMAKE_PREFIX_PATH=/home/simpletime/project01_book/install/base_interfaces:/home/simpletime/project01_book/install/company:/opt/ros/humble /usr/bin/cmake --build /home/simpletime/project01_book/build/company -- -j4 -l4
[9.022s] Invoking command in '/home/simpletime/project01_book/build/company': CMAKE_PREFIX_PATH=/home/simpletime/project01_book/install/base_interfaces:/home/simpletime/project01_book/install/company:/opt/ros/humble /usr/bin/cmake --install /home/simpletime/project01_book/build/company
[9.028s] -- Install configuration: ""
[9.028s] -- Installing: /home/simpletime/project01_book/install/company/lib/company/company_a
[9.035s] -- Set runtime path of "/home/simpletime/project01_book/install/company/lib/company/company_a" to ""
[9.036s] -- Installing: /home/simpletime/project01_book/install/company/lib/company/company_b
[9.041s] -- Set runtime path of "/home/simpletime/project01_book/install/company/lib/company/company_b" to ""
[9.041s] -- Installing: /home/simpletime/project01_book/install/company/lib/company/company_c
[9.048s] -- Set runtime path of "/home/simpletime/project01_book/install/company/lib/company/company_c" to ""
[9.048s] -- Up-to-date: /home/simpletime/project01_book/install/company/share/ament_index/resource_index/package_run_dependencies/company
[9.048s] -- Up-to-date: /home/simpletime/project01_book/install/company/share/ament_index/resource_index/parent_prefix_path/company
[9.050s] -- Up-to-date: /home/simpletime/project01_book/install/company/share/company/environment/ament_prefix_path.sh
[9.051s] -- Up-to-date: /home/simpletime/project01_book/install/company/share/company/environment/ament_prefix_path.dsv
[9.051s] -- Up-to-date: /home/simpletime/project01_book/install/company/share/company/environment/path.sh
[9.052s] -- Up-to-date: /home/simpletime/project01_book/install/company/share/company/environment/path.dsv
[9.052s] -- Up-to-date: /home/simpletime/project01_book/install/company/share/company/local_setup.bash
[9.052s] -- Up-to-date: /home/simpletime/project01_book/install/company/share/company/local_setup.sh
[9.052s] -- Up-to-date: /home/simpletime/project01_book/install/company/share/company/local_setup.zsh
[9.052s] -- Up-to-date: /home/simpletime/project01_book/install/company/share/company/local_setup.dsv
[9.052s] -- Installing: /home/simpletime/project01_book/install/company/share/company/package.dsv
[9.052s] -- Up-to-date: /home/simpletime/project01_book/install/company/share/ament_index/resource_index/packages/company
[9.053s] -- Up-to-date: /home/simpletime/project01_book/install/company/share/company/cmake/companyConfig.cmake
[9.053s] -- Up-to-date: /home/simpletime/project01_book/install/company/share/company/cmake/companyConfig-version.cmake
[9.054s] -- Up-to-date: /home/simpletime/project01_book/install/company/share/company/package.xml
[9.058s] Invoked command in '/home/simpletime/project01_book/build/company' returned '0': CMAKE_PREFIX_PATH=/home/simpletime/project01_book/install/base_interfaces:/home/simpletime/project01_book/install/company:/opt/ros/humble /usr/bin/cmake --install /home/simpletime/project01_book/build/company
