[0.165s] DEBUG:colcon:Command line arguments: ['/usr/bin/colcon', 'build']
[0.166s] DEBUG:colcon:Parsed command line arguments: Namespace(log_base=None, log_level=None, verb_name='build', build_base='build', install_base='install', merge_install=False, symlink_install=False, test_result_base=None, continue_on_error=False, executor='parallel', parallel_workers=4, event_handlers=None, ignore_user_meta=False, metas=['./colcon.meta'], base_paths=['.'], packages_ignore=None, packages_ignore_regex=None, paths=None, packages_up_to=None, packages_up_to_regex=None, packages_above=None, packages_above_and_dependencies=None, packages_above_depth=None, packages_select_by_dep=None, packages_skip_by_dep=None, packages_skip_up_to=None, packages_select_build_failed=False, packages_skip_build_finished=False, packages_select_test_failures=False, packages_skip_test_passed=False, packages_select=None, packages_skip=None, packages_select_regex=None, packages_skip_regex=None, packages_start=None, packages_end=None, allow_overriding=[], cmake_args=None, cmake_target=None, cmake_target_skip_unavailable=False, cmake_clean_cache=False, cmake_clean_first=False, cmake_force_configure=False, ament_cmake_args=None, catkin_cmake_args=None, catkin_skip_building_tests=False, verb_parser=<colcon_defaults.argument_parser.defaults.DefaultArgumentsDecorator object at 0x7eaa53e13d00>, verb_extension=<colcon_core.verb.build.BuildVerb object at 0x7eaa53f5c8b0>, main=<bound method BuildVerb.main of <colcon_core.verb.build.BuildVerb object at 0x7eaa53f5c8b0>>)
[0.324s] Level 1:colcon.colcon_core.package_discovery:discover_packages(colcon_meta) check parameters
[0.324s] Level 1:colcon.colcon_core.package_discovery:discover_packages(recursive) check parameters
[0.324s] Level 1:colcon.colcon_core.package_discovery:discover_packages(ignore) check parameters
[0.324s] Level 1:colcon.colcon_core.package_discovery:discover_packages(path) check parameters
[0.325s] Level 1:colcon.colcon_core.package_discovery:discover_packages(colcon_meta) discover
[0.325s] Level 1:colcon.colcon_core.package_discovery:discover_packages(recursive) discover
[0.325s] INFO:colcon.colcon_core.package_discovery:Crawling recursively for packages in '/home/simpletime/practice/src'
[0.325s] Level 1:colcon.colcon_core.package_identification:_identify(.) by extensions ['ignore', 'ignore_ament_install']
[0.325s] Level 1:colcon.colcon_core.package_identification:_identify(.) by extension 'ignore'
[0.325s] Level 1:colcon.colcon_core.package_identification:_identify(.) by extension 'ignore_ament_install'
[0.325s] Level 1:colcon.colcon_core.package_identification:_identify(.) by extensions ['colcon_pkg']
[0.325s] Level 1:colcon.colcon_core.package_identification:_identify(.) by extension 'colcon_pkg'
[0.325s] Level 1:colcon.colcon_core.package_identification:_identify(.) by extensions ['colcon_meta']
[0.325s] Level 1:colcon.colcon_core.package_identification:_identify(.) by extension 'colcon_meta'
[0.325s] Level 1:colcon.colcon_core.package_identification:_identify(.) by extensions ['ros']
[0.325s] Level 1:colcon.colcon_core.package_identification:_identify(.) by extension 'ros'
[0.334s] Level 1:colcon.colcon_core.package_identification:_identify(.) by extensions ['cmake', 'python']
[0.334s] Level 1:colcon.colcon_core.package_identification:_identify(.) by extension 'cmake'
[0.334s] Level 1:colcon.colcon_core.package_identification:_identify(.) by extension 'python'
[0.334s] Level 1:colcon.colcon_core.package_identification:_identify(.) by extensions ['python_setup_py']
[0.334s] Level 1:colcon.colcon_core.package_identification:_identify(.) by extension 'python_setup_py'
[0.334s] Level 1:colcon.colcon_core.package_identification:_identify(base_interface) by extensions ['ignore', 'ignore_ament_install']
[0.334s] Level 1:colcon.colcon_core.package_identification:_identify(base_interface) by extension 'ignore'
[0.334s] Level 1:colcon.colcon_core.package_identification:_identify(base_interface) by extension 'ignore_ament_install'
[0.334s] Level 1:colcon.colcon_core.package_identification:_identify(base_interface) by extensions ['colcon_pkg']
[0.334s] Level 1:colcon.colcon_core.package_identification:_identify(base_interface) by extension 'colcon_pkg'
[0.334s] Level 1:colcon.colcon_core.package_identification:_identify(base_interface) by extensions ['colcon_meta']
[0.334s] Level 1:colcon.colcon_core.package_identification:_identify(base_interface) by extension 'colcon_meta'
[0.334s] Level 1:colcon.colcon_core.package_identification:_identify(base_interface) by extensions ['ros']
[0.334s] Level 1:colcon.colcon_core.package_identification:_identify(base_interface) by extension 'ros'
[0.337s] DEBUG:colcon.colcon_core.package_identification:Package 'base_interface' with type 'ros.ament_cmake' and name 'base_interface'
[0.337s] Level 1:colcon.colcon_core.package_identification:_identify(build) by extensions ['ignore', 'ignore_ament_install']
[0.337s] Level 1:colcon.colcon_core.package_identification:_identify(build) by extension 'ignore'
[0.337s] Level 1:colcon.colcon_core.package_identification:_identify(build) ignored
[0.337s] Level 1:colcon.colcon_core.package_identification:_identify(cpp_topic) by extensions ['ignore', 'ignore_ament_install']
[0.337s] Level 1:colcon.colcon_core.package_identification:_identify(cpp_topic) by extension 'ignore'
[0.337s] Level 1:colcon.colcon_core.package_identification:_identify(cpp_topic) by extension 'ignore_ament_install'
[0.337s] Level 1:colcon.colcon_core.package_identification:_identify(cpp_topic) by extensions ['colcon_pkg']
[0.337s] Level 1:colcon.colcon_core.package_identification:_identify(cpp_topic) by extension 'colcon_pkg'
[0.337s] Level 1:colcon.colcon_core.package_identification:_identify(cpp_topic) by extensions ['colcon_meta']
[0.337s] Level 1:colcon.colcon_core.package_identification:_identify(cpp_topic) by extension 'colcon_meta'
[0.337s] Level 1:colcon.colcon_core.package_identification:_identify(cpp_topic) by extensions ['ros']
[0.337s] Level 1:colcon.colcon_core.package_identification:_identify(cpp_topic) by extension 'ros'
[0.337s] DEBUG:colcon.colcon_core.package_identification:Package 'cpp_topic' with type 'ros.ament_cmake' and name 'cpp_topic'
[0.338s] Level 1:colcon.colcon_core.package_identification:_identify(install) by extensions ['ignore', 'ignore_ament_install']
[0.338s] Level 1:colcon.colcon_core.package_identification:_identify(install) by extension 'ignore'
[0.338s] Level 1:colcon.colcon_core.package_identification:_identify(install) ignored
[0.338s] Level 1:colcon.colcon_core.package_identification:_identify(log) by extensions ['ignore', 'ignore_ament_install']
[0.338s] Level 1:colcon.colcon_core.package_identification:_identify(log) by extension 'ignore'
[0.338s] Level 1:colcon.colcon_core.package_identification:_identify(log) ignored
[0.338s] Level 1:colcon.colcon_core.package_discovery:discover_packages(recursive) using defaults
[0.338s] Level 1:colcon.colcon_core.package_discovery:discover_packages(ignore) discover
[0.338s] Level 1:colcon.colcon_core.package_discovery:discover_packages(ignore) using defaults
[0.338s] Level 1:colcon.colcon_core.package_discovery:discover_packages(path) discover
[0.338s] Level 1:colcon.colcon_core.package_discovery:discover_packages(path) using defaults
[0.357s] Level 1:colcon.colcon_core.package_discovery:discover_packages(prefix_path) check parameters
[0.357s] Level 1:colcon.colcon_core.package_discovery:discover_packages(prefix_path) discover
[0.360s] DEBUG:colcon.colcon_installed_package_information.package_discovery:Found 270 installed packages in /opt/ros/humble
[0.361s] Level 1:colcon.colcon_core.package_discovery:discover_packages(prefix_path) using defaults
[0.412s] Level 5:colcon.colcon_core.verb:set package 'base_interface' build argument 'cmake_args' from command line to 'None'
[0.412s] Level 5:colcon.colcon_core.verb:set package 'base_interface' build argument 'cmake_target' from command line to 'None'
[0.412s] Level 5:colcon.colcon_core.verb:set package 'base_interface' build argument 'cmake_target_skip_unavailable' from command line to 'False'
[0.412s] Level 5:colcon.colcon_core.verb:set package 'base_interface' build argument 'cmake_clean_cache' from command line to 'False'
[0.412s] Level 5:colcon.colcon_core.verb:set package 'base_interface' build argument 'cmake_clean_first' from command line to 'False'
[0.412s] Level 5:colcon.colcon_core.verb:set package 'base_interface' build argument 'cmake_force_configure' from command line to 'False'
[0.412s] Level 5:colcon.colcon_core.verb:set package 'base_interface' build argument 'ament_cmake_args' from command line to 'None'
[0.412s] Level 5:colcon.colcon_core.verb:set package 'base_interface' build argument 'catkin_cmake_args' from command line to 'None'
[0.412s] Level 5:colcon.colcon_core.verb:set package 'base_interface' build argument 'catkin_skip_building_tests' from command line to 'False'
[0.412s] DEBUG:colcon.colcon_core.verb:Building package 'base_interface' with the following arguments: {'ament_cmake_args': None, 'build_base': '/home/simpletime/practice/src/build/base_interface', 'catkin_cmake_args': None, 'catkin_skip_building_tests': False, 'cmake_args': None, 'cmake_clean_cache': False, 'cmake_clean_first': False, 'cmake_force_configure': False, 'cmake_target': None, 'cmake_target_skip_unavailable': False, 'install_base': '/home/simpletime/practice/src/install/base_interface', 'merge_install': False, 'path': '/home/simpletime/practice/src/base_interface', 'symlink_install': False, 'test_result_base': None}
[0.412s] Level 5:colcon.colcon_core.verb:set package 'cpp_topic' build argument 'cmake_args' from command line to 'None'
[0.412s] Level 5:colcon.colcon_core.verb:set package 'cpp_topic' build argument 'cmake_target' from command line to 'None'
[0.412s] Level 5:colcon.colcon_core.verb:set package 'cpp_topic' build argument 'cmake_target_skip_unavailable' from command line to 'False'
[0.412s] Level 5:colcon.colcon_core.verb:set package 'cpp_topic' build argument 'cmake_clean_cache' from command line to 'False'
[0.412s] Level 5:colcon.colcon_core.verb:set package 'cpp_topic' build argument 'cmake_clean_first' from command line to 'False'
[0.412s] Level 5:colcon.colcon_core.verb:set package 'cpp_topic' build argument 'cmake_force_configure' from command line to 'False'
[0.412s] Level 5:colcon.colcon_core.verb:set package 'cpp_topic' build argument 'ament_cmake_args' from command line to 'None'
[0.412s] Level 5:colcon.colcon_core.verb:set package 'cpp_topic' build argument 'catkin_cmake_args' from command line to 'None'
[0.412s] Level 5:colcon.colcon_core.verb:set package 'cpp_topic' build argument 'catkin_skip_building_tests' from command line to 'False'
[0.412s] DEBUG:colcon.colcon_core.verb:Building package 'cpp_topic' with the following arguments: {'ament_cmake_args': None, 'build_base': '/home/simpletime/practice/src/build/cpp_topic', 'catkin_cmake_args': None, 'catkin_skip_building_tests': False, 'cmake_args': None, 'cmake_clean_cache': False, 'cmake_clean_first': False, 'cmake_force_configure': False, 'cmake_target': None, 'cmake_target_skip_unavailable': False, 'install_base': '/home/simpletime/practice/src/install/cpp_topic', 'merge_install': False, 'path': '/home/simpletime/practice/src/cpp_topic', 'symlink_install': False, 'test_result_base': None}
[0.412s] INFO:colcon.colcon_core.executor:Executing jobs using 'parallel' executor
[0.413s] DEBUG:colcon.colcon_parallel_executor.executor.parallel:run_until_complete
[0.413s] INFO:colcon.colcon_ros.task.ament_cmake.build:Building ROS package in '/home/simpletime/practice/src/base_interface' with build type 'ament_cmake'
[0.413s] INFO:colcon.colcon_cmake.task.cmake.build:Building CMake package in '/home/simpletime/practice/src/base_interface'
[0.416s] INFO:colcon.colcon_core.plugin_system:Skipping extension 'colcon_core.shell.bat': Not used on non-Windows systems
[0.416s] INFO:colcon.colcon_core.shell:Skip shell extension 'powershell' for command environment: Not usable outside of PowerShell
[0.416s] DEBUG:colcon.colcon_core.shell:Skip shell extension 'dsv' for command environment
[0.421s] DEBUG:colcon.colcon_core.event_handler.log_command:Invoking command in '/home/simpletime/practice/src/build/base_interface': CMAKE_PREFIX_PATH=/opt/ros/humble /usr/bin/cmake /home/simpletime/practice/src/base_interface -DCMAKE_INSTALL_PREFIX=/home/simpletime/practice/src/install/base_interface
[1.881s] DEBUG:colcon.colcon_core.event_handler.log_command:Invoked command in '/home/simpletime/practice/src/build/base_interface' returned '0': CMAKE_PREFIX_PATH=/opt/ros/humble /usr/bin/cmake /home/simpletime/practice/src/base_interface -DCMAKE_INSTALL_PREFIX=/home/simpletime/practice/src/install/base_interface
[1.882s] DEBUG:colcon.colcon_core.event_handler.log_command:Invoking command in '/home/simpletime/practice/src/build/base_interface': CMAKE_PREFIX_PATH=/opt/ros/humble /usr/bin/cmake --build /home/simpletime/practice/src/build/base_interface -- -j4 -l4
[3.549s] DEBUG:colcon.colcon_core.event_handler.log_command:Invoked command in '/home/simpletime/practice/src/build/base_interface' returned '0': CMAKE_PREFIX_PATH=/opt/ros/humble /usr/bin/cmake --build /home/simpletime/practice/src/build/base_interface -- -j4 -l4
[3.614s] DEBUG:colcon.colcon_core.event_handler.log_command:Invoking command in '/home/simpletime/practice/src/build/base_interface': CMAKE_PREFIX_PATH=/opt/ros/humble /usr/bin/cmake --install /home/simpletime/practice/src/build/base_interface
[3.665s] Level 1:colcon.colcon_core.environment:create_environment_scripts_only(base_interface)
[3.666s] DEBUG:colcon.colcon_core.event_handler.log_command:Invoked command in '/home/simpletime/practice/src/build/base_interface' returned '0': CMAKE_PREFIX_PATH=/opt/ros/humble /usr/bin/cmake --install /home/simpletime/practice/src/build/base_interface
[3.671s] Level 1:colcon.colcon_core.environment:checking '/home/simpletime/practice/src/install/base_interface' for CMake module files
[3.671s] Level 1:colcon.colcon_core.environment:checking '/home/simpletime/practice/src/install/base_interface' for CMake config files
[3.671s] Level 1:colcon.colcon_core.shell:create_environment_hook('base_interface', 'cmake_prefix_path')
[3.672s] INFO:colcon.colcon_core.shell:Creating environment hook '/home/simpletime/practice/src/install/base_interface/share/base_interface/hook/cmake_prefix_path.ps1'
[3.672s] INFO:colcon.colcon_core.shell:Creating environment descriptor '/home/simpletime/practice/src/install/base_interface/share/base_interface/hook/cmake_prefix_path.dsv'
[3.673s] INFO:colcon.colcon_core.shell:Creating environment hook '/home/simpletime/practice/src/install/base_interface/share/base_interface/hook/cmake_prefix_path.sh'
[3.674s] Level 1:colcon.colcon_core.environment:checking '/home/simpletime/practice/src/install/base_interface/lib'
[3.674s] Level 1:colcon.colcon_core.shell:create_environment_hook('base_interface', 'ld_library_path_lib')
[3.674s] INFO:colcon.colcon_core.shell:Creating environment hook '/home/simpletime/practice/src/install/base_interface/share/base_interface/hook/ld_library_path_lib.ps1'
[3.674s] INFO:colcon.colcon_core.shell:Creating environment descriptor '/home/simpletime/practice/src/install/base_interface/share/base_interface/hook/ld_library_path_lib.dsv'
[3.674s] INFO:colcon.colcon_core.shell:Creating environment hook '/home/simpletime/practice/src/install/base_interface/share/base_interface/hook/ld_library_path_lib.sh'
[3.675s] Level 1:colcon.colcon_core.environment:checking '/home/simpletime/practice/src/install/base_interface/bin'
[3.675s] Level 1:colcon.colcon_core.environment:checking '/home/simpletime/practice/src/install/base_interface/lib/pkgconfig/base_interface.pc'
[3.675s] Level 1:colcon.colcon_core.environment:checking '/home/simpletime/practice/src/install/base_interface/lib/python3.10/site-packages'
[3.675s] Level 1:colcon.colcon_core.environment:checking '/home/simpletime/practice/src/install/base_interface/bin'
[3.675s] INFO:colcon.colcon_core.shell:Creating package script '/home/simpletime/practice/src/install/base_interface/share/base_interface/package.ps1'
[3.676s] INFO:colcon.colcon_core.shell:Creating package descriptor '/home/simpletime/practice/src/install/base_interface/share/base_interface/package.dsv'
[3.677s] INFO:colcon.colcon_core.shell:Creating package script '/home/simpletime/practice/src/install/base_interface/share/base_interface/package.sh'
[3.677s] INFO:colcon.colcon_core.shell:Creating package script '/home/simpletime/practice/src/install/base_interface/share/base_interface/package.bash'
[3.678s] INFO:colcon.colcon_core.shell:Creating package script '/home/simpletime/practice/src/install/base_interface/share/base_interface/package.zsh'
[3.679s] Level 1:colcon.colcon_core.environment:create_file_with_runtime_dependencies(/home/simpletime/practice/src/install/base_interface/share/colcon-core/packages/base_interface)
[3.739s] Level 1:colcon.colcon_core.environment:create_environment_scripts_only(base_interface)
[3.740s] Level 1:colcon.colcon_core.environment:checking '/home/simpletime/practice/src/install/base_interface' for CMake module files
[3.740s] Level 1:colcon.colcon_core.environment:checking '/home/simpletime/practice/src/install/base_interface' for CMake config files
[3.741s] Level 1:colcon.colcon_core.shell:create_environment_hook('base_interface', 'cmake_prefix_path')
[3.741s] INFO:colcon.colcon_core.shell:Creating environment hook '/home/simpletime/practice/src/install/base_interface/share/base_interface/hook/cmake_prefix_path.ps1'
[3.741s] INFO:colcon.colcon_core.shell:Creating environment descriptor '/home/simpletime/practice/src/install/base_interface/share/base_interface/hook/cmake_prefix_path.dsv'
[3.741s] INFO:colcon.colcon_core.shell:Creating environment hook '/home/simpletime/practice/src/install/base_interface/share/base_interface/hook/cmake_prefix_path.sh'
[3.742s] Level 1:colcon.colcon_core.environment:checking '/home/simpletime/practice/src/install/base_interface/lib'
[3.742s] Level 1:colcon.colcon_core.shell:create_environment_hook('base_interface', 'ld_library_path_lib')
[3.742s] INFO:colcon.colcon_core.shell:Creating environment hook '/home/simpletime/practice/src/install/base_interface/share/base_interface/hook/ld_library_path_lib.ps1'
[3.742s] INFO:colcon.colcon_core.shell:Creating environment descriptor '/home/simpletime/practice/src/install/base_interface/share/base_interface/hook/ld_library_path_lib.dsv'
[3.743s] INFO:colcon.colcon_core.shell:Creating environment hook '/home/simpletime/practice/src/install/base_interface/share/base_interface/hook/ld_library_path_lib.sh'
[3.743s] Level 1:colcon.colcon_core.environment:checking '/home/simpletime/practice/src/install/base_interface/bin'
[3.743s] Level 1:colcon.colcon_core.environment:checking '/home/simpletime/practice/src/install/base_interface/lib/pkgconfig/base_interface.pc'
[3.743s] Level 1:colcon.colcon_core.environment:checking '/home/simpletime/practice/src/install/base_interface/lib/python3.10/site-packages'
[3.743s] Level 1:colcon.colcon_core.environment:checking '/home/simpletime/practice/src/install/base_interface/bin'
[3.744s] INFO:colcon.colcon_core.shell:Creating package script '/home/simpletime/practice/src/install/base_interface/share/base_interface/package.ps1'
[3.744s] INFO:colcon.colcon_core.shell:Creating package descriptor '/home/simpletime/practice/src/install/base_interface/share/base_interface/package.dsv'
[3.744s] INFO:colcon.colcon_core.shell:Creating package script '/home/simpletime/practice/src/install/base_interface/share/base_interface/package.sh'
[3.745s] INFO:colcon.colcon_core.shell:Creating package script '/home/simpletime/practice/src/install/base_interface/share/base_interface/package.bash'
[3.745s] INFO:colcon.colcon_core.shell:Creating package script '/home/simpletime/practice/src/install/base_interface/share/base_interface/package.zsh'
[3.745s] Level 1:colcon.colcon_core.environment:create_file_with_runtime_dependencies(/home/simpletime/practice/src/install/base_interface/share/colcon-core/packages/base_interface)
[3.746s] INFO:colcon.colcon_ros.task.ament_cmake.build:Building ROS package in '/home/simpletime/practice/src/cpp_topic' with build type 'ament_cmake'
[3.746s] INFO:colcon.colcon_cmake.task.cmake.build:Building CMake package in '/home/simpletime/practice/src/cpp_topic'
[3.747s] INFO:colcon.colcon_core.shell:Skip shell extension 'powershell' for command environment: Not usable outside of PowerShell
[3.747s] DEBUG:colcon.colcon_core.shell:Skip shell extension 'dsv' for command environment
[3.754s] DEBUG:colcon.colcon_core.event_handler.log_command:Invoking command in '/home/simpletime/practice/src/build/cpp_topic': AMENT_PREFIX_PATH=/home/simpletime/practice/src/install/base_interface:${AMENT_PREFIX_PATH} CMAKE_PREFIX_PATH=/home/simpletime/practice/src/install/base_interface:/opt/ros/humble LD_LIBRARY_PATH=/home/simpletime/practice/src/install/base_interface/lib:${LD_LIBRARY_PATH} PYTHONPATH=/home/simpletime/practice/src/install/base_interface/local/lib/python3.10/dist-packages:${PYTHONPATH} /usr/bin/cmake /home/simpletime/practice/src/cpp_topic -DCMAKE_INSTALL_PREFIX=/home/simpletime/practice/src/install/cpp_topic
[4.591s] DEBUG:colcon.colcon_core.event_handler.log_command:Invoked command in '/home/simpletime/practice/src/build/cpp_topic' returned '0': AMENT_PREFIX_PATH=/home/simpletime/practice/src/install/base_interface:${AMENT_PREFIX_PATH} CMAKE_PREFIX_PATH=/home/simpletime/practice/src/install/base_interface:/opt/ros/humble LD_LIBRARY_PATH=/home/simpletime/practice/src/install/base_interface/lib:${LD_LIBRARY_PATH} PYTHONPATH=/home/simpletime/practice/src/install/base_interface/local/lib/python3.10/dist-packages:${PYTHONPATH} /usr/bin/cmake /home/simpletime/practice/src/cpp_topic -DCMAKE_INSTALL_PREFIX=/home/simpletime/practice/src/install/cpp_topic
[4.591s] DEBUG:colcon.colcon_core.event_handler.log_command:Invoking command in '/home/simpletime/practice/src/build/cpp_topic': AMENT_PREFIX_PATH=/home/simpletime/practice/src/install/base_interface:${AMENT_PREFIX_PATH} CMAKE_PREFIX_PATH=/home/simpletime/practice/src/install/base_interface:/opt/ros/humble LD_LIBRARY_PATH=/home/simpletime/practice/src/install/base_interface/lib:${LD_LIBRARY_PATH} PYTHONPATH=/home/simpletime/practice/src/install/base_interface/local/lib/python3.10/dist-packages:${PYTHONPATH} /usr/bin/cmake --build /home/simpletime/practice/src/build/cpp_topic -- -j4 -l4
[7.561s] DEBUG:colcon.colcon_core.event_handler.log_command:Invoked command in '/home/simpletime/practice/src/build/cpp_topic' returned '0': AMENT_PREFIX_PATH=/home/simpletime/practice/src/install/base_interface:${AMENT_PREFIX_PATH} CMAKE_PREFIX_PATH=/home/simpletime/practice/src/install/base_interface:/opt/ros/humble LD_LIBRARY_PATH=/home/simpletime/practice/src/install/base_interface/lib:${LD_LIBRARY_PATH} PYTHONPATH=/home/simpletime/practice/src/install/base_interface/local/lib/python3.10/dist-packages:${PYTHONPATH} /usr/bin/cmake --build /home/simpletime/practice/src/build/cpp_topic -- -j4 -l4
[7.584s] DEBUG:colcon.colcon_core.event_handler.log_command:Invoking command in '/home/simpletime/practice/src/build/cpp_topic': AMENT_PREFIX_PATH=/home/simpletime/practice/src/install/base_interface:${AMENT_PREFIX_PATH} CMAKE_PREFIX_PATH=/home/simpletime/practice/src/install/base_interface:/opt/ros/humble LD_LIBRARY_PATH=/home/simpletime/practice/src/install/base_interface/lib:${LD_LIBRARY_PATH} PYTHONPATH=/home/simpletime/practice/src/install/base_interface/local/lib/python3.10/dist-packages:${PYTHONPATH} /usr/bin/cmake --install /home/simpletime/practice/src/build/cpp_topic
[7.599s] Level 1:colcon.colcon_core.environment:create_environment_scripts_only(cpp_topic)
[7.600s] DEBUG:colcon.colcon_core.event_handler.log_command:Invoked command in '/home/simpletime/practice/src/build/cpp_topic' returned '0': AMENT_PREFIX_PATH=/home/simpletime/practice/src/install/base_interface:${AMENT_PREFIX_PATH} CMAKE_PREFIX_PATH=/home/simpletime/practice/src/install/base_interface:/opt/ros/humble LD_LIBRARY_PATH=/home/simpletime/practice/src/install/base_interface/lib:${LD_LIBRARY_PATH} PYTHONPATH=/home/simpletime/practice/src/install/base_interface/local/lib/python3.10/dist-packages:${PYTHONPATH} /usr/bin/cmake --install /home/simpletime/practice/src/build/cpp_topic
[7.600s] Level 1:colcon.colcon_core.environment:checking '/home/simpletime/practice/src/install/cpp_topic' for CMake module files
[7.600s] Level 1:colcon.colcon_core.environment:checking '/home/simpletime/practice/src/install/cpp_topic' for CMake config files
[7.600s] Level 1:colcon.colcon_core.shell:create_environment_hook('cpp_topic', 'cmake_prefix_path')
[7.601s] INFO:colcon.colcon_core.shell:Creating environment hook '/home/simpletime/practice/src/install/cpp_topic/share/cpp_topic/hook/cmake_prefix_path.ps1'
[7.601s] INFO:colcon.colcon_core.shell:Creating environment descriptor '/home/simpletime/practice/src/install/cpp_topic/share/cpp_topic/hook/cmake_prefix_path.dsv'
[7.601s] INFO:colcon.colcon_core.shell:Creating environment hook '/home/simpletime/practice/src/install/cpp_topic/share/cpp_topic/hook/cmake_prefix_path.sh'
[7.601s] Level 1:colcon.colcon_core.environment:checking '/home/simpletime/practice/src/install/cpp_topic/lib'
[7.601s] Level 1:colcon.colcon_core.environment:checking '/home/simpletime/practice/src/install/cpp_topic/bin'
[7.602s] Level 1:colcon.colcon_core.environment:checking '/home/simpletime/practice/src/install/cpp_topic/lib/pkgconfig/cpp_topic.pc'
[7.602s] Level 1:colcon.colcon_core.environment:checking '/home/simpletime/practice/src/install/cpp_topic/lib/python3.10/site-packages'
[7.602s] Level 1:colcon.colcon_core.environment:checking '/home/simpletime/practice/src/install/cpp_topic/bin'
[7.602s] INFO:colcon.colcon_core.shell:Creating package script '/home/simpletime/practice/src/install/cpp_topic/share/cpp_topic/package.ps1'
[7.602s] INFO:colcon.colcon_core.shell:Creating package descriptor '/home/simpletime/practice/src/install/cpp_topic/share/cpp_topic/package.dsv'
[7.603s] INFO:colcon.colcon_core.shell:Creating package script '/home/simpletime/practice/src/install/cpp_topic/share/cpp_topic/package.sh'
[7.603s] INFO:colcon.colcon_core.shell:Creating package script '/home/simpletime/practice/src/install/cpp_topic/share/cpp_topic/package.bash'
[7.603s] INFO:colcon.colcon_core.shell:Creating package script '/home/simpletime/practice/src/install/cpp_topic/share/cpp_topic/package.zsh'
[7.603s] Level 1:colcon.colcon_core.environment:create_file_with_runtime_dependencies(/home/simpletime/practice/src/install/cpp_topic/share/colcon-core/packages/cpp_topic)
[7.626s] Level 1:colcon.colcon_core.environment:create_environment_scripts_only(cpp_topic)
[7.626s] Level 1:colcon.colcon_core.environment:checking '/home/simpletime/practice/src/install/cpp_topic' for CMake module files
[7.627s] Level 1:colcon.colcon_core.environment:checking '/home/simpletime/practice/src/install/cpp_topic' for CMake config files
[7.627s] Level 1:colcon.colcon_core.shell:create_environment_hook('cpp_topic', 'cmake_prefix_path')
[7.627s] INFO:colcon.colcon_core.shell:Creating environment hook '/home/simpletime/practice/src/install/cpp_topic/share/cpp_topic/hook/cmake_prefix_path.ps1'
[7.627s] INFO:colcon.colcon_core.shell:Creating environment descriptor '/home/simpletime/practice/src/install/cpp_topic/share/cpp_topic/hook/cmake_prefix_path.dsv'
[7.628s] INFO:colcon.colcon_core.shell:Creating environment hook '/home/simpletime/practice/src/install/cpp_topic/share/cpp_topic/hook/cmake_prefix_path.sh'
[7.628s] Level 1:colcon.colcon_core.environment:checking '/home/simpletime/practice/src/install/cpp_topic/lib'
[7.628s] Level 1:colcon.colcon_core.environment:checking '/home/simpletime/practice/src/install/cpp_topic/bin'
[7.628s] Level 1:colcon.colcon_core.environment:checking '/home/simpletime/practice/src/install/cpp_topic/lib/pkgconfig/cpp_topic.pc'
[7.628s] Level 1:colcon.colcon_core.environment:checking '/home/simpletime/practice/src/install/cpp_topic/lib/python3.10/site-packages'
[7.628s] Level 1:colcon.colcon_core.environment:checking '/home/simpletime/practice/src/install/cpp_topic/bin'
[7.629s] INFO:colcon.colcon_core.shell:Creating package script '/home/simpletime/practice/src/install/cpp_topic/share/cpp_topic/package.ps1'
[7.629s] INFO:colcon.colcon_core.shell:Creating package descriptor '/home/simpletime/practice/src/install/cpp_topic/share/cpp_topic/package.dsv'
[7.629s] INFO:colcon.colcon_core.shell:Creating package script '/home/simpletime/practice/src/install/cpp_topic/share/cpp_topic/package.sh'
[7.630s] INFO:colcon.colcon_core.shell:Creating package script '/home/simpletime/practice/src/install/cpp_topic/share/cpp_topic/package.bash'
[7.630s] INFO:colcon.colcon_core.shell:Creating package script '/home/simpletime/practice/src/install/cpp_topic/share/cpp_topic/package.zsh'
[7.630s] Level 1:colcon.colcon_core.environment:create_file_with_runtime_dependencies(/home/simpletime/practice/src/install/cpp_topic/share/colcon-core/packages/cpp_topic)
[7.630s] DEBUG:colcon.colcon_parallel_executor.executor.parallel:closing loop
[7.631s] DEBUG:colcon.colcon_parallel_executor.executor.parallel:loop closed
[7.631s] DEBUG:colcon.colcon_parallel_executor.executor.parallel:run_until_complete finished with '0'
[7.631s] DEBUG:colcon.colcon_core.event_reactor:joining thread
[7.637s] INFO:colcon.colcon_core.plugin_system:Skipping extension 'colcon_notification.desktop_notification.terminal_notifier': Not used on non-Darwin systems
[7.637s] INFO:colcon.colcon_core.plugin_system:Skipping extension 'colcon_notification.desktop_notification.win32': Not used on non-Windows systems
[7.637s] INFO:colcon.colcon_notification.desktop_notification:Sending desktop notification using 'notify2'
[7.697s] DEBUG:colcon.colcon_core.event_reactor:joined thread
[7.697s] INFO:colcon.colcon_core.shell:Creating prefix script '/home/simpletime/practice/src/install/local_setup.ps1'
[7.698s] INFO:colcon.colcon_core.shell:Creating prefix util module '/home/simpletime/practice/src/install/_local_setup_util_ps1.py'
[7.699s] INFO:colcon.colcon_core.shell:Creating prefix chain script '/home/simpletime/practice/src/install/setup.ps1'
[7.699s] INFO:colcon.colcon_core.shell:Creating prefix script '/home/simpletime/practice/src/install/local_setup.sh'
[7.700s] INFO:colcon.colcon_core.shell:Creating prefix util module '/home/simpletime/practice/src/install/_local_setup_util_sh.py'
[7.700s] INFO:colcon.colcon_core.shell:Creating prefix chain script '/home/simpletime/practice/src/install/setup.sh'
[7.701s] INFO:colcon.colcon_core.shell:Creating prefix script '/home/simpletime/practice/src/install/local_setup.bash'
[7.702s] INFO:colcon.colcon_core.shell:Creating prefix chain script '/home/simpletime/practice/src/install/setup.bash'
[7.702s] INFO:colcon.colcon_core.shell:Creating prefix script '/home/simpletime/practice/src/install/local_setup.zsh'
[7.703s] INFO:colcon.colcon_core.shell:Creating prefix chain script '/home/simpletime/practice/src/install/setup.zsh'
