[0.008s] Invoking command in '/home/simpletime/project01_book/build/company': CMAKE_PREFIX_PATH=/home/simpletime/project01_book/install/base_interfaces:/home/simpletime/project01_book/install/company:/home/simpletime/project01_book/src/install/company:/home/simpletime/project01_book/src/install/base_interfaces:/home/simpletime/project01_book/install/company_a:/opt/ros/humble /usr/bin/cmake --build /home/simpletime/project01_book/build/company -- -j4 -l4
[0.049s] [35m[1mConsolidate compiler generated dependencies of target company_b[0m
[0.055s] [ 16%] [32mBuilding CXX object CMakeFiles/company_a.dir/src/company_a.cpp.o[0m
[0.062s] [ 50%] Built target company_c
[0.063s] [ 66%] [32mBuilding CXX object CMakeFiles/company_b.dir/src/company_b.cpp.o[0m
[6.086s] [ 83%] [32m[1mLinking CXX executable company_a[0m
[6.202s] [100%] [32m[1mLinking CXX executable company_b[0m
[6.420s] [100%] Built target company_a
[6.469s] [100%] Built target company_b
[6.534s] Invoked command in '/home/simpletime/project01_book/build/company' returned '0': CMAKE_PREFIX_PATH=/home/simpletime/project01_book/install/base_interfaces:/home/simpletime/project01_book/install/company:/home/simpletime/project01_book/src/install/company:/home/simpletime/project01_book/src/install/base_interfaces:/home/simpletime/project01_book/install/company_a:/opt/ros/humble /usr/bin/cmake --build /home/simpletime/project01_book/build/company -- -j4 -l4
[6.587s] Invoking command in '/home/simpletime/project01_book/build/company': CMAKE_PREFIX_PATH=/home/simpletime/project01_book/install/base_interfaces:/home/simpletime/project01_book/install/company:/home/simpletime/project01_book/src/install/company:/home/simpletime/project01_book/src/install/base_interfaces:/home/simpletime/project01_book/install/company_a:/opt/ros/humble /usr/bin/cmake --install /home/simpletime/project01_book/build/company
[6.596s] -- Install configuration: ""
[6.597s] -- Installing: /home/simpletime/project01_book/install/company/lib/company/company_a
[6.602s] -- Set runtime path of "/home/simpletime/project01_book/install/company/lib/company/company_a" to ""
[6.603s] -- Installing: /home/simpletime/project01_book/install/company/lib/company/company_b
[6.608s] -- Set runtime path of "/home/simpletime/project01_book/install/company/lib/company/company_b" to ""
[6.609s] -- Up-to-date: /home/simpletime/project01_book/install/company/lib/company/company_c
[6.610s] -- Up-to-date: /home/simpletime/project01_book/install/company/share/ament_index/resource_index/package_run_dependencies/company
[6.611s] -- Up-to-date: /home/simpletime/project01_book/install/company/share/ament_index/resource_index/parent_prefix_path/company
[6.612s] -- Up-to-date: /home/simpletime/project01_book/install/company/share/company/environment/ament_prefix_path.sh
[6.612s] -- Up-to-date: /home/simpletime/project01_book/install/company/share/company/environment/ament_prefix_path.dsv
[6.613s] -- Up-to-date: /home/simpletime/project01_book/install/company/share/company/environment/path.sh
[6.613s] -- Up-to-date: /home/simpletime/project01_book/install/company/share/company/environment/path.dsv
[6.613s] -- Up-to-date: /home/simpletime/project01_book/install/company/share/company/local_setup.bash
[6.614s] -- Up-to-date: /home/simpletime/project01_book/install/company/share/company/local_setup.sh
[6.614s] -- Up-to-date: /home/simpletime/project01_book/install/company/share/company/local_setup.zsh
[6.614s] -- Up-to-date: /home/simpletime/project01_book/install/company/share/company/local_setup.dsv
[6.614s] -- Installing: /home/simpletime/project01_book/install/company/share/company/package.dsv
[6.614s] -- Up-to-date: /home/simpletime/project01_book/install/company/share/ament_index/resource_index/packages/company
[6.616s] -- Up-to-date: /home/simpletime/project01_book/install/company/share/company/cmake/companyConfig.cmake
[6.616s] -- Up-to-date: /home/simpletime/project01_book/install/company/share/company/cmake/companyConfig-version.cmake
[6.616s] -- Up-to-date: /home/simpletime/project01_book/install/company/share/company/package.xml
[6.619s] Invoked command in '/home/simpletime/project01_book/build/company' returned '0': CMAKE_PREFIX_PATH=/home/simpletime/project01_book/install/base_interfaces:/home/simpletime/project01_book/install/company:/home/simpletime/project01_book/src/install/company:/home/simpletime/project01_book/src/install/base_interfaces:/home/simpletime/project01_book/install/company_a:/opt/ros/humble /usr/bin/cmake --install /home/simpletime/project01_book/build/company
