[0.019s] Invoking command in '/home/simpletime/Project/learn02_pcl_spin/build/cpp01_pcl_spin': CMAKE_PREFIX_PATH=/opt/ros/humble /usr/bin/cmake --build /home/simpletime/Project/learn02_pcl_spin/build/cpp01_pcl_spin -- -j32 -l32
[0.105s] [35m[1mConsolidate compiler generated dependencies of target demo01_pcl_spin[0m
[0.134s] [ 50%] [32mBuilding CXX object CMakeFiles/demo01_pcl_spin.dir/src/demo01_pcl_spin.cpp.o[0m
[6.165s] [100%] [32m[1mLinking CXX executable demo01_pcl_spin[0m
[6.913s] [100%] Built target demo01_pcl_spin
[6.922s] Invoked command in '/home/simpletime/Project/learn02_pcl_spin/build/cpp01_pcl_spin' returned '0': CMAKE_PREFIX_PATH=/opt/ros/humble /usr/bin/cmake --build /home/simpletime/Project/learn02_pcl_spin/build/cpp01_pcl_spin -- -j32 -l32
[6.950s] Invoking command in '/home/simpletime/Project/learn02_pcl_spin/build/cpp01_pcl_spin': CMAKE_PREFIX_PATH=/opt/ros/humble /usr/bin/cmake --install /home/simpletime/Project/learn02_pcl_spin/build/cpp01_pcl_spin
[6.955s] -- Install configuration: ""
[6.957s] -- Installing: /home/simpletime/Project/learn02_pcl_spin/install/cpp01_pcl_spin/lib/cpp01_pcl_spin/demo01_pcl_spin
[6.959s] -- Set runtime path of "/home/simpletime/Project/learn02_pcl_spin/install/cpp01_pcl_spin/lib/cpp01_pcl_spin/demo01_pcl_spin" to ""
[6.960s] -- Up-to-date: /home/simpletime/Project/learn02_pcl_spin/install/cpp01_pcl_spin/share/ament_index/resource_index/package_run_dependencies/cpp01_pcl_spin
[6.960s] -- Up-to-date: /home/simpletime/Project/learn02_pcl_spin/install/cpp01_pcl_spin/share/ament_index/resource_index/parent_prefix_path/cpp01_pcl_spin
[6.960s] -- Up-to-date: /home/simpletime/Project/learn02_pcl_spin/install/cpp01_pcl_spin/share/cpp01_pcl_spin/environment/ament_prefix_path.sh
[6.960s] -- Up-to-date: /home/simpletime/Project/learn02_pcl_spin/install/cpp01_pcl_spin/share/cpp01_pcl_spin/environment/ament_prefix_path.dsv
[6.960s] -- Up-to-date: /home/simpletime/Project/learn02_pcl_spin/install/cpp01_pcl_spin/share/cpp01_pcl_spin/environment/path.sh
[6.960s] -- Up-to-date: /home/simpletime/Project/learn02_pcl_spin/install/cpp01_pcl_spin/share/cpp01_pcl_spin/environment/path.dsv
[6.960s] -- Up-to-date: /home/simpletime/Project/learn02_pcl_spin/install/cpp01_pcl_spin/share/cpp01_pcl_spin/local_setup.bash
[6.960s] -- Up-to-date: /home/simpletime/Project/learn02_pcl_spin/install/cpp01_pcl_spin/share/cpp01_pcl_spin/local_setup.sh
[6.960s] -- Up-to-date: /home/simpletime/Project/learn02_pcl_spin/install/cpp01_pcl_spin/share/cpp01_pcl_spin/local_setup.zsh
[6.961s] -- Up-to-date: /home/simpletime/Project/learn02_pcl_spin/install/cpp01_pcl_spin/share/cpp01_pcl_spin/local_setup.dsv
[6.961s] -- Installing: /home/simpletime/Project/learn02_pcl_spin/install/cpp01_pcl_spin/share/cpp01_pcl_spin/package.dsv
[6.961s] -- Up-to-date: /home/simpletime/Project/learn02_pcl_spin/install/cpp01_pcl_spin/share/ament_index/resource_index/packages/cpp01_pcl_spin
[6.961s] -- Up-to-date: /home/simpletime/Project/learn02_pcl_spin/install/cpp01_pcl_spin/share/cpp01_pcl_spin/cmake/cpp01_pcl_spinConfig.cmake
[6.961s] -- Up-to-date: /home/simpletime/Project/learn02_pcl_spin/install/cpp01_pcl_spin/share/cpp01_pcl_spin/cmake/cpp01_pcl_spinConfig-version.cmake
[6.961s] -- Up-to-date: /home/simpletime/Project/learn02_pcl_spin/install/cpp01_pcl_spin/share/cpp01_pcl_spin/package.xml
[6.963s] Invoked command in '/home/simpletime/Project/learn02_pcl_spin/build/cpp01_pcl_spin' returned '0': CMAKE_PREFIX_PATH=/opt/ros/humble /usr/bin/cmake --install /home/simpletime/Project/learn02_pcl_spin/build/cpp01_pcl_spin
