[0.009s] Invoking command in '/home/simpletime/project02_gameservice/build/game_service': CMAKE_PREFIX_PATH=/home/simpletime/project02_gameservice/install/base_interfaces:/home/simpletime/project02_gameservice/install/game_service:/opt/ros/humble /usr/bin/cmake --build /home/simpletime/project02_gameservice/build/game_service -- -j4 -l4
[0.045s] [35m[1mConsolidate compiler generated dependencies of target game_client[0m
[0.056s] [ 50%] Built target game_server
[0.059s] [ 75%] [32mBuilding CXX object CMakeFiles/game_client.dir/src/game_client.cpp.o[0m
[2.408s] [100%] [32m[1mLinking CXX executable game_client[0m
[2.505s] [100%] Built target game_client
[2.515s] Invoked command in '/home/simpletime/project02_gameservice/build/game_service' returned '0': CMAKE_PREFIX_PATH=/home/simpletime/project02_gameservice/install/base_interfaces:/home/simpletime/project02_gameservice/install/game_service:/opt/ros/humble /usr/bin/cmake --build /home/simpletime/project02_gameservice/build/game_service -- -j4 -l4
[2.542s] Invoking command in '/home/simpletime/project02_gameservice/build/game_service': CMAKE_PREFIX_PATH=/home/simpletime/project02_gameservice/install/base_interfaces:/home/simpletime/project02_gameservice/install/game_service:/opt/ros/humble /usr/bin/cmake --install /home/simpletime/project02_gameservice/build/game_service
[2.548s] -- Install configuration: ""
[2.548s] -- Up-to-date: /home/simpletime/project02_gameservice/install/game_service/lib/game_service/game_server
[2.548s] -- Installing: /home/simpletime/project02_gameservice/install/game_service/lib/game_service/game_client
[2.549s] -- Set runtime path of "/home/simpletime/project02_gameservice/install/game_service/lib/game_service/game_client" to ""
[2.549s] -- Up-to-date: /home/simpletime/project02_gameservice/install/game_service/share/ament_index/resource_index/package_run_dependencies/game_service
[2.549s] -- Up-to-date: /home/simpletime/project02_gameservice/install/game_service/share/ament_index/resource_index/parent_prefix_path/game_service
[2.549s] -- Up-to-date: /home/simpletime/project02_gameservice/install/game_service/share/game_service/environment/ament_prefix_path.sh
[2.549s] -- Up-to-date: /home/simpletime/project02_gameservice/install/game_service/share/game_service/environment/ament_prefix_path.dsv
[2.549s] -- Up-to-date: /home/simpletime/project02_gameservice/install/game_service/share/game_service/environment/path.sh
[2.549s] -- Up-to-date: /home/simpletime/project02_gameservice/install/game_service/share/game_service/environment/path.dsv
[2.549s] -- Up-to-date: /home/simpletime/project02_gameservice/install/game_service/share/game_service/local_setup.bash
[2.550s] -- Up-to-date: /home/simpletime/project02_gameservice/install/game_service/share/game_service/local_setup.sh
[2.550s] -- Up-to-date: /home/simpletime/project02_gameservice/install/game_service/share/game_service/local_setup.zsh
[2.550s] -- Up-to-date: /home/simpletime/project02_gameservice/install/game_service/share/game_service/local_setup.dsv
[2.550s] -- Installing: /home/simpletime/project02_gameservice/install/game_service/share/game_service/package.dsv
[2.550s] -- Up-to-date: /home/simpletime/project02_gameservice/install/game_service/share/ament_index/resource_index/packages/game_service
[2.550s] -- Up-to-date: /home/simpletime/project02_gameservice/install/game_service/share/game_service/cmake/game_serviceConfig.cmake
[2.550s] -- Up-to-date: /home/simpletime/project02_gameservice/install/game_service/share/game_service/cmake/game_serviceConfig-version.cmake
[2.550s] -- Up-to-date: /home/simpletime/project02_gameservice/install/game_service/share/game_service/package.xml
[2.552s] Invoked command in '/home/simpletime/project02_gameservice/build/game_service' returned '0': CMAKE_PREFIX_PATH=/home/simpletime/project02_gameservice/install/base_interfaces:/home/simpletime/project02_gameservice/install/game_service:/opt/ros/humble /usr/bin/cmake --install /home/simpletime/project02_gameservice/build/game_service
