[0.064s] DEBUG:colcon:Command line arguments: ['/usr/bin/colcon', 'build']
[0.065s] DEBUG:colcon:Parsed command line arguments: Namespace(log_base=None, log_level=None, verb_name='build', build_base='build', install_base='install', merge_install=False, symlink_install=False, test_result_base=None, continue_on_error=False, executor='parallel', parallel_workers=4, event_handlers=None, ignore_user_meta=False, metas=['./colcon.meta'], base_paths=['.'], packages_ignore=None, packages_ignore_regex=None, paths=None, packages_up_to=None, packages_up_to_regex=None, packages_above=None, packages_above_and_dependencies=None, packages_above_depth=None, packages_select_by_dep=None, packages_skip_by_dep=None, packages_skip_up_to=None, packages_select_build_failed=False, packages_skip_build_finished=False, packages_select_test_failures=False, packages_skip_test_passed=False, packages_select=None, packages_skip=None, packages_select_regex=None, packages_skip_regex=None, packages_start=None, packages_end=None, allow_overriding=[], cmake_args=None, cmake_target=None, cmake_target_skip_unavailable=False, cmake_clean_cache=False, cmake_clean_first=False, cmake_force_configure=False, ament_cmake_args=None, catkin_cmake_args=None, catkin_skip_building_tests=False, verb_parser=<colcon_defaults.argument_parser.defaults.DefaultArgumentsDecorator object at 0x7a2528e0fcd0>, verb_extension=<colcon_core.verb.build.BuildVerb object at 0x7a2528f58880>, main=<bound method BuildVerb.main of <colcon_core.verb.build.BuildVerb object at 0x7a2528f58880>>)
[0.151s] Level 1:colcon.colcon_core.package_discovery:discover_packages(colcon_meta) check parameters
[0.151s] Level 1:colcon.colcon_core.package_discovery:discover_packages(recursive) check parameters
[0.151s] Level 1:colcon.colcon_core.package_discovery:discover_packages(ignore) check parameters
[0.151s] Level 1:colcon.colcon_core.package_discovery:discover_packages(path) check parameters
[0.151s] Level 1:colcon.colcon_core.package_discovery:discover_packages(colcon_meta) discover
[0.151s] Level 1:colcon.colcon_core.package_discovery:discover_packages(recursive) discover
[0.151s] INFO:colcon.colcon_core.package_discovery:Crawling recursively for packages in '/home/simpletime/ws01_plumbing'
[0.151s] Level 1:colcon.colcon_core.package_identification:_identify(.) by extensions ['ignore', 'ignore_ament_install']
[0.151s] Level 1:colcon.colcon_core.package_identification:_identify(.) by extension 'ignore'
[0.151s] Level 1:colcon.colcon_core.package_identification:_identify(.) by extension 'ignore_ament_install'
[0.151s] Level 1:colcon.colcon_core.package_identification:_identify(.) by extensions ['colcon_pkg']
[0.151s] Level 1:colcon.colcon_core.package_identification:_identify(.) by extension 'colcon_pkg'
[0.151s] Level 1:colcon.colcon_core.package_identification:_identify(.) by extensions ['colcon_meta']
[0.151s] Level 1:colcon.colcon_core.package_identification:_identify(.) by extension 'colcon_meta'
[0.151s] Level 1:colcon.colcon_core.package_identification:_identify(.) by extensions ['ros']
[0.151s] Level 1:colcon.colcon_core.package_identification:_identify(.) by extension 'ros'
[0.158s] Level 1:colcon.colcon_core.package_identification:_identify(.) by extensions ['cmake', 'python']
[0.159s] Level 1:colcon.colcon_core.package_identification:_identify(.) by extension 'cmake'
[0.159s] Level 1:colcon.colcon_core.package_identification:_identify(.) by extension 'python'
[0.159s] Level 1:colcon.colcon_core.package_identification:_identify(.) by extensions ['python_setup_py']
[0.159s] Level 1:colcon.colcon_core.package_identification:_identify(.) by extension 'python_setup_py'
[0.159s] Level 1:colcon.colcon_core.package_identification:_identify(build) by extensions ['ignore', 'ignore_ament_install']
[0.159s] Level 1:colcon.colcon_core.package_identification:_identify(build) by extension 'ignore'
[0.159s] Level 1:colcon.colcon_core.package_identification:_identify(build) ignored
[0.159s] Level 1:colcon.colcon_core.package_identification:_identify(install) by extensions ['ignore', 'ignore_ament_install']
[0.159s] Level 1:colcon.colcon_core.package_identification:_identify(install) by extension 'ignore'
[0.159s] Level 1:colcon.colcon_core.package_identification:_identify(install) ignored
[0.159s] Level 1:colcon.colcon_core.package_identification:_identify(log) by extensions ['ignore', 'ignore_ament_install']
[0.159s] Level 1:colcon.colcon_core.package_identification:_identify(log) by extension 'ignore'
[0.159s] Level 1:colcon.colcon_core.package_identification:_identify(log) ignored
[0.159s] Level 1:colcon.colcon_core.package_identification:_identify(src) by extensions ['ignore', 'ignore_ament_install']
[0.159s] Level 1:colcon.colcon_core.package_identification:_identify(src) by extension 'ignore'
[0.159s] Level 1:colcon.colcon_core.package_identification:_identify(src) by extension 'ignore_ament_install'
[0.159s] Level 1:colcon.colcon_core.package_identification:_identify(src) by extensions ['colcon_pkg']
[0.160s] Level 1:colcon.colcon_core.package_identification:_identify(src) by extension 'colcon_pkg'
[0.160s] Level 1:colcon.colcon_core.package_identification:_identify(src) by extensions ['colcon_meta']
[0.160s] Level 1:colcon.colcon_core.package_identification:_identify(src) by extension 'colcon_meta'
[0.160s] Level 1:colcon.colcon_core.package_identification:_identify(src) by extensions ['ros']
[0.160s] Level 1:colcon.colcon_core.package_identification:_identify(src) by extension 'ros'
[0.160s] Level 1:colcon.colcon_core.package_identification:_identify(src) by extensions ['cmake', 'python']
[0.160s] Level 1:colcon.colcon_core.package_identification:_identify(src) by extension 'cmake'
[0.160s] Level 1:colcon.colcon_core.package_identification:_identify(src) by extension 'python'
[0.160s] Level 1:colcon.colcon_core.package_identification:_identify(src) by extensions ['python_setup_py']
[0.160s] Level 1:colcon.colcon_core.package_identification:_identify(src) by extension 'python_setup_py'
[0.160s] Level 1:colcon.colcon_core.package_identification:_identify(src/base_interfaces_demo) by extensions ['ignore', 'ignore_ament_install']
[0.160s] Level 1:colcon.colcon_core.package_identification:_identify(src/base_interfaces_demo) by extension 'ignore'
[0.160s] Level 1:colcon.colcon_core.package_identification:_identify(src/base_interfaces_demo) by extension 'ignore_ament_install'
[0.160s] Level 1:colcon.colcon_core.package_identification:_identify(src/base_interfaces_demo) by extensions ['colcon_pkg']
[0.160s] Level 1:colcon.colcon_core.package_identification:_identify(src/base_interfaces_demo) by extension 'colcon_pkg'
[0.160s] Level 1:colcon.colcon_core.package_identification:_identify(src/base_interfaces_demo) by extensions ['colcon_meta']
[0.160s] Level 1:colcon.colcon_core.package_identification:_identify(src/base_interfaces_demo) by extension 'colcon_meta'
[0.160s] Level 1:colcon.colcon_core.package_identification:_identify(src/base_interfaces_demo) by extensions ['ros']
[0.160s] Level 1:colcon.colcon_core.package_identification:_identify(src/base_interfaces_demo) by extension 'ros'
[0.161s] DEBUG:colcon.colcon_core.package_identification:Package 'src/base_interfaces_demo' with type 'ros.ament_cmake' and name 'base_interfaces_demo'
[0.161s] Level 1:colcon.colcon_core.package_identification:_identify(src/cpp01_topic) by extensions ['ignore', 'ignore_ament_install']
[0.162s] Level 1:colcon.colcon_core.package_identification:_identify(src/cpp01_topic) by extension 'ignore'
[0.162s] Level 1:colcon.colcon_core.package_identification:_identify(src/cpp01_topic) by extension 'ignore_ament_install'
[0.162s] Level 1:colcon.colcon_core.package_identification:_identify(src/cpp01_topic) by extensions ['colcon_pkg']
[0.162s] Level 1:colcon.colcon_core.package_identification:_identify(src/cpp01_topic) by extension 'colcon_pkg'
[0.162s] Level 1:colcon.colcon_core.package_identification:_identify(src/cpp01_topic) by extensions ['colcon_meta']
[0.162s] Level 1:colcon.colcon_core.package_identification:_identify(src/cpp01_topic) by extension 'colcon_meta'
[0.162s] Level 1:colcon.colcon_core.package_identification:_identify(src/cpp01_topic) by extensions ['ros']
[0.162s] Level 1:colcon.colcon_core.package_identification:_identify(src/cpp01_topic) by extension 'ros'
[0.162s] DEBUG:colcon.colcon_core.package_identification:Package 'src/cpp01_topic' with type 'ros.ament_cmake' and name 'cpp01_topic'
[0.162s] Level 1:colcon.colcon_core.package_identification:_identify(src/py01_topic) by extensions ['ignore', 'ignore_ament_install']
[0.162s] Level 1:colcon.colcon_core.package_identification:_identify(src/py01_topic) by extension 'ignore'
[0.162s] Level 1:colcon.colcon_core.package_identification:_identify(src/py01_topic) by extension 'ignore_ament_install'
[0.162s] Level 1:colcon.colcon_core.package_identification:_identify(src/py01_topic) by extensions ['colcon_pkg']
[0.163s] Level 1:colcon.colcon_core.package_identification:_identify(src/py01_topic) by extension 'colcon_pkg'
[0.163s] Level 1:colcon.colcon_core.package_identification:_identify(src/py01_topic) by extensions ['colcon_meta']
[0.163s] Level 1:colcon.colcon_core.package_identification:_identify(src/py01_topic) by extension 'colcon_meta'
[0.163s] Level 1:colcon.colcon_core.package_identification:_identify(src/py01_topic) by extensions ['ros']
[0.163s] Level 1:colcon.colcon_core.package_identification:_identify(src/py01_topic) by extension 'ros'
[0.163s] DEBUG:colcon.colcon_core.package_identification:Package 'src/py01_topic' with type 'ros.ament_python' and name 'py01_topic'
[0.163s] Level 1:colcon.colcon_core.package_discovery:discover_packages(recursive) using defaults
[0.163s] Level 1:colcon.colcon_core.package_discovery:discover_packages(ignore) discover
[0.163s] Level 1:colcon.colcon_core.package_discovery:discover_packages(ignore) using defaults
[0.163s] Level 1:colcon.colcon_core.package_discovery:discover_packages(path) discover
[0.163s] Level 1:colcon.colcon_core.package_discovery:discover_packages(path) using defaults
[0.174s] Level 1:colcon.colcon_core.package_discovery:discover_packages(prefix_path) check parameters
[0.175s] Level 1:colcon.colcon_core.package_discovery:discover_packages(prefix_path) discover
[0.176s] DEBUG:colcon.colcon_installed_package_information.package_discovery:Found 270 installed packages in /opt/ros/humble
[0.177s] Level 1:colcon.colcon_core.package_discovery:discover_packages(prefix_path) using defaults
[0.205s] Level 5:colcon.colcon_core.verb:set package 'base_interfaces_demo' build argument 'cmake_args' from command line to 'None'
[0.206s] Level 5:colcon.colcon_core.verb:set package 'base_interfaces_demo' build argument 'cmake_target' from command line to 'None'
[0.206s] Level 5:colcon.colcon_core.verb:set package 'base_interfaces_demo' build argument 'cmake_target_skip_unavailable' from command line to 'False'
[0.206s] Level 5:colcon.colcon_core.verb:set package 'base_interfaces_demo' build argument 'cmake_clean_cache' from command line to 'False'
[0.206s] Level 5:colcon.colcon_core.verb:set package 'base_interfaces_demo' build argument 'cmake_clean_first' from command line to 'False'
[0.206s] Level 5:colcon.colcon_core.verb:set package 'base_interfaces_demo' build argument 'cmake_force_configure' from command line to 'False'
[0.206s] Level 5:colcon.colcon_core.verb:set package 'base_interfaces_demo' build argument 'ament_cmake_args' from command line to 'None'
[0.206s] Level 5:colcon.colcon_core.verb:set package 'base_interfaces_demo' build argument 'catkin_cmake_args' from command line to 'None'
[0.206s] Level 5:colcon.colcon_core.verb:set package 'base_interfaces_demo' build argument 'catkin_skip_building_tests' from command line to 'False'
[0.206s] DEBUG:colcon.colcon_core.verb:Building package 'base_interfaces_demo' with the following arguments: {'ament_cmake_args': None, 'build_base': '/home/simpletime/ws01_plumbing/build/base_interfaces_demo', 'catkin_cmake_args': None, 'catkin_skip_building_tests': False, 'cmake_args': None, 'cmake_clean_cache': False, 'cmake_clean_first': False, 'cmake_force_configure': False, 'cmake_target': None, 'cmake_target_skip_unavailable': False, 'install_base': '/home/simpletime/ws01_plumbing/install/base_interfaces_demo', 'merge_install': False, 'path': '/home/simpletime/ws01_plumbing/src/base_interfaces_demo', 'symlink_install': False, 'test_result_base': None}
[0.206s] Level 5:colcon.colcon_core.verb:set package 'cpp01_topic' build argument 'cmake_args' from command line to 'None'
[0.206s] Level 5:colcon.colcon_core.verb:set package 'cpp01_topic' build argument 'cmake_target' from command line to 'None'
[0.206s] Level 5:colcon.colcon_core.verb:set package 'cpp01_topic' build argument 'cmake_target_skip_unavailable' from command line to 'False'
[0.206s] Level 5:colcon.colcon_core.verb:set package 'cpp01_topic' build argument 'cmake_clean_cache' from command line to 'False'
[0.206s] Level 5:colcon.colcon_core.verb:set package 'cpp01_topic' build argument 'cmake_clean_first' from command line to 'False'
[0.206s] Level 5:colcon.colcon_core.verb:set package 'cpp01_topic' build argument 'cmake_force_configure' from command line to 'False'
[0.206s] Level 5:colcon.colcon_core.verb:set package 'cpp01_topic' build argument 'ament_cmake_args' from command line to 'None'
[0.206s] Level 5:colcon.colcon_core.verb:set package 'cpp01_topic' build argument 'catkin_cmake_args' from command line to 'None'
[0.206s] Level 5:colcon.colcon_core.verb:set package 'cpp01_topic' build argument 'catkin_skip_building_tests' from command line to 'False'
[0.206s] DEBUG:colcon.colcon_core.verb:Building package 'cpp01_topic' with the following arguments: {'ament_cmake_args': None, 'build_base': '/home/simpletime/ws01_plumbing/build/cpp01_topic', 'catkin_cmake_args': None, 'catkin_skip_building_tests': False, 'cmake_args': None, 'cmake_clean_cache': False, 'cmake_clean_first': False, 'cmake_force_configure': False, 'cmake_target': None, 'cmake_target_skip_unavailable': False, 'install_base': '/home/simpletime/ws01_plumbing/install/cpp01_topic', 'merge_install': False, 'path': '/home/simpletime/ws01_plumbing/src/cpp01_topic', 'symlink_install': False, 'test_result_base': None}
[0.206s] Level 5:colcon.colcon_core.verb:set package 'py01_topic' build argument 'cmake_args' from command line to 'None'
[0.206s] Level 5:colcon.colcon_core.verb:set package 'py01_topic' build argument 'cmake_target' from command line to 'None'
[0.206s] Level 5:colcon.colcon_core.verb:set package 'py01_topic' build argument 'cmake_target_skip_unavailable' from command line to 'False'
[0.206s] Level 5:colcon.colcon_core.verb:set package 'py01_topic' build argument 'cmake_clean_cache' from command line to 'False'
[0.206s] Level 5:colcon.colcon_core.verb:set package 'py01_topic' build argument 'cmake_clean_first' from command line to 'False'
[0.206s] Level 5:colcon.colcon_core.verb:set package 'py01_topic' build argument 'cmake_force_configure' from command line to 'False'
[0.206s] Level 5:colcon.colcon_core.verb:set package 'py01_topic' build argument 'ament_cmake_args' from command line to 'None'
[0.206s] Level 5:colcon.colcon_core.verb:set package 'py01_topic' build argument 'catkin_cmake_args' from command line to 'None'
[0.206s] Level 5:colcon.colcon_core.verb:set package 'py01_topic' build argument 'catkin_skip_building_tests' from command line to 'False'
[0.206s] DEBUG:colcon.colcon_core.verb:Building package 'py01_topic' with the following arguments: {'ament_cmake_args': None, 'build_base': '/home/simpletime/ws01_plumbing/build/py01_topic', 'catkin_cmake_args': None, 'catkin_skip_building_tests': False, 'cmake_args': None, 'cmake_clean_cache': False, 'cmake_clean_first': False, 'cmake_force_configure': False, 'cmake_target': None, 'cmake_target_skip_unavailable': False, 'install_base': '/home/simpletime/ws01_plumbing/install/py01_topic', 'merge_install': False, 'path': '/home/simpletime/ws01_plumbing/src/py01_topic', 'symlink_install': False, 'test_result_base': None}
[0.207s] INFO:colcon.colcon_core.executor:Executing jobs using 'parallel' executor
[0.208s] DEBUG:colcon.colcon_parallel_executor.executor.parallel:run_until_complete
[0.208s] INFO:colcon.colcon_ros.task.ament_cmake.build:Building ROS package in '/home/simpletime/ws01_plumbing/src/base_interfaces_demo' with build type 'ament_cmake'
[0.209s] INFO:colcon.colcon_cmake.task.cmake.build:Building CMake package in '/home/simpletime/ws01_plumbing/src/base_interfaces_demo'
[0.210s] INFO:colcon.colcon_core.plugin_system:Skipping extension 'colcon_core.shell.bat': Not used on non-Windows systems
[0.210s] INFO:colcon.colcon_core.shell:Skip shell extension 'powershell' for command environment: Not usable outside of PowerShell
[0.210s] DEBUG:colcon.colcon_core.shell:Skip shell extension 'dsv' for command environment
[0.217s] DEBUG:colcon.colcon_core.event_handler.log_command:Invoking command in '/home/simpletime/ws01_plumbing/build/base_interfaces_demo': CMAKE_PREFIX_PATH=/opt/ros/humble /usr/bin/cmake --build /home/simpletime/ws01_plumbing/build/base_interfaces_demo -- -j4 -l4
[2.898s] DEBUG:colcon.colcon_core.event_handler.log_command:Invoked command in '/home/simpletime/ws01_plumbing/build/base_interfaces_demo' returned '0': CMAKE_PREFIX_PATH=/opt/ros/humble /usr/bin/cmake --build /home/simpletime/ws01_plumbing/build/base_interfaces_demo -- -j4 -l4
[2.965s] DEBUG:colcon.colcon_core.event_handler.log_command:Invoking command in '/home/simpletime/ws01_plumbing/build/base_interfaces_demo': CMAKE_PREFIX_PATH=/opt/ros/humble /usr/bin/cmake --install /home/simpletime/ws01_plumbing/build/base_interfaces_demo
[3.016s] Level 1:colcon.colcon_core.environment:create_environment_scripts_only(base_interfaces_demo)
[3.016s] DEBUG:colcon.colcon_core.event_handler.log_command:Invoked command in '/home/simpletime/ws01_plumbing/build/base_interfaces_demo' returned '0': CMAKE_PREFIX_PATH=/opt/ros/humble /usr/bin/cmake --install /home/simpletime/ws01_plumbing/build/base_interfaces_demo
[3.018s] Level 1:colcon.colcon_core.environment:checking '/home/simpletime/ws01_plumbing/install/base_interfaces_demo' for CMake module files
[3.019s] Level 1:colcon.colcon_core.environment:checking '/home/simpletime/ws01_plumbing/install/base_interfaces_demo' for CMake config files
[3.019s] Level 1:colcon.colcon_core.shell:create_environment_hook('base_interfaces_demo', 'cmake_prefix_path')
[3.020s] INFO:colcon.colcon_core.shell:Creating environment hook '/home/simpletime/ws01_plumbing/install/base_interfaces_demo/share/base_interfaces_demo/hook/cmake_prefix_path.ps1'
[3.020s] INFO:colcon.colcon_core.shell:Creating environment descriptor '/home/simpletime/ws01_plumbing/install/base_interfaces_demo/share/base_interfaces_demo/hook/cmake_prefix_path.dsv'
[3.020s] INFO:colcon.colcon_core.shell:Creating environment hook '/home/simpletime/ws01_plumbing/install/base_interfaces_demo/share/base_interfaces_demo/hook/cmake_prefix_path.sh'
[3.021s] Level 1:colcon.colcon_core.environment:checking '/home/simpletime/ws01_plumbing/install/base_interfaces_demo/lib'
[3.021s] Level 1:colcon.colcon_core.shell:create_environment_hook('base_interfaces_demo', 'ld_library_path_lib')
[3.021s] INFO:colcon.colcon_core.shell:Creating environment hook '/home/simpletime/ws01_plumbing/install/base_interfaces_demo/share/base_interfaces_demo/hook/ld_library_path_lib.ps1'
[3.022s] INFO:colcon.colcon_core.shell:Creating environment descriptor '/home/simpletime/ws01_plumbing/install/base_interfaces_demo/share/base_interfaces_demo/hook/ld_library_path_lib.dsv'
[3.022s] INFO:colcon.colcon_core.shell:Creating environment hook '/home/simpletime/ws01_plumbing/install/base_interfaces_demo/share/base_interfaces_demo/hook/ld_library_path_lib.sh'
[3.022s] Level 1:colcon.colcon_core.environment:checking '/home/simpletime/ws01_plumbing/install/base_interfaces_demo/bin'
[3.022s] Level 1:colcon.colcon_core.environment:checking '/home/simpletime/ws01_plumbing/install/base_interfaces_demo/lib/pkgconfig/base_interfaces_demo.pc'
[3.022s] Level 1:colcon.colcon_core.environment:checking '/home/simpletime/ws01_plumbing/install/base_interfaces_demo/lib/python3.10/site-packages'
[3.022s] Level 1:colcon.colcon_core.environment:checking '/home/simpletime/ws01_plumbing/install/base_interfaces_demo/bin'
[3.022s] INFO:colcon.colcon_core.shell:Creating package script '/home/simpletime/ws01_plumbing/install/base_interfaces_demo/share/base_interfaces_demo/package.ps1'
[3.023s] INFO:colcon.colcon_core.shell:Creating package descriptor '/home/simpletime/ws01_plumbing/install/base_interfaces_demo/share/base_interfaces_demo/package.dsv'
[3.023s] INFO:colcon.colcon_core.shell:Creating package script '/home/simpletime/ws01_plumbing/install/base_interfaces_demo/share/base_interfaces_demo/package.sh'
[3.024s] INFO:colcon.colcon_core.shell:Creating package script '/home/simpletime/ws01_plumbing/install/base_interfaces_demo/share/base_interfaces_demo/package.bash'
[3.024s] INFO:colcon.colcon_core.shell:Creating package script '/home/simpletime/ws01_plumbing/install/base_interfaces_demo/share/base_interfaces_demo/package.zsh'
[3.025s] Level 1:colcon.colcon_core.environment:create_file_with_runtime_dependencies(/home/simpletime/ws01_plumbing/install/base_interfaces_demo/share/colcon-core/packages/base_interfaces_demo)
[3.083s] Level 1:colcon.colcon_core.environment:create_environment_scripts_only(base_interfaces_demo)
[3.083s] Level 1:colcon.colcon_core.environment:checking '/home/simpletime/ws01_plumbing/install/base_interfaces_demo' for CMake module files
[3.084s] Level 1:colcon.colcon_core.environment:checking '/home/simpletime/ws01_plumbing/install/base_interfaces_demo' for CMake config files
[3.084s] Level 1:colcon.colcon_core.shell:create_environment_hook('base_interfaces_demo', 'cmake_prefix_path')
[3.085s] INFO:colcon.colcon_core.shell:Creating environment hook '/home/simpletime/ws01_plumbing/install/base_interfaces_demo/share/base_interfaces_demo/hook/cmake_prefix_path.ps1'
[3.085s] INFO:colcon.colcon_core.shell:Creating environment descriptor '/home/simpletime/ws01_plumbing/install/base_interfaces_demo/share/base_interfaces_demo/hook/cmake_prefix_path.dsv'
[3.085s] INFO:colcon.colcon_core.shell:Creating environment hook '/home/simpletime/ws01_plumbing/install/base_interfaces_demo/share/base_interfaces_demo/hook/cmake_prefix_path.sh'
[3.086s] Level 1:colcon.colcon_core.environment:checking '/home/simpletime/ws01_plumbing/install/base_interfaces_demo/lib'
[3.086s] Level 1:colcon.colcon_core.shell:create_environment_hook('base_interfaces_demo', 'ld_library_path_lib')
[3.086s] INFO:colcon.colcon_core.shell:Creating environment hook '/home/simpletime/ws01_plumbing/install/base_interfaces_demo/share/base_interfaces_demo/hook/ld_library_path_lib.ps1'
[3.086s] INFO:colcon.colcon_core.shell:Creating environment descriptor '/home/simpletime/ws01_plumbing/install/base_interfaces_demo/share/base_interfaces_demo/hook/ld_library_path_lib.dsv'
[3.086s] INFO:colcon.colcon_core.shell:Creating environment hook '/home/simpletime/ws01_plumbing/install/base_interfaces_demo/share/base_interfaces_demo/hook/ld_library_path_lib.sh'
[3.087s] Level 1:colcon.colcon_core.environment:checking '/home/simpletime/ws01_plumbing/install/base_interfaces_demo/bin'
[3.087s] Level 1:colcon.colcon_core.environment:checking '/home/simpletime/ws01_plumbing/install/base_interfaces_demo/lib/pkgconfig/base_interfaces_demo.pc'
[3.087s] Level 1:colcon.colcon_core.environment:checking '/home/simpletime/ws01_plumbing/install/base_interfaces_demo/lib/python3.10/site-packages'
[3.087s] Level 1:colcon.colcon_core.environment:checking '/home/simpletime/ws01_plumbing/install/base_interfaces_demo/bin'
[3.087s] INFO:colcon.colcon_core.shell:Creating package script '/home/simpletime/ws01_plumbing/install/base_interfaces_demo/share/base_interfaces_demo/package.ps1'
[3.088s] INFO:colcon.colcon_core.shell:Creating package descriptor '/home/simpletime/ws01_plumbing/install/base_interfaces_demo/share/base_interfaces_demo/package.dsv'
[3.088s] INFO:colcon.colcon_core.shell:Creating package script '/home/simpletime/ws01_plumbing/install/base_interfaces_demo/share/base_interfaces_demo/package.sh'
[3.088s] INFO:colcon.colcon_core.shell:Creating package script '/home/simpletime/ws01_plumbing/install/base_interfaces_demo/share/base_interfaces_demo/package.bash'
[3.089s] INFO:colcon.colcon_core.shell:Creating package script '/home/simpletime/ws01_plumbing/install/base_interfaces_demo/share/base_interfaces_demo/package.zsh'
[3.089s] Level 1:colcon.colcon_core.environment:create_file_with_runtime_dependencies(/home/simpletime/ws01_plumbing/install/base_interfaces_demo/share/colcon-core/packages/base_interfaces_demo)
[3.089s] INFO:colcon.colcon_ros.task.ament_cmake.build:Building ROS package in '/home/simpletime/ws01_plumbing/src/cpp01_topic' with build type 'ament_cmake'
[3.089s] INFO:colcon.colcon_cmake.task.cmake.build:Building CMake package in '/home/simpletime/ws01_plumbing/src/cpp01_topic'
[3.090s] INFO:colcon.colcon_core.shell:Skip shell extension 'powershell' for command environment: Not usable outside of PowerShell
[3.090s] DEBUG:colcon.colcon_core.shell:Skip shell extension 'dsv' for command environment
[3.092s] INFO:colcon.colcon_ros.task.ament_python.build:Building ROS package in '/home/simpletime/ws01_plumbing/src/py01_topic' with build type 'ament_python'
[3.092s] Level 1:colcon.colcon_core.shell:create_environment_hook('py01_topic', 'ament_prefix_path')
[3.093s] INFO:colcon.colcon_core.shell:Creating environment hook '/home/simpletime/ws01_plumbing/install/py01_topic/share/py01_topic/hook/ament_prefix_path.ps1'
[3.093s] INFO:colcon.colcon_core.shell:Creating environment descriptor '/home/simpletime/ws01_plumbing/install/py01_topic/share/py01_topic/hook/ament_prefix_path.dsv'
[3.093s] INFO:colcon.colcon_core.shell:Creating environment hook '/home/simpletime/ws01_plumbing/install/py01_topic/share/py01_topic/hook/ament_prefix_path.sh'
[3.094s] INFO:colcon.colcon_core.shell:Skip shell extension 'powershell' for command environment: Not usable outside of PowerShell
[3.094s] DEBUG:colcon.colcon_core.shell:Skip shell extension 'dsv' for command environment
[3.101s] DEBUG:colcon.colcon_core.event_handler.log_command:Invoking command in '/home/simpletime/ws01_plumbing/build/cpp01_topic': AMENT_PREFIX_PATH=/home/simpletime/ws01_plumbing/install/base_interfaces_demo:${AMENT_PREFIX_PATH} CMAKE_PREFIX_PATH=/home/simpletime/ws01_plumbing/install/base_interfaces_demo:/opt/ros/humble LD_LIBRARY_PATH=/home/simpletime/ws01_plumbing/install/base_interfaces_demo/lib:${LD_LIBRARY_PATH} PYTHONPATH=/home/simpletime/ws01_plumbing/install/base_interfaces_demo/local/lib/python3.10/dist-packages:${PYTHONPATH} /usr/bin/cmake --build /home/simpletime/ws01_plumbing/build/cpp01_topic -- -j4 -l4
[3.242s] INFO:colcon.colcon_core.task.python.build:Building Python package in '/home/simpletime/ws01_plumbing/src/py01_topic'
[3.242s] INFO:colcon.colcon_core.shell:Skip shell extension 'powershell' for command environment: Not usable outside of PowerShell
[3.242s] DEBUG:colcon.colcon_core.shell:Skip shell extension 'dsv' for command environment
[3.467s] DEBUG:colcon.colcon_core.event_handler.log_command:Invoking command in '/home/simpletime/ws01_plumbing/src/py01_topic': AMENT_PREFIX_PATH=/home/simpletime/ws01_plumbing/install/base_interfaces_demo:${AMENT_PREFIX_PATH} CMAKE_PREFIX_PATH=/home/simpletime/ws01_plumbing/install/base_interfaces_demo LD_LIBRARY_PATH=/home/simpletime/ws01_plumbing/install/base_interfaces_demo/lib:${LD_LIBRARY_PATH} PYTHONPATH=/home/simpletime/ws01_plumbing/build/py01_topic/prefix_override:/usr/lib/python3/dist-packages/colcon_core/task/python/colcon_distutils_commands:/home/simpletime/ws01_plumbing/install/py01_topic/lib/python3.10/site-packages:/home/simpletime/ws01_plumbing/install/base_interfaces_demo/local/lib/python3.10/dist-packages:${PYTHONPATH} /usr/bin/python3 -W ignore:setup.py install is deprecated setup.py egg_info --egg-base ../../build/py01_topic build --build-base /home/simpletime/ws01_plumbing/build/py01_topic/build install --record /home/simpletime/ws01_plumbing/build/py01_topic/install.log --single-version-externally-managed install_data
[3.639s] Level 1:colcon.colcon_core.environment:checking '/home/simpletime/ws01_plumbing/install/py01_topic' for CMake module files
[3.639s] DEBUG:colcon.colcon_core.event_handler.log_command:Invoked command in '/home/simpletime/ws01_plumbing/src/py01_topic' returned '0': AMENT_PREFIX_PATH=/home/simpletime/ws01_plumbing/install/base_interfaces_demo:${AMENT_PREFIX_PATH} CMAKE_PREFIX_PATH=/home/simpletime/ws01_plumbing/install/base_interfaces_demo LD_LIBRARY_PATH=/home/simpletime/ws01_plumbing/install/base_interfaces_demo/lib:${LD_LIBRARY_PATH} PYTHONPATH=/home/simpletime/ws01_plumbing/build/py01_topic/prefix_override:/usr/lib/python3/dist-packages/colcon_core/task/python/colcon_distutils_commands:/home/simpletime/ws01_plumbing/install/py01_topic/lib/python3.10/site-packages:/home/simpletime/ws01_plumbing/install/base_interfaces_demo/local/lib/python3.10/dist-packages:${PYTHONPATH} /usr/bin/python3 -W ignore:setup.py install is deprecated setup.py egg_info --egg-base ../../build/py01_topic build --build-base /home/simpletime/ws01_plumbing/build/py01_topic/build install --record /home/simpletime/ws01_plumbing/build/py01_topic/install.log --single-version-externally-managed install_data
[3.640s] Level 1:colcon.colcon_core.environment:checking '/home/simpletime/ws01_plumbing/install/py01_topic' for CMake config files
[3.640s] Level 1:colcon.colcon_core.shell:create_environment_hook('py01_topic', 'cmake_prefix_path')
[3.640s] INFO:colcon.colcon_core.shell:Creating environment hook '/home/simpletime/ws01_plumbing/install/py01_topic/share/py01_topic/hook/cmake_prefix_path.ps1'
[3.641s] INFO:colcon.colcon_core.shell:Creating environment descriptor '/home/simpletime/ws01_plumbing/install/py01_topic/share/py01_topic/hook/cmake_prefix_path.dsv'
[3.641s] INFO:colcon.colcon_core.shell:Creating environment hook '/home/simpletime/ws01_plumbing/install/py01_topic/share/py01_topic/hook/cmake_prefix_path.sh'
[3.643s] Level 1:colcon.colcon_core.environment:checking '/home/simpletime/ws01_plumbing/install/py01_topic/lib'
[3.643s] Level 1:colcon.colcon_core.environment:checking '/home/simpletime/ws01_plumbing/install/py01_topic/bin'
[3.643s] Level 1:colcon.colcon_core.environment:checking '/home/simpletime/ws01_plumbing/install/py01_topic/lib/pkgconfig/py01_topic.pc'
[3.644s] Level 1:colcon.colcon_core.environment:checking '/home/simpletime/ws01_plumbing/install/py01_topic/lib/python3.10/site-packages'
[3.644s] Level 1:colcon.colcon_core.shell:create_environment_hook('py01_topic', 'pythonpath')
[3.644s] INFO:colcon.colcon_core.shell:Creating environment hook '/home/simpletime/ws01_plumbing/install/py01_topic/share/py01_topic/hook/pythonpath.ps1'
[3.644s] INFO:colcon.colcon_core.shell:Creating environment descriptor '/home/simpletime/ws01_plumbing/install/py01_topic/share/py01_topic/hook/pythonpath.dsv'
[3.644s] INFO:colcon.colcon_core.shell:Creating environment hook '/home/simpletime/ws01_plumbing/install/py01_topic/share/py01_topic/hook/pythonpath.sh'
[3.645s] Level 1:colcon.colcon_core.environment:checking '/home/simpletime/ws01_plumbing/install/py01_topic/bin'
[3.645s] Level 1:colcon.colcon_core.environment:create_environment_scripts_only(py01_topic)
[3.645s] INFO:colcon.colcon_core.shell:Creating package script '/home/simpletime/ws01_plumbing/install/py01_topic/share/py01_topic/package.ps1'
[3.646s] INFO:colcon.colcon_core.shell:Creating package descriptor '/home/simpletime/ws01_plumbing/install/py01_topic/share/py01_topic/package.dsv'
[3.646s] INFO:colcon.colcon_core.shell:Creating package script '/home/simpletime/ws01_plumbing/install/py01_topic/share/py01_topic/package.sh'
[3.646s] INFO:colcon.colcon_core.shell:Creating package script '/home/simpletime/ws01_plumbing/install/py01_topic/share/py01_topic/package.bash'
[3.647s] INFO:colcon.colcon_core.shell:Creating package script '/home/simpletime/ws01_plumbing/install/py01_topic/share/py01_topic/package.zsh'
[3.647s] Level 1:colcon.colcon_core.environment:create_file_with_runtime_dependencies(/home/simpletime/ws01_plumbing/install/py01_topic/share/colcon-core/packages/py01_topic)
[9.430s] DEBUG:colcon.colcon_core.event_handler.log_command:Invoked command in '/home/simpletime/ws01_plumbing/build/cpp01_topic' returned '0': AMENT_PREFIX_PATH=/home/simpletime/ws01_plumbing/install/base_interfaces_demo:${AMENT_PREFIX_PATH} CMAKE_PREFIX_PATH=/home/simpletime/ws01_plumbing/install/base_interfaces_demo:/opt/ros/humble LD_LIBRARY_PATH=/home/simpletime/ws01_plumbing/install/base_interfaces_demo/lib:${LD_LIBRARY_PATH} PYTHONPATH=/home/simpletime/ws01_plumbing/install/base_interfaces_demo/local/lib/python3.10/dist-packages:${PYTHONPATH} /usr/bin/cmake --build /home/simpletime/ws01_plumbing/build/cpp01_topic -- -j4 -l4
[9.457s] DEBUG:colcon.colcon_core.event_handler.log_command:Invoking command in '/home/simpletime/ws01_plumbing/build/cpp01_topic': AMENT_PREFIX_PATH=/home/simpletime/ws01_plumbing/install/base_interfaces_demo:${AMENT_PREFIX_PATH} CMAKE_PREFIX_PATH=/home/simpletime/ws01_plumbing/install/base_interfaces_demo:/opt/ros/humble LD_LIBRARY_PATH=/home/simpletime/ws01_plumbing/install/base_interfaces_demo/lib:${LD_LIBRARY_PATH} PYTHONPATH=/home/simpletime/ws01_plumbing/install/base_interfaces_demo/local/lib/python3.10/dist-packages:${PYTHONPATH} /usr/bin/cmake --install /home/simpletime/ws01_plumbing/build/cpp01_topic
[9.478s] Level 1:colcon.colcon_core.environment:create_environment_scripts_only(cpp01_topic)
[9.478s] DEBUG:colcon.colcon_core.event_handler.log_command:Invoked command in '/home/simpletime/ws01_plumbing/build/cpp01_topic' returned '0': AMENT_PREFIX_PATH=/home/simpletime/ws01_plumbing/install/base_interfaces_demo:${AMENT_PREFIX_PATH} CMAKE_PREFIX_PATH=/home/simpletime/ws01_plumbing/install/base_interfaces_demo:/opt/ros/humble LD_LIBRARY_PATH=/home/simpletime/ws01_plumbing/install/base_interfaces_demo/lib:${LD_LIBRARY_PATH} PYTHONPATH=/home/simpletime/ws01_plumbing/install/base_interfaces_demo/local/lib/python3.10/dist-packages:${PYTHONPATH} /usr/bin/cmake --install /home/simpletime/ws01_plumbing/build/cpp01_topic
[9.479s] Level 1:colcon.colcon_core.environment:checking '/home/simpletime/ws01_plumbing/install/cpp01_topic' for CMake module files
[9.479s] Level 1:colcon.colcon_core.environment:checking '/home/simpletime/ws01_plumbing/install/cpp01_topic' for CMake config files
[9.480s] Level 1:colcon.colcon_core.shell:create_environment_hook('cpp01_topic', 'cmake_prefix_path')
[9.480s] INFO:colcon.colcon_core.shell:Creating environment hook '/home/simpletime/ws01_plumbing/install/cpp01_topic/share/cpp01_topic/hook/cmake_prefix_path.ps1'
[9.481s] INFO:colcon.colcon_core.shell:Creating environment descriptor '/home/simpletime/ws01_plumbing/install/cpp01_topic/share/cpp01_topic/hook/cmake_prefix_path.dsv'
[9.482s] INFO:colcon.colcon_core.shell:Creating environment hook '/home/simpletime/ws01_plumbing/install/cpp01_topic/share/cpp01_topic/hook/cmake_prefix_path.sh'
[9.482s] Level 1:colcon.colcon_core.environment:checking '/home/simpletime/ws01_plumbing/install/cpp01_topic/lib'
[9.482s] Level 1:colcon.colcon_core.environment:checking '/home/simpletime/ws01_plumbing/install/cpp01_topic/bin'
[9.482s] Level 1:colcon.colcon_core.environment:checking '/home/simpletime/ws01_plumbing/install/cpp01_topic/lib/pkgconfig/cpp01_topic.pc'
[9.482s] Level 1:colcon.colcon_core.environment:checking '/home/simpletime/ws01_plumbing/install/cpp01_topic/lib/python3.10/site-packages'
[9.483s] Level 1:colcon.colcon_core.environment:checking '/home/simpletime/ws01_plumbing/install/cpp01_topic/bin'
[9.483s] INFO:colcon.colcon_core.shell:Creating package script '/home/simpletime/ws01_plumbing/install/cpp01_topic/share/cpp01_topic/package.ps1'
[9.483s] INFO:colcon.colcon_core.shell:Creating package descriptor '/home/simpletime/ws01_plumbing/install/cpp01_topic/share/cpp01_topic/package.dsv'
[9.484s] INFO:colcon.colcon_core.shell:Creating package script '/home/simpletime/ws01_plumbing/install/cpp01_topic/share/cpp01_topic/package.sh'
[9.484s] INFO:colcon.colcon_core.shell:Creating package script '/home/simpletime/ws01_plumbing/install/cpp01_topic/share/cpp01_topic/package.bash'
[9.485s] INFO:colcon.colcon_core.shell:Creating package script '/home/simpletime/ws01_plumbing/install/cpp01_topic/share/cpp01_topic/package.zsh'
[9.485s] Level 1:colcon.colcon_core.environment:create_file_with_runtime_dependencies(/home/simpletime/ws01_plumbing/install/cpp01_topic/share/colcon-core/packages/cpp01_topic)
[9.510s] Level 1:colcon.colcon_core.environment:create_environment_scripts_only(cpp01_topic)
[9.510s] Level 1:colcon.colcon_core.environment:checking '/home/simpletime/ws01_plumbing/install/cpp01_topic' for CMake module files
[9.511s] Level 1:colcon.colcon_core.environment:checking '/home/simpletime/ws01_plumbing/install/cpp01_topic' for CMake config files
[9.511s] Level 1:colcon.colcon_core.shell:create_environment_hook('cpp01_topic', 'cmake_prefix_path')
[9.511s] INFO:colcon.colcon_core.shell:Creating environment hook '/home/simpletime/ws01_plumbing/install/cpp01_topic/share/cpp01_topic/hook/cmake_prefix_path.ps1'
[9.512s] INFO:colcon.colcon_core.shell:Creating environment descriptor '/home/simpletime/ws01_plumbing/install/cpp01_topic/share/cpp01_topic/hook/cmake_prefix_path.dsv'
[9.512s] INFO:colcon.colcon_core.shell:Creating environment hook '/home/simpletime/ws01_plumbing/install/cpp01_topic/share/cpp01_topic/hook/cmake_prefix_path.sh'
[9.513s] Level 1:colcon.colcon_core.environment:checking '/home/simpletime/ws01_plumbing/install/cpp01_topic/lib'
[9.513s] Level 1:colcon.colcon_core.environment:checking '/home/simpletime/ws01_plumbing/install/cpp01_topic/bin'
[9.513s] Level 1:colcon.colcon_core.environment:checking '/home/simpletime/ws01_plumbing/install/cpp01_topic/lib/pkgconfig/cpp01_topic.pc'
[9.513s] Level 1:colcon.colcon_core.environment:checking '/home/simpletime/ws01_plumbing/install/cpp01_topic/lib/python3.10/site-packages'
[9.513s] Level 1:colcon.colcon_core.environment:checking '/home/simpletime/ws01_plumbing/install/cpp01_topic/bin'
[9.513s] INFO:colcon.colcon_core.shell:Creating package script '/home/simpletime/ws01_plumbing/install/cpp01_topic/share/cpp01_topic/package.ps1'
[9.514s] INFO:colcon.colcon_core.shell:Creating package descriptor '/home/simpletime/ws01_plumbing/install/cpp01_topic/share/cpp01_topic/package.dsv'
[9.514s] INFO:colcon.colcon_core.shell:Creating package script '/home/simpletime/ws01_plumbing/install/cpp01_topic/share/cpp01_topic/package.sh'
[9.515s] INFO:colcon.colcon_core.shell:Creating package script '/home/simpletime/ws01_plumbing/install/cpp01_topic/share/cpp01_topic/package.bash'
[9.515s] INFO:colcon.colcon_core.shell:Creating package script '/home/simpletime/ws01_plumbing/install/cpp01_topic/share/cpp01_topic/package.zsh'
[9.516s] Level 1:colcon.colcon_core.environment:create_file_with_runtime_dependencies(/home/simpletime/ws01_plumbing/install/cpp01_topic/share/colcon-core/packages/cpp01_topic)
[9.516s] DEBUG:colcon.colcon_parallel_executor.executor.parallel:closing loop
[9.516s] DEBUG:colcon.colcon_parallel_executor.executor.parallel:loop closed
[9.516s] DEBUG:colcon.colcon_parallel_executor.executor.parallel:run_until_complete finished with '0'
[9.516s] DEBUG:colcon.colcon_core.event_reactor:joining thread
[9.524s] INFO:colcon.colcon_core.plugin_system:Skipping extension 'colcon_notification.desktop_notification.terminal_notifier': Not used on non-Darwin systems
[9.524s] INFO:colcon.colcon_core.plugin_system:Skipping extension 'colcon_notification.desktop_notification.win32': Not used on non-Windows systems
[9.524s] INFO:colcon.colcon_notification.desktop_notification:Sending desktop notification using 'notify2'
[9.536s] DEBUG:colcon.colcon_core.event_reactor:joined thread
[9.536s] INFO:colcon.colcon_core.shell:Creating prefix script '/home/simpletime/ws01_plumbing/install/local_setup.ps1'
[9.537s] INFO:colcon.colcon_core.shell:Creating prefix util module '/home/simpletime/ws01_plumbing/install/_local_setup_util_ps1.py'
[9.538s] INFO:colcon.colcon_core.shell:Creating prefix chain script '/home/simpletime/ws01_plumbing/install/setup.ps1'
[9.539s] INFO:colcon.colcon_core.shell:Creating prefix script '/home/simpletime/ws01_plumbing/install/local_setup.sh'
[9.540s] INFO:colcon.colcon_core.shell:Creating prefix util module '/home/simpletime/ws01_plumbing/install/_local_setup_util_sh.py'
[9.540s] INFO:colcon.colcon_core.shell:Creating prefix chain script '/home/simpletime/ws01_plumbing/install/setup.sh'
[9.541s] INFO:colcon.colcon_core.shell:Creating prefix script '/home/simpletime/ws01_plumbing/install/local_setup.bash'
[9.542s] INFO:colcon.colcon_core.shell:Creating prefix chain script '/home/simpletime/ws01_plumbing/install/setup.bash'
[9.542s] INFO:colcon.colcon_core.shell:Creating prefix script '/home/simpletime/ws01_plumbing/install/local_setup.zsh'
[9.543s] INFO:colcon.colcon_core.shell:Creating prefix chain script '/home/simpletime/ws01_plumbing/install/setup.zsh'
