[0.021s] Invoking command in '/home/simpletime/Project/ws02_tools/build/cpp01_tf_broadcaster': CMAKE_PREFIX_PATH=${CMAKE_PREFIX_PATH}:/opt/ros/humble /usr/bin/cmake --build /home/simpletime/Project/ws02_tools/build/cpp01_tf_broadcaster -- -j32 -l32
[0.074s] [ 16%] Built target demo03_tf_listener
[0.075s] [ 58%] Built target demo00_run1
[0.075s] [ 58%] Built target demo01_static_tf_broadcaster
[0.075s] [ 58%] [32mBuilding CXX object CMakeFiles/demo00_run.dir/src/demo00_run.cpp.o[0m
[0.075s] [ 75%] Built target demo02_dynamic_tf_broadcaster
[0.083s] [ 91%] Built target demo04_pcl_reader
[3.935s] [100%] [32m[1mLinking CXX executable demo00_run[0m
[4.180s] [100%] Built target demo00_run
[4.193s] Invoked command in '/home/simpletime/Project/ws02_tools/build/cpp01_tf_broadcaster' returned '0': CMAKE_PREFIX_PATH=${CMAKE_PREFIX_PATH}:/opt/ros/humble /usr/bin/cmake --build /home/simpletime/Project/ws02_tools/build/cpp01_tf_broadcaster -- -j32 -l32
[4.235s] Invoking command in '/home/simpletime/Project/ws02_tools/build/cpp01_tf_broadcaster': CMAKE_PREFIX_PATH=${CMAKE_PREFIX_PATH}:/opt/ros/humble /usr/bin/cmake --install /home/simpletime/Project/ws02_tools/build/cpp01_tf_broadcaster
[4.241s] -- Install configuration: ""
[4.241s] -- Up-to-date: /home/simpletime/Project/ws02_tools/install/cpp01_tf_broadcaster/lib/cpp01_tf_broadcaster/demo01_static_tf_broadcaster
[4.241s] -- Up-to-date: /home/simpletime/Project/ws02_tools/install/cpp01_tf_broadcaster/lib/cpp01_tf_broadcaster/demo03_tf_listener
[4.242s] -- Installing: /home/simpletime/Project/ws02_tools/install/cpp01_tf_broadcaster/lib/cpp01_tf_broadcaster/demo00_run
[4.243s] -- Set runtime path of "/home/simpletime/Project/ws02_tools/install/cpp01_tf_broadcaster/lib/cpp01_tf_broadcaster/demo00_run" to ""
[4.243s] -- Up-to-date: /home/simpletime/Project/ws02_tools/install/cpp01_tf_broadcaster/lib/cpp01_tf_broadcaster/demo02_dynamic_tf_broadcaster
[4.244s] -- Up-to-date: /home/simpletime/Project/ws02_tools/install/cpp01_tf_broadcaster/lib/cpp01_tf_broadcaster/demo00_run1
[4.244s] -- Up-to-date: /home/simpletime/Project/ws02_tools/install/cpp01_tf_broadcaster/lib/cpp01_tf_broadcaster/demo04_pcl_reader
[4.244s] -- Up-to-date: /home/simpletime/Project/ws02_tools/install/cpp01_tf_broadcaster/lib/cpp01_tf_broadcaster/demo04_pcl_reader
[4.245s] -- Up-to-date: /home/simpletime/Project/ws02_tools/install/cpp01_tf_broadcaster/share/ament_index/resource_index/package_run_dependencies/cpp01_tf_broadcaster
[4.245s] -- Up-to-date: /home/simpletime/Project/ws02_tools/install/cpp01_tf_broadcaster/share/ament_index/resource_index/parent_prefix_path/cpp01_tf_broadcaster
[4.245s] -- Up-to-date: /home/simpletime/Project/ws02_tools/install/cpp01_tf_broadcaster/share/cpp01_tf_broadcaster/environment/ament_prefix_path.sh
[4.245s] -- Up-to-date: /home/simpletime/Project/ws02_tools/install/cpp01_tf_broadcaster/share/cpp01_tf_broadcaster/environment/ament_prefix_path.dsv
[4.245s] -- Up-to-date: /home/simpletime/Project/ws02_tools/install/cpp01_tf_broadcaster/share/cpp01_tf_broadcaster/environment/path.sh
[4.246s] -- Up-to-date: /home/simpletime/Project/ws02_tools/install/cpp01_tf_broadcaster/share/cpp01_tf_broadcaster/environment/path.dsv
[4.246s] -- Up-to-date: /home/simpletime/Project/ws02_tools/install/cpp01_tf_broadcaster/share/cpp01_tf_broadcaster/local_setup.bash
[4.246s] -- Up-to-date: /home/simpletime/Project/ws02_tools/install/cpp01_tf_broadcaster/share/cpp01_tf_broadcaster/local_setup.sh
[4.246s] -- Up-to-date: /home/simpletime/Project/ws02_tools/install/cpp01_tf_broadcaster/share/cpp01_tf_broadcaster/local_setup.zsh
[4.246s] -- Up-to-date: /home/simpletime/Project/ws02_tools/install/cpp01_tf_broadcaster/share/cpp01_tf_broadcaster/local_setup.dsv
[4.246s] -- Installing: /home/simpletime/Project/ws02_tools/install/cpp01_tf_broadcaster/share/cpp01_tf_broadcaster/package.dsv
[4.246s] -- Up-to-date: /home/simpletime/Project/ws02_tools/install/cpp01_tf_broadcaster/share/ament_index/resource_index/packages/cpp01_tf_broadcaster
[4.246s] -- Up-to-date: /home/simpletime/Project/ws02_tools/install/cpp01_tf_broadcaster/share/cpp01_tf_broadcaster/cmake/cpp01_tf_broadcasterConfig.cmake
[4.246s] -- Up-to-date: /home/simpletime/Project/ws02_tools/install/cpp01_tf_broadcaster/share/cpp01_tf_broadcaster/cmake/cpp01_tf_broadcasterConfig-version.cmake
[4.246s] -- Up-to-date: /home/simpletime/Project/ws02_tools/install/cpp01_tf_broadcaster/share/cpp01_tf_broadcaster/package.xml
[4.249s] Invoked command in '/home/simpletime/Project/ws02_tools/build/cpp01_tf_broadcaster' returned '0': CMAKE_PREFIX_PATH=${CMAKE_PREFIX_PATH}:/opt/ros/humble /usr/bin/cmake --install /home/simpletime/Project/ws02_tools/build/cpp01_tf_broadcaster
