[35m[1mConsolidate compiler generated dependencies of target listener[0m
[ 25%] [32mBuilding CXX object CMakeFiles/listener.dir/src/listener.cpp.o[0m
[ 75%] Built target talker
[100%] [32m[1mLinking CXX executable listener[0m
[100%] Built target listener
-- Install configuration: ""
-- Up-to-date: /home/simpletime/exam/install/cpp_topic/lib/cpp_topic/talker
-- Installing: /home/simpletime/exam/install/cpp_topic/lib/cpp_topic/listener
-- Set runtime path of "/home/simpletime/exam/install/cpp_topic/lib/cpp_topic/listener" to ""
-- Up-to-date: /home/simpletime/exam/install/cpp_topic/share/ament_index/resource_index/package_run_dependencies/cpp_topic
-- Up-to-date: /home/simpletime/exam/install/cpp_topic/share/ament_index/resource_index/parent_prefix_path/cpp_topic
-- Up-to-date: /home/simpletime/exam/install/cpp_topic/share/cpp_topic/environment/ament_prefix_path.sh
-- Installing: /home/simpletime/exam/install/cpp_topic/share/cpp_topic/environment/ament_prefix_path.dsv
-- Up-to-date: /home/simpletime/exam/install/cpp_topic/share/cpp_topic/environment/path.sh
-- Installing: /home/simpletime/exam/install/cpp_topic/share/cpp_topic/environment/path.dsv
-- Up-to-date: /home/simpletime/exam/install/cpp_topic/share/cpp_topic/local_setup.bash
-- Up-to-date: /home/simpletime/exam/install/cpp_topic/share/cpp_topic/local_setup.sh
-- Up-to-date: /home/simpletime/exam/install/cpp_topic/share/cpp_topic/local_setup.zsh
-- Installing: /home/simpletime/exam/install/cpp_topic/share/cpp_topic/local_setup.dsv
-- Up-to-date: /home/simpletime/exam/install/cpp_topic/share/cpp_topic/package.dsv
-- Up-to-date: /home/simpletime/exam/install/cpp_topic/share/ament_index/resource_index/packages/cpp_topic
-- Up-to-date: /home/simpletime/exam/install/cpp_topic/share/cpp_topic/cmake/cpp_topicConfig.cmake
-- Up-to-date: /home/simpletime/exam/install/cpp_topic/share/cpp_topic/cmake/cpp_topicConfig-version.cmake
-- Up-to-date: /home/simpletime/exam/install/cpp_topic/share/cpp_topic/package.xml
