-- The C compiler identification is GNU 11.4.0
-- The CXX compiler identification is GNU 11.4.0
-- Detecting C compiler ABI info
-- Detecting C compiler ABI info - done
-- Check for working C compiler: /usr/bin/cc - skipped
-- Detecting C compile features
-- Detecting C compile features - done
-- Detecting CXX compiler ABI info
-- Detecting CXX compiler ABI info - done
-- Check for working CXX compiler: /usr/bin/c++ - skipped
-- Detecting CXX compile features
-- Detecting CXX compile features - done
-- Found ament_cmake: 1.3.10 (/opt/ros/humble/share/ament_cmake/cmake)
-- Found Python3: /usr/bin/python3 (found version "3.10.12") found components: Interpreter 
-- Found rclcpp: 16.0.10 (/opt/ros/humble/share/rclcpp/cmake)
-- Found rosidl_generator_c: 3.1.5 (/opt/ros/humble/share/rosidl_generator_c/cmake)
-- Found rosidl_adapter: 3.1.5 (/opt/ros/humble/share/rosidl_adapter/cmake)
-- Found rosidl_generator_cpp: 3.1.5 (/opt/ros/humble/share/rosidl_generator_cpp/cmake)
-- Using all available rosidl_typesupport_c: rosidl_typesupport_fastrtps_c;rosidl_typesupport_introspection_c
-- Using all available rosidl_typesupport_cpp: rosidl_typesupport_fastrtps_cpp;rosidl_typesupport_introspection_cpp
-- Found rmw_implementation_cmake: 6.1.2 (/opt/ros/humble/share/rmw_implementation_cmake/cmake)
-- Found rmw_fastrtps_cpp: 6.2.7 (/opt/ros/humble/share/rmw_fastrtps_cpp/cmake)
-- Found OpenSSL: /usr/lib/x86_64-linux-gnu/libcrypto.so (found version "3.0.2")  
-- Found FastRTPS: /opt/ros/humble/include  
-- Using RMW implementation 'rmw_fastrtps_cpp' as default
-- Looking for pthread.h
-- Looking for pthread.h - found
-- Performing Test CMAKE_HAVE_LIBC_PTHREAD
-- Performing Test CMAKE_HAVE_LIBC_PTHREAD - Success
-- Found Threads: TRUE  
-- Found base_interfaces: 0.0.0 (/home/simpletime/project01_book/install/base_interfaces/share/base_interfaces/cmake)
-- Found ament_lint_auto: 0.12.11 (/opt/ros/humble/share/ament_lint_auto/cmake)
-- Added test 'cppcheck' to perform static code analysis on C / C++ code
-- Configured cppcheck include dirs: $<BUILD_INTERFACE:/home/simpletime/project01_book/src/company/include>
-- Configured cppcheck exclude dirs and/or files: 
-- Added test 'lint_cmake' to check CMake code style
-- Added test 'uncrustify' to check C / C++ code style
-- Configured uncrustify additional arguments: 
-- Added test 'xmllint' to check XML markup files
-- Configuring done
-- Generating done
-- Build files have been written to: /home/simpletime/project01_book/build/company
[ 50%] [32mBuilding CXX object CMakeFiles/company_a.dir/src/company_a.cpp.o[0m
[100%] [32m[1mLinking CXX executable company_a[0m
[100%] Built target company_a
-- Install configuration: ""
-- Installing: /home/simpletime/project01_book/install/company/lib/company/company_a
-- Set runtime path of "/home/simpletime/project01_book/install/company/lib/company/company_a" to ""
-- Installing: /home/simpletime/project01_book/install/company/share/ament_index/resource_index/package_run_dependencies/company
-- Installing: /home/simpletime/project01_book/install/company/share/ament_index/resource_index/parent_prefix_path/company
-- Installing: /home/simpletime/project01_book/install/company/share/company/environment/ament_prefix_path.sh
-- Installing: /home/simpletime/project01_book/install/company/share/company/environment/ament_prefix_path.dsv
-- Installing: /home/simpletime/project01_book/install/company/share/company/environment/path.sh
-- Installing: /home/simpletime/project01_book/install/company/share/company/environment/path.dsv
-- Installing: /home/simpletime/project01_book/install/company/share/company/local_setup.bash
-- Installing: /home/simpletime/project01_book/install/company/share/company/local_setup.sh
-- Installing: /home/simpletime/project01_book/install/company/share/company/local_setup.zsh
-- Installing: /home/simpletime/project01_book/install/company/share/company/local_setup.dsv
-- Installing: /home/simpletime/project01_book/install/company/share/company/package.dsv
-- Installing: /home/simpletime/project01_book/install/company/share/ament_index/resource_index/packages/company
-- Installing: /home/simpletime/project01_book/install/company/share/company/cmake/companyConfig.cmake
-- Installing: /home/simpletime/project01_book/install/company/share/company/cmake/companyConfig-version.cmake
-- Installing: /home/simpletime/project01_book/install/company/share/company/package.xml
