[0.010s] Invoking command in '/home/simpletime/Project/ws02_tools/build/cpp01_tf_broadcaster': CMAKE_PREFIX_PATH=${CMAKE_PREFIX_PATH}:/opt/ros/humble /usr/bin/cmake --build /home/simpletime/Project/ws02_tools/build/cpp01_tf_broadcaster -- -j32 -l32
[0.038s] [35m[1mConsolidate compiler generated dependencies of target demo03_tf_listener[0m
[0.044s] [ 20%] Built target demo01_static_tf_broadcaster
[0.045s] [ 40%] Built target demo00_run1
[0.045s] [ 70%] Built target demo02_dynamic_tf_broadcaster
[0.045s] [ 80%] Built target demo00_run
[0.051s] [ 90%] [32mBuilding CXX object CMakeFiles/demo03_tf_listener.dir/src/demo03_tf_listener.cpp.o[0m
[1.710s] [01m[K/home/simpletime/Project/ws02_tools/src/cpp01_tf_broadcaster/src/demo03_tf_listener.cpp:[m[K In member function ‘[01m[Kvoid TFListener::getTransform()[m[K’:
[1.711s] [01m[K/home/simpletime/Project/ws02_tools/src/cpp01_tf_broadcaster/src/demo03_tf_listener.cpp:26:14:[m[K [01;35m[Kwarning: [m[Kvariable ‘[01m[Krotation[m[K’ set but not used [[01;35m[K]8;;https://gcc.gnu.org/onlinedocs/gcc/Warning-Options.html#index-Wunused-but-set-variable-Wunused-but-set-variable]8;;[m[K]
[1.711s]    26 |         auto [01;35m[Krotation[m[K = tranform.transform.rotation;
[1.711s]       |              [01;35m[K^~~~~~~~[m[K
[5.858s] [100%] [32m[1mLinking CXX executable demo03_tf_listener[0m
[6.155s] [100%] Built target demo03_tf_listener
[6.165s] Invoked command in '/home/simpletime/Project/ws02_tools/build/cpp01_tf_broadcaster' returned '0': CMAKE_PREFIX_PATH=${CMAKE_PREFIX_PATH}:/opt/ros/humble /usr/bin/cmake --build /home/simpletime/Project/ws02_tools/build/cpp01_tf_broadcaster -- -j32 -l32
[6.198s] Invoking command in '/home/simpletime/Project/ws02_tools/build/cpp01_tf_broadcaster': CMAKE_PREFIX_PATH=${CMAKE_PREFIX_PATH}:/opt/ros/humble /usr/bin/cmake --install /home/simpletime/Project/ws02_tools/build/cpp01_tf_broadcaster
[6.203s] -- Install configuration: ""
[6.204s] -- Up-to-date: /home/simpletime/Project/ws02_tools/install/cpp01_tf_broadcaster/lib/cpp01_tf_broadcaster/demo01_static_tf_broadcaster
[6.205s] -- Installing: /home/simpletime/Project/ws02_tools/install/cpp01_tf_broadcaster/lib/cpp01_tf_broadcaster/demo03_tf_listener
[6.208s] -- Set runtime path of "/home/simpletime/Project/ws02_tools/install/cpp01_tf_broadcaster/lib/cpp01_tf_broadcaster/demo03_tf_listener" to ""
[6.209s] -- Up-to-date: /home/simpletime/Project/ws02_tools/install/cpp01_tf_broadcaster/lib/cpp01_tf_broadcaster/demo00_run
[6.209s] -- Up-to-date: /home/simpletime/Project/ws02_tools/install/cpp01_tf_broadcaster/lib/cpp01_tf_broadcaster/demo02_dynamic_tf_broadcaster
[6.210s] -- Up-to-date: /home/simpletime/Project/ws02_tools/install/cpp01_tf_broadcaster/lib/cpp01_tf_broadcaster/demo00_run1
[6.210s] -- Up-to-date: /home/simpletime/Project/ws02_tools/install/cpp01_tf_broadcaster/share/ament_index/resource_index/package_run_dependencies/cpp01_tf_broadcaster
[6.211s] -- Up-to-date: /home/simpletime/Project/ws02_tools/install/cpp01_tf_broadcaster/share/ament_index/resource_index/parent_prefix_path/cpp01_tf_broadcaster
[6.211s] -- Up-to-date: /home/simpletime/Project/ws02_tools/install/cpp01_tf_broadcaster/share/cpp01_tf_broadcaster/environment/ament_prefix_path.sh
[6.211s] -- Up-to-date: /home/simpletime/Project/ws02_tools/install/cpp01_tf_broadcaster/share/cpp01_tf_broadcaster/environment/ament_prefix_path.dsv
[6.211s] -- Up-to-date: /home/simpletime/Project/ws02_tools/install/cpp01_tf_broadcaster/share/cpp01_tf_broadcaster/environment/path.sh
[6.211s] -- Up-to-date: /home/simpletime/Project/ws02_tools/install/cpp01_tf_broadcaster/share/cpp01_tf_broadcaster/environment/path.dsv
[6.211s] -- Up-to-date: /home/simpletime/Project/ws02_tools/install/cpp01_tf_broadcaster/share/cpp01_tf_broadcaster/local_setup.bash
[6.211s] -- Up-to-date: /home/simpletime/Project/ws02_tools/install/cpp01_tf_broadcaster/share/cpp01_tf_broadcaster/local_setup.sh
[6.211s] -- Up-to-date: /home/simpletime/Project/ws02_tools/install/cpp01_tf_broadcaster/share/cpp01_tf_broadcaster/local_setup.zsh
[6.212s] -- Up-to-date: /home/simpletime/Project/ws02_tools/install/cpp01_tf_broadcaster/share/cpp01_tf_broadcaster/local_setup.dsv
[6.212s] -- Installing: /home/simpletime/Project/ws02_tools/install/cpp01_tf_broadcaster/share/cpp01_tf_broadcaster/package.dsv
[6.212s] -- Up-to-date: /home/simpletime/Project/ws02_tools/install/cpp01_tf_broadcaster/share/ament_index/resource_index/packages/cpp01_tf_broadcaster
[6.212s] -- Up-to-date: /home/simpletime/Project/ws02_tools/install/cpp01_tf_broadcaster/share/cpp01_tf_broadcaster/cmake/cpp01_tf_broadcasterConfig.cmake
[6.212s] -- Up-to-date: /home/simpletime/Project/ws02_tools/install/cpp01_tf_broadcaster/share/cpp01_tf_broadcaster/cmake/cpp01_tf_broadcasterConfig-version.cmake
[6.213s] -- Up-to-date: /home/simpletime/Project/ws02_tools/install/cpp01_tf_broadcaster/share/cpp01_tf_broadcaster/package.xml
[6.214s] Invoked command in '/home/simpletime/Project/ws02_tools/build/cpp01_tf_broadcaster' returned '0': CMAKE_PREFIX_PATH=${CMAKE_PREFIX_PATH}:/opt/ros/humble /usr/bin/cmake --install /home/simpletime/Project/ws02_tools/build/cpp01_tf_broadcaster
