[0.017s] Invoking command in '/home/simpletime/ws01_plumbing/build/cpp01_topic': AMENT_PREFIX_PATH=/home/simpletime/ws01_plumbing/install/base_interfaces_demo:${AMENT_PREFIX_PATH} CMAKE_PREFIX_PATH=/home/simpletime/ws01_plumbing/install/base_interfaces_demo:/opt/ros/humble LD_LIBRARY_PATH=/home/simpletime/ws01_plumbing/install/base_interfaces_demo/lib:${LD_LIBRARY_PATH} PYTHONPATH=/home/simpletime/ws01_plumbing/install/base_interfaces_demo/local/lib/python3.10/dist-packages:${PYTHONPATH} /usr/bin/cmake --build /home/simpletime/ws01_plumbing/build/cpp01_topic -- -j4 -l4
[0.190s] [ 37%] Built target demo01_talker_str
[0.190s] [ 50%] [32mBuilding CXX object CMakeFiles/demo04_listener_stu.dir/src/demo04_listener_stu.cpp.o[0m
[0.190s] [ 62%] Built target demo02_listener_str
[0.197s] [ 87%] Built target demo03_talker_stu
[6.845s] [100%] [32m[1mLinking CXX executable demo04_listener_stu[0m
[7.074s] [100%] Built target demo04_listener_stu
[7.083s] Invoked command in '/home/simpletime/ws01_plumbing/build/cpp01_topic' returned '0': AMENT_PREFIX_PATH=/home/simpletime/ws01_plumbing/install/base_interfaces_demo:${AMENT_PREFIX_PATH} CMAKE_PREFIX_PATH=/home/simpletime/ws01_plumbing/install/base_interfaces_demo:/opt/ros/humble LD_LIBRARY_PATH=/home/simpletime/ws01_plumbing/install/base_interfaces_demo/lib:${LD_LIBRARY_PATH} PYTHONPATH=/home/simpletime/ws01_plumbing/install/base_interfaces_demo/local/lib/python3.10/dist-packages:${PYTHONPATH} /usr/bin/cmake --build /home/simpletime/ws01_plumbing/build/cpp01_topic -- -j4 -l4
[7.109s] Invoking command in '/home/simpletime/ws01_plumbing/build/cpp01_topic': AMENT_PREFIX_PATH=/home/simpletime/ws01_plumbing/install/base_interfaces_demo:${AMENT_PREFIX_PATH} CMAKE_PREFIX_PATH=/home/simpletime/ws01_plumbing/install/base_interfaces_demo:/opt/ros/humble LD_LIBRARY_PATH=/home/simpletime/ws01_plumbing/install/base_interfaces_demo/lib:${LD_LIBRARY_PATH} PYTHONPATH=/home/simpletime/ws01_plumbing/install/base_interfaces_demo/local/lib/python3.10/dist-packages:${PYTHONPATH} /usr/bin/cmake --install /home/simpletime/ws01_plumbing/build/cpp01_topic
[7.114s] -- Install configuration: ""
[7.115s] -- Up-to-date: /home/simpletime/ws01_plumbing/install/cpp01_topic/lib/cpp01_topic/demo01_talker_str
[7.116s] -- Up-to-date: /home/simpletime/ws01_plumbing/install/cpp01_topic/lib/cpp01_topic/demo02_listener_str
[7.117s] -- Up-to-date: /home/simpletime/ws01_plumbing/install/cpp01_topic/lib/cpp01_topic/demo03_talker_stu
[7.118s] -- Installing: /home/simpletime/ws01_plumbing/install/cpp01_topic/lib/cpp01_topic/demo04_listener_stu
[7.122s] -- Set runtime path of "/home/simpletime/ws01_plumbing/install/cpp01_topic/lib/cpp01_topic/demo04_listener_stu" to ""
[7.122s] -- Up-to-date: /home/simpletime/ws01_plumbing/install/cpp01_topic/share/ament_index/resource_index/package_run_dependencies/cpp01_topic
[7.122s] -- Up-to-date: /home/simpletime/ws01_plumbing/install/cpp01_topic/share/ament_index/resource_index/parent_prefix_path/cpp01_topic
[7.122s] -- Up-to-date: /home/simpletime/ws01_plumbing/install/cpp01_topic/share/cpp01_topic/environment/ament_prefix_path.sh
[7.123s] -- Up-to-date: /home/simpletime/ws01_plumbing/install/cpp01_topic/share/cpp01_topic/environment/ament_prefix_path.dsv
[7.123s] -- Up-to-date: /home/simpletime/ws01_plumbing/install/cpp01_topic/share/cpp01_topic/environment/path.sh
[7.123s] -- Up-to-date: /home/simpletime/ws01_plumbing/install/cpp01_topic/share/cpp01_topic/environment/path.dsv
[7.123s] -- Up-to-date: /home/simpletime/ws01_plumbing/install/cpp01_topic/share/cpp01_topic/local_setup.bash
[7.123s] -- Up-to-date: /home/simpletime/ws01_plumbing/install/cpp01_topic/share/cpp01_topic/local_setup.sh
[7.123s] -- Up-to-date: /home/simpletime/ws01_plumbing/install/cpp01_topic/share/cpp01_topic/local_setup.zsh
[7.123s] -- Up-to-date: /home/simpletime/ws01_plumbing/install/cpp01_topic/share/cpp01_topic/local_setup.dsv
[7.123s] -- Installing: /home/simpletime/ws01_plumbing/install/cpp01_topic/share/cpp01_topic/package.dsv
[7.123s] -- Up-to-date: /home/simpletime/ws01_plumbing/install/cpp01_topic/share/ament_index/resource_index/packages/cpp01_topic
[7.123s] -- Up-to-date: /home/simpletime/ws01_plumbing/install/cpp01_topic/share/cpp01_topic/cmake/cpp01_topicConfig.cmake
[7.123s] -- Up-to-date: /home/simpletime/ws01_plumbing/install/cpp01_topic/share/cpp01_topic/cmake/cpp01_topicConfig-version.cmake
[7.123s] -- Up-to-date: /home/simpletime/ws01_plumbing/install/cpp01_topic/share/cpp01_topic/package.xml
[7.125s] Invoked command in '/home/simpletime/ws01_plumbing/build/cpp01_topic' returned '0': AMENT_PREFIX_PATH=/home/simpletime/ws01_plumbing/install/base_interfaces_demo:${AMENT_PREFIX_PATH} CMAKE_PREFIX_PATH=/home/simpletime/ws01_plumbing/install/base_interfaces_demo:/opt/ros/humble LD_LIBRARY_PATH=/home/simpletime/ws01_plumbing/install/base_interfaces_demo/lib:${LD_LIBRARY_PATH} PYTHONPATH=/home/simpletime/ws01_plumbing/install/base_interfaces_demo/local/lib/python3.10/dist-packages:${PYTHONPATH} /usr/bin/cmake --install /home/simpletime/ws01_plumbing/build/cpp01_topic
