[0.017s] Invoking command in '/home/simpletime/Project/learn02_pcl_spin/build/cpp02_nav_pcl': CMAKE_PREFIX_PATH=${CMAKE_PREFIX_PATH}:/opt/ros/humble /usr/bin/cmake --build /home/simpletime/Project/learn02_pcl_spin/build/cpp02_nav_pcl -- -j32 -l32
[0.060s] [ 50%] Built target demo01_pcl_pub
[0.060s] [100%] Built target demo02_pcl_listener
[0.069s] Invoked command in '/home/simpletime/Project/learn02_pcl_spin/build/cpp02_nav_pcl' returned '0': CMAKE_PREFIX_PATH=${CMAKE_PREFIX_PATH}:/opt/ros/humble /usr/bin/cmake --build /home/simpletime/Project/learn02_pcl_spin/build/cpp02_nav_pcl -- -j32 -l32
[0.103s] Invoking command in '/home/simpletime/Project/learn02_pcl_spin/build/cpp02_nav_pcl': CMAKE_PREFIX_PATH=${CMAKE_PREFIX_PATH}:/opt/ros/humble /usr/bin/cmake --install /home/simpletime/Project/learn02_pcl_spin/build/cpp02_nav_pcl
[0.112s] -- Install configuration: ""
[0.113s] -- Up-to-date: /home/simpletime/Project/learn02_pcl_spin/install/cpp02_nav_pcl/share/cpp02_nav_pcl/launch
[0.113s] -- Up-to-date: /home/simpletime/Project/learn02_pcl_spin/install/cpp02_nav_pcl/share/cpp02_nav_pcl/launch/cpp02.xml
[0.113s] -- Up-to-date: /home/simpletime/Project/learn02_pcl_spin/install/cpp02_nav_pcl/lib/cpp02_nav_pcl/demo01_pcl_pub
[0.113s] -- Up-to-date: /home/simpletime/Project/learn02_pcl_spin/install/cpp02_nav_pcl/lib/cpp02_nav_pcl/demo02_pcl_listener
[0.113s] -- Up-to-date: /home/simpletime/Project/learn02_pcl_spin/install/cpp02_nav_pcl/share/ament_index/resource_index/package_run_dependencies/cpp02_nav_pcl
[0.114s] -- Up-to-date: /home/simpletime/Project/learn02_pcl_spin/install/cpp02_nav_pcl/share/ament_index/resource_index/parent_prefix_path/cpp02_nav_pcl
[0.114s] -- Up-to-date: /home/simpletime/Project/learn02_pcl_spin/install/cpp02_nav_pcl/share/cpp02_nav_pcl/environment/ament_prefix_path.sh
[0.114s] -- Up-to-date: /home/simpletime/Project/learn02_pcl_spin/install/cpp02_nav_pcl/share/cpp02_nav_pcl/environment/ament_prefix_path.dsv
[0.114s] -- Up-to-date: /home/simpletime/Project/learn02_pcl_spin/install/cpp02_nav_pcl/share/cpp02_nav_pcl/environment/path.sh
[0.114s] -- Up-to-date: /home/simpletime/Project/learn02_pcl_spin/install/cpp02_nav_pcl/share/cpp02_nav_pcl/environment/path.dsv
[0.114s] -- Up-to-date: /home/simpletime/Project/learn02_pcl_spin/install/cpp02_nav_pcl/share/cpp02_nav_pcl/local_setup.bash
[0.114s] -- Up-to-date: /home/simpletime/Project/learn02_pcl_spin/install/cpp02_nav_pcl/share/cpp02_nav_pcl/local_setup.sh
[0.115s] -- Up-to-date: /home/simpletime/Project/learn02_pcl_spin/install/cpp02_nav_pcl/share/cpp02_nav_pcl/local_setup.zsh
[0.115s] -- Up-to-date: /home/simpletime/Project/learn02_pcl_spin/install/cpp02_nav_pcl/share/cpp02_nav_pcl/local_setup.dsv
[0.116s] -- Installing: /home/simpletime/Project/learn02_pcl_spin/install/cpp02_nav_pcl/share/cpp02_nav_pcl/package.dsv
[0.116s] -- Up-to-date: /home/simpletime/Project/learn02_pcl_spin/install/cpp02_nav_pcl/share/ament_index/resource_index/packages/cpp02_nav_pcl
[0.117s] -- Up-to-date: /home/simpletime/Project/learn02_pcl_spin/install/cpp02_nav_pcl/share/cpp02_nav_pcl/cmake/cpp02_nav_pclConfig.cmake
[0.117s] -- Up-to-date: /home/simpletime/Project/learn02_pcl_spin/install/cpp02_nav_pcl/share/cpp02_nav_pcl/cmake/cpp02_nav_pclConfig-version.cmake
[0.117s] -- Up-to-date: /home/simpletime/Project/learn02_pcl_spin/install/cpp02_nav_pcl/share/cpp02_nav_pcl/package.xml
[0.128s] Invoked command in '/home/simpletime/Project/learn02_pcl_spin/build/cpp02_nav_pcl' returned '0': CMAKE_PREFIX_PATH=${CMAKE_PREFIX_PATH}:/opt/ros/humble /usr/bin/cmake --install /home/simpletime/Project/learn02_pcl_spin/build/cpp02_nav_pcl
