[0.011s] Invoking command in '/home/simpletime/Project/ws02_tools/build/cpp01_tf_broadcaster': CMAKE_PREFIX_PATH=${CMAKE_PREFIX_PATH}:/opt/ros/humble /usr/bin/cmake --build /home/simpletime/Project/ws02_tools/build/cpp01_tf_broadcaster -- -j4 -l4
[0.051s] [35m[1mConsolidate compiler generated dependencies of target demo00_run[0m
[0.051s] [35m[1mConsolidate compiler generated dependencies of target demo01_static_tf_broadcaster[0m
[0.065s] [ 33%] Built target demo02_dynamic_tf_broadcaster
[0.065s] [ 66%] Built target demo01_static_tf_broadcaster
[0.071s] [ 83%] [32mBuilding CXX object CMakeFiles/demo00_run.dir/src/demo00_run.cpp.o[0m
[1.897s] In file included from [01m[K/usr/include/x86_64-linux-gnu/c++/11/bits/c++allocator.h:33[m[K,
[1.897s]                  from [01m[K/usr/include/c++/11/bits/allocator.h:46[m[K,
[1.897s]                  from [01m[K/usr/include/c++/11/memory:64[m[K,
[1.897s]                  from [01m[K/opt/ros/humble/include/rclcpp/rclcpp/rclcpp.hpp:153[m[K,
[1.897s]                  from [01m[K/home/simpletime/Project/ws02_tools/src/cpp01_tf_broadcaster/src/demo00_run.cpp:1[m[K:
[1.897s] /usr/include/c++/11/ext/new_allocator.h: In instantiation of ‘[01m[Kvoid __gnu_cxx::new_allocator<_Tp>::construct(_Up*, _Args&& ...) [with _Up = TFStaticBroadcaster; _Args = {const char**&}; _Tp = TFStaticBroadcaster][m[K’:
[1.897s] [01m[K/usr/include/c++/11/bits/alloc_traits.h:516:17:[m[K   required from ‘[01m[Kstatic void std::allocator_traits<std::allocator<_Tp1> >::construct(std::allocator_traits<std::allocator<_Tp1> >::allocator_type&, _Up*, _Args&& ...) [with _Up = TFStaticBroadcaster; _Args = {const char**&}; _Tp = TFStaticBroadcaster; std::allocator_traits<std::allocator<_Tp1> >::allocator_type = std::allocator<TFStaticBroadcaster>][m[K’
[1.897s] [01m[K/usr/include/c++/11/bits/shared_ptr_base.h:519:39:[m[K   required from ‘[01m[Kstd::_Sp_counted_ptr_inplace<_Tp, _Alloc, _Lp>::_Sp_counted_ptr_inplace(_Alloc, _Args&& ...) [with _Args = {const char**&}; _Tp = TFStaticBroadcaster; _Alloc = std::allocator<TFStaticBroadcaster>; __gnu_cxx::_Lock_policy _Lp = __gnu_cxx::_S_atomic][m[K’
[1.897s] [01m[K/usr/include/c++/11/bits/shared_ptr_base.h:650:16:[m[K   required from ‘[01m[Kstd::__shared_count<_Lp>::__shared_count(_Tp*&, std::_Sp_alloc_shared_tag<_Alloc>, _Args&& ...) [with _Tp = TFStaticBroadcaster; _Alloc = std::allocator<TFStaticBroadcaster>; _Args = {const char**&}; __gnu_cxx::_Lock_policy _Lp = __gnu_cxx::_S_atomic][m[K’
[1.897s] [01m[K/usr/include/c++/11/bits/shared_ptr_base.h:1342:14:[m[K   required from ‘[01m[Kstd::__shared_ptr<_Tp, _Lp>::__shared_ptr(std::_Sp_alloc_shared_tag<_Tp>, _Args&& ...) [with _Alloc = std::allocator<TFStaticBroadcaster>; _Args = {const char**&}; _Tp = TFStaticBroadcaster; __gnu_cxx::_Lock_policy _Lp = __gnu_cxx::_S_atomic][m[K’
[1.897s] [01m[K/usr/include/c++/11/bits/shared_ptr.h:409:59:[m[K   required from ‘[01m[Kstd::shared_ptr<_Tp>::shared_ptr(std::_Sp_alloc_shared_tag<_Tp>, _Args&& ...) [with _Alloc = std::allocator<TFStaticBroadcaster>; _Args = {const char**&}; _Tp = TFStaticBroadcaster][m[K’
[1.897s] [01m[K/usr/include/c++/11/bits/shared_ptr.h:862:14:[m[K   required from ‘[01m[Kstd::shared_ptr<_Tp> std::allocate_shared(const _Alloc&, _Args&& ...) [with _Tp = TFStaticBroadcaster; _Alloc = std::allocator<TFStaticBroadcaster>; _Args = {const char**&}][m[K’
[1.897s] [01m[K/usr/include/c++/11/bits/shared_ptr.h:878:39:[m[K   required from ‘[01m[Kstd::shared_ptr<_Tp> std::make_shared(_Args&& ...) [with _Tp = TFStaticBroadcaster; _Args = {const char**&}][m[K’
[1.897s] [01m[K/home/simpletime/Project/ws02_tools/src/cpp01_tf_broadcaster/src/demo00_run.cpp:49:51:[m[K   required from here
[1.897s] [01m[K/usr/include/c++/11/ext/new_allocator.h:162:11:[m[K [01;31m[Kerror: [m[Kno matching function for call to ‘[01m[KTFStaticBroadcaster::TFStaticBroadcaster(const char**&)[m[K’
[1.897s]   162 |         { [01;31m[K::new((void *)__p) _Up(std::forward<_Args>(__args)...)[m[K; }
[1.897s]       |           [01;31m[K^~~~~~~~~~~~~~~~~~~~~~~~~~~~~~~~~~~~~~~~~~~~~~~~~~~~~~[m[K
[1.897s] [01m[K/home/simpletime/Project/ws02_tools/src/cpp01_tf_broadcaster/src/demo00_run.cpp:9:3:[m[K [01;36m[Knote: [m[Kcandidate: ‘[01m[KTFStaticBroadcaster::TFStaticBroadcaster()[m[K’
[1.897s]     9 |   [01;36m[KTFStaticBroadcaster[m[K():Node("tf_static_broadcaster_node_cpp"){
[1.897s]       |   [01;36m[K^~~~~~~~~~~~~~~~~~~[m[K
[1.897s] [01m[K/home/simpletime/Project/ws02_tools/src/cpp01_tf_broadcaster/src/demo00_run.cpp:9:3:[m[K [01;36m[Knote: [m[K  candidate expects 0 arguments, 1 provided
[2.095s] gmake[2]: *** [CMakeFiles/demo00_run.dir/build.make:76：CMakeFiles/demo00_run.dir/src/demo00_run.cpp.o] 错误 1
[2.095s] gmake[1]: *** [CMakeFiles/Makefile2:167：CMakeFiles/demo00_run.dir/all] 错误 2
[2.096s] gmake: *** [Makefile:146：all] 错误 2
[2.099s] Invoked command in '/home/simpletime/Project/ws02_tools/build/cpp01_tf_broadcaster' returned '2': CMAKE_PREFIX_PATH=${CMAKE_PREFIX_PATH}:/opt/ros/humble /usr/bin/cmake --build /home/simpletime/Project/ws02_tools/build/cpp01_tf_broadcaster -- -j4 -l4
