[0.011s] Invoking command in '/home/simpletime/Project/identify_exchange_frame/build/identify_frame': CMAKE_PREFIX_PATH=/opt/ros/humble /usr/bin/cmake /home/simpletime/Project/identify_exchange_frame/identify_exchange_frame -DCMAKE_INSTALL_PREFIX=/home/simpletime/Project/identify_exchange_frame/install/identify_frame
[0.121s] -- The C compiler identification is GNU 11.4.0
[0.208s] -- The CXX compiler identification is GNU 11.4.0
[0.219s] -- Detecting C compiler ABI info
[0.278s] -- Detecting C compiler ABI info - done
[0.282s] -- Check for working C compiler: /usr/bin/cc - skipped
[0.283s] -- Detecting C compile features
[0.284s] -- Detecting C compile features - done
[0.288s] -- Detecting CXX compiler ABI info
[0.352s] -- Detecting CXX compiler ABI info - done
[0.356s] -- Check for working CXX compiler: /usr/bin/c++ - skipped
[0.356s] -- Detecting CXX compile features
[0.357s] -- Detecting CXX compile features - done
[0.362s] -- Found ament_cmake: 1.3.10 (/opt/ros/humble/share/ament_cmake/cmake)
[0.461s] -- Found Python3: /usr/bin/python3 (found version "3.10.12") found components: Interpreter 
[0.547s] -- Found OpenCV: /usr (found version "4.5.4") 
[0.554s] -- Found rclcpp_components: 16.0.10 (/opt/ros/humble/share/rclcpp_components/cmake)
[0.613s] -- Found rosidl_generator_c: 3.1.5 (/opt/ros/humble/share/rosidl_generator_c/cmake)
[0.619s] -- Found rosidl_adapter: 3.1.5 (/opt/ros/humble/share/rosidl_adapter/cmake)
[0.629s] -- Found rosidl_generator_cpp: 3.1.5 (/opt/ros/humble/share/rosidl_generator_cpp/cmake)
[0.644s] -- Using all available rosidl_typesupport_c: rosidl_typesupport_fastrtps_c;rosidl_typesupport_introspection_c
[0.657s] -- Using all available rosidl_typesupport_cpp: rosidl_typesupport_fastrtps_cpp;rosidl_typesupport_introspection_cpp
[0.728s] -- Found rmw_implementation_cmake: 6.1.2 (/opt/ros/humble/share/rmw_implementation_cmake/cmake)
[0.732s] -- Found rmw_fastrtps_cpp: 6.2.7 (/opt/ros/humble/share/rmw_fastrtps_cpp/cmake)
[0.814s] -- Found OpenSSL: /usr/lib/x86_64-linux-gnu/libcrypto.so (found version "3.0.2")  
[0.834s] -- Found FastRTPS: /opt/ros/humble/include  
[0.862s] -- Using RMW implementation 'rmw_fastrtps_cpp' as default
[0.872s] -- Looking for pthread.h
[0.935s] -- Looking for pthread.h - found
[0.935s] -- Performing Test CMAKE_HAVE_LIBC_PTHREAD
[0.989s] -- Performing Test CMAKE_HAVE_LIBC_PTHREAD - Success
[0.990s] -- Found Threads: TRUE  
[1.041s] -- Found visualization_msgs: 4.2.4 (/opt/ros/humble/share/visualization_msgs/cmake)
[1.092s] -- Found cv_bridge: 3.2.1 (/opt/ros/humble/share/cv_bridge/cmake)
[1.096s] -- Found image_transport: 3.1.9 (/opt/ros/humble/share/image_transport/cmake)
[1.122s] [31mCMake Error at CMakeLists.txt:29 (find_package):
[1.122s]   By not providing "Findimage_transport_plugins.cmake" in CMAKE_MODULE_PATH
[1.123s]   this project has asked CMake to find a package configuration file provided
[1.123s]   by "image_transport_plugins", but CMake did not find one.
[1.123s] 
[1.123s]   Could not find a package configuration file provided by
[1.123s]   "image_transport_plugins" with any of the following names:
[1.123s] 
[1.123s]     image_transport_pluginsConfig.cmake
[1.123s]     image_transport_plugins-config.cmake
[1.123s] 
[1.123s]   Add the installation prefix of "image_transport_plugins" to
[1.123s]   CMAKE_PREFIX_PATH or set "image_transport_plugins_DIR" to a directory
[1.123s]   containing one of the above files.  If "image_transport_plugins" provides a
[1.123s]   separate development package or SDK, be sure it has been installed.
[1.123s] 
[1.123s] [0m
[1.123s] -- Configuring incomplete, errors occurred!
[1.123s] See also "/home/simpletime/Project/identify_exchange_frame/build/identify_frame/CMakeFiles/CMakeOutput.log".
[1.129s] Invoked command in '/home/simpletime/Project/identify_exchange_frame/build/identify_frame' returned '1': CMAKE_PREFIX_PATH=/opt/ros/humble /usr/bin/cmake /home/simpletime/Project/identify_exchange_frame/identify_exchange_frame -DCMAKE_INSTALL_PREFIX=/home/simpletime/Project/identify_exchange_frame/install/identify_frame
