[0.013s] Invoking command in '/home/simpletime/exam/build/cpp_auto': CMAKE_PREFIX_PATH=/home/simpletime/exam/install/base_interface:/home/simpletime/exam/install/cpp_topic:/home/simpletime/exam/install/cpp_auto:/opt/ros/humble /usr/bin/cmake --build /home/simpletime/exam/build/cpp_auto -- -j4 -l4
[0.062s] [ 50%] Built target SHARED
[0.067s] [100%] Built target cppauto
[0.080s] Invoked command in '/home/simpletime/exam/build/cpp_auto' returned '0': CMAKE_PREFIX_PATH=/home/simpletime/exam/install/base_interface:/home/simpletime/exam/install/cpp_topic:/home/simpletime/exam/install/cpp_auto:/opt/ros/humble /usr/bin/cmake --build /home/simpletime/exam/build/cpp_auto -- -j4 -l4
[0.108s] Invoking command in '/home/simpletime/exam/build/cpp_auto': CMAKE_PREFIX_PATH=/home/simpletime/exam/install/base_interface:/home/simpletime/exam/install/cpp_topic:/home/simpletime/exam/install/cpp_auto:/opt/ros/humble /usr/bin/cmake --install /home/simpletime/exam/build/cpp_auto
[0.114s] -- Install configuration: ""
[0.115s] -- Up-to-date: /home/simpletime/exam/install/cpp_auto/lib/cpp_auto/cppauto
[0.116s] -- Up-to-date: /home/simpletime/exam/install/cpp_auto/share/ament_index/resource_index/package_run_dependencies/cpp_auto
[0.116s] -- Up-to-date: /home/simpletime/exam/install/cpp_auto/share/ament_index/resource_index/parent_prefix_path/cpp_auto
[0.116s] -- Up-to-date: /home/simpletime/exam/install/cpp_auto/share/cpp_auto/environment/ament_prefix_path.sh
[0.116s] -- Up-to-date: /home/simpletime/exam/install/cpp_auto/share/cpp_auto/environment/ament_prefix_path.dsv
[0.116s] -- Up-to-date: /home/simpletime/exam/install/cpp_auto/share/cpp_auto/environment/path.sh
[0.116s] -- Up-to-date: /home/simpletime/exam/install/cpp_auto/share/cpp_auto/environment/path.dsv
[0.116s] -- Up-to-date: /home/simpletime/exam/install/cpp_auto/share/cpp_auto/local_setup.bash
[0.116s] -- Up-to-date: /home/simpletime/exam/install/cpp_auto/share/cpp_auto/local_setup.sh
[0.116s] -- Up-to-date: /home/simpletime/exam/install/cpp_auto/share/cpp_auto/local_setup.zsh
[0.116s] -- Up-to-date: /home/simpletime/exam/install/cpp_auto/share/cpp_auto/local_setup.dsv
[0.116s] -- Up-to-date: /home/simpletime/exam/install/cpp_auto/share/cpp_auto/package.dsv
[0.116s] -- Up-to-date: /home/simpletime/exam/install/cpp_auto/share/ament_index/resource_index/packages/cpp_auto
[0.116s] -- Up-to-date: /home/simpletime/exam/install/cpp_auto/share/cpp_auto/cmake/cpp_autoConfig.cmake
[0.116s] -- Up-to-date: /home/simpletime/exam/install/cpp_auto/share/cpp_auto/cmake/cpp_autoConfig-version.cmake
[0.116s] -- Up-to-date: /home/simpletime/exam/install/cpp_auto/share/cpp_auto/package.xml
[0.119s] Invoked command in '/home/simpletime/exam/build/cpp_auto' returned '0': CMAKE_PREFIX_PATH=/home/simpletime/exam/install/base_interface:/home/simpletime/exam/install/cpp_topic:/home/simpletime/exam/install/cpp_auto:/opt/ros/humble /usr/bin/cmake --install /home/simpletime/exam/build/cpp_auto
