[0.016s] Invoking command in '/home/simpletime/Project/proj_ws_pcl/build/pcl': CMAKE_PREFIX_PATH=/opt/ros/humble /usr/bin/cmake /home/simpletime/Project/proj_ws_pcl/src/pcl -DCMAKE_INSTALL_PREFIX=/home/simpletime/Project/proj_ws_pcl/install/pcl
[0.036s] -- Found ament_cmake: 1.3.10 (/opt/ros/humble/share/ament_cmake/cmake)
[0.164s] -- Found rclcpp: 16.0.10 (/opt/ros/humble/share/rclcpp/cmake)
[0.306s] -- Found rosidl_generator_c: 3.1.5 (/opt/ros/humble/share/rosidl_generator_c/cmake)
[0.310s] -- Found rosidl_adapter: 3.1.5 (/opt/ros/humble/share/rosidl_adapter/cmake)
[0.320s] -- Found rosidl_generator_cpp: 3.1.5 (/opt/ros/humble/share/rosidl_generator_cpp/cmake)
[0.334s] -- Using all available rosidl_typesupport_c: rosidl_typesupport_fastrtps_c;rosidl_typesupport_introspection_c
[0.350s] -- Using all available rosidl_typesupport_cpp: rosidl_typesupport_fastrtps_cpp;rosidl_typesupport_introspection_cpp
[0.395s] -- Found rmw_implementation_cmake: 6.1.2 (/opt/ros/humble/share/rmw_implementation_cmake/cmake)
[0.398s] -- Found rmw_fastrtps_cpp: 6.2.7 (/opt/ros/humble/share/rmw_fastrtps_cpp/cmake)
[4.018s] -- Using RMW implementation 'rmw_fastrtps_cpp' as default
[4.083s] -- Found sensor_msgs: 4.2.4 (/opt/ros/humble/share/sensor_msgs/cmake)
[4.131s] -- Eigen found (include: /usr/include/eigen3, version: 3.4.0)
[5.255s] -- FLANN found (include: /usr/include, lib: /usr/lib/x86_64-linux-gnu/libflann_cpp.so)
[8.151s] -- OpenNI found (version: 1.5.4.0, include: /usr/include/ni, lib: /usr/lib/libOpenNI.so;libusb::libusb)
[8.157s] -- OpenNI2 found (version: 2.2.0.33, include: /usr/include/openni2, lib: /usr/lib/x86_64-linux-gnu/libOpenNI2.so;libusb::libusb)
[8.157s] [0m** WARNING ** io features related to pcap will be disabled[0m
[9.642s] -- Eigen found (include: /usr/include/eigen3, version: 3.4.0)
[9.646s] -- OpenNI found (version: 1.5.4.0, include: /usr/include/ni, lib: /usr/lib/libOpenNI.so;libusb::libusb)
[9.650s] -- OpenNI2 found (version: 2.2.0.33, include: /usr/include/openni2, lib: /usr/lib/x86_64-linux-gnu/libOpenNI2.so;libusb::libusb)
[11.137s] -- Found Qhull version 8.0.2
[12.620s] -- OpenNI found (version: 1.5.4.0, include: /usr/include/ni, lib: /usr/lib/libOpenNI.so;libusb::libusb)
[14.087s] -- looking for PCL_COMMON
[14.087s] -- looking for PCL_KDTREE
[14.088s] -- looking for PCL_OCTREE
[14.088s] -- looking for PCL_SEARCH
[14.088s] -- looking for PCL_SAMPLE_CONSENSUS
[14.088s] -- looking for PCL_FILTERS
[14.088s] -- looking for PCL_2D
[14.089s] -- looking for PCL_GEOMETRY
[14.089s] -- looking for PCL_IO
[14.089s] -- looking for PCL_FEATURES
[14.089s] -- looking for PCL_ML
[14.090s] -- looking for PCL_SEGMENTATION
[14.090s] -- looking for PCL_VISUALIZATION
[14.090s] -- looking for PCL_SURFACE
[14.090s] -- looking for PCL_REGISTRATION
[14.091s] -- looking for PCL_KEYPOINTS
[14.091s] -- looking for PCL_TRACKING
[14.091s] -- looking for PCL_RECOGNITION
[14.091s] -- looking for PCL_STEREO
[14.092s] -- looking for PCL_APPS
[14.092s] -- looking for PCL_IN_HAND_SCANNER
[14.092s] -- looking for PCL_MODELER
[14.093s] -- looking for PCL_POINT_CLOUD_EDITOR
[14.093s] -- looking for PCL_OUTOFCORE
[14.093s] -- looking for PCL_PEOPLE
[14.096s] -- Found rviz2: 11.2.13 (/opt/ros/humble/share/rviz2/cmake)
[14.098s] -- Found ament_lint_auto: 0.12.11 (/opt/ros/humble/share/ament_lint_auto/cmake)
[14.170s] -- Added test 'copyright' to check source files copyright and LICENSE
[14.172s] -- Added test 'cppcheck' to perform static code analysis on C / C++ code
[14.172s] -- Configured cppcheck include dirs: $<BUILD_INTERFACE:/home/simpletime/Project/proj_ws_pcl/src/pcl/include>
[14.172s] -- Configured cppcheck exclude dirs and/or files: 
[14.173s] -- Added test 'cpplint' to check C / C++ code against the Google style
[14.173s] -- Configured cpplint exclude dirs and/or files: 
[14.174s] -- Added test 'lint_cmake' to check CMake code style
[14.176s] -- Added test 'uncrustify' to check C / C++ code style
[14.176s] -- Configured uncrustify additional arguments: 
[14.177s] -- Added test 'xmllint' to check XML markup files
[14.178s] -- Configuring done
[14.233s] -- Generating done
[14.234s] -- Build files have been written to: /home/simpletime/Project/proj_ws_pcl/build/pcl
[14.252s] Invoked command in '/home/simpletime/Project/proj_ws_pcl/build/pcl' returned '0': CMAKE_PREFIX_PATH=/opt/ros/humble /usr/bin/cmake /home/simpletime/Project/proj_ws_pcl/src/pcl -DCMAKE_INSTALL_PREFIX=/home/simpletime/Project/proj_ws_pcl/install/pcl
[14.253s] Invoking command in '/home/simpletime/Project/proj_ws_pcl/build/pcl': CMAKE_PREFIX_PATH=/opt/ros/humble /usr/bin/cmake --build /home/simpletime/Project/proj_ws_pcl/build/pcl -- -j32 -l32
[14.285s] [ 50%] [32mBuilding CXX object CMakeFiles/reg_pcl.dir/src/reg_pcl.cpp.o[0m
[15.505s] [01m[K/home/simpletime/Project/proj_ws_pcl/src/pcl/src/reg_pcl.cpp:6:10:[m[K [01;31m[Kfatal error: [m[Kpcl_conversions/pcl_conversions.h: No such file or directory
[15.505s]     6 | #include [01;31m[K"pcl_conversions/pcl_conversions.h"[m[K
[15.505s]       |          [01;31m[K^~~~~~~~~~~~~~~~~~~~~~~~~~~~~~~~~~~[m[K
[15.505s] compilation terminated.
[15.515s] gmake[2]: *** [CMakeFiles/reg_pcl.dir/build.make:76: CMakeFiles/reg_pcl.dir/src/reg_pcl.cpp.o] Error 1
[15.515s] gmake[1]: *** [CMakeFiles/Makefile2:137: CMakeFiles/reg_pcl.dir/all] Error 2
[15.515s] gmake: *** [Makefile:146: all] Error 2
[15.518s] Invoked command in '/home/simpletime/Project/proj_ws_pcl/build/pcl' returned '2': CMAKE_PREFIX_PATH=/opt/ros/humble /usr/bin/cmake --build /home/simpletime/Project/proj_ws_pcl/build/pcl -- -j32 -l32
