[0.016s] Invoking command in '/home/simpletime/ws01_plumbing/build/cpp01_topic': AMENT_PREFIX_PATH=/home/simpletime/ws01_plumbing/install/base_interfaces_demo:${AMENT_PREFIX_PATH} CMAKE_PREFIX_PATH=/home/simpletime/ws01_plumbing/install/base_interfaces_demo:/opt/ros/humble LD_LIBRARY_PATH=/home/simpletime/ws01_plumbing/install/base_interfaces_demo/lib:${LD_LIBRARY_PATH} PYTHONPATH=/home/simpletime/ws01_plumbing/install/base_interfaces_demo/local/lib/python3.10/dist-packages:${PYTHONPATH} /usr/bin/cmake --build /home/simpletime/ws01_plumbing/build/cpp01_topic -- -j4 -l4
[0.073s] -- Found ament_cmake: 1.3.10 (/opt/ros/humble/share/ament_cmake/cmake)
[0.162s] -- Found rclcpp: 16.0.10 (/opt/ros/humble/share/rclcpp/cmake)
[0.201s] -- Found rosidl_generator_c: 3.1.5 (/opt/ros/humble/share/rosidl_generator_c/cmake)
[0.204s] -- Found rosidl_adapter: 3.1.5 (/opt/ros/humble/share/rosidl_adapter/cmake)
[0.208s] -- Found rosidl_generator_cpp: 3.1.5 (/opt/ros/humble/share/rosidl_generator_cpp/cmake)
[0.218s] -- Using all available rosidl_typesupport_c: rosidl_typesupport_fastrtps_c;rosidl_typesupport_introspection_c
[0.227s] -- Using all available rosidl_typesupport_cpp: rosidl_typesupport_fastrtps_cpp;rosidl_typesupport_introspection_cpp
[0.280s] -- Found rmw_implementation_cmake: 6.1.2 (/opt/ros/humble/share/rmw_implementation_cmake/cmake)
[0.281s] -- Found rmw_fastrtps_cpp: 6.2.7 (/opt/ros/humble/share/rmw_fastrtps_cpp/cmake)
[0.390s] -- Using RMW implementation 'rmw_fastrtps_cpp' as default
[0.457s] -- Found base_interfaces_demo: 0.0.0 (/home/simpletime/ws01_plumbing/install/base_interfaces_demo/share/base_interfaces_demo/cmake)
[0.474s] -- Found ament_lint_auto: 0.12.11 (/opt/ros/humble/share/ament_lint_auto/cmake)
[0.548s] -- Added test 'cppcheck' to perform static code analysis on C / C++ code
[0.548s] -- Configured cppcheck include dirs: $<BUILD_INTERFACE:/home/simpletime/ws01_plumbing/src/cpp01_topic/include>
[0.548s] -- Configured cppcheck exclude dirs and/or files: 
[0.549s] -- Added test 'lint_cmake' to check CMake code style
[0.556s] -- Added test 'uncrustify' to check C / C++ code style
[0.556s] -- Configured uncrustify additional arguments: 
[0.556s] -- Added test 'xmllint' to check XML markup files
[0.559s] -- Configuring done
[0.596s] -- Generating done
[0.601s] -- Build files have been written to: /home/simpletime/ws01_plumbing/build/cpp01_topic
[0.639s] [35m[1mConsolidate compiler generated dependencies of target demo03_talker_stu[0m
[0.639s] [35m[1mConsolidate compiler generated dependencies of target demo01_talker_str[0m
[0.651s] [35m[1mConsolidate compiler generated dependencies of target demo04_listener_stu[0m
[0.651s] [35m[1mConsolidate compiler generated dependencies of target demo02_listener_str[0m
[0.694s] [ 12%] [32mBuilding CXX object CMakeFiles/demo01_talker_str.dir/src/demo01_talker_str.cpp.o[0m
[0.694s] [ 25%] [32m[1mLinking CXX executable demo02_listener_str[0m
[0.694s] [ 37%] [32mBuilding CXX object CMakeFiles/demo04_listener_stu.dir/src/demo04_listener_stu.cpp.o[0m
[0.713s] [ 50%] [32mBuilding CXX object CMakeFiles/demo03_talker_stu.dir/src/demo03_talker_stu.cpp.o[0m
[1.299s] [ 62%] Built target demo02_listener_str
[4.736s] [ 75%] [32m[1mLinking CXX executable demo03_talker_stu[0m
[4.858s] [ 87%] [32m[1mLinking CXX executable demo01_talker_str[0m
[4.929s] [ 87%] Built target demo03_talker_stu
[5.006s] [ 87%] Built target demo01_talker_str
[7.703s] [100%] [32m[1mLinking CXX executable demo04_listener_stu[0m
[7.942s] [100%] Built target demo04_listener_stu
[7.952s] Invoked command in '/home/simpletime/ws01_plumbing/build/cpp01_topic' returned '0': AMENT_PREFIX_PATH=/home/simpletime/ws01_plumbing/install/base_interfaces_demo:${AMENT_PREFIX_PATH} CMAKE_PREFIX_PATH=/home/simpletime/ws01_plumbing/install/base_interfaces_demo:/opt/ros/humble LD_LIBRARY_PATH=/home/simpletime/ws01_plumbing/install/base_interfaces_demo/lib:${LD_LIBRARY_PATH} PYTHONPATH=/home/simpletime/ws01_plumbing/install/base_interfaces_demo/local/lib/python3.10/dist-packages:${PYTHONPATH} /usr/bin/cmake --build /home/simpletime/ws01_plumbing/build/cpp01_topic -- -j4 -l4
[7.987s] Invoking command in '/home/simpletime/ws01_plumbing/build/cpp01_topic': AMENT_PREFIX_PATH=/home/simpletime/ws01_plumbing/install/base_interfaces_demo:${AMENT_PREFIX_PATH} CMAKE_PREFIX_PATH=/home/simpletime/ws01_plumbing/install/base_interfaces_demo:/opt/ros/humble LD_LIBRARY_PATH=/home/simpletime/ws01_plumbing/install/base_interfaces_demo/lib:${LD_LIBRARY_PATH} PYTHONPATH=/home/simpletime/ws01_plumbing/install/base_interfaces_demo/local/lib/python3.10/dist-packages:${PYTHONPATH} /usr/bin/cmake --install /home/simpletime/ws01_plumbing/build/cpp01_topic
[7.993s] -- Install configuration: ""
[7.995s] -- Installing: /home/simpletime/ws01_plumbing/install/cpp01_topic/lib/cpp01_topic/demo01_talker_str
[7.996s] -- Set runtime path of "/home/simpletime/ws01_plumbing/install/cpp01_topic/lib/cpp01_topic/demo01_talker_str" to ""
[7.997s] -- Installing: /home/simpletime/ws01_plumbing/install/cpp01_topic/lib/cpp01_topic/demo02_listener_str
[8.002s] -- Set runtime path of "/home/simpletime/ws01_plumbing/install/cpp01_topic/lib/cpp01_topic/demo02_listener_str" to ""
[8.003s] -- Installing: /home/simpletime/ws01_plumbing/install/cpp01_topic/lib/cpp01_topic/demo03_talker_stu
[8.005s] -- Set runtime path of "/home/simpletime/ws01_plumbing/install/cpp01_topic/lib/cpp01_topic/demo03_talker_stu" to ""
[8.007s] -- Installing: /home/simpletime/ws01_plumbing/install/cpp01_topic/lib/cpp01_topic/demo04_listener_stu
[8.011s] -- Set runtime path of "/home/simpletime/ws01_plumbing/install/cpp01_topic/lib/cpp01_topic/demo04_listener_stu" to ""
[8.013s] -- Up-to-date: /home/simpletime/ws01_plumbing/install/cpp01_topic/share/ament_index/resource_index/package_run_dependencies/cpp01_topic
[8.014s] -- Up-to-date: /home/simpletime/ws01_plumbing/install/cpp01_topic/share/ament_index/resource_index/parent_prefix_path/cpp01_topic
[8.014s] -- Up-to-date: /home/simpletime/ws01_plumbing/install/cpp01_topic/share/cpp01_topic/environment/ament_prefix_path.sh
[8.014s] -- Installing: /home/simpletime/ws01_plumbing/install/cpp01_topic/share/cpp01_topic/environment/ament_prefix_path.dsv
[8.014s] -- Up-to-date: /home/simpletime/ws01_plumbing/install/cpp01_topic/share/cpp01_topic/environment/path.sh
[8.014s] -- Installing: /home/simpletime/ws01_plumbing/install/cpp01_topic/share/cpp01_topic/environment/path.dsv
[8.014s] -- Up-to-date: /home/simpletime/ws01_plumbing/install/cpp01_topic/share/cpp01_topic/local_setup.bash
[8.015s] -- Up-to-date: /home/simpletime/ws01_plumbing/install/cpp01_topic/share/cpp01_topic/local_setup.sh
[8.015s] -- Up-to-date: /home/simpletime/ws01_plumbing/install/cpp01_topic/share/cpp01_topic/local_setup.zsh
[8.015s] -- Installing: /home/simpletime/ws01_plumbing/install/cpp01_topic/share/cpp01_topic/local_setup.dsv
[8.015s] -- Installing: /home/simpletime/ws01_plumbing/install/cpp01_topic/share/cpp01_topic/package.dsv
[8.015s] -- Up-to-date: /home/simpletime/ws01_plumbing/install/cpp01_topic/share/ament_index/resource_index/packages/cpp01_topic
[8.015s] -- Up-to-date: /home/simpletime/ws01_plumbing/install/cpp01_topic/share/cpp01_topic/cmake/cpp01_topicConfig.cmake
[8.016s] -- Up-to-date: /home/simpletime/ws01_plumbing/install/cpp01_topic/share/cpp01_topic/cmake/cpp01_topicConfig-version.cmake
[8.016s] -- Up-to-date: /home/simpletime/ws01_plumbing/install/cpp01_topic/share/cpp01_topic/package.xml
[8.018s] Invoked command in '/home/simpletime/ws01_plumbing/build/cpp01_topic' returned '0': AMENT_PREFIX_PATH=/home/simpletime/ws01_plumbing/install/base_interfaces_demo:${AMENT_PREFIX_PATH} CMAKE_PREFIX_PATH=/home/simpletime/ws01_plumbing/install/base_interfaces_demo:/opt/ros/humble LD_LIBRARY_PATH=/home/simpletime/ws01_plumbing/install/base_interfaces_demo/lib:${LD_LIBRARY_PATH} PYTHONPATH=/home/simpletime/ws01_plumbing/install/base_interfaces_demo/local/lib/python3.10/dist-packages:${PYTHONPATH} /usr/bin/cmake --install /home/simpletime/ws01_plumbing/build/cpp01_topic
