[35m[1mConsolidate compiler generated dependencies of target demo02_pcl_listener[0m
[ 50%] Built target demo01_pcl_pub
[ 75%] [32mBuilding CXX object CMakeFiles/demo02_pcl_listener.dir/src/demo02_pcl_listener.cpp.o[0m
[01m[K/home/simpletime/Project/learn02_pcl_spin/src/cpp02_nav_pcl/src/demo02_pcl_listener.cpp:[m[K In member function ‘[01m[Kvoid DepthMapPublisher::do_cb(sensor_msgs::msg::PointCloud2_<std::allocator<void> >::SharedPtr)[m[K’:
[01m[K/home/simpletime/Project/learn02_pcl_spin/src/cpp02_nav_pcl/src/demo02_pcl_listener.cpp:52:86:[m[K [01;35m[Kwarning: [m[K‘[01m[Kd[m[K’ may be used uninitialized [[01;35m[K]8;;https://gcc.gnu.org/onlinedocs/gcc/Warning-Options.html#index-Wmaybe-uninitialized-Wmaybe-uninitialized]8;;[m[K]
   52 | [01;35m[Kt.x + plane(1) * point.y + plane(2) * point.z + d)[m[K / plane.norm();
      | [01;35m[K~~~~~~~~~~~~~~~~~~~~~~~~~~~~~~~~~~~~~~~~~~~~~~^~~~[m[K

[100%] [32m[1mLinking CXX executable demo02_pcl_listener[0m
[100%] Built target demo02_pcl_listener
-- Install configuration: ""
-- Up-to-date: /home/simpletime/Project/learn02_pcl_spin/install/cpp02_nav_pcl/lib/cpp02_nav_pcl/demo01_pcl_pub
-- Installing: /home/simpletime/Project/learn02_pcl_spin/install/cpp02_nav_pcl/lib/cpp02_nav_pcl/demo02_pcl_listener
-- Set runtime path of "/home/simpletime/Project/learn02_pcl_spin/install/cpp02_nav_pcl/lib/cpp02_nav_pcl/demo02_pcl_listener" to ""
-- Up-to-date: /home/simpletime/Project/learn02_pcl_spin/install/cpp02_nav_pcl/share/ament_index/resource_index/package_run_dependencies/cpp02_nav_pcl
-- Up-to-date: /home/simpletime/Project/learn02_pcl_spin/install/cpp02_nav_pcl/share/ament_index/resource_index/parent_prefix_path/cpp02_nav_pcl
-- Up-to-date: /home/simpletime/Project/learn02_pcl_spin/install/cpp02_nav_pcl/share/cpp02_nav_pcl/environment/ament_prefix_path.sh
-- Up-to-date: /home/simpletime/Project/learn02_pcl_spin/install/cpp02_nav_pcl/share/cpp02_nav_pcl/environment/ament_prefix_path.dsv
-- Up-to-date: /home/simpletime/Project/learn02_pcl_spin/install/cpp02_nav_pcl/share/cpp02_nav_pcl/environment/path.sh
-- Up-to-date: /home/simpletime/Project/learn02_pcl_spin/install/cpp02_nav_pcl/share/cpp02_nav_pcl/environment/path.dsv
-- Up-to-date: /home/simpletime/Project/learn02_pcl_spin/install/cpp02_nav_pcl/share/cpp02_nav_pcl/local_setup.bash
-- Up-to-date: /home/simpletime/Project/learn02_pcl_spin/install/cpp02_nav_pcl/share/cpp02_nav_pcl/local_setup.sh
-- Up-to-date: /home/simpletime/Project/learn02_pcl_spin/install/cpp02_nav_pcl/share/cpp02_nav_pcl/local_setup.zsh
-- Up-to-date: /home/simpletime/Project/learn02_pcl_spin/install/cpp02_nav_pcl/share/cpp02_nav_pcl/local_setup.dsv
-- Installing: /home/simpletime/Project/learn02_pcl_spin/install/cpp02_nav_pcl/share/cpp02_nav_pcl/package.dsv
-- Up-to-date: /home/simpletime/Project/learn02_pcl_spin/install/cpp02_nav_pcl/share/ament_index/resource_index/packages/cpp02_nav_pcl
-- Up-to-date: /home/simpletime/Project/learn02_pcl_spin/install/cpp02_nav_pcl/share/cpp02_nav_pcl/cmake/cpp02_nav_pclConfig.cmake
-- Up-to-date: /home/simpletime/Project/learn02_pcl_spin/install/cpp02_nav_pcl/share/cpp02_nav_pcl/cmake/cpp02_nav_pclConfig-version.cmake
-- Up-to-date: /home/simpletime/Project/learn02_pcl_spin/install/cpp02_nav_pcl/share/cpp02_nav_pcl/package.xml
