-- Found ament_cmake: 1.3.10 (/opt/ros/humble/share/ament_cmake/cmake)
-- Found sensor_msgs: 4.2.4 (/opt/ros/humble/share/sensor_msgs/cmake)
-- Found rosidl_generator_c: 3.1.5 (/opt/ros/humble/share/rosidl_generator_c/cmake)
-- Found rosidl_adapter: 3.1.5 (/opt/ros/humble/share/rosidl_adapter/cmake)
-- Found rosidl_generator_cpp: 3.1.5 (/opt/ros/humble/share/rosidl_generator_cpp/cmake)
-- Using all available rosidl_typesupport_c: rosidl_typesupport_fastrtps_c;rosidl_typesupport_introspection_c
-- Using all available rosidl_typesupport_cpp: rosidl_typesupport_fastrtps_cpp;rosidl_typesupport_introspection_cpp
-- Found rclcpp: 16.0.10 (/opt/ros/humble/share/rclcpp/cmake)
-- Found rmw_implementation_cmake: 6.1.2 (/opt/ros/humble/share/rmw_implementation_cmake/cmake)
-- Found rmw_fastrtps_cpp: 6.2.7 (/opt/ros/humble/share/rmw_fastrtps_cpp/cmake)
-- Using RMW implementation 'rmw_fastrtps_cpp' as default
-- Eigen found (include: /usr/include/eigen3, version: 3.4.0)
-- OpenNI found (version: 1.5.4.0, include: /usr/include/ni, lib: /usr/lib/libOpenNI.so;libusb::libusb)
-- OpenNI2 found (version: 2.2.0.33, include: /usr/include/openni2, lib: /usr/lib/x86_64-linux-gnu/libOpenNI2.so;libusb::libusb)
[0m** WARNING ** io features related to pcap will be disabled[0m
[0m** WARNING ** io features related to png will be disabled[0m
-- Eigen found (include: /usr/include/eigen3, version: 3.4.0)
-- looking for PCL_COMMON
-- looking for PCL_OCTREE
-- looking for PCL_IO
-- Found pcl_conversions: 2.4.5 (/opt/ros/humble/share/pcl_conversions/cmake)
-- Found ament_lint_auto: 0.12.11 (/opt/ros/humble/share/ament_lint_auto/cmake)
-- Added test 'copyright' to check source files copyright and LICENSE
-- Added test 'cppcheck' to perform static code analysis on C / C++ code
-- Configured cppcheck include dirs: $<BUILD_INTERFACE:/home/simpletime/Project/proj_ws_pcl/src/pcl/include>
-- Configured cppcheck exclude dirs and/or files: 
-- Added test 'cpplint' to check C / C++ code against the Google style
-- Configured cpplint exclude dirs and/or files: 
-- Added test 'lint_cmake' to check CMake code style
-- Added test 'uncrustify' to check C / C++ code style
-- Configured uncrustify additional arguments: 
-- Added test 'xmllint' to check XML markup files
-- Configuring done
-- Generating done
-- Build files have been written to: /home/simpletime/Project/proj_ws_pcl/build/pcl
[35m[1mConsolidate compiler generated dependencies of target reg_pcl[0m
[ 50%] [32mBuilding CXX object CMakeFiles/reg_pcl.dir/src/reg_pcl.cpp.o[0m
[100%] [32m[1mLinking CXX executable reg_pcl[0m
[100%] Built target reg_pcl
-- Install configuration: ""
-- Installing: /home/simpletime/Project/proj_ws_pcl/install/pcl/lib/pcl/reg_pcl
-- Set runtime path of "/home/simpletime/Project/proj_ws_pcl/install/pcl/lib/pcl/reg_pcl" to ""
-- Up-to-date: /home/simpletime/Project/proj_ws_pcl/install/pcl/lib/pcl/reg_pcl
-- Installing: /home/simpletime/Project/proj_ws_pcl/install/pcl/share/ament_index/resource_index/package_run_dependencies/pcl
-- Installing: /home/simpletime/Project/proj_ws_pcl/install/pcl/share/ament_index/resource_index/parent_prefix_path/pcl
-- Installing: /home/simpletime/Project/proj_ws_pcl/install/pcl/share/pcl/environment/ament_prefix_path.sh
-- Installing: /home/simpletime/Project/proj_ws_pcl/install/pcl/share/pcl/environment/ament_prefix_path.dsv
-- Installing: /home/simpletime/Project/proj_ws_pcl/install/pcl/share/pcl/environment/path.sh
-- Installing: /home/simpletime/Project/proj_ws_pcl/install/pcl/share/pcl/environment/path.dsv
-- Installing: /home/simpletime/Project/proj_ws_pcl/install/pcl/share/pcl/local_setup.bash
-- Installing: /home/simpletime/Project/proj_ws_pcl/install/pcl/share/pcl/local_setup.sh
-- Installing: /home/simpletime/Project/proj_ws_pcl/install/pcl/share/pcl/local_setup.zsh
-- Installing: /home/simpletime/Project/proj_ws_pcl/install/pcl/share/pcl/local_setup.dsv
-- Installing: /home/simpletime/Project/proj_ws_pcl/install/pcl/share/pcl/package.dsv
-- Installing: /home/simpletime/Project/proj_ws_pcl/install/pcl/share/ament_index/resource_index/packages/pcl
-- Installing: /home/simpletime/Project/proj_ws_pcl/install/pcl/share/pcl/cmake/pclConfig.cmake
-- Installing: /home/simpletime/Project/proj_ws_pcl/install/pcl/share/pcl/cmake/pclConfig-version.cmake
-- Installing: /home/simpletime/Project/proj_ws_pcl/install/pcl/share/pcl/package.xml
