[0.010s] Invoking command in '/home/simpletime/project01_book/build/company': CMAKE_PREFIX_PATH=/home/simpletime/project01_book/install/base_interfaces:/home/simpletime/project01_book/install/company:/opt/ros/humble /usr/bin/cmake --build /home/simpletime/project01_book/build/company -- -j4 -l4
[0.056s] [35m[1mConsolidate compiler generated dependencies of target company_a[0m
[0.072s] [ 16%] [32mBuilding CXX object CMakeFiles/company_a.dir/src/company_a.cpp.o[0m
[0.072s] [ 33%] [32mBuilding CXX object CMakeFiles/company_b.dir/src/company_b.cpp.o[0m
[0.072s] [ 50%] [32mBuilding CXX object CMakeFiles/company_c.dir/src/company_c.cpp.o[0m
[7.170s] [ 66%] [32m[1mLinking CXX executable company_a[0m
[7.479s] [ 83%] [32m[1mLinking CXX executable company_b[0m
[7.504s] [100%] [32m[1mLinking CXX executable company_c[0m
[7.644s] [100%] Built target company_a
[7.845s] [100%] Built target company_b
[7.877s] [100%] Built target company_c
[7.891s] Invoked command in '/home/simpletime/project01_book/build/company' returned '0': CMAKE_PREFIX_PATH=/home/simpletime/project01_book/install/base_interfaces:/home/simpletime/project01_book/install/company:/opt/ros/humble /usr/bin/cmake --build /home/simpletime/project01_book/build/company -- -j4 -l4
[7.926s] Invoking command in '/home/simpletime/project01_book/build/company': CMAKE_PREFIX_PATH=/home/simpletime/project01_book/install/base_interfaces:/home/simpletime/project01_book/install/company:/opt/ros/humble /usr/bin/cmake --install /home/simpletime/project01_book/build/company
[7.933s] -- Install configuration: ""
[7.934s] -- Installing: /home/simpletime/project01_book/install/company/lib/company/company_a
[7.939s] -- Set runtime path of "/home/simpletime/project01_book/install/company/lib/company/company_a" to ""
[7.943s] -- Installing: /home/simpletime/project01_book/install/company/lib/company/company_b
[7.945s] -- Set runtime path of "/home/simpletime/project01_book/install/company/lib/company/company_b" to ""
[7.945s] -- Installing: /home/simpletime/project01_book/install/company/lib/company/company_c
[7.950s] -- Set runtime path of "/home/simpletime/project01_book/install/company/lib/company/company_c" to ""
[7.952s] -- Up-to-date: /home/simpletime/project01_book/install/company/share/ament_index/resource_index/package_run_dependencies/company
[7.952s] -- Up-to-date: /home/simpletime/project01_book/install/company/share/ament_index/resource_index/parent_prefix_path/company
[7.955s] -- Up-to-date: /home/simpletime/project01_book/install/company/share/company/environment/ament_prefix_path.sh
[7.955s] -- Up-to-date: /home/simpletime/project01_book/install/company/share/company/environment/ament_prefix_path.dsv
[7.955s] -- Up-to-date: /home/simpletime/project01_book/install/company/share/company/environment/path.sh
[7.956s] -- Up-to-date: /home/simpletime/project01_book/install/company/share/company/environment/path.dsv
[7.956s] -- Up-to-date: /home/simpletime/project01_book/install/company/share/company/local_setup.bash
[7.956s] -- Up-to-date: /home/simpletime/project01_book/install/company/share/company/local_setup.sh
[7.956s] -- Up-to-date: /home/simpletime/project01_book/install/company/share/company/local_setup.zsh
[7.956s] -- Up-to-date: /home/simpletime/project01_book/install/company/share/company/local_setup.dsv
[7.956s] -- Installing: /home/simpletime/project01_book/install/company/share/company/package.dsv
[7.957s] -- Up-to-date: /home/simpletime/project01_book/install/company/share/ament_index/resource_index/packages/company
[7.957s] -- Up-to-date: /home/simpletime/project01_book/install/company/share/company/cmake/companyConfig.cmake
[7.957s] -- Up-to-date: /home/simpletime/project01_book/install/company/share/company/cmake/companyConfig-version.cmake
[7.957s] -- Up-to-date: /home/simpletime/project01_book/install/company/share/company/package.xml
[7.959s] Invoked command in '/home/simpletime/project01_book/build/company' returned '0': CMAKE_PREFIX_PATH=/home/simpletime/project01_book/install/base_interfaces:/home/simpletime/project01_book/install/company:/opt/ros/humble /usr/bin/cmake --install /home/simpletime/project01_book/build/company
