[0.150s] DEBUG:colcon:Command line arguments: ['/usr/bin/colcon', 'build']
[0.150s] DEBUG:colcon:Parsed command line arguments: Namespace(log_base=None, log_level=None, verb_name='build', build_base='build', install_base='install', merge_install=False, symlink_install=False, test_result_base=None, continue_on_error=False, executor='parallel', parallel_workers=32, event_handlers=None, ignore_user_meta=False, metas=['./colcon.meta'], base_paths=['.'], packages_ignore=None, packages_ignore_regex=None, paths=None, packages_up_to=None, packages_up_to_regex=None, packages_above=None, packages_above_and_dependencies=None, packages_above_depth=None, packages_select_by_dep=None, packages_skip_by_dep=None, packages_skip_up_to=None, packages_select_build_failed=False, packages_skip_build_finished=False, packages_select_test_failures=False, packages_skip_test_passed=False, packages_select=None, packages_skip=None, packages_select_regex=None, packages_skip_regex=None, packages_start=None, packages_end=None, allow_overriding=[], cmake_args=None, cmake_target=None, cmake_target_skip_unavailable=False, cmake_clean_cache=False, cmake_clean_first=False, cmake_force_configure=False, ament_cmake_args=None, catkin_cmake_args=None, catkin_skip_building_tests=False, verb_parser=<colcon_defaults.argument_parser.defaults.DefaultArgumentsDecorator object at 0x7fdd2d5dbca0>, verb_extension=<colcon_core.verb.build.BuildVerb object at 0x7fdd2d5db7c0>, main=<bound method BuildVerb.main of <colcon_core.verb.build.BuildVerb object at 0x7fdd2d5db7c0>>)
[0.283s] Level 1:colcon.colcon_core.package_discovery:discover_packages(colcon_meta) check parameters
[0.283s] Level 1:colcon.colcon_core.package_discovery:discover_packages(recursive) check parameters
[0.283s] Level 1:colcon.colcon_core.package_discovery:discover_packages(ignore) check parameters
[0.283s] Level 1:colcon.colcon_core.package_discovery:discover_packages(path) check parameters
[0.283s] Level 1:colcon.colcon_core.package_discovery:discover_packages(colcon_meta) discover
[0.283s] Level 1:colcon.colcon_core.package_discovery:discover_packages(recursive) discover
[0.283s] INFO:colcon.colcon_core.package_discovery:Crawling recursively for packages in '/home/simpletime/Project/ws02_tools'
[0.283s] Level 1:colcon.colcon_core.package_identification:_identify(.) by extensions ['ignore', 'ignore_ament_install']
[0.283s] Level 1:colcon.colcon_core.package_identification:_identify(.) by extension 'ignore'
[0.284s] Level 1:colcon.colcon_core.package_identification:_identify(.) by extension 'ignore_ament_install'
[0.284s] Level 1:colcon.colcon_core.package_identification:_identify(.) by extensions ['colcon_pkg']
[0.284s] Level 1:colcon.colcon_core.package_identification:_identify(.) by extension 'colcon_pkg'
[0.284s] Level 1:colcon.colcon_core.package_identification:_identify(.) by extensions ['colcon_meta']
[0.284s] Level 1:colcon.colcon_core.package_identification:_identify(.) by extension 'colcon_meta'
[0.284s] Level 1:colcon.colcon_core.package_identification:_identify(.) by extensions ['ros']
[0.284s] Level 1:colcon.colcon_core.package_identification:_identify(.) by extension 'ros'
[0.294s] Level 1:colcon.colcon_core.package_identification:_identify(.) by extensions ['cmake', 'python']
[0.295s] Level 1:colcon.colcon_core.package_identification:_identify(.) by extension 'cmake'
[0.295s] Level 1:colcon.colcon_core.package_identification:_identify(.) by extension 'python'
[0.295s] Level 1:colcon.colcon_core.package_identification:_identify(.) by extensions ['python_setup_py']
[0.295s] Level 1:colcon.colcon_core.package_identification:_identify(.) by extension 'python_setup_py'
[0.295s] Level 1:colcon.colcon_core.package_identification:_identify(build) by extensions ['ignore', 'ignore_ament_install']
[0.295s] Level 1:colcon.colcon_core.package_identification:_identify(build) by extension 'ignore'
[0.295s] Level 1:colcon.colcon_core.package_identification:_identify(build) ignored
[0.295s] Level 1:colcon.colcon_core.package_identification:_identify(install) by extensions ['ignore', 'ignore_ament_install']
[0.295s] Level 1:colcon.colcon_core.package_identification:_identify(install) by extension 'ignore'
[0.295s] Level 1:colcon.colcon_core.package_identification:_identify(install) ignored
[0.295s] Level 1:colcon.colcon_core.package_identification:_identify(log) by extensions ['ignore', 'ignore_ament_install']
[0.296s] Level 1:colcon.colcon_core.package_identification:_identify(log) by extension 'ignore'
[0.296s] Level 1:colcon.colcon_core.package_identification:_identify(log) ignored
[0.296s] Level 1:colcon.colcon_core.package_identification:_identify(source) by extensions ['ignore', 'ignore_ament_install']
[0.296s] Level 1:colcon.colcon_core.package_identification:_identify(source) by extension 'ignore'
[0.296s] Level 1:colcon.colcon_core.package_identification:_identify(source) by extension 'ignore_ament_install'
[0.296s] Level 1:colcon.colcon_core.package_identification:_identify(source) by extensions ['colcon_pkg']
[0.296s] Level 1:colcon.colcon_core.package_identification:_identify(source) by extension 'colcon_pkg'
[0.296s] Level 1:colcon.colcon_core.package_identification:_identify(source) by extensions ['colcon_meta']
[0.296s] Level 1:colcon.colcon_core.package_identification:_identify(source) by extension 'colcon_meta'
[0.296s] Level 1:colcon.colcon_core.package_identification:_identify(source) by extensions ['ros']
[0.296s] Level 1:colcon.colcon_core.package_identification:_identify(source) by extension 'ros'
[0.296s] Level 1:colcon.colcon_core.package_identification:_identify(source) by extensions ['cmake', 'python']
[0.296s] Level 1:colcon.colcon_core.package_identification:_identify(source) by extension 'cmake'
[0.296s] Level 1:colcon.colcon_core.package_identification:_identify(source) by extension 'python'
[0.296s] Level 1:colcon.colcon_core.package_identification:_identify(source) by extensions ['python_setup_py']
[0.296s] Level 1:colcon.colcon_core.package_identification:_identify(source) by extension 'python_setup_py'
[0.296s] Level 1:colcon.colcon_core.package_identification:_identify(src) by extensions ['ignore', 'ignore_ament_install']
[0.297s] Level 1:colcon.colcon_core.package_identification:_identify(src) by extension 'ignore'
[0.297s] Level 1:colcon.colcon_core.package_identification:_identify(src) by extension 'ignore_ament_install'
[0.297s] Level 1:colcon.colcon_core.package_identification:_identify(src) by extensions ['colcon_pkg']
[0.297s] Level 1:colcon.colcon_core.package_identification:_identify(src) by extension 'colcon_pkg'
[0.297s] Level 1:colcon.colcon_core.package_identification:_identify(src) by extensions ['colcon_meta']
[0.297s] Level 1:colcon.colcon_core.package_identification:_identify(src) by extension 'colcon_meta'
[0.297s] Level 1:colcon.colcon_core.package_identification:_identify(src) by extensions ['ros']
[0.297s] Level 1:colcon.colcon_core.package_identification:_identify(src) by extension 'ros'
[0.297s] Level 1:colcon.colcon_core.package_identification:_identify(src) by extensions ['cmake', 'python']
[0.297s] Level 1:colcon.colcon_core.package_identification:_identify(src) by extension 'cmake'
[0.297s] Level 1:colcon.colcon_core.package_identification:_identify(src) by extension 'python'
[0.297s] Level 1:colcon.colcon_core.package_identification:_identify(src) by extensions ['python_setup_py']
[0.297s] Level 1:colcon.colcon_core.package_identification:_identify(src) by extension 'python_setup_py'
[0.297s] Level 1:colcon.colcon_core.package_identification:_identify(src/cpp01_tf_broadcaster) by extensions ['ignore', 'ignore_ament_install']
[0.297s] Level 1:colcon.colcon_core.package_identification:_identify(src/cpp01_tf_broadcaster) by extension 'ignore'
[0.297s] Level 1:colcon.colcon_core.package_identification:_identify(src/cpp01_tf_broadcaster) by extension 'ignore_ament_install'
[0.297s] Level 1:colcon.colcon_core.package_identification:_identify(src/cpp01_tf_broadcaster) by extensions ['colcon_pkg']
[0.297s] Level 1:colcon.colcon_core.package_identification:_identify(src/cpp01_tf_broadcaster) by extension 'colcon_pkg'
[0.297s] Level 1:colcon.colcon_core.package_identification:_identify(src/cpp01_tf_broadcaster) by extensions ['colcon_meta']
[0.297s] Level 1:colcon.colcon_core.package_identification:_identify(src/cpp01_tf_broadcaster) by extension 'colcon_meta'
[0.297s] Level 1:colcon.colcon_core.package_identification:_identify(src/cpp01_tf_broadcaster) by extensions ['ros']
[0.297s] Level 1:colcon.colcon_core.package_identification:_identify(src/cpp01_tf_broadcaster) by extension 'ros'
[0.301s] DEBUG:colcon.colcon_core.package_identification:Package 'src/cpp01_tf_broadcaster' with type 'ros.ament_cmake' and name 'cpp01_tf_broadcaster'
[0.301s] Level 1:colcon.colcon_core.package_identification:_identify(src/cpp02_launch) by extensions ['ignore', 'ignore_ament_install']
[0.301s] Level 1:colcon.colcon_core.package_identification:_identify(src/cpp02_launch) by extension 'ignore'
[0.301s] Level 1:colcon.colcon_core.package_identification:_identify(src/cpp02_launch) by extension 'ignore_ament_install'
[0.301s] Level 1:colcon.colcon_core.package_identification:_identify(src/cpp02_launch) by extensions ['colcon_pkg']
[0.301s] Level 1:colcon.colcon_core.package_identification:_identify(src/cpp02_launch) by extension 'colcon_pkg'
[0.301s] Level 1:colcon.colcon_core.package_identification:_identify(src/cpp02_launch) by extensions ['colcon_meta']
[0.301s] Level 1:colcon.colcon_core.package_identification:_identify(src/cpp02_launch) by extension 'colcon_meta'
[0.301s] Level 1:colcon.colcon_core.package_identification:_identify(src/cpp02_launch) by extensions ['ros']
[0.301s] Level 1:colcon.colcon_core.package_identification:_identify(src/cpp02_launch) by extension 'ros'
[0.302s] DEBUG:colcon.colcon_core.package_identification:Package 'src/cpp02_launch' with type 'ros.ament_cmake' and name 'cpp02_launch'
[0.302s] Level 1:colcon.colcon_core.package_discovery:discover_packages(recursive) using defaults
[0.302s] Level 1:colcon.colcon_core.package_discovery:discover_packages(ignore) discover
[0.302s] Level 1:colcon.colcon_core.package_discovery:discover_packages(ignore) using defaults
[0.302s] Level 1:colcon.colcon_core.package_discovery:discover_packages(path) discover
[0.302s] Level 1:colcon.colcon_core.package_discovery:discover_packages(path) using defaults
[0.320s] Level 1:colcon.colcon_core.package_discovery:discover_packages(prefix_path) check parameters
[0.320s] Level 1:colcon.colcon_core.package_discovery:discover_packages(prefix_path) discover
[0.321s] DEBUG:colcon.colcon_installed_package_information.package_discovery:Found 2 installed packages in /home/simpletime/Project/ws02_tools/install
[0.322s] DEBUG:colcon.colcon_installed_package_information.package_discovery:Found 271 installed packages in /opt/ros/humble
[0.324s] Level 1:colcon.colcon_core.package_discovery:discover_packages(prefix_path) using defaults
[0.375s] Level 5:colcon.colcon_core.verb:set package 'cpp01_tf_broadcaster' build argument 'cmake_args' from command line to 'None'
[0.375s] Level 5:colcon.colcon_core.verb:set package 'cpp01_tf_broadcaster' build argument 'cmake_target' from command line to 'None'
[0.375s] Level 5:colcon.colcon_core.verb:set package 'cpp01_tf_broadcaster' build argument 'cmake_target_skip_unavailable' from command line to 'False'
[0.375s] Level 5:colcon.colcon_core.verb:set package 'cpp01_tf_broadcaster' build argument 'cmake_clean_cache' from command line to 'False'
[0.375s] Level 5:colcon.colcon_core.verb:set package 'cpp01_tf_broadcaster' build argument 'cmake_clean_first' from command line to 'False'
[0.375s] Level 5:colcon.colcon_core.verb:set package 'cpp01_tf_broadcaster' build argument 'cmake_force_configure' from command line to 'False'
[0.375s] Level 5:colcon.colcon_core.verb:set package 'cpp01_tf_broadcaster' build argument 'ament_cmake_args' from command line to 'None'
[0.375s] Level 5:colcon.colcon_core.verb:set package 'cpp01_tf_broadcaster' build argument 'catkin_cmake_args' from command line to 'None'
[0.375s] Level 5:colcon.colcon_core.verb:set package 'cpp01_tf_broadcaster' build argument 'catkin_skip_building_tests' from command line to 'False'
[0.376s] DEBUG:colcon.colcon_core.verb:Building package 'cpp01_tf_broadcaster' with the following arguments: {'ament_cmake_args': None, 'build_base': '/home/simpletime/Project/ws02_tools/build/cpp01_tf_broadcaster', 'catkin_cmake_args': None, 'catkin_skip_building_tests': False, 'cmake_args': None, 'cmake_clean_cache': False, 'cmake_clean_first': False, 'cmake_force_configure': False, 'cmake_target': None, 'cmake_target_skip_unavailable': False, 'install_base': '/home/simpletime/Project/ws02_tools/install/cpp01_tf_broadcaster', 'merge_install': False, 'path': '/home/simpletime/Project/ws02_tools/src/cpp01_tf_broadcaster', 'symlink_install': False, 'test_result_base': None}
[0.376s] Level 5:colcon.colcon_core.verb:set package 'cpp02_launch' build argument 'cmake_args' from command line to 'None'
[0.376s] Level 5:colcon.colcon_core.verb:set package 'cpp02_launch' build argument 'cmake_target' from command line to 'None'
[0.376s] Level 5:colcon.colcon_core.verb:set package 'cpp02_launch' build argument 'cmake_target_skip_unavailable' from command line to 'False'
[0.376s] Level 5:colcon.colcon_core.verb:set package 'cpp02_launch' build argument 'cmake_clean_cache' from command line to 'False'
[0.376s] Level 5:colcon.colcon_core.verb:set package 'cpp02_launch' build argument 'cmake_clean_first' from command line to 'False'
[0.376s] Level 5:colcon.colcon_core.verb:set package 'cpp02_launch' build argument 'cmake_force_configure' from command line to 'False'
[0.376s] Level 5:colcon.colcon_core.verb:set package 'cpp02_launch' build argument 'ament_cmake_args' from command line to 'None'
[0.376s] Level 5:colcon.colcon_core.verb:set package 'cpp02_launch' build argument 'catkin_cmake_args' from command line to 'None'
[0.376s] Level 5:colcon.colcon_core.verb:set package 'cpp02_launch' build argument 'catkin_skip_building_tests' from command line to 'False'
[0.376s] DEBUG:colcon.colcon_core.verb:Building package 'cpp02_launch' with the following arguments: {'ament_cmake_args': None, 'build_base': '/home/simpletime/Project/ws02_tools/build/cpp02_launch', 'catkin_cmake_args': None, 'catkin_skip_building_tests': False, 'cmake_args': None, 'cmake_clean_cache': False, 'cmake_clean_first': False, 'cmake_force_configure': False, 'cmake_target': None, 'cmake_target_skip_unavailable': False, 'install_base': '/home/simpletime/Project/ws02_tools/install/cpp02_launch', 'merge_install': False, 'path': '/home/simpletime/Project/ws02_tools/src/cpp02_launch', 'symlink_install': False, 'test_result_base': None}
[0.376s] INFO:colcon.colcon_core.executor:Executing jobs using 'parallel' executor
[0.377s] DEBUG:colcon.colcon_parallel_executor.executor.parallel:run_until_complete
[0.377s] INFO:colcon.colcon_ros.task.ament_cmake.build:Building ROS package in '/home/simpletime/Project/ws02_tools/src/cpp01_tf_broadcaster' with build type 'ament_cmake'
[0.378s] INFO:colcon.colcon_cmake.task.cmake.build:Building CMake package in '/home/simpletime/Project/ws02_tools/src/cpp01_tf_broadcaster'
[0.381s] INFO:colcon.colcon_core.plugin_system:Skipping extension 'colcon_core.shell.bat': Not used on non-Windows systems
[0.381s] INFO:colcon.colcon_core.shell:Skip shell extension 'powershell' for command environment: Not usable outside of PowerShell
[0.381s] DEBUG:colcon.colcon_core.shell:Skip shell extension 'dsv' for command environment
[0.385s] INFO:colcon.colcon_ros.task.ament_cmake.build:Building ROS package in '/home/simpletime/Project/ws02_tools/src/cpp02_launch' with build type 'ament_cmake'
[0.385s] INFO:colcon.colcon_cmake.task.cmake.build:Building CMake package in '/home/simpletime/Project/ws02_tools/src/cpp02_launch'
[0.385s] INFO:colcon.colcon_core.shell:Skip shell extension 'powershell' for command environment: Not usable outside of PowerShell
[0.385s] DEBUG:colcon.colcon_core.shell:Skip shell extension 'dsv' for command environment
[0.399s] DEBUG:colcon.colcon_core.event_handler.log_command:Invoking command in '/home/simpletime/Project/ws02_tools/build/cpp01_tf_broadcaster': CMAKE_PREFIX_PATH=${CMAKE_PREFIX_PATH}:/opt/ros/humble /usr/bin/cmake --build /home/simpletime/Project/ws02_tools/build/cpp01_tf_broadcaster -- -j32 -l32
[0.404s] DEBUG:colcon.colcon_core.event_handler.log_command:Invoking command in '/home/simpletime/Project/ws02_tools/build/cpp02_launch': CMAKE_PREFIX_PATH=${CMAKE_PREFIX_PATH}:/opt/ros/humble /usr/bin/cmake --build /home/simpletime/Project/ws02_tools/build/cpp02_launch -- -j32 -l32
[0.439s] DEBUG:colcon.colcon_core.event_handler.log_command:Invoked command in '/home/simpletime/Project/ws02_tools/build/cpp02_launch' returned '0': CMAKE_PREFIX_PATH=${CMAKE_PREFIX_PATH}:/opt/ros/humble /usr/bin/cmake --build /home/simpletime/Project/ws02_tools/build/cpp02_launch -- -j32 -l32
[0.469s] DEBUG:colcon.colcon_core.event_handler.log_command:Invoking command in '/home/simpletime/Project/ws02_tools/build/cpp02_launch': CMAKE_PREFIX_PATH=${CMAKE_PREFIX_PATH}:/opt/ros/humble /usr/bin/cmake --install /home/simpletime/Project/ws02_tools/build/cpp02_launch
[0.479s] Level 1:colcon.colcon_core.environment:create_environment_scripts_only(cpp02_launch)
[0.480s] DEBUG:colcon.colcon_core.event_handler.log_command:Invoked command in '/home/simpletime/Project/ws02_tools/build/cpp02_launch' returned '0': CMAKE_PREFIX_PATH=${CMAKE_PREFIX_PATH}:/opt/ros/humble /usr/bin/cmake --install /home/simpletime/Project/ws02_tools/build/cpp02_launch
[0.482s] Level 1:colcon.colcon_core.environment:checking '/home/simpletime/Project/ws02_tools/install/cpp02_launch' for CMake module files
[0.482s] Level 1:colcon.colcon_core.environment:checking '/home/simpletime/Project/ws02_tools/install/cpp02_launch' for CMake config files
[0.482s] Level 1:colcon.colcon_core.shell:create_environment_hook('cpp02_launch', 'cmake_prefix_path')
[0.483s] INFO:colcon.colcon_core.shell:Creating environment hook '/home/simpletime/Project/ws02_tools/install/cpp02_launch/share/cpp02_launch/hook/cmake_prefix_path.ps1'
[0.484s] INFO:colcon.colcon_core.shell:Creating environment descriptor '/home/simpletime/Project/ws02_tools/install/cpp02_launch/share/cpp02_launch/hook/cmake_prefix_path.dsv'
[0.484s] INFO:colcon.colcon_core.shell:Creating environment hook '/home/simpletime/Project/ws02_tools/install/cpp02_launch/share/cpp02_launch/hook/cmake_prefix_path.sh'
[0.485s] Level 1:colcon.colcon_core.environment:checking '/home/simpletime/Project/ws02_tools/install/cpp02_launch/bin'
[0.485s] Level 1:colcon.colcon_core.environment:checking '/home/simpletime/Project/ws02_tools/install/cpp02_launch/lib/pkgconfig/cpp02_launch.pc'
[0.485s] Level 1:colcon.colcon_core.environment:checking '/home/simpletime/Project/ws02_tools/install/cpp02_launch/lib/python3.10/site-packages'
[0.485s] Level 1:colcon.colcon_core.environment:checking '/home/simpletime/Project/ws02_tools/install/cpp02_launch/bin'
[0.486s] INFO:colcon.colcon_core.shell:Creating package script '/home/simpletime/Project/ws02_tools/install/cpp02_launch/share/cpp02_launch/package.ps1'
[0.486s] INFO:colcon.colcon_core.shell:Creating package descriptor '/home/simpletime/Project/ws02_tools/install/cpp02_launch/share/cpp02_launch/package.dsv'
[0.487s] INFO:colcon.colcon_core.shell:Creating package script '/home/simpletime/Project/ws02_tools/install/cpp02_launch/share/cpp02_launch/package.sh'
[0.488s] INFO:colcon.colcon_core.shell:Creating package script '/home/simpletime/Project/ws02_tools/install/cpp02_launch/share/cpp02_launch/package.bash'
[0.489s] INFO:colcon.colcon_core.shell:Creating package script '/home/simpletime/Project/ws02_tools/install/cpp02_launch/share/cpp02_launch/package.zsh'
[0.489s] Level 1:colcon.colcon_core.environment:create_file_with_runtime_dependencies(/home/simpletime/Project/ws02_tools/install/cpp02_launch/share/colcon-core/packages/cpp02_launch)
[0.510s] Level 1:colcon.colcon_core.environment:create_environment_scripts_only(cpp02_launch)
[0.511s] Level 1:colcon.colcon_core.environment:checking '/home/simpletime/Project/ws02_tools/install/cpp02_launch' for CMake module files
[0.511s] Level 1:colcon.colcon_core.environment:checking '/home/simpletime/Project/ws02_tools/install/cpp02_launch' for CMake config files
[0.511s] Level 1:colcon.colcon_core.shell:create_environment_hook('cpp02_launch', 'cmake_prefix_path')
[0.512s] INFO:colcon.colcon_core.shell:Creating environment hook '/home/simpletime/Project/ws02_tools/install/cpp02_launch/share/cpp02_launch/hook/cmake_prefix_path.ps1'
[0.512s] INFO:colcon.colcon_core.shell:Creating environment descriptor '/home/simpletime/Project/ws02_tools/install/cpp02_launch/share/cpp02_launch/hook/cmake_prefix_path.dsv'
[0.512s] INFO:colcon.colcon_core.shell:Creating environment hook '/home/simpletime/Project/ws02_tools/install/cpp02_launch/share/cpp02_launch/hook/cmake_prefix_path.sh'
[0.513s] Level 1:colcon.colcon_core.environment:checking '/home/simpletime/Project/ws02_tools/install/cpp02_launch/bin'
[0.513s] Level 1:colcon.colcon_core.environment:checking '/home/simpletime/Project/ws02_tools/install/cpp02_launch/lib/pkgconfig/cpp02_launch.pc'
[0.513s] Level 1:colcon.colcon_core.environment:checking '/home/simpletime/Project/ws02_tools/install/cpp02_launch/lib/python3.10/site-packages'
[0.514s] Level 1:colcon.colcon_core.environment:checking '/home/simpletime/Project/ws02_tools/install/cpp02_launch/bin'
[0.514s] INFO:colcon.colcon_core.shell:Creating package script '/home/simpletime/Project/ws02_tools/install/cpp02_launch/share/cpp02_launch/package.ps1'
[0.514s] INFO:colcon.colcon_core.shell:Creating package descriptor '/home/simpletime/Project/ws02_tools/install/cpp02_launch/share/cpp02_launch/package.dsv'
[0.515s] INFO:colcon.colcon_core.shell:Creating package script '/home/simpletime/Project/ws02_tools/install/cpp02_launch/share/cpp02_launch/package.sh'
[0.515s] INFO:colcon.colcon_core.shell:Creating package script '/home/simpletime/Project/ws02_tools/install/cpp02_launch/share/cpp02_launch/package.bash'
[0.516s] INFO:colcon.colcon_core.shell:Creating package script '/home/simpletime/Project/ws02_tools/install/cpp02_launch/share/cpp02_launch/package.zsh'
[0.516s] Level 1:colcon.colcon_core.environment:create_file_with_runtime_dependencies(/home/simpletime/Project/ws02_tools/install/cpp02_launch/share/colcon-core/packages/cpp02_launch)
[19.481s] DEBUG:colcon.colcon_core.event_handler.log_command:Invoked command in '/home/simpletime/Project/ws02_tools/build/cpp01_tf_broadcaster' returned '0': CMAKE_PREFIX_PATH=${CMAKE_PREFIX_PATH}:/opt/ros/humble /usr/bin/cmake --build /home/simpletime/Project/ws02_tools/build/cpp01_tf_broadcaster -- -j32 -l32
[19.526s] DEBUG:colcon.colcon_core.event_handler.log_command:Invoking command in '/home/simpletime/Project/ws02_tools/build/cpp01_tf_broadcaster': CMAKE_PREFIX_PATH=${CMAKE_PREFIX_PATH}:/opt/ros/humble /usr/bin/cmake --install /home/simpletime/Project/ws02_tools/build/cpp01_tf_broadcaster
[19.544s] Level 1:colcon.colcon_core.environment:create_environment_scripts_only(cpp01_tf_broadcaster)
[19.544s] DEBUG:colcon.colcon_core.event_handler.log_command:Invoked command in '/home/simpletime/Project/ws02_tools/build/cpp01_tf_broadcaster' returned '0': CMAKE_PREFIX_PATH=${CMAKE_PREFIX_PATH}:/opt/ros/humble /usr/bin/cmake --install /home/simpletime/Project/ws02_tools/build/cpp01_tf_broadcaster
[19.545s] Level 1:colcon.colcon_core.environment:checking '/home/simpletime/Project/ws02_tools/install/cpp01_tf_broadcaster' for CMake module files
[19.545s] Level 1:colcon.colcon_core.environment:checking '/home/simpletime/Project/ws02_tools/install/cpp01_tf_broadcaster' for CMake config files
[19.546s] Level 1:colcon.colcon_core.shell:create_environment_hook('cpp01_tf_broadcaster', 'cmake_prefix_path')
[19.546s] INFO:colcon.colcon_core.shell:Creating environment hook '/home/simpletime/Project/ws02_tools/install/cpp01_tf_broadcaster/share/cpp01_tf_broadcaster/hook/cmake_prefix_path.ps1'
[19.546s] INFO:colcon.colcon_core.shell:Creating environment descriptor '/home/simpletime/Project/ws02_tools/install/cpp01_tf_broadcaster/share/cpp01_tf_broadcaster/hook/cmake_prefix_path.dsv'
[19.547s] INFO:colcon.colcon_core.shell:Creating environment hook '/home/simpletime/Project/ws02_tools/install/cpp01_tf_broadcaster/share/cpp01_tf_broadcaster/hook/cmake_prefix_path.sh'
[19.547s] Level 1:colcon.colcon_core.environment:checking '/home/simpletime/Project/ws02_tools/install/cpp01_tf_broadcaster/lib'
[19.548s] Level 1:colcon.colcon_core.environment:checking '/home/simpletime/Project/ws02_tools/install/cpp01_tf_broadcaster/bin'
[19.548s] Level 1:colcon.colcon_core.environment:checking '/home/simpletime/Project/ws02_tools/install/cpp01_tf_broadcaster/lib/pkgconfig/cpp01_tf_broadcaster.pc'
[19.548s] Level 1:colcon.colcon_core.environment:checking '/home/simpletime/Project/ws02_tools/install/cpp01_tf_broadcaster/lib/python3.10/site-packages'
[19.548s] Level 1:colcon.colcon_core.environment:checking '/home/simpletime/Project/ws02_tools/install/cpp01_tf_broadcaster/bin'
[19.548s] INFO:colcon.colcon_core.shell:Creating package script '/home/simpletime/Project/ws02_tools/install/cpp01_tf_broadcaster/share/cpp01_tf_broadcaster/package.ps1'
[19.549s] INFO:colcon.colcon_core.shell:Creating package descriptor '/home/simpletime/Project/ws02_tools/install/cpp01_tf_broadcaster/share/cpp01_tf_broadcaster/package.dsv'
[19.549s] INFO:colcon.colcon_core.shell:Creating package script '/home/simpletime/Project/ws02_tools/install/cpp01_tf_broadcaster/share/cpp01_tf_broadcaster/package.sh'
[19.550s] INFO:colcon.colcon_core.shell:Creating package script '/home/simpletime/Project/ws02_tools/install/cpp01_tf_broadcaster/share/cpp01_tf_broadcaster/package.bash'
[19.550s] INFO:colcon.colcon_core.shell:Creating package script '/home/simpletime/Project/ws02_tools/install/cpp01_tf_broadcaster/share/cpp01_tf_broadcaster/package.zsh'
[19.550s] Level 1:colcon.colcon_core.environment:create_file_with_runtime_dependencies(/home/simpletime/Project/ws02_tools/install/cpp01_tf_broadcaster/share/colcon-core/packages/cpp01_tf_broadcaster)
[19.593s] Level 1:colcon.colcon_core.environment:create_environment_scripts_only(cpp01_tf_broadcaster)
[19.594s] Level 1:colcon.colcon_core.environment:checking '/home/simpletime/Project/ws02_tools/install/cpp01_tf_broadcaster' for CMake module files
[19.594s] Level 1:colcon.colcon_core.environment:checking '/home/simpletime/Project/ws02_tools/install/cpp01_tf_broadcaster' for CMake config files
[19.595s] Level 1:colcon.colcon_core.shell:create_environment_hook('cpp01_tf_broadcaster', 'cmake_prefix_path')
[19.595s] INFO:colcon.colcon_core.shell:Creating environment hook '/home/simpletime/Project/ws02_tools/install/cpp01_tf_broadcaster/share/cpp01_tf_broadcaster/hook/cmake_prefix_path.ps1'
[19.595s] INFO:colcon.colcon_core.shell:Creating environment descriptor '/home/simpletime/Project/ws02_tools/install/cpp01_tf_broadcaster/share/cpp01_tf_broadcaster/hook/cmake_prefix_path.dsv'
[19.596s] INFO:colcon.colcon_core.shell:Creating environment hook '/home/simpletime/Project/ws02_tools/install/cpp01_tf_broadcaster/share/cpp01_tf_broadcaster/hook/cmake_prefix_path.sh'
[19.596s] Level 1:colcon.colcon_core.environment:checking '/home/simpletime/Project/ws02_tools/install/cpp01_tf_broadcaster/lib'
[19.596s] Level 1:colcon.colcon_core.environment:checking '/home/simpletime/Project/ws02_tools/install/cpp01_tf_broadcaster/bin'
[19.597s] Level 1:colcon.colcon_core.environment:checking '/home/simpletime/Project/ws02_tools/install/cpp01_tf_broadcaster/lib/pkgconfig/cpp01_tf_broadcaster.pc'
[19.597s] Level 1:colcon.colcon_core.environment:checking '/home/simpletime/Project/ws02_tools/install/cpp01_tf_broadcaster/lib/python3.10/site-packages'
[19.597s] Level 1:colcon.colcon_core.environment:checking '/home/simpletime/Project/ws02_tools/install/cpp01_tf_broadcaster/bin'
[19.597s] INFO:colcon.colcon_core.shell:Creating package script '/home/simpletime/Project/ws02_tools/install/cpp01_tf_broadcaster/share/cpp01_tf_broadcaster/package.ps1'
[19.598s] INFO:colcon.colcon_core.shell:Creating package descriptor '/home/simpletime/Project/ws02_tools/install/cpp01_tf_broadcaster/share/cpp01_tf_broadcaster/package.dsv'
[19.598s] INFO:colcon.colcon_core.shell:Creating package script '/home/simpletime/Project/ws02_tools/install/cpp01_tf_broadcaster/share/cpp01_tf_broadcaster/package.sh'
[19.598s] INFO:colcon.colcon_core.shell:Creating package script '/home/simpletime/Project/ws02_tools/install/cpp01_tf_broadcaster/share/cpp01_tf_broadcaster/package.bash'
[19.599s] INFO:colcon.colcon_core.shell:Creating package script '/home/simpletime/Project/ws02_tools/install/cpp01_tf_broadcaster/share/cpp01_tf_broadcaster/package.zsh'
[19.599s] Level 1:colcon.colcon_core.environment:create_file_with_runtime_dependencies(/home/simpletime/Project/ws02_tools/install/cpp01_tf_broadcaster/share/colcon-core/packages/cpp01_tf_broadcaster)
[19.600s] DEBUG:colcon.colcon_parallel_executor.executor.parallel:closing loop
[19.600s] DEBUG:colcon.colcon_parallel_executor.executor.parallel:loop closed
[19.600s] DEBUG:colcon.colcon_parallel_executor.executor.parallel:run_until_complete finished with '0'
[19.601s] DEBUG:colcon.colcon_core.event_reactor:joining thread
[19.640s] INFO:colcon.colcon_core.plugin_system:Skipping extension 'colcon_notification.desktop_notification.notify_send': Could not find 'notify-send'
[19.641s] INFO:colcon.colcon_core.plugin_system:Skipping extension 'colcon_notification.desktop_notification.terminal_notifier': Not used on non-Darwin systems
[19.641s] INFO:colcon.colcon_core.plugin_system:Skipping extension 'colcon_notification.desktop_notification.win32': Not used on non-Windows systems
[19.641s] INFO:colcon.colcon_notification.desktop_notification:Sending desktop notification using 'notify2'
[19.642s] DEBUG:colcon.colcon_notification.desktop_notification.notify2:Failed to initialize notify2: org.freedesktop.DBus.Error.ServiceUnknown: The name org.freedesktop.Notifications was not provided by any .service files
[19.643s] DEBUG:colcon.colcon_core.event_reactor:joined thread
[19.643s] INFO:colcon.colcon_core.shell:Creating prefix script '/home/simpletime/Project/ws02_tools/install/local_setup.ps1'
[19.644s] INFO:colcon.colcon_core.shell:Creating prefix util module '/home/simpletime/Project/ws02_tools/install/_local_setup_util_ps1.py'
[19.646s] INFO:colcon.colcon_core.shell:Creating prefix chain script '/home/simpletime/Project/ws02_tools/install/setup.ps1'
[19.647s] INFO:colcon.colcon_core.shell:Creating prefix script '/home/simpletime/Project/ws02_tools/install/local_setup.sh'
[19.648s] INFO:colcon.colcon_core.shell:Creating prefix util module '/home/simpletime/Project/ws02_tools/install/_local_setup_util_sh.py'
[19.648s] INFO:colcon.colcon_core.shell:Creating prefix chain script '/home/simpletime/Project/ws02_tools/install/setup.sh'
[19.649s] INFO:colcon.colcon_core.shell:Creating prefix script '/home/simpletime/Project/ws02_tools/install/local_setup.bash'
[19.650s] INFO:colcon.colcon_core.shell:Creating prefix chain script '/home/simpletime/Project/ws02_tools/install/setup.bash'
[19.651s] INFO:colcon.colcon_core.shell:Creating prefix script '/home/simpletime/Project/ws02_tools/install/local_setup.zsh'
[19.651s] INFO:colcon.colcon_core.shell:Creating prefix chain script '/home/simpletime/Project/ws02_tools/install/setup.zsh'
