[0.013s] Invoking command in '/home/simpletime/Project/proj_ws_pcl/build/pcl': CMAKE_PREFIX_PATH=/opt/ros/humble /usr/bin/cmake --build /home/simpletime/Project/proj_ws_pcl/build/pcl -- -j32 -l32
[0.080s] -- Found ament_cmake: 1.3.10 (/opt/ros/humble/share/ament_cmake/cmake)
[0.193s] -- Found rclcpp: 16.0.10 (/opt/ros/humble/share/rclcpp/cmake)
[0.325s] -- Found rosidl_generator_c: 3.1.5 (/opt/ros/humble/share/rosidl_generator_c/cmake)
[0.328s] -- Found rosidl_adapter: 3.1.5 (/opt/ros/humble/share/rosidl_adapter/cmake)
[0.338s] -- Found rosidl_generator_cpp: 3.1.5 (/opt/ros/humble/share/rosidl_generator_cpp/cmake)
[0.350s] -- Using all available rosidl_typesupport_c: rosidl_typesupport_fastrtps_c;rosidl_typesupport_introspection_c
[0.363s] -- Using all available rosidl_typesupport_cpp: rosidl_typesupport_fastrtps_cpp;rosidl_typesupport_introspection_cpp
[0.391s] -- Found rmw_implementation_cmake: 6.1.2 (/opt/ros/humble/share/rmw_implementation_cmake/cmake)
[0.393s] -- Found rmw_fastrtps_cpp: 6.2.7 (/opt/ros/humble/share/rmw_fastrtps_cpp/cmake)
[4.297s] -- Using RMW implementation 'rmw_fastrtps_cpp' as default
[4.356s] -- Found sensor_msgs: 4.2.4 (/opt/ros/humble/share/sensor_msgs/cmake)
[4.387s] -- Found rviz2: 11.2.13 (/opt/ros/humble/share/rviz2/cmake)
[4.398s] -- Eigen found (include: /usr/include/eigen3, version: 3.4.0)
[5.538s] -- FLANN found (include: /usr/include, lib: /usr/lib/x86_64-linux-gnu/libflann_cpp.so)
[8.598s] -- OpenNI found (version: 1.5.4.0, include: /usr/include/ni, lib: /usr/lib/libOpenNI.so;libusb::libusb)
[8.603s] -- OpenNI2 found (version: 2.2.0.33, include: /usr/include/openni2, lib: /usr/lib/x86_64-linux-gnu/libOpenNI2.so;libusb::libusb)
[8.603s] [0m** WARNING ** io features related to pcap will be disabled[0m
[10.227s] -- Eigen found (include: /usr/include/eigen3, version: 3.4.0)
[10.231s] -- OpenNI found (version: 1.5.4.0, include: /usr/include/ni, lib: /usr/lib/libOpenNI.so;libusb::libusb)
[10.235s] -- OpenNI2 found (version: 2.2.0.33, include: /usr/include/openni2, lib: /usr/lib/x86_64-linux-gnu/libOpenNI2.so;libusb::libusb)
[11.950s] -- Found Qhull version 8.0.2
[13.613s] -- OpenNI found (version: 1.5.4.0, include: /usr/include/ni, lib: /usr/lib/libOpenNI.so;libusb::libusb)
[14.969s] -- looking for PCL_COMMON
[14.969s] -- looking for PCL_KDTREE
[14.969s] -- looking for PCL_OCTREE
[14.969s] -- looking for PCL_SEARCH
[14.969s] -- looking for PCL_SAMPLE_CONSENSUS
[14.970s] -- looking for PCL_FILTERS
[14.970s] -- looking for PCL_2D
[14.970s] -- looking for PCL_GEOMETRY
[14.970s] -- looking for PCL_IO
[14.971s] -- looking for PCL_FEATURES
[14.971s] -- looking for PCL_ML
[14.971s] -- looking for PCL_SEGMENTATION
[14.972s] -- looking for PCL_VISUALIZATION
[14.972s] -- looking for PCL_SURFACE
[14.972s] -- looking for PCL_REGISTRATION
[14.973s] -- looking for PCL_KEYPOINTS
[14.973s] -- looking for PCL_TRACKING
[14.973s] -- looking for PCL_RECOGNITION
[14.973s] -- looking for PCL_STEREO
[14.973s] -- looking for PCL_APPS
[14.974s] -- looking for PCL_IN_HAND_SCANNER
[14.974s] -- looking for PCL_MODELER
[14.975s] -- looking for PCL_POINT_CLOUD_EDITOR
[14.975s] -- looking for PCL_OUTOFCORE
[14.975s] -- looking for PCL_PEOPLE
[14.983s] -- Found tf2: 0.25.8 (/opt/ros/humble/share/tf2/cmake)
[14.993s] -- Found tf2_ros: 0.25.8 (/opt/ros/humble/share/tf2_ros/cmake)
[15.055s] -- Found turtlesim: 1.4.2 (/opt/ros/humble/share/turtlesim/cmake)
[15.067s] -- Found ament_lint_auto: 0.12.11 (/opt/ros/humble/share/ament_lint_auto/cmake)
[15.127s] -- Added test 'copyright' to check source files copyright and LICENSE
[15.128s] -- Added test 'cppcheck' to perform static code analysis on C / C++ code
[15.128s] -- Configured cppcheck include dirs: $<BUILD_INTERFACE:/home/simpletime/Project/proj_ws_pcl/src/pcl/include>
[15.128s] -- Configured cppcheck exclude dirs and/or files: 
[15.128s] -- Added test 'cpplint' to check C / C++ code against the Google style
[15.129s] -- Configured cpplint exclude dirs and/or files: 
[15.129s] -- Added test 'lint_cmake' to check CMake code style
[15.130s] -- Added test 'uncrustify' to check C / C++ code style
[15.130s] -- Configured uncrustify additional arguments: 
[15.130s] -- Added test 'xmllint' to check XML markup files
[15.132s] -- Configuring done
[15.186s] -- Generating done
[15.189s] -- Build files have been written to: /home/simpletime/Project/proj_ws_pcl/build/pcl
[15.231s] [ 50%] [32mBuilding CXX object CMakeFiles/reg_pcl.dir/src/reg_pcl.cpp.o[0m
[16.326s] [01m[K/home/simpletime/Project/proj_ws_pcl/src/pcl/src/reg_pcl.cpp:6:10:[m[K [01;31m[Kfatal error: [m[Kpcl_conversions/pcl_conversions.h: No such file or directory
[16.326s]     6 | #include [01;31m[K"pcl_conversions/pcl_conversions.h"[m[K
[16.326s]       |          [01;31m[K^~~~~~~~~~~~~~~~~~~~~~~~~~~~~~~~~~~[m[K
[16.326s] compilation terminated.
[16.335s] gmake[2]: *** [CMakeFiles/reg_pcl.dir/build.make:76: CMakeFiles/reg_pcl.dir/src/reg_pcl.cpp.o] Error 1
[16.335s] gmake[1]: *** [CMakeFiles/Makefile2:137: CMakeFiles/reg_pcl.dir/all] Error 2
[16.336s] gmake: *** [Makefile:146: all] Error 2
[16.339s] Invoked command in '/home/simpletime/Project/proj_ws_pcl/build/pcl' returned '2': CMAKE_PREFIX_PATH=/opt/ros/humble /usr/bin/cmake --build /home/simpletime/Project/proj_ws_pcl/build/pcl -- -j32 -l32
