[0.338s] Invoking command in '/home/simpletime/ws01_plumbing/src/py01_topic': CMAKE_PREFIX_PATH=/home/simpletime/ws01_plumbing/install/base_interfaces_demo:/home/simpletime/ws01_plumbing/install/py01_topic:/home/simpletime/ws01_plumbing/install/cpp01_topic PYTHONPATH=/home/simpletime/ws01_plumbing/build/py01_topic/prefix_override:/usr/lib/python3/dist-packages/colcon_core/task/python/colcon_distutils_commands:/home/simpletime/ws01_plumbing/install/py01_topic/lib/python3.10/site-packages:${PYTHONPATH} /usr/bin/python3 -W ignore:setup.py install is deprecated setup.py egg_info --egg-base ../../build/py01_topic build --build-base /home/simpletime/ws01_plumbing/build/py01_topic/build install --record /home/simpletime/ws01_plumbing/build/py01_topic/install.log --single-version-externally-managed install_data
[0.456s] running egg_info
[0.456s] writing ../../build/py01_topic/py01_topic.egg-info/PKG-INFO
[0.457s] writing dependency_links to ../../build/py01_topic/py01_topic.egg-info/dependency_links.txt
[0.457s] writing entry points to ../../build/py01_topic/py01_topic.egg-info/entry_points.txt
[0.457s] writing requirements to ../../build/py01_topic/py01_topic.egg-info/requires.txt
[0.457s] writing top-level names to ../../build/py01_topic/py01_topic.egg-info/top_level.txt
[0.458s] reading manifest file '../../build/py01_topic/py01_topic.egg-info/SOURCES.txt'
[0.459s] writing manifest file '../../build/py01_topic/py01_topic.egg-info/SOURCES.txt'
[0.459s] running build
[0.459s] running build_py
[0.459s] copying py01_topic/demo02_listener_str_py.py -> /home/simpletime/ws01_plumbing/build/py01_topic/build/lib/py01_topic
[0.459s] running install
[0.459s] running install_lib
[0.460s] copying /home/simpletime/ws01_plumbing/build/py01_topic/build/lib/py01_topic/demo02_listener_str_py.py -> /home/simpletime/ws01_plumbing/install/py01_topic/lib/python3.10/site-packages/py01_topic
[0.460s] byte-compiling /home/simpletime/ws01_plumbing/install/py01_topic/lib/python3.10/site-packages/py01_topic/demo02_listener_str_py.py to demo02_listener_str_py.cpython-310.pyc
[0.460s] running install_data
[0.460s] running install_egg_info
[0.461s] removing '/home/simpletime/ws01_plumbing/install/py01_topic/lib/python3.10/site-packages/py01_topic-0.0.0-py3.10.egg-info' (and everything under it)
[0.462s] Copying ../../build/py01_topic/py01_topic.egg-info to /home/simpletime/ws01_plumbing/install/py01_topic/lib/python3.10/site-packages/py01_topic-0.0.0-py3.10.egg-info
[0.462s] running install_scripts
[0.474s] Installing demo01_talker_str_py script to /home/simpletime/ws01_plumbing/install/py01_topic/lib/py01_topic
[0.474s] Installing demo02_listener_str_py script to /home/simpletime/ws01_plumbing/install/py01_topic/lib/py01_topic
[0.475s] writing list of installed files to '/home/simpletime/ws01_plumbing/build/py01_topic/install.log'
[0.488s] Invoked command in '/home/simpletime/ws01_plumbing/src/py01_topic' returned '0': CMAKE_PREFIX_PATH=/home/simpletime/ws01_plumbing/install/base_interfaces_demo:/home/simpletime/ws01_plumbing/install/py01_topic:/home/simpletime/ws01_plumbing/install/cpp01_topic PYTHONPATH=/home/simpletime/ws01_plumbing/build/py01_topic/prefix_override:/usr/lib/python3/dist-packages/colcon_core/task/python/colcon_distutils_commands:/home/simpletime/ws01_plumbing/install/py01_topic/lib/python3.10/site-packages:${PYTHONPATH} /usr/bin/python3 -W ignore:setup.py install is deprecated setup.py egg_info --egg-base ../../build/py01_topic build --build-base /home/simpletime/ws01_plumbing/build/py01_topic/build install --record /home/simpletime/ws01_plumbing/build/py01_topic/install.log --single-version-externally-managed install_data
