[0.016s] Invoking command in '/home/simpletime/Project/proj_ws_pcl/build/pcl': CMAKE_PREFIX_PATH=/opt/ros/humble /usr/bin/cmake /home/simpletime/Project/proj_ws_pcl/src/pcl -DCMAKE_INSTALL_PREFIX=/home/simpletime/Project/proj_ws_pcl/install/pcl
[0.048s] -- Found ament_cmake: 1.3.10 (/opt/ros/humble/share/ament_cmake/cmake)
[0.178s] -- Found rclcpp: 16.0.10 (/opt/ros/humble/share/rclcpp/cmake)
[0.299s] -- Found rosidl_generator_c: 3.1.5 (/opt/ros/humble/share/rosidl_generator_c/cmake)
[0.303s] -- Found rosidl_adapter: 3.1.5 (/opt/ros/humble/share/rosidl_adapter/cmake)
[0.313s] -- Found rosidl_generator_cpp: 3.1.5 (/opt/ros/humble/share/rosidl_generator_cpp/cmake)
[0.327s] -- Using all available rosidl_typesupport_c: rosidl_typesupport_fastrtps_c;rosidl_typesupport_introspection_c
[0.343s] -- Using all available rosidl_typesupport_cpp: rosidl_typesupport_fastrtps_cpp;rosidl_typesupport_introspection_cpp
[0.388s] -- Found rmw_implementation_cmake: 6.1.2 (/opt/ros/humble/share/rmw_implementation_cmake/cmake)
[0.391s] -- Found rmw_fastrtps_cpp: 6.2.7 (/opt/ros/humble/share/rmw_fastrtps_cpp/cmake)
[3.895s] -- Using RMW implementation 'rmw_fastrtps_cpp' as default
[3.961s] -- Found sensor_msgs: 4.2.4 (/opt/ros/humble/share/sensor_msgs/cmake)
[4.006s] -- Eigen found (include: /usr/include/eigen3, version: 3.4.0)
[5.128s] -- FLANN found (include: /usr/include, lib: /usr/lib/x86_64-linux-gnu/libflann_cpp.so)
[8.006s] -- OpenNI found (version: 1.5.4.0, include: /usr/include/ni, lib: /usr/lib/libOpenNI.so;libusb::libusb)
[8.013s] -- OpenNI2 found (version: 2.2.0.33, include: /usr/include/openni2, lib: /usr/lib/x86_64-linux-gnu/libOpenNI2.so;libusb::libusb)
[8.013s] [0m** WARNING ** io features related to pcap will be disabled[0m
[9.505s] -- Eigen found (include: /usr/include/eigen3, version: 3.4.0)
[9.509s] -- OpenNI found (version: 1.5.4.0, include: /usr/include/ni, lib: /usr/lib/libOpenNI.so;libusb::libusb)
[9.513s] -- OpenNI2 found (version: 2.2.0.33, include: /usr/include/openni2, lib: /usr/lib/x86_64-linux-gnu/libOpenNI2.so;libusb::libusb)
[11.007s] -- Found Qhull version 8.0.2
[12.503s] -- OpenNI found (version: 1.5.4.0, include: /usr/include/ni, lib: /usr/lib/libOpenNI.so;libusb::libusb)
[13.993s] -- looking for PCL_COMMON
[13.993s] -- looking for PCL_KDTREE
[13.993s] -- looking for PCL_OCTREE
[13.993s] -- looking for PCL_SEARCH
[13.993s] -- looking for PCL_SAMPLE_CONSENSUS
[13.994s] -- looking for PCL_FILTERS
[13.994s] -- looking for PCL_2D
[13.994s] -- looking for PCL_GEOMETRY
[13.995s] -- looking for PCL_IO
[13.995s] -- looking for PCL_FEATURES
[13.995s] -- looking for PCL_ML
[13.995s] -- looking for PCL_SEGMENTATION
[13.995s] -- looking for PCL_VISUALIZATION
[13.996s] -- looking for PCL_SURFACE
[13.996s] -- looking for PCL_REGISTRATION
[13.996s] -- looking for PCL_KEYPOINTS
[13.996s] -- looking for PCL_TRACKING
[13.997s] -- looking for PCL_RECOGNITION
[13.997s] -- looking for PCL_STEREO
[13.997s] -- looking for PCL_APPS
[13.998s] -- looking for PCL_IN_HAND_SCANNER
[13.998s] -- looking for PCL_MODELER
[13.998s] -- looking for PCL_POINT_CLOUD_EDITOR
[13.999s] -- looking for PCL_OUTOFCORE
[13.999s] -- looking for PCL_PEOPLE
[14.002s] -- Found rviz2: 11.2.13 (/opt/ros/humble/share/rviz2/cmake)
[14.004s] -- Found ament_lint_auto: 0.12.11 (/opt/ros/humble/share/ament_lint_auto/cmake)
[14.052s] [31mCMake Error at /opt/ros/humble/share/ament_cmake_core/cmake/core/ament_package_xml.cmake:53 (message):
[14.052s]   ament_package_xml() package name 'pcl' in '/package.xml' does not match
[14.052s]   current PROJECT_NAME 'pcl_reg'.  You must call project() with the same
[14.052s]   package name before.
[14.052s] Call Stack (most recent call first):
[14.052s]   /opt/ros/humble/share/ament_lint_auto/cmake/ament_lint_auto_find_test_dependencies.cmake:31 (ament_package_xml)
[14.053s]   CMakeLists.txt:85 (ament_lint_auto_find_test_dependencies)
[14.053s] 
[14.053s] [0m
[14.053s] -- Configuring incomplete, errors occurred!
[14.053s] See also "/home/simpletime/Project/proj_ws_pcl/build/pcl/CMakeFiles/CMakeOutput.log".
[14.068s] Invoked command in '/home/simpletime/Project/proj_ws_pcl/build/pcl' returned '1': CMAKE_PREFIX_PATH=/opt/ros/humble /usr/bin/cmake /home/simpletime/Project/proj_ws_pcl/src/pcl -DCMAKE_INSTALL_PREFIX=/home/simpletime/Project/proj_ws_pcl/install/pcl
