-- Found ament_cmake: 1.3.10 (/opt/ros/humble/share/ament_cmake/cmake)
-- Found rclcpp: 16.0.10 (/opt/ros/humble/share/rclcpp/cmake)
-- Found rosidl_generator_c: 3.1.5 (/opt/ros/humble/share/rosidl_generator_c/cmake)
-- Found rosidl_adapter: 3.1.5 (/opt/ros/humble/share/rosidl_adapter/cmake)
-- Found rosidl_generator_cpp: 3.1.5 (/opt/ros/humble/share/rosidl_generator_cpp/cmake)
-- Using all available rosidl_typesupport_c: rosidl_typesupport_fastrtps_c;rosidl_typesupport_introspection_c
-- Using all available rosidl_typesupport_cpp: rosidl_typesupport_fastrtps_cpp;rosidl_typesupport_introspection_cpp
-- Found rmw_implementation_cmake: 6.1.2 (/opt/ros/humble/share/rmw_implementation_cmake/cmake)
-- Found rmw_fastrtps_cpp: 6.2.7 (/opt/ros/humble/share/rmw_fastrtps_cpp/cmake)
-- Using RMW implementation 'rmw_fastrtps_cpp' as default
-- Found base_interfaces: 0.0.0 (/home/simpletime/project02_gameservice/install/base_interfaces/share/base_interfaces/cmake)
-- Found ament_lint_auto: 0.12.11 (/opt/ros/humble/share/ament_lint_auto/cmake)
-- Added test 'cppcheck' to perform static code analysis on C / C++ code
-- Configured cppcheck include dirs: $<BUILD_INTERFACE:/home/simpletime/project02_gameservice/src/game_service/include>
-- Configured cppcheck exclude dirs and/or files: 
-- Added test 'lint_cmake' to check CMake code style
-- Added test 'uncrustify' to check C / C++ code style
-- Configured uncrustify additional arguments: 
-- Added test 'xmllint' to check XML markup files
-- Configuring done
-- Generating done
-- Build files have been written to: /home/simpletime/project02_gameservice/build/game_service
[35m[1mConsolidate compiler generated dependencies of target game_server[0m
[ 25%] [32mBuilding CXX object CMakeFiles/game_client.dir/src/game_client.cpp.o[0m
[ 75%] Built target game_server
[100%] [32m[1mLinking CXX executable game_client[0m
[100%] Built target game_client
-- Install configuration: ""
-- Up-to-date: /home/simpletime/project02_gameservice/install/game_service/lib/game_service/game_server
-- Installing: /home/simpletime/project02_gameservice/install/game_service/lib/game_service/game_client
-- Set runtime path of "/home/simpletime/project02_gameservice/install/game_service/lib/game_service/game_client" to ""
-- Up-to-date: /home/simpletime/project02_gameservice/install/game_service/share/ament_index/resource_index/package_run_dependencies/game_service
-- Up-to-date: /home/simpletime/project02_gameservice/install/game_service/share/ament_index/resource_index/parent_prefix_path/game_service
-- Up-to-date: /home/simpletime/project02_gameservice/install/game_service/share/game_service/environment/ament_prefix_path.sh
-- Installing: /home/simpletime/project02_gameservice/install/game_service/share/game_service/environment/ament_prefix_path.dsv
-- Up-to-date: /home/simpletime/project02_gameservice/install/game_service/share/game_service/environment/path.sh
-- Installing: /home/simpletime/project02_gameservice/install/game_service/share/game_service/environment/path.dsv
-- Up-to-date: /home/simpletime/project02_gameservice/install/game_service/share/game_service/local_setup.bash
-- Up-to-date: /home/simpletime/project02_gameservice/install/game_service/share/game_service/local_setup.sh
-- Up-to-date: /home/simpletime/project02_gameservice/install/game_service/share/game_service/local_setup.zsh
-- Installing: /home/simpletime/project02_gameservice/install/game_service/share/game_service/local_setup.dsv
-- Installing: /home/simpletime/project02_gameservice/install/game_service/share/game_service/package.dsv
-- Up-to-date: /home/simpletime/project02_gameservice/install/game_service/share/ament_index/resource_index/packages/game_service
-- Up-to-date: /home/simpletime/project02_gameservice/install/game_service/share/game_service/cmake/game_serviceConfig.cmake
-- Up-to-date: /home/simpletime/project02_gameservice/install/game_service/share/game_service/cmake/game_serviceConfig-version.cmake
-- Up-to-date: /home/simpletime/project02_gameservice/install/game_service/share/game_service/package.xml
