[0.010s] Invoking command in '/home/simpletime/project02_gameservice/build/game_service': CMAKE_PREFIX_PATH=/home/simpletime/project02_gameservice/install/base_interfaces:/home/simpletime/project02_gameservice/install/game_service:/opt/ros/humble /usr/bin/cmake --build /home/simpletime/project02_gameservice/build/game_service -- -j4 -l4
[0.048s] -- Found ament_cmake: 1.3.10 (/opt/ros/humble/share/ament_cmake/cmake)
[0.173s] -- Found rclcpp: 16.0.10 (/opt/ros/humble/share/rclcpp/cmake)
[0.216s] -- Found rosidl_generator_c: 3.1.5 (/opt/ros/humble/share/rosidl_generator_c/cmake)
[0.220s] -- Found rosidl_adapter: 3.1.5 (/opt/ros/humble/share/rosidl_adapter/cmake)
[0.229s] -- Found rosidl_generator_cpp: 3.1.5 (/opt/ros/humble/share/rosidl_generator_cpp/cmake)
[0.243s] -- Using all available rosidl_typesupport_c: rosidl_typesupport_fastrtps_c;rosidl_typesupport_introspection_c
[0.258s] -- Using all available rosidl_typesupport_cpp: rosidl_typesupport_fastrtps_cpp;rosidl_typesupport_introspection_cpp
[0.301s] -- Found rmw_implementation_cmake: 6.1.2 (/opt/ros/humble/share/rmw_implementation_cmake/cmake)
[0.305s] -- Found rmw_fastrtps_cpp: 6.2.7 (/opt/ros/humble/share/rmw_fastrtps_cpp/cmake)
[0.398s] -- Using RMW implementation 'rmw_fastrtps_cpp' as default
[0.458s] -- Found base_interfaces: 0.0.0 (/home/simpletime/project02_gameservice/install/base_interfaces/share/base_interfaces/cmake)
[0.470s] -- Found ament_lint_auto: 0.12.11 (/opt/ros/humble/share/ament_lint_auto/cmake)
[0.531s] -- Added test 'cppcheck' to perform static code analysis on C / C++ code
[0.531s] -- Configured cppcheck include dirs: $<BUILD_INTERFACE:/home/simpletime/project02_gameservice/src/game_service/include>
[0.531s] -- Configured cppcheck exclude dirs and/or files: 
[0.532s] -- Added test 'lint_cmake' to check CMake code style
[0.533s] -- Added test 'uncrustify' to check C / C++ code style
[0.533s] -- Configured uncrustify additional arguments: 
[0.534s] -- Added test 'xmllint' to check XML markup files
[0.536s] -- Configuring done
[0.550s] -- Generating done
[0.552s] -- Build files have been written to: /home/simpletime/project02_gameservice/build/game_service
[0.576s] [35m[1mConsolidate compiler generated dependencies of target game_server[0m
[0.585s] [ 25%] [32mBuilding CXX object CMakeFiles/game_client.dir/src/game_client.cpp.o[0m
[0.592s] [ 75%] Built target game_server
[3.131s] [100%] [32m[1mLinking CXX executable game_client[0m
[3.230s] [100%] Built target game_client
[3.240s] Invoked command in '/home/simpletime/project02_gameservice/build/game_service' returned '0': CMAKE_PREFIX_PATH=/home/simpletime/project02_gameservice/install/base_interfaces:/home/simpletime/project02_gameservice/install/game_service:/opt/ros/humble /usr/bin/cmake --build /home/simpletime/project02_gameservice/build/game_service -- -j4 -l4
[3.265s] Invoking command in '/home/simpletime/project02_gameservice/build/game_service': CMAKE_PREFIX_PATH=/home/simpletime/project02_gameservice/install/base_interfaces:/home/simpletime/project02_gameservice/install/game_service:/opt/ros/humble /usr/bin/cmake --install /home/simpletime/project02_gameservice/build/game_service
[3.270s] -- Install configuration: ""
[3.271s] -- Up-to-date: /home/simpletime/project02_gameservice/install/game_service/lib/game_service/game_server
[3.271s] -- Installing: /home/simpletime/project02_gameservice/install/game_service/lib/game_service/game_client
[3.272s] -- Set runtime path of "/home/simpletime/project02_gameservice/install/game_service/lib/game_service/game_client" to ""
[3.272s] -- Up-to-date: /home/simpletime/project02_gameservice/install/game_service/share/ament_index/resource_index/package_run_dependencies/game_service
[3.272s] -- Up-to-date: /home/simpletime/project02_gameservice/install/game_service/share/ament_index/resource_index/parent_prefix_path/game_service
[3.272s] -- Up-to-date: /home/simpletime/project02_gameservice/install/game_service/share/game_service/environment/ament_prefix_path.sh
[3.272s] -- Installing: /home/simpletime/project02_gameservice/install/game_service/share/game_service/environment/ament_prefix_path.dsv
[3.272s] -- Up-to-date: /home/simpletime/project02_gameservice/install/game_service/share/game_service/environment/path.sh
[3.272s] -- Installing: /home/simpletime/project02_gameservice/install/game_service/share/game_service/environment/path.dsv
[3.273s] -- Up-to-date: /home/simpletime/project02_gameservice/install/game_service/share/game_service/local_setup.bash
[3.273s] -- Up-to-date: /home/simpletime/project02_gameservice/install/game_service/share/game_service/local_setup.sh
[3.273s] -- Up-to-date: /home/simpletime/project02_gameservice/install/game_service/share/game_service/local_setup.zsh
[3.273s] -- Installing: /home/simpletime/project02_gameservice/install/game_service/share/game_service/local_setup.dsv
[3.273s] -- Installing: /home/simpletime/project02_gameservice/install/game_service/share/game_service/package.dsv
[3.273s] -- Up-to-date: /home/simpletime/project02_gameservice/install/game_service/share/ament_index/resource_index/packages/game_service
[3.273s] -- Up-to-date: /home/simpletime/project02_gameservice/install/game_service/share/game_service/cmake/game_serviceConfig.cmake
[3.273s] -- Up-to-date: /home/simpletime/project02_gameservice/install/game_service/share/game_service/cmake/game_serviceConfig-version.cmake
[3.274s] -- Up-to-date: /home/simpletime/project02_gameservice/install/game_service/share/game_service/package.xml
[3.275s] Invoked command in '/home/simpletime/project02_gameservice/build/game_service' returned '0': CMAKE_PREFIX_PATH=/home/simpletime/project02_gameservice/install/base_interfaces:/home/simpletime/project02_gameservice/install/game_service:/opt/ros/humble /usr/bin/cmake --install /home/simpletime/project02_gameservice/build/game_service
