[0.011s] Invoking command in '/home/simpletime/project02_gameservice/build/game_service': CMAKE_PREFIX_PATH=/home/simpletime/project02_gameservice/install/base_interfaces:/home/simpletime/project02_gameservice/install/game_service:/opt/ros/humble /usr/bin/cmake --build /home/simpletime/project02_gameservice/build/game_service -- -j4 -l4
[0.060s] [35m[1mConsolidate compiler generated dependencies of target game_client[0m
[0.073s] [ 25%] [32mBuilding CXX object CMakeFiles/game_server.dir/src/game_server.cpp.o[0m
[0.077s] [ 50%] [32mBuilding CXX object CMakeFiles/game_client.dir/src/game_client.cpp.o[0m
[2.576s] [ 75%] [32m[1mLinking CXX executable game_server[0m
[2.599s] [100%] [32m[1mLinking CXX executable game_client[0m
[2.715s] [100%] Built target game_client
[2.719s] [100%] Built target game_server
[2.728s] Invoked command in '/home/simpletime/project02_gameservice/build/game_service' returned '0': CMAKE_PREFIX_PATH=/home/simpletime/project02_gameservice/install/base_interfaces:/home/simpletime/project02_gameservice/install/game_service:/opt/ros/humble /usr/bin/cmake --build /home/simpletime/project02_gameservice/build/game_service -- -j4 -l4
[2.755s] Invoking command in '/home/simpletime/project02_gameservice/build/game_service': CMAKE_PREFIX_PATH=/home/simpletime/project02_gameservice/install/base_interfaces:/home/simpletime/project02_gameservice/install/game_service:/opt/ros/humble /usr/bin/cmake --install /home/simpletime/project02_gameservice/build/game_service
[2.760s] -- Install configuration: ""
[2.761s] -- Installing: /home/simpletime/project02_gameservice/install/game_service/lib/game_service/game_server
[2.762s] -- Set runtime path of "/home/simpletime/project02_gameservice/install/game_service/lib/game_service/game_server" to ""
[2.762s] -- Installing: /home/simpletime/project02_gameservice/install/game_service/lib/game_service/game_client
[2.763s] -- Set runtime path of "/home/simpletime/project02_gameservice/install/game_service/lib/game_service/game_client" to ""
[2.763s] -- Up-to-date: /home/simpletime/project02_gameservice/install/game_service/share/ament_index/resource_index/package_run_dependencies/game_service
[2.764s] -- Up-to-date: /home/simpletime/project02_gameservice/install/game_service/share/ament_index/resource_index/parent_prefix_path/game_service
[2.764s] -- Up-to-date: /home/simpletime/project02_gameservice/install/game_service/share/game_service/environment/ament_prefix_path.sh
[2.764s] -- Up-to-date: /home/simpletime/project02_gameservice/install/game_service/share/game_service/environment/ament_prefix_path.dsv
[2.764s] -- Up-to-date: /home/simpletime/project02_gameservice/install/game_service/share/game_service/environment/path.sh
[2.764s] -- Up-to-date: /home/simpletime/project02_gameservice/install/game_service/share/game_service/environment/path.dsv
[2.765s] -- Up-to-date: /home/simpletime/project02_gameservice/install/game_service/share/game_service/local_setup.bash
[2.765s] -- Up-to-date: /home/simpletime/project02_gameservice/install/game_service/share/game_service/local_setup.sh
[2.765s] -- Up-to-date: /home/simpletime/project02_gameservice/install/game_service/share/game_service/local_setup.zsh
[2.765s] -- Up-to-date: /home/simpletime/project02_gameservice/install/game_service/share/game_service/local_setup.dsv
[2.765s] -- Installing: /home/simpletime/project02_gameservice/install/game_service/share/game_service/package.dsv
[2.765s] -- Up-to-date: /home/simpletime/project02_gameservice/install/game_service/share/ament_index/resource_index/packages/game_service
[2.765s] -- Up-to-date: /home/simpletime/project02_gameservice/install/game_service/share/game_service/cmake/game_serviceConfig.cmake
[2.765s] -- Up-to-date: /home/simpletime/project02_gameservice/install/game_service/share/game_service/cmake/game_serviceConfig-version.cmake
[2.765s] -- Up-to-date: /home/simpletime/project02_gameservice/install/game_service/share/game_service/package.xml
[2.767s] Invoked command in '/home/simpletime/project02_gameservice/build/game_service' returned '0': CMAKE_PREFIX_PATH=/home/simpletime/project02_gameservice/install/base_interfaces:/home/simpletime/project02_gameservice/install/game_service:/opt/ros/humble /usr/bin/cmake --install /home/simpletime/project02_gameservice/build/game_service
