[0.011s] Invoking command in '/home/simpletime/project02_gameservice/build/base_interfaces': CMAKE_PREFIX_PATH=${CMAKE_PREFIX_PATH}:/opt/ros/humble /usr/bin/cmake --build /home/simpletime/project02_gameservice/build/base_interfaces -- -j4 -l4
[0.055s] [35m[1mConsolidate compiler generated dependencies of target base_interfaces__rosidl_generator_c[0m
[0.065s] [  3%] Built target base_interfaces__cpp
[0.065s] [ 12%] Built target base_interfaces__rosidl_generator_c
[0.072s] [ 12%] Built target ament_cmake_python_copy_base_interfaces
[0.076s] [35m[1mConsolidate compiler generated dependencies of target base_interfaces__rosidl_typesupport_introspection_cpp[0m
[0.078s] [35m[1mConsolidate compiler generated dependencies of target base_interfaces__rosidl_typesupport_fastrtps_cpp[0m
[0.079s] [35m[1mConsolidate compiler generated dependencies of target base_interfaces__rosidl_typesupport_cpp[0m
[0.087s] [ 22%] Built target base_interfaces__rosidl_typesupport_fastrtps_cpp
[0.088s] [ 32%] Built target base_interfaces__rosidl_typesupport_introspection_cpp
[0.088s] [35m[1mConsolidate compiler generated dependencies of target base_interfaces__rosidl_typesupport_fastrtps_c[0m
[0.098s] [ 41%] Built target base_interfaces__rosidl_typesupport_cpp
[0.104s] [35m[1mConsolidate compiler generated dependencies of target base_interfaces__rosidl_typesupport_introspection_c[0m
[0.105s] [ 51%] Built target base_interfaces__rosidl_typesupport_fastrtps_c
[0.107s] [35m[1mConsolidate compiler generated dependencies of target base_interfaces__rosidl_typesupport_c[0m
[0.118s] [ 61%] Built target base_interfaces__rosidl_typesupport_introspection_c
[0.120s] [ 70%] Built target base_interfaces__rosidl_typesupport_c
[0.142s] [ 70%] Built target base_interfaces
[0.165s] [ 74%] Built target base_interfaces__py
[0.180s] [35m[1mConsolidate compiler generated dependencies of target base_interfaces__rosidl_generator_py[0m
[0.194s] [ 80%] Built target base_interfaces__rosidl_generator_py
[0.207s] [35m[1mConsolidate compiler generated dependencies of target base_interfaces__rosidl_typesupport_introspection_c__pyext[0m
[0.207s] [35m[1mConsolidate compiler generated dependencies of target base_interfaces__rosidl_typesupport_fastrtps_c__pyext[0m
[0.210s] [35m[1mConsolidate compiler generated dependencies of target base_interfaces__rosidl_typesupport_c__pyext[0m
[0.223s] [ 87%] Built target base_interfaces__rosidl_typesupport_introspection_c__pyext
[0.226s] [ 93%] Built target base_interfaces__rosidl_typesupport_fastrtps_c__pyext
[0.231s] [100%] Built target base_interfaces__rosidl_typesupport_c__pyext
[0.268s] running egg_info
[0.269s] writing base_interfaces.egg-info/PKG-INFO
[0.269s] writing dependency_links to base_interfaces.egg-info/dependency_links.txt
[0.269s] writing top-level names to base_interfaces.egg-info/top_level.txt
[0.271s] reading manifest file 'base_interfaces.egg-info/SOURCES.txt'
[0.271s] writing manifest file 'base_interfaces.egg-info/SOURCES.txt'
[0.292s] [100%] Built target ament_cmake_python_build_base_interfaces_egg
[0.303s] Invoked command in '/home/simpletime/project02_gameservice/build/base_interfaces' returned '0': CMAKE_PREFIX_PATH=${CMAKE_PREFIX_PATH}:/opt/ros/humble /usr/bin/cmake --build /home/simpletime/project02_gameservice/build/base_interfaces -- -j4 -l4
[0.369s] Invoking command in '/home/simpletime/project02_gameservice/build/base_interfaces': CMAKE_PREFIX_PATH=${CMAKE_PREFIX_PATH}:/opt/ros/humble /usr/bin/cmake --install /home/simpletime/project02_gameservice/build/base_interfaces
[0.376s] -- Install configuration: ""
[0.376s] -- Up-to-date: /home/simpletime/project02_gameservice/install/base_interfaces/share/ament_index/resource_index/rosidl_interfaces/base_interfaces
[0.376s] -- Up-to-date: /home/simpletime/project02_gameservice/install/base_interfaces/include/base_interfaces/base_interfaces
[0.376s] -- Up-to-date: /home/simpletime/project02_gameservice/install/base_interfaces/include/base_interfaces/base_interfaces/msg
[0.376s] -- Up-to-date: /home/simpletime/project02_gameservice/install/base_interfaces/include/base_interfaces/base_interfaces/msg/rosidl_generator_c__visibility_control.h
[0.376s] -- Up-to-date: /home/simpletime/project02_gameservice/install/base_interfaces/include/base_interfaces/base_interfaces/srv
[0.376s] -- Up-to-date: /home/simpletime/project02_gameservice/install/base_interfaces/include/base_interfaces/base_interfaces/srv/detail
[0.376s] -- Up-to-date: /home/simpletime/project02_gameservice/install/base_interfaces/include/base_interfaces/base_interfaces/srv/detail/recharge__functions.c
[0.376s] -- Up-to-date: /home/simpletime/project02_gameservice/install/base_interfaces/include/base_interfaces/base_interfaces/srv/detail/recharge__struct.h
[0.376s] -- Up-to-date: /home/simpletime/project02_gameservice/install/base_interfaces/include/base_interfaces/base_interfaces/srv/detail/recharge__type_support.h
[0.376s] -- Up-to-date: /home/simpletime/project02_gameservice/install/base_interfaces/include/base_interfaces/base_interfaces/srv/detail/recharge__functions.h
[0.376s] -- Up-to-date: /home/simpletime/project02_gameservice/install/base_interfaces/include/base_interfaces/base_interfaces/srv/recharge.h
[0.376s] -- Up-to-date: /home/simpletime/project02_gameservice/install/base_interfaces/share/base_interfaces/environment/library_path.sh
[0.376s] -- Up-to-date: /home/simpletime/project02_gameservice/install/base_interfaces/share/base_interfaces/environment/library_path.dsv
[0.376s] -- Up-to-date: /home/simpletime/project02_gameservice/install/base_interfaces/lib/libbase_interfaces__rosidl_generator_c.so
[0.376s] -- Up-to-date: /home/simpletime/project02_gameservice/install/base_interfaces/include/base_interfaces/base_interfaces
[0.376s] -- Up-to-date: /home/simpletime/project02_gameservice/install/base_interfaces/include/base_interfaces/base_interfaces/msg
[0.376s] -- Up-to-date: /home/simpletime/project02_gameservice/install/base_interfaces/include/base_interfaces/base_interfaces/msg/rosidl_typesupport_fastrtps_c__visibility_control.h
[0.376s] -- Up-to-date: /home/simpletime/project02_gameservice/install/base_interfaces/include/base_interfaces/base_interfaces/srv
[0.377s] -- Up-to-date: /home/simpletime/project02_gameservice/install/base_interfaces/include/base_interfaces/base_interfaces/srv/detail
[0.377s] -- Up-to-date: /home/simpletime/project02_gameservice/install/base_interfaces/include/base_interfaces/base_interfaces/srv/detail/recharge__rosidl_typesupport_fastrtps_c.h
[0.377s] -- Up-to-date: /home/simpletime/project02_gameservice/install/base_interfaces/lib/libbase_interfaces__rosidl_typesupport_fastrtps_c.so
[0.377s] -- Up-to-date: /home/simpletime/project02_gameservice/install/base_interfaces/include/base_interfaces/base_interfaces
[0.377s] -- Up-to-date: /home/simpletime/project02_gameservice/install/base_interfaces/include/base_interfaces/base_interfaces/msg
[0.377s] -- Up-to-date: /home/simpletime/project02_gameservice/install/base_interfaces/include/base_interfaces/base_interfaces/msg/rosidl_typesupport_introspection_c__visibility_control.h
[0.377s] -- Up-to-date: /home/simpletime/project02_gameservice/install/base_interfaces/include/base_interfaces/base_interfaces/srv
[0.377s] -- Up-to-date: /home/simpletime/project02_gameservice/install/base_interfaces/include/base_interfaces/base_interfaces/srv/detail
[0.377s] -- Up-to-date: /home/simpletime/project02_gameservice/install/base_interfaces/include/base_interfaces/base_interfaces/srv/detail/recharge__type_support.c
[0.377s] -- Up-to-date: /home/simpletime/project02_gameservice/install/base_interfaces/include/base_interfaces/base_interfaces/srv/detail/recharge__rosidl_typesupport_introspection_c.h
[0.377s] -- Up-to-date: /home/simpletime/project02_gameservice/install/base_interfaces/lib/libbase_interfaces__rosidl_typesupport_introspection_c.so
[0.377s] -- Up-to-date: /home/simpletime/project02_gameservice/install/base_interfaces/lib/libbase_interfaces__rosidl_typesupport_c.so
[0.377s] -- Up-to-date: /home/simpletime/project02_gameservice/install/base_interfaces/include/base_interfaces/base_interfaces
[0.377s] -- Up-to-date: /home/simpletime/project02_gameservice/install/base_interfaces/include/base_interfaces/base_interfaces/srv
[0.377s] -- Up-to-date: /home/simpletime/project02_gameservice/install/base_interfaces/include/base_interfaces/base_interfaces/srv/detail
[0.377s] -- Up-to-date: /home/simpletime/project02_gameservice/install/base_interfaces/include/base_interfaces/base_interfaces/srv/detail/recharge__struct.hpp
[0.377s] -- Up-to-date: /home/simpletime/project02_gameservice/install/base_interfaces/include/base_interfaces/base_interfaces/srv/detail/recharge__builder.hpp
[0.378s] -- Up-to-date: /home/simpletime/project02_gameservice/install/base_interfaces/include/base_interfaces/base_interfaces/srv/detail/recharge__traits.hpp
[0.378s] -- Up-to-date: /home/simpletime/project02_gameservice/install/base_interfaces/include/base_interfaces/base_interfaces/srv/recharge.hpp
[0.378s] -- Up-to-date: /home/simpletime/project02_gameservice/install/base_interfaces/include/base_interfaces/base_interfaces
[0.378s] -- Up-to-date: /home/simpletime/project02_gameservice/install/base_interfaces/include/base_interfaces/base_interfaces/msg
[0.378s] -- Up-to-date: /home/simpletime/project02_gameservice/install/base_interfaces/include/base_interfaces/base_interfaces/msg/rosidl_typesupport_fastrtps_cpp__visibility_control.h
[0.378s] -- Up-to-date: /home/simpletime/project02_gameservice/install/base_interfaces/include/base_interfaces/base_interfaces/srv
[0.378s] -- Up-to-date: /home/simpletime/project02_gameservice/install/base_interfaces/include/base_interfaces/base_interfaces/srv/detail
[0.378s] -- Up-to-date: /home/simpletime/project02_gameservice/install/base_interfaces/include/base_interfaces/base_interfaces/srv/detail/dds_fastrtps
[0.378s] -- Up-to-date: /home/simpletime/project02_gameservice/install/base_interfaces/include/base_interfaces/base_interfaces/srv/detail/recharge__rosidl_typesupport_fastrtps_cpp.hpp
[0.378s] -- Up-to-date: /home/simpletime/project02_gameservice/install/base_interfaces/lib/libbase_interfaces__rosidl_typesupport_fastrtps_cpp.so
[0.378s] -- Up-to-date: /home/simpletime/project02_gameservice/install/base_interfaces/include/base_interfaces/base_interfaces
[0.378s] -- Up-to-date: /home/simpletime/project02_gameservice/install/base_interfaces/include/base_interfaces/base_interfaces/srv
[0.378s] -- Up-to-date: /home/simpletime/project02_gameservice/install/base_interfaces/include/base_interfaces/base_interfaces/srv/detail
[0.378s] -- Up-to-date: /home/simpletime/project02_gameservice/install/base_interfaces/include/base_interfaces/base_interfaces/srv/detail/recharge__rosidl_typesupport_introspection_cpp.hpp
[0.378s] -- Up-to-date: /home/simpletime/project02_gameservice/install/base_interfaces/include/base_interfaces/base_interfaces/srv/detail/recharge__type_support.cpp
[0.378s] -- Up-to-date: /home/simpletime/project02_gameservice/install/base_interfaces/lib/libbase_interfaces__rosidl_typesupport_introspection_cpp.so
[0.379s] -- Up-to-date: /home/simpletime/project02_gameservice/install/base_interfaces/lib/libbase_interfaces__rosidl_typesupport_cpp.so
[0.379s] -- Up-to-date: /home/simpletime/project02_gameservice/install/base_interfaces/share/base_interfaces/environment/pythonpath.sh
[0.379s] -- Up-to-date: /home/simpletime/project02_gameservice/install/base_interfaces/share/base_interfaces/environment/pythonpath.dsv
[0.379s] -- Up-to-date: /home/simpletime/project02_gameservice/install/base_interfaces/local/lib/python3.10/dist-packages/base_interfaces-0.0.0-py3.10.egg-info
[0.379s] -- Installing: /home/simpletime/project02_gameservice/install/base_interfaces/local/lib/python3.10/dist-packages/base_interfaces-0.0.0-py3.10.egg-info/PKG-INFO
[0.379s] -- Installing: /home/simpletime/project02_gameservice/install/base_interfaces/local/lib/python3.10/dist-packages/base_interfaces-0.0.0-py3.10.egg-info/SOURCES.txt
[0.379s] -- Installing: /home/simpletime/project02_gameservice/install/base_interfaces/local/lib/python3.10/dist-packages/base_interfaces-0.0.0-py3.10.egg-info/dependency_links.txt
[0.379s] -- Installing: /home/simpletime/project02_gameservice/install/base_interfaces/local/lib/python3.10/dist-packages/base_interfaces-0.0.0-py3.10.egg-info/top_level.txt
[0.379s] -- Up-to-date: /home/simpletime/project02_gameservice/install/base_interfaces/local/lib/python3.10/dist-packages/base_interfaces
[0.380s] -- Up-to-date: /home/simpletime/project02_gameservice/install/base_interfaces/local/lib/python3.10/dist-packages/base_interfaces/srv
[0.380s] -- Up-to-date: /home/simpletime/project02_gameservice/install/base_interfaces/local/lib/python3.10/dist-packages/base_interfaces/srv/__init__.py
[0.380s] -- Up-to-date: /home/simpletime/project02_gameservice/install/base_interfaces/local/lib/python3.10/dist-packages/base_interfaces/srv/_recharge.py
[0.380s] -- Up-to-date: /home/simpletime/project02_gameservice/install/base_interfaces/local/lib/python3.10/dist-packages/base_interfaces/srv/_recharge_s.c
[0.380s] -- Up-to-date: /home/simpletime/project02_gameservice/install/base_interfaces/local/lib/python3.10/dist-packages/base_interfaces/__init__.py
[0.380s] -- Up-to-date: /home/simpletime/project02_gameservice/install/base_interfaces/local/lib/python3.10/dist-packages/base_interfaces/_base_interfaces_s.ep.rosidl_typesupport_introspection_c.c
[0.380s] -- Up-to-date: /home/simpletime/project02_gameservice/install/base_interfaces/local/lib/python3.10/dist-packages/base_interfaces/_base_interfaces_s.ep.rosidl_typesupport_fastrtps_c.c
[0.380s] -- Up-to-date: /home/simpletime/project02_gameservice/install/base_interfaces/local/lib/python3.10/dist-packages/base_interfaces/_base_interfaces_s.ep.rosidl_typesupport_c.c
[0.380s] -- Up-to-date: /home/simpletime/project02_gameservice/install/base_interfaces/local/lib/python3.10/dist-packages/base_interfaces/base_interfaces_s__rosidl_typesupport_c.cpython-310-x86_64-linux-gnu.so
[0.380s] -- Up-to-date: /home/simpletime/project02_gameservice/install/base_interfaces/local/lib/python3.10/dist-packages/base_interfaces/base_interfaces_s__rosidl_typesupport_fastrtps_c.cpython-310-x86_64-linux-gnu.so
[0.380s] -- Up-to-date: /home/simpletime/project02_gameservice/install/base_interfaces/local/lib/python3.10/dist-packages/base_interfaces/base_interfaces_s__rosidl_typesupport_introspection_c.cpython-310-x86_64-linux-gnu.so
[0.380s] -- Up-to-date: /home/simpletime/project02_gameservice/install/base_interfaces/local/lib/python3.10/dist-packages/base_interfaces/libbase_interfaces__rosidl_generator_py.so
[0.404s] Listing '/home/simpletime/project02_gameservice/install/base_interfaces/local/lib/python3.10/dist-packages/base_interfaces'...
[0.404s] Listing '/home/simpletime/project02_gameservice/install/base_interfaces/local/lib/python3.10/dist-packages/base_interfaces/srv'...
[0.404s] -- Up-to-date: /home/simpletime/project02_gameservice/install/base_interfaces/local/lib/python3.10/dist-packages/base_interfaces/base_interfaces_s__rosidl_typesupport_fastrtps_c.cpython-310-x86_64-linux-gnu.so
[0.404s] -- Up-to-date: /home/simpletime/project02_gameservice/install/base_interfaces/local/lib/python3.10/dist-packages/base_interfaces/base_interfaces_s__rosidl_typesupport_introspection_c.cpython-310-x86_64-linux-gnu.so
[0.404s] -- Up-to-date: /home/simpletime/project02_gameservice/install/base_interfaces/local/lib/python3.10/dist-packages/base_interfaces/base_interfaces_s__rosidl_typesupport_c.cpython-310-x86_64-linux-gnu.so
[0.404s] -- Up-to-date: /home/simpletime/project02_gameservice/install/base_interfaces/lib/libbase_interfaces__rosidl_generator_py.so
[0.404s] -- Up-to-date: /home/simpletime/project02_gameservice/install/base_interfaces/share/base_interfaces/srv/Recharge.idl
[0.405s] -- Up-to-date: /home/simpletime/project02_gameservice/install/base_interfaces/share/base_interfaces/srv/Recharge.srv
[0.405s] -- Up-to-date: /home/simpletime/project02_gameservice/install/base_interfaces/share/base_interfaces/srv/Recharge_Request.msg
[0.405s] -- Up-to-date: /home/simpletime/project02_gameservice/install/base_interfaces/share/base_interfaces/srv/Recharge_Response.msg
[0.405s] -- Up-to-date: /home/simpletime/project02_gameservice/install/base_interfaces/share/ament_index/resource_index/package_run_dependencies/base_interfaces
[0.405s] -- Up-to-date: /home/simpletime/project02_gameservice/install/base_interfaces/share/ament_index/resource_index/parent_prefix_path/base_interfaces
[0.405s] -- Up-to-date: /home/simpletime/project02_gameservice/install/base_interfaces/share/base_interfaces/environment/ament_prefix_path.sh
[0.405s] -- Up-to-date: /home/simpletime/project02_gameservice/install/base_interfaces/share/base_interfaces/environment/ament_prefix_path.dsv
[0.405s] -- Up-to-date: /home/simpletime/project02_gameservice/install/base_interfaces/share/base_interfaces/environment/path.sh
[0.405s] -- Up-to-date: /home/simpletime/project02_gameservice/install/base_interfaces/share/base_interfaces/environment/path.dsv
[0.405s] -- Up-to-date: /home/simpletime/project02_gameservice/install/base_interfaces/share/base_interfaces/local_setup.bash
[0.405s] -- Up-to-date: /home/simpletime/project02_gameservice/install/base_interfaces/share/base_interfaces/local_setup.sh
[0.405s] -- Up-to-date: /home/simpletime/project02_gameservice/install/base_interfaces/share/base_interfaces/local_setup.zsh
[0.405s] -- Up-to-date: /home/simpletime/project02_gameservice/install/base_interfaces/share/base_interfaces/local_setup.dsv
[0.405s] -- Installing: /home/simpletime/project02_gameservice/install/base_interfaces/share/base_interfaces/package.dsv
[0.407s] -- Up-to-date: /home/simpletime/project02_gameservice/install/base_interfaces/share/ament_index/resource_index/packages/base_interfaces
[0.407s] -- Up-to-date: /home/simpletime/project02_gameservice/install/base_interfaces/share/base_interfaces/cmake/export_base_interfaces__rosidl_generator_cExport.cmake
[0.407s] -- Up-to-date: /home/simpletime/project02_gameservice/install/base_interfaces/share/base_interfaces/cmake/export_base_interfaces__rosidl_generator_cExport-noconfig.cmake
[0.407s] -- Up-to-date: /home/simpletime/project02_gameservice/install/base_interfaces/share/base_interfaces/cmake/export_base_interfaces__rosidl_typesupport_fastrtps_cExport.cmake
[0.407s] -- Up-to-date: /home/simpletime/project02_gameservice/install/base_interfaces/share/base_interfaces/cmake/export_base_interfaces__rosidl_typesupport_fastrtps_cExport-noconfig.cmake
[0.408s] -- Up-to-date: /home/simpletime/project02_gameservice/install/base_interfaces/share/base_interfaces/cmake/base_interfaces__rosidl_typesupport_introspection_cExport.cmake
[0.408s] -- Up-to-date: /home/simpletime/project02_gameservice/install/base_interfaces/share/base_interfaces/cmake/base_interfaces__rosidl_typesupport_introspection_cExport-noconfig.cmake
[0.408s] -- Up-to-date: /home/simpletime/project02_gameservice/install/base_interfaces/share/base_interfaces/cmake/base_interfaces__rosidl_typesupport_cExport.cmake
[0.408s] -- Up-to-date: /home/simpletime/project02_gameservice/install/base_interfaces/share/base_interfaces/cmake/base_interfaces__rosidl_typesupport_cExport-noconfig.cmake
[0.409s] -- Up-to-date: /home/simpletime/project02_gameservice/install/base_interfaces/share/base_interfaces/cmake/export_base_interfaces__rosidl_generator_cppExport.cmake
[0.409s] -- Up-to-date: /home/simpletime/project02_gameservice/install/base_interfaces/share/base_interfaces/cmake/export_base_interfaces__rosidl_typesupport_fastrtps_cppExport.cmake
[0.409s] -- Up-to-date: /home/simpletime/project02_gameservice/install/base_interfaces/share/base_interfaces/cmake/export_base_interfaces__rosidl_typesupport_fastrtps_cppExport-noconfig.cmake
[0.409s] -- Up-to-date: /home/simpletime/project02_gameservice/install/base_interfaces/share/base_interfaces/cmake/base_interfaces__rosidl_typesupport_introspection_cppExport.cmake
[0.409s] -- Up-to-date: /home/simpletime/project02_gameservice/install/base_interfaces/share/base_interfaces/cmake/base_interfaces__rosidl_typesupport_introspection_cppExport-noconfig.cmake
[0.410s] -- Up-to-date: /home/simpletime/project02_gameservice/install/base_interfaces/share/base_interfaces/cmake/base_interfaces__rosidl_typesupport_cppExport.cmake
[0.410s] -- Up-to-date: /home/simpletime/project02_gameservice/install/base_interfaces/share/base_interfaces/cmake/base_interfaces__rosidl_typesupport_cppExport-noconfig.cmake
[0.410s] -- Up-to-date: /home/simpletime/project02_gameservice/install/base_interfaces/share/base_interfaces/cmake/export_base_interfaces__rosidl_generator_pyExport.cmake
[0.411s] -- Up-to-date: /home/simpletime/project02_gameservice/install/base_interfaces/share/base_interfaces/cmake/export_base_interfaces__rosidl_generator_pyExport-noconfig.cmake
[0.411s] -- Up-to-date: /home/simpletime/project02_gameservice/install/base_interfaces/share/base_interfaces/cmake/rosidl_cmake-extras.cmake
[0.411s] -- Up-to-date: /home/simpletime/project02_gameservice/install/base_interfaces/share/base_interfaces/cmake/ament_cmake_export_include_directories-extras.cmake
[0.411s] -- Up-to-date: /home/simpletime/project02_gameservice/install/base_interfaces/share/base_interfaces/cmake/ament_cmake_export_libraries-extras.cmake
[0.411s] -- Up-to-date: /home/simpletime/project02_gameservice/install/base_interfaces/share/base_interfaces/cmake/ament_cmake_export_targets-extras.cmake
[0.411s] -- Up-to-date: /home/simpletime/project02_gameservice/install/base_interfaces/share/base_interfaces/cmake/rosidl_cmake_export_typesupport_targets-extras.cmake
[0.412s] -- Up-to-date: /home/simpletime/project02_gameservice/install/base_interfaces/share/base_interfaces/cmake/ament_cmake_export_dependencies-extras.cmake
[0.412s] -- Up-to-date: /home/simpletime/project02_gameservice/install/base_interfaces/share/base_interfaces/cmake/rosidl_cmake_export_typesupport_libraries-extras.cmake
[0.412s] -- Up-to-date: /home/simpletime/project02_gameservice/install/base_interfaces/share/base_interfaces/cmake/base_interfacesConfig.cmake
[0.412s] -- Up-to-date: /home/simpletime/project02_gameservice/install/base_interfaces/share/base_interfaces/cmake/base_interfacesConfig-version.cmake
[0.412s] -- Up-to-date: /home/simpletime/project02_gameservice/install/base_interfaces/share/base_interfaces/package.xml
[0.414s] Invoked command in '/home/simpletime/project02_gameservice/build/base_interfaces' returned '0': CMAKE_PREFIX_PATH=${CMAKE_PREFIX_PATH}:/opt/ros/humble /usr/bin/cmake --install /home/simpletime/project02_gameservice/build/base_interfaces
