[0.014s] Invoking command in '/home/simpletime/Project/ws02_tools/build/cpp01_tf_broadcaster': CMAKE_PREFIX_PATH=/opt/ros/humble /usr/bin/cmake --build /home/simpletime/Project/ws02_tools/build/cpp01_tf_broadcaster -- -j32 -l32
[0.050s] -- Found ament_cmake: 1.3.10 (/opt/ros/humble/share/ament_cmake/cmake)
[0.176s] -- Found rclcpp: 16.0.10 (/opt/ros/humble/share/rclcpp/cmake)
[0.321s] -- Found rosidl_generator_c: 3.1.5 (/opt/ros/humble/share/rosidl_generator_c/cmake)
[0.325s] -- Found rosidl_adapter: 3.1.5 (/opt/ros/humble/share/rosidl_adapter/cmake)
[0.335s] -- Found rosidl_generator_cpp: 3.1.5 (/opt/ros/humble/share/rosidl_generator_cpp/cmake)
[0.348s] -- Using all available rosidl_typesupport_c: rosidl_typesupport_fastrtps_c;rosidl_typesupport_introspection_c
[0.362s] -- Using all available rosidl_typesupport_cpp: rosidl_typesupport_fastrtps_cpp;rosidl_typesupport_introspection_cpp
[0.402s] -- Found rmw_implementation_cmake: 6.1.2 (/opt/ros/humble/share/rmw_implementation_cmake/cmake)
[0.405s] -- Found rmw_fastrtps_cpp: 6.2.7 (/opt/ros/humble/share/rmw_fastrtps_cpp/cmake)
[4.458s] -- Using RMW implementation 'rmw_fastrtps_cpp' as default
[4.517s] -- Found tf2: 0.25.8 (/opt/ros/humble/share/tf2/cmake)
[4.536s] -- Found tf2_ros: 0.25.8 (/opt/ros/humble/share/tf2_ros/cmake)
[4.624s] -- Found turtlesim: 1.4.2 (/opt/ros/humble/share/turtlesim/cmake)
[4.640s] -- Found sensor_msgs: 4.2.4 (/opt/ros/humble/share/sensor_msgs/cmake)
[4.666s] -- Eigen found (include: /usr/include/eigen3, version: 3.4.0)
[5.960s] -- FLANN found (include: /usr/include, lib: /usr/lib/x86_64-linux-gnu/libflann_cpp.so)
[9.082s] -- OpenNI found (version: 1.5.4.0, include: /usr/include/ni, lib: /usr/lib/libOpenNI.so;libusb::libusb)
[9.088s] -- OpenNI2 found (version: 2.2.0.33, include: /usr/include/openni2, lib: /usr/lib/x86_64-linux-gnu/libOpenNI2.so;libusb::libusb)
[9.088s] [0m** WARNING ** io features related to pcap will be disabled[0m
[10.785s] -- Eigen found (include: /usr/include/eigen3, version: 3.4.0)
[10.791s] -- OpenNI found (version: 1.5.4.0, include: /usr/include/ni, lib: /usr/lib/libOpenNI.so;libusb::libusb)
[10.798s] -- OpenNI2 found (version: 2.2.0.33, include: /usr/include/openni2, lib: /usr/lib/x86_64-linux-gnu/libOpenNI2.so;libusb::libusb)
[12.653s] -- Found Qhull version 8.0.2
[14.472s] -- OpenNI found (version: 1.5.4.0, include: /usr/include/ni, lib: /usr/lib/libOpenNI.so;libusb::libusb)
[16.275s] -- looking for PCL_COMMON
[16.276s] -- looking for PCL_KDTREE
[16.276s] -- looking for PCL_OCTREE
[16.276s] -- looking for PCL_SEARCH
[16.276s] -- looking for PCL_SAMPLE_CONSENSUS
[16.277s] -- looking for PCL_FILTERS
[16.277s] -- looking for PCL_2D
[16.277s] -- looking for PCL_GEOMETRY
[16.277s] -- looking for PCL_IO
[16.278s] -- looking for PCL_FEATURES
[16.278s] -- looking for PCL_ML
[16.279s] -- looking for PCL_SEGMENTATION
[16.279s] -- looking for PCL_VISUALIZATION
[16.279s] -- looking for PCL_SURFACE
[16.280s] -- looking for PCL_REGISTRATION
[16.280s] -- looking for PCL_KEYPOINTS
[16.280s] -- looking for PCL_TRACKING
[16.281s] -- looking for PCL_RECOGNITION
[16.281s] -- looking for PCL_STEREO
[16.281s] -- looking for PCL_APPS
[16.282s] -- looking for PCL_IN_HAND_SCANNER
[16.282s] -- looking for PCL_MODELER
[16.282s] -- looking for PCL_POINT_CLOUD_EDITOR
[16.283s] -- looking for PCL_OUTOFCORE
[16.283s] -- looking for PCL_PEOPLE
[16.286s] -- Found rviz2: 11.2.13 (/opt/ros/humble/share/rviz2/cmake)
[16.288s] [31mCMake Error at CMakeLists.txt:48 (target_link_libraries):
[16.288s]   Cannot specify link libraries for target "reg_pcl" which is not built by
[16.288s]   this project.
[16.288s] 
[16.288s] [0m
[16.288s] -- Configuring incomplete, errors occurred!
[16.288s] See also "/home/simpletime/Project/ws02_tools/build/cpp01_tf_broadcaster/CMakeFiles/CMakeOutput.log".
[16.303s] gmake: *** [Makefile:472: cmake_check_build_system] Error 1
[16.306s] Invoked command in '/home/simpletime/Project/ws02_tools/build/cpp01_tf_broadcaster' returned '2': CMAKE_PREFIX_PATH=/opt/ros/humble /usr/bin/cmake --build /home/simpletime/Project/ws02_tools/build/cpp01_tf_broadcaster -- -j32 -l32
