[0.011s] Invoking command in '/home/simpletime/Project/proj_ws_pcl/build/pcl': CMAKE_PREFIX_PATH=/opt/ros/humble /usr/bin/cmake /home/simpletime/Project/proj_ws_pcl/src/pcl -DCMAKE_INSTALL_PREFIX=/home/simpletime/Project/proj_ws_pcl/install/pcl
[0.019s] -- Found ament_cmake: 1.3.10 (/opt/ros/humble/share/ament_cmake/cmake)
[0.108s] -- Found rclcpp: 16.0.10 (/opt/ros/humble/share/rclcpp/cmake)
[0.215s] -- Found rosidl_generator_c: 3.1.5 (/opt/ros/humble/share/rosidl_generator_c/cmake)
[0.217s] -- Found rosidl_adapter: 3.1.5 (/opt/ros/humble/share/rosidl_adapter/cmake)
[0.222s] -- Found rosidl_generator_cpp: 3.1.5 (/opt/ros/humble/share/rosidl_generator_cpp/cmake)
[0.228s] -- Using all available rosidl_typesupport_c: rosidl_typesupport_fastrtps_c;rosidl_typesupport_introspection_c
[0.235s] -- Using all available rosidl_typesupport_cpp: rosidl_typesupport_fastrtps_cpp;rosidl_typesupport_introspection_cpp
[0.255s] -- Found rmw_implementation_cmake: 6.1.2 (/opt/ros/humble/share/rmw_implementation_cmake/cmake)
[0.256s] -- Found rmw_fastrtps_cpp: 6.2.7 (/opt/ros/humble/share/rmw_fastrtps_cpp/cmake)
[3.881s] -- Using RMW implementation 'rmw_fastrtps_cpp' as default
[3.914s] -- Found sensor_msgs: 4.2.4 (/opt/ros/humble/share/sensor_msgs/cmake)
[3.942s] -- Eigen found (include: /usr/include/eigen3, version: 3.4.0)
[5.105s] -- FLANN found (include: /usr/include, lib: /usr/lib/x86_64-linux-gnu/libflann_cpp.so)
[7.887s] -- OpenNI found (version: 1.5.4.0, include: /usr/include/ni, lib: /usr/lib/libOpenNI.so;libusb::libusb)
[7.892s] -- OpenNI2 found (version: 2.2.0.33, include: /usr/include/openni2, lib: /usr/lib/x86_64-linux-gnu/libOpenNI2.so;libusb::libusb)
[7.892s] [0m** WARNING ** io features related to pcap will be disabled[0m
[9.442s] -- Eigen found (include: /usr/include/eigen3, version: 3.4.0)
[9.447s] -- OpenNI found (version: 1.5.4.0, include: /usr/include/ni, lib: /usr/lib/libOpenNI.so;libusb::libusb)
[9.452s] -- OpenNI2 found (version: 2.2.0.33, include: /usr/include/openni2, lib: /usr/lib/x86_64-linux-gnu/libOpenNI2.so;libusb::libusb)
[11.025s] -- Found Qhull version 8.0.2
[12.566s] -- OpenNI found (version: 1.5.4.0, include: /usr/include/ni, lib: /usr/lib/libOpenNI.so;libusb::libusb)
[14.038s] -- looking for PCL_COMMON
[14.039s] -- looking for PCL_KDTREE
[14.039s] -- looking for PCL_OCTREE
[14.039s] -- looking for PCL_SEARCH
[14.039s] -- looking for PCL_SAMPLE_CONSENSUS
[14.039s] -- looking for PCL_FILTERS
[14.039s] -- looking for PCL_2D
[14.040s] -- looking for PCL_GEOMETRY
[14.040s] -- looking for PCL_IO
[14.040s] -- looking for PCL_FEATURES
[14.040s] -- looking for PCL_ML
[14.041s] -- looking for PCL_SEGMENTATION
[14.041s] -- looking for PCL_VISUALIZATION
[14.041s] -- looking for PCL_SURFACE
[14.042s] -- looking for PCL_REGISTRATION
[14.042s] -- looking for PCL_KEYPOINTS
[14.042s] -- looking for PCL_TRACKING
[14.042s] -- looking for PCL_RECOGNITION
[14.043s] -- looking for PCL_STEREO
[14.043s] -- looking for PCL_APPS
[14.043s] -- looking for PCL_IN_HAND_SCANNER
[14.044s] -- looking for PCL_MODELER
[14.044s] -- looking for PCL_POINT_CLOUD_EDITOR
[14.044s] -- looking for PCL_OUTOFCORE
[14.044s] -- looking for PCL_PEOPLE
[14.045s] -- Found rviz2: 11.2.13 (/opt/ros/humble/share/rviz2/cmake)
[14.046s] -- Found ament_lint_auto: 0.12.11 (/opt/ros/humble/share/ament_lint_auto/cmake)
[14.091s] [31mCMake Error at /opt/ros/humble/share/ament_cmake_core/cmake/core/ament_package_xml.cmake:53 (message):
[14.091s]   ament_package_xml() package name 'pcl' in '/package.xml' does not match
[14.091s]   current PROJECT_NAME 'pcl_reg'.  You must call project() with the same
[14.091s]   package name before.
[14.091s] Call Stack (most recent call first):
[14.091s]   /opt/ros/humble/share/ament_lint_auto/cmake/ament_lint_auto_find_test_dependencies.cmake:31 (ament_package_xml)
[14.091s]   CMakeLists.txt:83 (ament_lint_auto_find_test_dependencies)
[14.091s] 
[14.091s] [0m
[14.091s] -- Configuring incomplete, errors occurred!
[14.091s] See also "/home/simpletime/Project/proj_ws_pcl/build/pcl/CMakeFiles/CMakeOutput.log".
[14.106s] Invoked command in '/home/simpletime/Project/proj_ws_pcl/build/pcl' returned '1': CMAKE_PREFIX_PATH=/opt/ros/humble /usr/bin/cmake /home/simpletime/Project/proj_ws_pcl/src/pcl -DCMAKE_INSTALL_PREFIX=/home/simpletime/Project/proj_ws_pcl/install/pcl
