[0.024s] Invoking command in '/home/simpletime/Project/ws02_tools/build/cpp01_tf_broadcaster': CMAKE_PREFIX_PATH=${CMAKE_PREFIX_PATH}:/opt/ros/humble /usr/bin/cmake --build /home/simpletime/Project/ws02_tools/build/cpp01_tf_broadcaster -- -j32 -l32
[0.193s] [35m[1mConsolidate compiler generated dependencies of target demo04_pcl_reader[0m
[0.208s] [ 16%] Built target demo00_run
[0.208s] [ 33%] Built target demo00_run1
[0.208s] [ 66%] Built target demo02_dynamic_tf_broadcaster
[0.208s] [ 66%] Built target demo01_static_tf_broadcaster
[0.209s] [ 83%] Built target demo03_tf_listener
[0.224s] [ 91%] [32mBuilding CXX object CMakeFiles/demo04_pcl_reader.dir/src/demo04_pcl_reader.cpp.o[0m
[6.488s] [100%] [32m[1mLinking CXX executable demo04_pcl_reader[0m
[7.430s] [100%] Built target demo04_pcl_reader
[7.441s] Invoked command in '/home/simpletime/Project/ws02_tools/build/cpp01_tf_broadcaster' returned '0': CMAKE_PREFIX_PATH=${CMAKE_PREFIX_PATH}:/opt/ros/humble /usr/bin/cmake --build /home/simpletime/Project/ws02_tools/build/cpp01_tf_broadcaster -- -j32 -l32
[7.488s] Invoking command in '/home/simpletime/Project/ws02_tools/build/cpp01_tf_broadcaster': CMAKE_PREFIX_PATH=${CMAKE_PREFIX_PATH}:/opt/ros/humble /usr/bin/cmake --install /home/simpletime/Project/ws02_tools/build/cpp01_tf_broadcaster
[7.493s] -- Install configuration: ""
[7.495s] -- Up-to-date: /home/simpletime/Project/ws02_tools/install/cpp01_tf_broadcaster/lib/cpp01_tf_broadcaster/demo01_static_tf_broadcaster
[7.496s] -- Up-to-date: /home/simpletime/Project/ws02_tools/install/cpp01_tf_broadcaster/lib/cpp01_tf_broadcaster/demo03_tf_listener
[7.497s] -- Up-to-date: /home/simpletime/Project/ws02_tools/install/cpp01_tf_broadcaster/lib/cpp01_tf_broadcaster/demo00_run
[7.498s] -- Up-to-date: /home/simpletime/Project/ws02_tools/install/cpp01_tf_broadcaster/lib/cpp01_tf_broadcaster/demo02_dynamic_tf_broadcaster
[7.500s] -- Up-to-date: /home/simpletime/Project/ws02_tools/install/cpp01_tf_broadcaster/lib/cpp01_tf_broadcaster/demo00_run1
[7.500s] -- Installing: /home/simpletime/Project/ws02_tools/install/cpp01_tf_broadcaster/lib/cpp01_tf_broadcaster/demo04_pcl_reader
[7.503s] -- Set runtime path of "/home/simpletime/Project/ws02_tools/install/cpp01_tf_broadcaster/lib/cpp01_tf_broadcaster/demo04_pcl_reader" to ""
[7.504s] -- Up-to-date: /home/simpletime/Project/ws02_tools/install/cpp01_tf_broadcaster/lib/cpp01_tf_broadcaster/demo04_pcl_reader
[7.504s] -- Up-to-date: /home/simpletime/Project/ws02_tools/install/cpp01_tf_broadcaster/share/ament_index/resource_index/package_run_dependencies/cpp01_tf_broadcaster
[7.504s] -- Up-to-date: /home/simpletime/Project/ws02_tools/install/cpp01_tf_broadcaster/share/ament_index/resource_index/parent_prefix_path/cpp01_tf_broadcaster
[7.504s] -- Up-to-date: /home/simpletime/Project/ws02_tools/install/cpp01_tf_broadcaster/share/cpp01_tf_broadcaster/environment/ament_prefix_path.sh
[7.505s] -- Up-to-date: /home/simpletime/Project/ws02_tools/install/cpp01_tf_broadcaster/share/cpp01_tf_broadcaster/environment/ament_prefix_path.dsv
[7.505s] -- Up-to-date: /home/simpletime/Project/ws02_tools/install/cpp01_tf_broadcaster/share/cpp01_tf_broadcaster/environment/path.sh
[7.505s] -- Up-to-date: /home/simpletime/Project/ws02_tools/install/cpp01_tf_broadcaster/share/cpp01_tf_broadcaster/environment/path.dsv
[7.505s] -- Up-to-date: /home/simpletime/Project/ws02_tools/install/cpp01_tf_broadcaster/share/cpp01_tf_broadcaster/local_setup.bash
[7.506s] -- Up-to-date: /home/simpletime/Project/ws02_tools/install/cpp01_tf_broadcaster/share/cpp01_tf_broadcaster/local_setup.sh
[7.506s] -- Up-to-date: /home/simpletime/Project/ws02_tools/install/cpp01_tf_broadcaster/share/cpp01_tf_broadcaster/local_setup.zsh
[7.506s] -- Up-to-date: /home/simpletime/Project/ws02_tools/install/cpp01_tf_broadcaster/share/cpp01_tf_broadcaster/local_setup.dsv
[7.506s] -- Installing: /home/simpletime/Project/ws02_tools/install/cpp01_tf_broadcaster/share/cpp01_tf_broadcaster/package.dsv
[7.507s] -- Up-to-date: /home/simpletime/Project/ws02_tools/install/cpp01_tf_broadcaster/share/ament_index/resource_index/packages/cpp01_tf_broadcaster
[7.507s] -- Up-to-date: /home/simpletime/Project/ws02_tools/install/cpp01_tf_broadcaster/share/cpp01_tf_broadcaster/cmake/cpp01_tf_broadcasterConfig.cmake
[7.507s] -- Up-to-date: /home/simpletime/Project/ws02_tools/install/cpp01_tf_broadcaster/share/cpp01_tf_broadcaster/cmake/cpp01_tf_broadcasterConfig-version.cmake
[7.507s] -- Up-to-date: /home/simpletime/Project/ws02_tools/install/cpp01_tf_broadcaster/share/cpp01_tf_broadcaster/package.xml
[7.509s] Invoked command in '/home/simpletime/Project/ws02_tools/build/cpp01_tf_broadcaster' returned '0': CMAKE_PREFIX_PATH=${CMAKE_PREFIX_PATH}:/opt/ros/humble /usr/bin/cmake --install /home/simpletime/Project/ws02_tools/build/cpp01_tf_broadcaster
