[0.019s] Invoking command in '/home/simpletime/exam/build/cpp_auto': AMENT_PREFIX_PATH=/home/simpletime/exam/install/base_interface:${AMENT_PREFIX_PATH} CMAKE_PREFIX_PATH=/home/simpletime/exam/install/base_interface:/opt/ros/humble LD_LIBRARY_PATH=/home/simpletime/exam/install/base_interface/lib:${LD_LIBRARY_PATH} PYTHONPATH=/home/simpletime/exam/install/base_interface/local/lib/python3.10/dist-packages:${PYTHONPATH} /usr/bin/cmake /home/simpletime/exam/src/cpp_auto -DCMAKE_INSTALL_PREFIX=/home/simpletime/exam/install/cpp_auto
[0.159s] -- The C compiler identification is GNU 11.4.0
[0.264s] -- The CXX compiler identification is GNU 11.4.0
[0.277s] -- Detecting C compiler ABI info
[0.351s] -- Detecting C compiler ABI info - done
[0.356s] -- Check for working C compiler: /usr/bin/cc - skipped
[0.357s] -- Detecting C compile features
[0.357s] -- Detecting C compile features - done
[0.361s] -- Detecting CXX compiler ABI info
[0.445s] -- Detecting CXX compiler ABI info - done
[0.450s] -- Check for working CXX compiler: /usr/bin/c++ - skipped
[0.450s] -- Detecting CXX compile features
[0.450s] -- Detecting CXX compile features - done
[0.454s] -- Found ament_cmake: 1.3.10 (/opt/ros/humble/share/ament_cmake/cmake)
[0.571s] -- Found Python3: /usr/bin/python3 (found version "3.10.12") found components: Interpreter 
[0.667s] -- Found rclcpp: 16.0.10 (/opt/ros/humble/share/rclcpp/cmake)
[0.721s] -- Found rosidl_generator_c: 3.1.5 (/opt/ros/humble/share/rosidl_generator_c/cmake)
[0.727s] -- Found rosidl_adapter: 3.1.5 (/opt/ros/humble/share/rosidl_adapter/cmake)
[0.738s] -- Found rosidl_generator_cpp: 3.1.5 (/opt/ros/humble/share/rosidl_generator_cpp/cmake)
[0.754s] -- Using all available rosidl_typesupport_c: rosidl_typesupport_fastrtps_c;rosidl_typesupport_introspection_c
[0.774s] -- Using all available rosidl_typesupport_cpp: rosidl_typesupport_fastrtps_cpp;rosidl_typesupport_introspection_cpp
[0.836s] -- Found rmw_implementation_cmake: 6.1.2 (/opt/ros/humble/share/rmw_implementation_cmake/cmake)
[0.839s] -- Found rmw_fastrtps_cpp: 6.2.7 (/opt/ros/humble/share/rmw_fastrtps_cpp/cmake)
[0.932s] -- Found OpenSSL: /usr/lib/x86_64-linux-gnu/libcrypto.so (found version "3.0.2")  
[0.958s] -- Found FastRTPS: /opt/ros/humble/include  
[0.991s] -- Using RMW implementation 'rmw_fastrtps_cpp' as default
[1.002s] -- Looking for pthread.h
[1.079s] -- Looking for pthread.h - found
[1.079s] -- Performing Test CMAKE_HAVE_LIBC_PTHREAD
[1.147s] -- Performing Test CMAKE_HAVE_LIBC_PTHREAD - Success
[1.148s] -- Found Threads: TRUE  
[1.203s] -- Found base_interface: 0.0.0 (/home/simpletime/exam/install/base_interface/share/base_interface/cmake)
[1.216s] -- Found ament_lint_auto: 0.12.11 (/opt/ros/humble/share/ament_lint_auto/cmake)
[1.278s] -- Added test 'cppcheck' to perform static code analysis on C / C++ code
[1.278s] -- Configured cppcheck include dirs: $<BUILD_INTERFACE:/home/simpletime/exam/src/cpp_auto/include>
[1.278s] -- Configured cppcheck exclude dirs and/or files: 
[1.279s] -- Added test 'lint_cmake' to check CMake code style
[1.280s] -- Added test 'uncrustify' to check C / C++ code style
[1.280s] -- Configured uncrustify additional arguments: 
[1.281s] -- Added test 'xmllint' to check XML markup files
[1.282s] -- Configuring done
[1.290s] -- Generating done
[1.291s] -- Build files have been written to: /home/simpletime/exam/build/cpp_auto
[1.299s] Invoked command in '/home/simpletime/exam/build/cpp_auto' returned '0': AMENT_PREFIX_PATH=/home/simpletime/exam/install/base_interface:${AMENT_PREFIX_PATH} CMAKE_PREFIX_PATH=/home/simpletime/exam/install/base_interface:/opt/ros/humble LD_LIBRARY_PATH=/home/simpletime/exam/install/base_interface/lib:${LD_LIBRARY_PATH} PYTHONPATH=/home/simpletime/exam/install/base_interface/local/lib/python3.10/dist-packages:${PYTHONPATH} /usr/bin/cmake /home/simpletime/exam/src/cpp_auto -DCMAKE_INSTALL_PREFIX=/home/simpletime/exam/install/cpp_auto
[1.301s] Invoking command in '/home/simpletime/exam/build/cpp_auto': AMENT_PREFIX_PATH=/home/simpletime/exam/install/base_interface:${AMENT_PREFIX_PATH} CMAKE_PREFIX_PATH=/home/simpletime/exam/install/base_interface:/opt/ros/humble LD_LIBRARY_PATH=/home/simpletime/exam/install/base_interface/lib:${LD_LIBRARY_PATH} PYTHONPATH=/home/simpletime/exam/install/base_interface/local/lib/python3.10/dist-packages:${PYTHONPATH} /usr/bin/cmake --build /home/simpletime/exam/build/cpp_auto -- -j4 -l4
[1.342s] [ 50%] [32mBuilding CXX object CMakeFiles/cppauto.dir/src/cppauto.cpp.o[0m
[1.376s] [100%] [32m[1mLinking CXX executable cppauto[0m
[1.461s] [100%] Built target cppauto
[1.471s] Invoked command in '/home/simpletime/exam/build/cpp_auto' returned '0': AMENT_PREFIX_PATH=/home/simpletime/exam/install/base_interface:${AMENT_PREFIX_PATH} CMAKE_PREFIX_PATH=/home/simpletime/exam/install/base_interface:/opt/ros/humble LD_LIBRARY_PATH=/home/simpletime/exam/install/base_interface/lib:${LD_LIBRARY_PATH} PYTHONPATH=/home/simpletime/exam/install/base_interface/local/lib/python3.10/dist-packages:${PYTHONPATH} /usr/bin/cmake --build /home/simpletime/exam/build/cpp_auto -- -j4 -l4
[1.493s] Invoking command in '/home/simpletime/exam/build/cpp_auto': AMENT_PREFIX_PATH=/home/simpletime/exam/install/base_interface:${AMENT_PREFIX_PATH} CMAKE_PREFIX_PATH=/home/simpletime/exam/install/base_interface:/opt/ros/humble LD_LIBRARY_PATH=/home/simpletime/exam/install/base_interface/lib:${LD_LIBRARY_PATH} PYTHONPATH=/home/simpletime/exam/install/base_interface/local/lib/python3.10/dist-packages:${PYTHONPATH} /usr/bin/cmake --install /home/simpletime/exam/build/cpp_auto
[1.499s] -- Install configuration: ""
[1.500s] -- Installing: /home/simpletime/exam/install/cpp_auto/lib/cpp_auto/cppauto
[1.500s] -- Set runtime path of "/home/simpletime/exam/install/cpp_auto/lib/cpp_auto/cppauto" to ""
[1.500s] -- Installing: /home/simpletime/exam/install/cpp_auto/share/ament_index/resource_index/package_run_dependencies/cpp_auto
[1.500s] -- Installing: /home/simpletime/exam/install/cpp_auto/share/ament_index/resource_index/parent_prefix_path/cpp_auto
[1.500s] -- Installing: /home/simpletime/exam/install/cpp_auto/share/cpp_auto/environment/ament_prefix_path.sh
[1.500s] -- Installing: /home/simpletime/exam/install/cpp_auto/share/cpp_auto/environment/ament_prefix_path.dsv
[1.501s] -- Installing: /home/simpletime/exam/install/cpp_auto/share/cpp_auto/environment/path.sh
[1.501s] -- Installing: /home/simpletime/exam/install/cpp_auto/share/cpp_auto/environment/path.dsv
[1.501s] -- Installing: /home/simpletime/exam/install/cpp_auto/share/cpp_auto/local_setup.bash
[1.503s] -- Installing: /home/simpletime/exam/install/cpp_auto/share/cpp_auto/local_setup.sh
[1.503s] -- Installing: /home/simpletime/exam/install/cpp_auto/share/cpp_auto/local_setup.zsh
[1.503s] -- Installing: /home/simpletime/exam/install/cpp_auto/share/cpp_auto/local_setup.dsv
[1.503s] -- Installing: /home/simpletime/exam/install/cpp_auto/share/cpp_auto/package.dsv
[1.503s] -- Installing: /home/simpletime/exam/install/cpp_auto/share/ament_index/resource_index/packages/cpp_auto
[1.503s] -- Installing: /home/simpletime/exam/install/cpp_auto/share/cpp_auto/cmake/cpp_autoConfig.cmake
[1.503s] -- Installing: /home/simpletime/exam/install/cpp_auto/share/cpp_auto/cmake/cpp_autoConfig-version.cmake
[1.503s] -- Installing: /home/simpletime/exam/install/cpp_auto/share/cpp_auto/package.xml
[1.505s] Invoked command in '/home/simpletime/exam/build/cpp_auto' returned '0': AMENT_PREFIX_PATH=/home/simpletime/exam/install/base_interface:${AMENT_PREFIX_PATH} CMAKE_PREFIX_PATH=/home/simpletime/exam/install/base_interface:/opt/ros/humble LD_LIBRARY_PATH=/home/simpletime/exam/install/base_interface/lib:${LD_LIBRARY_PATH} PYTHONPATH=/home/simpletime/exam/install/base_interface/local/lib/python3.10/dist-packages:${PYTHONPATH} /usr/bin/cmake --install /home/simpletime/exam/build/cpp_auto
