[0.012s] Invoking command in '/home/simpletime/exam/build/cpp_topic': AMENT_PREFIX_PATH=/home/simpletime/exam/install/base_interface:${AMENT_PREFIX_PATH} CMAKE_PREFIX_PATH=/home/simpletime/exam/install/base_interface:/opt/ros/humble LD_LIBRARY_PATH=/home/simpletime/exam/install/base_interface/lib:${LD_LIBRARY_PATH} PYTHONPATH=/home/simpletime/exam/install/base_interface/local/lib/python3.10/dist-packages:${PYTHONPATH} /usr/bin/cmake --build /home/simpletime/exam/build/cpp_topic -- -j4 -l4
[0.062s] [35m[1mConsolidate compiler generated dependencies of target listener[0m
[0.062s] [35m[1mConsolidate compiler generated dependencies of target talker[0m
[0.091s] [ 50%] Built target talker
[0.091s] [100%] Built target listener
[0.112s] Invoked command in '/home/simpletime/exam/build/cpp_topic' returned '0': AMENT_PREFIX_PATH=/home/simpletime/exam/install/base_interface:${AMENT_PREFIX_PATH} CMAKE_PREFIX_PATH=/home/simpletime/exam/install/base_interface:/opt/ros/humble LD_LIBRARY_PATH=/home/simpletime/exam/install/base_interface/lib:${LD_LIBRARY_PATH} PYTHONPATH=/home/simpletime/exam/install/base_interface/local/lib/python3.10/dist-packages:${PYTHONPATH} /usr/bin/cmake --build /home/simpletime/exam/build/cpp_topic -- -j4 -l4
[0.150s] Invoking command in '/home/simpletime/exam/build/cpp_topic': AMENT_PREFIX_PATH=/home/simpletime/exam/install/base_interface:${AMENT_PREFIX_PATH} CMAKE_PREFIX_PATH=/home/simpletime/exam/install/base_interface:/opt/ros/humble LD_LIBRARY_PATH=/home/simpletime/exam/install/base_interface/lib:${LD_LIBRARY_PATH} PYTHONPATH=/home/simpletime/exam/install/base_interface/local/lib/python3.10/dist-packages:${PYTHONPATH} /usr/bin/cmake --install /home/simpletime/exam/build/cpp_topic
[0.151s] -- Install configuration: ""
[0.152s] -- Up-to-date: /home/simpletime/exam/install/cpp_topic/lib/cpp_topic/talker
[0.154s] -- Up-to-date: /home/simpletime/exam/install/cpp_topic/lib/cpp_topic/listener
[0.154s] -- Up-to-date: /home/simpletime/exam/install/cpp_topic/share/ament_index/resource_index/package_run_dependencies/cpp_topic
[0.154s] -- Up-to-date: /home/simpletime/exam/install/cpp_topic/share/ament_index/resource_index/parent_prefix_path/cpp_topic
[0.154s] -- Up-to-date: /home/simpletime/exam/install/cpp_topic/share/cpp_topic/environment/ament_prefix_path.sh
[0.154s] -- Up-to-date: /home/simpletime/exam/install/cpp_topic/share/cpp_topic/environment/ament_prefix_path.dsv
[0.156s] -- Up-to-date: /home/simpletime/exam/install/cpp_topic/share/cpp_topic/environment/path.sh
[0.156s] -- Up-to-date: /home/simpletime/exam/install/cpp_topic/share/cpp_topic/environment/path.dsv
[0.156s] -- Up-to-date: /home/simpletime/exam/install/cpp_topic/share/cpp_topic/local_setup.bash
[0.156s] -- Up-to-date: /home/simpletime/exam/install/cpp_topic/share/cpp_topic/local_setup.sh
[0.156s] -- Up-to-date: /home/simpletime/exam/install/cpp_topic/share/cpp_topic/local_setup.zsh
[0.156s] -- Up-to-date: /home/simpletime/exam/install/cpp_topic/share/cpp_topic/local_setup.dsv
[0.156s] -- Installing: /home/simpletime/exam/install/cpp_topic/share/cpp_topic/package.dsv
[0.156s] -- Up-to-date: /home/simpletime/exam/install/cpp_topic/share/ament_index/resource_index/packages/cpp_topic
[0.156s] -- Up-to-date: /home/simpletime/exam/install/cpp_topic/share/cpp_topic/cmake/cpp_topicConfig.cmake
[0.156s] -- Up-to-date: /home/simpletime/exam/install/cpp_topic/share/cpp_topic/cmake/cpp_topicConfig-version.cmake
[0.156s] -- Up-to-date: /home/simpletime/exam/install/cpp_topic/share/cpp_topic/package.xml
[0.158s] Invoked command in '/home/simpletime/exam/build/cpp_topic' returned '0': AMENT_PREFIX_PATH=/home/simpletime/exam/install/base_interface:${AMENT_PREFIX_PATH} CMAKE_PREFIX_PATH=/home/simpletime/exam/install/base_interface:/opt/ros/humble LD_LIBRARY_PATH=/home/simpletime/exam/install/base_interface/lib:${LD_LIBRARY_PATH} PYTHONPATH=/home/simpletime/exam/install/base_interface/local/lib/python3.10/dist-packages:${PYTHONPATH} /usr/bin/cmake --install /home/simpletime/exam/build/cpp_topic
