[0.038s] Invoking command in '/home/simpletime/ws01_plumbing/build/cpp03_action': AMENT_PREFIX_PATH=/home/simpletime/ws01_plumbing/install/base_interfaces_demo:${AMENT_PREFIX_PATH} CMAKE_PREFIX_PATH=/home/simpletime/ws01_plumbing/install/base_interfaces_demo:/opt/ros/humble LD_LIBRARY_PATH=/home/simpletime/ws01_plumbing/install/base_interfaces_demo/lib:${LD_LIBRARY_PATH} PYTHONPATH=/home/simpletime/ws01_plumbing/install/base_interfaces_demo/local/lib/python3.10/dist-packages:${PYTHONPATH} /usr/bin/cmake --build /home/simpletime/ws01_plumbing/build/cpp03_action -- -j4 -l4
[0.175s] [35m[1mConsolidate compiler generated dependencies of target demo02_action_client[0m
[0.243s] [ 50%] [32mBuilding CXX object CMakeFiles/demo02_action_client.dir/src/demo02_action_client.cpp.o[0m
[0.254s] [ 75%] Built target demo01_action_server
[2.163s] [01m[K/home/simpletime/ws01_plumbing/src/cpp03_action/src/demo02_action_client.cpp:[m[K In member function ‘[01m[Kvoid ProgressActionClient::result_callback(const rclcpp_action::ClientGoalHandle<base_interfaces_demo::action::Progress>::WrappedResult&)[m[K’:
[2.163s] [01m[K/home/simpletime/ws01_plumbing/src/cpp03_action/src/demo02_action_client.cpp:46:89:[m[K [01;35m[Kwarning: [m[Kunused parameter ‘[01m[Kresule[m[K’ [[01;35m[K]8;;https://gcc.gnu.org/onlinedocs/gcc/Warning-Options.html#index-Wunused-parameter-Wunused-parameter]8;;[m[K]
[2.163s]    46 |   void result_callback([01;35m[Kconst rclcpp_action::ClientGoalHandle<Progress>::WrappedResult & resule[m[K){
[2.163s]       |                        [01;35m[K~~~~~~~~~~~~~~~~~~~~~~~~~~~~~~~~~~~~~~~~~~~~~~~~~~~~~~~~~~~~~~~~~^~~~~~[m[K
[3.080s] [100%] [32m[1mLinking CXX executable demo02_action_client[0m
[3.208s] [100%] Built target demo02_action_client
[3.217s] Invoked command in '/home/simpletime/ws01_plumbing/build/cpp03_action' returned '0': AMENT_PREFIX_PATH=/home/simpletime/ws01_plumbing/install/base_interfaces_demo:${AMENT_PREFIX_PATH} CMAKE_PREFIX_PATH=/home/simpletime/ws01_plumbing/install/base_interfaces_demo:/opt/ros/humble LD_LIBRARY_PATH=/home/simpletime/ws01_plumbing/install/base_interfaces_demo/lib:${LD_LIBRARY_PATH} PYTHONPATH=/home/simpletime/ws01_plumbing/install/base_interfaces_demo/local/lib/python3.10/dist-packages:${PYTHONPATH} /usr/bin/cmake --build /home/simpletime/ws01_plumbing/build/cpp03_action -- -j4 -l4
[3.241s] Invoking command in '/home/simpletime/ws01_plumbing/build/cpp03_action': AMENT_PREFIX_PATH=/home/simpletime/ws01_plumbing/install/base_interfaces_demo:${AMENT_PREFIX_PATH} CMAKE_PREFIX_PATH=/home/simpletime/ws01_plumbing/install/base_interfaces_demo:/opt/ros/humble LD_LIBRARY_PATH=/home/simpletime/ws01_plumbing/install/base_interfaces_demo/lib:${LD_LIBRARY_PATH} PYTHONPATH=/home/simpletime/ws01_plumbing/install/base_interfaces_demo/local/lib/python3.10/dist-packages:${PYTHONPATH} /usr/bin/cmake --install /home/simpletime/ws01_plumbing/build/cpp03_action
[3.247s] -- Install configuration: ""
[3.248s] -- Up-to-date: /home/simpletime/ws01_plumbing/install/cpp03_action/lib/cpp03_action/demo01_action_server
[3.248s] -- Installing: /home/simpletime/ws01_plumbing/install/cpp03_action/lib/cpp03_action/demo02_action_client
[3.249s] -- Set runtime path of "/home/simpletime/ws01_plumbing/install/cpp03_action/lib/cpp03_action/demo02_action_client" to ""
[3.250s] -- Up-to-date: /home/simpletime/ws01_plumbing/install/cpp03_action/share/ament_index/resource_index/package_run_dependencies/cpp03_action
[3.250s] -- Up-to-date: /home/simpletime/ws01_plumbing/install/cpp03_action/share/ament_index/resource_index/parent_prefix_path/cpp03_action
[3.250s] -- Up-to-date: /home/simpletime/ws01_plumbing/install/cpp03_action/share/cpp03_action/environment/ament_prefix_path.sh
[3.250s] -- Up-to-date: /home/simpletime/ws01_plumbing/install/cpp03_action/share/cpp03_action/environment/ament_prefix_path.dsv
[3.250s] -- Up-to-date: /home/simpletime/ws01_plumbing/install/cpp03_action/share/cpp03_action/environment/path.sh
[3.250s] -- Up-to-date: /home/simpletime/ws01_plumbing/install/cpp03_action/share/cpp03_action/environment/path.dsv
[3.250s] -- Up-to-date: /home/simpletime/ws01_plumbing/install/cpp03_action/share/cpp03_action/local_setup.bash
[3.250s] -- Up-to-date: /home/simpletime/ws01_plumbing/install/cpp03_action/share/cpp03_action/local_setup.sh
[3.250s] -- Up-to-date: /home/simpletime/ws01_plumbing/install/cpp03_action/share/cpp03_action/local_setup.zsh
[3.251s] -- Up-to-date: /home/simpletime/ws01_plumbing/install/cpp03_action/share/cpp03_action/local_setup.dsv
[3.251s] -- Installing: /home/simpletime/ws01_plumbing/install/cpp03_action/share/cpp03_action/package.dsv
[3.251s] -- Up-to-date: /home/simpletime/ws01_plumbing/install/cpp03_action/share/ament_index/resource_index/packages/cpp03_action
[3.251s] -- Up-to-date: /home/simpletime/ws01_plumbing/install/cpp03_action/share/cpp03_action/cmake/cpp03_actionConfig.cmake
[3.251s] -- Up-to-date: /home/simpletime/ws01_plumbing/install/cpp03_action/share/cpp03_action/cmake/cpp03_actionConfig-version.cmake
[3.252s] -- Up-to-date: /home/simpletime/ws01_plumbing/install/cpp03_action/share/cpp03_action/package.xml
[3.253s] Invoked command in '/home/simpletime/ws01_plumbing/build/cpp03_action' returned '0': AMENT_PREFIX_PATH=/home/simpletime/ws01_plumbing/install/base_interfaces_demo:${AMENT_PREFIX_PATH} CMAKE_PREFIX_PATH=/home/simpletime/ws01_plumbing/install/base_interfaces_demo:/opt/ros/humble LD_LIBRARY_PATH=/home/simpletime/ws01_plumbing/install/base_interfaces_demo/lib:${LD_LIBRARY_PATH} PYTHONPATH=/home/simpletime/ws01_plumbing/install/base_interfaces_demo/local/lib/python3.10/dist-packages:${PYTHONPATH} /usr/bin/cmake --install /home/simpletime/ws01_plumbing/build/cpp03_action
