[0.058s] DEBUG:colcon:Command line arguments: ['/usr/bin/colcon', 'build']
[0.058s] DEBUG:colcon:Parsed command line arguments: Namespace(log_base=None, log_level=None, verb_name='build', build_base='build', install_base='install', merge_install=False, symlink_install=False, test_result_base=None, continue_on_error=False, executor='parallel', parallel_workers=4, event_handlers=None, ignore_user_meta=False, metas=['./colcon.meta'], base_paths=['.'], packages_ignore=None, packages_ignore_regex=None, paths=None, packages_up_to=None, packages_up_to_regex=None, packages_above=None, packages_above_and_dependencies=None, packages_above_depth=None, packages_select_by_dep=None, packages_skip_by_dep=None, packages_skip_up_to=None, packages_select_build_failed=False, packages_skip_build_finished=False, packages_select_test_failures=False, packages_skip_test_passed=False, packages_select=None, packages_skip=None, packages_select_regex=None, packages_skip_regex=None, packages_start=None, packages_end=None, allow_overriding=[], cmake_args=None, cmake_target=None, cmake_target_skip_unavailable=False, cmake_clean_cache=False, cmake_clean_first=False, cmake_force_configure=False, ament_cmake_args=None, catkin_cmake_args=None, catkin_skip_building_tests=False, verb_parser=<colcon_defaults.argument_parser.defaults.DefaultArgumentsDecorator object at 0x710003afbcd0>, verb_extension=<colcon_core.verb.build.BuildVerb object at 0x710003a44880>, main=<bound method BuildVerb.main of <colcon_core.verb.build.BuildVerb object at 0x710003a44880>>)
[0.140s] Level 1:colcon.colcon_core.package_discovery:discover_packages(colcon_meta) check parameters
[0.140s] Level 1:colcon.colcon_core.package_discovery:discover_packages(recursive) check parameters
[0.140s] Level 1:colcon.colcon_core.package_discovery:discover_packages(ignore) check parameters
[0.140s] Level 1:colcon.colcon_core.package_discovery:discover_packages(path) check parameters
[0.140s] Level 1:colcon.colcon_core.package_discovery:discover_packages(colcon_meta) discover
[0.140s] Level 1:colcon.colcon_core.package_discovery:discover_packages(recursive) discover
[0.140s] INFO:colcon.colcon_core.package_discovery:Crawling recursively for packages in '/home/simpletime/ws01_plumbing'
[0.140s] Level 1:colcon.colcon_core.package_identification:_identify(.) by extensions ['ignore', 'ignore_ament_install']
[0.140s] Level 1:colcon.colcon_core.package_identification:_identify(.) by extension 'ignore'
[0.140s] Level 1:colcon.colcon_core.package_identification:_identify(.) by extension 'ignore_ament_install'
[0.140s] Level 1:colcon.colcon_core.package_identification:_identify(.) by extensions ['colcon_pkg']
[0.140s] Level 1:colcon.colcon_core.package_identification:_identify(.) by extension 'colcon_pkg'
[0.141s] Level 1:colcon.colcon_core.package_identification:_identify(.) by extensions ['colcon_meta']
[0.141s] Level 1:colcon.colcon_core.package_identification:_identify(.) by extension 'colcon_meta'
[0.141s] Level 1:colcon.colcon_core.package_identification:_identify(.) by extensions ['ros']
[0.141s] Level 1:colcon.colcon_core.package_identification:_identify(.) by extension 'ros'
[0.148s] Level 1:colcon.colcon_core.package_identification:_identify(.) by extensions ['cmake', 'python']
[0.148s] Level 1:colcon.colcon_core.package_identification:_identify(.) by extension 'cmake'
[0.148s] Level 1:colcon.colcon_core.package_identification:_identify(.) by extension 'python'
[0.148s] Level 1:colcon.colcon_core.package_identification:_identify(.) by extensions ['python_setup_py']
[0.148s] Level 1:colcon.colcon_core.package_identification:_identify(.) by extension 'python_setup_py'
[0.148s] Level 1:colcon.colcon_core.package_identification:_identify(build) by extensions ['ignore', 'ignore_ament_install']
[0.148s] Level 1:colcon.colcon_core.package_identification:_identify(build) by extension 'ignore'
[0.148s] Level 1:colcon.colcon_core.package_identification:_identify(build) ignored
[0.148s] Level 1:colcon.colcon_core.package_identification:_identify(install) by extensions ['ignore', 'ignore_ament_install']
[0.148s] Level 1:colcon.colcon_core.package_identification:_identify(install) by extension 'ignore'
[0.148s] Level 1:colcon.colcon_core.package_identification:_identify(install) ignored
[0.148s] Level 1:colcon.colcon_core.package_identification:_identify(log) by extensions ['ignore', 'ignore_ament_install']
[0.148s] Level 1:colcon.colcon_core.package_identification:_identify(log) by extension 'ignore'
[0.148s] Level 1:colcon.colcon_core.package_identification:_identify(log) ignored
[0.148s] Level 1:colcon.colcon_core.package_identification:_identify(src) by extensions ['ignore', 'ignore_ament_install']
[0.148s] Level 1:colcon.colcon_core.package_identification:_identify(src) by extension 'ignore'
[0.148s] Level 1:colcon.colcon_core.package_identification:_identify(src) by extension 'ignore_ament_install'
[0.148s] Level 1:colcon.colcon_core.package_identification:_identify(src) by extensions ['colcon_pkg']
[0.148s] Level 1:colcon.colcon_core.package_identification:_identify(src) by extension 'colcon_pkg'
[0.148s] Level 1:colcon.colcon_core.package_identification:_identify(src) by extensions ['colcon_meta']
[0.148s] Level 1:colcon.colcon_core.package_identification:_identify(src) by extension 'colcon_meta'
[0.148s] Level 1:colcon.colcon_core.package_identification:_identify(src) by extensions ['ros']
[0.148s] Level 1:colcon.colcon_core.package_identification:_identify(src) by extension 'ros'
[0.148s] Level 1:colcon.colcon_core.package_identification:_identify(src) by extensions ['cmake', 'python']
[0.148s] Level 1:colcon.colcon_core.package_identification:_identify(src) by extension 'cmake'
[0.148s] Level 1:colcon.colcon_core.package_identification:_identify(src) by extension 'python'
[0.149s] Level 1:colcon.colcon_core.package_identification:_identify(src) by extensions ['python_setup_py']
[0.149s] Level 1:colcon.colcon_core.package_identification:_identify(src) by extension 'python_setup_py'
[0.149s] Level 1:colcon.colcon_core.package_identification:_identify(src/base_interfaces_demo) by extensions ['ignore', 'ignore_ament_install']
[0.149s] Level 1:colcon.colcon_core.package_identification:_identify(src/base_interfaces_demo) by extension 'ignore'
[0.149s] Level 1:colcon.colcon_core.package_identification:_identify(src/base_interfaces_demo) by extension 'ignore_ament_install'
[0.149s] Level 1:colcon.colcon_core.package_identification:_identify(src/base_interfaces_demo) by extensions ['colcon_pkg']
[0.149s] Level 1:colcon.colcon_core.package_identification:_identify(src/base_interfaces_demo) by extension 'colcon_pkg'
[0.149s] Level 1:colcon.colcon_core.package_identification:_identify(src/base_interfaces_demo) by extensions ['colcon_meta']
[0.149s] Level 1:colcon.colcon_core.package_identification:_identify(src/base_interfaces_demo) by extension 'colcon_meta'
[0.149s] Level 1:colcon.colcon_core.package_identification:_identify(src/base_interfaces_demo) by extensions ['ros']
[0.149s] Level 1:colcon.colcon_core.package_identification:_identify(src/base_interfaces_demo) by extension 'ros'
[0.150s] DEBUG:colcon.colcon_core.package_identification:Package 'src/base_interfaces_demo' with type 'ros.ament_cmake' and name 'base_interfaces_demo'
[0.150s] Level 1:colcon.colcon_core.package_identification:_identify(src/cpp01_topic) by extensions ['ignore', 'ignore_ament_install']
[0.150s] Level 1:colcon.colcon_core.package_identification:_identify(src/cpp01_topic) by extension 'ignore'
[0.150s] Level 1:colcon.colcon_core.package_identification:_identify(src/cpp01_topic) by extension 'ignore_ament_install'
[0.150s] Level 1:colcon.colcon_core.package_identification:_identify(src/cpp01_topic) by extensions ['colcon_pkg']
[0.150s] Level 1:colcon.colcon_core.package_identification:_identify(src/cpp01_topic) by extension 'colcon_pkg'
[0.150s] Level 1:colcon.colcon_core.package_identification:_identify(src/cpp01_topic) by extensions ['colcon_meta']
[0.150s] Level 1:colcon.colcon_core.package_identification:_identify(src/cpp01_topic) by extension 'colcon_meta'
[0.150s] Level 1:colcon.colcon_core.package_identification:_identify(src/cpp01_topic) by extensions ['ros']
[0.150s] Level 1:colcon.colcon_core.package_identification:_identify(src/cpp01_topic) by extension 'ros'
[0.151s] DEBUG:colcon.colcon_core.package_identification:Package 'src/cpp01_topic' with type 'ros.ament_cmake' and name 'cpp01_topic'
[0.151s] Level 1:colcon.colcon_core.package_identification:_identify(src/cpp02_service) by extensions ['ignore', 'ignore_ament_install']
[0.151s] Level 1:colcon.colcon_core.package_identification:_identify(src/cpp02_service) by extension 'ignore'
[0.151s] Level 1:colcon.colcon_core.package_identification:_identify(src/cpp02_service) by extension 'ignore_ament_install'
[0.151s] Level 1:colcon.colcon_core.package_identification:_identify(src/cpp02_service) by extensions ['colcon_pkg']
[0.151s] Level 1:colcon.colcon_core.package_identification:_identify(src/cpp02_service) by extension 'colcon_pkg'
[0.151s] Level 1:colcon.colcon_core.package_identification:_identify(src/cpp02_service) by extensions ['colcon_meta']
[0.151s] Level 1:colcon.colcon_core.package_identification:_identify(src/cpp02_service) by extension 'colcon_meta'
[0.151s] Level 1:colcon.colcon_core.package_identification:_identify(src/cpp02_service) by extensions ['ros']
[0.151s] Level 1:colcon.colcon_core.package_identification:_identify(src/cpp02_service) by extension 'ros'
[0.151s] DEBUG:colcon.colcon_core.package_identification:Package 'src/cpp02_service' with type 'ros.ament_cmake' and name 'cpp02_service'
[0.152s] Level 1:colcon.colcon_core.package_identification:_identify(src/cpp03_action) by extensions ['ignore', 'ignore_ament_install']
[0.152s] Level 1:colcon.colcon_core.package_identification:_identify(src/cpp03_action) by extension 'ignore'
[0.152s] Level 1:colcon.colcon_core.package_identification:_identify(src/cpp03_action) by extension 'ignore_ament_install'
[0.152s] Level 1:colcon.colcon_core.package_identification:_identify(src/cpp03_action) by extensions ['colcon_pkg']
[0.152s] Level 1:colcon.colcon_core.package_identification:_identify(src/cpp03_action) by extension 'colcon_pkg'
[0.152s] Level 1:colcon.colcon_core.package_identification:_identify(src/cpp03_action) by extensions ['colcon_meta']
[0.152s] Level 1:colcon.colcon_core.package_identification:_identify(src/cpp03_action) by extension 'colcon_meta'
[0.152s] Level 1:colcon.colcon_core.package_identification:_identify(src/cpp03_action) by extensions ['ros']
[0.152s] Level 1:colcon.colcon_core.package_identification:_identify(src/cpp03_action) by extension 'ros'
[0.152s] DEBUG:colcon.colcon_core.package_identification:Package 'src/cpp03_action' with type 'ros.ament_cmake' and name 'cpp03_action'
[0.152s] Level 1:colcon.colcon_core.package_identification:_identify(src/py01_topic) by extensions ['ignore', 'ignore_ament_install']
[0.152s] Level 1:colcon.colcon_core.package_identification:_identify(src/py01_topic) by extension 'ignore'
[0.152s] Level 1:colcon.colcon_core.package_identification:_identify(src/py01_topic) by extension 'ignore_ament_install'
[0.152s] Level 1:colcon.colcon_core.package_identification:_identify(src/py01_topic) by extensions ['colcon_pkg']
[0.152s] Level 1:colcon.colcon_core.package_identification:_identify(src/py01_topic) by extension 'colcon_pkg'
[0.152s] Level 1:colcon.colcon_core.package_identification:_identify(src/py01_topic) by extensions ['colcon_meta']
[0.152s] Level 1:colcon.colcon_core.package_identification:_identify(src/py01_topic) by extension 'colcon_meta'
[0.152s] Level 1:colcon.colcon_core.package_identification:_identify(src/py01_topic) by extensions ['ros']
[0.152s] Level 1:colcon.colcon_core.package_identification:_identify(src/py01_topic) by extension 'ros'
[0.153s] DEBUG:colcon.colcon_core.package_identification:Package 'src/py01_topic' with type 'ros.ament_python' and name 'py01_topic'
[0.153s] Level 1:colcon.colcon_core.package_discovery:discover_packages(recursive) using defaults
[0.153s] Level 1:colcon.colcon_core.package_discovery:discover_packages(ignore) discover
[0.153s] Level 1:colcon.colcon_core.package_discovery:discover_packages(ignore) using defaults
[0.153s] Level 1:colcon.colcon_core.package_discovery:discover_packages(path) discover
[0.153s] Level 1:colcon.colcon_core.package_discovery:discover_packages(path) using defaults
[0.164s] Level 1:colcon.colcon_core.package_discovery:discover_packages(prefix_path) check parameters
[0.164s] Level 1:colcon.colcon_core.package_discovery:discover_packages(prefix_path) discover
[0.166s] DEBUG:colcon.colcon_installed_package_information.package_discovery:Found 270 installed packages in /opt/ros/humble
[0.167s] Level 1:colcon.colcon_core.package_discovery:discover_packages(prefix_path) using defaults
[0.193s] Level 5:colcon.colcon_core.verb:set package 'base_interfaces_demo' build argument 'cmake_args' from command line to 'None'
[0.193s] Level 5:colcon.colcon_core.verb:set package 'base_interfaces_demo' build argument 'cmake_target' from command line to 'None'
[0.193s] Level 5:colcon.colcon_core.verb:set package 'base_interfaces_demo' build argument 'cmake_target_skip_unavailable' from command line to 'False'
[0.193s] Level 5:colcon.colcon_core.verb:set package 'base_interfaces_demo' build argument 'cmake_clean_cache' from command line to 'False'
[0.193s] Level 5:colcon.colcon_core.verb:set package 'base_interfaces_demo' build argument 'cmake_clean_first' from command line to 'False'
[0.193s] Level 5:colcon.colcon_core.verb:set package 'base_interfaces_demo' build argument 'cmake_force_configure' from command line to 'False'
[0.193s] Level 5:colcon.colcon_core.verb:set package 'base_interfaces_demo' build argument 'ament_cmake_args' from command line to 'None'
[0.193s] Level 5:colcon.colcon_core.verb:set package 'base_interfaces_demo' build argument 'catkin_cmake_args' from command line to 'None'
[0.193s] Level 5:colcon.colcon_core.verb:set package 'base_interfaces_demo' build argument 'catkin_skip_building_tests' from command line to 'False'
[0.193s] DEBUG:colcon.colcon_core.verb:Building package 'base_interfaces_demo' with the following arguments: {'ament_cmake_args': None, 'build_base': '/home/simpletime/ws01_plumbing/build/base_interfaces_demo', 'catkin_cmake_args': None, 'catkin_skip_building_tests': False, 'cmake_args': None, 'cmake_clean_cache': False, 'cmake_clean_first': False, 'cmake_force_configure': False, 'cmake_target': None, 'cmake_target_skip_unavailable': False, 'install_base': '/home/simpletime/ws01_plumbing/install/base_interfaces_demo', 'merge_install': False, 'path': '/home/simpletime/ws01_plumbing/src/base_interfaces_demo', 'symlink_install': False, 'test_result_base': None}
[0.193s] Level 5:colcon.colcon_core.verb:set package 'cpp01_topic' build argument 'cmake_args' from command line to 'None'
[0.193s] Level 5:colcon.colcon_core.verb:set package 'cpp01_topic' build argument 'cmake_target' from command line to 'None'
[0.193s] Level 5:colcon.colcon_core.verb:set package 'cpp01_topic' build argument 'cmake_target_skip_unavailable' from command line to 'False'
[0.193s] Level 5:colcon.colcon_core.verb:set package 'cpp01_topic' build argument 'cmake_clean_cache' from command line to 'False'
[0.193s] Level 5:colcon.colcon_core.verb:set package 'cpp01_topic' build argument 'cmake_clean_first' from command line to 'False'
[0.193s] Level 5:colcon.colcon_core.verb:set package 'cpp01_topic' build argument 'cmake_force_configure' from command line to 'False'
[0.193s] Level 5:colcon.colcon_core.verb:set package 'cpp01_topic' build argument 'ament_cmake_args' from command line to 'None'
[0.193s] Level 5:colcon.colcon_core.verb:set package 'cpp01_topic' build argument 'catkin_cmake_args' from command line to 'None'
[0.193s] Level 5:colcon.colcon_core.verb:set package 'cpp01_topic' build argument 'catkin_skip_building_tests' from command line to 'False'
[0.193s] DEBUG:colcon.colcon_core.verb:Building package 'cpp01_topic' with the following arguments: {'ament_cmake_args': None, 'build_base': '/home/simpletime/ws01_plumbing/build/cpp01_topic', 'catkin_cmake_args': None, 'catkin_skip_building_tests': False, 'cmake_args': None, 'cmake_clean_cache': False, 'cmake_clean_first': False, 'cmake_force_configure': False, 'cmake_target': None, 'cmake_target_skip_unavailable': False, 'install_base': '/home/simpletime/ws01_plumbing/install/cpp01_topic', 'merge_install': False, 'path': '/home/simpletime/ws01_plumbing/src/cpp01_topic', 'symlink_install': False, 'test_result_base': None}
[0.193s] Level 5:colcon.colcon_core.verb:set package 'cpp02_service' build argument 'cmake_args' from command line to 'None'
[0.193s] Level 5:colcon.colcon_core.verb:set package 'cpp02_service' build argument 'cmake_target' from command line to 'None'
[0.194s] Level 5:colcon.colcon_core.verb:set package 'cpp02_service' build argument 'cmake_target_skip_unavailable' from command line to 'False'
[0.194s] Level 5:colcon.colcon_core.verb:set package 'cpp02_service' build argument 'cmake_clean_cache' from command line to 'False'
[0.194s] Level 5:colcon.colcon_core.verb:set package 'cpp02_service' build argument 'cmake_clean_first' from command line to 'False'
[0.194s] Level 5:colcon.colcon_core.verb:set package 'cpp02_service' build argument 'cmake_force_configure' from command line to 'False'
[0.194s] Level 5:colcon.colcon_core.verb:set package 'cpp02_service' build argument 'ament_cmake_args' from command line to 'None'
[0.194s] Level 5:colcon.colcon_core.verb:set package 'cpp02_service' build argument 'catkin_cmake_args' from command line to 'None'
[0.194s] Level 5:colcon.colcon_core.verb:set package 'cpp02_service' build argument 'catkin_skip_building_tests' from command line to 'False'
[0.194s] DEBUG:colcon.colcon_core.verb:Building package 'cpp02_service' with the following arguments: {'ament_cmake_args': None, 'build_base': '/home/simpletime/ws01_plumbing/build/cpp02_service', 'catkin_cmake_args': None, 'catkin_skip_building_tests': False, 'cmake_args': None, 'cmake_clean_cache': False, 'cmake_clean_first': False, 'cmake_force_configure': False, 'cmake_target': None, 'cmake_target_skip_unavailable': False, 'install_base': '/home/simpletime/ws01_plumbing/install/cpp02_service', 'merge_install': False, 'path': '/home/simpletime/ws01_plumbing/src/cpp02_service', 'symlink_install': False, 'test_result_base': None}
[0.194s] Level 5:colcon.colcon_core.verb:set package 'cpp03_action' build argument 'cmake_args' from command line to 'None'
[0.194s] Level 5:colcon.colcon_core.verb:set package 'cpp03_action' build argument 'cmake_target' from command line to 'None'
[0.194s] Level 5:colcon.colcon_core.verb:set package 'cpp03_action' build argument 'cmake_target_skip_unavailable' from command line to 'False'
[0.194s] Level 5:colcon.colcon_core.verb:set package 'cpp03_action' build argument 'cmake_clean_cache' from command line to 'False'
[0.194s] Level 5:colcon.colcon_core.verb:set package 'cpp03_action' build argument 'cmake_clean_first' from command line to 'False'
[0.194s] Level 5:colcon.colcon_core.verb:set package 'cpp03_action' build argument 'cmake_force_configure' from command line to 'False'
[0.194s] Level 5:colcon.colcon_core.verb:set package 'cpp03_action' build argument 'ament_cmake_args' from command line to 'None'
[0.194s] Level 5:colcon.colcon_core.verb:set package 'cpp03_action' build argument 'catkin_cmake_args' from command line to 'None'
[0.194s] Level 5:colcon.colcon_core.verb:set package 'cpp03_action' build argument 'catkin_skip_building_tests' from command line to 'False'
[0.194s] DEBUG:colcon.colcon_core.verb:Building package 'cpp03_action' with the following arguments: {'ament_cmake_args': None, 'build_base': '/home/simpletime/ws01_plumbing/build/cpp03_action', 'catkin_cmake_args': None, 'catkin_skip_building_tests': False, 'cmake_args': None, 'cmake_clean_cache': False, 'cmake_clean_first': False, 'cmake_force_configure': False, 'cmake_target': None, 'cmake_target_skip_unavailable': False, 'install_base': '/home/simpletime/ws01_plumbing/install/cpp03_action', 'merge_install': False, 'path': '/home/simpletime/ws01_plumbing/src/cpp03_action', 'symlink_install': False, 'test_result_base': None}
[0.194s] Level 5:colcon.colcon_core.verb:set package 'py01_topic' build argument 'cmake_args' from command line to 'None'
[0.194s] Level 5:colcon.colcon_core.verb:set package 'py01_topic' build argument 'cmake_target' from command line to 'None'
[0.194s] Level 5:colcon.colcon_core.verb:set package 'py01_topic' build argument 'cmake_target_skip_unavailable' from command line to 'False'
[0.194s] Level 5:colcon.colcon_core.verb:set package 'py01_topic' build argument 'cmake_clean_cache' from command line to 'False'
[0.194s] Level 5:colcon.colcon_core.verb:set package 'py01_topic' build argument 'cmake_clean_first' from command line to 'False'
[0.194s] Level 5:colcon.colcon_core.verb:set package 'py01_topic' build argument 'cmake_force_configure' from command line to 'False'
[0.194s] Level 5:colcon.colcon_core.verb:set package 'py01_topic' build argument 'ament_cmake_args' from command line to 'None'
[0.194s] Level 5:colcon.colcon_core.verb:set package 'py01_topic' build argument 'catkin_cmake_args' from command line to 'None'
[0.194s] Level 5:colcon.colcon_core.verb:set package 'py01_topic' build argument 'catkin_skip_building_tests' from command line to 'False'
[0.194s] DEBUG:colcon.colcon_core.verb:Building package 'py01_topic' with the following arguments: {'ament_cmake_args': None, 'build_base': '/home/simpletime/ws01_plumbing/build/py01_topic', 'catkin_cmake_args': None, 'catkin_skip_building_tests': False, 'cmake_args': None, 'cmake_clean_cache': False, 'cmake_clean_first': False, 'cmake_force_configure': False, 'cmake_target': None, 'cmake_target_skip_unavailable': False, 'install_base': '/home/simpletime/ws01_plumbing/install/py01_topic', 'merge_install': False, 'path': '/home/simpletime/ws01_plumbing/src/py01_topic', 'symlink_install': False, 'test_result_base': None}
[0.194s] INFO:colcon.colcon_core.executor:Executing jobs using 'parallel' executor
[0.195s] DEBUG:colcon.colcon_parallel_executor.executor.parallel:run_until_complete
[0.195s] INFO:colcon.colcon_ros.task.ament_cmake.build:Building ROS package in '/home/simpletime/ws01_plumbing/src/base_interfaces_demo' with build type 'ament_cmake'
[0.195s] INFO:colcon.colcon_cmake.task.cmake.build:Building CMake package in '/home/simpletime/ws01_plumbing/src/base_interfaces_demo'
[0.197s] INFO:colcon.colcon_core.plugin_system:Skipping extension 'colcon_core.shell.bat': Not used on non-Windows systems
[0.197s] INFO:colcon.colcon_core.shell:Skip shell extension 'powershell' for command environment: Not usable outside of PowerShell
[0.197s] DEBUG:colcon.colcon_core.shell:Skip shell extension 'dsv' for command environment
[0.204s] DEBUG:colcon.colcon_core.event_handler.log_command:Invoking command in '/home/simpletime/ws01_plumbing/build/base_interfaces_demo': CMAKE_PREFIX_PATH=/opt/ros/humble /usr/bin/cmake --build /home/simpletime/ws01_plumbing/build/base_interfaces_demo -- -j4 -l4
[0.428s] DEBUG:colcon.colcon_core.event_handler.log_command:Invoked command in '/home/simpletime/ws01_plumbing/build/base_interfaces_demo' returned '0': CMAKE_PREFIX_PATH=/opt/ros/humble /usr/bin/cmake --build /home/simpletime/ws01_plumbing/build/base_interfaces_demo -- -j4 -l4
[0.522s] DEBUG:colcon.colcon_core.event_handler.log_command:Invoking command in '/home/simpletime/ws01_plumbing/build/base_interfaces_demo': CMAKE_PREFIX_PATH=/opt/ros/humble /usr/bin/cmake --install /home/simpletime/ws01_plumbing/build/base_interfaces_demo
[0.561s] Level 1:colcon.colcon_core.environment:create_environment_scripts_only(base_interfaces_demo)
[0.562s] DEBUG:colcon.colcon_core.event_handler.log_command:Invoked command in '/home/simpletime/ws01_plumbing/build/base_interfaces_demo' returned '0': CMAKE_PREFIX_PATH=/opt/ros/humble /usr/bin/cmake --install /home/simpletime/ws01_plumbing/build/base_interfaces_demo
[0.563s] Level 1:colcon.colcon_core.environment:checking '/home/simpletime/ws01_plumbing/install/base_interfaces_demo' for CMake module files
[0.563s] Level 1:colcon.colcon_core.environment:checking '/home/simpletime/ws01_plumbing/install/base_interfaces_demo' for CMake config files
[0.564s] Level 1:colcon.colcon_core.shell:create_environment_hook('base_interfaces_demo', 'cmake_prefix_path')
[0.564s] INFO:colcon.colcon_core.shell:Creating environment hook '/home/simpletime/ws01_plumbing/install/base_interfaces_demo/share/base_interfaces_demo/hook/cmake_prefix_path.ps1'
[0.565s] INFO:colcon.colcon_core.shell:Creating environment descriptor '/home/simpletime/ws01_plumbing/install/base_interfaces_demo/share/base_interfaces_demo/hook/cmake_prefix_path.dsv'
[0.565s] INFO:colcon.colcon_core.shell:Creating environment hook '/home/simpletime/ws01_plumbing/install/base_interfaces_demo/share/base_interfaces_demo/hook/cmake_prefix_path.sh'
[0.566s] Level 1:colcon.colcon_core.environment:checking '/home/simpletime/ws01_plumbing/install/base_interfaces_demo/lib'
[0.566s] Level 1:colcon.colcon_core.shell:create_environment_hook('base_interfaces_demo', 'ld_library_path_lib')
[0.566s] INFO:colcon.colcon_core.shell:Creating environment hook '/home/simpletime/ws01_plumbing/install/base_interfaces_demo/share/base_interfaces_demo/hook/ld_library_path_lib.ps1'
[0.566s] INFO:colcon.colcon_core.shell:Creating environment descriptor '/home/simpletime/ws01_plumbing/install/base_interfaces_demo/share/base_interfaces_demo/hook/ld_library_path_lib.dsv'
[0.566s] INFO:colcon.colcon_core.shell:Creating environment hook '/home/simpletime/ws01_plumbing/install/base_interfaces_demo/share/base_interfaces_demo/hook/ld_library_path_lib.sh'
[0.567s] Level 1:colcon.colcon_core.environment:checking '/home/simpletime/ws01_plumbing/install/base_interfaces_demo/bin'
[0.567s] Level 1:colcon.colcon_core.environment:checking '/home/simpletime/ws01_plumbing/install/base_interfaces_demo/lib/pkgconfig/base_interfaces_demo.pc'
[0.567s] Level 1:colcon.colcon_core.environment:checking '/home/simpletime/ws01_plumbing/install/base_interfaces_demo/lib/python3.10/site-packages'
[0.567s] Level 1:colcon.colcon_core.environment:checking '/home/simpletime/ws01_plumbing/install/base_interfaces_demo/bin'
[0.567s] INFO:colcon.colcon_core.shell:Creating package script '/home/simpletime/ws01_plumbing/install/base_interfaces_demo/share/base_interfaces_demo/package.ps1'
[0.568s] INFO:colcon.colcon_core.shell:Creating package descriptor '/home/simpletime/ws01_plumbing/install/base_interfaces_demo/share/base_interfaces_demo/package.dsv'
[0.568s] INFO:colcon.colcon_core.shell:Creating package script '/home/simpletime/ws01_plumbing/install/base_interfaces_demo/share/base_interfaces_demo/package.sh'
[0.569s] INFO:colcon.colcon_core.shell:Creating package script '/home/simpletime/ws01_plumbing/install/base_interfaces_demo/share/base_interfaces_demo/package.bash'
[0.570s] INFO:colcon.colcon_core.shell:Creating package script '/home/simpletime/ws01_plumbing/install/base_interfaces_demo/share/base_interfaces_demo/package.zsh'
[0.571s] Level 1:colcon.colcon_core.environment:create_file_with_runtime_dependencies(/home/simpletime/ws01_plumbing/install/base_interfaces_demo/share/colcon-core/packages/base_interfaces_demo)
[0.707s] Level 1:colcon.colcon_core.environment:create_environment_scripts_only(base_interfaces_demo)
[0.707s] Level 1:colcon.colcon_core.environment:checking '/home/simpletime/ws01_plumbing/install/base_interfaces_demo' for CMake module files
[0.708s] Level 1:colcon.colcon_core.environment:checking '/home/simpletime/ws01_plumbing/install/base_interfaces_demo' for CMake config files
[0.709s] Level 1:colcon.colcon_core.shell:create_environment_hook('base_interfaces_demo', 'cmake_prefix_path')
[0.709s] INFO:colcon.colcon_core.shell:Creating environment hook '/home/simpletime/ws01_plumbing/install/base_interfaces_demo/share/base_interfaces_demo/hook/cmake_prefix_path.ps1'
[0.710s] INFO:colcon.colcon_core.shell:Creating environment descriptor '/home/simpletime/ws01_plumbing/install/base_interfaces_demo/share/base_interfaces_demo/hook/cmake_prefix_path.dsv'
[0.710s] INFO:colcon.colcon_core.shell:Creating environment hook '/home/simpletime/ws01_plumbing/install/base_interfaces_demo/share/base_interfaces_demo/hook/cmake_prefix_path.sh'
[0.711s] Level 1:colcon.colcon_core.environment:checking '/home/simpletime/ws01_plumbing/install/base_interfaces_demo/lib'
[0.711s] Level 1:colcon.colcon_core.shell:create_environment_hook('base_interfaces_demo', 'ld_library_path_lib')
[0.711s] INFO:colcon.colcon_core.shell:Creating environment hook '/home/simpletime/ws01_plumbing/install/base_interfaces_demo/share/base_interfaces_demo/hook/ld_library_path_lib.ps1'
[0.711s] INFO:colcon.colcon_core.shell:Creating environment descriptor '/home/simpletime/ws01_plumbing/install/base_interfaces_demo/share/base_interfaces_demo/hook/ld_library_path_lib.dsv'
[0.711s] INFO:colcon.colcon_core.shell:Creating environment hook '/home/simpletime/ws01_plumbing/install/base_interfaces_demo/share/base_interfaces_demo/hook/ld_library_path_lib.sh'
[0.712s] Level 1:colcon.colcon_core.environment:checking '/home/simpletime/ws01_plumbing/install/base_interfaces_demo/bin'
[0.712s] Level 1:colcon.colcon_core.environment:checking '/home/simpletime/ws01_plumbing/install/base_interfaces_demo/lib/pkgconfig/base_interfaces_demo.pc'
[0.712s] Level 1:colcon.colcon_core.environment:checking '/home/simpletime/ws01_plumbing/install/base_interfaces_demo/lib/python3.10/site-packages'
[0.712s] Level 1:colcon.colcon_core.environment:checking '/home/simpletime/ws01_plumbing/install/base_interfaces_demo/bin'
[0.713s] INFO:colcon.colcon_core.shell:Creating package script '/home/simpletime/ws01_plumbing/install/base_interfaces_demo/share/base_interfaces_demo/package.ps1'
[0.713s] INFO:colcon.colcon_core.shell:Creating package descriptor '/home/simpletime/ws01_plumbing/install/base_interfaces_demo/share/base_interfaces_demo/package.dsv'
[0.713s] INFO:colcon.colcon_core.shell:Creating package script '/home/simpletime/ws01_plumbing/install/base_interfaces_demo/share/base_interfaces_demo/package.sh'
[0.714s] INFO:colcon.colcon_core.shell:Creating package script '/home/simpletime/ws01_plumbing/install/base_interfaces_demo/share/base_interfaces_demo/package.bash'
[0.714s] INFO:colcon.colcon_core.shell:Creating package script '/home/simpletime/ws01_plumbing/install/base_interfaces_demo/share/base_interfaces_demo/package.zsh'
[0.715s] Level 1:colcon.colcon_core.environment:create_file_with_runtime_dependencies(/home/simpletime/ws01_plumbing/install/base_interfaces_demo/share/colcon-core/packages/base_interfaces_demo)
[0.715s] INFO:colcon.colcon_ros.task.ament_cmake.build:Building ROS package in '/home/simpletime/ws01_plumbing/src/cpp01_topic' with build type 'ament_cmake'
[0.715s] INFO:colcon.colcon_cmake.task.cmake.build:Building CMake package in '/home/simpletime/ws01_plumbing/src/cpp01_topic'
[0.715s] INFO:colcon.colcon_core.shell:Skip shell extension 'powershell' for command environment: Not usable outside of PowerShell
[0.715s] DEBUG:colcon.colcon_core.shell:Skip shell extension 'dsv' for command environment
[0.719s] INFO:colcon.colcon_ros.task.ament_cmake.build:Building ROS package in '/home/simpletime/ws01_plumbing/src/cpp02_service' with build type 'ament_cmake'
[0.719s] INFO:colcon.colcon_cmake.task.cmake.build:Building CMake package in '/home/simpletime/ws01_plumbing/src/cpp02_service'
[0.719s] INFO:colcon.colcon_core.shell:Skip shell extension 'powershell' for command environment: Not usable outside of PowerShell
[0.720s] DEBUG:colcon.colcon_core.shell:Skip shell extension 'dsv' for command environment
[0.721s] INFO:colcon.colcon_ros.task.ament_cmake.build:Building ROS package in '/home/simpletime/ws01_plumbing/src/cpp03_action' with build type 'ament_cmake'
[0.721s] INFO:colcon.colcon_cmake.task.cmake.build:Building CMake package in '/home/simpletime/ws01_plumbing/src/cpp03_action'
[0.722s] INFO:colcon.colcon_core.shell:Skip shell extension 'powershell' for command environment: Not usable outside of PowerShell
[0.722s] DEBUG:colcon.colcon_core.shell:Skip shell extension 'dsv' for command environment
[0.724s] INFO:colcon.colcon_ros.task.ament_python.build:Building ROS package in '/home/simpletime/ws01_plumbing/src/py01_topic' with build type 'ament_python'
[0.725s] Level 1:colcon.colcon_core.shell:create_environment_hook('py01_topic', 'ament_prefix_path')
[0.725s] INFO:colcon.colcon_core.shell:Creating environment hook '/home/simpletime/ws01_plumbing/install/py01_topic/share/py01_topic/hook/ament_prefix_path.ps1'
[0.725s] INFO:colcon.colcon_core.shell:Creating environment descriptor '/home/simpletime/ws01_plumbing/install/py01_topic/share/py01_topic/hook/ament_prefix_path.dsv'
[0.725s] INFO:colcon.colcon_core.shell:Creating environment hook '/home/simpletime/ws01_plumbing/install/py01_topic/share/py01_topic/hook/ament_prefix_path.sh'
[0.726s] INFO:colcon.colcon_core.shell:Skip shell extension 'powershell' for command environment: Not usable outside of PowerShell
[0.726s] DEBUG:colcon.colcon_core.shell:Skip shell extension 'dsv' for command environment
[0.733s] DEBUG:colcon.colcon_core.event_handler.log_command:Invoking command in '/home/simpletime/ws01_plumbing/build/cpp01_topic': AMENT_PREFIX_PATH=/home/simpletime/ws01_plumbing/install/base_interfaces_demo:${AMENT_PREFIX_PATH} CMAKE_PREFIX_PATH=/home/simpletime/ws01_plumbing/install/base_interfaces_demo:/opt/ros/humble LD_LIBRARY_PATH=/home/simpletime/ws01_plumbing/install/base_interfaces_demo/lib:${LD_LIBRARY_PATH} PYTHONPATH=/home/simpletime/ws01_plumbing/install/base_interfaces_demo/local/lib/python3.10/dist-packages:${PYTHONPATH} /usr/bin/cmake --build /home/simpletime/ws01_plumbing/build/cpp01_topic -- -j4 -l4
[0.741s] DEBUG:colcon.colcon_core.event_handler.log_command:Invoking command in '/home/simpletime/ws01_plumbing/build/cpp02_service': AMENT_PREFIX_PATH=/home/simpletime/ws01_plumbing/install/base_interfaces_demo:${AMENT_PREFIX_PATH} CMAKE_PREFIX_PATH=/home/simpletime/ws01_plumbing/install/base_interfaces_demo:/opt/ros/humble LD_LIBRARY_PATH=/home/simpletime/ws01_plumbing/install/base_interfaces_demo/lib:${LD_LIBRARY_PATH} PYTHONPATH=/home/simpletime/ws01_plumbing/install/base_interfaces_demo/local/lib/python3.10/dist-packages:${PYTHONPATH} /usr/bin/cmake --build /home/simpletime/ws01_plumbing/build/cpp02_service -- -j4 -l4
[0.746s] DEBUG:colcon.colcon_core.event_handler.log_command:Invoking command in '/home/simpletime/ws01_plumbing/build/cpp03_action': AMENT_PREFIX_PATH=/home/simpletime/ws01_plumbing/install/base_interfaces_demo:${AMENT_PREFIX_PATH} CMAKE_PREFIX_PATH=/home/simpletime/ws01_plumbing/install/base_interfaces_demo:/opt/ros/humble LD_LIBRARY_PATH=/home/simpletime/ws01_plumbing/install/base_interfaces_demo/lib:${LD_LIBRARY_PATH} PYTHONPATH=/home/simpletime/ws01_plumbing/install/base_interfaces_demo/local/lib/python3.10/dist-packages:${PYTHONPATH} /usr/bin/cmake --build /home/simpletime/ws01_plumbing/build/cpp03_action -- -j4 -l4
[0.984s] INFO:colcon.colcon_core.task.python.build:Building Python package in '/home/simpletime/ws01_plumbing/src/py01_topic'
[0.984s] INFO:colcon.colcon_core.shell:Skip shell extension 'powershell' for command environment: Not usable outside of PowerShell
[0.984s] DEBUG:colcon.colcon_core.shell:Skip shell extension 'dsv' for command environment
[0.989s] DEBUG:colcon.colcon_core.event_handler.log_command:Invoked command in '/home/simpletime/ws01_plumbing/build/cpp01_topic' returned '0': AMENT_PREFIX_PATH=/home/simpletime/ws01_plumbing/install/base_interfaces_demo:${AMENT_PREFIX_PATH} CMAKE_PREFIX_PATH=/home/simpletime/ws01_plumbing/install/base_interfaces_demo:/opt/ros/humble LD_LIBRARY_PATH=/home/simpletime/ws01_plumbing/install/base_interfaces_demo/lib:${LD_LIBRARY_PATH} PYTHONPATH=/home/simpletime/ws01_plumbing/install/base_interfaces_demo/local/lib/python3.10/dist-packages:${PYTHONPATH} /usr/bin/cmake --build /home/simpletime/ws01_plumbing/build/cpp01_topic -- -j4 -l4
[1.001s] DEBUG:colcon.colcon_core.event_handler.log_command:Invoked command in '/home/simpletime/ws01_plumbing/build/cpp02_service' returned '0': AMENT_PREFIX_PATH=/home/simpletime/ws01_plumbing/install/base_interfaces_demo:${AMENT_PREFIX_PATH} CMAKE_PREFIX_PATH=/home/simpletime/ws01_plumbing/install/base_interfaces_demo:/opt/ros/humble LD_LIBRARY_PATH=/home/simpletime/ws01_plumbing/install/base_interfaces_demo/lib:${LD_LIBRARY_PATH} PYTHONPATH=/home/simpletime/ws01_plumbing/install/base_interfaces_demo/local/lib/python3.10/dist-packages:${PYTHONPATH} /usr/bin/cmake --build /home/simpletime/ws01_plumbing/build/cpp02_service -- -j4 -l4
[1.068s] DEBUG:colcon.colcon_core.event_handler.log_command:Invoking command in '/home/simpletime/ws01_plumbing/build/cpp02_service': AMENT_PREFIX_PATH=/home/simpletime/ws01_plumbing/install/base_interfaces_demo:${AMENT_PREFIX_PATH} CMAKE_PREFIX_PATH=/home/simpletime/ws01_plumbing/install/base_interfaces_demo:/opt/ros/humble LD_LIBRARY_PATH=/home/simpletime/ws01_plumbing/install/base_interfaces_demo/lib:${LD_LIBRARY_PATH} PYTHONPATH=/home/simpletime/ws01_plumbing/install/base_interfaces_demo/local/lib/python3.10/dist-packages:${PYTHONPATH} /usr/bin/cmake --install /home/simpletime/ws01_plumbing/build/cpp02_service
[1.083s] Level 1:colcon.colcon_core.environment:create_environment_scripts_only(cpp02_service)
[1.084s] Level 1:colcon.colcon_core.environment:checking '/home/simpletime/ws01_plumbing/install/cpp02_service' for CMake module files
[1.084s] DEBUG:colcon.colcon_core.event_handler.log_command:Invoked command in '/home/simpletime/ws01_plumbing/build/cpp02_service' returned '0': AMENT_PREFIX_PATH=/home/simpletime/ws01_plumbing/install/base_interfaces_demo:${AMENT_PREFIX_PATH} CMAKE_PREFIX_PATH=/home/simpletime/ws01_plumbing/install/base_interfaces_demo:/opt/ros/humble LD_LIBRARY_PATH=/home/simpletime/ws01_plumbing/install/base_interfaces_demo/lib:${LD_LIBRARY_PATH} PYTHONPATH=/home/simpletime/ws01_plumbing/install/base_interfaces_demo/local/lib/python3.10/dist-packages:${PYTHONPATH} /usr/bin/cmake --install /home/simpletime/ws01_plumbing/build/cpp02_service
[1.084s] Level 1:colcon.colcon_core.environment:checking '/home/simpletime/ws01_plumbing/install/cpp02_service' for CMake config files
[1.085s] Level 1:colcon.colcon_core.shell:create_environment_hook('cpp02_service', 'cmake_prefix_path')
[1.085s] INFO:colcon.colcon_core.shell:Creating environment hook '/home/simpletime/ws01_plumbing/install/cpp02_service/share/cpp02_service/hook/cmake_prefix_path.ps1'
[1.085s] INFO:colcon.colcon_core.shell:Creating environment descriptor '/home/simpletime/ws01_plumbing/install/cpp02_service/share/cpp02_service/hook/cmake_prefix_path.dsv'
[1.086s] INFO:colcon.colcon_core.shell:Creating environment hook '/home/simpletime/ws01_plumbing/install/cpp02_service/share/cpp02_service/hook/cmake_prefix_path.sh'
[1.087s] Level 1:colcon.colcon_core.environment:checking '/home/simpletime/ws01_plumbing/install/cpp02_service/lib'
[1.087s] Level 1:colcon.colcon_core.environment:checking '/home/simpletime/ws01_plumbing/install/cpp02_service/bin'
[1.087s] Level 1:colcon.colcon_core.environment:checking '/home/simpletime/ws01_plumbing/install/cpp02_service/lib/pkgconfig/cpp02_service.pc'
[1.087s] Level 1:colcon.colcon_core.environment:checking '/home/simpletime/ws01_plumbing/install/cpp02_service/lib/python3.10/site-packages'
[1.087s] Level 1:colcon.colcon_core.environment:checking '/home/simpletime/ws01_plumbing/install/cpp02_service/bin'
[1.088s] INFO:colcon.colcon_core.shell:Creating package script '/home/simpletime/ws01_plumbing/install/cpp02_service/share/cpp02_service/package.ps1'
[1.088s] INFO:colcon.colcon_core.shell:Creating package descriptor '/home/simpletime/ws01_plumbing/install/cpp02_service/share/cpp02_service/package.dsv'
[1.089s] INFO:colcon.colcon_core.shell:Creating package script '/home/simpletime/ws01_plumbing/install/cpp02_service/share/cpp02_service/package.sh'
[1.089s] INFO:colcon.colcon_core.shell:Creating package script '/home/simpletime/ws01_plumbing/install/cpp02_service/share/cpp02_service/package.bash'
[1.089s] INFO:colcon.colcon_core.shell:Creating package script '/home/simpletime/ws01_plumbing/install/cpp02_service/share/cpp02_service/package.zsh'
[1.090s] Level 1:colcon.colcon_core.environment:create_file_with_runtime_dependencies(/home/simpletime/ws01_plumbing/install/cpp02_service/share/colcon-core/packages/cpp02_service)
[1.099s] DEBUG:colcon.colcon_core.event_handler.log_command:Invoking command in '/home/simpletime/ws01_plumbing/build/cpp01_topic': AMENT_PREFIX_PATH=/home/simpletime/ws01_plumbing/install/base_interfaces_demo:${AMENT_PREFIX_PATH} CMAKE_PREFIX_PATH=/home/simpletime/ws01_plumbing/install/base_interfaces_demo:/opt/ros/humble LD_LIBRARY_PATH=/home/simpletime/ws01_plumbing/install/base_interfaces_demo/lib:${LD_LIBRARY_PATH} PYTHONPATH=/home/simpletime/ws01_plumbing/install/base_interfaces_demo/local/lib/python3.10/dist-packages:${PYTHONPATH} /usr/bin/cmake --install /home/simpletime/ws01_plumbing/build/cpp01_topic
[1.124s] Level 1:colcon.colcon_core.environment:create_environment_scripts_only(cpp01_topic)
[1.125s] Level 1:colcon.colcon_core.environment:checking '/home/simpletime/ws01_plumbing/install/cpp01_topic' for CMake module files
[1.125s] Level 1:colcon.colcon_core.environment:checking '/home/simpletime/ws01_plumbing/install/cpp01_topic' for CMake config files
[1.125s] Level 1:colcon.colcon_core.shell:create_environment_hook('cpp01_topic', 'cmake_prefix_path')
[1.125s] INFO:colcon.colcon_core.shell:Creating environment hook '/home/simpletime/ws01_plumbing/install/cpp01_topic/share/cpp01_topic/hook/cmake_prefix_path.ps1'
[1.124s] DEBUG:colcon.colcon_core.event_handler.log_command:Invoked command in '/home/simpletime/ws01_plumbing/build/cpp01_topic' returned '0': AMENT_PREFIX_PATH=/home/simpletime/ws01_plumbing/install/base_interfaces_demo:${AMENT_PREFIX_PATH} CMAKE_PREFIX_PATH=/home/simpletime/ws01_plumbing/install/base_interfaces_demo:/opt/ros/humble LD_LIBRARY_PATH=/home/simpletime/ws01_plumbing/install/base_interfaces_demo/lib:${LD_LIBRARY_PATH} PYTHONPATH=/home/simpletime/ws01_plumbing/install/base_interfaces_demo/local/lib/python3.10/dist-packages:${PYTHONPATH} /usr/bin/cmake --install /home/simpletime/ws01_plumbing/build/cpp01_topic
[1.126s] INFO:colcon.colcon_core.shell:Creating environment descriptor '/home/simpletime/ws01_plumbing/install/cpp01_topic/share/cpp01_topic/hook/cmake_prefix_path.dsv'
[1.126s] INFO:colcon.colcon_core.shell:Creating environment hook '/home/simpletime/ws01_plumbing/install/cpp01_topic/share/cpp01_topic/hook/cmake_prefix_path.sh'
[1.127s] Level 1:colcon.colcon_core.environment:checking '/home/simpletime/ws01_plumbing/install/cpp01_topic/lib'
[1.127s] Level 1:colcon.colcon_core.environment:checking '/home/simpletime/ws01_plumbing/install/cpp01_topic/bin'
[1.127s] Level 1:colcon.colcon_core.environment:checking '/home/simpletime/ws01_plumbing/install/cpp01_topic/lib/pkgconfig/cpp01_topic.pc'
[1.128s] Level 1:colcon.colcon_core.environment:checking '/home/simpletime/ws01_plumbing/install/cpp01_topic/lib/python3.10/site-packages'
[1.128s] Level 1:colcon.colcon_core.environment:checking '/home/simpletime/ws01_plumbing/install/cpp01_topic/bin'
[1.128s] INFO:colcon.colcon_core.shell:Creating package script '/home/simpletime/ws01_plumbing/install/cpp01_topic/share/cpp01_topic/package.ps1'
[1.129s] INFO:colcon.colcon_core.shell:Creating package descriptor '/home/simpletime/ws01_plumbing/install/cpp01_topic/share/cpp01_topic/package.dsv'
[1.130s] INFO:colcon.colcon_core.shell:Creating package script '/home/simpletime/ws01_plumbing/install/cpp01_topic/share/cpp01_topic/package.sh'
[1.131s] INFO:colcon.colcon_core.shell:Creating package script '/home/simpletime/ws01_plumbing/install/cpp01_topic/share/cpp01_topic/package.bash'
[1.131s] INFO:colcon.colcon_core.shell:Creating package script '/home/simpletime/ws01_plumbing/install/cpp01_topic/share/cpp01_topic/package.zsh'
[1.131s] Level 1:colcon.colcon_core.environment:create_file_with_runtime_dependencies(/home/simpletime/ws01_plumbing/install/cpp01_topic/share/colcon-core/packages/cpp01_topic)
[1.147s] Level 1:colcon.colcon_core.environment:create_environment_scripts_only(cpp02_service)
[1.148s] Level 1:colcon.colcon_core.environment:checking '/home/simpletime/ws01_plumbing/install/cpp02_service' for CMake module files
[1.148s] Level 1:colcon.colcon_core.environment:checking '/home/simpletime/ws01_plumbing/install/cpp02_service' for CMake config files
[1.148s] Level 1:colcon.colcon_core.shell:create_environment_hook('cpp02_service', 'cmake_prefix_path')
[1.148s] INFO:colcon.colcon_core.shell:Creating environment hook '/home/simpletime/ws01_plumbing/install/cpp02_service/share/cpp02_service/hook/cmake_prefix_path.ps1'
[1.149s] INFO:colcon.colcon_core.shell:Creating environment descriptor '/home/simpletime/ws01_plumbing/install/cpp02_service/share/cpp02_service/hook/cmake_prefix_path.dsv'
[1.150s] INFO:colcon.colcon_core.shell:Creating environment hook '/home/simpletime/ws01_plumbing/install/cpp02_service/share/cpp02_service/hook/cmake_prefix_path.sh'
[1.151s] Level 1:colcon.colcon_core.environment:checking '/home/simpletime/ws01_plumbing/install/cpp02_service/lib'
[1.151s] Level 1:colcon.colcon_core.environment:checking '/home/simpletime/ws01_plumbing/install/cpp02_service/bin'
[1.152s] Level 1:colcon.colcon_core.environment:checking '/home/simpletime/ws01_plumbing/install/cpp02_service/lib/pkgconfig/cpp02_service.pc'
[1.152s] Level 1:colcon.colcon_core.environment:checking '/home/simpletime/ws01_plumbing/install/cpp02_service/lib/python3.10/site-packages'
[1.152s] Level 1:colcon.colcon_core.environment:checking '/home/simpletime/ws01_plumbing/install/cpp02_service/bin'
[1.152s] INFO:colcon.colcon_core.shell:Creating package script '/home/simpletime/ws01_plumbing/install/cpp02_service/share/cpp02_service/package.ps1'
[1.154s] INFO:colcon.colcon_core.shell:Creating package descriptor '/home/simpletime/ws01_plumbing/install/cpp02_service/share/cpp02_service/package.dsv'
[1.154s] INFO:colcon.colcon_core.shell:Creating package script '/home/simpletime/ws01_plumbing/install/cpp02_service/share/cpp02_service/package.sh'
[1.155s] INFO:colcon.colcon_core.shell:Creating package script '/home/simpletime/ws01_plumbing/install/cpp02_service/share/cpp02_service/package.bash'
[1.155s] INFO:colcon.colcon_core.shell:Creating package script '/home/simpletime/ws01_plumbing/install/cpp02_service/share/cpp02_service/package.zsh'
[1.156s] Level 1:colcon.colcon_core.environment:create_file_with_runtime_dependencies(/home/simpletime/ws01_plumbing/install/cpp02_service/share/colcon-core/packages/cpp02_service)
[1.182s] Level 1:colcon.colcon_core.environment:create_environment_scripts_only(cpp01_topic)
[1.182s] Level 1:colcon.colcon_core.environment:checking '/home/simpletime/ws01_plumbing/install/cpp01_topic' for CMake module files
[1.183s] Level 1:colcon.colcon_core.environment:checking '/home/simpletime/ws01_plumbing/install/cpp01_topic' for CMake config files
[1.183s] Level 1:colcon.colcon_core.shell:create_environment_hook('cpp01_topic', 'cmake_prefix_path')
[1.183s] INFO:colcon.colcon_core.shell:Creating environment hook '/home/simpletime/ws01_plumbing/install/cpp01_topic/share/cpp01_topic/hook/cmake_prefix_path.ps1'
[1.183s] INFO:colcon.colcon_core.shell:Creating environment descriptor '/home/simpletime/ws01_plumbing/install/cpp01_topic/share/cpp01_topic/hook/cmake_prefix_path.dsv'
[1.185s] INFO:colcon.colcon_core.shell:Creating environment hook '/home/simpletime/ws01_plumbing/install/cpp01_topic/share/cpp01_topic/hook/cmake_prefix_path.sh'
[1.186s] Level 1:colcon.colcon_core.environment:checking '/home/simpletime/ws01_plumbing/install/cpp01_topic/lib'
[1.186s] Level 1:colcon.colcon_core.environment:checking '/home/simpletime/ws01_plumbing/install/cpp01_topic/bin'
[1.186s] Level 1:colcon.colcon_core.environment:checking '/home/simpletime/ws01_plumbing/install/cpp01_topic/lib/pkgconfig/cpp01_topic.pc'
[1.187s] Level 1:colcon.colcon_core.environment:checking '/home/simpletime/ws01_plumbing/install/cpp01_topic/lib/python3.10/site-packages'
[1.187s] Level 1:colcon.colcon_core.environment:checking '/home/simpletime/ws01_plumbing/install/cpp01_topic/bin'
[1.187s] INFO:colcon.colcon_core.shell:Creating package script '/home/simpletime/ws01_plumbing/install/cpp01_topic/share/cpp01_topic/package.ps1'
[1.188s] INFO:colcon.colcon_core.shell:Creating package descriptor '/home/simpletime/ws01_plumbing/install/cpp01_topic/share/cpp01_topic/package.dsv'
[1.188s] INFO:colcon.colcon_core.shell:Creating package script '/home/simpletime/ws01_plumbing/install/cpp01_topic/share/cpp01_topic/package.sh'
[1.189s] INFO:colcon.colcon_core.shell:Creating package script '/home/simpletime/ws01_plumbing/install/cpp01_topic/share/cpp01_topic/package.bash'
[1.190s] INFO:colcon.colcon_core.shell:Creating package script '/home/simpletime/ws01_plumbing/install/cpp01_topic/share/cpp01_topic/package.zsh'
[1.190s] Level 1:colcon.colcon_core.environment:create_file_with_runtime_dependencies(/home/simpletime/ws01_plumbing/install/cpp01_topic/share/colcon-core/packages/cpp01_topic)
[1.289s] DEBUG:colcon.colcon_core.event_handler.log_command:Invoking command in '/home/simpletime/ws01_plumbing/src/py01_topic': AMENT_PREFIX_PATH=/home/simpletime/ws01_plumbing/install/base_interfaces_demo:${AMENT_PREFIX_PATH} CMAKE_PREFIX_PATH=/home/simpletime/ws01_plumbing/install/base_interfaces_demo LD_LIBRARY_PATH=/home/simpletime/ws01_plumbing/install/base_interfaces_demo/lib:${LD_LIBRARY_PATH} PYTHONPATH=/home/simpletime/ws01_plumbing/build/py01_topic/prefix_override:/usr/lib/python3/dist-packages/colcon_core/task/python/colcon_distutils_commands:/home/simpletime/ws01_plumbing/install/py01_topic/lib/python3.10/site-packages:/home/simpletime/ws01_plumbing/install/base_interfaces_demo/local/lib/python3.10/dist-packages:${PYTHONPATH} /usr/bin/python3 -W ignore:setup.py install is deprecated setup.py egg_info --egg-base ../../build/py01_topic build --build-base /home/simpletime/ws01_plumbing/build/py01_topic/build install --record /home/simpletime/ws01_plumbing/build/py01_topic/install.log --single-version-externally-managed install_data
[1.483s] Level 1:colcon.colcon_core.environment:checking '/home/simpletime/ws01_plumbing/install/py01_topic' for CMake module files
[1.484s] Level 1:colcon.colcon_core.environment:checking '/home/simpletime/ws01_plumbing/install/py01_topic' for CMake config files
[1.485s] Level 1:colcon.colcon_core.shell:create_environment_hook('py01_topic', 'cmake_prefix_path')
[1.485s] INFO:colcon.colcon_core.shell:Creating environment hook '/home/simpletime/ws01_plumbing/install/py01_topic/share/py01_topic/hook/cmake_prefix_path.ps1'
[1.485s] DEBUG:colcon.colcon_core.event_handler.log_command:Invoked command in '/home/simpletime/ws01_plumbing/src/py01_topic' returned '0': AMENT_PREFIX_PATH=/home/simpletime/ws01_plumbing/install/base_interfaces_demo:${AMENT_PREFIX_PATH} CMAKE_PREFIX_PATH=/home/simpletime/ws01_plumbing/install/base_interfaces_demo LD_LIBRARY_PATH=/home/simpletime/ws01_plumbing/install/base_interfaces_demo/lib:${LD_LIBRARY_PATH} PYTHONPATH=/home/simpletime/ws01_plumbing/build/py01_topic/prefix_override:/usr/lib/python3/dist-packages/colcon_core/task/python/colcon_distutils_commands:/home/simpletime/ws01_plumbing/install/py01_topic/lib/python3.10/site-packages:/home/simpletime/ws01_plumbing/install/base_interfaces_demo/local/lib/python3.10/dist-packages:${PYTHONPATH} /usr/bin/python3 -W ignore:setup.py install is deprecated setup.py egg_info --egg-base ../../build/py01_topic build --build-base /home/simpletime/ws01_plumbing/build/py01_topic/build install --record /home/simpletime/ws01_plumbing/build/py01_topic/install.log --single-version-externally-managed install_data
[1.486s] INFO:colcon.colcon_core.shell:Creating environment descriptor '/home/simpletime/ws01_plumbing/install/py01_topic/share/py01_topic/hook/cmake_prefix_path.dsv'
[1.486s] INFO:colcon.colcon_core.shell:Creating environment hook '/home/simpletime/ws01_plumbing/install/py01_topic/share/py01_topic/hook/cmake_prefix_path.sh'
[1.486s] Level 1:colcon.colcon_core.environment:checking '/home/simpletime/ws01_plumbing/install/py01_topic/lib'
[1.487s] Level 1:colcon.colcon_core.environment:checking '/home/simpletime/ws01_plumbing/install/py01_topic/bin'
[1.487s] Level 1:colcon.colcon_core.environment:checking '/home/simpletime/ws01_plumbing/install/py01_topic/lib/pkgconfig/py01_topic.pc'
[1.487s] Level 1:colcon.colcon_core.environment:checking '/home/simpletime/ws01_plumbing/install/py01_topic/lib/python3.10/site-packages'
[1.487s] Level 1:colcon.colcon_core.shell:create_environment_hook('py01_topic', 'pythonpath')
[1.487s] INFO:colcon.colcon_core.shell:Creating environment hook '/home/simpletime/ws01_plumbing/install/py01_topic/share/py01_topic/hook/pythonpath.ps1'
[1.487s] INFO:colcon.colcon_core.shell:Creating environment descriptor '/home/simpletime/ws01_plumbing/install/py01_topic/share/py01_topic/hook/pythonpath.dsv'
[1.488s] INFO:colcon.colcon_core.shell:Creating environment hook '/home/simpletime/ws01_plumbing/install/py01_topic/share/py01_topic/hook/pythonpath.sh'
[1.488s] Level 1:colcon.colcon_core.environment:checking '/home/simpletime/ws01_plumbing/install/py01_topic/bin'
[1.488s] Level 1:colcon.colcon_core.environment:create_environment_scripts_only(py01_topic)
[1.488s] INFO:colcon.colcon_core.shell:Creating package script '/home/simpletime/ws01_plumbing/install/py01_topic/share/py01_topic/package.ps1'
[1.489s] INFO:colcon.colcon_core.shell:Creating package descriptor '/home/simpletime/ws01_plumbing/install/py01_topic/share/py01_topic/package.dsv'
[1.489s] INFO:colcon.colcon_core.shell:Creating package script '/home/simpletime/ws01_plumbing/install/py01_topic/share/py01_topic/package.sh'
[1.490s] INFO:colcon.colcon_core.shell:Creating package script '/home/simpletime/ws01_plumbing/install/py01_topic/share/py01_topic/package.bash'
[1.490s] INFO:colcon.colcon_core.shell:Creating package script '/home/simpletime/ws01_plumbing/install/py01_topic/share/py01_topic/package.zsh'
[1.490s] Level 1:colcon.colcon_core.environment:create_file_with_runtime_dependencies(/home/simpletime/ws01_plumbing/install/py01_topic/share/colcon-core/packages/py01_topic)
[3.666s] DEBUG:colcon.colcon_core.event_handler.log_command:Invoked command in '/home/simpletime/ws01_plumbing/build/cpp03_action' returned '0': AMENT_PREFIX_PATH=/home/simpletime/ws01_plumbing/install/base_interfaces_demo:${AMENT_PREFIX_PATH} CMAKE_PREFIX_PATH=/home/simpletime/ws01_plumbing/install/base_interfaces_demo:/opt/ros/humble LD_LIBRARY_PATH=/home/simpletime/ws01_plumbing/install/base_interfaces_demo/lib:${LD_LIBRARY_PATH} PYTHONPATH=/home/simpletime/ws01_plumbing/install/base_interfaces_demo/local/lib/python3.10/dist-packages:${PYTHONPATH} /usr/bin/cmake --build /home/simpletime/ws01_plumbing/build/cpp03_action -- -j4 -l4
[3.689s] DEBUG:colcon.colcon_core.event_handler.log_command:Invoking command in '/home/simpletime/ws01_plumbing/build/cpp03_action': AMENT_PREFIX_PATH=/home/simpletime/ws01_plumbing/install/base_interfaces_demo:${AMENT_PREFIX_PATH} CMAKE_PREFIX_PATH=/home/simpletime/ws01_plumbing/install/base_interfaces_demo:/opt/ros/humble LD_LIBRARY_PATH=/home/simpletime/ws01_plumbing/install/base_interfaces_demo/lib:${LD_LIBRARY_PATH} PYTHONPATH=/home/simpletime/ws01_plumbing/install/base_interfaces_demo/local/lib/python3.10/dist-packages:${PYTHONPATH} /usr/bin/cmake --install /home/simpletime/ws01_plumbing/build/cpp03_action
[3.698s] Level 1:colcon.colcon_core.environment:create_environment_scripts_only(cpp03_action)
[3.698s] DEBUG:colcon.colcon_core.event_handler.log_command:Invoked command in '/home/simpletime/ws01_plumbing/build/cpp03_action' returned '0': AMENT_PREFIX_PATH=/home/simpletime/ws01_plumbing/install/base_interfaces_demo:${AMENT_PREFIX_PATH} CMAKE_PREFIX_PATH=/home/simpletime/ws01_plumbing/install/base_interfaces_demo:/opt/ros/humble LD_LIBRARY_PATH=/home/simpletime/ws01_plumbing/install/base_interfaces_demo/lib:${LD_LIBRARY_PATH} PYTHONPATH=/home/simpletime/ws01_plumbing/install/base_interfaces_demo/local/lib/python3.10/dist-packages:${PYTHONPATH} /usr/bin/cmake --install /home/simpletime/ws01_plumbing/build/cpp03_action
[3.699s] Level 1:colcon.colcon_core.environment:checking '/home/simpletime/ws01_plumbing/install/cpp03_action' for CMake module files
[3.699s] Level 1:colcon.colcon_core.environment:checking '/home/simpletime/ws01_plumbing/install/cpp03_action' for CMake config files
[3.699s] Level 1:colcon.colcon_core.shell:create_environment_hook('cpp03_action', 'cmake_prefix_path')
[3.700s] INFO:colcon.colcon_core.shell:Creating environment hook '/home/simpletime/ws01_plumbing/install/cpp03_action/share/cpp03_action/hook/cmake_prefix_path.ps1'
[3.700s] INFO:colcon.colcon_core.shell:Creating environment descriptor '/home/simpletime/ws01_plumbing/install/cpp03_action/share/cpp03_action/hook/cmake_prefix_path.dsv'
[3.700s] INFO:colcon.colcon_core.shell:Creating environment hook '/home/simpletime/ws01_plumbing/install/cpp03_action/share/cpp03_action/hook/cmake_prefix_path.sh'
[3.701s] Level 1:colcon.colcon_core.environment:checking '/home/simpletime/ws01_plumbing/install/cpp03_action/lib'
[3.701s] Level 1:colcon.colcon_core.environment:checking '/home/simpletime/ws01_plumbing/install/cpp03_action/bin'
[3.701s] Level 1:colcon.colcon_core.environment:checking '/home/simpletime/ws01_plumbing/install/cpp03_action/lib/pkgconfig/cpp03_action.pc'
[3.701s] Level 1:colcon.colcon_core.environment:checking '/home/simpletime/ws01_plumbing/install/cpp03_action/lib/python3.10/site-packages'
[3.701s] Level 1:colcon.colcon_core.environment:checking '/home/simpletime/ws01_plumbing/install/cpp03_action/bin'
[3.701s] INFO:colcon.colcon_core.shell:Creating package script '/home/simpletime/ws01_plumbing/install/cpp03_action/share/cpp03_action/package.ps1'
[3.702s] INFO:colcon.colcon_core.shell:Creating package descriptor '/home/simpletime/ws01_plumbing/install/cpp03_action/share/cpp03_action/package.dsv'
[3.702s] INFO:colcon.colcon_core.shell:Creating package script '/home/simpletime/ws01_plumbing/install/cpp03_action/share/cpp03_action/package.sh'
[3.702s] INFO:colcon.colcon_core.shell:Creating package script '/home/simpletime/ws01_plumbing/install/cpp03_action/share/cpp03_action/package.bash'
[3.703s] INFO:colcon.colcon_core.shell:Creating package script '/home/simpletime/ws01_plumbing/install/cpp03_action/share/cpp03_action/package.zsh'
[3.703s] Level 1:colcon.colcon_core.environment:create_file_with_runtime_dependencies(/home/simpletime/ws01_plumbing/install/cpp03_action/share/colcon-core/packages/cpp03_action)
[3.726s] Level 1:colcon.colcon_core.environment:create_environment_scripts_only(cpp03_action)
[3.726s] Level 1:colcon.colcon_core.environment:checking '/home/simpletime/ws01_plumbing/install/cpp03_action' for CMake module files
[3.726s] Level 1:colcon.colcon_core.environment:checking '/home/simpletime/ws01_plumbing/install/cpp03_action' for CMake config files
[3.727s] Level 1:colcon.colcon_core.shell:create_environment_hook('cpp03_action', 'cmake_prefix_path')
[3.727s] INFO:colcon.colcon_core.shell:Creating environment hook '/home/simpletime/ws01_plumbing/install/cpp03_action/share/cpp03_action/hook/cmake_prefix_path.ps1'
[3.727s] INFO:colcon.colcon_core.shell:Creating environment descriptor '/home/simpletime/ws01_plumbing/install/cpp03_action/share/cpp03_action/hook/cmake_prefix_path.dsv'
[3.727s] INFO:colcon.colcon_core.shell:Creating environment hook '/home/simpletime/ws01_plumbing/install/cpp03_action/share/cpp03_action/hook/cmake_prefix_path.sh'
[3.728s] Level 1:colcon.colcon_core.environment:checking '/home/simpletime/ws01_plumbing/install/cpp03_action/lib'
[3.728s] Level 1:colcon.colcon_core.environment:checking '/home/simpletime/ws01_plumbing/install/cpp03_action/bin'
[3.728s] Level 1:colcon.colcon_core.environment:checking '/home/simpletime/ws01_plumbing/install/cpp03_action/lib/pkgconfig/cpp03_action.pc'
[3.728s] Level 1:colcon.colcon_core.environment:checking '/home/simpletime/ws01_plumbing/install/cpp03_action/lib/python3.10/site-packages'
[3.728s] Level 1:colcon.colcon_core.environment:checking '/home/simpletime/ws01_plumbing/install/cpp03_action/bin'
[3.729s] INFO:colcon.colcon_core.shell:Creating package script '/home/simpletime/ws01_plumbing/install/cpp03_action/share/cpp03_action/package.ps1'
[3.729s] INFO:colcon.colcon_core.shell:Creating package descriptor '/home/simpletime/ws01_plumbing/install/cpp03_action/share/cpp03_action/package.dsv'
[3.729s] INFO:colcon.colcon_core.shell:Creating package script '/home/simpletime/ws01_plumbing/install/cpp03_action/share/cpp03_action/package.sh'
[3.730s] INFO:colcon.colcon_core.shell:Creating package script '/home/simpletime/ws01_plumbing/install/cpp03_action/share/cpp03_action/package.bash'
[3.730s] INFO:colcon.colcon_core.shell:Creating package script '/home/simpletime/ws01_plumbing/install/cpp03_action/share/cpp03_action/package.zsh'
[3.730s] Level 1:colcon.colcon_core.environment:create_file_with_runtime_dependencies(/home/simpletime/ws01_plumbing/install/cpp03_action/share/colcon-core/packages/cpp03_action)
[3.731s] DEBUG:colcon.colcon_parallel_executor.executor.parallel:closing loop
[3.731s] DEBUG:colcon.colcon_parallel_executor.executor.parallel:loop closed
[3.731s] DEBUG:colcon.colcon_parallel_executor.executor.parallel:run_until_complete finished with '0'
[3.731s] DEBUG:colcon.colcon_core.event_reactor:joining thread
[3.735s] INFO:colcon.colcon_core.plugin_system:Skipping extension 'colcon_notification.desktop_notification.terminal_notifier': Not used on non-Darwin systems
[3.735s] INFO:colcon.colcon_core.plugin_system:Skipping extension 'colcon_notification.desktop_notification.win32': Not used on non-Windows systems
[3.735s] INFO:colcon.colcon_notification.desktop_notification:Sending desktop notification using 'notify2'
[3.744s] DEBUG:colcon.colcon_core.event_reactor:joined thread
[3.744s] INFO:colcon.colcon_core.shell:Creating prefix script '/home/simpletime/ws01_plumbing/install/local_setup.ps1'
[3.745s] INFO:colcon.colcon_core.shell:Creating prefix util module '/home/simpletime/ws01_plumbing/install/_local_setup_util_ps1.py'
[3.745s] INFO:colcon.colcon_core.shell:Creating prefix chain script '/home/simpletime/ws01_plumbing/install/setup.ps1'
[3.746s] INFO:colcon.colcon_core.shell:Creating prefix script '/home/simpletime/ws01_plumbing/install/local_setup.sh'
[3.746s] INFO:colcon.colcon_core.shell:Creating prefix util module '/home/simpletime/ws01_plumbing/install/_local_setup_util_sh.py'
[3.747s] INFO:colcon.colcon_core.shell:Creating prefix chain script '/home/simpletime/ws01_plumbing/install/setup.sh'
[3.747s] INFO:colcon.colcon_core.shell:Creating prefix script '/home/simpletime/ws01_plumbing/install/local_setup.bash'
[3.748s] INFO:colcon.colcon_core.shell:Creating prefix chain script '/home/simpletime/ws01_plumbing/install/setup.bash'
[3.748s] INFO:colcon.colcon_core.shell:Creating prefix script '/home/simpletime/ws01_plumbing/install/local_setup.zsh'
[3.748s] INFO:colcon.colcon_core.shell:Creating prefix chain script '/home/simpletime/ws01_plumbing/install/setup.zsh'
