[0.125s] DEBUG:colcon:Command line arguments: ['/usr/bin/colcon', 'build']
[0.125s] DEBUG:colcon:Parsed command line arguments: Namespace(log_base=None, log_level=None, verb_name='build', build_base='build', install_base='install', merge_install=False, symlink_install=False, test_result_base=None, continue_on_error=False, executor='parallel', parallel_workers=4, event_handlers=None, ignore_user_meta=False, metas=['./colcon.meta'], base_paths=['.'], packages_ignore=None, packages_ignore_regex=None, paths=None, packages_up_to=None, packages_up_to_regex=None, packages_above=None, packages_above_and_dependencies=None, packages_above_depth=None, packages_select_by_dep=None, packages_skip_by_dep=None, packages_skip_up_to=None, packages_select_build_failed=False, packages_skip_build_finished=False, packages_select_test_failures=False, packages_skip_test_passed=False, packages_select=None, packages_skip=None, packages_select_regex=None, packages_skip_regex=None, packages_start=None, packages_end=None, allow_overriding=[], cmake_args=None, cmake_target=None, cmake_target_skip_unavailable=False, cmake_clean_cache=False, cmake_clean_first=False, cmake_force_configure=False, ament_cmake_args=None, catkin_cmake_args=None, catkin_skip_building_tests=False, verb_parser=<colcon_defaults.argument_parser.defaults.DefaultArgumentsDecorator object at 0x75fdc840bfa0>, verb_extension=<colcon_core.verb.build.BuildVerb object at 0x75fdc8554bb0>, main=<bound method BuildVerb.main of <colcon_core.verb.build.BuildVerb object at 0x75fdc8554bb0>>)
[0.341s] Level 1:colcon.colcon_core.package_discovery:discover_packages(colcon_meta) check parameters
[0.341s] Level 1:colcon.colcon_core.package_discovery:discover_packages(recursive) check parameters
[0.341s] Level 1:colcon.colcon_core.package_discovery:discover_packages(ignore) check parameters
[0.341s] Level 1:colcon.colcon_core.package_discovery:discover_packages(path) check parameters
[0.341s] Level 1:colcon.colcon_core.package_discovery:discover_packages(colcon_meta) discover
[0.341s] Level 1:colcon.colcon_core.package_discovery:discover_packages(recursive) discover
[0.341s] INFO:colcon.colcon_core.package_discovery:Crawling recursively for packages in '/home/simpletime/project02_gameservice'
[0.341s] Level 1:colcon.colcon_core.package_identification:_identify(.) by extensions ['ignore', 'ignore_ament_install']
[0.341s] Level 1:colcon.colcon_core.package_identification:_identify(.) by extension 'ignore'
[0.341s] Level 1:colcon.colcon_core.package_identification:_identify(.) by extension 'ignore_ament_install'
[0.341s] Level 1:colcon.colcon_core.package_identification:_identify(.) by extensions ['colcon_pkg']
[0.341s] Level 1:colcon.colcon_core.package_identification:_identify(.) by extension 'colcon_pkg'
[0.341s] Level 1:colcon.colcon_core.package_identification:_identify(.) by extensions ['colcon_meta']
[0.341s] Level 1:colcon.colcon_core.package_identification:_identify(.) by extension 'colcon_meta'
[0.341s] Level 1:colcon.colcon_core.package_identification:_identify(.) by extensions ['ros']
[0.341s] Level 1:colcon.colcon_core.package_identification:_identify(.) by extension 'ros'
[0.353s] Level 1:colcon.colcon_core.package_identification:_identify(.) by extensions ['cmake', 'python']
[0.353s] Level 1:colcon.colcon_core.package_identification:_identify(.) by extension 'cmake'
[0.353s] Level 1:colcon.colcon_core.package_identification:_identify(.) by extension 'python'
[0.353s] Level 1:colcon.colcon_core.package_identification:_identify(.) by extensions ['python_setup_py']
[0.353s] Level 1:colcon.colcon_core.package_identification:_identify(.) by extension 'python_setup_py'
[0.353s] Level 1:colcon.colcon_core.package_identification:_identify(build) by extensions ['ignore', 'ignore_ament_install']
[0.353s] Level 1:colcon.colcon_core.package_identification:_identify(build) by extension 'ignore'
[0.353s] Level 1:colcon.colcon_core.package_identification:_identify(build) ignored
[0.353s] Level 1:colcon.colcon_core.package_identification:_identify(install) by extensions ['ignore', 'ignore_ament_install']
[0.353s] Level 1:colcon.colcon_core.package_identification:_identify(install) by extension 'ignore'
[0.353s] Level 1:colcon.colcon_core.package_identification:_identify(install) ignored
[0.354s] Level 1:colcon.colcon_core.package_identification:_identify(log) by extensions ['ignore', 'ignore_ament_install']
[0.354s] Level 1:colcon.colcon_core.package_identification:_identify(log) by extension 'ignore'
[0.354s] Level 1:colcon.colcon_core.package_identification:_identify(log) ignored
[0.354s] Level 1:colcon.colcon_core.package_identification:_identify(src) by extensions ['ignore', 'ignore_ament_install']
[0.354s] Level 1:colcon.colcon_core.package_identification:_identify(src) by extension 'ignore'
[0.354s] Level 1:colcon.colcon_core.package_identification:_identify(src) by extension 'ignore_ament_install'
[0.354s] Level 1:colcon.colcon_core.package_identification:_identify(src) by extensions ['colcon_pkg']
[0.354s] Level 1:colcon.colcon_core.package_identification:_identify(src) by extension 'colcon_pkg'
[0.354s] Level 1:colcon.colcon_core.package_identification:_identify(src) by extensions ['colcon_meta']
[0.354s] Level 1:colcon.colcon_core.package_identification:_identify(src) by extension 'colcon_meta'
[0.354s] Level 1:colcon.colcon_core.package_identification:_identify(src) by extensions ['ros']
[0.354s] Level 1:colcon.colcon_core.package_identification:_identify(src) by extension 'ros'
[0.354s] Level 1:colcon.colcon_core.package_identification:_identify(src) by extensions ['cmake', 'python']
[0.354s] Level 1:colcon.colcon_core.package_identification:_identify(src) by extension 'cmake'
[0.354s] Level 1:colcon.colcon_core.package_identification:_identify(src) by extension 'python'
[0.354s] Level 1:colcon.colcon_core.package_identification:_identify(src) by extensions ['python_setup_py']
[0.354s] Level 1:colcon.colcon_core.package_identification:_identify(src) by extension 'python_setup_py'
[0.354s] Level 1:colcon.colcon_core.package_identification:_identify(src/base_interfaces) by extensions ['ignore', 'ignore_ament_install']
[0.354s] Level 1:colcon.colcon_core.package_identification:_identify(src/base_interfaces) by extension 'ignore'
[0.354s] Level 1:colcon.colcon_core.package_identification:_identify(src/base_interfaces) by extension 'ignore_ament_install'
[0.354s] Level 1:colcon.colcon_core.package_identification:_identify(src/base_interfaces) by extensions ['colcon_pkg']
[0.354s] Level 1:colcon.colcon_core.package_identification:_identify(src/base_interfaces) by extension 'colcon_pkg'
[0.354s] Level 1:colcon.colcon_core.package_identification:_identify(src/base_interfaces) by extensions ['colcon_meta']
[0.354s] Level 1:colcon.colcon_core.package_identification:_identify(src/base_interfaces) by extension 'colcon_meta'
[0.354s] Level 1:colcon.colcon_core.package_identification:_identify(src/base_interfaces) by extensions ['ros']
[0.354s] Level 1:colcon.colcon_core.package_identification:_identify(src/base_interfaces) by extension 'ros'
[0.363s] DEBUG:colcon.colcon_core.package_identification:Package 'src/base_interfaces' with type 'ros.ament_cmake' and name 'base_interfaces'
[0.363s] Level 1:colcon.colcon_core.package_identification:_identify(src/game_service) by extensions ['ignore', 'ignore_ament_install']
[0.363s] Level 1:colcon.colcon_core.package_identification:_identify(src/game_service) by extension 'ignore'
[0.363s] Level 1:colcon.colcon_core.package_identification:_identify(src/game_service) by extension 'ignore_ament_install'
[0.364s] Level 1:colcon.colcon_core.package_identification:_identify(src/game_service) by extensions ['colcon_pkg']
[0.364s] Level 1:colcon.colcon_core.package_identification:_identify(src/game_service) by extension 'colcon_pkg'
[0.364s] Level 1:colcon.colcon_core.package_identification:_identify(src/game_service) by extensions ['colcon_meta']
[0.364s] Level 1:colcon.colcon_core.package_identification:_identify(src/game_service) by extension 'colcon_meta'
[0.364s] Level 1:colcon.colcon_core.package_identification:_identify(src/game_service) by extensions ['ros']
[0.364s] Level 1:colcon.colcon_core.package_identification:_identify(src/game_service) by extension 'ros'
[0.365s] DEBUG:colcon.colcon_core.package_identification:Package 'src/game_service' with type 'ros.ament_cmake' and name 'game_service'
[0.365s] Level 1:colcon.colcon_core.package_discovery:discover_packages(recursive) using defaults
[0.365s] Level 1:colcon.colcon_core.package_discovery:discover_packages(ignore) discover
[0.365s] Level 1:colcon.colcon_core.package_discovery:discover_packages(ignore) using defaults
[0.365s] Level 1:colcon.colcon_core.package_discovery:discover_packages(path) discover
[0.365s] Level 1:colcon.colcon_core.package_discovery:discover_packages(path) using defaults
[0.386s] Level 1:colcon.colcon_core.package_discovery:discover_packages(prefix_path) check parameters
[0.386s] Level 1:colcon.colcon_core.package_discovery:discover_packages(prefix_path) discover
[0.389s] DEBUG:colcon.colcon_installed_package_information.package_discovery:Found 2 installed packages in /home/simpletime/project02_gameservice/install
[0.390s] DEBUG:colcon.colcon_installed_package_information.package_discovery:Found 270 installed packages in /opt/ros/humble
[0.391s] Level 1:colcon.colcon_core.package_discovery:discover_packages(prefix_path) using defaults
[0.429s] Level 5:colcon.colcon_core.verb:set package 'base_interfaces' build argument 'cmake_args' from command line to 'None'
[0.429s] Level 5:colcon.colcon_core.verb:set package 'base_interfaces' build argument 'cmake_target' from command line to 'None'
[0.429s] Level 5:colcon.colcon_core.verb:set package 'base_interfaces' build argument 'cmake_target_skip_unavailable' from command line to 'False'
[0.429s] Level 5:colcon.colcon_core.verb:set package 'base_interfaces' build argument 'cmake_clean_cache' from command line to 'False'
[0.429s] Level 5:colcon.colcon_core.verb:set package 'base_interfaces' build argument 'cmake_clean_first' from command line to 'False'
[0.430s] Level 5:colcon.colcon_core.verb:set package 'base_interfaces' build argument 'cmake_force_configure' from command line to 'False'
[0.430s] Level 5:colcon.colcon_core.verb:set package 'base_interfaces' build argument 'ament_cmake_args' from command line to 'None'
[0.430s] Level 5:colcon.colcon_core.verb:set package 'base_interfaces' build argument 'catkin_cmake_args' from command line to 'None'
[0.430s] Level 5:colcon.colcon_core.verb:set package 'base_interfaces' build argument 'catkin_skip_building_tests' from command line to 'False'
[0.430s] DEBUG:colcon.colcon_core.verb:Building package 'base_interfaces' with the following arguments: {'ament_cmake_args': None, 'build_base': '/home/simpletime/project02_gameservice/build/base_interfaces', 'catkin_cmake_args': None, 'catkin_skip_building_tests': False, 'cmake_args': None, 'cmake_clean_cache': False, 'cmake_clean_first': False, 'cmake_force_configure': False, 'cmake_target': None, 'cmake_target_skip_unavailable': False, 'install_base': '/home/simpletime/project02_gameservice/install/base_interfaces', 'merge_install': False, 'path': '/home/simpletime/project02_gameservice/src/base_interfaces', 'symlink_install': False, 'test_result_base': None}
[0.430s] Level 5:colcon.colcon_core.verb:set package 'game_service' build argument 'cmake_args' from command line to 'None'
[0.430s] Level 5:colcon.colcon_core.verb:set package 'game_service' build argument 'cmake_target' from command line to 'None'
[0.430s] Level 5:colcon.colcon_core.verb:set package 'game_service' build argument 'cmake_target_skip_unavailable' from command line to 'False'
[0.430s] Level 5:colcon.colcon_core.verb:set package 'game_service' build argument 'cmake_clean_cache' from command line to 'False'
[0.430s] Level 5:colcon.colcon_core.verb:set package 'game_service' build argument 'cmake_clean_first' from command line to 'False'
[0.430s] Level 5:colcon.colcon_core.verb:set package 'game_service' build argument 'cmake_force_configure' from command line to 'False'
[0.430s] Level 5:colcon.colcon_core.verb:set package 'game_service' build argument 'ament_cmake_args' from command line to 'None'
[0.430s] Level 5:colcon.colcon_core.verb:set package 'game_service' build argument 'catkin_cmake_args' from command line to 'None'
[0.430s] Level 5:colcon.colcon_core.verb:set package 'game_service' build argument 'catkin_skip_building_tests' from command line to 'False'
[0.430s] DEBUG:colcon.colcon_core.verb:Building package 'game_service' with the following arguments: {'ament_cmake_args': None, 'build_base': '/home/simpletime/project02_gameservice/build/game_service', 'catkin_cmake_args': None, 'catkin_skip_building_tests': False, 'cmake_args': None, 'cmake_clean_cache': False, 'cmake_clean_first': False, 'cmake_force_configure': False, 'cmake_target': None, 'cmake_target_skip_unavailable': False, 'install_base': '/home/simpletime/project02_gameservice/install/game_service', 'merge_install': False, 'path': '/home/simpletime/project02_gameservice/src/game_service', 'symlink_install': False, 'test_result_base': None}
[0.430s] INFO:colcon.colcon_core.executor:Executing jobs using 'parallel' executor
[0.431s] DEBUG:colcon.colcon_parallel_executor.executor.parallel:run_until_complete
[0.431s] INFO:colcon.colcon_ros.task.ament_cmake.build:Building ROS package in '/home/simpletime/project02_gameservice/src/base_interfaces' with build type 'ament_cmake'
[0.431s] INFO:colcon.colcon_cmake.task.cmake.build:Building CMake package in '/home/simpletime/project02_gameservice/src/base_interfaces'
[0.435s] INFO:colcon.colcon_core.plugin_system:Skipping extension 'colcon_core.shell.bat': Not used on non-Windows systems
[0.435s] INFO:colcon.colcon_core.shell:Skip shell extension 'powershell' for command environment: Not usable outside of PowerShell
[0.435s] DEBUG:colcon.colcon_core.shell:Skip shell extension 'dsv' for command environment
[0.447s] DEBUG:colcon.colcon_core.event_handler.log_command:Invoking command in '/home/simpletime/project02_gameservice/build/base_interfaces': CMAKE_PREFIX_PATH=${CMAKE_PREFIX_PATH}:/opt/ros/humble /usr/bin/cmake --build /home/simpletime/project02_gameservice/build/base_interfaces -- -j4 -l4
[0.777s] DEBUG:colcon.colcon_core.event_handler.log_command:Invoked command in '/home/simpletime/project02_gameservice/build/base_interfaces' returned '0': CMAKE_PREFIX_PATH=${CMAKE_PREFIX_PATH}:/opt/ros/humble /usr/bin/cmake --build /home/simpletime/project02_gameservice/build/base_interfaces -- -j4 -l4
[0.847s] DEBUG:colcon.colcon_core.event_handler.log_command:Invoking command in '/home/simpletime/project02_gameservice/build/base_interfaces': CMAKE_PREFIX_PATH=${CMAKE_PREFIX_PATH}:/opt/ros/humble /usr/bin/cmake --install /home/simpletime/project02_gameservice/build/base_interfaces
[0.913s] Level 1:colcon.colcon_core.environment:create_environment_scripts_only(base_interfaces)
[0.913s] DEBUG:colcon.colcon_core.event_handler.log_command:Invoked command in '/home/simpletime/project02_gameservice/build/base_interfaces' returned '0': CMAKE_PREFIX_PATH=${CMAKE_PREFIX_PATH}:/opt/ros/humble /usr/bin/cmake --install /home/simpletime/project02_gameservice/build/base_interfaces
[0.917s] Level 1:colcon.colcon_core.environment:checking '/home/simpletime/project02_gameservice/install/base_interfaces' for CMake module files
[0.917s] Level 1:colcon.colcon_core.environment:checking '/home/simpletime/project02_gameservice/install/base_interfaces' for CMake config files
[0.918s] Level 1:colcon.colcon_core.shell:create_environment_hook('base_interfaces', 'cmake_prefix_path')
[0.918s] INFO:colcon.colcon_core.shell:Creating environment hook '/home/simpletime/project02_gameservice/install/base_interfaces/share/base_interfaces/hook/cmake_prefix_path.ps1'
[0.919s] INFO:colcon.colcon_core.shell:Creating environment descriptor '/home/simpletime/project02_gameservice/install/base_interfaces/share/base_interfaces/hook/cmake_prefix_path.dsv'
[0.919s] INFO:colcon.colcon_core.shell:Creating environment hook '/home/simpletime/project02_gameservice/install/base_interfaces/share/base_interfaces/hook/cmake_prefix_path.sh'
[0.920s] Level 1:colcon.colcon_core.environment:checking '/home/simpletime/project02_gameservice/install/base_interfaces/lib'
[0.920s] Level 1:colcon.colcon_core.shell:create_environment_hook('base_interfaces', 'ld_library_path_lib')
[0.920s] INFO:colcon.colcon_core.shell:Creating environment hook '/home/simpletime/project02_gameservice/install/base_interfaces/share/base_interfaces/hook/ld_library_path_lib.ps1'
[0.921s] INFO:colcon.colcon_core.shell:Creating environment descriptor '/home/simpletime/project02_gameservice/install/base_interfaces/share/base_interfaces/hook/ld_library_path_lib.dsv'
[0.921s] INFO:colcon.colcon_core.shell:Creating environment hook '/home/simpletime/project02_gameservice/install/base_interfaces/share/base_interfaces/hook/ld_library_path_lib.sh'
[0.921s] Level 1:colcon.colcon_core.environment:checking '/home/simpletime/project02_gameservice/install/base_interfaces/bin'
[0.922s] Level 1:colcon.colcon_core.environment:checking '/home/simpletime/project02_gameservice/install/base_interfaces/lib/pkgconfig/base_interfaces.pc'
[0.922s] Level 1:colcon.colcon_core.environment:checking '/home/simpletime/project02_gameservice/install/base_interfaces/lib/python3.10/site-packages'
[0.922s] Level 1:colcon.colcon_core.environment:checking '/home/simpletime/project02_gameservice/install/base_interfaces/bin'
[0.922s] INFO:colcon.colcon_core.shell:Creating package script '/home/simpletime/project02_gameservice/install/base_interfaces/share/base_interfaces/package.ps1'
[0.923s] INFO:colcon.colcon_core.shell:Creating package descriptor '/home/simpletime/project02_gameservice/install/base_interfaces/share/base_interfaces/package.dsv'
[0.923s] INFO:colcon.colcon_core.shell:Creating package script '/home/simpletime/project02_gameservice/install/base_interfaces/share/base_interfaces/package.sh'
[0.924s] INFO:colcon.colcon_core.shell:Creating package script '/home/simpletime/project02_gameservice/install/base_interfaces/share/base_interfaces/package.bash'
[0.925s] INFO:colcon.colcon_core.shell:Creating package script '/home/simpletime/project02_gameservice/install/base_interfaces/share/base_interfaces/package.zsh'
[0.925s] Level 1:colcon.colcon_core.environment:create_file_with_runtime_dependencies(/home/simpletime/project02_gameservice/install/base_interfaces/share/colcon-core/packages/base_interfaces)
[0.991s] Level 1:colcon.colcon_core.environment:create_environment_scripts_only(base_interfaces)
[0.992s] Level 1:colcon.colcon_core.environment:checking '/home/simpletime/project02_gameservice/install/base_interfaces' for CMake module files
[0.992s] Level 1:colcon.colcon_core.environment:checking '/home/simpletime/project02_gameservice/install/base_interfaces' for CMake config files
[0.993s] Level 1:colcon.colcon_core.shell:create_environment_hook('base_interfaces', 'cmake_prefix_path')
[0.993s] INFO:colcon.colcon_core.shell:Creating environment hook '/home/simpletime/project02_gameservice/install/base_interfaces/share/base_interfaces/hook/cmake_prefix_path.ps1'
[0.994s] INFO:colcon.colcon_core.shell:Creating environment descriptor '/home/simpletime/project02_gameservice/install/base_interfaces/share/base_interfaces/hook/cmake_prefix_path.dsv'
[0.994s] INFO:colcon.colcon_core.shell:Creating environment hook '/home/simpletime/project02_gameservice/install/base_interfaces/share/base_interfaces/hook/cmake_prefix_path.sh'
[0.995s] Level 1:colcon.colcon_core.environment:checking '/home/simpletime/project02_gameservice/install/base_interfaces/lib'
[0.995s] Level 1:colcon.colcon_core.shell:create_environment_hook('base_interfaces', 'ld_library_path_lib')
[0.995s] INFO:colcon.colcon_core.shell:Creating environment hook '/home/simpletime/project02_gameservice/install/base_interfaces/share/base_interfaces/hook/ld_library_path_lib.ps1'
[0.995s] INFO:colcon.colcon_core.shell:Creating environment descriptor '/home/simpletime/project02_gameservice/install/base_interfaces/share/base_interfaces/hook/ld_library_path_lib.dsv'
[0.995s] INFO:colcon.colcon_core.shell:Creating environment hook '/home/simpletime/project02_gameservice/install/base_interfaces/share/base_interfaces/hook/ld_library_path_lib.sh'
[0.996s] Level 1:colcon.colcon_core.environment:checking '/home/simpletime/project02_gameservice/install/base_interfaces/bin'
[0.996s] Level 1:colcon.colcon_core.environment:checking '/home/simpletime/project02_gameservice/install/base_interfaces/lib/pkgconfig/base_interfaces.pc'
[0.996s] Level 1:colcon.colcon_core.environment:checking '/home/simpletime/project02_gameservice/install/base_interfaces/lib/python3.10/site-packages'
[0.996s] Level 1:colcon.colcon_core.environment:checking '/home/simpletime/project02_gameservice/install/base_interfaces/bin'
[0.996s] INFO:colcon.colcon_core.shell:Creating package script '/home/simpletime/project02_gameservice/install/base_interfaces/share/base_interfaces/package.ps1'
[0.997s] INFO:colcon.colcon_core.shell:Creating package descriptor '/home/simpletime/project02_gameservice/install/base_interfaces/share/base_interfaces/package.dsv'
[0.997s] INFO:colcon.colcon_core.shell:Creating package script '/home/simpletime/project02_gameservice/install/base_interfaces/share/base_interfaces/package.sh'
[0.998s] INFO:colcon.colcon_core.shell:Creating package script '/home/simpletime/project02_gameservice/install/base_interfaces/share/base_interfaces/package.bash'
[0.998s] INFO:colcon.colcon_core.shell:Creating package script '/home/simpletime/project02_gameservice/install/base_interfaces/share/base_interfaces/package.zsh'
[0.998s] Level 1:colcon.colcon_core.environment:create_file_with_runtime_dependencies(/home/simpletime/project02_gameservice/install/base_interfaces/share/colcon-core/packages/base_interfaces)
[0.999s] INFO:colcon.colcon_ros.task.ament_cmake.build:Building ROS package in '/home/simpletime/project02_gameservice/src/game_service' with build type 'ament_cmake'
[0.999s] INFO:colcon.colcon_cmake.task.cmake.build:Building CMake package in '/home/simpletime/project02_gameservice/src/game_service'
[0.999s] INFO:colcon.colcon_core.shell:Skip shell extension 'powershell' for command environment: Not usable outside of PowerShell
[0.999s] DEBUG:colcon.colcon_core.shell:Skip shell extension 'dsv' for command environment
[1.011s] DEBUG:colcon.colcon_core.event_handler.log_command:Invoking command in '/home/simpletime/project02_gameservice/build/game_service': CMAKE_PREFIX_PATH=/home/simpletime/project02_gameservice/install/base_interfaces:/home/simpletime/project02_gameservice/install/game_service:/opt/ros/humble /usr/bin/cmake --build /home/simpletime/project02_gameservice/build/game_service -- -j4 -l4
[3.987s] DEBUG:colcon.colcon_core.event_handler.log_command:Invoked command in '/home/simpletime/project02_gameservice/build/game_service' returned '0': CMAKE_PREFIX_PATH=/home/simpletime/project02_gameservice/install/base_interfaces:/home/simpletime/project02_gameservice/install/game_service:/opt/ros/humble /usr/bin/cmake --build /home/simpletime/project02_gameservice/build/game_service -- -j4 -l4
[4.015s] DEBUG:colcon.colcon_core.event_handler.log_command:Invoking command in '/home/simpletime/project02_gameservice/build/game_service': CMAKE_PREFIX_PATH=/home/simpletime/project02_gameservice/install/base_interfaces:/home/simpletime/project02_gameservice/install/game_service:/opt/ros/humble /usr/bin/cmake --install /home/simpletime/project02_gameservice/build/game_service
[4.029s] Level 1:colcon.colcon_core.environment:create_environment_scripts_only(game_service)
[4.029s] Level 1:colcon.colcon_core.environment:checking '/home/simpletime/project02_gameservice/install/game_service' for CMake module files
[4.029s] DEBUG:colcon.colcon_core.event_handler.log_command:Invoked command in '/home/simpletime/project02_gameservice/build/game_service' returned '0': CMAKE_PREFIX_PATH=/home/simpletime/project02_gameservice/install/base_interfaces:/home/simpletime/project02_gameservice/install/game_service:/opt/ros/humble /usr/bin/cmake --install /home/simpletime/project02_gameservice/build/game_service
[4.030s] Level 1:colcon.colcon_core.environment:checking '/home/simpletime/project02_gameservice/install/game_service' for CMake config files
[4.030s] Level 1:colcon.colcon_core.shell:create_environment_hook('game_service', 'cmake_prefix_path')
[4.030s] INFO:colcon.colcon_core.shell:Creating environment hook '/home/simpletime/project02_gameservice/install/game_service/share/game_service/hook/cmake_prefix_path.ps1'
[4.031s] INFO:colcon.colcon_core.shell:Creating environment descriptor '/home/simpletime/project02_gameservice/install/game_service/share/game_service/hook/cmake_prefix_path.dsv'
[4.031s] INFO:colcon.colcon_core.shell:Creating environment hook '/home/simpletime/project02_gameservice/install/game_service/share/game_service/hook/cmake_prefix_path.sh'
[4.032s] Level 1:colcon.colcon_core.environment:checking '/home/simpletime/project02_gameservice/install/game_service/lib'
[4.032s] Level 1:colcon.colcon_core.environment:checking '/home/simpletime/project02_gameservice/install/game_service/bin'
[4.032s] Level 1:colcon.colcon_core.environment:checking '/home/simpletime/project02_gameservice/install/game_service/lib/pkgconfig/game_service.pc'
[4.032s] Level 1:colcon.colcon_core.environment:checking '/home/simpletime/project02_gameservice/install/game_service/lib/python3.10/site-packages'
[4.032s] Level 1:colcon.colcon_core.environment:checking '/home/simpletime/project02_gameservice/install/game_service/bin'
[4.032s] INFO:colcon.colcon_core.shell:Creating package script '/home/simpletime/project02_gameservice/install/game_service/share/game_service/package.ps1'
[4.033s] INFO:colcon.colcon_core.shell:Creating package descriptor '/home/simpletime/project02_gameservice/install/game_service/share/game_service/package.dsv'
[4.033s] INFO:colcon.colcon_core.shell:Creating package script '/home/simpletime/project02_gameservice/install/game_service/share/game_service/package.sh'
[4.034s] INFO:colcon.colcon_core.shell:Creating package script '/home/simpletime/project02_gameservice/install/game_service/share/game_service/package.bash'
[4.034s] INFO:colcon.colcon_core.shell:Creating package script '/home/simpletime/project02_gameservice/install/game_service/share/game_service/package.zsh'
[4.034s] Level 1:colcon.colcon_core.environment:create_file_with_runtime_dependencies(/home/simpletime/project02_gameservice/install/game_service/share/colcon-core/packages/game_service)
[4.059s] Level 1:colcon.colcon_core.environment:create_environment_scripts_only(game_service)
[4.060s] Level 1:colcon.colcon_core.environment:checking '/home/simpletime/project02_gameservice/install/game_service' for CMake module files
[4.060s] Level 1:colcon.colcon_core.environment:checking '/home/simpletime/project02_gameservice/install/game_service' for CMake config files
[4.060s] Level 1:colcon.colcon_core.shell:create_environment_hook('game_service', 'cmake_prefix_path')
[4.060s] INFO:colcon.colcon_core.shell:Creating environment hook '/home/simpletime/project02_gameservice/install/game_service/share/game_service/hook/cmake_prefix_path.ps1'
[4.061s] INFO:colcon.colcon_core.shell:Creating environment descriptor '/home/simpletime/project02_gameservice/install/game_service/share/game_service/hook/cmake_prefix_path.dsv'
[4.061s] INFO:colcon.colcon_core.shell:Creating environment hook '/home/simpletime/project02_gameservice/install/game_service/share/game_service/hook/cmake_prefix_path.sh'
[4.061s] Level 1:colcon.colcon_core.environment:checking '/home/simpletime/project02_gameservice/install/game_service/lib'
[4.061s] Level 1:colcon.colcon_core.environment:checking '/home/simpletime/project02_gameservice/install/game_service/bin'
[4.061s] Level 1:colcon.colcon_core.environment:checking '/home/simpletime/project02_gameservice/install/game_service/lib/pkgconfig/game_service.pc'
[4.062s] Level 1:colcon.colcon_core.environment:checking '/home/simpletime/project02_gameservice/install/game_service/lib/python3.10/site-packages'
[4.062s] Level 1:colcon.colcon_core.environment:checking '/home/simpletime/project02_gameservice/install/game_service/bin'
[4.062s] INFO:colcon.colcon_core.shell:Creating package script '/home/simpletime/project02_gameservice/install/game_service/share/game_service/package.ps1'
[4.062s] INFO:colcon.colcon_core.shell:Creating package descriptor '/home/simpletime/project02_gameservice/install/game_service/share/game_service/package.dsv'
[4.063s] INFO:colcon.colcon_core.shell:Creating package script '/home/simpletime/project02_gameservice/install/game_service/share/game_service/package.sh'
[4.063s] INFO:colcon.colcon_core.shell:Creating package script '/home/simpletime/project02_gameservice/install/game_service/share/game_service/package.bash'
[4.063s] INFO:colcon.colcon_core.shell:Creating package script '/home/simpletime/project02_gameservice/install/game_service/share/game_service/package.zsh'
[4.064s] Level 1:colcon.colcon_core.environment:create_file_with_runtime_dependencies(/home/simpletime/project02_gameservice/install/game_service/share/colcon-core/packages/game_service)
[4.064s] DEBUG:colcon.colcon_parallel_executor.executor.parallel:closing loop
[4.065s] DEBUG:colcon.colcon_parallel_executor.executor.parallel:loop closed
[4.065s] DEBUG:colcon.colcon_parallel_executor.executor.parallel:run_until_complete finished with '0'
[4.065s] DEBUG:colcon.colcon_core.event_reactor:joining thread
[4.073s] INFO:colcon.colcon_core.plugin_system:Skipping extension 'colcon_notification.desktop_notification.terminal_notifier': Not used on non-Darwin systems
[4.073s] INFO:colcon.colcon_core.plugin_system:Skipping extension 'colcon_notification.desktop_notification.win32': Not used on non-Windows systems
[4.073s] INFO:colcon.colcon_notification.desktop_notification:Sending desktop notification using 'notify2'
[4.133s] DEBUG:colcon.colcon_core.event_reactor:joined thread
[4.133s] INFO:colcon.colcon_core.shell:Creating prefix script '/home/simpletime/project02_gameservice/install/local_setup.ps1'
[4.135s] INFO:colcon.colcon_core.shell:Creating prefix util module '/home/simpletime/project02_gameservice/install/_local_setup_util_ps1.py'
[4.135s] INFO:colcon.colcon_core.shell:Creating prefix chain script '/home/simpletime/project02_gameservice/install/setup.ps1'
[4.136s] INFO:colcon.colcon_core.shell:Creating prefix script '/home/simpletime/project02_gameservice/install/local_setup.sh'
[4.137s] INFO:colcon.colcon_core.shell:Creating prefix util module '/home/simpletime/project02_gameservice/install/_local_setup_util_sh.py'
[4.137s] INFO:colcon.colcon_core.shell:Creating prefix chain script '/home/simpletime/project02_gameservice/install/setup.sh'
[4.138s] INFO:colcon.colcon_core.shell:Creating prefix script '/home/simpletime/project02_gameservice/install/local_setup.bash'
[4.139s] INFO:colcon.colcon_core.shell:Creating prefix chain script '/home/simpletime/project02_gameservice/install/setup.bash'
[4.140s] INFO:colcon.colcon_core.shell:Creating prefix script '/home/simpletime/project02_gameservice/install/local_setup.zsh'
[4.140s] INFO:colcon.colcon_core.shell:Creating prefix chain script '/home/simpletime/project02_gameservice/install/setup.zsh'
