[0.168s] DEBUG:colcon:Command line arguments: ['/usr/bin/colcon', 'build']
[0.168s] DEBUG:colcon:Parsed command line arguments: Namespace(log_base=None, log_level=None, verb_name='build', build_base='build', install_base='install', merge_install=False, symlink_install=False, test_result_base=None, continue_on_error=False, executor='parallel', parallel_workers=32, event_handlers=None, ignore_user_meta=False, metas=['./colcon.meta'], base_paths=['.'], packages_ignore=None, packages_ignore_regex=None, paths=None, packages_up_to=None, packages_up_to_regex=None, packages_above=None, packages_above_and_dependencies=None, packages_above_depth=None, packages_select_by_dep=None, packages_skip_by_dep=None, packages_skip_up_to=None, packages_select_build_failed=False, packages_skip_build_finished=False, packages_select_test_failures=False, packages_skip_test_passed=False, packages_select=None, packages_skip=None, packages_select_regex=None, packages_skip_regex=None, packages_start=None, packages_end=None, allow_overriding=[], cmake_args=None, cmake_target=None, cmake_target_skip_unavailable=False, cmake_clean_cache=False, cmake_clean_first=False, cmake_force_configure=False, ament_cmake_args=None, catkin_cmake_args=None, catkin_skip_building_tests=False, verb_parser=<colcon_defaults.argument_parser.defaults.DefaultArgumentsDecorator object at 0x7f0f4f7ebca0>, verb_extension=<colcon_core.verb.build.BuildVerb object at 0x7f0f4f7eb7c0>, main=<bound method BuildVerb.main of <colcon_core.verb.build.BuildVerb object at 0x7f0f4f7eb7c0>>)
[0.330s] Level 1:colcon.colcon_core.package_discovery:discover_packages(colcon_meta) check parameters
[0.330s] Level 1:colcon.colcon_core.package_discovery:discover_packages(recursive) check parameters
[0.330s] Level 1:colcon.colcon_core.package_discovery:discover_packages(ignore) check parameters
[0.330s] Level 1:colcon.colcon_core.package_discovery:discover_packages(path) check parameters
[0.330s] Level 1:colcon.colcon_core.package_discovery:discover_packages(colcon_meta) discover
[0.330s] Level 1:colcon.colcon_core.package_discovery:discover_packages(recursive) discover
[0.330s] INFO:colcon.colcon_core.package_discovery:Crawling recursively for packages in '/home/simpletime/Project/learn02_pcl_spin'
[0.330s] Level 1:colcon.colcon_core.package_identification:_identify(.) by extensions ['ignore', 'ignore_ament_install']
[0.330s] Level 1:colcon.colcon_core.package_identification:_identify(.) by extension 'ignore'
[0.330s] Level 1:colcon.colcon_core.package_identification:_identify(.) by extension 'ignore_ament_install'
[0.331s] Level 1:colcon.colcon_core.package_identification:_identify(.) by extensions ['colcon_pkg']
[0.331s] Level 1:colcon.colcon_core.package_identification:_identify(.) by extension 'colcon_pkg'
[0.331s] Level 1:colcon.colcon_core.package_identification:_identify(.) by extensions ['colcon_meta']
[0.331s] Level 1:colcon.colcon_core.package_identification:_identify(.) by extension 'colcon_meta'
[0.331s] Level 1:colcon.colcon_core.package_identification:_identify(.) by extensions ['ros']
[0.331s] Level 1:colcon.colcon_core.package_identification:_identify(.) by extension 'ros'
[0.343s] Level 1:colcon.colcon_core.package_identification:_identify(.) by extensions ['cmake', 'python']
[0.343s] Level 1:colcon.colcon_core.package_identification:_identify(.) by extension 'cmake'
[0.343s] Level 1:colcon.colcon_core.package_identification:_identify(.) by extension 'python'
[0.343s] Level 1:colcon.colcon_core.package_identification:_identify(.) by extensions ['python_setup_py']
[0.343s] Level 1:colcon.colcon_core.package_identification:_identify(.) by extension 'python_setup_py'
[0.343s] Level 1:colcon.colcon_core.package_identification:_identify(build) by extensions ['ignore', 'ignore_ament_install']
[0.343s] Level 1:colcon.colcon_core.package_identification:_identify(build) by extension 'ignore'
[0.343s] Level 1:colcon.colcon_core.package_identification:_identify(build) ignored
[0.343s] Level 1:colcon.colcon_core.package_identification:_identify(install) by extensions ['ignore', 'ignore_ament_install']
[0.343s] Level 1:colcon.colcon_core.package_identification:_identify(install) by extension 'ignore'
[0.343s] Level 1:colcon.colcon_core.package_identification:_identify(install) ignored
[0.344s] Level 1:colcon.colcon_core.package_identification:_identify(log) by extensions ['ignore', 'ignore_ament_install']
[0.344s] Level 1:colcon.colcon_core.package_identification:_identify(log) by extension 'ignore'
[0.344s] Level 1:colcon.colcon_core.package_identification:_identify(log) ignored
[0.344s] Level 1:colcon.colcon_core.package_identification:_identify(source) by extensions ['ignore', 'ignore_ament_install']
[0.344s] Level 1:colcon.colcon_core.package_identification:_identify(source) by extension 'ignore'
[0.344s] Level 1:colcon.colcon_core.package_identification:_identify(source) by extension 'ignore_ament_install'
[0.344s] Level 1:colcon.colcon_core.package_identification:_identify(source) by extensions ['colcon_pkg']
[0.344s] Level 1:colcon.colcon_core.package_identification:_identify(source) by extension 'colcon_pkg'
[0.344s] Level 1:colcon.colcon_core.package_identification:_identify(source) by extensions ['colcon_meta']
[0.344s] Level 1:colcon.colcon_core.package_identification:_identify(source) by extension 'colcon_meta'
[0.344s] Level 1:colcon.colcon_core.package_identification:_identify(source) by extensions ['ros']
[0.344s] Level 1:colcon.colcon_core.package_identification:_identify(source) by extension 'ros'
[0.345s] Level 1:colcon.colcon_core.package_identification:_identify(source) by extensions ['cmake', 'python']
[0.345s] Level 1:colcon.colcon_core.package_identification:_identify(source) by extension 'cmake'
[0.345s] Level 1:colcon.colcon_core.package_identification:_identify(source) by extension 'python'
[0.345s] Level 1:colcon.colcon_core.package_identification:_identify(source) by extensions ['python_setup_py']
[0.345s] Level 1:colcon.colcon_core.package_identification:_identify(source) by extension 'python_setup_py'
[0.345s] Level 1:colcon.colcon_core.package_identification:_identify(src) by extensions ['ignore', 'ignore_ament_install']
[0.345s] Level 1:colcon.colcon_core.package_identification:_identify(src) by extension 'ignore'
[0.345s] Level 1:colcon.colcon_core.package_identification:_identify(src) by extension 'ignore_ament_install'
[0.345s] Level 1:colcon.colcon_core.package_identification:_identify(src) by extensions ['colcon_pkg']
[0.345s] Level 1:colcon.colcon_core.package_identification:_identify(src) by extension 'colcon_pkg'
[0.345s] Level 1:colcon.colcon_core.package_identification:_identify(src) by extensions ['colcon_meta']
[0.345s] Level 1:colcon.colcon_core.package_identification:_identify(src) by extension 'colcon_meta'
[0.345s] Level 1:colcon.colcon_core.package_identification:_identify(src) by extensions ['ros']
[0.345s] Level 1:colcon.colcon_core.package_identification:_identify(src) by extension 'ros'
[0.345s] Level 1:colcon.colcon_core.package_identification:_identify(src) by extensions ['cmake', 'python']
[0.345s] Level 1:colcon.colcon_core.package_identification:_identify(src) by extension 'cmake'
[0.345s] Level 1:colcon.colcon_core.package_identification:_identify(src) by extension 'python'
[0.345s] Level 1:colcon.colcon_core.package_identification:_identify(src) by extensions ['python_setup_py']
[0.345s] Level 1:colcon.colcon_core.package_identification:_identify(src) by extension 'python_setup_py'
[0.345s] Level 1:colcon.colcon_core.package_identification:_identify(src/cpp01_pcl_spin) by extensions ['ignore', 'ignore_ament_install']
[0.345s] Level 1:colcon.colcon_core.package_identification:_identify(src/cpp01_pcl_spin) by extension 'ignore'
[0.345s] Level 1:colcon.colcon_core.package_identification:_identify(src/cpp01_pcl_spin) by extension 'ignore_ament_install'
[0.346s] Level 1:colcon.colcon_core.package_identification:_identify(src/cpp01_pcl_spin) by extensions ['colcon_pkg']
[0.346s] Level 1:colcon.colcon_core.package_identification:_identify(src/cpp01_pcl_spin) by extension 'colcon_pkg'
[0.346s] Level 1:colcon.colcon_core.package_identification:_identify(src/cpp01_pcl_spin) by extensions ['colcon_meta']
[0.346s] Level 1:colcon.colcon_core.package_identification:_identify(src/cpp01_pcl_spin) by extension 'colcon_meta'
[0.346s] Level 1:colcon.colcon_core.package_identification:_identify(src/cpp01_pcl_spin) by extensions ['ros']
[0.346s] Level 1:colcon.colcon_core.package_identification:_identify(src/cpp01_pcl_spin) by extension 'ros'
[0.349s] DEBUG:colcon.colcon_core.package_identification:Package 'src/cpp01_pcl_spin' with type 'ros.ament_cmake' and name 'cpp01_pcl_spin'
[0.349s] Level 1:colcon.colcon_core.package_identification:_identify(src/cpp02_nav_pcl) by extensions ['ignore', 'ignore_ament_install']
[0.349s] Level 1:colcon.colcon_core.package_identification:_identify(src/cpp02_nav_pcl) by extension 'ignore'
[0.349s] Level 1:colcon.colcon_core.package_identification:_identify(src/cpp02_nav_pcl) by extension 'ignore_ament_install'
[0.349s] Level 1:colcon.colcon_core.package_identification:_identify(src/cpp02_nav_pcl) by extensions ['colcon_pkg']
[0.349s] Level 1:colcon.colcon_core.package_identification:_identify(src/cpp02_nav_pcl) by extension 'colcon_pkg'
[0.349s] Level 1:colcon.colcon_core.package_identification:_identify(src/cpp02_nav_pcl) by extensions ['colcon_meta']
[0.349s] Level 1:colcon.colcon_core.package_identification:_identify(src/cpp02_nav_pcl) by extension 'colcon_meta'
[0.350s] Level 1:colcon.colcon_core.package_identification:_identify(src/cpp02_nav_pcl) by extensions ['ros']
[0.350s] Level 1:colcon.colcon_core.package_identification:_identify(src/cpp02_nav_pcl) by extension 'ros'
[0.351s] DEBUG:colcon.colcon_core.package_identification:Package 'src/cpp02_nav_pcl' with type 'ros.ament_cmake' and name 'cpp02_nav_pcl'
[0.351s] Level 1:colcon.colcon_core.package_discovery:discover_packages(recursive) using defaults
[0.351s] Level 1:colcon.colcon_core.package_discovery:discover_packages(ignore) discover
[0.351s] Level 1:colcon.colcon_core.package_discovery:discover_packages(ignore) using defaults
[0.351s] Level 1:colcon.colcon_core.package_discovery:discover_packages(path) discover
[0.351s] Level 1:colcon.colcon_core.package_discovery:discover_packages(path) using defaults
[0.370s] Level 1:colcon.colcon_core.package_discovery:discover_packages(prefix_path) check parameters
[0.371s] Level 1:colcon.colcon_core.package_discovery:discover_packages(prefix_path) discover
[0.372s] DEBUG:colcon.colcon_installed_package_information.package_discovery:Found 2 installed packages in /home/simpletime/Project/learn02_pcl_spin/install
[0.374s] DEBUG:colcon.colcon_installed_package_information.package_discovery:Found 271 installed packages in /opt/ros/humble
[0.375s] Level 1:colcon.colcon_core.package_discovery:discover_packages(prefix_path) using defaults
[0.429s] Level 5:colcon.colcon_core.verb:set package 'cpp01_pcl_spin' build argument 'cmake_args' from command line to 'None'
[0.429s] Level 5:colcon.colcon_core.verb:set package 'cpp01_pcl_spin' build argument 'cmake_target' from command line to 'None'
[0.429s] Level 5:colcon.colcon_core.verb:set package 'cpp01_pcl_spin' build argument 'cmake_target_skip_unavailable' from command line to 'False'
[0.429s] Level 5:colcon.colcon_core.verb:set package 'cpp01_pcl_spin' build argument 'cmake_clean_cache' from command line to 'False'
[0.429s] Level 5:colcon.colcon_core.verb:set package 'cpp01_pcl_spin' build argument 'cmake_clean_first' from command line to 'False'
[0.429s] Level 5:colcon.colcon_core.verb:set package 'cpp01_pcl_spin' build argument 'cmake_force_configure' from command line to 'False'
[0.429s] Level 5:colcon.colcon_core.verb:set package 'cpp01_pcl_spin' build argument 'ament_cmake_args' from command line to 'None'
[0.429s] Level 5:colcon.colcon_core.verb:set package 'cpp01_pcl_spin' build argument 'catkin_cmake_args' from command line to 'None'
[0.429s] Level 5:colcon.colcon_core.verb:set package 'cpp01_pcl_spin' build argument 'catkin_skip_building_tests' from command line to 'False'
[0.429s] DEBUG:colcon.colcon_core.verb:Building package 'cpp01_pcl_spin' with the following arguments: {'ament_cmake_args': None, 'build_base': '/home/simpletime/Project/learn02_pcl_spin/build/cpp01_pcl_spin', 'catkin_cmake_args': None, 'catkin_skip_building_tests': False, 'cmake_args': None, 'cmake_clean_cache': False, 'cmake_clean_first': False, 'cmake_force_configure': False, 'cmake_target': None, 'cmake_target_skip_unavailable': False, 'install_base': '/home/simpletime/Project/learn02_pcl_spin/install/cpp01_pcl_spin', 'merge_install': False, 'path': '/home/simpletime/Project/learn02_pcl_spin/src/cpp01_pcl_spin', 'symlink_install': False, 'test_result_base': None}
[0.430s] Level 5:colcon.colcon_core.verb:set package 'cpp02_nav_pcl' build argument 'cmake_args' from command line to 'None'
[0.430s] Level 5:colcon.colcon_core.verb:set package 'cpp02_nav_pcl' build argument 'cmake_target' from command line to 'None'
[0.430s] Level 5:colcon.colcon_core.verb:set package 'cpp02_nav_pcl' build argument 'cmake_target_skip_unavailable' from command line to 'False'
[0.430s] Level 5:colcon.colcon_core.verb:set package 'cpp02_nav_pcl' build argument 'cmake_clean_cache' from command line to 'False'
[0.430s] Level 5:colcon.colcon_core.verb:set package 'cpp02_nav_pcl' build argument 'cmake_clean_first' from command line to 'False'
[0.430s] Level 5:colcon.colcon_core.verb:set package 'cpp02_nav_pcl' build argument 'cmake_force_configure' from command line to 'False'
[0.430s] Level 5:colcon.colcon_core.verb:set package 'cpp02_nav_pcl' build argument 'ament_cmake_args' from command line to 'None'
[0.430s] Level 5:colcon.colcon_core.verb:set package 'cpp02_nav_pcl' build argument 'catkin_cmake_args' from command line to 'None'
[0.430s] Level 5:colcon.colcon_core.verb:set package 'cpp02_nav_pcl' build argument 'catkin_skip_building_tests' from command line to 'False'
[0.430s] DEBUG:colcon.colcon_core.verb:Building package 'cpp02_nav_pcl' with the following arguments: {'ament_cmake_args': None, 'build_base': '/home/simpletime/Project/learn02_pcl_spin/build/cpp02_nav_pcl', 'catkin_cmake_args': None, 'catkin_skip_building_tests': False, 'cmake_args': None, 'cmake_clean_cache': False, 'cmake_clean_first': False, 'cmake_force_configure': False, 'cmake_target': None, 'cmake_target_skip_unavailable': False, 'install_base': '/home/simpletime/Project/learn02_pcl_spin/install/cpp02_nav_pcl', 'merge_install': False, 'path': '/home/simpletime/Project/learn02_pcl_spin/src/cpp02_nav_pcl', 'symlink_install': False, 'test_result_base': None}
[0.430s] INFO:colcon.colcon_core.executor:Executing jobs using 'parallel' executor
[0.431s] DEBUG:colcon.colcon_parallel_executor.executor.parallel:run_until_complete
[0.432s] INFO:colcon.colcon_ros.task.ament_cmake.build:Building ROS package in '/home/simpletime/Project/learn02_pcl_spin/src/cpp01_pcl_spin' with build type 'ament_cmake'
[0.432s] INFO:colcon.colcon_cmake.task.cmake.build:Building CMake package in '/home/simpletime/Project/learn02_pcl_spin/src/cpp01_pcl_spin'
[0.435s] INFO:colcon.colcon_core.plugin_system:Skipping extension 'colcon_core.shell.bat': Not used on non-Windows systems
[0.435s] INFO:colcon.colcon_core.shell:Skip shell extension 'powershell' for command environment: Not usable outside of PowerShell
[0.435s] DEBUG:colcon.colcon_core.shell:Skip shell extension 'dsv' for command environment
[0.439s] INFO:colcon.colcon_ros.task.ament_cmake.build:Building ROS package in '/home/simpletime/Project/learn02_pcl_spin/src/cpp02_nav_pcl' with build type 'ament_cmake'
[0.439s] INFO:colcon.colcon_cmake.task.cmake.build:Building CMake package in '/home/simpletime/Project/learn02_pcl_spin/src/cpp02_nav_pcl'
[0.439s] INFO:colcon.colcon_core.shell:Skip shell extension 'powershell' for command environment: Not usable outside of PowerShell
[0.439s] DEBUG:colcon.colcon_core.shell:Skip shell extension 'dsv' for command environment
[0.453s] DEBUG:colcon.colcon_core.event_handler.log_command:Invoking command in '/home/simpletime/Project/learn02_pcl_spin/build/cpp01_pcl_spin': CMAKE_PREFIX_PATH=${CMAKE_PREFIX_PATH}:/opt/ros/humble /usr/bin/cmake --build /home/simpletime/Project/learn02_pcl_spin/build/cpp01_pcl_spin -- -j32 -l32
[0.458s] DEBUG:colcon.colcon_core.event_handler.log_command:Invoking command in '/home/simpletime/Project/learn02_pcl_spin/build/cpp02_nav_pcl': CMAKE_PREFIX_PATH=${CMAKE_PREFIX_PATH}:/opt/ros/humble /usr/bin/cmake --build /home/simpletime/Project/learn02_pcl_spin/build/cpp02_nav_pcl -- -j32 -l32
[0.522s] DEBUG:colcon.colcon_core.event_handler.log_command:Invoked command in '/home/simpletime/Project/learn02_pcl_spin/build/cpp01_pcl_spin' returned '0': CMAKE_PREFIX_PATH=${CMAKE_PREFIX_PATH}:/opt/ros/humble /usr/bin/cmake --build /home/simpletime/Project/learn02_pcl_spin/build/cpp01_pcl_spin -- -j32 -l32
[0.561s] DEBUG:colcon.colcon_core.event_handler.log_command:Invoking command in '/home/simpletime/Project/learn02_pcl_spin/build/cpp01_pcl_spin': CMAKE_PREFIX_PATH=${CMAKE_PREFIX_PATH}:/opt/ros/humble /usr/bin/cmake --install /home/simpletime/Project/learn02_pcl_spin/build/cpp01_pcl_spin
[0.570s] Level 1:colcon.colcon_core.environment:create_environment_scripts_only(cpp01_pcl_spin)
[0.571s] DEBUG:colcon.colcon_core.event_handler.log_command:Invoked command in '/home/simpletime/Project/learn02_pcl_spin/build/cpp01_pcl_spin' returned '0': CMAKE_PREFIX_PATH=${CMAKE_PREFIX_PATH}:/opt/ros/humble /usr/bin/cmake --install /home/simpletime/Project/learn02_pcl_spin/build/cpp01_pcl_spin
[0.573s] Level 1:colcon.colcon_core.environment:checking '/home/simpletime/Project/learn02_pcl_spin/install/cpp01_pcl_spin' for CMake module files
[0.574s] Level 1:colcon.colcon_core.environment:checking '/home/simpletime/Project/learn02_pcl_spin/install/cpp01_pcl_spin' for CMake config files
[0.575s] Level 1:colcon.colcon_core.shell:create_environment_hook('cpp01_pcl_spin', 'cmake_prefix_path')
[0.575s] INFO:colcon.colcon_core.shell:Creating environment hook '/home/simpletime/Project/learn02_pcl_spin/install/cpp01_pcl_spin/share/cpp01_pcl_spin/hook/cmake_prefix_path.ps1'
[0.576s] INFO:colcon.colcon_core.shell:Creating environment descriptor '/home/simpletime/Project/learn02_pcl_spin/install/cpp01_pcl_spin/share/cpp01_pcl_spin/hook/cmake_prefix_path.dsv'
[0.576s] INFO:colcon.colcon_core.shell:Creating environment hook '/home/simpletime/Project/learn02_pcl_spin/install/cpp01_pcl_spin/share/cpp01_pcl_spin/hook/cmake_prefix_path.sh'
[0.577s] Level 1:colcon.colcon_core.environment:checking '/home/simpletime/Project/learn02_pcl_spin/install/cpp01_pcl_spin/lib'
[0.578s] Level 1:colcon.colcon_core.environment:checking '/home/simpletime/Project/learn02_pcl_spin/install/cpp01_pcl_spin/bin'
[0.578s] Level 1:colcon.colcon_core.environment:checking '/home/simpletime/Project/learn02_pcl_spin/install/cpp01_pcl_spin/lib/pkgconfig/cpp01_pcl_spin.pc'
[0.578s] Level 1:colcon.colcon_core.environment:checking '/home/simpletime/Project/learn02_pcl_spin/install/cpp01_pcl_spin/lib/python3.10/site-packages'
[0.579s] Level 1:colcon.colcon_core.environment:checking '/home/simpletime/Project/learn02_pcl_spin/install/cpp01_pcl_spin/bin'
[0.579s] INFO:colcon.colcon_core.shell:Creating package script '/home/simpletime/Project/learn02_pcl_spin/install/cpp01_pcl_spin/share/cpp01_pcl_spin/package.ps1'
[0.580s] INFO:colcon.colcon_core.shell:Creating package descriptor '/home/simpletime/Project/learn02_pcl_spin/install/cpp01_pcl_spin/share/cpp01_pcl_spin/package.dsv'
[0.581s] INFO:colcon.colcon_core.shell:Creating package script '/home/simpletime/Project/learn02_pcl_spin/install/cpp01_pcl_spin/share/cpp01_pcl_spin/package.sh'
[0.582s] INFO:colcon.colcon_core.shell:Creating package script '/home/simpletime/Project/learn02_pcl_spin/install/cpp01_pcl_spin/share/cpp01_pcl_spin/package.bash'
[0.582s] INFO:colcon.colcon_core.shell:Creating package script '/home/simpletime/Project/learn02_pcl_spin/install/cpp01_pcl_spin/share/cpp01_pcl_spin/package.zsh'
[0.583s] Level 1:colcon.colcon_core.environment:create_file_with_runtime_dependencies(/home/simpletime/Project/learn02_pcl_spin/install/cpp01_pcl_spin/share/colcon-core/packages/cpp01_pcl_spin)
[0.614s] Level 1:colcon.colcon_core.environment:create_environment_scripts_only(cpp01_pcl_spin)
[0.615s] Level 1:colcon.colcon_core.environment:checking '/home/simpletime/Project/learn02_pcl_spin/install/cpp01_pcl_spin' for CMake module files
[0.615s] Level 1:colcon.colcon_core.environment:checking '/home/simpletime/Project/learn02_pcl_spin/install/cpp01_pcl_spin' for CMake config files
[0.616s] Level 1:colcon.colcon_core.shell:create_environment_hook('cpp01_pcl_spin', 'cmake_prefix_path')
[0.616s] INFO:colcon.colcon_core.shell:Creating environment hook '/home/simpletime/Project/learn02_pcl_spin/install/cpp01_pcl_spin/share/cpp01_pcl_spin/hook/cmake_prefix_path.ps1'
[0.616s] INFO:colcon.colcon_core.shell:Creating environment descriptor '/home/simpletime/Project/learn02_pcl_spin/install/cpp01_pcl_spin/share/cpp01_pcl_spin/hook/cmake_prefix_path.dsv'
[0.617s] INFO:colcon.colcon_core.shell:Creating environment hook '/home/simpletime/Project/learn02_pcl_spin/install/cpp01_pcl_spin/share/cpp01_pcl_spin/hook/cmake_prefix_path.sh'
[0.617s] Level 1:colcon.colcon_core.environment:checking '/home/simpletime/Project/learn02_pcl_spin/install/cpp01_pcl_spin/lib'
[0.617s] Level 1:colcon.colcon_core.environment:checking '/home/simpletime/Project/learn02_pcl_spin/install/cpp01_pcl_spin/bin'
[0.618s] Level 1:colcon.colcon_core.environment:checking '/home/simpletime/Project/learn02_pcl_spin/install/cpp01_pcl_spin/lib/pkgconfig/cpp01_pcl_spin.pc'
[0.618s] Level 1:colcon.colcon_core.environment:checking '/home/simpletime/Project/learn02_pcl_spin/install/cpp01_pcl_spin/lib/python3.10/site-packages'
[0.618s] Level 1:colcon.colcon_core.environment:checking '/home/simpletime/Project/learn02_pcl_spin/install/cpp01_pcl_spin/bin'
[0.618s] INFO:colcon.colcon_core.shell:Creating package script '/home/simpletime/Project/learn02_pcl_spin/install/cpp01_pcl_spin/share/cpp01_pcl_spin/package.ps1'
[0.619s] INFO:colcon.colcon_core.shell:Creating package descriptor '/home/simpletime/Project/learn02_pcl_spin/install/cpp01_pcl_spin/share/cpp01_pcl_spin/package.dsv'
[0.619s] INFO:colcon.colcon_core.shell:Creating package script '/home/simpletime/Project/learn02_pcl_spin/install/cpp01_pcl_spin/share/cpp01_pcl_spin/package.sh'
[0.620s] INFO:colcon.colcon_core.shell:Creating package script '/home/simpletime/Project/learn02_pcl_spin/install/cpp01_pcl_spin/share/cpp01_pcl_spin/package.bash'
[0.620s] INFO:colcon.colcon_core.shell:Creating package script '/home/simpletime/Project/learn02_pcl_spin/install/cpp01_pcl_spin/share/cpp01_pcl_spin/package.zsh'
[0.621s] Level 1:colcon.colcon_core.environment:create_file_with_runtime_dependencies(/home/simpletime/Project/learn02_pcl_spin/install/cpp01_pcl_spin/share/colcon-core/packages/cpp01_pcl_spin)
[8.624s] DEBUG:colcon.colcon_core.event_handler.log_command:Invoked command in '/home/simpletime/Project/learn02_pcl_spin/build/cpp02_nav_pcl' returned '0': CMAKE_PREFIX_PATH=${CMAKE_PREFIX_PATH}:/opt/ros/humble /usr/bin/cmake --build /home/simpletime/Project/learn02_pcl_spin/build/cpp02_nav_pcl -- -j32 -l32
[8.655s] DEBUG:colcon.colcon_core.event_handler.log_command:Invoking command in '/home/simpletime/Project/learn02_pcl_spin/build/cpp02_nav_pcl': CMAKE_PREFIX_PATH=${CMAKE_PREFIX_PATH}:/opt/ros/humble /usr/bin/cmake --install /home/simpletime/Project/learn02_pcl_spin/build/cpp02_nav_pcl
[8.670s] Level 1:colcon.colcon_core.environment:create_environment_scripts_only(cpp02_nav_pcl)
[8.671s] Level 1:colcon.colcon_core.environment:checking '/home/simpletime/Project/learn02_pcl_spin/install/cpp02_nav_pcl' for CMake module files
[8.672s] DEBUG:colcon.colcon_core.event_handler.log_command:Invoked command in '/home/simpletime/Project/learn02_pcl_spin/build/cpp02_nav_pcl' returned '0': CMAKE_PREFIX_PATH=${CMAKE_PREFIX_PATH}:/opt/ros/humble /usr/bin/cmake --install /home/simpletime/Project/learn02_pcl_spin/build/cpp02_nav_pcl
[8.673s] Level 1:colcon.colcon_core.environment:checking '/home/simpletime/Project/learn02_pcl_spin/install/cpp02_nav_pcl' for CMake config files
[8.673s] Level 1:colcon.colcon_core.shell:create_environment_hook('cpp02_nav_pcl', 'cmake_prefix_path')
[8.674s] INFO:colcon.colcon_core.shell:Creating environment hook '/home/simpletime/Project/learn02_pcl_spin/install/cpp02_nav_pcl/share/cpp02_nav_pcl/hook/cmake_prefix_path.ps1'
[8.675s] INFO:colcon.colcon_core.shell:Creating environment descriptor '/home/simpletime/Project/learn02_pcl_spin/install/cpp02_nav_pcl/share/cpp02_nav_pcl/hook/cmake_prefix_path.dsv'
[8.676s] INFO:colcon.colcon_core.shell:Creating environment hook '/home/simpletime/Project/learn02_pcl_spin/install/cpp02_nav_pcl/share/cpp02_nav_pcl/hook/cmake_prefix_path.sh'
[8.676s] Level 1:colcon.colcon_core.environment:checking '/home/simpletime/Project/learn02_pcl_spin/install/cpp02_nav_pcl/lib'
[8.677s] Level 1:colcon.colcon_core.environment:checking '/home/simpletime/Project/learn02_pcl_spin/install/cpp02_nav_pcl/bin'
[8.677s] Level 1:colcon.colcon_core.environment:checking '/home/simpletime/Project/learn02_pcl_spin/install/cpp02_nav_pcl/lib/pkgconfig/cpp02_nav_pcl.pc'
[8.677s] Level 1:colcon.colcon_core.environment:checking '/home/simpletime/Project/learn02_pcl_spin/install/cpp02_nav_pcl/lib/python3.10/site-packages'
[8.677s] Level 1:colcon.colcon_core.environment:checking '/home/simpletime/Project/learn02_pcl_spin/install/cpp02_nav_pcl/bin'
[8.678s] INFO:colcon.colcon_core.shell:Creating package script '/home/simpletime/Project/learn02_pcl_spin/install/cpp02_nav_pcl/share/cpp02_nav_pcl/package.ps1'
[8.679s] INFO:colcon.colcon_core.shell:Creating package descriptor '/home/simpletime/Project/learn02_pcl_spin/install/cpp02_nav_pcl/share/cpp02_nav_pcl/package.dsv'
[8.679s] INFO:colcon.colcon_core.shell:Creating package script '/home/simpletime/Project/learn02_pcl_spin/install/cpp02_nav_pcl/share/cpp02_nav_pcl/package.sh'
[8.680s] INFO:colcon.colcon_core.shell:Creating package script '/home/simpletime/Project/learn02_pcl_spin/install/cpp02_nav_pcl/share/cpp02_nav_pcl/package.bash'
[8.680s] INFO:colcon.colcon_core.shell:Creating package script '/home/simpletime/Project/learn02_pcl_spin/install/cpp02_nav_pcl/share/cpp02_nav_pcl/package.zsh'
[8.681s] Level 1:colcon.colcon_core.environment:create_file_with_runtime_dependencies(/home/simpletime/Project/learn02_pcl_spin/install/cpp02_nav_pcl/share/colcon-core/packages/cpp02_nav_pcl)
[8.709s] Level 1:colcon.colcon_core.environment:create_environment_scripts_only(cpp02_nav_pcl)
[8.710s] Level 1:colcon.colcon_core.environment:checking '/home/simpletime/Project/learn02_pcl_spin/install/cpp02_nav_pcl' for CMake module files
[8.711s] Level 1:colcon.colcon_core.environment:checking '/home/simpletime/Project/learn02_pcl_spin/install/cpp02_nav_pcl' for CMake config files
[8.711s] Level 1:colcon.colcon_core.shell:create_environment_hook('cpp02_nav_pcl', 'cmake_prefix_path')
[8.711s] INFO:colcon.colcon_core.shell:Creating environment hook '/home/simpletime/Project/learn02_pcl_spin/install/cpp02_nav_pcl/share/cpp02_nav_pcl/hook/cmake_prefix_path.ps1'
[8.712s] INFO:colcon.colcon_core.shell:Creating environment descriptor '/home/simpletime/Project/learn02_pcl_spin/install/cpp02_nav_pcl/share/cpp02_nav_pcl/hook/cmake_prefix_path.dsv'
[8.712s] INFO:colcon.colcon_core.shell:Creating environment hook '/home/simpletime/Project/learn02_pcl_spin/install/cpp02_nav_pcl/share/cpp02_nav_pcl/hook/cmake_prefix_path.sh'
[8.713s] Level 1:colcon.colcon_core.environment:checking '/home/simpletime/Project/learn02_pcl_spin/install/cpp02_nav_pcl/lib'
[8.713s] Level 1:colcon.colcon_core.environment:checking '/home/simpletime/Project/learn02_pcl_spin/install/cpp02_nav_pcl/bin'
[8.713s] Level 1:colcon.colcon_core.environment:checking '/home/simpletime/Project/learn02_pcl_spin/install/cpp02_nav_pcl/lib/pkgconfig/cpp02_nav_pcl.pc'
[8.713s] Level 1:colcon.colcon_core.environment:checking '/home/simpletime/Project/learn02_pcl_spin/install/cpp02_nav_pcl/lib/python3.10/site-packages'
[8.713s] Level 1:colcon.colcon_core.environment:checking '/home/simpletime/Project/learn02_pcl_spin/install/cpp02_nav_pcl/bin'
[8.714s] INFO:colcon.colcon_core.shell:Creating package script '/home/simpletime/Project/learn02_pcl_spin/install/cpp02_nav_pcl/share/cpp02_nav_pcl/package.ps1'
[8.714s] INFO:colcon.colcon_core.shell:Creating package descriptor '/home/simpletime/Project/learn02_pcl_spin/install/cpp02_nav_pcl/share/cpp02_nav_pcl/package.dsv'
[8.715s] INFO:colcon.colcon_core.shell:Creating package script '/home/simpletime/Project/learn02_pcl_spin/install/cpp02_nav_pcl/share/cpp02_nav_pcl/package.sh'
[8.715s] INFO:colcon.colcon_core.shell:Creating package script '/home/simpletime/Project/learn02_pcl_spin/install/cpp02_nav_pcl/share/cpp02_nav_pcl/package.bash'
[8.716s] INFO:colcon.colcon_core.shell:Creating package script '/home/simpletime/Project/learn02_pcl_spin/install/cpp02_nav_pcl/share/cpp02_nav_pcl/package.zsh'
[8.716s] Level 1:colcon.colcon_core.environment:create_file_with_runtime_dependencies(/home/simpletime/Project/learn02_pcl_spin/install/cpp02_nav_pcl/share/colcon-core/packages/cpp02_nav_pcl)
[8.717s] DEBUG:colcon.colcon_parallel_executor.executor.parallel:closing loop
[8.718s] DEBUG:colcon.colcon_parallel_executor.executor.parallel:loop closed
[8.718s] DEBUG:colcon.colcon_parallel_executor.executor.parallel:run_until_complete finished with '0'
[8.718s] DEBUG:colcon.colcon_core.event_reactor:joining thread
[8.763s] INFO:colcon.colcon_core.plugin_system:Skipping extension 'colcon_notification.desktop_notification.notify_send': Could not find 'notify-send'
[8.764s] INFO:colcon.colcon_core.plugin_system:Skipping extension 'colcon_notification.desktop_notification.terminal_notifier': Not used on non-Darwin systems
[8.764s] INFO:colcon.colcon_core.plugin_system:Skipping extension 'colcon_notification.desktop_notification.win32': Not used on non-Windows systems
[8.764s] INFO:colcon.colcon_notification.desktop_notification:Sending desktop notification using 'notify2'
[8.765s] DEBUG:colcon.colcon_notification.desktop_notification.notify2:Failed to initialize notify2: org.freedesktop.DBus.Error.ServiceUnknown: The name org.freedesktop.Notifications was not provided by any .service files
[8.766s] DEBUG:colcon.colcon_core.event_reactor:joined thread
[8.766s] INFO:colcon.colcon_core.shell:Creating prefix script '/home/simpletime/Project/learn02_pcl_spin/install/local_setup.ps1'
[8.767s] INFO:colcon.colcon_core.shell:Creating prefix util module '/home/simpletime/Project/learn02_pcl_spin/install/_local_setup_util_ps1.py'
[8.769s] INFO:colcon.colcon_core.shell:Creating prefix chain script '/home/simpletime/Project/learn02_pcl_spin/install/setup.ps1'
[8.770s] INFO:colcon.colcon_core.shell:Creating prefix script '/home/simpletime/Project/learn02_pcl_spin/install/local_setup.sh'
[8.771s] INFO:colcon.colcon_core.shell:Creating prefix util module '/home/simpletime/Project/learn02_pcl_spin/install/_local_setup_util_sh.py'
[8.772s] INFO:colcon.colcon_core.shell:Creating prefix chain script '/home/simpletime/Project/learn02_pcl_spin/install/setup.sh'
[8.773s] INFO:colcon.colcon_core.shell:Creating prefix script '/home/simpletime/Project/learn02_pcl_spin/install/local_setup.bash'
[8.773s] INFO:colcon.colcon_core.shell:Creating prefix chain script '/home/simpletime/Project/learn02_pcl_spin/install/setup.bash'
[8.775s] INFO:colcon.colcon_core.shell:Creating prefix script '/home/simpletime/Project/learn02_pcl_spin/install/local_setup.zsh'
[8.775s] INFO:colcon.colcon_core.shell:Creating prefix chain script '/home/simpletime/Project/learn02_pcl_spin/install/setup.zsh'
