[0.011s] Invoking command in '/home/simpletime/project01_book/build/base_interfaces': CMAKE_PREFIX_PATH=${CMAKE_PREFIX_PATH}:/opt/ros/humble /usr/bin/cmake --build /home/simpletime/project01_book/build/base_interfaces -- -j4 -l4
[0.042s] Invoked command in '/home/simpletime/project01_book/build/base_interfaces' returned '0': CMAKE_PREFIX_PATH=${CMAKE_PREFIX_PATH}:/opt/ros/humble /usr/bin/cmake --build /home/simpletime/project01_book/build/base_interfaces -- -j4 -l4
[0.068s] Invoking command in '/home/simpletime/project01_book/build/base_interfaces': CMAKE_PREFIX_PATH=${CMAKE_PREFIX_PATH}:/opt/ros/humble /usr/bin/cmake --install /home/simpletime/project01_book/build/base_interfaces
[0.073s] -- Install configuration: ""
[0.073s] -- Up-to-date: /home/simpletime/project01_book/install/base_interfaces/share/ament_index/resource_index/package_run_dependencies/base_interfaces
[0.073s] -- Up-to-date: /home/simpletime/project01_book/install/base_interfaces/share/ament_index/resource_index/parent_prefix_path/base_interfaces
[0.073s] -- Up-to-date: /home/simpletime/project01_book/install/base_interfaces/share/base_interfaces/environment/ament_prefix_path.sh
[0.073s] -- Up-to-date: /home/simpletime/project01_book/install/base_interfaces/share/base_interfaces/environment/ament_prefix_path.dsv
[0.073s] -- Up-to-date: /home/simpletime/project01_book/install/base_interfaces/share/base_interfaces/environment/path.sh
[0.073s] -- Up-to-date: /home/simpletime/project01_book/install/base_interfaces/share/base_interfaces/environment/path.dsv
[0.073s] -- Up-to-date: /home/simpletime/project01_book/install/base_interfaces/share/base_interfaces/local_setup.bash
[0.073s] -- Up-to-date: /home/simpletime/project01_book/install/base_interfaces/share/base_interfaces/local_setup.sh
[0.073s] -- Up-to-date: /home/simpletime/project01_book/install/base_interfaces/share/base_interfaces/local_setup.zsh
[0.073s] -- Up-to-date: /home/simpletime/project01_book/install/base_interfaces/share/base_interfaces/local_setup.dsv
[0.073s] -- Installing: /home/simpletime/project01_book/install/base_interfaces/share/base_interfaces/package.dsv
[0.073s] -- Up-to-date: /home/simpletime/project01_book/install/base_interfaces/share/ament_index/resource_index/packages/base_interfaces
[0.073s] -- Up-to-date: /home/simpletime/project01_book/install/base_interfaces/share/base_interfaces/cmake/base_interfacesConfig.cmake
[0.074s] -- Up-to-date: /home/simpletime/project01_book/install/base_interfaces/share/base_interfaces/cmake/base_interfacesConfig-version.cmake
[0.074s] -- Up-to-date: /home/simpletime/project01_book/install/base_interfaces/share/base_interfaces/package.xml
[0.076s] Invoked command in '/home/simpletime/project01_book/build/base_interfaces' returned '0': CMAKE_PREFIX_PATH=${CMAKE_PREFIX_PATH}:/opt/ros/humble /usr/bin/cmake --install /home/simpletime/project01_book/build/base_interfaces
