[0.006s] Invoking command in '/home/simpletime/project02_gameservice/build/base_interfaces': CMAKE_PREFIX_PATH=/opt/ros/humble /usr/bin/cmake /home/simpletime/project02_gameservice/src/base_interfaces -DCMAKE_INSTALL_PREFIX=/home/simpletime/project02_gameservice/install/base_interfaces
[0.146s] -- The C compiler identification is GNU 11.4.0
[0.280s] -- The CXX compiler identification is GNU 11.4.0
[0.290s] -- Detecting C compiler ABI info
[0.350s] -- Detecting C compiler ABI info - done
[0.354s] -- Check for working C compiler: /usr/bin/cc - skipped
[0.354s] -- Detecting C compile features
[0.355s] -- Detecting C compile features - done
[0.358s] -- Detecting CXX compiler ABI info
[0.426s] -- Detecting CXX compiler ABI info - done
[0.430s] -- Check for working CXX compiler: /usr/bin/c++ - skipped
[0.430s] -- Detecting CXX compile features
[0.430s] -- Detecting CXX compile features - done
[0.435s] -- Found ament_cmake: 1.3.10 (/opt/ros/humble/share/ament_cmake/cmake)
[0.544s] -- Found Python3: /usr/bin/python3 (found version "3.10.12") found components: Interpreter 
[0.618s] -- Found ament_lint_auto: 0.12.11 (/opt/ros/humble/share/ament_lint_auto/cmake)
[0.673s] -- Added test 'lint_cmake' to check CMake code style
[0.674s] -- Added test 'xmllint' to check XML markup files
[0.675s] -- Configuring done
[0.678s] -- Generating done
[0.678s] -- Build files have been written to: /home/simpletime/project02_gameservice/build/base_interfaces
[0.682s] Invoked command in '/home/simpletime/project02_gameservice/build/base_interfaces' returned '0': CMAKE_PREFIX_PATH=/opt/ros/humble /usr/bin/cmake /home/simpletime/project02_gameservice/src/base_interfaces -DCMAKE_INSTALL_PREFIX=/home/simpletime/project02_gameservice/install/base_interfaces
[0.683s] Invoking command in '/home/simpletime/project02_gameservice/build/base_interfaces': CMAKE_PREFIX_PATH=/opt/ros/humble /usr/bin/cmake --build /home/simpletime/project02_gameservice/build/base_interfaces -- -j4 -l4
[0.711s] Invoked command in '/home/simpletime/project02_gameservice/build/base_interfaces' returned '0': CMAKE_PREFIX_PATH=/opt/ros/humble /usr/bin/cmake --build /home/simpletime/project02_gameservice/build/base_interfaces -- -j4 -l4
[0.733s] Invoking command in '/home/simpletime/project02_gameservice/build/base_interfaces': CMAKE_PREFIX_PATH=/opt/ros/humble /usr/bin/cmake --install /home/simpletime/project02_gameservice/build/base_interfaces
[0.738s] -- Install configuration: ""
[0.738s] -- Installing: /home/simpletime/project02_gameservice/install/base_interfaces/share/ament_index/resource_index/package_run_dependencies/base_interfaces
[0.738s] -- Installing: /home/simpletime/project02_gameservice/install/base_interfaces/share/ament_index/resource_index/parent_prefix_path/base_interfaces
[0.738s] -- Installing: /home/simpletime/project02_gameservice/install/base_interfaces/share/base_interfaces/environment/ament_prefix_path.sh
[0.739s] -- Installing: /home/simpletime/project02_gameservice/install/base_interfaces/share/base_interfaces/environment/ament_prefix_path.dsv
[0.739s] -- Installing: /home/simpletime/project02_gameservice/install/base_interfaces/share/base_interfaces/environment/path.sh
[0.739s] -- Installing: /home/simpletime/project02_gameservice/install/base_interfaces/share/base_interfaces/environment/path.dsv
[0.739s] -- Installing: /home/simpletime/project02_gameservice/install/base_interfaces/share/base_interfaces/local_setup.bash
[0.739s] -- Installing: /home/simpletime/project02_gameservice/install/base_interfaces/share/base_interfaces/local_setup.sh
[0.739s] -- Installing: /home/simpletime/project02_gameservice/install/base_interfaces/share/base_interfaces/local_setup.zsh
[0.739s] -- Installing: /home/simpletime/project02_gameservice/install/base_interfaces/share/base_interfaces/local_setup.dsv
[0.739s] -- Installing: /home/simpletime/project02_gameservice/install/base_interfaces/share/base_interfaces/package.dsv
[0.739s] -- Installing: /home/simpletime/project02_gameservice/install/base_interfaces/share/ament_index/resource_index/packages/base_interfaces
[0.740s] -- Installing: /home/simpletime/project02_gameservice/install/base_interfaces/share/base_interfaces/cmake/base_interfacesConfig.cmake
[0.740s] -- Installing: /home/simpletime/project02_gameservice/install/base_interfaces/share/base_interfaces/cmake/base_interfacesConfig-version.cmake
[0.740s] -- Installing: /home/simpletime/project02_gameservice/install/base_interfaces/share/base_interfaces/package.xml
[0.741s] Invoked command in '/home/simpletime/project02_gameservice/build/base_interfaces' returned '0': CMAKE_PREFIX_PATH=/opt/ros/humble /usr/bin/cmake --install /home/simpletime/project02_gameservice/build/base_interfaces
