[0.026s] Invoking command in '/home/simpletime/ws01_plumbing/build/cpp03_action': AMENT_PREFIX_PATH=/home/simpletime/ws01_plumbing/install/base_interfaces_demo:${AMENT_PREFIX_PATH} CMAKE_PREFIX_PATH=/home/simpletime/ws01_plumbing/install/base_interfaces_demo:/opt/ros/humble LD_LIBRARY_PATH=/home/simpletime/ws01_plumbing/install/base_interfaces_demo/lib:${LD_LIBRARY_PATH} PYTHONPATH=/home/simpletime/ws01_plumbing/install/base_interfaces_demo/local/lib/python3.10/dist-packages:${PYTHONPATH} /usr/bin/cmake --build /home/simpletime/ws01_plumbing/build/cpp03_action -- -j4 -l4
[0.156s] [35m[1mConsolidate compiler generated dependencies of target demo01_action_server[0m
[0.157s] [ 25%] [32mBuilding CXX object CMakeFiles/demo01_action_server.dir/src/demo01_action_server.cpp.o[0m
[0.177s] [ 75%] Built target demo02_action_client
[2.743s] [100%] [32m[1mLinking CXX executable demo01_action_server[0m
[2.854s] [100%] Built target demo01_action_server
[2.863s] Invoked command in '/home/simpletime/ws01_plumbing/build/cpp03_action' returned '0': AMENT_PREFIX_PATH=/home/simpletime/ws01_plumbing/install/base_interfaces_demo:${AMENT_PREFIX_PATH} CMAKE_PREFIX_PATH=/home/simpletime/ws01_plumbing/install/base_interfaces_demo:/opt/ros/humble LD_LIBRARY_PATH=/home/simpletime/ws01_plumbing/install/base_interfaces_demo/lib:${LD_LIBRARY_PATH} PYTHONPATH=/home/simpletime/ws01_plumbing/install/base_interfaces_demo/local/lib/python3.10/dist-packages:${PYTHONPATH} /usr/bin/cmake --build /home/simpletime/ws01_plumbing/build/cpp03_action -- -j4 -l4
[2.890s] Invoking command in '/home/simpletime/ws01_plumbing/build/cpp03_action': AMENT_PREFIX_PATH=/home/simpletime/ws01_plumbing/install/base_interfaces_demo:${AMENT_PREFIX_PATH} CMAKE_PREFIX_PATH=/home/simpletime/ws01_plumbing/install/base_interfaces_demo:/opt/ros/humble LD_LIBRARY_PATH=/home/simpletime/ws01_plumbing/install/base_interfaces_demo/lib:${LD_LIBRARY_PATH} PYTHONPATH=/home/simpletime/ws01_plumbing/install/base_interfaces_demo/local/lib/python3.10/dist-packages:${PYTHONPATH} /usr/bin/cmake --install /home/simpletime/ws01_plumbing/build/cpp03_action
[2.897s] -- Install configuration: ""
[2.897s] -- Installing: /home/simpletime/ws01_plumbing/install/cpp03_action/lib/cpp03_action/demo01_action_server
[2.897s] -- Set runtime path of "/home/simpletime/ws01_plumbing/install/cpp03_action/lib/cpp03_action/demo01_action_server" to ""
[2.897s] -- Up-to-date: /home/simpletime/ws01_plumbing/install/cpp03_action/lib/cpp03_action/demo02_action_client
[2.897s] -- Up-to-date: /home/simpletime/ws01_plumbing/install/cpp03_action/share/ament_index/resource_index/package_run_dependencies/cpp03_action
[2.897s] -- Up-to-date: /home/simpletime/ws01_plumbing/install/cpp03_action/share/ament_index/resource_index/parent_prefix_path/cpp03_action
[2.897s] -- Up-to-date: /home/simpletime/ws01_plumbing/install/cpp03_action/share/cpp03_action/environment/ament_prefix_path.sh
[2.897s] -- Up-to-date: /home/simpletime/ws01_plumbing/install/cpp03_action/share/cpp03_action/environment/ament_prefix_path.dsv
[2.897s] -- Up-to-date: /home/simpletime/ws01_plumbing/install/cpp03_action/share/cpp03_action/environment/path.sh
[2.897s] -- Up-to-date: /home/simpletime/ws01_plumbing/install/cpp03_action/share/cpp03_action/environment/path.dsv
[2.897s] -- Up-to-date: /home/simpletime/ws01_plumbing/install/cpp03_action/share/cpp03_action/local_setup.bash
[2.897s] -- Up-to-date: /home/simpletime/ws01_plumbing/install/cpp03_action/share/cpp03_action/local_setup.sh
[2.897s] -- Up-to-date: /home/simpletime/ws01_plumbing/install/cpp03_action/share/cpp03_action/local_setup.zsh
[2.898s] -- Up-to-date: /home/simpletime/ws01_plumbing/install/cpp03_action/share/cpp03_action/local_setup.dsv
[2.898s] -- Installing: /home/simpletime/ws01_plumbing/install/cpp03_action/share/cpp03_action/package.dsv
[2.899s] -- Up-to-date: /home/simpletime/ws01_plumbing/install/cpp03_action/share/ament_index/resource_index/packages/cpp03_action
[2.900s] -- Up-to-date: /home/simpletime/ws01_plumbing/install/cpp03_action/share/cpp03_action/cmake/cpp03_actionConfig.cmake
[2.900s] -- Up-to-date: /home/simpletime/ws01_plumbing/install/cpp03_action/share/cpp03_action/cmake/cpp03_actionConfig-version.cmake
[2.900s] -- Up-to-date: /home/simpletime/ws01_plumbing/install/cpp03_action/share/cpp03_action/package.xml
[2.901s] Invoked command in '/home/simpletime/ws01_plumbing/build/cpp03_action' returned '0': AMENT_PREFIX_PATH=/home/simpletime/ws01_plumbing/install/base_interfaces_demo:${AMENT_PREFIX_PATH} CMAKE_PREFIX_PATH=/home/simpletime/ws01_plumbing/install/base_interfaces_demo:/opt/ros/humble LD_LIBRARY_PATH=/home/simpletime/ws01_plumbing/install/base_interfaces_demo/lib:${LD_LIBRARY_PATH} PYTHONPATH=/home/simpletime/ws01_plumbing/install/base_interfaces_demo/local/lib/python3.10/dist-packages:${PYTHONPATH} /usr/bin/cmake --install /home/simpletime/ws01_plumbing/build/cpp03_action
