[0.009s] Invoking command in '/home/simpletime/ws01_plumbing/build/cpp04_param': CMAKE_PREFIX_PATH=${CMAKE_PREFIX_PATH}:/opt/ros/humble /usr/bin/cmake --build /home/simpletime/ws01_plumbing/build/cpp04_param -- -j4 -l4
[0.054s] [35m[1mConsolidate compiler generated dependencies of target demo01_param_server[0m
[0.072s] [ 33%] Built target demo00_param
[0.078s] [ 66%] Built target demo01_param_server
[0.078s] [100%] Built target demo02_param_client
[0.093s] Invoked command in '/home/simpletime/ws01_plumbing/build/cpp04_param' returned '0': CMAKE_PREFIX_PATH=${CMAKE_PREFIX_PATH}:/opt/ros/humble /usr/bin/cmake --build /home/simpletime/ws01_plumbing/build/cpp04_param -- -j4 -l4
[0.156s] Invoking command in '/home/simpletime/ws01_plumbing/build/cpp04_param': CMAKE_PREFIX_PATH=${CMAKE_PREFIX_PATH}:/opt/ros/humble /usr/bin/cmake --install /home/simpletime/ws01_plumbing/build/cpp04_param
[0.168s] -- Install configuration: ""
[0.169s] -- Up-to-date: /home/simpletime/ws01_plumbing/install/cpp04_param/lib/cpp04_param/demo00_param
[0.169s] -- Up-to-date: /home/simpletime/ws01_plumbing/install/cpp04_param/lib/cpp04_param/demo01_param_server
[0.170s] -- Up-to-date: /home/simpletime/ws01_plumbing/install/cpp04_param/lib/cpp04_param/demo02_param_client
[0.170s] -- Up-to-date: /home/simpletime/ws01_plumbing/install/cpp04_param/share/ament_index/resource_index/package_run_dependencies/cpp04_param
[0.170s] -- Up-to-date: /home/simpletime/ws01_plumbing/install/cpp04_param/share/ament_index/resource_index/parent_prefix_path/cpp04_param
[0.170s] -- Up-to-date: /home/simpletime/ws01_plumbing/install/cpp04_param/share/cpp04_param/environment/ament_prefix_path.sh
[0.170s] -- Up-to-date: /home/simpletime/ws01_plumbing/install/cpp04_param/share/cpp04_param/environment/ament_prefix_path.dsv
[0.170s] -- Up-to-date: /home/simpletime/ws01_plumbing/install/cpp04_param/share/cpp04_param/environment/path.sh
[0.170s] -- Up-to-date: /home/simpletime/ws01_plumbing/install/cpp04_param/share/cpp04_param/environment/path.dsv
[0.171s] -- Up-to-date: /home/simpletime/ws01_plumbing/install/cpp04_param/share/cpp04_param/local_setup.bash
[0.171s] -- Up-to-date: /home/simpletime/ws01_plumbing/install/cpp04_param/share/cpp04_param/local_setup.sh
[0.171s] -- Up-to-date: /home/simpletime/ws01_plumbing/install/cpp04_param/share/cpp04_param/local_setup.zsh
[0.171s] -- Up-to-date: /home/simpletime/ws01_plumbing/install/cpp04_param/share/cpp04_param/local_setup.dsv
[0.171s] -- Installing: /home/simpletime/ws01_plumbing/install/cpp04_param/share/cpp04_param/package.dsv
[0.171s] -- Up-to-date: /home/simpletime/ws01_plumbing/install/cpp04_param/share/ament_index/resource_index/packages/cpp04_param
[0.171s] -- Up-to-date: /home/simpletime/ws01_plumbing/install/cpp04_param/share/cpp04_param/cmake/cpp04_paramConfig.cmake
[0.171s] -- Up-to-date: /home/simpletime/ws01_plumbing/install/cpp04_param/share/cpp04_param/cmake/cpp04_paramConfig-version.cmake
[0.171s] -- Up-to-date: /home/simpletime/ws01_plumbing/install/cpp04_param/share/cpp04_param/package.xml
[0.173s] Invoked command in '/home/simpletime/ws01_plumbing/build/cpp04_param' returned '0': CMAKE_PREFIX_PATH=${CMAKE_PREFIX_PATH}:/opt/ros/humble /usr/bin/cmake --install /home/simpletime/ws01_plumbing/build/cpp04_param
