[0.509s] Invoking command in '/home/simpletime/ws01_plumbing/src/py01_topic': AMENT_PREFIX_PATH=/home/simpletime/ws01_plumbing/install/base_interfaces_demo:${AMENT_PREFIX_PATH} CMAKE_PREFIX_PATH=/home/simpletime/ws01_plumbing/install/base_interfaces_demo LD_LIBRARY_PATH=/home/simpletime/ws01_plumbing/install/base_interfaces_demo/lib:${LD_LIBRARY_PATH} PYTHONPATH=/home/simpletime/ws01_plumbing/build/py01_topic/prefix_override:/usr/lib/python3/dist-packages/colcon_core/task/python/colcon_distutils_commands:/home/simpletime/ws01_plumbing/install/py01_topic/lib/python3.10/site-packages:/home/simpletime/ws01_plumbing/install/base_interfaces_demo/local/lib/python3.10/dist-packages:${PYTHONPATH} /usr/bin/python3 -W ignore:setup.py install is deprecated setup.py egg_info --egg-base ../../build/py01_topic build --build-base /home/simpletime/ws01_plumbing/build/py01_topic/build install --record /home/simpletime/ws01_plumbing/build/py01_topic/install.log --single-version-externally-managed install_data
[0.790s] running egg_info
[0.790s] writing ../../build/py01_topic/py01_topic.egg-info/PKG-INFO
[0.792s] writing dependency_links to ../../build/py01_topic/py01_topic.egg-info/dependency_links.txt
[0.792s] writing entry points to ../../build/py01_topic/py01_topic.egg-info/entry_points.txt
[0.793s] writing requirements to ../../build/py01_topic/py01_topic.egg-info/requires.txt
[0.793s] writing top-level names to ../../build/py01_topic/py01_topic.egg-info/top_level.txt
[0.795s] reading manifest file '../../build/py01_topic/py01_topic.egg-info/SOURCES.txt'
[0.798s] writing manifest file '../../build/py01_topic/py01_topic.egg-info/SOURCES.txt'
[0.799s] running build
[0.799s] running build_py
[0.800s] running install
[0.800s] running install_lib
[0.809s] running install_data
[0.810s] running install_egg_info
[0.811s] removing '/home/simpletime/ws01_plumbing/install/py01_topic/lib/python3.10/site-packages/py01_topic-0.0.0-py3.10.egg-info' (and everything under it)
[0.813s] Copying ../../build/py01_topic/py01_topic.egg-info to /home/simpletime/ws01_plumbing/install/py01_topic/lib/python3.10/site-packages/py01_topic-0.0.0-py3.10.egg-info
[0.821s] running install_scripts
[0.850s] Installing demo01_talker_str_py script to /home/simpletime/ws01_plumbing/install/py01_topic/lib/py01_topic
[0.850s] Installing demo02_listener_str_py script to /home/simpletime/ws01_plumbing/install/py01_topic/lib/py01_topic
[0.851s] writing list of installed files to '/home/simpletime/ws01_plumbing/build/py01_topic/install.log'
[0.933s] Invoked command in '/home/simpletime/ws01_plumbing/src/py01_topic' returned '0': AMENT_PREFIX_PATH=/home/simpletime/ws01_plumbing/install/base_interfaces_demo:${AMENT_PREFIX_PATH} CMAKE_PREFIX_PATH=/home/simpletime/ws01_plumbing/install/base_interfaces_demo LD_LIBRARY_PATH=/home/simpletime/ws01_plumbing/install/base_interfaces_demo/lib:${LD_LIBRARY_PATH} PYTHONPATH=/home/simpletime/ws01_plumbing/build/py01_topic/prefix_override:/usr/lib/python3/dist-packages/colcon_core/task/python/colcon_distutils_commands:/home/simpletime/ws01_plumbing/install/py01_topic/lib/python3.10/site-packages:/home/simpletime/ws01_plumbing/install/base_interfaces_demo/local/lib/python3.10/dist-packages:${PYTHONPATH} /usr/bin/python3 -W ignore:setup.py install is deprecated setup.py egg_info --egg-base ../../build/py01_topic build --build-base /home/simpletime/ws01_plumbing/build/py01_topic/build install --record /home/simpletime/ws01_plumbing/build/py01_topic/install.log --single-version-externally-managed install_data
