[0.014s] Invoking command in '/home/simpletime/Project/proj_ws_pcl/build/pcl_reg': /usr/bin/cmake /home/simpletime/Project/proj_ws_pcl/src/pcl -DCMAKE_INSTALL_PREFIX=/home/simpletime/Project/proj_ws_pcl/install/pcl_reg
[0.165s] -- The C compiler identification is GNU 11.4.0
[0.512s] -- The CXX compiler identification is GNU 11.4.0
[0.776s] -- Detecting C compiler ABI info
[0.899s] -- Detecting C compiler ABI info - done
[0.906s] -- Check for working C compiler: /usr/bin/cc - skipped
[0.907s] -- Detecting C compile features
[0.908s] -- Detecting C compile features - done
[0.911s] -- Detecting CXX compiler ABI info
[1.043s] -- Detecting CXX compiler ABI info - done
[1.049s] -- Check for working CXX compiler: /usr/bin/c++ - skipped
[1.049s] -- Detecting CXX compile features
[1.049s] -- Detecting CXX compile features - done
[1.055s] -- Found ament_cmake: 1.3.10 (/opt/ros/humble/share/ament_cmake/cmake)
[1.192s] -- Found Python3: /usr/bin/python3 (found version "3.10.12") found components: Interpreter 
[1.291s] -- Found rclcpp: 16.0.10 (/opt/ros/humble/share/rclcpp/cmake)
[1.428s] -- Found rosidl_generator_c: 3.1.5 (/opt/ros/humble/share/rosidl_generator_c/cmake)
[1.435s] -- Found rosidl_adapter: 3.1.5 (/opt/ros/humble/share/rosidl_adapter/cmake)
[1.445s] -- Found rosidl_generator_cpp: 3.1.5 (/opt/ros/humble/share/rosidl_generator_cpp/cmake)
[1.460s] -- Using all available rosidl_typesupport_c: rosidl_typesupport_fastrtps_c;rosidl_typesupport_introspection_c
[1.478s] -- Using all available rosidl_typesupport_cpp: rosidl_typesupport_fastrtps_cpp;rosidl_typesupport_introspection_cpp
[1.562s] -- Found rmw_implementation_cmake: 6.1.2 (/opt/ros/humble/share/rmw_implementation_cmake/cmake)
[1.566s] -- Found rmw_fastrtps_cpp: 6.2.7 (/opt/ros/humble/share/rmw_fastrtps_cpp/cmake)
[2.541s] -- Found OpenSSL: /usr/lib/x86_64-linux-gnu/libcrypto.so (found version "3.0.2")  
[3.539s] -- Found FastRTPS: /opt/ros/humble/include  
[5.307s] -- Using RMW implementation 'rmw_fastrtps_cpp' as default
[5.319s] -- Looking for pthread.h
[5.447s] -- Looking for pthread.h - found
[5.447s] -- Performing Test CMAKE_HAVE_LIBC_PTHREAD
[5.570s] -- Performing Test CMAKE_HAVE_LIBC_PTHREAD - Success
[5.571s] -- Found Threads: TRUE  
[5.633s] -- Found sensor_msgs: 4.2.4 (/opt/ros/humble/share/sensor_msgs/cmake)
[5.688s] -- Checking for module 'eigen3'
[5.699s] --   Found eigen3, version 3.4.0
[5.724s] -- Found Eigen: /usr/include/eigen3 (Required is at least version "3.1") 
[5.725s] -- Eigen found (include: /usr/include/eigen3, version: 3.4.0)
[5.739s] -- Found Boost: /usr/lib/x86_64-linux-gnu/cmake/Boost-1.74.0/BoostConfig.cmake (found suitable version "1.74.0", minimum required is "1.65.0") found components: system filesystem date_time iostreams serialization 
[6.633s] -- Checking for module 'flann'
[6.645s] --   Found flann, version 1.9.1
[6.922s] -- Found FLANN: /usr/lib/x86_64-linux-gnu/libflann_cpp.so  
[6.922s] -- FLANN found (include: /usr/include, lib: /usr/lib/x86_64-linux-gnu/libflann_cpp.so)
[6.956s] -- Found GLEW: /usr/lib/x86_64-linux-gnu/libGLEW.so  
[7.019s] -- Found OpenGL: /usr/lib/x86_64-linux-gnu/libOpenGL.so  found components: OpenGL GLX 
[7.204s] -- Found MPI_C: /usr/lib/x86_64-linux-gnu/libmpi.so (found version "3.1") 
[7.204s] -- Found MPI: TRUE (found version "3.1") found components: C 
[7.206s] -- Found JsonCpp: /usr/lib/x86_64-linux-gnu/libjsoncpp.so (found suitable version "1.9.5", minimum required is "0.7.0") 
[7.525s] -- Found ZLIB: /usr/lib/x86_64-linux-gnu/libz.so (found version "1.2.11") 
[7.935s] -- Found PNG: /usr/lib/x86_64-linux-gnu/libpng.so (found version "1.6.37") 
[7.950s] -- Found Eigen3: /usr/include/eigen3 (found version "3.4.0") 
[8.893s] -- Found X11: /usr/include   
[8.893s] -- Looking for XOpenDisplay in /usr/lib/x86_64-linux-gnu/libX11.so;/usr/lib/x86_64-linux-gnu/libXext.so
[9.022s] -- Looking for XOpenDisplay in /usr/lib/x86_64-linux-gnu/libX11.so;/usr/lib/x86_64-linux-gnu/libXext.so - found
[9.022s] -- Looking for gethostbyname
[9.141s] -- Looking for gethostbyname - found
[9.141s] -- Looking for connect
[9.259s] -- Looking for connect - found
[9.259s] -- Looking for remove
[9.370s] -- Looking for remove - found
[9.370s] -- Looking for shmat
[9.482s] -- Looking for shmat - found
[9.482s] -- Looking for IceConnectionNumber in ICE
[9.593s] -- Looking for IceConnectionNumber in ICE - found
[10.334s] -- Found EXPAT: /usr/lib/x86_64-linux-gnu/libexpat.so (found version "2.4.7") 
[10.335s] -- Found double-conversion: /usr/lib/x86_64-linux-gnu/libdouble-conversion.so  
[10.337s] -- Found LZ4: /usr/lib/x86_64-linux-gnu/liblz4.so (found version "1.9.3") 
[10.338s] -- Found LZMA: /usr/lib/x86_64-linux-gnu/liblzma.so (found version "5.2.5") 
[10.453s] -- Found JPEG: /usr/lib/x86_64-linux-gnu/libjpeg.so (found version "80") 
[10.565s] -- Found TIFF: /usr/lib/x86_64-linux-gnu/libtiff.so (found version "4.3.0")  
[10.570s] -- Found Freetype: /usr/lib/x86_64-linux-gnu/libfreetype.so (found version "2.11.1") 
[10.575s] -- Found utf8cpp: /usr/include/utf8cpp  
[10.638s] -- Checking for module 'libusb-1.0'
[10.650s] --   Found libusb-1.0, version 1.0.25
[10.731s] -- Found libusb: /usr/lib/x86_64-linux-gnu/libusb-1.0.so  
[10.732s] -- Found OpenNI: /usr/lib/libOpenNI.so;libusb::libusb (found version "1.5.4.0") 
[10.732s] -- OpenNI found (version: 1.5.4.0, include: /usr/include/ni, lib: /usr/lib/libOpenNI.so;libusb::libusb)
[10.882s] -- Found OpenNI2: /usr/lib/x86_64-linux-gnu/libOpenNI2.so;libusb::libusb (found version "2.2.0.33") 
[10.882s] -- OpenNI2 found (version: 2.2.0.33, include: /usr/include/openni2, lib: /usr/lib/x86_64-linux-gnu/libOpenNI2.so;libusb::libusb)
[10.882s] [0m** WARNING ** io features related to pcap will be disabled[0m
[12.400s] -- Eigen found (include: /usr/include/eigen3, version: 3.4.0)
[12.405s] -- OpenNI found (version: 1.5.4.0, include: /usr/include/ni, lib: /usr/lib/libOpenNI.so;libusb::libusb)
[12.410s] -- OpenNI2 found (version: 2.2.0.33, include: /usr/include/openni2, lib: /usr/lib/x86_64-linux-gnu/libOpenNI2.so;libusb::libusb)
[13.895s] -- Found Qhull version 8.0.2
[15.460s] -- OpenNI found (version: 1.5.4.0, include: /usr/include/ni, lib: /usr/lib/libOpenNI.so;libusb::libusb)
[17.015s] -- looking for PCL_COMMON
[17.015s] -- Found PCL_COMMON: /usr/lib/x86_64-linux-gnu/libpcl_common.so  
[17.016s] -- looking for PCL_KDTREE
[17.016s] -- Found PCL_KDTREE: /usr/lib/x86_64-linux-gnu/libpcl_kdtree.so  
[17.017s] -- looking for PCL_OCTREE
[17.017s] -- Found PCL_OCTREE: /usr/lib/x86_64-linux-gnu/libpcl_octree.so  
[17.017s] -- looking for PCL_SEARCH
[17.018s] -- Found PCL_SEARCH: /usr/lib/x86_64-linux-gnu/libpcl_search.so  
[17.018s] -- looking for PCL_SAMPLE_CONSENSUS
[17.018s] -- Found PCL_SAMPLE_CONSENSUS: /usr/lib/x86_64-linux-gnu/libpcl_sample_consensus.so  
[17.019s] -- looking for PCL_FILTERS
[17.019s] -- Found PCL_FILTERS: /usr/lib/x86_64-linux-gnu/libpcl_filters.so  
[17.019s] -- looking for PCL_2D
[17.019s] -- Found PCL_2D: /usr/include/pcl-1.12  
[17.020s] -- looking for PCL_GEOMETRY
[17.020s] -- Found PCL_GEOMETRY: /usr/include/pcl-1.12  
[17.020s] -- looking for PCL_IO
[17.020s] -- Found PCL_IO: /usr/lib/x86_64-linux-gnu/libpcl_io.so  
[17.021s] -- looking for PCL_FEATURES
[17.021s] -- Found PCL_FEATURES: /usr/lib/x86_64-linux-gnu/libpcl_features.so  
[17.021s] -- looking for PCL_ML
[17.022s] -- Found PCL_ML: /usr/lib/x86_64-linux-gnu/libpcl_ml.so  
[17.022s] -- looking for PCL_SEGMENTATION
[17.023s] -- Found PCL_SEGMENTATION: /usr/lib/x86_64-linux-gnu/libpcl_segmentation.so  
[17.023s] -- looking for PCL_VISUALIZATION
[17.024s] -- Found PCL_VISUALIZATION: /usr/lib/x86_64-linux-gnu/libpcl_visualization.so  
[17.024s] -- looking for PCL_SURFACE
[17.024s] -- Found PCL_SURFACE: /usr/lib/x86_64-linux-gnu/libpcl_surface.so  
[17.025s] -- looking for PCL_REGISTRATION
[17.025s] -- Found PCL_REGISTRATION: /usr/lib/x86_64-linux-gnu/libpcl_registration.so  
[17.025s] -- looking for PCL_KEYPOINTS
[17.026s] -- Found PCL_KEYPOINTS: /usr/lib/x86_64-linux-gnu/libpcl_keypoints.so  
[17.026s] -- looking for PCL_TRACKING
[17.027s] -- Found PCL_TRACKING: /usr/lib/x86_64-linux-gnu/libpcl_tracking.so  
[17.027s] -- looking for PCL_RECOGNITION
[17.027s] -- Found PCL_RECOGNITION: /usr/lib/x86_64-linux-gnu/libpcl_recognition.so  
[17.027s] -- looking for PCL_STEREO
[17.028s] -- Found PCL_STEREO: /usr/lib/x86_64-linux-gnu/libpcl_stereo.so  
[17.028s] -- looking for PCL_APPS
[17.029s] -- Found PCL_APPS: /usr/lib/x86_64-linux-gnu/libpcl_apps.so  
[17.029s] -- looking for PCL_IN_HAND_SCANNER
[17.029s] -- Found PCL_IN_HAND_SCANNER: /usr/include/pcl-1.12  
[17.029s] -- looking for PCL_MODELER
[17.030s] -- Found PCL_MODELER: /usr/include/pcl-1.12  
[17.030s] -- looking for PCL_POINT_CLOUD_EDITOR
[17.032s] -- Found PCL_POINT_CLOUD_EDITOR: /usr/include/pcl-1.12  
[17.032s] -- looking for PCL_OUTOFCORE
[17.033s] -- Found PCL_OUTOFCORE: /usr/lib/x86_64-linux-gnu/libpcl_outofcore.so  
[17.033s] -- looking for PCL_PEOPLE
[17.033s] -- Found PCL_PEOPLE: /usr/lib/x86_64-linux-gnu/libpcl_people.so  
[17.034s] -- Found PCL: pcl_common;pcl_kdtree;pcl_octree;pcl_search;pcl_sample_consensus;pcl_filters;pcl_io;pcl_features;pcl_ml;pcl_segmentation;pcl_visualization;pcl_surface;pcl_registration;pcl_keypoints;pcl_tracking;pcl_recognition;pcl_stereo;pcl_apps;pcl_outofcore;pcl_people;Boost::system;Boost::filesystem;Boost::date_time;Boost::iostreams;Boost::serialization;/usr/lib/libOpenNI.so;libusb::libusb;/usr/lib/x86_64-linux-gnu/libOpenNI2.so;libusb::libusb;VTK::ChartsCore;VTK::CommonColor;VTK::CommonComputationalGeometry;VTK::CommonCore;VTK::CommonDataModel;VTK::CommonExecutionModel;VTK::CommonMath;VTK::CommonMisc;VTK::CommonTransforms;VTK::FiltersCore;VTK::FiltersExtraction;VTK::FiltersGeneral;VTK::FiltersGeometry;VTK::FiltersModeling;VTK::FiltersSources;VTK::ImagingCore;VTK::ImagingSources;VTK::InteractionImage;VTK::InteractionStyle;VTK::InteractionWidgets;VTK::IOCore;VTK::IOGeometry;VTK::IOImage;VTK::IOLegacy;VTK::IOPLY;VTK::RenderingAnnotation;VTK::RenderingCore;VTK::RenderingContext2D;VTK::RenderingLOD;VTK::RenderingFreeType;VTK::ViewsCore;VTK::ViewsContext2D;VTK::RenderingOpenGL2;VTK::GUISupportQt;FLANN::FLANN;QHULL::QHULL  
[17.036s] -- Found rviz2: 11.2.13 (/opt/ros/humble/share/rviz2/cmake)
[17.038s] -- Found ament_lint_auto: 0.12.11 (/opt/ros/humble/share/ament_lint_auto/cmake)
[17.083s] Error parsing '/home/simpletime/Project/proj_ws_pcl/src/pcl/package.xml':
[17.146s] Traceback (most recent call last):
[17.146s]   File "/opt/ros/humble/share/ament_cmake_core/cmake/core/package_xml_2_cmake.py", line 150, in <module>
[17.146s]     main()
[17.146s]   File "/opt/ros/humble/share/ament_cmake_core/cmake/core/package_xml_2_cmake.py", line 53, in main
[17.146s]     raise e
[17.146s]   File "/opt/ros/humble/share/ament_cmake_core/cmake/core/package_xml_2_cmake.py", line 49, in main
[17.146s]     package = parse_package_string(
[17.147s]   File "/usr/lib/python3/dist-packages/catkin_pkg/package.py", line 788, in parse_package_string
[17.147s]     pkg.validate(warnings=warnings)
[17.147s]   File "/usr/lib/python3/dist-packages/catkin_pkg/package.py", line 330, in validate
[17.147s]     raise InvalidPackage('\n'.join(errors), self.filename)
[17.147s] catkin_pkg.package.InvalidPackage: Error(s) in package '/home/simpletime/Project/proj_ws_pcl/src/pcl/package.xml':
[17.147s] The package "pcl" must not "build_depend" on a package with the same name as this package
[17.147s] The package "pcl" must not "build_export_depend" on a package with the same name as this package
[17.148s] The package "pcl" must not "exec_depend" on a package with the same name as this package
[17.167s] [31mCMake Error at /opt/ros/humble/share/ament_cmake_core/cmake/core/ament_package_xml.cmake:95 (message):
[17.168s]   execute_process(/usr/bin/python3
[17.168s]   /opt/ros/humble/share/ament_cmake_core/cmake/core/package_xml_2_cmake.py
[17.168s]   /home/simpletime/Project/proj_ws_pcl/src/pcl/package.xml
[17.168s]   /home/simpletime/Project/proj_ws_pcl/build/pcl_reg/ament_cmake_core/package.cmake)
[17.168s]   returned error code 1
[17.168s] Call Stack (most recent call first):
[17.168s]   /opt/ros/humble/share/ament_cmake_core/cmake/core/ament_package_xml.cmake:49 (_ament_package_xml)
[17.168s]   /opt/ros/humble/share/ament_lint_auto/cmake/ament_lint_auto_find_test_dependencies.cmake:31 (ament_package_xml)
[17.168s]   CMakeLists.txt:84 (ament_lint_auto_find_test_dependencies)
[17.169s] 
[17.169s] [0m
[17.169s] -- Configuring incomplete, errors occurred!
[17.169s] See also "/home/simpletime/Project/proj_ws_pcl/build/pcl_reg/CMakeFiles/CMakeOutput.log".
[17.195s] Invoked command in '/home/simpletime/Project/proj_ws_pcl/build/pcl_reg' returned '1': /usr/bin/cmake /home/simpletime/Project/proj_ws_pcl/src/pcl -DCMAKE_INSTALL_PREFIX=/home/simpletime/Project/proj_ws_pcl/install/pcl_reg
