[0.038s] Invoking command in '/home/simpletime/Project/learn02_pcl_spin/build/cpp02_nav_pcl': CMAKE_PREFIX_PATH=${CMAKE_PREFIX_PATH}:/opt/ros/humble /usr/bin/cmake --build /home/simpletime/Project/learn02_pcl_spin/build/cpp02_nav_pcl -- -j32 -l32
[0.302s] [ 50%] Built target demo01_pcl_pub
[0.302s] [100%] Built target demo02_pcl_listener
[0.326s] Invoked command in '/home/simpletime/Project/learn02_pcl_spin/build/cpp02_nav_pcl' returned '0': CMAKE_PREFIX_PATH=${CMAKE_PREFIX_PATH}:/opt/ros/humble /usr/bin/cmake --build /home/simpletime/Project/learn02_pcl_spin/build/cpp02_nav_pcl -- -j32 -l32
[0.401s] Invoking command in '/home/simpletime/Project/learn02_pcl_spin/build/cpp02_nav_pcl': CMAKE_PREFIX_PATH=${CMAKE_PREFIX_PATH}:/opt/ros/humble /usr/bin/cmake --install /home/simpletime/Project/learn02_pcl_spin/build/cpp02_nav_pcl
[0.411s] -- Install configuration: ""
[0.411s] -- Up-to-date: /home/simpletime/Project/learn02_pcl_spin/install/cpp02_nav_pcl/share/cpp02_nav_pcl/launch
[0.411s] -- Up-to-date: /home/simpletime/Project/learn02_pcl_spin/install/cpp02_nav_pcl/share/cpp02_nav_pcl/launch/cpp02.xml
[0.413s] -- Up-to-date: /home/simpletime/Project/learn02_pcl_spin/install/cpp02_nav_pcl/lib/cpp02_nav_pcl/demo01_pcl_pub
[0.415s] -- Up-to-date: /home/simpletime/Project/learn02_pcl_spin/install/cpp02_nav_pcl/lib/cpp02_nav_pcl/demo02_pcl_listener
[0.415s] -- Up-to-date: /home/simpletime/Project/learn02_pcl_spin/install/cpp02_nav_pcl/share/ament_index/resource_index/package_run_dependencies/cpp02_nav_pcl
[0.416s] -- Up-to-date: /home/simpletime/Project/learn02_pcl_spin/install/cpp02_nav_pcl/share/ament_index/resource_index/parent_prefix_path/cpp02_nav_pcl
[0.417s] -- Up-to-date: /home/simpletime/Project/learn02_pcl_spin/install/cpp02_nav_pcl/share/cpp02_nav_pcl/environment/ament_prefix_path.sh
[0.417s] -- Up-to-date: /home/simpletime/Project/learn02_pcl_spin/install/cpp02_nav_pcl/share/cpp02_nav_pcl/environment/ament_prefix_path.dsv
[0.418s] -- Up-to-date: /home/simpletime/Project/learn02_pcl_spin/install/cpp02_nav_pcl/share/cpp02_nav_pcl/environment/path.sh
[0.418s] -- Up-to-date: /home/simpletime/Project/learn02_pcl_spin/install/cpp02_nav_pcl/share/cpp02_nav_pcl/environment/path.dsv
[0.418s] -- Up-to-date: /home/simpletime/Project/learn02_pcl_spin/install/cpp02_nav_pcl/share/cpp02_nav_pcl/local_setup.bash
[0.418s] -- Up-to-date: /home/simpletime/Project/learn02_pcl_spin/install/cpp02_nav_pcl/share/cpp02_nav_pcl/local_setup.sh
[0.418s] -- Up-to-date: /home/simpletime/Project/learn02_pcl_spin/install/cpp02_nav_pcl/share/cpp02_nav_pcl/local_setup.zsh
[0.418s] -- Up-to-date: /home/simpletime/Project/learn02_pcl_spin/install/cpp02_nav_pcl/share/cpp02_nav_pcl/local_setup.dsv
[0.419s] -- Up-to-date: /home/simpletime/Project/learn02_pcl_spin/install/cpp02_nav_pcl/share/cpp02_nav_pcl/package.dsv
[0.419s] -- Up-to-date: /home/simpletime/Project/learn02_pcl_spin/install/cpp02_nav_pcl/share/ament_index/resource_index/packages/cpp02_nav_pcl
[0.419s] -- Up-to-date: /home/simpletime/Project/learn02_pcl_spin/install/cpp02_nav_pcl/share/cpp02_nav_pcl/cmake/cpp02_nav_pclConfig.cmake
[0.419s] -- Up-to-date: /home/simpletime/Project/learn02_pcl_spin/install/cpp02_nav_pcl/share/cpp02_nav_pcl/cmake/cpp02_nav_pclConfig-version.cmake
[0.419s] -- Up-to-date: /home/simpletime/Project/learn02_pcl_spin/install/cpp02_nav_pcl/share/cpp02_nav_pcl/package.xml
[0.422s] Invoked command in '/home/simpletime/Project/learn02_pcl_spin/build/cpp02_nav_pcl' returned '0': CMAKE_PREFIX_PATH=${CMAKE_PREFIX_PATH}:/opt/ros/humble /usr/bin/cmake --install /home/simpletime/Project/learn02_pcl_spin/build/cpp02_nav_pcl
