[0.024s] Invoking command in '/home/simpletime/ws01_plumbing/build/cpp02_service': AMENT_PREFIX_PATH=/home/simpletime/ws01_plumbing/install/base_interfaces_demo:${AMENT_PREFIX_PATH} CMAKE_PREFIX_PATH=/home/simpletime/ws01_plumbing/install/base_interfaces_demo:/opt/ros/humble LD_LIBRARY_PATH=/home/simpletime/ws01_plumbing/install/base_interfaces_demo/lib:${LD_LIBRARY_PATH} PYTHONPATH=/home/simpletime/ws01_plumbing/install/base_interfaces_demo/local/lib/python3.10/dist-packages:${PYTHONPATH} /usr/bin/cmake --build /home/simpletime/ws01_plumbing/build/cpp02_service -- -j4 -l4
[0.240s] [ 50%] Built target demo01_server
[0.241s] [100%] Built target demo02_client
[0.315s] Invoked command in '/home/simpletime/ws01_plumbing/build/cpp02_service' returned '0': AMENT_PREFIX_PATH=/home/simpletime/ws01_plumbing/install/base_interfaces_demo:${AMENT_PREFIX_PATH} CMAKE_PREFIX_PATH=/home/simpletime/ws01_plumbing/install/base_interfaces_demo:/opt/ros/humble LD_LIBRARY_PATH=/home/simpletime/ws01_plumbing/install/base_interfaces_demo/lib:${LD_LIBRARY_PATH} PYTHONPATH=/home/simpletime/ws01_plumbing/install/base_interfaces_demo/local/lib/python3.10/dist-packages:${PYTHONPATH} /usr/bin/cmake --build /home/simpletime/ws01_plumbing/build/cpp02_service -- -j4 -l4
[0.356s] Invoking command in '/home/simpletime/ws01_plumbing/build/cpp02_service': AMENT_PREFIX_PATH=/home/simpletime/ws01_plumbing/install/base_interfaces_demo:${AMENT_PREFIX_PATH} CMAKE_PREFIX_PATH=/home/simpletime/ws01_plumbing/install/base_interfaces_demo:/opt/ros/humble LD_LIBRARY_PATH=/home/simpletime/ws01_plumbing/install/base_interfaces_demo/lib:${LD_LIBRARY_PATH} PYTHONPATH=/home/simpletime/ws01_plumbing/install/base_interfaces_demo/local/lib/python3.10/dist-packages:${PYTHONPATH} /usr/bin/cmake --install /home/simpletime/ws01_plumbing/build/cpp02_service
[0.366s] -- Install configuration: ""
[0.366s] -- Up-to-date: /home/simpletime/ws01_plumbing/install/cpp02_service/lib/cpp02_service/demo01_server
[0.368s] -- Up-to-date: /home/simpletime/ws01_plumbing/install/cpp02_service/lib/cpp02_service/demo02_client
[0.368s] -- Up-to-date: /home/simpletime/ws01_plumbing/install/cpp02_service/share/ament_index/resource_index/package_run_dependencies/cpp02_service
[0.368s] -- Up-to-date: /home/simpletime/ws01_plumbing/install/cpp02_service/share/ament_index/resource_index/parent_prefix_path/cpp02_service
[0.368s] -- Up-to-date: /home/simpletime/ws01_plumbing/install/cpp02_service/share/cpp02_service/environment/ament_prefix_path.sh
[0.369s] -- Up-to-date: /home/simpletime/ws01_plumbing/install/cpp02_service/share/cpp02_service/environment/ament_prefix_path.dsv
[0.370s] -- Up-to-date: /home/simpletime/ws01_plumbing/install/cpp02_service/share/cpp02_service/environment/path.sh
[0.370s] -- Up-to-date: /home/simpletime/ws01_plumbing/install/cpp02_service/share/cpp02_service/environment/path.dsv
[0.370s] -- Up-to-date: /home/simpletime/ws01_plumbing/install/cpp02_service/share/cpp02_service/local_setup.bash
[0.370s] -- Up-to-date: /home/simpletime/ws01_plumbing/install/cpp02_service/share/cpp02_service/local_setup.sh
[0.370s] -- Up-to-date: /home/simpletime/ws01_plumbing/install/cpp02_service/share/cpp02_service/local_setup.zsh
[0.371s] -- Up-to-date: /home/simpletime/ws01_plumbing/install/cpp02_service/share/cpp02_service/local_setup.dsv
[0.371s] -- Installing: /home/simpletime/ws01_plumbing/install/cpp02_service/share/cpp02_service/package.dsv
[0.375s] -- Up-to-date: /home/simpletime/ws01_plumbing/install/cpp02_service/share/ament_index/resource_index/packages/cpp02_service
[0.375s] -- Up-to-date: /home/simpletime/ws01_plumbing/install/cpp02_service/share/cpp02_service/cmake/cpp02_serviceConfig.cmake
[0.375s] -- Up-to-date: /home/simpletime/ws01_plumbing/install/cpp02_service/share/cpp02_service/cmake/cpp02_serviceConfig-version.cmake
[0.376s] -- Up-to-date: /home/simpletime/ws01_plumbing/install/cpp02_service/share/cpp02_service/package.xml
[0.383s] Invoked command in '/home/simpletime/ws01_plumbing/build/cpp02_service' returned '0': AMENT_PREFIX_PATH=/home/simpletime/ws01_plumbing/install/base_interfaces_demo:${AMENT_PREFIX_PATH} CMAKE_PREFIX_PATH=/home/simpletime/ws01_plumbing/install/base_interfaces_demo:/opt/ros/humble LD_LIBRARY_PATH=/home/simpletime/ws01_plumbing/install/base_interfaces_demo/lib:${LD_LIBRARY_PATH} PYTHONPATH=/home/simpletime/ws01_plumbing/install/base_interfaces_demo/local/lib/python3.10/dist-packages:${PYTHONPATH} /usr/bin/cmake --install /home/simpletime/ws01_plumbing/build/cpp02_service
