[0.014s] Invoking command in '/home/simpletime/Project/learn01_tf_pcl/build/cpp01_tf_pcl': CMAKE_PREFIX_PATH=/opt/ros/humble /usr/bin/cmake /home/simpletime/Project/learn01_tf_pcl/src/cpp01_tf_pcl -DCMAKE_INSTALL_PREFIX=/home/simpletime/Project/learn01_tf_pcl/install/cpp01_tf_pcl
[0.233s] -- The C compiler identification is GNU 11.4.0
[0.630s] -- The CXX compiler identification is GNU 11.4.0
[0.859s] -- Detecting C compiler ABI info
[0.982s] -- Detecting C compiler ABI info - done
[0.987s] -- Check for working C compiler: /usr/bin/cc - skipped
[0.987s] -- Detecting C compile features
[0.988s] -- Detecting C compile features - done
[0.992s] -- Detecting CXX compiler ABI info
[1.113s] -- Detecting CXX compiler ABI info - done
[1.118s] -- Check for working CXX compiler: /usr/bin/c++ - skipped
[1.118s] -- Detecting CXX compile features
[1.119s] -- Detecting CXX compile features - done
[1.124s] -- Found ament_cmake: 1.3.10 (/opt/ros/humble/share/ament_cmake/cmake)
[1.238s] -- Found Python3: /usr/bin/python3 (found version "3.10.12") found components: Interpreter 
[1.330s] -- Found rclcpp: 16.0.10 (/opt/ros/humble/share/rclcpp/cmake)
[1.482s] -- Found rosidl_generator_c: 3.1.5 (/opt/ros/humble/share/rosidl_generator_c/cmake)
[1.488s] -- Found rosidl_adapter: 3.1.5 (/opt/ros/humble/share/rosidl_adapter/cmake)
[1.499s] -- Found rosidl_generator_cpp: 3.1.5 (/opt/ros/humble/share/rosidl_generator_cpp/cmake)
[1.515s] -- Using all available rosidl_typesupport_c: rosidl_typesupport_fastrtps_c;rosidl_typesupport_introspection_c
[1.535s] -- Using all available rosidl_typesupport_cpp: rosidl_typesupport_fastrtps_cpp;rosidl_typesupport_introspection_cpp
[1.587s] -- Found rmw_implementation_cmake: 6.1.2 (/opt/ros/humble/share/rmw_implementation_cmake/cmake)
[1.591s] -- Found rmw_fastrtps_cpp: 6.2.7 (/opt/ros/humble/share/rmw_fastrtps_cpp/cmake)
[2.556s] -- Found OpenSSL: /usr/lib/x86_64-linux-gnu/libcrypto.so (found version "3.0.2")  
[3.551s] -- Found FastRTPS: /opt/ros/humble/include  
[5.359s] -- Using RMW implementation 'rmw_fastrtps_cpp' as default
[5.372s] -- Looking for pthread.h
[5.485s] -- Looking for pthread.h - found
[5.485s] -- Performing Test CMAKE_HAVE_LIBC_PTHREAD
[5.596s] -- Performing Test CMAKE_HAVE_LIBC_PTHREAD - Success
[5.597s] -- Found Threads: TRUE  
[5.658s] -- Found tf2: 0.25.8 (/opt/ros/humble/share/tf2/cmake)
[5.685s] -- Found tf2_ros: 0.25.8 (/opt/ros/humble/share/tf2_ros/cmake)
[5.783s] -- Found sensor_msgs: 4.2.4 (/opt/ros/humble/share/sensor_msgs/cmake)
[5.801s] -- Found pcl_conversions: 2.4.5 (/opt/ros/humble/share/pcl_conversions/cmake)
[5.834s] -- Checking for module 'eigen3'
[5.845s] --   Found eigen3, version 3.4.0
[5.873s] -- Found Eigen: /usr/include/eigen3 (Required is at least version "3.1") 
[5.873s] -- Eigen found (include: /usr/include/eigen3, version: 3.4.0)
[6.774s] -- Checking for module 'flann'
[6.785s] --   Found flann, version 1.9.1
[7.074s] -- Found FLANN: /usr/lib/x86_64-linux-gnu/libflann_cpp.so  
[7.074s] -- FLANN found (include: /usr/include, lib: /usr/lib/x86_64-linux-gnu/libflann_cpp.so)
[10.795s] -- Checking for module 'libusb-1.0'
[10.804s] --   Found libusb-1.0, version 1.0.25
[10.886s] -- Found libusb: /usr/lib/x86_64-linux-gnu/libusb-1.0.so  
[10.888s] -- OpenNI found (version: 1.5.4.0, include: /usr/include/ni, lib: /usr/lib/libOpenNI.so;libusb::libusb)
[11.044s] -- OpenNI2 found (version: 2.2.0.33, include: /usr/include/openni2, lib: /usr/lib/x86_64-linux-gnu/libOpenNI2.so;libusb::libusb)
[12.553s] -- Eigen found (include: /usr/include/eigen3, version: 3.4.0)
[12.558s] -- OpenNI found (version: 1.5.4.0, include: /usr/include/ni, lib: /usr/lib/libOpenNI.so;libusb::libusb)
[12.562s] -- OpenNI2 found (version: 2.2.0.33, include: /usr/include/openni2, lib: /usr/lib/x86_64-linux-gnu/libOpenNI2.so;libusb::libusb)
[14.074s] -- Found Qhull version 8.0.2
[15.576s] -- OpenNI found (version: 1.5.4.0, include: /usr/include/ni, lib: /usr/lib/libOpenNI.so;libusb::libusb)
[17.051s] -- Found PCL_COMMON: /usr/lib/x86_64-linux-gnu/libpcl_common.so  
[17.051s] -- Found PCL_KDTREE: /usr/lib/x86_64-linux-gnu/libpcl_kdtree.so  
[17.051s] -- Found PCL_OCTREE: /usr/lib/x86_64-linux-gnu/libpcl_octree.so  
[17.052s] -- Found PCL_SEARCH: /usr/lib/x86_64-linux-gnu/libpcl_search.so  
[17.052s] -- Found PCL_SAMPLE_CONSENSUS: /usr/lib/x86_64-linux-gnu/libpcl_sample_consensus.so  
[17.053s] -- Found PCL_FILTERS: /usr/lib/x86_64-linux-gnu/libpcl_filters.so  
[17.053s] -- Found PCL_2D: /usr/include/pcl-1.12  
[17.053s] -- Found PCL_GEOMETRY: /usr/include/pcl-1.12  
[17.054s] -- Found PCL_IO: /usr/lib/x86_64-linux-gnu/libpcl_io.so  
[17.055s] -- Found PCL_FEATURES: /usr/lib/x86_64-linux-gnu/libpcl_features.so  
[17.055s] -- Found PCL_ML: /usr/lib/x86_64-linux-gnu/libpcl_ml.so  
[17.056s] -- Found PCL_SEGMENTATION: /usr/lib/x86_64-linux-gnu/libpcl_segmentation.so  
[17.056s] -- Found PCL_VISUALIZATION: /usr/lib/x86_64-linux-gnu/libpcl_visualization.so  
[17.057s] -- Found PCL_SURFACE: /usr/lib/x86_64-linux-gnu/libpcl_surface.so  
[17.058s] -- Found PCL_REGISTRATION: /usr/lib/x86_64-linux-gnu/libpcl_registration.so  
[17.059s] -- Found PCL_KEYPOINTS: /usr/lib/x86_64-linux-gnu/libpcl_keypoints.so  
[17.059s] -- Found PCL_TRACKING: /usr/lib/x86_64-linux-gnu/libpcl_tracking.so  
[17.060s] -- Found PCL_RECOGNITION: /usr/lib/x86_64-linux-gnu/libpcl_recognition.so  
[17.060s] -- Found PCL_STEREO: /usr/lib/x86_64-linux-gnu/libpcl_stereo.so  
[17.061s] -- Found PCL_APPS: /usr/lib/x86_64-linux-gnu/libpcl_apps.so  
[17.061s] -- Found PCL_IN_HAND_SCANNER: /usr/include/pcl-1.12  
[17.062s] -- Found PCL_MODELER: /usr/include/pcl-1.12  
[17.062s] -- Found PCL_POINT_CLOUD_EDITOR: /usr/include/pcl-1.12  
[17.063s] -- Found PCL_OUTOFCORE: /usr/lib/x86_64-linux-gnu/libpcl_outofcore.so  
[17.063s] -- Found PCL_PEOPLE: /usr/lib/x86_64-linux-gnu/libpcl_people.so  
[17.078s] -- Found ament_lint_auto: 0.12.11 (/opt/ros/humble/share/ament_lint_auto/cmake)
[17.145s] -- Added test 'cppcheck' to perform static code analysis on C / C++ code
[17.145s] -- Configured cppcheck include dirs: $<BUILD_INTERFACE:/home/simpletime/Project/learn01_tf_pcl/src/cpp01_tf_pcl/include>
[17.145s] -- Configured cppcheck exclude dirs and/or files: 
[17.146s] -- Added test 'lint_cmake' to check CMake code style
[17.147s] -- Added test 'uncrustify' to check C / C++ code style
[17.147s] -- Configured uncrustify additional arguments: 
[17.147s] -- Added test 'xmllint' to check XML markup files
[17.149s] -- Configuring done
[17.232s] -- Generating done
[17.234s] -- Build files have been written to: /home/simpletime/Project/learn01_tf_pcl/build/cpp01_tf_pcl
[17.253s] Invoked command in '/home/simpletime/Project/learn01_tf_pcl/build/cpp01_tf_pcl' returned '0': CMAKE_PREFIX_PATH=/opt/ros/humble /usr/bin/cmake /home/simpletime/Project/learn01_tf_pcl/src/cpp01_tf_pcl -DCMAKE_INSTALL_PREFIX=/home/simpletime/Project/learn01_tf_pcl/install/cpp01_tf_pcl
[17.255s] Invoking command in '/home/simpletime/Project/learn01_tf_pcl/build/cpp01_tf_pcl': CMAKE_PREFIX_PATH=/opt/ros/humble /usr/bin/cmake --build /home/simpletime/Project/learn01_tf_pcl/build/cpp01_tf_pcl -- -j32 -l32
[17.292s] [ 50%] [32mBuilding CXX object CMakeFiles/node01_tf_pcl.dir/src/node01_tf_pcl.cpp.o[0m
[20.217s] [100%] [32m[1mLinking CXX executable node01_tf_pcl[0m
[20.745s] [100%] Built target node01_tf_pcl
[20.754s] Invoked command in '/home/simpletime/Project/learn01_tf_pcl/build/cpp01_tf_pcl' returned '0': CMAKE_PREFIX_PATH=/opt/ros/humble /usr/bin/cmake --build /home/simpletime/Project/learn01_tf_pcl/build/cpp01_tf_pcl -- -j32 -l32
[20.782s] Invoking command in '/home/simpletime/Project/learn01_tf_pcl/build/cpp01_tf_pcl': CMAKE_PREFIX_PATH=/opt/ros/humble /usr/bin/cmake --install /home/simpletime/Project/learn01_tf_pcl/build/cpp01_tf_pcl
[20.786s] -- Install configuration: ""
[20.787s] -- Installing: /home/simpletime/Project/learn01_tf_pcl/install/cpp01_tf_pcl/lib/cpp01_tf_pcl/node01_tf_pcl
[20.789s] -- Set runtime path of "/home/simpletime/Project/learn01_tf_pcl/install/cpp01_tf_pcl/lib/cpp01_tf_pcl/node01_tf_pcl" to ""
[20.790s] -- Installing: /home/simpletime/Project/learn01_tf_pcl/install/cpp01_tf_pcl/share/ament_index/resource_index/package_run_dependencies/cpp01_tf_pcl
[20.790s] -- Installing: /home/simpletime/Project/learn01_tf_pcl/install/cpp01_tf_pcl/share/ament_index/resource_index/parent_prefix_path/cpp01_tf_pcl
[20.791s] -- Installing: /home/simpletime/Project/learn01_tf_pcl/install/cpp01_tf_pcl/share/cpp01_tf_pcl/environment/ament_prefix_path.sh
[20.791s] -- Installing: /home/simpletime/Project/learn01_tf_pcl/install/cpp01_tf_pcl/share/cpp01_tf_pcl/environment/ament_prefix_path.dsv
[20.791s] -- Installing: /home/simpletime/Project/learn01_tf_pcl/install/cpp01_tf_pcl/share/cpp01_tf_pcl/environment/path.sh
[20.791s] -- Installing: /home/simpletime/Project/learn01_tf_pcl/install/cpp01_tf_pcl/share/cpp01_tf_pcl/environment/path.dsv
[20.791s] -- Installing: /home/simpletime/Project/learn01_tf_pcl/install/cpp01_tf_pcl/share/cpp01_tf_pcl/local_setup.bash
[20.791s] -- Installing: /home/simpletime/Project/learn01_tf_pcl/install/cpp01_tf_pcl/share/cpp01_tf_pcl/local_setup.sh
[20.792s] -- Installing: /home/simpletime/Project/learn01_tf_pcl/install/cpp01_tf_pcl/share/cpp01_tf_pcl/local_setup.zsh
[20.792s] -- Installing: /home/simpletime/Project/learn01_tf_pcl/install/cpp01_tf_pcl/share/cpp01_tf_pcl/local_setup.dsv
[20.792s] -- Installing: /home/simpletime/Project/learn01_tf_pcl/install/cpp01_tf_pcl/share/cpp01_tf_pcl/package.dsv
[20.792s] -- Installing: /home/simpletime/Project/learn01_tf_pcl/install/cpp01_tf_pcl/share/ament_index/resource_index/packages/cpp01_tf_pcl
[20.793s] -- Installing: /home/simpletime/Project/learn01_tf_pcl/install/cpp01_tf_pcl/share/cpp01_tf_pcl/cmake/cpp01_tf_pclConfig.cmake
[20.793s] -- Installing: /home/simpletime/Project/learn01_tf_pcl/install/cpp01_tf_pcl/share/cpp01_tf_pcl/cmake/cpp01_tf_pclConfig-version.cmake
[20.793s] -- Installing: /home/simpletime/Project/learn01_tf_pcl/install/cpp01_tf_pcl/share/cpp01_tf_pcl/package.xml
[20.795s] Invoked command in '/home/simpletime/Project/learn01_tf_pcl/build/cpp01_tf_pcl' returned '0': CMAKE_PREFIX_PATH=/opt/ros/humble /usr/bin/cmake --install /home/simpletime/Project/learn01_tf_pcl/build/cpp01_tf_pcl
