[0.009s] Invoking command in '/home/simpletime/practice/src/build/base_interface': CMAKE_PREFIX_PATH=/opt/ros/humble /usr/bin/cmake --build /home/simpletime/practice/src/build/base_interface -- -j4 -l4
[0.043s] [35m[1mConsolidate compiler generated dependencies of target base_interface__rosidl_generator_c[0m
[0.051s] [ 12%] Built target base_interface__rosidl_generator_c
[0.051s] [ 12%] Built target base_interface__cpp
[0.057s] [ 12%] Built target ament_cmake_python_copy_base_interface
[0.059s] [35m[1mConsolidate compiler generated dependencies of target base_interface__rosidl_typesupport_fastrtps_c[0m
[0.059s] [35m[1mConsolidate compiler generated dependencies of target base_interface__rosidl_typesupport_introspection_c[0m
[0.060s] [35m[1mConsolidate compiler generated dependencies of target base_interface__rosidl_typesupport_c[0m
[0.070s] [35m[1mConsolidate compiler generated dependencies of target base_interface__rosidl_typesupport_introspection_cpp[0m
[0.074s] [ 25%] Built target base_interface__rosidl_typesupport_fastrtps_c
[0.074s] [ 32%] Built target base_interface__rosidl_typesupport_introspection_c
[0.074s] [ 41%] Built target base_interface__rosidl_typesupport_c
[0.085s] [35m[1mConsolidate compiler generated dependencies of target base_interface__rosidl_typesupport_cpp[0m
[0.085s] [ 51%] Built target base_interface__rosidl_typesupport_introspection_cpp
[0.089s] [35m[1mConsolidate compiler generated dependencies of target base_interface__rosidl_typesupport_fastrtps_cpp[0m
[0.094s] [ 61%] Built target base_interface__rosidl_typesupport_cpp
[0.101s] [ 70%] Built target base_interface__rosidl_typesupport_fastrtps_cpp
[0.118s] [ 70%] Built target base_interface
[0.137s] [ 74%] Built target base_interface__py
[0.147s] [35m[1mConsolidate compiler generated dependencies of target base_interface__rosidl_generator_py[0m
[0.161s] [ 80%] Built target base_interface__rosidl_generator_py
[0.175s] [35m[1mConsolidate compiler generated dependencies of target base_interface__rosidl_typesupport_c__pyext[0m
[0.175s] [35m[1mConsolidate compiler generated dependencies of target base_interface__rosidl_typesupport_introspection_c__pyext[0m
[0.175s] [35m[1mConsolidate compiler generated dependencies of target base_interface__rosidl_typesupport_fastrtps_c__pyext[0m
[0.184s] [ 87%] Built target base_interface__rosidl_typesupport_introspection_c__pyext
[0.185s] [ 93%] Built target base_interface__rosidl_typesupport_fastrtps_c__pyext
[0.191s] [100%] Built target base_interface__rosidl_typesupport_c__pyext
[0.219s] running egg_info
[0.220s] writing base_interface.egg-info/PKG-INFO
[0.220s] writing dependency_links to base_interface.egg-info/dependency_links.txt
[0.221s] writing top-level names to base_interface.egg-info/top_level.txt
[0.222s] reading manifest file 'base_interface.egg-info/SOURCES.txt'
[0.222s] writing manifest file 'base_interface.egg-info/SOURCES.txt'
[0.244s] [100%] Built target ament_cmake_python_build_base_interface_egg
[0.256s] Invoked command in '/home/simpletime/practice/src/build/base_interface' returned '0': CMAKE_PREFIX_PATH=/opt/ros/humble /usr/bin/cmake --build /home/simpletime/practice/src/build/base_interface -- -j4 -l4
[0.320s] Invoking command in '/home/simpletime/practice/src/build/base_interface': CMAKE_PREFIX_PATH=/opt/ros/humble /usr/bin/cmake --install /home/simpletime/practice/src/build/base_interface
[0.326s] -- Install configuration: ""
[0.327s] -- Up-to-date: /home/simpletime/practice/src/install/base_interface/share/ament_index/resource_index/rosidl_interfaces/base_interface
[0.327s] -- Up-to-date: /home/simpletime/practice/src/install/base_interface/include/base_interface/base_interface
[0.328s] -- Up-to-date: /home/simpletime/practice/src/install/base_interface/include/base_interface/base_interface/msg
[0.328s] -- Up-to-date: /home/simpletime/practice/src/install/base_interface/include/base_interface/base_interface/msg/example.h
[0.328s] -- Up-to-date: /home/simpletime/practice/src/install/base_interface/include/base_interface/base_interface/msg/detail
[0.328s] -- Up-to-date: /home/simpletime/practice/src/install/base_interface/include/base_interface/base_interface/msg/detail/example__struct.h
[0.328s] -- Up-to-date: /home/simpletime/practice/src/install/base_interface/include/base_interface/base_interface/msg/detail/example__functions.c
[0.328s] -- Up-to-date: /home/simpletime/practice/src/install/base_interface/include/base_interface/base_interface/msg/detail/example__functions.h
[0.328s] -- Up-to-date: /home/simpletime/practice/src/install/base_interface/include/base_interface/base_interface/msg/detail/example__type_support.h
[0.328s] -- Up-to-date: /home/simpletime/practice/src/install/base_interface/include/base_interface/base_interface/msg/rosidl_generator_c__visibility_control.h
[0.328s] -- Up-to-date: /home/simpletime/practice/src/install/base_interface/share/base_interface/environment/library_path.sh
[0.328s] -- Up-to-date: /home/simpletime/practice/src/install/base_interface/share/base_interface/environment/library_path.dsv
[0.328s] -- Up-to-date: /home/simpletime/practice/src/install/base_interface/lib/libbase_interface__rosidl_generator_c.so
[0.328s] -- Up-to-date: /home/simpletime/practice/src/install/base_interface/include/base_interface/base_interface
[0.328s] -- Up-to-date: /home/simpletime/practice/src/install/base_interface/include/base_interface/base_interface/msg
[0.328s] -- Up-to-date: /home/simpletime/practice/src/install/base_interface/include/base_interface/base_interface/msg/detail
[0.328s] -- Up-to-date: /home/simpletime/practice/src/install/base_interface/include/base_interface/base_interface/msg/detail/example__rosidl_typesupport_fastrtps_c.h
[0.328s] -- Up-to-date: /home/simpletime/practice/src/install/base_interface/include/base_interface/base_interface/msg/rosidl_typesupport_fastrtps_c__visibility_control.h
[0.328s] -- Up-to-date: /home/simpletime/practice/src/install/base_interface/lib/libbase_interface__rosidl_typesupport_fastrtps_c.so
[0.328s] -- Up-to-date: /home/simpletime/practice/src/install/base_interface/include/base_interface/base_interface
[0.328s] -- Up-to-date: /home/simpletime/practice/src/install/base_interface/include/base_interface/base_interface/msg
[0.328s] -- Up-to-date: /home/simpletime/practice/src/install/base_interface/include/base_interface/base_interface/msg/detail
[0.328s] -- Up-to-date: /home/simpletime/practice/src/install/base_interface/include/base_interface/base_interface/msg/detail/example__builder.hpp
[0.328s] -- Up-to-date: /home/simpletime/practice/src/install/base_interface/include/base_interface/base_interface/msg/detail/example__traits.hpp
[0.328s] -- Up-to-date: /home/simpletime/practice/src/install/base_interface/include/base_interface/base_interface/msg/detail/example__struct.hpp
[0.328s] -- Up-to-date: /home/simpletime/practice/src/install/base_interface/include/base_interface/base_interface/msg/example.hpp
[0.328s] -- Up-to-date: /home/simpletime/practice/src/install/base_interface/include/base_interface/base_interface
[0.328s] -- Up-to-date: /home/simpletime/practice/src/install/base_interface/include/base_interface/base_interface/msg
[0.328s] -- Up-to-date: /home/simpletime/practice/src/install/base_interface/include/base_interface/base_interface/msg/detail
[0.329s] -- Up-to-date: /home/simpletime/practice/src/install/base_interface/include/base_interface/base_interface/msg/detail/dds_fastrtps
[0.329s] -- Up-to-date: /home/simpletime/practice/src/install/base_interface/include/base_interface/base_interface/msg/detail/example__rosidl_typesupport_fastrtps_cpp.hpp
[0.329s] -- Up-to-date: /home/simpletime/practice/src/install/base_interface/include/base_interface/base_interface/msg/rosidl_typesupport_fastrtps_cpp__visibility_control.h
[0.329s] -- Up-to-date: /home/simpletime/practice/src/install/base_interface/lib/libbase_interface__rosidl_typesupport_fastrtps_cpp.so
[0.329s] -- Up-to-date: /home/simpletime/practice/src/install/base_interface/include/base_interface/base_interface
[0.329s] -- Up-to-date: /home/simpletime/practice/src/install/base_interface/include/base_interface/base_interface/msg
[0.329s] -- Up-to-date: /home/simpletime/practice/src/install/base_interface/include/base_interface/base_interface/msg/rosidl_typesupport_introspection_c__visibility_control.h
[0.329s] -- Up-to-date: /home/simpletime/practice/src/install/base_interface/include/base_interface/base_interface/msg/detail
[0.329s] -- Up-to-date: /home/simpletime/practice/src/install/base_interface/include/base_interface/base_interface/msg/detail/example__type_support.c
[0.329s] -- Up-to-date: /home/simpletime/practice/src/install/base_interface/include/base_interface/base_interface/msg/detail/example__rosidl_typesupport_introspection_c.h
[0.329s] -- Up-to-date: /home/simpletime/practice/src/install/base_interface/lib/libbase_interface__rosidl_typesupport_introspection_c.so
[0.329s] -- Up-to-date: /home/simpletime/practice/src/install/base_interface/lib/libbase_interface__rosidl_typesupport_c.so
[0.329s] -- Up-to-date: /home/simpletime/practice/src/install/base_interface/include/base_interface/base_interface
[0.329s] -- Up-to-date: /home/simpletime/practice/src/install/base_interface/include/base_interface/base_interface/msg
[0.329s] -- Up-to-date: /home/simpletime/practice/src/install/base_interface/include/base_interface/base_interface/msg/detail
[0.329s] -- Up-to-date: /home/simpletime/practice/src/install/base_interface/include/base_interface/base_interface/msg/detail/example__type_support.cpp
[0.329s] -- Up-to-date: /home/simpletime/practice/src/install/base_interface/include/base_interface/base_interface/msg/detail/example__rosidl_typesupport_introspection_cpp.hpp
[0.330s] -- Up-to-date: /home/simpletime/practice/src/install/base_interface/lib/libbase_interface__rosidl_typesupport_introspection_cpp.so
[0.330s] -- Up-to-date: /home/simpletime/practice/src/install/base_interface/lib/libbase_interface__rosidl_typesupport_cpp.so
[0.330s] -- Up-to-date: /home/simpletime/practice/src/install/base_interface/share/base_interface/environment/pythonpath.sh
[0.330s] -- Up-to-date: /home/simpletime/practice/src/install/base_interface/share/base_interface/environment/pythonpath.dsv
[0.330s] -- Up-to-date: /home/simpletime/practice/src/install/base_interface/local/lib/python3.10/dist-packages/base_interface-0.0.0-py3.10.egg-info
[0.330s] -- Installing: /home/simpletime/practice/src/install/base_interface/local/lib/python3.10/dist-packages/base_interface-0.0.0-py3.10.egg-info/PKG-INFO
[0.330s] -- Installing: /home/simpletime/practice/src/install/base_interface/local/lib/python3.10/dist-packages/base_interface-0.0.0-py3.10.egg-info/SOURCES.txt
[0.330s] -- Installing: /home/simpletime/practice/src/install/base_interface/local/lib/python3.10/dist-packages/base_interface-0.0.0-py3.10.egg-info/dependency_links.txt
[0.330s] -- Installing: /home/simpletime/practice/src/install/base_interface/local/lib/python3.10/dist-packages/base_interface-0.0.0-py3.10.egg-info/top_level.txt
[0.330s] -- Up-to-date: /home/simpletime/practice/src/install/base_interface/local/lib/python3.10/dist-packages/base_interface
[0.330s] -- Up-to-date: /home/simpletime/practice/src/install/base_interface/local/lib/python3.10/dist-packages/base_interface/msg
[0.330s] -- Up-to-date: /home/simpletime/practice/src/install/base_interface/local/lib/python3.10/dist-packages/base_interface/msg/__init__.py
[0.330s] -- Up-to-date: /home/simpletime/practice/src/install/base_interface/local/lib/python3.10/dist-packages/base_interface/msg/_example_s.c
[0.330s] -- Up-to-date: /home/simpletime/practice/src/install/base_interface/local/lib/python3.10/dist-packages/base_interface/msg/_example.py
[0.330s] -- Up-to-date: /home/simpletime/practice/src/install/base_interface/local/lib/python3.10/dist-packages/base_interface/_base_interface_s.ep.rosidl_typesupport_fastrtps_c.c
[0.330s] -- Up-to-date: /home/simpletime/practice/src/install/base_interface/local/lib/python3.10/dist-packages/base_interface/base_interface_s__rosidl_typesupport_fastrtps_c.cpython-310-x86_64-linux-gnu.so
[0.330s] -- Up-to-date: /home/simpletime/practice/src/install/base_interface/local/lib/python3.10/dist-packages/base_interface/__init__.py
[0.330s] -- Up-to-date: /home/simpletime/practice/src/install/base_interface/local/lib/python3.10/dist-packages/base_interface/base_interface_s__rosidl_typesupport_introspection_c.cpython-310-x86_64-linux-gnu.so
[0.330s] -- Up-to-date: /home/simpletime/practice/src/install/base_interface/local/lib/python3.10/dist-packages/base_interface/_base_interface_s.ep.rosidl_typesupport_c.c
[0.330s] -- Up-to-date: /home/simpletime/practice/src/install/base_interface/local/lib/python3.10/dist-packages/base_interface/base_interface_s__rosidl_typesupport_c.cpython-310-x86_64-linux-gnu.so
[0.330s] -- Up-to-date: /home/simpletime/practice/src/install/base_interface/local/lib/python3.10/dist-packages/base_interface/_base_interface_s.ep.rosidl_typesupport_introspection_c.c
[0.331s] -- Up-to-date: /home/simpletime/practice/src/install/base_interface/local/lib/python3.10/dist-packages/base_interface/libbase_interface__rosidl_generator_py.so
[0.351s] Listing '/home/simpletime/practice/src/install/base_interface/local/lib/python3.10/dist-packages/base_interface'...
[0.351s] Listing '/home/simpletime/practice/src/install/base_interface/local/lib/python3.10/dist-packages/base_interface/msg'...
[0.354s] -- Up-to-date: /home/simpletime/practice/src/install/base_interface/local/lib/python3.10/dist-packages/base_interface/base_interface_s__rosidl_typesupport_fastrtps_c.cpython-310-x86_64-linux-gnu.so
[0.354s] -- Up-to-date: /home/simpletime/practice/src/install/base_interface/local/lib/python3.10/dist-packages/base_interface/base_interface_s__rosidl_typesupport_introspection_c.cpython-310-x86_64-linux-gnu.so
[0.354s] -- Up-to-date: /home/simpletime/practice/src/install/base_interface/local/lib/python3.10/dist-packages/base_interface/base_interface_s__rosidl_typesupport_c.cpython-310-x86_64-linux-gnu.so
[0.354s] -- Up-to-date: /home/simpletime/practice/src/install/base_interface/lib/libbase_interface__rosidl_generator_py.so
[0.354s] -- Up-to-date: /home/simpletime/practice/src/install/base_interface/share/base_interface/msg/Example.idl
[0.354s] -- Up-to-date: /home/simpletime/practice/src/install/base_interface/share/base_interface/msg/Example.msg
[0.354s] -- Up-to-date: /home/simpletime/practice/src/install/base_interface/share/ament_index/resource_index/package_run_dependencies/base_interface
[0.354s] -- Up-to-date: /home/simpletime/practice/src/install/base_interface/share/ament_index/resource_index/parent_prefix_path/base_interface
[0.355s] -- Up-to-date: /home/simpletime/practice/src/install/base_interface/share/base_interface/environment/ament_prefix_path.sh
[0.355s] -- Up-to-date: /home/simpletime/practice/src/install/base_interface/share/base_interface/environment/ament_prefix_path.dsv
[0.355s] -- Up-to-date: /home/simpletime/practice/src/install/base_interface/share/base_interface/environment/path.sh
[0.355s] -- Up-to-date: /home/simpletime/practice/src/install/base_interface/share/base_interface/environment/path.dsv
[0.355s] -- Up-to-date: /home/simpletime/practice/src/install/base_interface/share/base_interface/local_setup.bash
[0.355s] -- Up-to-date: /home/simpletime/practice/src/install/base_interface/share/base_interface/local_setup.sh
[0.355s] -- Up-to-date: /home/simpletime/practice/src/install/base_interface/share/base_interface/local_setup.zsh
[0.355s] -- Up-to-date: /home/simpletime/practice/src/install/base_interface/share/base_interface/local_setup.dsv
[0.355s] -- Installing: /home/simpletime/practice/src/install/base_interface/share/base_interface/package.dsv
[0.355s] -- Up-to-date: /home/simpletime/practice/src/install/base_interface/share/ament_index/resource_index/packages/base_interface
[0.355s] -- Up-to-date: /home/simpletime/practice/src/install/base_interface/share/base_interface/cmake/export_base_interface__rosidl_generator_cExport.cmake
[0.355s] -- Up-to-date: /home/simpletime/practice/src/install/base_interface/share/base_interface/cmake/export_base_interface__rosidl_generator_cExport-noconfig.cmake
[0.355s] -- Up-to-date: /home/simpletime/practice/src/install/base_interface/share/base_interface/cmake/export_base_interface__rosidl_typesupport_fastrtps_cExport.cmake
[0.355s] -- Up-to-date: /home/simpletime/practice/src/install/base_interface/share/base_interface/cmake/export_base_interface__rosidl_typesupport_fastrtps_cExport-noconfig.cmake
[0.355s] -- Up-to-date: /home/simpletime/practice/src/install/base_interface/share/base_interface/cmake/export_base_interface__rosidl_generator_cppExport.cmake
[0.355s] -- Up-to-date: /home/simpletime/practice/src/install/base_interface/share/base_interface/cmake/export_base_interface__rosidl_typesupport_fastrtps_cppExport.cmake
[0.355s] -- Up-to-date: /home/simpletime/practice/src/install/base_interface/share/base_interface/cmake/export_base_interface__rosidl_typesupport_fastrtps_cppExport-noconfig.cmake
[0.356s] -- Up-to-date: /home/simpletime/practice/src/install/base_interface/share/base_interface/cmake/base_interface__rosidl_typesupport_introspection_cExport.cmake
[0.356s] -- Up-to-date: /home/simpletime/practice/src/install/base_interface/share/base_interface/cmake/base_interface__rosidl_typesupport_introspection_cExport-noconfig.cmake
[0.356s] -- Up-to-date: /home/simpletime/practice/src/install/base_interface/share/base_interface/cmake/base_interface__rosidl_typesupport_cExport.cmake
[0.356s] -- Up-to-date: /home/simpletime/practice/src/install/base_interface/share/base_interface/cmake/base_interface__rosidl_typesupport_cExport-noconfig.cmake
[0.356s] -- Up-to-date: /home/simpletime/practice/src/install/base_interface/share/base_interface/cmake/base_interface__rosidl_typesupport_introspection_cppExport.cmake
[0.356s] -- Up-to-date: /home/simpletime/practice/src/install/base_interface/share/base_interface/cmake/base_interface__rosidl_typesupport_introspection_cppExport-noconfig.cmake
[0.356s] -- Up-to-date: /home/simpletime/practice/src/install/base_interface/share/base_interface/cmake/base_interface__rosidl_typesupport_cppExport.cmake
[0.356s] -- Up-to-date: /home/simpletime/practice/src/install/base_interface/share/base_interface/cmake/base_interface__rosidl_typesupport_cppExport-noconfig.cmake
[0.356s] -- Up-to-date: /home/simpletime/practice/src/install/base_interface/share/base_interface/cmake/export_base_interface__rosidl_generator_pyExport.cmake
[0.356s] -- Up-to-date: /home/simpletime/practice/src/install/base_interface/share/base_interface/cmake/export_base_interface__rosidl_generator_pyExport-noconfig.cmake
[0.356s] -- Up-to-date: /home/simpletime/practice/src/install/base_interface/share/base_interface/cmake/rosidl_cmake-extras.cmake
[0.356s] -- Up-to-date: /home/simpletime/practice/src/install/base_interface/share/base_interface/cmake/ament_cmake_export_include_directories-extras.cmake
[0.356s] -- Up-to-date: /home/simpletime/practice/src/install/base_interface/share/base_interface/cmake/ament_cmake_export_libraries-extras.cmake
[0.356s] -- Up-to-date: /home/simpletime/practice/src/install/base_interface/share/base_interface/cmake/ament_cmake_export_targets-extras.cmake
[0.356s] -- Up-to-date: /home/simpletime/practice/src/install/base_interface/share/base_interface/cmake/rosidl_cmake_export_typesupport_targets-extras.cmake
[0.357s] -- Up-to-date: /home/simpletime/practice/src/install/base_interface/share/base_interface/cmake/ament_cmake_export_dependencies-extras.cmake
[0.357s] -- Up-to-date: /home/simpletime/practice/src/install/base_interface/share/base_interface/cmake/rosidl_cmake_export_typesupport_libraries-extras.cmake
[0.357s] -- Up-to-date: /home/simpletime/practice/src/install/base_interface/share/base_interface/cmake/base_interfaceConfig.cmake
[0.357s] -- Up-to-date: /home/simpletime/practice/src/install/base_interface/share/base_interface/cmake/base_interfaceConfig-version.cmake
[0.357s] -- Up-to-date: /home/simpletime/practice/src/install/base_interface/share/base_interface/package.xml
[0.360s] Invoked command in '/home/simpletime/practice/src/build/base_interface' returned '0': CMAKE_PREFIX_PATH=/opt/ros/humble /usr/bin/cmake --install /home/simpletime/practice/src/build/base_interface
