[0.010s] Invoking command in '/home/simpletime/project01_book/build/company': CMAKE_PREFIX_PATH=/home/simpletime/project01_book/install/base_interfaces:/home/simpletime/project01_book/install/company:/opt/ros/humble /usr/bin/cmake --build /home/simpletime/project01_book/build/company -- -j4 -l4
[0.081s] [ 16%] [32mBuilding CXX object CMakeFiles/company_b.dir/src/company_b.cpp.o[0m
[0.095s] [ 33%] [32mBuilding CXX object CMakeFiles/company_c.dir/src/company_c.cpp.o[0m
[0.101s] [ 66%] Built target company_a
[7.309s] [ 83%] [32m[1mLinking CXX executable company_b[0m
[7.315s] [100%] [32m[1mLinking CXX executable company_c[0m
[7.602s] [100%] Built target company_c
[7.608s] [100%] Built target company_b
[7.644s] Invoked command in '/home/simpletime/project01_book/build/company' returned '0': CMAKE_PREFIX_PATH=/home/simpletime/project01_book/install/base_interfaces:/home/simpletime/project01_book/install/company:/opt/ros/humble /usr/bin/cmake --build /home/simpletime/project01_book/build/company -- -j4 -l4
[7.702s] Invoking command in '/home/simpletime/project01_book/build/company': CMAKE_PREFIX_PATH=/home/simpletime/project01_book/install/base_interfaces:/home/simpletime/project01_book/install/company:/opt/ros/humble /usr/bin/cmake --install /home/simpletime/project01_book/build/company
[7.714s] -- Install configuration: ""
[7.716s] -- Up-to-date: /home/simpletime/project01_book/install/company/lib/company/company_a
[7.717s] -- Installing: /home/simpletime/project01_book/install/company/lib/company/company_b
[7.724s] -- Set runtime path of "/home/simpletime/project01_book/install/company/lib/company/company_b" to ""
[7.726s] -- Installing: /home/simpletime/project01_book/install/company/lib/company/company_c
[7.731s] -- Set runtime path of "/home/simpletime/project01_book/install/company/lib/company/company_c" to ""
[7.733s] -- Up-to-date: /home/simpletime/project01_book/install/company/share/ament_index/resource_index/package_run_dependencies/company
[7.733s] -- Up-to-date: /home/simpletime/project01_book/install/company/share/ament_index/resource_index/parent_prefix_path/company
[7.735s] -- Up-to-date: /home/simpletime/project01_book/install/company/share/company/environment/ament_prefix_path.sh
[7.735s] -- Up-to-date: /home/simpletime/project01_book/install/company/share/company/environment/ament_prefix_path.dsv
[7.736s] -- Up-to-date: /home/simpletime/project01_book/install/company/share/company/environment/path.sh
[7.736s] -- Up-to-date: /home/simpletime/project01_book/install/company/share/company/environment/path.dsv
[7.736s] -- Up-to-date: /home/simpletime/project01_book/install/company/share/company/local_setup.bash
[7.736s] -- Up-to-date: /home/simpletime/project01_book/install/company/share/company/local_setup.sh
[7.736s] -- Up-to-date: /home/simpletime/project01_book/install/company/share/company/local_setup.zsh
[7.737s] -- Up-to-date: /home/simpletime/project01_book/install/company/share/company/local_setup.dsv
[7.737s] -- Installing: /home/simpletime/project01_book/install/company/share/company/package.dsv
[7.737s] -- Up-to-date: /home/simpletime/project01_book/install/company/share/ament_index/resource_index/packages/company
[7.738s] -- Up-to-date: /home/simpletime/project01_book/install/company/share/company/cmake/companyConfig.cmake
[7.738s] -- Up-to-date: /home/simpletime/project01_book/install/company/share/company/cmake/companyConfig-version.cmake
[7.739s] -- Up-to-date: /home/simpletime/project01_book/install/company/share/company/package.xml
[7.742s] Invoked command in '/home/simpletime/project01_book/build/company' returned '0': CMAKE_PREFIX_PATH=/home/simpletime/project01_book/install/base_interfaces:/home/simpletime/project01_book/install/company:/opt/ros/humble /usr/bin/cmake --install /home/simpletime/project01_book/build/company
