[0.006s] Invoking command in '/home/simpletime/practice/src/build/cpp_topic': AMENT_PREFIX_PATH=/home/simpletime/practice/src/install/base_interface:${AMENT_PREFIX_PATH} CMAKE_PREFIX_PATH=/home/simpletime/practice/src/install/base_interface:/opt/ros/humble LD_LIBRARY_PATH=/home/simpletime/practice/src/install/base_interface/lib:${LD_LIBRARY_PATH} PYTHONPATH=/home/simpletime/practice/src/install/base_interface/local/lib/python3.10/dist-packages:${PYTHONPATH} /usr/bin/cmake /home/simpletime/practice/src/cpp_topic -DCMAKE_INSTALL_PREFIX=/home/simpletime/practice/src/install/cpp_topic
[0.053s] -- The C compiler identification is GNU 11.4.0
[0.097s] -- The CXX compiler identification is GNU 11.4.0
[0.102s] -- Detecting C compiler ABI info
[0.161s] -- Detecting C compiler ABI info - done
[0.164s] -- Check for working C compiler: /usr/bin/cc - skipped
[0.165s] -- Detecting C compile features
[0.165s] -- Detecting C compile features - done
[0.167s] -- Detecting CXX compiler ABI info
[0.233s] -- Detecting CXX compiler ABI info - done
[0.238s] -- Check for working CXX compiler: /usr/bin/c++ - skipped
[0.238s] -- Detecting CXX compile features
[0.239s] -- Detecting CXX compile features - done
[0.241s] -- Found ament_cmake: 1.3.10 (/opt/ros/humble/share/ament_cmake/cmake)
[0.348s] -- Found Python3: /usr/bin/python3 (found version "3.10.12") found components: Interpreter 
[0.405s] -- Found rclcpp: 16.0.10 (/opt/ros/humble/share/rclcpp/cmake)
[0.429s] -- Found rosidl_generator_c: 3.1.5 (/opt/ros/humble/share/rosidl_generator_c/cmake)
[0.432s] -- Found rosidl_adapter: 3.1.5 (/opt/ros/humble/share/rosidl_adapter/cmake)
[0.438s] -- Found rosidl_generator_cpp: 3.1.5 (/opt/ros/humble/share/rosidl_generator_cpp/cmake)
[0.445s] -- Using all available rosidl_typesupport_c: rosidl_typesupport_fastrtps_c;rosidl_typesupport_introspection_c
[0.455s] -- Using all available rosidl_typesupport_cpp: rosidl_typesupport_fastrtps_cpp;rosidl_typesupport_introspection_cpp
[0.484s] -- Found rmw_implementation_cmake: 6.1.2 (/opt/ros/humble/share/rmw_implementation_cmake/cmake)
[0.485s] -- Found rmw_fastrtps_cpp: 6.2.7 (/opt/ros/humble/share/rmw_fastrtps_cpp/cmake)
[0.553s] -- Found OpenSSL: /usr/lib/x86_64-linux-gnu/libcrypto.so (found version "3.0.2")  
[0.572s] -- Found FastRTPS: /opt/ros/humble/include  
[0.600s] -- Using RMW implementation 'rmw_fastrtps_cpp' as default
[0.605s] -- Looking for pthread.h
[0.667s] -- Looking for pthread.h - found
[0.667s] -- Performing Test CMAKE_HAVE_LIBC_PTHREAD
[0.725s] -- Performing Test CMAKE_HAVE_LIBC_PTHREAD - Success
[0.726s] -- Found Threads: TRUE  
[0.756s] -- Found base_interface: 0.0.0 (/home/simpletime/practice/src/install/base_interface/share/base_interface/cmake)
[0.762s] -- Found ament_lint_auto: 0.12.11 (/opt/ros/humble/share/ament_lint_auto/cmake)
[0.822s] -- Added test 'cppcheck' to perform static code analysis on C / C++ code
[0.822s] -- Configured cppcheck include dirs: $<BUILD_INTERFACE:/home/simpletime/practice/src/cpp_topic/include>
[0.822s] -- Configured cppcheck exclude dirs and/or files: 
[0.822s] -- Added test 'lint_cmake' to check CMake code style
[0.824s] -- Added test 'uncrustify' to check C / C++ code style
[0.824s] -- Configured uncrustify additional arguments: 
[0.825s] -- Added test 'xmllint' to check XML markup files
[0.825s] -- Configuring done
[0.833s] -- Generating done
[0.835s] -- Build files have been written to: /home/simpletime/practice/src/build/cpp_topic
[0.843s] Invoked command in '/home/simpletime/practice/src/build/cpp_topic' returned '0': AMENT_PREFIX_PATH=/home/simpletime/practice/src/install/base_interface:${AMENT_PREFIX_PATH} CMAKE_PREFIX_PATH=/home/simpletime/practice/src/install/base_interface:/opt/ros/humble LD_LIBRARY_PATH=/home/simpletime/practice/src/install/base_interface/lib:${LD_LIBRARY_PATH} PYTHONPATH=/home/simpletime/practice/src/install/base_interface/local/lib/python3.10/dist-packages:${PYTHONPATH} /usr/bin/cmake /home/simpletime/practice/src/cpp_topic -DCMAKE_INSTALL_PREFIX=/home/simpletime/practice/src/install/cpp_topic
[0.844s] Invoking command in '/home/simpletime/practice/src/build/cpp_topic': AMENT_PREFIX_PATH=/home/simpletime/practice/src/install/base_interface:${AMENT_PREFIX_PATH} CMAKE_PREFIX_PATH=/home/simpletime/practice/src/install/base_interface:/opt/ros/humble LD_LIBRARY_PATH=/home/simpletime/practice/src/install/base_interface/lib:${LD_LIBRARY_PATH} PYTHONPATH=/home/simpletime/practice/src/install/base_interface/local/lib/python3.10/dist-packages:${PYTHONPATH} /usr/bin/cmake --build /home/simpletime/practice/src/build/cpp_topic -- -j4 -l4
[0.888s] [ 50%] [32mBuilding CXX object CMakeFiles/talker.dir/src/talker.cpp.o[0m
[3.648s] [100%] [32m[1mLinking CXX executable talker[0m
[3.804s] [100%] Built target talker
[3.813s] Invoked command in '/home/simpletime/practice/src/build/cpp_topic' returned '0': AMENT_PREFIX_PATH=/home/simpletime/practice/src/install/base_interface:${AMENT_PREFIX_PATH} CMAKE_PREFIX_PATH=/home/simpletime/practice/src/install/base_interface:/opt/ros/humble LD_LIBRARY_PATH=/home/simpletime/practice/src/install/base_interface/lib:${LD_LIBRARY_PATH} PYTHONPATH=/home/simpletime/practice/src/install/base_interface/local/lib/python3.10/dist-packages:${PYTHONPATH} /usr/bin/cmake --build /home/simpletime/practice/src/build/cpp_topic -- -j4 -l4
[3.837s] Invoking command in '/home/simpletime/practice/src/build/cpp_topic': AMENT_PREFIX_PATH=/home/simpletime/practice/src/install/base_interface:${AMENT_PREFIX_PATH} CMAKE_PREFIX_PATH=/home/simpletime/practice/src/install/base_interface:/opt/ros/humble LD_LIBRARY_PATH=/home/simpletime/practice/src/install/base_interface/lib:${LD_LIBRARY_PATH} PYTHONPATH=/home/simpletime/practice/src/install/base_interface/local/lib/python3.10/dist-packages:${PYTHONPATH} /usr/bin/cmake --install /home/simpletime/practice/src/build/cpp_topic
[3.843s] -- Install configuration: ""
[3.843s] -- Installing: /home/simpletime/practice/src/install/cpp_topic/lib/cpp_topic/talker
[3.846s] -- Set runtime path of "/home/simpletime/practice/src/install/cpp_topic/lib/cpp_topic/talker" to ""
[3.846s] -- Installing: /home/simpletime/practice/src/install/cpp_topic/share/ament_index/resource_index/package_run_dependencies/cpp_topic
[3.846s] -- Installing: /home/simpletime/practice/src/install/cpp_topic/share/ament_index/resource_index/parent_prefix_path/cpp_topic
[3.846s] -- Installing: /home/simpletime/practice/src/install/cpp_topic/share/cpp_topic/environment/ament_prefix_path.sh
[3.846s] -- Installing: /home/simpletime/practice/src/install/cpp_topic/share/cpp_topic/environment/ament_prefix_path.dsv
[3.846s] -- Installing: /home/simpletime/practice/src/install/cpp_topic/share/cpp_topic/environment/path.sh
[3.847s] -- Installing: /home/simpletime/practice/src/install/cpp_topic/share/cpp_topic/environment/path.dsv
[3.847s] -- Installing: /home/simpletime/practice/src/install/cpp_topic/share/cpp_topic/local_setup.bash
[3.847s] -- Installing: /home/simpletime/practice/src/install/cpp_topic/share/cpp_topic/local_setup.sh
[3.847s] -- Installing: /home/simpletime/practice/src/install/cpp_topic/share/cpp_topic/local_setup.zsh
[3.847s] -- Installing: /home/simpletime/practice/src/install/cpp_topic/share/cpp_topic/local_setup.dsv
[3.847s] -- Installing: /home/simpletime/practice/src/install/cpp_topic/share/cpp_topic/package.dsv
[3.848s] -- Installing: /home/simpletime/practice/src/install/cpp_topic/share/ament_index/resource_index/packages/cpp_topic
[3.848s] -- Installing: /home/simpletime/practice/src/install/cpp_topic/share/cpp_topic/cmake/cpp_topicConfig.cmake
[3.848s] -- Installing: /home/simpletime/practice/src/install/cpp_topic/share/cpp_topic/cmake/cpp_topicConfig-version.cmake
[3.848s] -- Installing: /home/simpletime/practice/src/install/cpp_topic/share/cpp_topic/package.xml
[3.852s] Invoked command in '/home/simpletime/practice/src/build/cpp_topic' returned '0': AMENT_PREFIX_PATH=/home/simpletime/practice/src/install/base_interface:${AMENT_PREFIX_PATH} CMAKE_PREFIX_PATH=/home/simpletime/practice/src/install/base_interface:/opt/ros/humble LD_LIBRARY_PATH=/home/simpletime/practice/src/install/base_interface/lib:${LD_LIBRARY_PATH} PYTHONPATH=/home/simpletime/practice/src/install/base_interface/local/lib/python3.10/dist-packages:${PYTHONPATH} /usr/bin/cmake --install /home/simpletime/practice/src/build/cpp_topic
