[0.010s] Invoking command in '/home/simpletime/project01_book/build/company': CMAKE_PREFIX_PATH=/home/simpletime/project01_book/install/base_interfaces:/home/simpletime/project01_book/install/company:/opt/ros/humble /usr/bin/cmake --build /home/simpletime/project01_book/build/company -- -j4 -l4
[0.050s] [35m[1mConsolidate compiler generated dependencies of target company_b[0m
[0.065s] [ 33%] Built target company_a
[0.068s] [ 66%] [32mBuilding CXX object CMakeFiles/company_b.dir/src/company_b.cpp.o[0m
[0.068s] [ 83%] Built target company_c
[5.412s] [100%] [32m[1mLinking CXX executable company_b[0m
[5.654s] [100%] Built target company_b
[5.665s] Invoked command in '/home/simpletime/project01_book/build/company' returned '0': CMAKE_PREFIX_PATH=/home/simpletime/project01_book/install/base_interfaces:/home/simpletime/project01_book/install/company:/opt/ros/humble /usr/bin/cmake --build /home/simpletime/project01_book/build/company -- -j4 -l4
[5.693s] Invoking command in '/home/simpletime/project01_book/build/company': CMAKE_PREFIX_PATH=/home/simpletime/project01_book/install/base_interfaces:/home/simpletime/project01_book/install/company:/opt/ros/humble /usr/bin/cmake --install /home/simpletime/project01_book/build/company
[5.701s] -- Install configuration: ""
[5.702s] -- Up-to-date: /home/simpletime/project01_book/install/company/lib/company/company_a
[5.703s] -- Installing: /home/simpletime/project01_book/install/company/lib/company/company_b
[5.707s] -- Set runtime path of "/home/simpletime/project01_book/install/company/lib/company/company_b" to ""
[5.707s] -- Up-to-date: /home/simpletime/project01_book/install/company/lib/company/company_c
[5.707s] -- Up-to-date: /home/simpletime/project01_book/install/company/share/ament_index/resource_index/package_run_dependencies/company
[5.707s] -- Up-to-date: /home/simpletime/project01_book/install/company/share/ament_index/resource_index/parent_prefix_path/company
[5.707s] -- Up-to-date: /home/simpletime/project01_book/install/company/share/company/environment/ament_prefix_path.sh
[5.707s] -- Up-to-date: /home/simpletime/project01_book/install/company/share/company/environment/ament_prefix_path.dsv
[5.707s] -- Up-to-date: /home/simpletime/project01_book/install/company/share/company/environment/path.sh
[5.707s] -- Up-to-date: /home/simpletime/project01_book/install/company/share/company/environment/path.dsv
[5.707s] -- Up-to-date: /home/simpletime/project01_book/install/company/share/company/local_setup.bash
[5.707s] -- Up-to-date: /home/simpletime/project01_book/install/company/share/company/local_setup.sh
[5.707s] -- Up-to-date: /home/simpletime/project01_book/install/company/share/company/local_setup.zsh
[5.708s] -- Up-to-date: /home/simpletime/project01_book/install/company/share/company/local_setup.dsv
[5.709s] -- Installing: /home/simpletime/project01_book/install/company/share/company/package.dsv
[5.709s] -- Up-to-date: /home/simpletime/project01_book/install/company/share/ament_index/resource_index/packages/company
[5.709s] -- Up-to-date: /home/simpletime/project01_book/install/company/share/company/cmake/companyConfig.cmake
[5.709s] -- Up-to-date: /home/simpletime/project01_book/install/company/share/company/cmake/companyConfig-version.cmake
[5.709s] -- Up-to-date: /home/simpletime/project01_book/install/company/share/company/package.xml
[5.711s] Invoked command in '/home/simpletime/project01_book/build/company' returned '0': CMAKE_PREFIX_PATH=/home/simpletime/project01_book/install/base_interfaces:/home/simpletime/project01_book/install/company:/opt/ros/humble /usr/bin/cmake --install /home/simpletime/project01_book/build/company
