[0.010s] Invoking command in '/home/simpletime/ws01_plumbing/build/cpp04_param': CMAKE_PREFIX_PATH=${CMAKE_PREFIX_PATH}:/opt/ros/humble /usr/bin/cmake --build /home/simpletime/ws01_plumbing/build/cpp04_param -- -j4 -l4
[0.059s] [ 16%] [32mBuilding CXX object CMakeFiles/demo01_param_server.dir/src/demo01_param_server.cpp.o[0m
[0.064s] [ 50%] Built target demo00_param
[0.064s] [ 83%] Built target demo02_param_client
[2.281s] [100%] [32m[1mLinking CXX executable demo01_param_server[0m
[2.359s] [100%] Built target demo01_param_server
[2.368s] Invoked command in '/home/simpletime/ws01_plumbing/build/cpp04_param' returned '0': CMAKE_PREFIX_PATH=${CMAKE_PREFIX_PATH}:/opt/ros/humble /usr/bin/cmake --build /home/simpletime/ws01_plumbing/build/cpp04_param -- -j4 -l4
[2.397s] Invoking command in '/home/simpletime/ws01_plumbing/build/cpp04_param': CMAKE_PREFIX_PATH=${CMAKE_PREFIX_PATH}:/opt/ros/humble /usr/bin/cmake --install /home/simpletime/ws01_plumbing/build/cpp04_param
[2.403s] -- Install configuration: ""
[2.403s] -- Up-to-date: /home/simpletime/ws01_plumbing/install/cpp04_param/lib/cpp04_param/demo00_param
[2.403s] -- Installing: /home/simpletime/ws01_plumbing/install/cpp04_param/lib/cpp04_param/demo01_param_server
[2.404s] -- Set runtime path of "/home/simpletime/ws01_plumbing/install/cpp04_param/lib/cpp04_param/demo01_param_server" to ""
[2.404s] -- Up-to-date: /home/simpletime/ws01_plumbing/install/cpp04_param/lib/cpp04_param/demo02_param_client
[2.404s] -- Up-to-date: /home/simpletime/ws01_plumbing/install/cpp04_param/share/ament_index/resource_index/package_run_dependencies/cpp04_param
[2.404s] -- Up-to-date: /home/simpletime/ws01_plumbing/install/cpp04_param/share/ament_index/resource_index/parent_prefix_path/cpp04_param
[2.404s] -- Up-to-date: /home/simpletime/ws01_plumbing/install/cpp04_param/share/cpp04_param/environment/ament_prefix_path.sh
[2.404s] -- Up-to-date: /home/simpletime/ws01_plumbing/install/cpp04_param/share/cpp04_param/environment/ament_prefix_path.dsv
[2.404s] -- Up-to-date: /home/simpletime/ws01_plumbing/install/cpp04_param/share/cpp04_param/environment/path.sh
[2.404s] -- Up-to-date: /home/simpletime/ws01_plumbing/install/cpp04_param/share/cpp04_param/environment/path.dsv
[2.404s] -- Up-to-date: /home/simpletime/ws01_plumbing/install/cpp04_param/share/cpp04_param/local_setup.bash
[2.406s] -- Up-to-date: /home/simpletime/ws01_plumbing/install/cpp04_param/share/cpp04_param/local_setup.sh
[2.406s] -- Up-to-date: /home/simpletime/ws01_plumbing/install/cpp04_param/share/cpp04_param/local_setup.zsh
[2.406s] -- Up-to-date: /home/simpletime/ws01_plumbing/install/cpp04_param/share/cpp04_param/local_setup.dsv
[2.406s] -- Installing: /home/simpletime/ws01_plumbing/install/cpp04_param/share/cpp04_param/package.dsv
[2.406s] -- Up-to-date: /home/simpletime/ws01_plumbing/install/cpp04_param/share/ament_index/resource_index/packages/cpp04_param
[2.406s] -- Up-to-date: /home/simpletime/ws01_plumbing/install/cpp04_param/share/cpp04_param/cmake/cpp04_paramConfig.cmake
[2.406s] -- Up-to-date: /home/simpletime/ws01_plumbing/install/cpp04_param/share/cpp04_param/cmake/cpp04_paramConfig-version.cmake
[2.406s] -- Up-to-date: /home/simpletime/ws01_plumbing/install/cpp04_param/share/cpp04_param/package.xml
[2.407s] Invoked command in '/home/simpletime/ws01_plumbing/build/cpp04_param' returned '0': CMAKE_PREFIX_PATH=${CMAKE_PREFIX_PATH}:/opt/ros/humble /usr/bin/cmake --install /home/simpletime/ws01_plumbing/build/cpp04_param
