[0.009s] Invoking command in '/home/simpletime/practice/src/build/cpp_topic': AMENT_PREFIX_PATH=/home/simpletime/practice/src/install/base_interface:${AMENT_PREFIX_PATH} CMAKE_PREFIX_PATH=/home/simpletime/practice/src/install/base_interface:/opt/ros/humble LD_LIBRARY_PATH=/home/simpletime/practice/src/install/base_interface/lib:${LD_LIBRARY_PATH} PYTHONPATH=/home/simpletime/practice/src/install/base_interface/local/lib/python3.10/dist-packages:${PYTHONPATH} /usr/bin/cmake --build /home/simpletime/practice/src/build/cpp_topic -- -j4 -l4
[0.050s] [35m[1mConsolidate compiler generated dependencies of target listener[0m
[0.065s] [ 50%] Built target talker
[0.066s] [ 75%] [32mBuilding CXX object CMakeFiles/listener.dir/src/listener.cpp.o[0m
[5.543s] [100%] [32m[1mLinking CXX executable listener[0m
[5.796s] [100%] Built target listener
[5.807s] Invoked command in '/home/simpletime/practice/src/build/cpp_topic' returned '0': AMENT_PREFIX_PATH=/home/simpletime/practice/src/install/base_interface:${AMENT_PREFIX_PATH} CMAKE_PREFIX_PATH=/home/simpletime/practice/src/install/base_interface:/opt/ros/humble LD_LIBRARY_PATH=/home/simpletime/practice/src/install/base_interface/lib:${LD_LIBRARY_PATH} PYTHONPATH=/home/simpletime/practice/src/install/base_interface/local/lib/python3.10/dist-packages:${PYTHONPATH} /usr/bin/cmake --build /home/simpletime/practice/src/build/cpp_topic -- -j4 -l4
[5.831s] Invoking command in '/home/simpletime/practice/src/build/cpp_topic': AMENT_PREFIX_PATH=/home/simpletime/practice/src/install/base_interface:${AMENT_PREFIX_PATH} CMAKE_PREFIX_PATH=/home/simpletime/practice/src/install/base_interface:/opt/ros/humble LD_LIBRARY_PATH=/home/simpletime/practice/src/install/base_interface/lib:${LD_LIBRARY_PATH} PYTHONPATH=/home/simpletime/practice/src/install/base_interface/local/lib/python3.10/dist-packages:${PYTHONPATH} /usr/bin/cmake --install /home/simpletime/practice/src/build/cpp_topic
[5.837s] -- Install configuration: ""
[5.838s] -- Installing: /home/simpletime/practice/src/install/cpp_topic/lib/cpp_topic/talker
[5.840s] -- Set runtime path of "/home/simpletime/practice/src/install/cpp_topic/lib/cpp_topic/talker" to ""
[5.840s] -- Installing: /home/simpletime/practice/src/install/cpp_topic/lib/cpp_topic/listener
[5.844s] -- Set runtime path of "/home/simpletime/practice/src/install/cpp_topic/lib/cpp_topic/listener" to ""
[5.844s] -- Up-to-date: /home/simpletime/practice/src/install/cpp_topic/share/ament_index/resource_index/package_run_dependencies/cpp_topic
[5.844s] -- Up-to-date: /home/simpletime/practice/src/install/cpp_topic/share/ament_index/resource_index/parent_prefix_path/cpp_topic
[5.844s] -- Up-to-date: /home/simpletime/practice/src/install/cpp_topic/share/cpp_topic/environment/ament_prefix_path.sh
[5.844s] -- Installing: /home/simpletime/practice/src/install/cpp_topic/share/cpp_topic/environment/ament_prefix_path.dsv
[5.845s] -- Up-to-date: /home/simpletime/practice/src/install/cpp_topic/share/cpp_topic/environment/path.sh
[5.845s] -- Installing: /home/simpletime/practice/src/install/cpp_topic/share/cpp_topic/environment/path.dsv
[5.846s] -- Up-to-date: /home/simpletime/practice/src/install/cpp_topic/share/cpp_topic/local_setup.bash
[5.846s] -- Up-to-date: /home/simpletime/practice/src/install/cpp_topic/share/cpp_topic/local_setup.sh
[5.846s] -- Up-to-date: /home/simpletime/practice/src/install/cpp_topic/share/cpp_topic/local_setup.zsh
[5.846s] -- Installing: /home/simpletime/practice/src/install/cpp_topic/share/cpp_topic/local_setup.dsv
[5.846s] -- Installing: /home/simpletime/practice/src/install/cpp_topic/share/cpp_topic/package.dsv
[5.846s] -- Up-to-date: /home/simpletime/practice/src/install/cpp_topic/share/ament_index/resource_index/packages/cpp_topic
[5.846s] -- Up-to-date: /home/simpletime/practice/src/install/cpp_topic/share/cpp_topic/cmake/cpp_topicConfig.cmake
[5.846s] -- Up-to-date: /home/simpletime/practice/src/install/cpp_topic/share/cpp_topic/cmake/cpp_topicConfig-version.cmake
[5.846s] -- Up-to-date: /home/simpletime/practice/src/install/cpp_topic/share/cpp_topic/package.xml
[5.849s] Invoked command in '/home/simpletime/practice/src/build/cpp_topic' returned '0': AMENT_PREFIX_PATH=/home/simpletime/practice/src/install/base_interface:${AMENT_PREFIX_PATH} CMAKE_PREFIX_PATH=/home/simpletime/practice/src/install/base_interface:/opt/ros/humble LD_LIBRARY_PATH=/home/simpletime/practice/src/install/base_interface/lib:${LD_LIBRARY_PATH} PYTHONPATH=/home/simpletime/practice/src/install/base_interface/local/lib/python3.10/dist-packages:${PYTHONPATH} /usr/bin/cmake --install /home/simpletime/practice/src/build/cpp_topic
