[0.040s] Invoking command in '/home/simpletime/ws01_plumbing/build/cpp02_service': CMAKE_PREFIX_PATH=/home/simpletime/ws01_plumbing/install/base_interfaces_demo:/home/simpletime/ws01_plumbing/install/py01_topic:/home/simpletime/ws01_plumbing/install/cpp04_param:/home/simpletime/ws01_plumbing/install/cpp03_action:/home/simpletime/ws01_plumbing/install/cpp02_service:/home/simpletime/ws01_plumbing/install/cpp01_topic:/opt/ros/humble /usr/bin/cmake --build /home/simpletime/ws01_plumbing/build/cpp02_service -- -j4 -l4
[0.134s] [ 50%] Built target demo02_client
[0.155s] [100%] Built target demo01_server
[0.160s] Invoked command in '/home/simpletime/ws01_plumbing/build/cpp02_service' returned '0': CMAKE_PREFIX_PATH=/home/simpletime/ws01_plumbing/install/base_interfaces_demo:/home/simpletime/ws01_plumbing/install/py01_topic:/home/simpletime/ws01_plumbing/install/cpp04_param:/home/simpletime/ws01_plumbing/install/cpp03_action:/home/simpletime/ws01_plumbing/install/cpp02_service:/home/simpletime/ws01_plumbing/install/cpp01_topic:/opt/ros/humble /usr/bin/cmake --build /home/simpletime/ws01_plumbing/build/cpp02_service -- -j4 -l4
[0.215s] Invoking command in '/home/simpletime/ws01_plumbing/build/cpp02_service': CMAKE_PREFIX_PATH=/home/simpletime/ws01_plumbing/install/base_interfaces_demo:/home/simpletime/ws01_plumbing/install/py01_topic:/home/simpletime/ws01_plumbing/install/cpp04_param:/home/simpletime/ws01_plumbing/install/cpp03_action:/home/simpletime/ws01_plumbing/install/cpp02_service:/home/simpletime/ws01_plumbing/install/cpp01_topic:/opt/ros/humble /usr/bin/cmake --install /home/simpletime/ws01_plumbing/build/cpp02_service
[0.234s] -- Install configuration: ""
[0.234s] -- Up-to-date: /home/simpletime/ws01_plumbing/install/cpp02_service/lib/cpp02_service/demo01_server
[0.234s] -- Up-to-date: /home/simpletime/ws01_plumbing/install/cpp02_service/lib/cpp02_service/demo02_client
[0.234s] -- Up-to-date: /home/simpletime/ws01_plumbing/install/cpp02_service/share/ament_index/resource_index/package_run_dependencies/cpp02_service
[0.234s] -- Up-to-date: /home/simpletime/ws01_plumbing/install/cpp02_service/share/ament_index/resource_index/parent_prefix_path/cpp02_service
[0.234s] -- Up-to-date: /home/simpletime/ws01_plumbing/install/cpp02_service/share/cpp02_service/environment/ament_prefix_path.sh
[0.234s] -- Up-to-date: /home/simpletime/ws01_plumbing/install/cpp02_service/share/cpp02_service/environment/ament_prefix_path.dsv
[0.234s] -- Up-to-date: /home/simpletime/ws01_plumbing/install/cpp02_service/share/cpp02_service/environment/path.sh
[0.234s] -- Up-to-date: /home/simpletime/ws01_plumbing/install/cpp02_service/share/cpp02_service/environment/path.dsv
[0.234s] -- Up-to-date: /home/simpletime/ws01_plumbing/install/cpp02_service/share/cpp02_service/local_setup.bash
[0.234s] -- Up-to-date: /home/simpletime/ws01_plumbing/install/cpp02_service/share/cpp02_service/local_setup.sh
[0.234s] -- Up-to-date: /home/simpletime/ws01_plumbing/install/cpp02_service/share/cpp02_service/local_setup.zsh
[0.234s] -- Up-to-date: /home/simpletime/ws01_plumbing/install/cpp02_service/share/cpp02_service/local_setup.dsv
[0.234s] -- Installing: /home/simpletime/ws01_plumbing/install/cpp02_service/share/cpp02_service/package.dsv
[0.235s] -- Up-to-date: /home/simpletime/ws01_plumbing/install/cpp02_service/share/ament_index/resource_index/packages/cpp02_service
[0.235s] -- Up-to-date: /home/simpletime/ws01_plumbing/install/cpp02_service/share/cpp02_service/cmake/cpp02_serviceConfig.cmake
[0.235s] -- Up-to-date: /home/simpletime/ws01_plumbing/install/cpp02_service/share/cpp02_service/cmake/cpp02_serviceConfig-version.cmake
[0.235s] -- Up-to-date: /home/simpletime/ws01_plumbing/install/cpp02_service/share/cpp02_service/package.xml
[0.250s] Invoked command in '/home/simpletime/ws01_plumbing/build/cpp02_service' returned '0': CMAKE_PREFIX_PATH=/home/simpletime/ws01_plumbing/install/base_interfaces_demo:/home/simpletime/ws01_plumbing/install/py01_topic:/home/simpletime/ws01_plumbing/install/cpp04_param:/home/simpletime/ws01_plumbing/install/cpp03_action:/home/simpletime/ws01_plumbing/install/cpp02_service:/home/simpletime/ws01_plumbing/install/cpp01_topic:/opt/ros/humble /usr/bin/cmake --install /home/simpletime/ws01_plumbing/build/cpp02_service
