[0.007s] Invoking command in '/home/simpletime/project01_book/build/company': CMAKE_PREFIX_PATH=/home/simpletime/project01_book/install/base_interfaces:/home/simpletime/project01_book/install/company:/opt/ros/humble /usr/bin/cmake --build /home/simpletime/project01_book/build/company -- -j4 -l4
[0.047s] [35m[1mConsolidate compiler generated dependencies of target company_a[0m
[0.060s] [ 33%] Built target company_b
[0.062s] [ 66%] Built target company_c
[0.068s] [ 83%] [32mBuilding CXX object CMakeFiles/company_a.dir/src/company_a.cpp.o[0m
[5.808s] [100%] [32m[1mLinking CXX executable company_a[0m
[6.077s] [100%] Built target company_a
[6.088s] Invoked command in '/home/simpletime/project01_book/build/company' returned '0': CMAKE_PREFIX_PATH=/home/simpletime/project01_book/install/base_interfaces:/home/simpletime/project01_book/install/company:/opt/ros/humble /usr/bin/cmake --build /home/simpletime/project01_book/build/company -- -j4 -l4
[6.117s] Invoking command in '/home/simpletime/project01_book/build/company': CMAKE_PREFIX_PATH=/home/simpletime/project01_book/install/base_interfaces:/home/simpletime/project01_book/install/company:/opt/ros/humble /usr/bin/cmake --install /home/simpletime/project01_book/build/company
[6.123s] -- Install configuration: ""
[6.125s] -- Installing: /home/simpletime/project01_book/install/company/lib/company/company_a
[6.128s] -- Set runtime path of "/home/simpletime/project01_book/install/company/lib/company/company_a" to ""
[6.128s] -- Up-to-date: /home/simpletime/project01_book/install/company/lib/company/company_b
[6.128s] -- Up-to-date: /home/simpletime/project01_book/install/company/lib/company/company_c
[6.129s] -- Up-to-date: /home/simpletime/project01_book/install/company/share/ament_index/resource_index/package_run_dependencies/company
[6.129s] -- Up-to-date: /home/simpletime/project01_book/install/company/share/ament_index/resource_index/parent_prefix_path/company
[6.130s] -- Up-to-date: /home/simpletime/project01_book/install/company/share/company/environment/ament_prefix_path.sh
[6.130s] -- Up-to-date: /home/simpletime/project01_book/install/company/share/company/environment/ament_prefix_path.dsv
[6.130s] -- Up-to-date: /home/simpletime/project01_book/install/company/share/company/environment/path.sh
[6.130s] -- Up-to-date: /home/simpletime/project01_book/install/company/share/company/environment/path.dsv
[6.130s] -- Up-to-date: /home/simpletime/project01_book/install/company/share/company/local_setup.bash
[6.130s] -- Up-to-date: /home/simpletime/project01_book/install/company/share/company/local_setup.sh
[6.130s] -- Up-to-date: /home/simpletime/project01_book/install/company/share/company/local_setup.zsh
[6.130s] -- Up-to-date: /home/simpletime/project01_book/install/company/share/company/local_setup.dsv
[6.130s] -- Installing: /home/simpletime/project01_book/install/company/share/company/package.dsv
[6.130s] -- Up-to-date: /home/simpletime/project01_book/install/company/share/ament_index/resource_index/packages/company
[6.130s] -- Up-to-date: /home/simpletime/project01_book/install/company/share/company/cmake/companyConfig.cmake
[6.130s] -- Up-to-date: /home/simpletime/project01_book/install/company/share/company/cmake/companyConfig-version.cmake
[6.131s] -- Up-to-date: /home/simpletime/project01_book/install/company/share/company/package.xml
[6.133s] Invoked command in '/home/simpletime/project01_book/build/company' returned '0': CMAKE_PREFIX_PATH=/home/simpletime/project01_book/install/base_interfaces:/home/simpletime/project01_book/install/company:/opt/ros/humble /usr/bin/cmake --install /home/simpletime/project01_book/build/company
