[0.023s] Invoking command in '/home/simpletime/ws01_plumbing/build/cpp03_action': AMENT_PREFIX_PATH=/home/simpletime/ws01_plumbing/install/base_interfaces_demo:${AMENT_PREFIX_PATH} CMAKE_PREFIX_PATH=/home/simpletime/ws01_plumbing/install/base_interfaces_demo:/opt/ros/humble LD_LIBRARY_PATH=/home/simpletime/ws01_plumbing/install/base_interfaces_demo/lib:${LD_LIBRARY_PATH} PYTHONPATH=/home/simpletime/ws01_plumbing/install/base_interfaces_demo/local/lib/python3.10/dist-packages:${PYTHONPATH} /usr/bin/cmake /home/simpletime/ws01_plumbing/src/cpp03_action -DCMAKE_INSTALL_PREFIX=/home/simpletime/ws01_plumbing/install/cpp03_action
[0.100s] -- The C compiler identification is GNU 11.4.0
[0.223s] -- The CXX compiler identification is GNU 11.4.0
[0.228s] -- Detecting C compiler ABI info
[0.306s] -- Detecting C compiler ABI info - done
[0.309s] -- Check for working C compiler: /usr/bin/cc - skipped
[0.310s] -- Detecting C compile features
[0.313s] -- Detecting C compile features - done
[0.317s] -- Detecting CXX compiler ABI info
[0.414s] -- Detecting CXX compiler ABI info - done
[0.432s] -- Check for working CXX compiler: /usr/bin/c++ - skipped
[0.432s] -- Detecting CXX compile features
[0.432s] -- Detecting CXX compile features - done
[0.437s] -- Found ament_cmake: 1.3.10 (/opt/ros/humble/share/ament_cmake/cmake)
[0.622s] -- Found Python3: /usr/bin/python3 (found version "3.10.12") found components: Interpreter 
[0.687s] -- Found rclcpp: 16.0.10 (/opt/ros/humble/share/rclcpp/cmake)
[0.754s] -- Found rosidl_generator_c: 3.1.5 (/opt/ros/humble/share/rosidl_generator_c/cmake)
[0.763s] -- Found rosidl_adapter: 3.1.5 (/opt/ros/humble/share/rosidl_adapter/cmake)
[0.778s] -- Found rosidl_generator_cpp: 3.1.5 (/opt/ros/humble/share/rosidl_generator_cpp/cmake)
[0.788s] -- Using all available rosidl_typesupport_c: rosidl_typesupport_fastrtps_c;rosidl_typesupport_introspection_c
[0.799s] -- Using all available rosidl_typesupport_cpp: rosidl_typesupport_fastrtps_cpp;rosidl_typesupport_introspection_cpp
[0.903s] -- Found rmw_implementation_cmake: 6.1.2 (/opt/ros/humble/share/rmw_implementation_cmake/cmake)
[0.913s] -- Found rmw_fastrtps_cpp: 6.2.7 (/opt/ros/humble/share/rmw_fastrtps_cpp/cmake)
[1.057s] -- Found OpenSSL: /usr/lib/x86_64-linux-gnu/libcrypto.so (found version "3.0.2")  
[1.094s] -- Found FastRTPS: /opt/ros/humble/include  
[1.144s] -- Using RMW implementation 'rmw_fastrtps_cpp' as default
[1.178s] -- Looking for pthread.h
[1.280s] -- Looking for pthread.h - found
[1.280s] -- Performing Test CMAKE_HAVE_LIBC_PTHREAD
[1.453s] -- Performing Test CMAKE_HAVE_LIBC_PTHREAD - Success
[1.453s] -- Found Threads: TRUE  
[1.607s] -- Found rclcpp_action: 16.0.10 (/opt/ros/humble/share/rclcpp_action/cmake)
[1.703s] -- Found base_interfaces_demo: 0.0.0 (/home/simpletime/ws01_plumbing/install/base_interfaces_demo/share/base_interfaces_demo/cmake)
[1.733s] -- Found ament_lint_auto: 0.12.11 (/opt/ros/humble/share/ament_lint_auto/cmake)
[1.918s] -- Added test 'cppcheck' to perform static code analysis on C / C++ code
[1.918s] -- Configured cppcheck include dirs: $<BUILD_INTERFACE:/home/simpletime/ws01_plumbing/src/cpp03_action/include>
[1.918s] -- Configured cppcheck exclude dirs and/or files: 
[1.920s] -- Added test 'lint_cmake' to check CMake code style
[1.929s] -- Added test 'uncrustify' to check C / C++ code style
[1.929s] -- Configured uncrustify additional arguments: 
[1.930s] -- Added test 'xmllint' to check XML markup files
[1.935s] -- Configuring done
[1.968s] -- Generating done
[1.968s] -- Build files have been written to: /home/simpletime/ws01_plumbing/build/cpp03_action
[1.994s] Invoked command in '/home/simpletime/ws01_plumbing/build/cpp03_action' returned '0': AMENT_PREFIX_PATH=/home/simpletime/ws01_plumbing/install/base_interfaces_demo:${AMENT_PREFIX_PATH} CMAKE_PREFIX_PATH=/home/simpletime/ws01_plumbing/install/base_interfaces_demo:/opt/ros/humble LD_LIBRARY_PATH=/home/simpletime/ws01_plumbing/install/base_interfaces_demo/lib:${LD_LIBRARY_PATH} PYTHONPATH=/home/simpletime/ws01_plumbing/install/base_interfaces_demo/local/lib/python3.10/dist-packages:${PYTHONPATH} /usr/bin/cmake /home/simpletime/ws01_plumbing/src/cpp03_action -DCMAKE_INSTALL_PREFIX=/home/simpletime/ws01_plumbing/install/cpp03_action
[1.995s] Invoking command in '/home/simpletime/ws01_plumbing/build/cpp03_action': AMENT_PREFIX_PATH=/home/simpletime/ws01_plumbing/install/base_interfaces_demo:${AMENT_PREFIX_PATH} CMAKE_PREFIX_PATH=/home/simpletime/ws01_plumbing/install/base_interfaces_demo:/opt/ros/humble LD_LIBRARY_PATH=/home/simpletime/ws01_plumbing/install/base_interfaces_demo/lib:${LD_LIBRARY_PATH} PYTHONPATH=/home/simpletime/ws01_plumbing/install/base_interfaces_demo/local/lib/python3.10/dist-packages:${PYTHONPATH} /usr/bin/cmake --build /home/simpletime/ws01_plumbing/build/cpp03_action -- -j4 -l4
[2.120s] [ 50%] [32mBuilding CXX object CMakeFiles/demo01_action_server.dir/src/demo01_action_server.cpp.o[0m
[2.173s] [100%] [32m[1mLinking CXX executable demo01_action_server[0m
[2.548s] [100%] Built target demo01_action_server
[2.566s] Invoked command in '/home/simpletime/ws01_plumbing/build/cpp03_action' returned '0': AMENT_PREFIX_PATH=/home/simpletime/ws01_plumbing/install/base_interfaces_demo:${AMENT_PREFIX_PATH} CMAKE_PREFIX_PATH=/home/simpletime/ws01_plumbing/install/base_interfaces_demo:/opt/ros/humble LD_LIBRARY_PATH=/home/simpletime/ws01_plumbing/install/base_interfaces_demo/lib:${LD_LIBRARY_PATH} PYTHONPATH=/home/simpletime/ws01_plumbing/install/base_interfaces_demo/local/lib/python3.10/dist-packages:${PYTHONPATH} /usr/bin/cmake --build /home/simpletime/ws01_plumbing/build/cpp03_action -- -j4 -l4
[2.594s] Invoking command in '/home/simpletime/ws01_plumbing/build/cpp03_action': AMENT_PREFIX_PATH=/home/simpletime/ws01_plumbing/install/base_interfaces_demo:${AMENT_PREFIX_PATH} CMAKE_PREFIX_PATH=/home/simpletime/ws01_plumbing/install/base_interfaces_demo:/opt/ros/humble LD_LIBRARY_PATH=/home/simpletime/ws01_plumbing/install/base_interfaces_demo/lib:${LD_LIBRARY_PATH} PYTHONPATH=/home/simpletime/ws01_plumbing/install/base_interfaces_demo/local/lib/python3.10/dist-packages:${PYTHONPATH} /usr/bin/cmake --install /home/simpletime/ws01_plumbing/build/cpp03_action
[2.611s] -- Install configuration: ""
[2.612s] -- Installing: /home/simpletime/ws01_plumbing/install/cpp03_action/lib/cpp03_action/demo01_action_server
[2.614s] -- Set runtime path of "/home/simpletime/ws01_plumbing/install/cpp03_action/lib/cpp03_action/demo01_action_server" to ""
[2.614s] -- Installing: /home/simpletime/ws01_plumbing/install/cpp03_action/share/ament_index/resource_index/package_run_dependencies/cpp03_action
[2.615s] -- Installing: /home/simpletime/ws01_plumbing/install/cpp03_action/share/ament_index/resource_index/parent_prefix_path/cpp03_action
[2.616s] -- Installing: /home/simpletime/ws01_plumbing/install/cpp03_action/share/cpp03_action/environment/ament_prefix_path.sh
[2.616s] -- Installing: /home/simpletime/ws01_plumbing/install/cpp03_action/share/cpp03_action/environment/ament_prefix_path.dsv
[2.616s] -- Installing: /home/simpletime/ws01_plumbing/install/cpp03_action/share/cpp03_action/environment/path.sh
[2.617s] -- Installing: /home/simpletime/ws01_plumbing/install/cpp03_action/share/cpp03_action/environment/path.dsv
[2.617s] -- Installing: /home/simpletime/ws01_plumbing/install/cpp03_action/share/cpp03_action/local_setup.bash
[2.618s] -- Installing: /home/simpletime/ws01_plumbing/install/cpp03_action/share/cpp03_action/local_setup.sh
[2.618s] -- Installing: /home/simpletime/ws01_plumbing/install/cpp03_action/share/cpp03_action/local_setup.zsh
[2.619s] -- Installing: /home/simpletime/ws01_plumbing/install/cpp03_action/share/cpp03_action/local_setup.dsv
[2.619s] -- Installing: /home/simpletime/ws01_plumbing/install/cpp03_action/share/cpp03_action/package.dsv
[2.620s] -- Installing: /home/simpletime/ws01_plumbing/install/cpp03_action/share/ament_index/resource_index/packages/cpp03_action
[2.620s] -- Installing: /home/simpletime/ws01_plumbing/install/cpp03_action/share/cpp03_action/cmake/cpp03_actionConfig.cmake
[2.621s] -- Installing: /home/simpletime/ws01_plumbing/install/cpp03_action/share/cpp03_action/cmake/cpp03_actionConfig-version.cmake
[2.621s] -- Installing: /home/simpletime/ws01_plumbing/install/cpp03_action/share/cpp03_action/package.xml
[2.626s] Invoked command in '/home/simpletime/ws01_plumbing/build/cpp03_action' returned '0': AMENT_PREFIX_PATH=/home/simpletime/ws01_plumbing/install/base_interfaces_demo:${AMENT_PREFIX_PATH} CMAKE_PREFIX_PATH=/home/simpletime/ws01_plumbing/install/base_interfaces_demo:/opt/ros/humble LD_LIBRARY_PATH=/home/simpletime/ws01_plumbing/install/base_interfaces_demo/lib:${LD_LIBRARY_PATH} PYTHONPATH=/home/simpletime/ws01_plumbing/install/base_interfaces_demo/local/lib/python3.10/dist-packages:${PYTHONPATH} /usr/bin/cmake --install /home/simpletime/ws01_plumbing/build/cpp03_action
