[0.020s] Invoking command in '/home/simpletime/Project/learn02_pcl_spin/build/cpp03_pcl_move': CMAKE_PREFIX_PATH=${CMAKE_PREFIX_PATH}:/opt/ros/humble /usr/bin/cmake --build /home/simpletime/Project/learn02_pcl_spin/build/cpp03_pcl_move -- -j32 -l32
[0.052s] [35m[1mConsolidate compiler generated dependencies of target demo02_pcl_pub[0m
[0.052s] [35m[1mConsolidate compiler generated dependencies of target demo01_tf_spin[0m
[0.080s] [100%] Built target demo01_tf_spin
[0.080s] [100%] Built target demo02_pcl_pub
[0.088s] Invoked command in '/home/simpletime/Project/learn02_pcl_spin/build/cpp03_pcl_move' returned '0': CMAKE_PREFIX_PATH=${CMAKE_PREFIX_PATH}:/opt/ros/humble /usr/bin/cmake --build /home/simpletime/Project/learn02_pcl_spin/build/cpp03_pcl_move -- -j32 -l32
[0.133s] Invoking command in '/home/simpletime/Project/learn02_pcl_spin/build/cpp03_pcl_move': CMAKE_PREFIX_PATH=${CMAKE_PREFIX_PATH}:/opt/ros/humble /usr/bin/cmake --install /home/simpletime/Project/learn02_pcl_spin/build/cpp03_pcl_move
[0.136s] -- Install configuration: ""
[0.137s] -- Up-to-date: /home/simpletime/Project/learn02_pcl_spin/install/cpp03_pcl_move/lib/cpp03_pcl_move/demo01_tf_spin
[0.137s] -- Up-to-date: /home/simpletime/Project/learn02_pcl_spin/install/cpp03_pcl_move/lib/cpp03_pcl_move/demo02_pcl_pub
[0.137s] -- Up-to-date: /home/simpletime/Project/learn02_pcl_spin/install/cpp03_pcl_move/share/ament_index/resource_index/package_run_dependencies/cpp03_pcl_move
[0.138s] -- Up-to-date: /home/simpletime/Project/learn02_pcl_spin/install/cpp03_pcl_move/share/ament_index/resource_index/parent_prefix_path/cpp03_pcl_move
[0.138s] -- Up-to-date: /home/simpletime/Project/learn02_pcl_spin/install/cpp03_pcl_move/share/cpp03_pcl_move/environment/ament_prefix_path.sh
[0.138s] -- Up-to-date: /home/simpletime/Project/learn02_pcl_spin/install/cpp03_pcl_move/share/cpp03_pcl_move/environment/ament_prefix_path.dsv
[0.138s] -- Up-to-date: /home/simpletime/Project/learn02_pcl_spin/install/cpp03_pcl_move/share/cpp03_pcl_move/environment/path.sh
[0.139s] -- Up-to-date: /home/simpletime/Project/learn02_pcl_spin/install/cpp03_pcl_move/share/cpp03_pcl_move/environment/path.dsv
[0.139s] -- Up-to-date: /home/simpletime/Project/learn02_pcl_spin/install/cpp03_pcl_move/share/cpp03_pcl_move/local_setup.bash
[0.139s] -- Up-to-date: /home/simpletime/Project/learn02_pcl_spin/install/cpp03_pcl_move/share/cpp03_pcl_move/local_setup.sh
[0.139s] -- Up-to-date: /home/simpletime/Project/learn02_pcl_spin/install/cpp03_pcl_move/share/cpp03_pcl_move/local_setup.zsh
[0.140s] -- Up-to-date: /home/simpletime/Project/learn02_pcl_spin/install/cpp03_pcl_move/share/cpp03_pcl_move/local_setup.dsv
[0.140s] -- Installing: /home/simpletime/Project/learn02_pcl_spin/install/cpp03_pcl_move/share/cpp03_pcl_move/package.dsv
[0.140s] -- Up-to-date: /home/simpletime/Project/learn02_pcl_spin/install/cpp03_pcl_move/share/ament_index/resource_index/packages/cpp03_pcl_move
[0.141s] -- Up-to-date: /home/simpletime/Project/learn02_pcl_spin/install/cpp03_pcl_move/share/cpp03_pcl_move/cmake/cpp03_pcl_moveConfig.cmake
[0.142s] -- Up-to-date: /home/simpletime/Project/learn02_pcl_spin/install/cpp03_pcl_move/share/cpp03_pcl_move/cmake/cpp03_pcl_moveConfig-version.cmake
[0.142s] -- Up-to-date: /home/simpletime/Project/learn02_pcl_spin/install/cpp03_pcl_move/share/cpp03_pcl_move/package.xml
[0.143s] Invoked command in '/home/simpletime/Project/learn02_pcl_spin/build/cpp03_pcl_move' returned '0': CMAKE_PREFIX_PATH=${CMAKE_PREFIX_PATH}:/opt/ros/humble /usr/bin/cmake --install /home/simpletime/Project/learn02_pcl_spin/build/cpp03_pcl_move
