[0.083s] DEBUG:colcon:Command line arguments: ['/usr/bin/colcon', 'build']
[0.083s] DEBUG:colcon:Parsed command line arguments: Namespace(log_base=None, log_level=None, verb_name='build', build_base='build', install_base='install', merge_install=False, symlink_install=False, test_result_base=None, continue_on_error=False, executor='parallel', parallel_workers=4, event_handlers=None, ignore_user_meta=False, metas=['./colcon.meta'], base_paths=['.'], packages_ignore=None, packages_ignore_regex=None, paths=None, packages_up_to=None, packages_up_to_regex=None, packages_above=None, packages_above_and_dependencies=None, packages_above_depth=None, packages_select_by_dep=None, packages_skip_by_dep=None, packages_skip_up_to=None, packages_select_build_failed=False, packages_skip_build_finished=False, packages_select_test_failures=False, packages_skip_test_passed=False, packages_select=None, packages_skip=None, packages_select_regex=None, packages_skip_regex=None, packages_start=None, packages_end=None, allow_overriding=[], cmake_args=None, cmake_target=None, cmake_target_skip_unavailable=False, cmake_clean_cache=False, cmake_clean_first=False, cmake_force_configure=False, ament_cmake_args=None, catkin_cmake_args=None, catkin_skip_building_tests=False, verb_parser=<colcon_defaults.argument_parser.defaults.DefaultArgumentsDecorator object at 0x73edcb90fd00>, verb_extension=<colcon_core.verb.build.BuildVerb object at 0x73edcba588b0>, main=<bound method BuildVerb.main of <colcon_core.verb.build.BuildVerb object at 0x73edcba588b0>>)
[0.203s] Level 1:colcon.colcon_core.package_discovery:discover_packages(colcon_meta) check parameters
[0.203s] Level 1:colcon.colcon_core.package_discovery:discover_packages(recursive) check parameters
[0.203s] Level 1:colcon.colcon_core.package_discovery:discover_packages(ignore) check parameters
[0.203s] Level 1:colcon.colcon_core.package_discovery:discover_packages(path) check parameters
[0.203s] Level 1:colcon.colcon_core.package_discovery:discover_packages(colcon_meta) discover
[0.203s] Level 1:colcon.colcon_core.package_discovery:discover_packages(recursive) discover
[0.203s] INFO:colcon.colcon_core.package_discovery:Crawling recursively for packages in '/home/simpletime/exam'
[0.204s] Level 1:colcon.colcon_core.package_identification:_identify(.) by extensions ['ignore', 'ignore_ament_install']
[0.204s] Level 1:colcon.colcon_core.package_identification:_identify(.) by extension 'ignore'
[0.204s] Level 1:colcon.colcon_core.package_identification:_identify(.) by extension 'ignore_ament_install'
[0.204s] Level 1:colcon.colcon_core.package_identification:_identify(.) by extensions ['colcon_pkg']
[0.204s] Level 1:colcon.colcon_core.package_identification:_identify(.) by extension 'colcon_pkg'
[0.204s] Level 1:colcon.colcon_core.package_identification:_identify(.) by extensions ['colcon_meta']
[0.204s] Level 1:colcon.colcon_core.package_identification:_identify(.) by extension 'colcon_meta'
[0.204s] Level 1:colcon.colcon_core.package_identification:_identify(.) by extensions ['ros']
[0.204s] Level 1:colcon.colcon_core.package_identification:_identify(.) by extension 'ros'
[0.214s] Level 1:colcon.colcon_core.package_identification:_identify(.) by extensions ['cmake', 'python']
[0.214s] Level 1:colcon.colcon_core.package_identification:_identify(.) by extension 'cmake'
[0.214s] Level 1:colcon.colcon_core.package_identification:_identify(.) by extension 'python'
[0.214s] Level 1:colcon.colcon_core.package_identification:_identify(.) by extensions ['python_setup_py']
[0.214s] Level 1:colcon.colcon_core.package_identification:_identify(.) by extension 'python_setup_py'
[0.214s] Level 1:colcon.colcon_core.package_identification:_identify(build) by extensions ['ignore', 'ignore_ament_install']
[0.214s] Level 1:colcon.colcon_core.package_identification:_identify(build) by extension 'ignore'
[0.214s] Level 1:colcon.colcon_core.package_identification:_identify(build) ignored
[0.214s] Level 1:colcon.colcon_core.package_identification:_identify(install) by extensions ['ignore', 'ignore_ament_install']
[0.214s] Level 1:colcon.colcon_core.package_identification:_identify(install) by extension 'ignore'
[0.214s] Level 1:colcon.colcon_core.package_identification:_identify(install) ignored
[0.214s] Level 1:colcon.colcon_core.package_identification:_identify(log) by extensions ['ignore', 'ignore_ament_install']
[0.214s] Level 1:colcon.colcon_core.package_identification:_identify(log) by extension 'ignore'
[0.214s] Level 1:colcon.colcon_core.package_identification:_identify(log) ignored
[0.214s] Level 1:colcon.colcon_core.package_identification:_identify(src) by extensions ['ignore', 'ignore_ament_install']
[0.215s] Level 1:colcon.colcon_core.package_identification:_identify(src) by extension 'ignore'
[0.215s] Level 1:colcon.colcon_core.package_identification:_identify(src) by extension 'ignore_ament_install'
[0.215s] Level 1:colcon.colcon_core.package_identification:_identify(src) by extensions ['colcon_pkg']
[0.215s] Level 1:colcon.colcon_core.package_identification:_identify(src) by extension 'colcon_pkg'
[0.215s] Level 1:colcon.colcon_core.package_identification:_identify(src) by extensions ['colcon_meta']
[0.215s] Level 1:colcon.colcon_core.package_identification:_identify(src) by extension 'colcon_meta'
[0.215s] Level 1:colcon.colcon_core.package_identification:_identify(src) by extensions ['ros']
[0.215s] Level 1:colcon.colcon_core.package_identification:_identify(src) by extension 'ros'
[0.215s] Level 1:colcon.colcon_core.package_identification:_identify(src) by extensions ['cmake', 'python']
[0.215s] Level 1:colcon.colcon_core.package_identification:_identify(src) by extension 'cmake'
[0.215s] Level 1:colcon.colcon_core.package_identification:_identify(src) by extension 'python'
[0.215s] Level 1:colcon.colcon_core.package_identification:_identify(src) by extensions ['python_setup_py']
[0.215s] Level 1:colcon.colcon_core.package_identification:_identify(src) by extension 'python_setup_py'
[0.215s] Level 1:colcon.colcon_core.package_identification:_identify(src/base_interface) by extensions ['ignore', 'ignore_ament_install']
[0.215s] Level 1:colcon.colcon_core.package_identification:_identify(src/base_interface) by extension 'ignore'
[0.215s] Level 1:colcon.colcon_core.package_identification:_identify(src/base_interface) by extension 'ignore_ament_install'
[0.215s] Level 1:colcon.colcon_core.package_identification:_identify(src/base_interface) by extensions ['colcon_pkg']
[0.215s] Level 1:colcon.colcon_core.package_identification:_identify(src/base_interface) by extension 'colcon_pkg'
[0.215s] Level 1:colcon.colcon_core.package_identification:_identify(src/base_interface) by extensions ['colcon_meta']
[0.215s] Level 1:colcon.colcon_core.package_identification:_identify(src/base_interface) by extension 'colcon_meta'
[0.215s] Level 1:colcon.colcon_core.package_identification:_identify(src/base_interface) by extensions ['ros']
[0.215s] Level 1:colcon.colcon_core.package_identification:_identify(src/base_interface) by extension 'ros'
[0.217s] DEBUG:colcon.colcon_core.package_identification:Package 'src/base_interface' with type 'ros.ament_cmake' and name 'base_interface'
[0.218s] Level 1:colcon.colcon_core.package_identification:_identify(src/cpp_topic) by extensions ['ignore', 'ignore_ament_install']
[0.218s] Level 1:colcon.colcon_core.package_identification:_identify(src/cpp_topic) by extension 'ignore'
[0.218s] Level 1:colcon.colcon_core.package_identification:_identify(src/cpp_topic) by extension 'ignore_ament_install'
[0.218s] Level 1:colcon.colcon_core.package_identification:_identify(src/cpp_topic) by extensions ['colcon_pkg']
[0.218s] Level 1:colcon.colcon_core.package_identification:_identify(src/cpp_topic) by extension 'colcon_pkg'
[0.218s] Level 1:colcon.colcon_core.package_identification:_identify(src/cpp_topic) by extensions ['colcon_meta']
[0.218s] Level 1:colcon.colcon_core.package_identification:_identify(src/cpp_topic) by extension 'colcon_meta'
[0.218s] Level 1:colcon.colcon_core.package_identification:_identify(src/cpp_topic) by extensions ['ros']
[0.218s] Level 1:colcon.colcon_core.package_identification:_identify(src/cpp_topic) by extension 'ros'
[0.218s] DEBUG:colcon.colcon_core.package_identification:Package 'src/cpp_topic' with type 'ros.ament_cmake' and name 'cpp_topic'
[0.218s] Level 1:colcon.colcon_core.package_discovery:discover_packages(recursive) using defaults
[0.218s] Level 1:colcon.colcon_core.package_discovery:discover_packages(ignore) discover
[0.219s] Level 1:colcon.colcon_core.package_discovery:discover_packages(ignore) using defaults
[0.219s] Level 1:colcon.colcon_core.package_discovery:discover_packages(path) discover
[0.219s] Level 1:colcon.colcon_core.package_discovery:discover_packages(path) using defaults
[0.234s] Level 1:colcon.colcon_core.package_discovery:discover_packages(prefix_path) check parameters
[0.234s] Level 1:colcon.colcon_core.package_discovery:discover_packages(prefix_path) discover
[0.237s] DEBUG:colcon.colcon_installed_package_information.package_discovery:Found 270 installed packages in /opt/ros/humble
[0.238s] Level 1:colcon.colcon_core.package_discovery:discover_packages(prefix_path) using defaults
[0.285s] Level 5:colcon.colcon_core.verb:set package 'base_interface' build argument 'cmake_args' from command line to 'None'
[0.285s] Level 5:colcon.colcon_core.verb:set package 'base_interface' build argument 'cmake_target' from command line to 'None'
[0.285s] Level 5:colcon.colcon_core.verb:set package 'base_interface' build argument 'cmake_target_skip_unavailable' from command line to 'False'
[0.285s] Level 5:colcon.colcon_core.verb:set package 'base_interface' build argument 'cmake_clean_cache' from command line to 'False'
[0.285s] Level 5:colcon.colcon_core.verb:set package 'base_interface' build argument 'cmake_clean_first' from command line to 'False'
[0.285s] Level 5:colcon.colcon_core.verb:set package 'base_interface' build argument 'cmake_force_configure' from command line to 'False'
[0.285s] Level 5:colcon.colcon_core.verb:set package 'base_interface' build argument 'ament_cmake_args' from command line to 'None'
[0.285s] Level 5:colcon.colcon_core.verb:set package 'base_interface' build argument 'catkin_cmake_args' from command line to 'None'
[0.285s] Level 5:colcon.colcon_core.verb:set package 'base_interface' build argument 'catkin_skip_building_tests' from command line to 'False'
[0.285s] DEBUG:colcon.colcon_core.verb:Building package 'base_interface' with the following arguments: {'ament_cmake_args': None, 'build_base': '/home/simpletime/exam/build/base_interface', 'catkin_cmake_args': None, 'catkin_skip_building_tests': False, 'cmake_args': None, 'cmake_clean_cache': False, 'cmake_clean_first': False, 'cmake_force_configure': False, 'cmake_target': None, 'cmake_target_skip_unavailable': False, 'install_base': '/home/simpletime/exam/install/base_interface', 'merge_install': False, 'path': '/home/simpletime/exam/src/base_interface', 'symlink_install': False, 'test_result_base': None}
[0.286s] Level 5:colcon.colcon_core.verb:set package 'cpp_topic' build argument 'cmake_args' from command line to 'None'
[0.286s] Level 5:colcon.colcon_core.verb:set package 'cpp_topic' build argument 'cmake_target' from command line to 'None'
[0.286s] Level 5:colcon.colcon_core.verb:set package 'cpp_topic' build argument 'cmake_target_skip_unavailable' from command line to 'False'
[0.286s] Level 5:colcon.colcon_core.verb:set package 'cpp_topic' build argument 'cmake_clean_cache' from command line to 'False'
[0.286s] Level 5:colcon.colcon_core.verb:set package 'cpp_topic' build argument 'cmake_clean_first' from command line to 'False'
[0.286s] Level 5:colcon.colcon_core.verb:set package 'cpp_topic' build argument 'cmake_force_configure' from command line to 'False'
[0.286s] Level 5:colcon.colcon_core.verb:set package 'cpp_topic' build argument 'ament_cmake_args' from command line to 'None'
[0.286s] Level 5:colcon.colcon_core.verb:set package 'cpp_topic' build argument 'catkin_cmake_args' from command line to 'None'
[0.286s] Level 5:colcon.colcon_core.verb:set package 'cpp_topic' build argument 'catkin_skip_building_tests' from command line to 'False'
[0.286s] DEBUG:colcon.colcon_core.verb:Building package 'cpp_topic' with the following arguments: {'ament_cmake_args': None, 'build_base': '/home/simpletime/exam/build/cpp_topic', 'catkin_cmake_args': None, 'catkin_skip_building_tests': False, 'cmake_args': None, 'cmake_clean_cache': False, 'cmake_clean_first': False, 'cmake_force_configure': False, 'cmake_target': None, 'cmake_target_skip_unavailable': False, 'install_base': '/home/simpletime/exam/install/cpp_topic', 'merge_install': False, 'path': '/home/simpletime/exam/src/cpp_topic', 'symlink_install': False, 'test_result_base': None}
[0.286s] INFO:colcon.colcon_core.executor:Executing jobs using 'parallel' executor
[0.287s] DEBUG:colcon.colcon_parallel_executor.executor.parallel:run_until_complete
[0.287s] INFO:colcon.colcon_ros.task.ament_cmake.build:Building ROS package in '/home/simpletime/exam/src/base_interface' with build type 'ament_cmake'
[0.287s] INFO:colcon.colcon_cmake.task.cmake.build:Building CMake package in '/home/simpletime/exam/src/base_interface'
[0.289s] INFO:colcon.colcon_core.plugin_system:Skipping extension 'colcon_core.shell.bat': Not used on non-Windows systems
[0.289s] INFO:colcon.colcon_core.shell:Skip shell extension 'powershell' for command environment: Not usable outside of PowerShell
[0.290s] DEBUG:colcon.colcon_core.shell:Skip shell extension 'dsv' for command environment
[0.292s] INFO:colcon.colcon_ros.task.ament_cmake.build:Building ROS package in '/home/simpletime/exam/src/cpp_topic' with build type 'ament_cmake'
[0.293s] INFO:colcon.colcon_cmake.task.cmake.build:Building CMake package in '/home/simpletime/exam/src/cpp_topic'
[0.293s] INFO:colcon.colcon_core.shell:Skip shell extension 'powershell' for command environment: Not usable outside of PowerShell
[0.293s] DEBUG:colcon.colcon_core.shell:Skip shell extension 'dsv' for command environment
[0.307s] DEBUG:colcon.colcon_core.event_handler.log_command:Invoking command in '/home/simpletime/exam/build/base_interface': CMAKE_PREFIX_PATH=/opt/ros/humble /usr/bin/cmake /home/simpletime/exam/src/base_interface -DCMAKE_INSTALL_PREFIX=/home/simpletime/exam/install/base_interface
[0.308s] DEBUG:colcon.colcon_core.event_handler.log_command:Invoking command in '/home/simpletime/exam/build/cpp_topic': CMAKE_PREFIX_PATH=/opt/ros/humble /usr/bin/cmake /home/simpletime/exam/src/cpp_topic -DCMAKE_INSTALL_PREFIX=/home/simpletime/exam/install/cpp_topic
[1.165s] DEBUG:colcon.colcon_core.event_handler.log_command:Invoked command in '/home/simpletime/exam/build/cpp_topic' returned '0': CMAKE_PREFIX_PATH=/opt/ros/humble /usr/bin/cmake /home/simpletime/exam/src/cpp_topic -DCMAKE_INSTALL_PREFIX=/home/simpletime/exam/install/cpp_topic
[1.166s] DEBUG:colcon.colcon_core.event_handler.log_command:Invoking command in '/home/simpletime/exam/build/cpp_topic': CMAKE_PREFIX_PATH=/opt/ros/humble /usr/bin/cmake --build /home/simpletime/exam/build/cpp_topic -- -j4 -l4
[1.306s] DEBUG:colcon.colcon_core.event_handler.log_command:Invoked command in '/home/simpletime/exam/build/cpp_topic' returned '0': CMAKE_PREFIX_PATH=/opt/ros/humble /usr/bin/cmake --build /home/simpletime/exam/build/cpp_topic -- -j4 -l4
[1.337s] DEBUG:colcon.colcon_core.event_handler.log_command:Invoking command in '/home/simpletime/exam/build/cpp_topic': CMAKE_PREFIX_PATH=/opt/ros/humble /usr/bin/cmake --install /home/simpletime/exam/build/cpp_topic
[1.347s] Level 1:colcon.colcon_core.environment:create_environment_scripts_only(cpp_topic)
[1.348s] DEBUG:colcon.colcon_core.event_handler.log_command:Invoked command in '/home/simpletime/exam/build/cpp_topic' returned '0': CMAKE_PREFIX_PATH=/opt/ros/humble /usr/bin/cmake --install /home/simpletime/exam/build/cpp_topic
[1.349s] Level 1:colcon.colcon_core.environment:checking '/home/simpletime/exam/install/cpp_topic' for CMake module files
[1.349s] Level 1:colcon.colcon_core.environment:checking '/home/simpletime/exam/install/cpp_topic' for CMake config files
[1.349s] Level 1:colcon.colcon_core.shell:create_environment_hook('cpp_topic', 'cmake_prefix_path')
[1.350s] INFO:colcon.colcon_core.shell:Creating environment hook '/home/simpletime/exam/install/cpp_topic/share/cpp_topic/hook/cmake_prefix_path.ps1'
[1.350s] INFO:colcon.colcon_core.shell:Creating environment descriptor '/home/simpletime/exam/install/cpp_topic/share/cpp_topic/hook/cmake_prefix_path.dsv'
[1.350s] INFO:colcon.colcon_core.shell:Creating environment hook '/home/simpletime/exam/install/cpp_topic/share/cpp_topic/hook/cmake_prefix_path.sh'
[1.351s] Level 1:colcon.colcon_core.environment:checking '/home/simpletime/exam/install/cpp_topic/lib'
[1.351s] Level 1:colcon.colcon_core.environment:checking '/home/simpletime/exam/install/cpp_topic/bin'
[1.351s] Level 1:colcon.colcon_core.environment:checking '/home/simpletime/exam/install/cpp_topic/lib/pkgconfig/cpp_topic.pc'
[1.351s] Level 1:colcon.colcon_core.environment:checking '/home/simpletime/exam/install/cpp_topic/lib/python3.10/site-packages'
[1.351s] Level 1:colcon.colcon_core.environment:checking '/home/simpletime/exam/install/cpp_topic/bin'
[1.352s] INFO:colcon.colcon_core.shell:Creating package script '/home/simpletime/exam/install/cpp_topic/share/cpp_topic/package.ps1'
[1.353s] INFO:colcon.colcon_core.shell:Creating package descriptor '/home/simpletime/exam/install/cpp_topic/share/cpp_topic/package.dsv'
[1.353s] INFO:colcon.colcon_core.shell:Creating package script '/home/simpletime/exam/install/cpp_topic/share/cpp_topic/package.sh'
[1.353s] INFO:colcon.colcon_core.shell:Creating package script '/home/simpletime/exam/install/cpp_topic/share/cpp_topic/package.bash'
[1.354s] INFO:colcon.colcon_core.shell:Creating package script '/home/simpletime/exam/install/cpp_topic/share/cpp_topic/package.zsh'
[1.354s] Level 1:colcon.colcon_core.environment:create_file_with_runtime_dependencies(/home/simpletime/exam/install/cpp_topic/share/colcon-core/packages/cpp_topic)
[1.374s] Level 1:colcon.colcon_core.environment:create_environment_scripts_only(cpp_topic)
[1.375s] Level 1:colcon.colcon_core.environment:checking '/home/simpletime/exam/install/cpp_topic' for CMake module files
[1.375s] Level 1:colcon.colcon_core.environment:checking '/home/simpletime/exam/install/cpp_topic' for CMake config files
[1.375s] Level 1:colcon.colcon_core.shell:create_environment_hook('cpp_topic', 'cmake_prefix_path')
[1.375s] INFO:colcon.colcon_core.shell:Creating environment hook '/home/simpletime/exam/install/cpp_topic/share/cpp_topic/hook/cmake_prefix_path.ps1'
[1.376s] INFO:colcon.colcon_core.shell:Creating environment descriptor '/home/simpletime/exam/install/cpp_topic/share/cpp_topic/hook/cmake_prefix_path.dsv'
[1.376s] INFO:colcon.colcon_core.shell:Creating environment hook '/home/simpletime/exam/install/cpp_topic/share/cpp_topic/hook/cmake_prefix_path.sh'
[1.376s] Level 1:colcon.colcon_core.environment:checking '/home/simpletime/exam/install/cpp_topic/lib'
[1.376s] Level 1:colcon.colcon_core.environment:checking '/home/simpletime/exam/install/cpp_topic/bin'
[1.377s] Level 1:colcon.colcon_core.environment:checking '/home/simpletime/exam/install/cpp_topic/lib/pkgconfig/cpp_topic.pc'
[1.377s] Level 1:colcon.colcon_core.environment:checking '/home/simpletime/exam/install/cpp_topic/lib/python3.10/site-packages'
[1.377s] Level 1:colcon.colcon_core.environment:checking '/home/simpletime/exam/install/cpp_topic/bin'
[1.377s] INFO:colcon.colcon_core.shell:Creating package script '/home/simpletime/exam/install/cpp_topic/share/cpp_topic/package.ps1'
[1.377s] INFO:colcon.colcon_core.shell:Creating package descriptor '/home/simpletime/exam/install/cpp_topic/share/cpp_topic/package.dsv'
[1.378s] INFO:colcon.colcon_core.shell:Creating package script '/home/simpletime/exam/install/cpp_topic/share/cpp_topic/package.sh'
[1.378s] INFO:colcon.colcon_core.shell:Creating package script '/home/simpletime/exam/install/cpp_topic/share/cpp_topic/package.bash'
[1.379s] INFO:colcon.colcon_core.shell:Creating package script '/home/simpletime/exam/install/cpp_topic/share/cpp_topic/package.zsh'
[1.379s] Level 1:colcon.colcon_core.environment:create_file_with_runtime_dependencies(/home/simpletime/exam/install/cpp_topic/share/colcon-core/packages/cpp_topic)
[1.665s] DEBUG:colcon.colcon_core.event_handler.log_command:Invoked command in '/home/simpletime/exam/build/base_interface' returned '0': CMAKE_PREFIX_PATH=/opt/ros/humble /usr/bin/cmake /home/simpletime/exam/src/base_interface -DCMAKE_INSTALL_PREFIX=/home/simpletime/exam/install/base_interface
[1.667s] DEBUG:colcon.colcon_core.event_handler.log_command:Invoking command in '/home/simpletime/exam/build/base_interface': CMAKE_PREFIX_PATH=/opt/ros/humble /usr/bin/cmake --build /home/simpletime/exam/build/base_interface -- -j4 -l4
[3.392s] DEBUG:colcon.colcon_core.event_handler.log_command:Invoked command in '/home/simpletime/exam/build/base_interface' returned '0': CMAKE_PREFIX_PATH=/opt/ros/humble /usr/bin/cmake --build /home/simpletime/exam/build/base_interface -- -j4 -l4
[3.456s] DEBUG:colcon.colcon_core.event_handler.log_command:Invoking command in '/home/simpletime/exam/build/base_interface': CMAKE_PREFIX_PATH=/opt/ros/humble /usr/bin/cmake --install /home/simpletime/exam/build/base_interface
[3.513s] Level 1:colcon.colcon_core.environment:create_environment_scripts_only(base_interface)
[3.513s] Level 1:colcon.colcon_core.environment:checking '/home/simpletime/exam/install/base_interface' for CMake module files
[3.513s] DEBUG:colcon.colcon_core.event_handler.log_command:Invoked command in '/home/simpletime/exam/build/base_interface' returned '0': CMAKE_PREFIX_PATH=/opt/ros/humble /usr/bin/cmake --install /home/simpletime/exam/build/base_interface
[3.514s] Level 1:colcon.colcon_core.environment:checking '/home/simpletime/exam/install/base_interface' for CMake config files
[3.514s] Level 1:colcon.colcon_core.shell:create_environment_hook('base_interface', 'cmake_prefix_path')
[3.514s] INFO:colcon.colcon_core.shell:Creating environment hook '/home/simpletime/exam/install/base_interface/share/base_interface/hook/cmake_prefix_path.ps1'
[3.515s] INFO:colcon.colcon_core.shell:Creating environment descriptor '/home/simpletime/exam/install/base_interface/share/base_interface/hook/cmake_prefix_path.dsv'
[3.515s] INFO:colcon.colcon_core.shell:Creating environment hook '/home/simpletime/exam/install/base_interface/share/base_interface/hook/cmake_prefix_path.sh'
[3.515s] Level 1:colcon.colcon_core.environment:checking '/home/simpletime/exam/install/base_interface/lib'
[3.515s] Level 1:colcon.colcon_core.shell:create_environment_hook('base_interface', 'ld_library_path_lib')
[3.516s] INFO:colcon.colcon_core.shell:Creating environment hook '/home/simpletime/exam/install/base_interface/share/base_interface/hook/ld_library_path_lib.ps1'
[3.516s] INFO:colcon.colcon_core.shell:Creating environment descriptor '/home/simpletime/exam/install/base_interface/share/base_interface/hook/ld_library_path_lib.dsv'
[3.516s] INFO:colcon.colcon_core.shell:Creating environment hook '/home/simpletime/exam/install/base_interface/share/base_interface/hook/ld_library_path_lib.sh'
[3.517s] Level 1:colcon.colcon_core.environment:checking '/home/simpletime/exam/install/base_interface/bin'
[3.517s] Level 1:colcon.colcon_core.environment:checking '/home/simpletime/exam/install/base_interface/lib/pkgconfig/base_interface.pc'
[3.517s] Level 1:colcon.colcon_core.environment:checking '/home/simpletime/exam/install/base_interface/lib/python3.10/site-packages'
[3.517s] Level 1:colcon.colcon_core.environment:checking '/home/simpletime/exam/install/base_interface/bin'
[3.517s] INFO:colcon.colcon_core.shell:Creating package script '/home/simpletime/exam/install/base_interface/share/base_interface/package.ps1'
[3.518s] INFO:colcon.colcon_core.shell:Creating package descriptor '/home/simpletime/exam/install/base_interface/share/base_interface/package.dsv'
[3.518s] INFO:colcon.colcon_core.shell:Creating package script '/home/simpletime/exam/install/base_interface/share/base_interface/package.sh'
[3.518s] INFO:colcon.colcon_core.shell:Creating package script '/home/simpletime/exam/install/base_interface/share/base_interface/package.bash'
[3.519s] INFO:colcon.colcon_core.shell:Creating package script '/home/simpletime/exam/install/base_interface/share/base_interface/package.zsh'
[3.519s] Level 1:colcon.colcon_core.environment:create_file_with_runtime_dependencies(/home/simpletime/exam/install/base_interface/share/colcon-core/packages/base_interface)
[3.578s] Level 1:colcon.colcon_core.environment:create_environment_scripts_only(base_interface)
[3.578s] Level 1:colcon.colcon_core.environment:checking '/home/simpletime/exam/install/base_interface' for CMake module files
[3.579s] Level 1:colcon.colcon_core.environment:checking '/home/simpletime/exam/install/base_interface' for CMake config files
[3.579s] Level 1:colcon.colcon_core.shell:create_environment_hook('base_interface', 'cmake_prefix_path')
[3.579s] INFO:colcon.colcon_core.shell:Creating environment hook '/home/simpletime/exam/install/base_interface/share/base_interface/hook/cmake_prefix_path.ps1'
[3.580s] INFO:colcon.colcon_core.shell:Creating environment descriptor '/home/simpletime/exam/install/base_interface/share/base_interface/hook/cmake_prefix_path.dsv'
[3.580s] INFO:colcon.colcon_core.shell:Creating environment hook '/home/simpletime/exam/install/base_interface/share/base_interface/hook/cmake_prefix_path.sh'
[3.581s] Level 1:colcon.colcon_core.environment:checking '/home/simpletime/exam/install/base_interface/lib'
[3.581s] Level 1:colcon.colcon_core.shell:create_environment_hook('base_interface', 'ld_library_path_lib')
[3.581s] INFO:colcon.colcon_core.shell:Creating environment hook '/home/simpletime/exam/install/base_interface/share/base_interface/hook/ld_library_path_lib.ps1'
[3.581s] INFO:colcon.colcon_core.shell:Creating environment descriptor '/home/simpletime/exam/install/base_interface/share/base_interface/hook/ld_library_path_lib.dsv'
[3.582s] INFO:colcon.colcon_core.shell:Creating environment hook '/home/simpletime/exam/install/base_interface/share/base_interface/hook/ld_library_path_lib.sh'
[3.582s] Level 1:colcon.colcon_core.environment:checking '/home/simpletime/exam/install/base_interface/bin'
[3.582s] Level 1:colcon.colcon_core.environment:checking '/home/simpletime/exam/install/base_interface/lib/pkgconfig/base_interface.pc'
[3.582s] Level 1:colcon.colcon_core.environment:checking '/home/simpletime/exam/install/base_interface/lib/python3.10/site-packages'
[3.582s] Level 1:colcon.colcon_core.environment:checking '/home/simpletime/exam/install/base_interface/bin'
[3.583s] INFO:colcon.colcon_core.shell:Creating package script '/home/simpletime/exam/install/base_interface/share/base_interface/package.ps1'
[3.583s] INFO:colcon.colcon_core.shell:Creating package descriptor '/home/simpletime/exam/install/base_interface/share/base_interface/package.dsv'
[3.584s] INFO:colcon.colcon_core.shell:Creating package script '/home/simpletime/exam/install/base_interface/share/base_interface/package.sh'
[3.584s] INFO:colcon.colcon_core.shell:Creating package script '/home/simpletime/exam/install/base_interface/share/base_interface/package.bash'
[3.584s] INFO:colcon.colcon_core.shell:Creating package script '/home/simpletime/exam/install/base_interface/share/base_interface/package.zsh'
[3.585s] Level 1:colcon.colcon_core.environment:create_file_with_runtime_dependencies(/home/simpletime/exam/install/base_interface/share/colcon-core/packages/base_interface)
[3.585s] DEBUG:colcon.colcon_parallel_executor.executor.parallel:closing loop
[3.585s] DEBUG:colcon.colcon_parallel_executor.executor.parallel:loop closed
[3.586s] DEBUG:colcon.colcon_parallel_executor.executor.parallel:run_until_complete finished with '0'
[3.586s] DEBUG:colcon.colcon_core.event_reactor:joining thread
[3.590s] INFO:colcon.colcon_core.plugin_system:Skipping extension 'colcon_notification.desktop_notification.terminal_notifier': Not used on non-Darwin systems
[3.590s] INFO:colcon.colcon_core.plugin_system:Skipping extension 'colcon_notification.desktop_notification.win32': Not used on non-Windows systems
[3.590s] INFO:colcon.colcon_notification.desktop_notification:Sending desktop notification using 'notify2'
[3.605s] DEBUG:colcon.colcon_core.event_reactor:joined thread
[3.605s] INFO:colcon.colcon_core.shell:Creating prefix script '/home/simpletime/exam/install/local_setup.ps1'
[3.606s] INFO:colcon.colcon_core.shell:Creating prefix util module '/home/simpletime/exam/install/_local_setup_util_ps1.py'
[3.607s] INFO:colcon.colcon_core.shell:Creating prefix chain script '/home/simpletime/exam/install/setup.ps1'
[3.608s] INFO:colcon.colcon_core.shell:Creating prefix script '/home/simpletime/exam/install/local_setup.sh'
[3.609s] INFO:colcon.colcon_core.shell:Creating prefix util module '/home/simpletime/exam/install/_local_setup_util_sh.py'
[3.609s] INFO:colcon.colcon_core.shell:Creating prefix chain script '/home/simpletime/exam/install/setup.sh'
[3.610s] INFO:colcon.colcon_core.shell:Creating prefix script '/home/simpletime/exam/install/local_setup.bash'
[3.611s] INFO:colcon.colcon_core.shell:Creating prefix chain script '/home/simpletime/exam/install/setup.bash'
[3.611s] INFO:colcon.colcon_core.shell:Creating prefix script '/home/simpletime/exam/install/local_setup.zsh'
[3.612s] INFO:colcon.colcon_core.shell:Creating prefix chain script '/home/simpletime/exam/install/setup.zsh'
