[35m[1mConsolidate compiler generated dependencies of target gmae_client[0m
[ 50%] Built target game_server
[ 75%] [32mBuilding CXX object CMakeFiles/gmae_client.dir/src/gmae_client.cpp.o[0m
In file included from [01m[K/opt/ros/humble/include/rclcpp/rclcpp/logging.hpp:24[m[K,
                 from [01m[K/opt/ros/humble/include/rclcpp/rclcpp/client.hpp:40[m[K,
                 from [01m[K/opt/ros/humble/include/rclcpp/rclcpp/callback_group.hpp:24[m[K,
                 from [01m[K/opt/ros/humble/include/rclcpp/rclcpp/any_executable.hpp:20[m[K,
                 from [01m[K/opt/ros/humble/include/rclcpp/rclcpp/memory_strategy.hpp:25[m[K,
                 from [01m[K/opt/ros/humble/include/rclcpp/rclcpp/memory_strategies.hpp:18[m[K,
                 from [01m[K/opt/ros/humble/include/rclcpp/rclcpp/executor_options.hpp:20[m[K,
                 from [01m[K/opt/ros/humble/include/rclcpp/rclcpp/executor.hpp:37[m[K,
                 from [01m[K/opt/ros/humble/include/rclcpp/rclcpp/executors/multi_threaded_executor.hpp:25[m[K,
                 from [01m[K/opt/ros/humble/include/rclcpp/rclcpp/executors.hpp:21[m[K,
                 from [01m[K/opt/ros/humble/include/rclcpp/rclcpp/rclcpp.hpp:155[m[K,
                 from [01m[K/home/simpletime/project02_gameservice/src/game_service/src/gmae_client.cpp:1[m[K:
[01m[K/home/simpletime/project02_gameservice/src/game_service/src/gmae_client.cpp:[m[K In function ‘[01m[Kint main(int, const char**)[m[K’:
[01m[K/home/simpletime/project02_gameservice/src/game_service/src/gmae_client.cpp:49:38:[m[K [01;35m[Kwarning: [m[Kformat ‘[01m[K%d[m[K’ expects argument of type ‘[01m[Kint[m[K’, but argument 6 has type ‘[01m[Kconst char*[m[K’ [[01;35m[K]8;;https://gcc.gnu.org/onlinedocs/gcc/Warning-Options.html#index-Wformat=-Wformat=]8;;[m[K]
   49 |     RCLCPP_INFO(client->get_logger(),[01;35m[K"充值成功！用户:%s 充值金额:%d 获得点卷;%d 恭喜您成为尊贵的%s"[m[K
      |                                      [01;35m[K^~~~~~~~~~~~~~~~~~~~~~~~~~~~~~~~~~~~~~~~~~~~~~~~~~~~~~~~~~~~~~[m[K
   50 |                                             ,argv[1],[32m[Kargv[2][m[K,future.get()->user_points,future.get()->user_vip_level.c_str());
      |                                                      [32m[K~~~~~~~[m[K
      |                                                            [32m[K|[m[K
      |                                                            [32m[Kconst char*[m[K
[01m[K/home/simpletime/project02_gameservice/src/game_service/src/gmae_client.cpp:49:67:[m[K [01;36m[Knote: [m[Kformat string is defined here
   49 |     RCLCPP_INFO(client->get_logger(),"充值成功！用户:%s 充值金额:[01;36m[K%d[m[K 获得点卷;%d 恭喜您成为尊贵的%s"
      |                                                                  [01;36m[K~^[m[K
      |                                                                   [01;36m[K|[m[K
      |                                                                   [01;36m[Kint[m[K
      |                                                                  [32m[K%s[m[K
[100%] [32m[1mLinking CXX executable gmae_client[0m
[100%] Built target gmae_client
-- Install configuration: ""
-- Up-to-date: /home/simpletime/project02_gameservice/install/game_service/lib/game_service/game_server
-- Installing: /home/simpletime/project02_gameservice/install/game_service/lib/game_service/gmae_client
-- Set runtime path of "/home/simpletime/project02_gameservice/install/game_service/lib/game_service/gmae_client" to ""
-- Up-to-date: /home/simpletime/project02_gameservice/install/game_service/share/ament_index/resource_index/package_run_dependencies/game_service
-- Up-to-date: /home/simpletime/project02_gameservice/install/game_service/share/ament_index/resource_index/parent_prefix_path/game_service
-- Up-to-date: /home/simpletime/project02_gameservice/install/game_service/share/game_service/environment/ament_prefix_path.sh
-- Up-to-date: /home/simpletime/project02_gameservice/install/game_service/share/game_service/environment/ament_prefix_path.dsv
-- Up-to-date: /home/simpletime/project02_gameservice/install/game_service/share/game_service/environment/path.sh
-- Up-to-date: /home/simpletime/project02_gameservice/install/game_service/share/game_service/environment/path.dsv
-- Up-to-date: /home/simpletime/project02_gameservice/install/game_service/share/game_service/local_setup.bash
-- Up-to-date: /home/simpletime/project02_gameservice/install/game_service/share/game_service/local_setup.sh
-- Up-to-date: /home/simpletime/project02_gameservice/install/game_service/share/game_service/local_setup.zsh
-- Up-to-date: /home/simpletime/project02_gameservice/install/game_service/share/game_service/local_setup.dsv
-- Installing: /home/simpletime/project02_gameservice/install/game_service/share/game_service/package.dsv
-- Up-to-date: /home/simpletime/project02_gameservice/install/game_service/share/ament_index/resource_index/packages/game_service
-- Up-to-date: /home/simpletime/project02_gameservice/install/game_service/share/game_service/cmake/game_serviceConfig.cmake
-- Up-to-date: /home/simpletime/project02_gameservice/install/game_service/share/game_service/cmake/game_serviceConfig-version.cmake
-- Up-to-date: /home/simpletime/project02_gameservice/install/game_service/share/game_service/package.xml
