[0.011s] Invoking command in '/home/simpletime/project02_gameservice/build/base_interfaces': CMAKE_PREFIX_PATH=${CMAKE_PREFIX_PATH}:/opt/ros/humble /usr/bin/cmake --build /home/simpletime/project02_gameservice/build/base_interfaces -- -j4 -l4
[0.035s] -- Found ament_cmake: 1.3.10 (/opt/ros/humble/share/ament_cmake/cmake)
[0.140s] -- Found rosidl_default_generators: 1.2.0 (/opt/ros/humble/share/rosidl_default_generators/cmake)
[0.144s] -- Using all available rosidl_typesupport_c: rosidl_typesupport_fastrtps_c;rosidl_typesupport_introspection_c
[0.150s] -- Found rosidl_adapter: 3.1.5 (/opt/ros/humble/share/rosidl_adapter/cmake)
[0.187s] -- Using all available rosidl_typesupport_cpp: rosidl_typesupport_fastrtps_cpp;rosidl_typesupport_introspection_cpp
[0.421s] -- Found ament_cmake_ros: 0.10.0 (/opt/ros/humble/share/ament_cmake_ros/cmake)
[0.571s] -- Using all available rosidl_typesupport_c: rosidl_typesupport_fastrtps_c;rosidl_typesupport_introspection_c
[0.751s] -- Using all available rosidl_typesupport_cpp: rosidl_typesupport_fastrtps_cpp;rosidl_typesupport_introspection_cpp
[0.768s] -- Found PythonInterp: /usr/bin/python3 (found suitable version "3.10.12", minimum required is "3.6") 
[0.770s] -- Found python_cmake_module: 0.10.0 (/opt/ros/humble/share/python_cmake_module/cmake)
[0.792s] -- Found PythonLibs: /usr/lib/x86_64-linux-gnu/libpython3.10.so (found suitable version "3.10.12", minimum required is "3.5") 
[0.792s] -- Using PYTHON_EXECUTABLE: /usr/bin/python3
[0.792s] -- Using PYTHON_INCLUDE_DIRS: /usr/include/python3.10
[0.792s] -- Using PYTHON_LIBRARIES: /usr/lib/x86_64-linux-gnu/libpython3.10.so
[0.807s] -- Found PythonExtra: .so  
[0.832s] -- Found ament_lint_auto: 0.12.11 (/opt/ros/humble/share/ament_lint_auto/cmake)
[0.843s] -- Configuring done
[0.871s] -- Generating done
[0.872s] -- Build files have been written to: /home/simpletime/project02_gameservice/build/base_interfaces
[0.893s] [  3%] [34m[1mGenerating C code for ROS interfaces[0m
[0.902s] [  6%] [34m[1mGenerating C++ code for ROS interfaces[0m
[0.909s] [  6%] Built target ament_cmake_python_copy_base_interfaces
[1.082s] running egg_info
[1.083s] creating base_interfaces.egg-info
[1.083s] writing base_interfaces.egg-info/PKG-INFO
[1.083s] writing dependency_links to base_interfaces.egg-info/dependency_links.txt
[1.083s] writing top-level names to base_interfaces.egg-info/top_level.txt
[1.083s] writing manifest file 'base_interfaces.egg-info/SOURCES.txt'
[1.086s] reading manifest file 'base_interfaces.egg-info/SOURCES.txt'
[1.086s] writing manifest file 'base_interfaces.egg-info/SOURCES.txt'
[1.110s] [  6%] Built target ament_cmake_python_build_base_interfaces_egg
[1.116s] [  6%] Built target base_interfaces__cpp
[1.127s] [  9%] [34m[1mGenerating C++ introspection for ROS interfaces[0m
[1.127s] [ 12%] [34m[1mGenerating C++ type support dispatch for ROS interfaces[0m
[1.127s] [ 16%] [34m[1mGenerating C++ type support for eProsima Fast-RTPS[0m
[1.132s] [ 19%] [32mBuilding C object CMakeFiles/base_interfaces__rosidl_generator_c.dir/rosidl_generator_c/base_interfaces/srv/detail/recharge__functions.c.o[0m
[1.253s] [ 22%] [32m[1mLinking C shared library libbase_interfaces__rosidl_generator_c.so[0m
[1.312s] [ 22%] Built target base_interfaces__rosidl_generator_c
[1.319s] [ 25%] [32mBuilding CXX object CMakeFiles/base_interfaces__rosidl_typesupport_cpp.dir/rosidl_typesupport_cpp/base_interfaces/srv/recharge__type_support.cpp.o[0m
[1.326s] [ 29%] [34m[1mGenerating C type support for eProsima Fast-RTPS[0m
[1.326s] [ 32%] [32mBuilding CXX object CMakeFiles/base_interfaces__rosidl_typesupport_introspection_cpp.dir/rosidl_typesupport_introspection_cpp/base_interfaces/srv/detail/recharge__type_support.cpp.o[0m
[1.370s] [ 35%] [32mBuilding CXX object CMakeFiles/base_interfaces__rosidl_typesupport_fastrtps_cpp.dir/rosidl_typesupport_fastrtps_cpp/base_interfaces/srv/detail/dds_fastrtps/recharge__type_support.cpp.o[0m
[1.638s] [ 38%] [32mBuilding CXX object CMakeFiles/base_interfaces__rosidl_typesupport_fastrtps_c.dir/rosidl_typesupport_fastrtps_c/base_interfaces/srv/detail/recharge__type_support_c.cpp.o[0m
[1.671s] [ 41%] [32m[1mLinking CXX shared library libbase_interfaces__rosidl_typesupport_cpp.so[0m
[1.717s] [ 41%] Built target base_interfaces__rosidl_typesupport_cpp
[1.732s] [ 45%] [34m[1mGenerating C introspection for ROS interfaces[0m
[1.810s] [ 48%] [32m[1mLinking CXX shared library libbase_interfaces__rosidl_typesupport_introspection_cpp.so[0m
[1.814s] [ 51%] [32m[1mLinking CXX shared library libbase_interfaces__rosidl_typesupport_fastrtps_cpp.so[0m
[2.010s] [ 51%] Built target base_interfaces__rosidl_typesupport_introspection_cpp
[2.011s] [ 51%] Built target base_interfaces__rosidl_typesupport_fastrtps_cpp
[2.017s] [ 54%] [34m[1mGenerating C type support dispatch for ROS interfaces[0m
[2.033s] [ 58%] [32mBuilding C object CMakeFiles/base_interfaces__rosidl_typesupport_introspection_c.dir/rosidl_typesupport_introspection_c/base_interfaces/srv/detail/recharge__type_support.c.o[0m
[2.045s] [ 61%] [32m[1mLinking CXX shared library libbase_interfaces__rosidl_typesupport_fastrtps_c.so[0m
[2.071s] [ 64%] [32m[1mLinking C shared library libbase_interfaces__rosidl_typesupport_introspection_c.so[0m
[2.112s] [ 64%] Built target base_interfaces__rosidl_typesupport_introspection_c
[2.112s] [ 64%] Built target base_interfaces__rosidl_typesupport_fastrtps_c
[2.191s] [ 67%] [32mBuilding CXX object CMakeFiles/base_interfaces__rosidl_typesupport_c.dir/rosidl_typesupport_c/base_interfaces/srv/recharge__type_support.cpp.o[0m
[2.218s] [ 70%] [32m[1mLinking CXX shared library libbase_interfaces__rosidl_typesupport_c.so[0m
[2.257s] [ 70%] Built target base_interfaces__rosidl_typesupport_c
[2.275s] [ 70%] Built target base_interfaces
[2.293s] [ 74%] [34m[1mGenerating Python code for ROS interfaces[0m
[2.544s] [ 74%] Built target base_interfaces__py
[2.564s] [ 77%] [32mBuilding C object CMakeFiles/base_interfaces__rosidl_generator_py.dir/rosidl_generator_py/base_interfaces/srv/_recharge_s.c.o[0m
[2.686s] [ 80%] [32m[1mLinking C shared library rosidl_generator_py/base_interfaces/libbase_interfaces__rosidl_generator_py.so[0m
[2.723s] [ 80%] Built target base_interfaces__rosidl_generator_py
[2.745s] [ 83%] [32mBuilding C object CMakeFiles/base_interfaces__rosidl_typesupport_c__pyext.dir/rosidl_generator_py/base_interfaces/_base_interfaces_s.ep.rosidl_typesupport_c.c.o[0m
[2.747s] [ 87%] [32mBuilding C object CMakeFiles/base_interfaces__rosidl_typesupport_introspection_c__pyext.dir/rosidl_generator_py/base_interfaces/_base_interfaces_s.ep.rosidl_typesupport_introspection_c.c.o[0m
[2.749s] [ 90%] [32mBuilding C object CMakeFiles/base_interfaces__rosidl_typesupport_fastrtps_c__pyext.dir/rosidl_generator_py/base_interfaces/_base_interfaces_s.ep.rosidl_typesupport_fastrtps_c.c.o[0m
[2.835s] [ 93%] [32m[1mLinking C shared library rosidl_generator_py/base_interfaces/base_interfaces_s__rosidl_typesupport_c.cpython-310-x86_64-linux-gnu.so[0m
[2.835s] [ 96%] [32m[1mLinking C shared library rosidl_generator_py/base_interfaces/base_interfaces_s__rosidl_typesupport_fastrtps_c.cpython-310-x86_64-linux-gnu.so[0m
[2.835s] [100%] [32m[1mLinking C shared library rosidl_generator_py/base_interfaces/base_interfaces_s__rosidl_typesupport_introspection_c.cpython-310-x86_64-linux-gnu.so[0m
[2.868s] [100%] Built target base_interfaces__rosidl_typesupport_c__pyext
[2.868s] [100%] Built target base_interfaces__rosidl_typesupport_fastrtps_c__pyext
[2.869s] [100%] Built target base_interfaces__rosidl_typesupport_introspection_c__pyext
[2.882s] Invoked command in '/home/simpletime/project02_gameservice/build/base_interfaces' returned '0': CMAKE_PREFIX_PATH=${CMAKE_PREFIX_PATH}:/opt/ros/humble /usr/bin/cmake --build /home/simpletime/project02_gameservice/build/base_interfaces -- -j4 -l4
[2.954s] Invoking command in '/home/simpletime/project02_gameservice/build/base_interfaces': CMAKE_PREFIX_PATH=${CMAKE_PREFIX_PATH}:/opt/ros/humble /usr/bin/cmake --install /home/simpletime/project02_gameservice/build/base_interfaces
[2.962s] -- Install configuration: ""
[2.962s] -- Installing: /home/simpletime/project02_gameservice/install/base_interfaces/share/ament_index/resource_index/rosidl_interfaces/base_interfaces
[2.962s] -- Installing: /home/simpletime/project02_gameservice/install/base_interfaces/include/base_interfaces/base_interfaces
[2.962s] -- Installing: /home/simpletime/project02_gameservice/install/base_interfaces/include/base_interfaces/base_interfaces/msg
[2.962s] -- Installing: /home/simpletime/project02_gameservice/install/base_interfaces/include/base_interfaces/base_interfaces/msg/rosidl_generator_c__visibility_control.h
[2.962s] -- Installing: /home/simpletime/project02_gameservice/install/base_interfaces/include/base_interfaces/base_interfaces/srv
[2.963s] -- Installing: /home/simpletime/project02_gameservice/install/base_interfaces/include/base_interfaces/base_interfaces/srv/detail
[2.963s] -- Installing: /home/simpletime/project02_gameservice/install/base_interfaces/include/base_interfaces/base_interfaces/srv/detail/recharge__functions.c
[2.963s] -- Installing: /home/simpletime/project02_gameservice/install/base_interfaces/include/base_interfaces/base_interfaces/srv/detail/recharge__struct.h
[2.963s] -- Installing: /home/simpletime/project02_gameservice/install/base_interfaces/include/base_interfaces/base_interfaces/srv/detail/recharge__type_support.h
[2.963s] -- Installing: /home/simpletime/project02_gameservice/install/base_interfaces/include/base_interfaces/base_interfaces/srv/detail/recharge__functions.h
[2.963s] -- Installing: /home/simpletime/project02_gameservice/install/base_interfaces/include/base_interfaces/base_interfaces/srv/recharge.h
[2.963s] -- Installing: /home/simpletime/project02_gameservice/install/base_interfaces/share/base_interfaces/environment/library_path.sh
[2.963s] -- Installing: /home/simpletime/project02_gameservice/install/base_interfaces/share/base_interfaces/environment/library_path.dsv
[2.963s] -- Installing: /home/simpletime/project02_gameservice/install/base_interfaces/lib/libbase_interfaces__rosidl_generator_c.so
[2.963s] -- Set runtime path of "/home/simpletime/project02_gameservice/install/base_interfaces/lib/libbase_interfaces__rosidl_generator_c.so" to ""
[2.964s] -- Up-to-date: /home/simpletime/project02_gameservice/install/base_interfaces/include/base_interfaces/base_interfaces
[2.964s] -- Up-to-date: /home/simpletime/project02_gameservice/install/base_interfaces/include/base_interfaces/base_interfaces/msg
[2.964s] -- Installing: /home/simpletime/project02_gameservice/install/base_interfaces/include/base_interfaces/base_interfaces/msg/rosidl_typesupport_fastrtps_c__visibility_control.h
[2.964s] -- Up-to-date: /home/simpletime/project02_gameservice/install/base_interfaces/include/base_interfaces/base_interfaces/srv
[2.964s] -- Up-to-date: /home/simpletime/project02_gameservice/install/base_interfaces/include/base_interfaces/base_interfaces/srv/detail
[2.964s] -- Installing: /home/simpletime/project02_gameservice/install/base_interfaces/include/base_interfaces/base_interfaces/srv/detail/recharge__rosidl_typesupport_fastrtps_c.h
[2.964s] -- Installing: /home/simpletime/project02_gameservice/install/base_interfaces/lib/libbase_interfaces__rosidl_typesupport_fastrtps_c.so
[2.964s] -- Set runtime path of "/home/simpletime/project02_gameservice/install/base_interfaces/lib/libbase_interfaces__rosidl_typesupport_fastrtps_c.so" to ""
[2.964s] -- Up-to-date: /home/simpletime/project02_gameservice/install/base_interfaces/include/base_interfaces/base_interfaces
[2.964s] -- Up-to-date: /home/simpletime/project02_gameservice/install/base_interfaces/include/base_interfaces/base_interfaces/msg
[2.964s] -- Installing: /home/simpletime/project02_gameservice/install/base_interfaces/include/base_interfaces/base_interfaces/msg/rosidl_typesupport_introspection_c__visibility_control.h
[2.964s] -- Up-to-date: /home/simpletime/project02_gameservice/install/base_interfaces/include/base_interfaces/base_interfaces/srv
[2.965s] -- Up-to-date: /home/simpletime/project02_gameservice/install/base_interfaces/include/base_interfaces/base_interfaces/srv/detail
[2.965s] -- Installing: /home/simpletime/project02_gameservice/install/base_interfaces/include/base_interfaces/base_interfaces/srv/detail/recharge__type_support.c
[2.965s] -- Installing: /home/simpletime/project02_gameservice/install/base_interfaces/include/base_interfaces/base_interfaces/srv/detail/recharge__rosidl_typesupport_introspection_c.h
[2.965s] -- Installing: /home/simpletime/project02_gameservice/install/base_interfaces/lib/libbase_interfaces__rosidl_typesupport_introspection_c.so
[2.965s] -- Set runtime path of "/home/simpletime/project02_gameservice/install/base_interfaces/lib/libbase_interfaces__rosidl_typesupport_introspection_c.so" to ""
[2.965s] -- Installing: /home/simpletime/project02_gameservice/install/base_interfaces/lib/libbase_interfaces__rosidl_typesupport_c.so
[2.966s] -- Set runtime path of "/home/simpletime/project02_gameservice/install/base_interfaces/lib/libbase_interfaces__rosidl_typesupport_c.so" to ""
[2.966s] -- Up-to-date: /home/simpletime/project02_gameservice/install/base_interfaces/include/base_interfaces/base_interfaces
[2.966s] -- Up-to-date: /home/simpletime/project02_gameservice/install/base_interfaces/include/base_interfaces/base_interfaces/srv
[2.966s] -- Up-to-date: /home/simpletime/project02_gameservice/install/base_interfaces/include/base_interfaces/base_interfaces/srv/detail
[2.966s] -- Installing: /home/simpletime/project02_gameservice/install/base_interfaces/include/base_interfaces/base_interfaces/srv/detail/recharge__struct.hpp
[2.966s] -- Installing: /home/simpletime/project02_gameservice/install/base_interfaces/include/base_interfaces/base_interfaces/srv/detail/recharge__builder.hpp
[2.966s] -- Installing: /home/simpletime/project02_gameservice/install/base_interfaces/include/base_interfaces/base_interfaces/srv/detail/recharge__traits.hpp
[2.966s] -- Installing: /home/simpletime/project02_gameservice/install/base_interfaces/include/base_interfaces/base_interfaces/srv/recharge.hpp
[2.966s] -- Up-to-date: /home/simpletime/project02_gameservice/install/base_interfaces/include/base_interfaces/base_interfaces
[2.966s] -- Up-to-date: /home/simpletime/project02_gameservice/install/base_interfaces/include/base_interfaces/base_interfaces/msg
[2.967s] -- Installing: /home/simpletime/project02_gameservice/install/base_interfaces/include/base_interfaces/base_interfaces/msg/rosidl_typesupport_fastrtps_cpp__visibility_control.h
[2.967s] -- Up-to-date: /home/simpletime/project02_gameservice/install/base_interfaces/include/base_interfaces/base_interfaces/srv
[2.967s] -- Up-to-date: /home/simpletime/project02_gameservice/install/base_interfaces/include/base_interfaces/base_interfaces/srv/detail
[2.967s] -- Installing: /home/simpletime/project02_gameservice/install/base_interfaces/include/base_interfaces/base_interfaces/srv/detail/dds_fastrtps
[2.967s] -- Installing: /home/simpletime/project02_gameservice/install/base_interfaces/include/base_interfaces/base_interfaces/srv/detail/recharge__rosidl_typesupport_fastrtps_cpp.hpp
[2.967s] -- Installing: /home/simpletime/project02_gameservice/install/base_interfaces/lib/libbase_interfaces__rosidl_typesupport_fastrtps_cpp.so
[2.967s] -- Set runtime path of "/home/simpletime/project02_gameservice/install/base_interfaces/lib/libbase_interfaces__rosidl_typesupport_fastrtps_cpp.so" to ""
[2.967s] -- Up-to-date: /home/simpletime/project02_gameservice/install/base_interfaces/include/base_interfaces/base_interfaces
[2.968s] -- Up-to-date: /home/simpletime/project02_gameservice/install/base_interfaces/include/base_interfaces/base_interfaces/srv
[2.968s] -- Up-to-date: /home/simpletime/project02_gameservice/install/base_interfaces/include/base_interfaces/base_interfaces/srv/detail
[2.968s] -- Installing: /home/simpletime/project02_gameservice/install/base_interfaces/include/base_interfaces/base_interfaces/srv/detail/recharge__rosidl_typesupport_introspection_cpp.hpp
[2.968s] -- Installing: /home/simpletime/project02_gameservice/install/base_interfaces/include/base_interfaces/base_interfaces/srv/detail/recharge__type_support.cpp
[2.968s] -- Installing: /home/simpletime/project02_gameservice/install/base_interfaces/lib/libbase_interfaces__rosidl_typesupport_introspection_cpp.so
[2.968s] -- Set runtime path of "/home/simpletime/project02_gameservice/install/base_interfaces/lib/libbase_interfaces__rosidl_typesupport_introspection_cpp.so" to ""
[2.969s] -- Installing: /home/simpletime/project02_gameservice/install/base_interfaces/lib/libbase_interfaces__rosidl_typesupport_cpp.so
[2.969s] -- Set runtime path of "/home/simpletime/project02_gameservice/install/base_interfaces/lib/libbase_interfaces__rosidl_typesupport_cpp.so" to ""
[2.969s] -- Installing: /home/simpletime/project02_gameservice/install/base_interfaces/share/base_interfaces/environment/pythonpath.sh
[2.969s] -- Installing: /home/simpletime/project02_gameservice/install/base_interfaces/share/base_interfaces/environment/pythonpath.dsv
[2.969s] -- Installing: /home/simpletime/project02_gameservice/install/base_interfaces/local/lib/python3.10/dist-packages/base_interfaces-0.0.0-py3.10.egg-info
[2.969s] -- Installing: /home/simpletime/project02_gameservice/install/base_interfaces/local/lib/python3.10/dist-packages/base_interfaces-0.0.0-py3.10.egg-info/PKG-INFO
[2.969s] -- Installing: /home/simpletime/project02_gameservice/install/base_interfaces/local/lib/python3.10/dist-packages/base_interfaces-0.0.0-py3.10.egg-info/SOURCES.txt
[2.969s] -- Installing: /home/simpletime/project02_gameservice/install/base_interfaces/local/lib/python3.10/dist-packages/base_interfaces-0.0.0-py3.10.egg-info/dependency_links.txt
[2.970s] -- Installing: /home/simpletime/project02_gameservice/install/base_interfaces/local/lib/python3.10/dist-packages/base_interfaces-0.0.0-py3.10.egg-info/top_level.txt
[2.970s] -- Installing: /home/simpletime/project02_gameservice/install/base_interfaces/local/lib/python3.10/dist-packages/base_interfaces
[2.970s] -- Installing: /home/simpletime/project02_gameservice/install/base_interfaces/local/lib/python3.10/dist-packages/base_interfaces/srv
[2.970s] -- Installing: /home/simpletime/project02_gameservice/install/base_interfaces/local/lib/python3.10/dist-packages/base_interfaces/srv/__init__.py
[2.970s] -- Installing: /home/simpletime/project02_gameservice/install/base_interfaces/local/lib/python3.10/dist-packages/base_interfaces/srv/_recharge.py
[2.970s] -- Installing: /home/simpletime/project02_gameservice/install/base_interfaces/local/lib/python3.10/dist-packages/base_interfaces/srv/_recharge_s.c
[2.970s] -- Installing: /home/simpletime/project02_gameservice/install/base_interfaces/local/lib/python3.10/dist-packages/base_interfaces/__init__.py
[2.970s] -- Installing: /home/simpletime/project02_gameservice/install/base_interfaces/local/lib/python3.10/dist-packages/base_interfaces/_base_interfaces_s.ep.rosidl_typesupport_introspection_c.c
[2.971s] -- Installing: /home/simpletime/project02_gameservice/install/base_interfaces/local/lib/python3.10/dist-packages/base_interfaces/_base_interfaces_s.ep.rosidl_typesupport_fastrtps_c.c
[2.971s] -- Installing: /home/simpletime/project02_gameservice/install/base_interfaces/local/lib/python3.10/dist-packages/base_interfaces/_base_interfaces_s.ep.rosidl_typesupport_c.c
[2.971s] -- Installing: /home/simpletime/project02_gameservice/install/base_interfaces/local/lib/python3.10/dist-packages/base_interfaces/base_interfaces_s__rosidl_typesupport_c.cpython-310-x86_64-linux-gnu.so
[2.971s] -- Installing: /home/simpletime/project02_gameservice/install/base_interfaces/local/lib/python3.10/dist-packages/base_interfaces/base_interfaces_s__rosidl_typesupport_fastrtps_c.cpython-310-x86_64-linux-gnu.so
[2.971s] -- Installing: /home/simpletime/project02_gameservice/install/base_interfaces/local/lib/python3.10/dist-packages/base_interfaces/base_interfaces_s__rosidl_typesupport_introspection_c.cpython-310-x86_64-linux-gnu.so
[2.971s] -- Installing: /home/simpletime/project02_gameservice/install/base_interfaces/local/lib/python3.10/dist-packages/base_interfaces/libbase_interfaces__rosidl_generator_py.so
[3.003s] Listing '/home/simpletime/project02_gameservice/install/base_interfaces/local/lib/python3.10/dist-packages/base_interfaces'...
[3.003s] Compiling '/home/simpletime/project02_gameservice/install/base_interfaces/local/lib/python3.10/dist-packages/base_interfaces/__init__.py'...
[3.007s] Listing '/home/simpletime/project02_gameservice/install/base_interfaces/local/lib/python3.10/dist-packages/base_interfaces/srv'...
[3.007s] Compiling '/home/simpletime/project02_gameservice/install/base_interfaces/local/lib/python3.10/dist-packages/base_interfaces/srv/__init__.py'...
[3.008s] Compiling '/home/simpletime/project02_gameservice/install/base_interfaces/local/lib/python3.10/dist-packages/base_interfaces/srv/_recharge.py'...
[3.008s] -- Installing: /home/simpletime/project02_gameservice/install/base_interfaces/local/lib/python3.10/dist-packages/base_interfaces/base_interfaces_s__rosidl_typesupport_fastrtps_c.cpython-310-x86_64-linux-gnu.so
[3.009s] -- Set runtime path of "/home/simpletime/project02_gameservice/install/base_interfaces/local/lib/python3.10/dist-packages/base_interfaces/base_interfaces_s__rosidl_typesupport_fastrtps_c.cpython-310-x86_64-linux-gnu.so" to ""
[3.009s] -- Installing: /home/simpletime/project02_gameservice/install/base_interfaces/local/lib/python3.10/dist-packages/base_interfaces/base_interfaces_s__rosidl_typesupport_introspection_c.cpython-310-x86_64-linux-gnu.so
[3.009s] -- Set runtime path of "/home/simpletime/project02_gameservice/install/base_interfaces/local/lib/python3.10/dist-packages/base_interfaces/base_interfaces_s__rosidl_typesupport_introspection_c.cpython-310-x86_64-linux-gnu.so" to ""
[3.009s] -- Installing: /home/simpletime/project02_gameservice/install/base_interfaces/local/lib/python3.10/dist-packages/base_interfaces/base_interfaces_s__rosidl_typesupport_c.cpython-310-x86_64-linux-gnu.so
[3.010s] -- Set runtime path of "/home/simpletime/project02_gameservice/install/base_interfaces/local/lib/python3.10/dist-packages/base_interfaces/base_interfaces_s__rosidl_typesupport_c.cpython-310-x86_64-linux-gnu.so" to ""
[3.010s] -- Installing: /home/simpletime/project02_gameservice/install/base_interfaces/lib/libbase_interfaces__rosidl_generator_py.so
[3.010s] -- Set runtime path of "/home/simpletime/project02_gameservice/install/base_interfaces/lib/libbase_interfaces__rosidl_generator_py.so" to ""
[3.010s] -- Installing: /home/simpletime/project02_gameservice/install/base_interfaces/share/base_interfaces/srv/Recharge.idl
[3.011s] -- Installing: /home/simpletime/project02_gameservice/install/base_interfaces/share/base_interfaces/srv/Recharge.srv
[3.011s] -- Installing: /home/simpletime/project02_gameservice/install/base_interfaces/share/base_interfaces/srv/Recharge_Request.msg
[3.011s] -- Installing: /home/simpletime/project02_gameservice/install/base_interfaces/share/base_interfaces/srv/Recharge_Response.msg
[3.011s] -- Installing: /home/simpletime/project02_gameservice/install/base_interfaces/share/ament_index/resource_index/package_run_dependencies/base_interfaces
[3.012s] -- Installing: /home/simpletime/project02_gameservice/install/base_interfaces/share/ament_index/resource_index/parent_prefix_path/base_interfaces
[3.012s] -- Up-to-date: /home/simpletime/project02_gameservice/install/base_interfaces/share/base_interfaces/environment/ament_prefix_path.sh
[3.012s] -- Installing: /home/simpletime/project02_gameservice/install/base_interfaces/share/base_interfaces/environment/ament_prefix_path.dsv
[3.012s] -- Up-to-date: /home/simpletime/project02_gameservice/install/base_interfaces/share/base_interfaces/environment/path.sh
[3.012s] -- Installing: /home/simpletime/project02_gameservice/install/base_interfaces/share/base_interfaces/environment/path.dsv
[3.012s] -- Up-to-date: /home/simpletime/project02_gameservice/install/base_interfaces/share/base_interfaces/local_setup.bash
[3.012s] -- Installing: /home/simpletime/project02_gameservice/install/base_interfaces/share/base_interfaces/local_setup.sh
[3.012s] -- Up-to-date: /home/simpletime/project02_gameservice/install/base_interfaces/share/base_interfaces/local_setup.zsh
[3.012s] -- Installing: /home/simpletime/project02_gameservice/install/base_interfaces/share/base_interfaces/local_setup.dsv
[3.013s] -- Installing: /home/simpletime/project02_gameservice/install/base_interfaces/share/base_interfaces/package.dsv
[3.013s] -- Up-to-date: /home/simpletime/project02_gameservice/install/base_interfaces/share/ament_index/resource_index/packages/base_interfaces
[3.013s] -- Installing: /home/simpletime/project02_gameservice/install/base_interfaces/share/base_interfaces/cmake/export_base_interfaces__rosidl_generator_cExport.cmake
[3.013s] -- Installing: /home/simpletime/project02_gameservice/install/base_interfaces/share/base_interfaces/cmake/export_base_interfaces__rosidl_generator_cExport-noconfig.cmake
[3.013s] -- Installing: /home/simpletime/project02_gameservice/install/base_interfaces/share/base_interfaces/cmake/export_base_interfaces__rosidl_typesupport_fastrtps_cExport.cmake
[3.013s] -- Installing: /home/simpletime/project02_gameservice/install/base_interfaces/share/base_interfaces/cmake/export_base_interfaces__rosidl_typesupport_fastrtps_cExport-noconfig.cmake
[3.014s] -- Installing: /home/simpletime/project02_gameservice/install/base_interfaces/share/base_interfaces/cmake/base_interfaces__rosidl_typesupport_introspection_cExport.cmake
[3.014s] -- Installing: /home/simpletime/project02_gameservice/install/base_interfaces/share/base_interfaces/cmake/base_interfaces__rosidl_typesupport_introspection_cExport-noconfig.cmake
[3.014s] -- Installing: /home/simpletime/project02_gameservice/install/base_interfaces/share/base_interfaces/cmake/base_interfaces__rosidl_typesupport_cExport.cmake
[3.014s] -- Installing: /home/simpletime/project02_gameservice/install/base_interfaces/share/base_interfaces/cmake/base_interfaces__rosidl_typesupport_cExport-noconfig.cmake
[3.014s] -- Installing: /home/simpletime/project02_gameservice/install/base_interfaces/share/base_interfaces/cmake/export_base_interfaces__rosidl_generator_cppExport.cmake
[3.014s] -- Installing: /home/simpletime/project02_gameservice/install/base_interfaces/share/base_interfaces/cmake/export_base_interfaces__rosidl_typesupport_fastrtps_cppExport.cmake
[3.015s] -- Installing: /home/simpletime/project02_gameservice/install/base_interfaces/share/base_interfaces/cmake/export_base_interfaces__rosidl_typesupport_fastrtps_cppExport-noconfig.cmake
[3.015s] -- Installing: /home/simpletime/project02_gameservice/install/base_interfaces/share/base_interfaces/cmake/base_interfaces__rosidl_typesupport_introspection_cppExport.cmake
[3.015s] -- Installing: /home/simpletime/project02_gameservice/install/base_interfaces/share/base_interfaces/cmake/base_interfaces__rosidl_typesupport_introspection_cppExport-noconfig.cmake
[3.015s] -- Installing: /home/simpletime/project02_gameservice/install/base_interfaces/share/base_interfaces/cmake/base_interfaces__rosidl_typesupport_cppExport.cmake
[3.015s] -- Installing: /home/simpletime/project02_gameservice/install/base_interfaces/share/base_interfaces/cmake/base_interfaces__rosidl_typesupport_cppExport-noconfig.cmake
[3.016s] -- Installing: /home/simpletime/project02_gameservice/install/base_interfaces/share/base_interfaces/cmake/export_base_interfaces__rosidl_generator_pyExport.cmake
[3.016s] -- Installing: /home/simpletime/project02_gameservice/install/base_interfaces/share/base_interfaces/cmake/export_base_interfaces__rosidl_generator_pyExport-noconfig.cmake
[3.016s] -- Installing: /home/simpletime/project02_gameservice/install/base_interfaces/share/base_interfaces/cmake/rosidl_cmake-extras.cmake
[3.016s] -- Installing: /home/simpletime/project02_gameservice/install/base_interfaces/share/base_interfaces/cmake/ament_cmake_export_include_directories-extras.cmake
[3.016s] -- Installing: /home/simpletime/project02_gameservice/install/base_interfaces/share/base_interfaces/cmake/ament_cmake_export_libraries-extras.cmake
[3.016s] -- Installing: /home/simpletime/project02_gameservice/install/base_interfaces/share/base_interfaces/cmake/ament_cmake_export_targets-extras.cmake
[3.016s] -- Installing: /home/simpletime/project02_gameservice/install/base_interfaces/share/base_interfaces/cmake/rosidl_cmake_export_typesupport_targets-extras.cmake
[3.017s] -- Installing: /home/simpletime/project02_gameservice/install/base_interfaces/share/base_interfaces/cmake/ament_cmake_export_dependencies-extras.cmake
[3.017s] -- Installing: /home/simpletime/project02_gameservice/install/base_interfaces/share/base_interfaces/cmake/rosidl_cmake_export_typesupport_libraries-extras.cmake
[3.017s] -- Installing: /home/simpletime/project02_gameservice/install/base_interfaces/share/base_interfaces/cmake/base_interfacesConfig.cmake
[3.017s] -- Up-to-date: /home/simpletime/project02_gameservice/install/base_interfaces/share/base_interfaces/cmake/base_interfacesConfig-version.cmake
[3.017s] -- Installing: /home/simpletime/project02_gameservice/install/base_interfaces/share/base_interfaces/package.xml
[3.021s] Invoked command in '/home/simpletime/project02_gameservice/build/base_interfaces' returned '0': CMAKE_PREFIX_PATH=${CMAKE_PREFIX_PATH}:/opt/ros/humble /usr/bin/cmake --install /home/simpletime/project02_gameservice/build/base_interfaces
