[0.013s] Invoking command in '/home/simpletime/project01_book/build/company': CMAKE_PREFIX_PATH=/home/simpletime/project01_book/install/base_interfaces:/home/simpletime/project01_book/install/company:/opt/ros/humble /usr/bin/cmake --build /home/simpletime/project01_book/build/company -- -j4 -l4
[0.062s] [35m[1mConsolidate compiler generated dependencies of target company_a[0m
[0.062s] [35m[1mConsolidate compiler generated dependencies of target company_b[0m
[0.086s] [ 33%] Built target company_b
[0.086s] [ 50%] [32mBuilding CXX object CMakeFiles/company_a.dir/src/company_a.cpp.o[0m
[0.086s] [ 83%] Built target company_c
[6.024s] [100%] [32m[1mLinking CXX executable company_a[0m
[6.307s] [100%] Built target company_a
[6.317s] Invoked command in '/home/simpletime/project01_book/build/company' returned '0': CMAKE_PREFIX_PATH=/home/simpletime/project01_book/install/base_interfaces:/home/simpletime/project01_book/install/company:/opt/ros/humble /usr/bin/cmake --build /home/simpletime/project01_book/build/company -- -j4 -l4
[6.346s] Invoking command in '/home/simpletime/project01_book/build/company': CMAKE_PREFIX_PATH=/home/simpletime/project01_book/install/base_interfaces:/home/simpletime/project01_book/install/company:/opt/ros/humble /usr/bin/cmake --install /home/simpletime/project01_book/build/company
[6.355s] -- Install configuration: ""
[6.356s] -- Installing: /home/simpletime/project01_book/install/company/lib/company/company_a
[6.359s] -- Set runtime path of "/home/simpletime/project01_book/install/company/lib/company/company_a" to ""
[6.360s] -- Installing: /home/simpletime/project01_book/install/company/lib/company/company_b
[6.364s] -- Set runtime path of "/home/simpletime/project01_book/install/company/lib/company/company_b" to ""
[6.365s] -- Up-to-date: /home/simpletime/project01_book/install/company/lib/company/company_c
[6.365s] -- Up-to-date: /home/simpletime/project01_book/install/company/share/ament_index/resource_index/package_run_dependencies/company
[6.365s] -- Up-to-date: /home/simpletime/project01_book/install/company/share/ament_index/resource_index/parent_prefix_path/company
[6.365s] -- Up-to-date: /home/simpletime/project01_book/install/company/share/company/environment/ament_prefix_path.sh
[6.366s] -- Up-to-date: /home/simpletime/project01_book/install/company/share/company/environment/ament_prefix_path.dsv
[6.366s] -- Up-to-date: /home/simpletime/project01_book/install/company/share/company/environment/path.sh
[6.366s] -- Up-to-date: /home/simpletime/project01_book/install/company/share/company/environment/path.dsv
[6.366s] -- Up-to-date: /home/simpletime/project01_book/install/company/share/company/local_setup.bash
[6.366s] -- Up-to-date: /home/simpletime/project01_book/install/company/share/company/local_setup.sh
[6.366s] -- Up-to-date: /home/simpletime/project01_book/install/company/share/company/local_setup.zsh
[6.367s] -- Up-to-date: /home/simpletime/project01_book/install/company/share/company/local_setup.dsv
[6.367s] -- Installing: /home/simpletime/project01_book/install/company/share/company/package.dsv
[6.367s] -- Up-to-date: /home/simpletime/project01_book/install/company/share/ament_index/resource_index/packages/company
[6.367s] -- Up-to-date: /home/simpletime/project01_book/install/company/share/company/cmake/companyConfig.cmake
[6.367s] -- Up-to-date: /home/simpletime/project01_book/install/company/share/company/cmake/companyConfig-version.cmake
[6.367s] -- Up-to-date: /home/simpletime/project01_book/install/company/share/company/package.xml
[6.368s] Invoked command in '/home/simpletime/project01_book/build/company' returned '0': CMAKE_PREFIX_PATH=/home/simpletime/project01_book/install/base_interfaces:/home/simpletime/project01_book/install/company:/opt/ros/humble /usr/bin/cmake --install /home/simpletime/project01_book/build/company
