[0.019s] Invoking command in '/home/simpletime/exam/build/base_interface': CMAKE_PREFIX_PATH=/opt/ros/humble /usr/bin/cmake /home/simpletime/exam/src/base_interface -DCMAKE_INSTALL_PREFIX=/home/simpletime/exam/install/base_interface
[0.070s] -- The C compiler identification is GNU 11.4.0
[0.128s] -- The CXX compiler identification is GNU 11.4.0
[0.135s] -- Detecting C compiler ABI info
[0.192s] -- Detecting C compiler ABI info - done
[0.196s] -- Check for working C compiler: /usr/bin/cc - skipped
[0.197s] -- Detecting C compile features
[0.197s] -- Detecting C compile features - done
[0.199s] -- Detecting CXX compiler ABI info
[0.265s] -- Detecting CXX compiler ABI info - done
[0.268s] -- Check for working CXX compiler: /usr/bin/c++ - skipped
[0.268s] -- Detecting CXX compile features
[0.269s] -- Detecting CXX compile features - done
[0.271s] -- Found ament_cmake: 1.3.10 (/opt/ros/humble/share/ament_cmake/cmake)
[0.371s] -- Found Python3: /usr/bin/python3 (found version "3.10.12") found components: Interpreter 
[0.430s] -- Found rclcpp: 16.0.10 (/opt/ros/humble/share/rclcpp/cmake)
[0.459s] -- Found rosidl_generator_c: 3.1.5 (/opt/ros/humble/share/rosidl_generator_c/cmake)
[0.463s] -- Found rosidl_adapter: 3.1.5 (/opt/ros/humble/share/rosidl_adapter/cmake)
[0.469s] -- Found rosidl_generator_cpp: 3.1.5 (/opt/ros/humble/share/rosidl_generator_cpp/cmake)
[0.476s] -- Using all available rosidl_typesupport_c: rosidl_typesupport_fastrtps_c;rosidl_typesupport_introspection_c
[0.488s] -- Using all available rosidl_typesupport_cpp: rosidl_typesupport_fastrtps_cpp;rosidl_typesupport_introspection_cpp
[0.519s] -- Found rmw_implementation_cmake: 6.1.2 (/opt/ros/humble/share/rmw_implementation_cmake/cmake)
[0.520s] -- Found rmw_fastrtps_cpp: 6.2.7 (/opt/ros/humble/share/rmw_fastrtps_cpp/cmake)
[0.586s] -- Found OpenSSL: /usr/lib/x86_64-linux-gnu/libcrypto.so (found version "3.0.2")  
[0.605s] -- Found FastRTPS: /opt/ros/humble/include  
[0.635s] -- Using RMW implementation 'rmw_fastrtps_cpp' as default
[0.642s] -- Looking for pthread.h
[0.704s] -- Looking for pthread.h - found
[0.705s] -- Performing Test CMAKE_HAVE_LIBC_PTHREAD
[0.762s] -- Performing Test CMAKE_HAVE_LIBC_PTHREAD - Success
[0.762s] -- Found Threads: TRUE  
[0.794s] -- Found rosidl_default_generators: 1.2.0 (/opt/ros/humble/share/rosidl_default_generators/cmake)
[0.979s] -- Found ament_cmake_ros: 0.10.0 (/opt/ros/humble/share/ament_cmake_ros/cmake)
[1.187s] -- Using all available rosidl_typesupport_c: rosidl_typesupport_fastrtps_c;rosidl_typesupport_introspection_c
[1.266s] -- Using all available rosidl_typesupport_cpp: rosidl_typesupport_fastrtps_cpp;rosidl_typesupport_introspection_cpp
[1.281s] -- Found PythonInterp: /usr/bin/python3 (found suitable version "3.10.12", minimum required is "3.6") 
[1.282s] -- Found python_cmake_module: 0.10.0 (/opt/ros/humble/share/python_cmake_module/cmake)
[1.299s] -- Found PythonLibs: /usr/lib/x86_64-linux-gnu/libpython3.10.so (found suitable version "3.10.12", minimum required is "3.5") 
[1.299s] -- Using PYTHON_EXECUTABLE: /usr/bin/python3
[1.299s] -- Using PYTHON_INCLUDE_DIRS: /usr/include/python3.10
[1.299s] -- Using PYTHON_LIBRARIES: /usr/lib/x86_64-linux-gnu/libpython3.10.so
[1.313s] -- Found PythonExtra: .so  
[1.335s] -- Found ament_lint_auto: 0.12.11 (/opt/ros/humble/share/ament_lint_auto/cmake)
[1.341s] -- Configuring done
[1.363s] -- Generating done
[1.366s] -- Build files have been written to: /home/simpletime/exam/build/base_interface
[1.377s] Invoked command in '/home/simpletime/exam/build/base_interface' returned '0': CMAKE_PREFIX_PATH=/opt/ros/humble /usr/bin/cmake /home/simpletime/exam/src/base_interface -DCMAKE_INSTALL_PREFIX=/home/simpletime/exam/install/base_interface
[1.379s] Invoking command in '/home/simpletime/exam/build/base_interface': CMAKE_PREFIX_PATH=/opt/ros/humble /usr/bin/cmake --build /home/simpletime/exam/build/base_interface -- -j4 -l4
[1.411s] [  3%] [34m[1mGenerating C code for ROS interfaces[0m
[1.424s] [  6%] [34m[1mGenerating C++ code for ROS interfaces[0m
[1.427s] [  6%] Built target ament_cmake_python_copy_base_interface
[1.604s] [  9%] [32mBuilding C object CMakeFiles/base_interface__rosidl_generator_c.dir/rosidl_generator_c/base_interface/msg/detail/message__functions.c.o[0m
[1.604s] [  9%] Built target base_interface__cpp
[1.621s] [ 12%] [34m[1mGenerating C++ introspection for ROS interfaces[0m
[1.621s] [ 16%] [34m[1mGenerating C++ type support for eProsima Fast-RTPS[0m
[1.621s] running egg_info
[1.622s] creating base_interface.egg-info
[1.622s] writing base_interface.egg-info/PKG-INFO
[1.623s] writing dependency_links to base_interface.egg-info/dependency_links.txt
[1.623s] writing top-level names to base_interface.egg-info/top_level.txt
[1.623s] writing manifest file 'base_interface.egg-info/SOURCES.txt'
[1.624s] reading manifest file 'base_interface.egg-info/SOURCES.txt'
[1.624s] writing manifest file 'base_interface.egg-info/SOURCES.txt'
[1.665s] [ 16%] Built target ament_cmake_python_build_base_interface_egg
[1.669s] [ 19%] [32m[1mLinking C shared library libbase_interface__rosidl_generator_c.so[0m
[1.689s] [ 22%] [34m[1mGenerating C++ type support dispatch for ROS interfaces[0m
[1.730s] [ 22%] Built target base_interface__rosidl_generator_c
[1.743s] [ 25%] [34m[1mGenerating C introspection for ROS interfaces[0m
[1.839s] [ 32%] [32mBuilding CXX object CMakeFiles/base_interface__rosidl_typesupport_introspection_cpp.dir/rosidl_typesupport_introspection_cpp/base_interface/msg/detail/message__type_support.cpp.o[0m
[1.840s] [ 32%] [32mBuilding CXX object CMakeFiles/base_interface__rosidl_typesupport_fastrtps_cpp.dir/rosidl_typesupport_fastrtps_cpp/base_interface/msg/detail/dds_fastrtps/message__type_support.cpp.o[0m
[1.864s] [ 35%] [32mBuilding CXX object CMakeFiles/base_interface__rosidl_typesupport_cpp.dir/rosidl_typesupport_cpp/base_interface/msg/message__type_support.cpp.o[0m
[1.932s] [ 38%] [32mBuilding C object CMakeFiles/base_interface__rosidl_typesupport_introspection_c.dir/rosidl_typesupport_introspection_c/base_interface/msg/detail/message__type_support.c.o[0m
[1.973s] [ 41%] [32m[1mLinking C shared library libbase_interface__rosidl_typesupport_introspection_c.so[0m
[2.010s] [ 41%] Built target base_interface__rosidl_typesupport_introspection_c
[2.020s] [ 45%] [34m[1mGenerating C type support dispatch for ROS interfaces[0m
[2.095s] [ 48%] [32m[1mLinking CXX shared library libbase_interface__rosidl_typesupport_cpp.so[0m
[2.134s] [ 48%] Built target base_interface__rosidl_typesupport_cpp
[2.134s] [ 51%] [32m[1mLinking CXX shared library libbase_interface__rosidl_typesupport_introspection_cpp.so[0m
[2.143s] [ 54%] [34m[1mGenerating C type support for eProsima Fast-RTPS[0m
[2.148s] [ 58%] [32m[1mLinking CXX shared library libbase_interface__rosidl_typesupport_fastrtps_cpp.so[0m
[2.173s] [ 58%] Built target base_interface__rosidl_typesupport_introspection_cpp
[2.209s] [ 58%] Built target base_interface__rosidl_typesupport_fastrtps_cpp
[2.225s] [ 61%] [32mBuilding CXX object CMakeFiles/base_interface__rosidl_typesupport_c.dir/rosidl_typesupport_c/base_interface/msg/message__type_support.cpp.o[0m
[2.249s] [ 64%] [32m[1mLinking CXX shared library libbase_interface__rosidl_typesupport_c.so[0m
[2.282s] [ 64%] Built target base_interface__rosidl_typesupport_c
[2.306s] [ 67%] [32mBuilding CXX object CMakeFiles/base_interface__rosidl_typesupport_fastrtps_c.dir/rosidl_typesupport_fastrtps_c/base_interface/msg/detail/message__type_support_c.cpp.o[0m
[2.525s] [ 70%] [32m[1mLinking CXX shared library libbase_interface__rosidl_typesupport_fastrtps_c.so[0m
[2.587s] [ 70%] Built target base_interface__rosidl_typesupport_fastrtps_c
[2.605s] [ 70%] Built target base_interface
[2.621s] [ 74%] [34m[1mGenerating Python code for ROS interfaces[0m
[2.825s] [ 74%] Built target base_interface__py
[2.841s] [ 77%] [32mBuilding C object CMakeFiles/base_interface__rosidl_generator_py.dir/rosidl_generator_py/base_interface/msg/_message_s.c.o[0m
[2.916s] [ 80%] [32m[1mLinking C shared library rosidl_generator_py/base_interface/libbase_interface__rosidl_generator_py.so[0m
[2.952s] [ 80%] Built target base_interface__rosidl_generator_py
[2.976s] [ 83%] [32mBuilding C object CMakeFiles/base_interface__rosidl_typesupport_fastrtps_c__pyext.dir/rosidl_generator_py/base_interface/_base_interface_s.ep.rosidl_typesupport_fastrtps_c.c.o[0m
[2.978s] [ 87%] [32mBuilding C object CMakeFiles/base_interface__rosidl_typesupport_c__pyext.dir/rosidl_generator_py/base_interface/_base_interface_s.ep.rosidl_typesupport_c.c.o[0m
[2.978s] [ 90%] [32mBuilding C object CMakeFiles/base_interface__rosidl_typesupport_introspection_c__pyext.dir/rosidl_generator_py/base_interface/_base_interface_s.ep.rosidl_typesupport_introspection_c.c.o[0m
[3.059s] [ 96%] [32m[1mLinking C shared library rosidl_generator_py/base_interface/base_interface_s__rosidl_typesupport_c.cpython-310-x86_64-linux-gnu.so[0m
[3.060s] [100%] [32m[1mLinking C shared library rosidl_generator_py/base_interface/base_interface_s__rosidl_typesupport_fastrtps_c.cpython-310-x86_64-linux-gnu.so[0m
[3.060s] [100%] [32m[1mLinking C shared library rosidl_generator_py/base_interface/base_interface_s__rosidl_typesupport_introspection_c.cpython-310-x86_64-linux-gnu.so[0m
[3.090s] [100%] Built target base_interface__rosidl_typesupport_c__pyext
[3.090s] [100%] Built target base_interface__rosidl_typesupport_fastrtps_c__pyext
[3.091s] [100%] Built target base_interface__rosidl_typesupport_introspection_c__pyext
[3.104s] Invoked command in '/home/simpletime/exam/build/base_interface' returned '0': CMAKE_PREFIX_PATH=/opt/ros/humble /usr/bin/cmake --build /home/simpletime/exam/build/base_interface -- -j4 -l4
[3.168s] Invoking command in '/home/simpletime/exam/build/base_interface': CMAKE_PREFIX_PATH=/opt/ros/humble /usr/bin/cmake --install /home/simpletime/exam/build/base_interface
[3.175s] -- Install configuration: ""
[3.176s] -- Installing: /home/simpletime/exam/install/base_interface/share/ament_index/resource_index/rosidl_interfaces/base_interface
[3.176s] -- Installing: /home/simpletime/exam/install/base_interface/include/base_interface/base_interface
[3.176s] -- Installing: /home/simpletime/exam/install/base_interface/include/base_interface/base_interface/msg
[3.176s] -- Installing: /home/simpletime/exam/install/base_interface/include/base_interface/base_interface/msg/detail
[3.176s] -- Installing: /home/simpletime/exam/install/base_interface/include/base_interface/base_interface/msg/detail/message__type_support.h
[3.177s] -- Installing: /home/simpletime/exam/install/base_interface/include/base_interface/base_interface/msg/detail/message__functions.h
[3.177s] -- Installing: /home/simpletime/exam/install/base_interface/include/base_interface/base_interface/msg/detail/message__functions.c
[3.177s] -- Installing: /home/simpletime/exam/install/base_interface/include/base_interface/base_interface/msg/detail/message__struct.h
[3.178s] -- Installing: /home/simpletime/exam/install/base_interface/include/base_interface/base_interface/msg/message.h
[3.178s] -- Installing: /home/simpletime/exam/install/base_interface/include/base_interface/base_interface/msg/rosidl_generator_c__visibility_control.h
[3.178s] -- Installing: /home/simpletime/exam/install/base_interface/share/base_interface/environment/library_path.sh
[3.178s] -- Installing: /home/simpletime/exam/install/base_interface/share/base_interface/environment/library_path.dsv
[3.179s] -- Installing: /home/simpletime/exam/install/base_interface/lib/libbase_interface__rosidl_generator_c.so
[3.179s] -- Set runtime path of "/home/simpletime/exam/install/base_interface/lib/libbase_interface__rosidl_generator_c.so" to ""
[3.179s] -- Up-to-date: /home/simpletime/exam/install/base_interface/include/base_interface/base_interface
[3.179s] -- Up-to-date: /home/simpletime/exam/install/base_interface/include/base_interface/base_interface/msg
[3.179s] -- Up-to-date: /home/simpletime/exam/install/base_interface/include/base_interface/base_interface/msg/detail
[3.179s] -- Installing: /home/simpletime/exam/install/base_interface/include/base_interface/base_interface/msg/detail/message__rosidl_typesupport_fastrtps_c.h
[3.179s] -- Installing: /home/simpletime/exam/install/base_interface/include/base_interface/base_interface/msg/rosidl_typesupport_fastrtps_c__visibility_control.h
[3.179s] -- Installing: /home/simpletime/exam/install/base_interface/lib/libbase_interface__rosidl_typesupport_fastrtps_c.so
[3.179s] -- Set runtime path of "/home/simpletime/exam/install/base_interface/lib/libbase_interface__rosidl_typesupport_fastrtps_c.so" to ""
[3.179s] -- Up-to-date: /home/simpletime/exam/install/base_interface/include/base_interface/base_interface
[3.180s] -- Up-to-date: /home/simpletime/exam/install/base_interface/include/base_interface/base_interface/msg
[3.180s] -- Installing: /home/simpletime/exam/install/base_interface/include/base_interface/base_interface/msg/message.hpp
[3.180s] -- Up-to-date: /home/simpletime/exam/install/base_interface/include/base_interface/base_interface/msg/detail
[3.180s] -- Installing: /home/simpletime/exam/install/base_interface/include/base_interface/base_interface/msg/detail/message__struct.hpp
[3.180s] -- Installing: /home/simpletime/exam/install/base_interface/include/base_interface/base_interface/msg/detail/message__builder.hpp
[3.180s] -- Installing: /home/simpletime/exam/install/base_interface/include/base_interface/base_interface/msg/detail/message__traits.hpp
[3.180s] -- Up-to-date: /home/simpletime/exam/install/base_interface/include/base_interface/base_interface
[3.180s] -- Up-to-date: /home/simpletime/exam/install/base_interface/include/base_interface/base_interface/msg
[3.180s] -- Up-to-date: /home/simpletime/exam/install/base_interface/include/base_interface/base_interface/msg/detail
[3.180s] -- Installing: /home/simpletime/exam/install/base_interface/include/base_interface/base_interface/msg/detail/message__rosidl_typesupport_fastrtps_cpp.hpp
[3.182s] -- Installing: /home/simpletime/exam/install/base_interface/include/base_interface/base_interface/msg/detail/dds_fastrtps
[3.182s] -- Installing: /home/simpletime/exam/install/base_interface/include/base_interface/base_interface/msg/rosidl_typesupport_fastrtps_cpp__visibility_control.h
[3.183s] -- Installing: /home/simpletime/exam/install/base_interface/lib/libbase_interface__rosidl_typesupport_fastrtps_cpp.so
[3.183s] -- Set runtime path of "/home/simpletime/exam/install/base_interface/lib/libbase_interface__rosidl_typesupport_fastrtps_cpp.so" to ""
[3.183s] -- Up-to-date: /home/simpletime/exam/install/base_interface/include/base_interface/base_interface
[3.183s] -- Up-to-date: /home/simpletime/exam/install/base_interface/include/base_interface/base_interface/msg
[3.183s] -- Installing: /home/simpletime/exam/install/base_interface/include/base_interface/base_interface/msg/rosidl_typesupport_introspection_c__visibility_control.h
[3.184s] -- Up-to-date: /home/simpletime/exam/install/base_interface/include/base_interface/base_interface/msg/detail
[3.184s] -- Installing: /home/simpletime/exam/install/base_interface/include/base_interface/base_interface/msg/detail/message__type_support.c
[3.184s] -- Installing: /home/simpletime/exam/install/base_interface/include/base_interface/base_interface/msg/detail/message__rosidl_typesupport_introspection_c.h
[3.184s] -- Installing: /home/simpletime/exam/install/base_interface/lib/libbase_interface__rosidl_typesupport_introspection_c.so
[3.184s] -- Set runtime path of "/home/simpletime/exam/install/base_interface/lib/libbase_interface__rosidl_typesupport_introspection_c.so" to ""
[3.184s] -- Installing: /home/simpletime/exam/install/base_interface/lib/libbase_interface__rosidl_typesupport_c.so
[3.184s] -- Set runtime path of "/home/simpletime/exam/install/base_interface/lib/libbase_interface__rosidl_typesupport_c.so" to ""
[3.185s] -- Up-to-date: /home/simpletime/exam/install/base_interface/include/base_interface/base_interface
[3.185s] -- Up-to-date: /home/simpletime/exam/install/base_interface/include/base_interface/base_interface/msg
[3.185s] -- Up-to-date: /home/simpletime/exam/install/base_interface/include/base_interface/base_interface/msg/detail
[3.185s] -- Installing: /home/simpletime/exam/install/base_interface/include/base_interface/base_interface/msg/detail/message__type_support.cpp
[3.185s] -- Installing: /home/simpletime/exam/install/base_interface/include/base_interface/base_interface/msg/detail/message__rosidl_typesupport_introspection_cpp.hpp
[3.185s] -- Installing: /home/simpletime/exam/install/base_interface/lib/libbase_interface__rosidl_typesupport_introspection_cpp.so
[3.185s] -- Set runtime path of "/home/simpletime/exam/install/base_interface/lib/libbase_interface__rosidl_typesupport_introspection_cpp.so" to ""
[3.185s] -- Installing: /home/simpletime/exam/install/base_interface/lib/libbase_interface__rosidl_typesupport_cpp.so
[3.185s] -- Set runtime path of "/home/simpletime/exam/install/base_interface/lib/libbase_interface__rosidl_typesupport_cpp.so" to ""
[3.185s] -- Installing: /home/simpletime/exam/install/base_interface/share/base_interface/environment/pythonpath.sh
[3.185s] -- Installing: /home/simpletime/exam/install/base_interface/share/base_interface/environment/pythonpath.dsv
[3.185s] -- Installing: /home/simpletime/exam/install/base_interface/local/lib/python3.10/dist-packages/base_interface-0.0.0-py3.10.egg-info
[3.185s] -- Installing: /home/simpletime/exam/install/base_interface/local/lib/python3.10/dist-packages/base_interface-0.0.0-py3.10.egg-info/PKG-INFO
[3.185s] -- Installing: /home/simpletime/exam/install/base_interface/local/lib/python3.10/dist-packages/base_interface-0.0.0-py3.10.egg-info/SOURCES.txt
[3.185s] -- Installing: /home/simpletime/exam/install/base_interface/local/lib/python3.10/dist-packages/base_interface-0.0.0-py3.10.egg-info/dependency_links.txt
[3.185s] -- Installing: /home/simpletime/exam/install/base_interface/local/lib/python3.10/dist-packages/base_interface-0.0.0-py3.10.egg-info/top_level.txt
[3.185s] -- Installing: /home/simpletime/exam/install/base_interface/local/lib/python3.10/dist-packages/base_interface
[3.185s] -- Installing: /home/simpletime/exam/install/base_interface/local/lib/python3.10/dist-packages/base_interface/msg
[3.186s] -- Installing: /home/simpletime/exam/install/base_interface/local/lib/python3.10/dist-packages/base_interface/msg/_message_s.c
[3.186s] -- Installing: /home/simpletime/exam/install/base_interface/local/lib/python3.10/dist-packages/base_interface/msg/__init__.py
[3.186s] -- Installing: /home/simpletime/exam/install/base_interface/local/lib/python3.10/dist-packages/base_interface/msg/_message.py
[3.186s] -- Installing: /home/simpletime/exam/install/base_interface/local/lib/python3.10/dist-packages/base_interface/_base_interface_s.ep.rosidl_typesupport_fastrtps_c.c
[3.186s] -- Installing: /home/simpletime/exam/install/base_interface/local/lib/python3.10/dist-packages/base_interface/base_interface_s__rosidl_typesupport_fastrtps_c.cpython-310-x86_64-linux-gnu.so
[3.186s] -- Installing: /home/simpletime/exam/install/base_interface/local/lib/python3.10/dist-packages/base_interface/__init__.py
[3.186s] -- Installing: /home/simpletime/exam/install/base_interface/local/lib/python3.10/dist-packages/base_interface/base_interface_s__rosidl_typesupport_introspection_c.cpython-310-x86_64-linux-gnu.so
[3.186s] -- Installing: /home/simpletime/exam/install/base_interface/local/lib/python3.10/dist-packages/base_interface/_base_interface_s.ep.rosidl_typesupport_c.c
[3.187s] -- Installing: /home/simpletime/exam/install/base_interface/local/lib/python3.10/dist-packages/base_interface/base_interface_s__rosidl_typesupport_c.cpython-310-x86_64-linux-gnu.so
[3.187s] -- Installing: /home/simpletime/exam/install/base_interface/local/lib/python3.10/dist-packages/base_interface/_base_interface_s.ep.rosidl_typesupport_introspection_c.c
[3.187s] -- Installing: /home/simpletime/exam/install/base_interface/local/lib/python3.10/dist-packages/base_interface/libbase_interface__rosidl_generator_py.so
[3.211s] Listing '/home/simpletime/exam/install/base_interface/local/lib/python3.10/dist-packages/base_interface'...
[3.211s] Compiling '/home/simpletime/exam/install/base_interface/local/lib/python3.10/dist-packages/base_interface/__init__.py'...
[3.211s] Listing '/home/simpletime/exam/install/base_interface/local/lib/python3.10/dist-packages/base_interface/msg'...
[3.211s] Compiling '/home/simpletime/exam/install/base_interface/local/lib/python3.10/dist-packages/base_interface/msg/__init__.py'...
[3.211s] Compiling '/home/simpletime/exam/install/base_interface/local/lib/python3.10/dist-packages/base_interface/msg/_message.py'...
[3.214s] -- Installing: /home/simpletime/exam/install/base_interface/local/lib/python3.10/dist-packages/base_interface/base_interface_s__rosidl_typesupport_fastrtps_c.cpython-310-x86_64-linux-gnu.so
[3.215s] -- Set runtime path of "/home/simpletime/exam/install/base_interface/local/lib/python3.10/dist-packages/base_interface/base_interface_s__rosidl_typesupport_fastrtps_c.cpython-310-x86_64-linux-gnu.so" to ""
[3.215s] -- Installing: /home/simpletime/exam/install/base_interface/local/lib/python3.10/dist-packages/base_interface/base_interface_s__rosidl_typesupport_introspection_c.cpython-310-x86_64-linux-gnu.so
[3.215s] -- Set runtime path of "/home/simpletime/exam/install/base_interface/local/lib/python3.10/dist-packages/base_interface/base_interface_s__rosidl_typesupport_introspection_c.cpython-310-x86_64-linux-gnu.so" to ""
[3.215s] -- Installing: /home/simpletime/exam/install/base_interface/local/lib/python3.10/dist-packages/base_interface/base_interface_s__rosidl_typesupport_c.cpython-310-x86_64-linux-gnu.so
[3.216s] -- Set runtime path of "/home/simpletime/exam/install/base_interface/local/lib/python3.10/dist-packages/base_interface/base_interface_s__rosidl_typesupport_c.cpython-310-x86_64-linux-gnu.so" to ""
[3.216s] -- Installing: /home/simpletime/exam/install/base_interface/lib/libbase_interface__rosidl_generator_py.so
[3.217s] -- Set runtime path of "/home/simpletime/exam/install/base_interface/lib/libbase_interface__rosidl_generator_py.so" to ""
[3.217s] -- Installing: /home/simpletime/exam/install/base_interface/share/base_interface/msg/Message.idl
[3.217s] -- Installing: /home/simpletime/exam/install/base_interface/share/base_interface/msg/Message.msg
[3.217s] -- Installing: /home/simpletime/exam/install/base_interface/share/ament_index/resource_index/package_run_dependencies/base_interface
[3.217s] -- Installing: /home/simpletime/exam/install/base_interface/share/ament_index/resource_index/parent_prefix_path/base_interface
[3.217s] -- Installing: /home/simpletime/exam/install/base_interface/share/base_interface/environment/ament_prefix_path.sh
[3.218s] -- Installing: /home/simpletime/exam/install/base_interface/share/base_interface/environment/ament_prefix_path.dsv
[3.218s] -- Installing: /home/simpletime/exam/install/base_interface/share/base_interface/environment/path.sh
[3.218s] -- Installing: /home/simpletime/exam/install/base_interface/share/base_interface/environment/path.dsv
[3.218s] -- Installing: /home/simpletime/exam/install/base_interface/share/base_interface/local_setup.bash
[3.219s] -- Installing: /home/simpletime/exam/install/base_interface/share/base_interface/local_setup.sh
[3.219s] -- Installing: /home/simpletime/exam/install/base_interface/share/base_interface/local_setup.zsh
[3.220s] -- Installing: /home/simpletime/exam/install/base_interface/share/base_interface/local_setup.dsv
[3.220s] -- Installing: /home/simpletime/exam/install/base_interface/share/base_interface/package.dsv
[3.220s] -- Installing: /home/simpletime/exam/install/base_interface/share/ament_index/resource_index/packages/base_interface
[3.220s] -- Installing: /home/simpletime/exam/install/base_interface/share/base_interface/cmake/export_base_interface__rosidl_generator_cExport.cmake
[3.220s] -- Installing: /home/simpletime/exam/install/base_interface/share/base_interface/cmake/export_base_interface__rosidl_generator_cExport-noconfig.cmake
[3.220s] -- Installing: /home/simpletime/exam/install/base_interface/share/base_interface/cmake/export_base_interface__rosidl_typesupport_fastrtps_cExport.cmake
[3.220s] -- Installing: /home/simpletime/exam/install/base_interface/share/base_interface/cmake/export_base_interface__rosidl_typesupport_fastrtps_cExport-noconfig.cmake
[3.220s] -- Installing: /home/simpletime/exam/install/base_interface/share/base_interface/cmake/export_base_interface__rosidl_generator_cppExport.cmake
[3.220s] -- Installing: /home/simpletime/exam/install/base_interface/share/base_interface/cmake/export_base_interface__rosidl_typesupport_fastrtps_cppExport.cmake
[3.221s] -- Installing: /home/simpletime/exam/install/base_interface/share/base_interface/cmake/export_base_interface__rosidl_typesupport_fastrtps_cppExport-noconfig.cmake
[3.221s] -- Installing: /home/simpletime/exam/install/base_interface/share/base_interface/cmake/base_interface__rosidl_typesupport_introspection_cExport.cmake
[3.221s] -- Installing: /home/simpletime/exam/install/base_interface/share/base_interface/cmake/base_interface__rosidl_typesupport_introspection_cExport-noconfig.cmake
[3.221s] -- Installing: /home/simpletime/exam/install/base_interface/share/base_interface/cmake/base_interface__rosidl_typesupport_cExport.cmake
[3.221s] -- Installing: /home/simpletime/exam/install/base_interface/share/base_interface/cmake/base_interface__rosidl_typesupport_cExport-noconfig.cmake
[3.221s] -- Installing: /home/simpletime/exam/install/base_interface/share/base_interface/cmake/base_interface__rosidl_typesupport_introspection_cppExport.cmake
[3.222s] -- Installing: /home/simpletime/exam/install/base_interface/share/base_interface/cmake/base_interface__rosidl_typesupport_introspection_cppExport-noconfig.cmake
[3.222s] -- Installing: /home/simpletime/exam/install/base_interface/share/base_interface/cmake/base_interface__rosidl_typesupport_cppExport.cmake
[3.223s] -- Installing: /home/simpletime/exam/install/base_interface/share/base_interface/cmake/base_interface__rosidl_typesupport_cppExport-noconfig.cmake
[3.223s] -- Installing: /home/simpletime/exam/install/base_interface/share/base_interface/cmake/export_base_interface__rosidl_generator_pyExport.cmake
[3.223s] -- Installing: /home/simpletime/exam/install/base_interface/share/base_interface/cmake/export_base_interface__rosidl_generator_pyExport-noconfig.cmake
[3.223s] -- Installing: /home/simpletime/exam/install/base_interface/share/base_interface/cmake/rosidl_cmake-extras.cmake
[3.223s] -- Installing: /home/simpletime/exam/install/base_interface/share/base_interface/cmake/ament_cmake_export_include_directories-extras.cmake
[3.223s] -- Installing: /home/simpletime/exam/install/base_interface/share/base_interface/cmake/ament_cmake_export_libraries-extras.cmake
[3.223s] -- Installing: /home/simpletime/exam/install/base_interface/share/base_interface/cmake/ament_cmake_export_targets-extras.cmake
[3.223s] -- Installing: /home/simpletime/exam/install/base_interface/share/base_interface/cmake/rosidl_cmake_export_typesupport_targets-extras.cmake
[3.223s] -- Installing: /home/simpletime/exam/install/base_interface/share/base_interface/cmake/ament_cmake_export_dependencies-extras.cmake
[3.223s] -- Installing: /home/simpletime/exam/install/base_interface/share/base_interface/cmake/rosidl_cmake_export_typesupport_libraries-extras.cmake
[3.223s] -- Installing: /home/simpletime/exam/install/base_interface/share/base_interface/cmake/base_interfaceConfig.cmake
[3.223s] -- Installing: /home/simpletime/exam/install/base_interface/share/base_interface/cmake/base_interfaceConfig-version.cmake
[3.223s] -- Installing: /home/simpletime/exam/install/base_interface/share/base_interface/package.xml
[3.225s] Invoked command in '/home/simpletime/exam/build/base_interface' returned '0': CMAKE_PREFIX_PATH=/opt/ros/humble /usr/bin/cmake --install /home/simpletime/exam/build/base_interface
