[0.081s] DEBUG:colcon:Command line arguments: ['/usr/bin/colcon', 'build']
[0.081s] DEBUG:colcon:Parsed command line arguments: Namespace(log_base=None, log_level=None, verb_name='build', build_base='build', install_base='install', merge_install=False, symlink_install=False, test_result_base=None, continue_on_error=False, executor='parallel', parallel_workers=4, event_handlers=None, ignore_user_meta=False, metas=['./colcon.meta'], base_paths=['.'], packages_ignore=None, packages_ignore_regex=None, paths=None, packages_up_to=None, packages_up_to_regex=None, packages_above=None, packages_above_and_dependencies=None, packages_above_depth=None, packages_select_by_dep=None, packages_skip_by_dep=None, packages_skip_up_to=None, packages_select_build_failed=False, packages_skip_build_finished=False, packages_select_test_failures=False, packages_skip_test_passed=False, packages_select=None, packages_skip=None, packages_select_regex=None, packages_skip_regex=None, packages_start=None, packages_end=None, allow_overriding=[], cmake_args=None, cmake_target=None, cmake_target_skip_unavailable=False, cmake_clean_cache=False, cmake_clean_first=False, cmake_force_configure=False, ament_cmake_args=None, catkin_cmake_args=None, catkin_skip_building_tests=False, verb_parser=<colcon_defaults.argument_parser.defaults.DefaultArgumentsDecorator object at 0x7f9020213d00>, verb_extension=<colcon_core.verb.build.BuildVerb object at 0x7f902035c8b0>, main=<bound method BuildVerb.main of <colcon_core.verb.build.BuildVerb object at 0x7f902035c8b0>>)
[0.199s] Level 1:colcon.colcon_core.package_discovery:discover_packages(colcon_meta) check parameters
[0.199s] Level 1:colcon.colcon_core.package_discovery:discover_packages(recursive) check parameters
[0.199s] Level 1:colcon.colcon_core.package_discovery:discover_packages(ignore) check parameters
[0.199s] Level 1:colcon.colcon_core.package_discovery:discover_packages(path) check parameters
[0.199s] Level 1:colcon.colcon_core.package_discovery:discover_packages(colcon_meta) discover
[0.199s] Level 1:colcon.colcon_core.package_discovery:discover_packages(recursive) discover
[0.199s] INFO:colcon.colcon_core.package_discovery:Crawling recursively for packages in '/home/simpletime/exam'
[0.199s] Level 1:colcon.colcon_core.package_identification:_identify(.) by extensions ['ignore', 'ignore_ament_install']
[0.200s] Level 1:colcon.colcon_core.package_identification:_identify(.) by extension 'ignore'
[0.200s] Level 1:colcon.colcon_core.package_identification:_identify(.) by extension 'ignore_ament_install'
[0.200s] Level 1:colcon.colcon_core.package_identification:_identify(.) by extensions ['colcon_pkg']
[0.200s] Level 1:colcon.colcon_core.package_identification:_identify(.) by extension 'colcon_pkg'
[0.200s] Level 1:colcon.colcon_core.package_identification:_identify(.) by extensions ['colcon_meta']
[0.200s] Level 1:colcon.colcon_core.package_identification:_identify(.) by extension 'colcon_meta'
[0.200s] Level 1:colcon.colcon_core.package_identification:_identify(.) by extensions ['ros']
[0.200s] Level 1:colcon.colcon_core.package_identification:_identify(.) by extension 'ros'
[0.209s] Level 1:colcon.colcon_core.package_identification:_identify(.) by extensions ['cmake', 'python']
[0.209s] Level 1:colcon.colcon_core.package_identification:_identify(.) by extension 'cmake'
[0.209s] Level 1:colcon.colcon_core.package_identification:_identify(.) by extension 'python'
[0.210s] Level 1:colcon.colcon_core.package_identification:_identify(.) by extensions ['python_setup_py']
[0.210s] Level 1:colcon.colcon_core.package_identification:_identify(.) by extension 'python_setup_py'
[0.210s] Level 1:colcon.colcon_core.package_identification:_identify(build) by extensions ['ignore', 'ignore_ament_install']
[0.210s] Level 1:colcon.colcon_core.package_identification:_identify(build) by extension 'ignore'
[0.210s] Level 1:colcon.colcon_core.package_identification:_identify(build) ignored
[0.210s] Level 1:colcon.colcon_core.package_identification:_identify(install) by extensions ['ignore', 'ignore_ament_install']
[0.210s] Level 1:colcon.colcon_core.package_identification:_identify(install) by extension 'ignore'
[0.210s] Level 1:colcon.colcon_core.package_identification:_identify(install) ignored
[0.210s] Level 1:colcon.colcon_core.package_identification:_identify(log) by extensions ['ignore', 'ignore_ament_install']
[0.210s] Level 1:colcon.colcon_core.package_identification:_identify(log) by extension 'ignore'
[0.210s] Level 1:colcon.colcon_core.package_identification:_identify(log) ignored
[0.210s] Level 1:colcon.colcon_core.package_identification:_identify(src) by extensions ['ignore', 'ignore_ament_install']
[0.210s] Level 1:colcon.colcon_core.package_identification:_identify(src) by extension 'ignore'
[0.210s] Level 1:colcon.colcon_core.package_identification:_identify(src) by extension 'ignore_ament_install'
[0.211s] Level 1:colcon.colcon_core.package_identification:_identify(src) by extensions ['colcon_pkg']
[0.211s] Level 1:colcon.colcon_core.package_identification:_identify(src) by extension 'colcon_pkg'
[0.211s] Level 1:colcon.colcon_core.package_identification:_identify(src) by extensions ['colcon_meta']
[0.211s] Level 1:colcon.colcon_core.package_identification:_identify(src) by extension 'colcon_meta'
[0.211s] Level 1:colcon.colcon_core.package_identification:_identify(src) by extensions ['ros']
[0.211s] Level 1:colcon.colcon_core.package_identification:_identify(src) by extension 'ros'
[0.211s] Level 1:colcon.colcon_core.package_identification:_identify(src) by extensions ['cmake', 'python']
[0.211s] Level 1:colcon.colcon_core.package_identification:_identify(src) by extension 'cmake'
[0.211s] Level 1:colcon.colcon_core.package_identification:_identify(src) by extension 'python'
[0.211s] Level 1:colcon.colcon_core.package_identification:_identify(src) by extensions ['python_setup_py']
[0.211s] Level 1:colcon.colcon_core.package_identification:_identify(src) by extension 'python_setup_py'
[0.211s] Level 1:colcon.colcon_core.package_identification:_identify(src/base_interface) by extensions ['ignore', 'ignore_ament_install']
[0.211s] Level 1:colcon.colcon_core.package_identification:_identify(src/base_interface) by extension 'ignore'
[0.211s] Level 1:colcon.colcon_core.package_identification:_identify(src/base_interface) by extension 'ignore_ament_install'
[0.211s] Level 1:colcon.colcon_core.package_identification:_identify(src/base_interface) by extensions ['colcon_pkg']
[0.211s] Level 1:colcon.colcon_core.package_identification:_identify(src/base_interface) by extension 'colcon_pkg'
[0.211s] Level 1:colcon.colcon_core.package_identification:_identify(src/base_interface) by extensions ['colcon_meta']
[0.211s] Level 1:colcon.colcon_core.package_identification:_identify(src/base_interface) by extension 'colcon_meta'
[0.211s] Level 1:colcon.colcon_core.package_identification:_identify(src/base_interface) by extensions ['ros']
[0.211s] Level 1:colcon.colcon_core.package_identification:_identify(src/base_interface) by extension 'ros'
[0.213s] DEBUG:colcon.colcon_core.package_identification:Package 'src/base_interface' with type 'ros.ament_cmake' and name 'base_interface'
[0.213s] Level 1:colcon.colcon_core.package_identification:_identify(src/cpp_topic) by extensions ['ignore', 'ignore_ament_install']
[0.213s] Level 1:colcon.colcon_core.package_identification:_identify(src/cpp_topic) by extension 'ignore'
[0.213s] Level 1:colcon.colcon_core.package_identification:_identify(src/cpp_topic) by extension 'ignore_ament_install'
[0.214s] Level 1:colcon.colcon_core.package_identification:_identify(src/cpp_topic) by extensions ['colcon_pkg']
[0.214s] Level 1:colcon.colcon_core.package_identification:_identify(src/cpp_topic) by extension 'colcon_pkg'
[0.214s] Level 1:colcon.colcon_core.package_identification:_identify(src/cpp_topic) by extensions ['colcon_meta']
[0.214s] Level 1:colcon.colcon_core.package_identification:_identify(src/cpp_topic) by extension 'colcon_meta'
[0.214s] Level 1:colcon.colcon_core.package_identification:_identify(src/cpp_topic) by extensions ['ros']
[0.214s] Level 1:colcon.colcon_core.package_identification:_identify(src/cpp_topic) by extension 'ros'
[0.214s] DEBUG:colcon.colcon_core.package_identification:Package 'src/cpp_topic' with type 'ros.ament_cmake' and name 'cpp_topic'
[0.214s] Level 1:colcon.colcon_core.package_discovery:discover_packages(recursive) using defaults
[0.214s] Level 1:colcon.colcon_core.package_discovery:discover_packages(ignore) discover
[0.214s] Level 1:colcon.colcon_core.package_discovery:discover_packages(ignore) using defaults
[0.214s] Level 1:colcon.colcon_core.package_discovery:discover_packages(path) discover
[0.214s] Level 1:colcon.colcon_core.package_discovery:discover_packages(path) using defaults
[0.231s] Level 1:colcon.colcon_core.package_discovery:discover_packages(prefix_path) check parameters
[0.231s] Level 1:colcon.colcon_core.package_discovery:discover_packages(prefix_path) discover
[0.233s] DEBUG:colcon.colcon_installed_package_information.package_discovery:Found 270 installed packages in /opt/ros/humble
[0.234s] Level 1:colcon.colcon_core.package_discovery:discover_packages(prefix_path) using defaults
[0.273s] Level 5:colcon.colcon_core.verb:set package 'base_interface' build argument 'cmake_args' from command line to 'None'
[0.273s] Level 5:colcon.colcon_core.verb:set package 'base_interface' build argument 'cmake_target' from command line to 'None'
[0.273s] Level 5:colcon.colcon_core.verb:set package 'base_interface' build argument 'cmake_target_skip_unavailable' from command line to 'False'
[0.273s] Level 5:colcon.colcon_core.verb:set package 'base_interface' build argument 'cmake_clean_cache' from command line to 'False'
[0.273s] Level 5:colcon.colcon_core.verb:set package 'base_interface' build argument 'cmake_clean_first' from command line to 'False'
[0.273s] Level 5:colcon.colcon_core.verb:set package 'base_interface' build argument 'cmake_force_configure' from command line to 'False'
[0.273s] Level 5:colcon.colcon_core.verb:set package 'base_interface' build argument 'ament_cmake_args' from command line to 'None'
[0.273s] Level 5:colcon.colcon_core.verb:set package 'base_interface' build argument 'catkin_cmake_args' from command line to 'None'
[0.273s] Level 5:colcon.colcon_core.verb:set package 'base_interface' build argument 'catkin_skip_building_tests' from command line to 'False'
[0.273s] DEBUG:colcon.colcon_core.verb:Building package 'base_interface' with the following arguments: {'ament_cmake_args': None, 'build_base': '/home/simpletime/exam/build/base_interface', 'catkin_cmake_args': None, 'catkin_skip_building_tests': False, 'cmake_args': None, 'cmake_clean_cache': False, 'cmake_clean_first': False, 'cmake_force_configure': False, 'cmake_target': None, 'cmake_target_skip_unavailable': False, 'install_base': '/home/simpletime/exam/install/base_interface', 'merge_install': False, 'path': '/home/simpletime/exam/src/base_interface', 'symlink_install': False, 'test_result_base': None}
[0.274s] Level 5:colcon.colcon_core.verb:set package 'cpp_topic' build argument 'cmake_args' from command line to 'None'
[0.274s] Level 5:colcon.colcon_core.verb:set package 'cpp_topic' build argument 'cmake_target' from command line to 'None'
[0.274s] Level 5:colcon.colcon_core.verb:set package 'cpp_topic' build argument 'cmake_target_skip_unavailable' from command line to 'False'
[0.274s] Level 5:colcon.colcon_core.verb:set package 'cpp_topic' build argument 'cmake_clean_cache' from command line to 'False'
[0.274s] Level 5:colcon.colcon_core.verb:set package 'cpp_topic' build argument 'cmake_clean_first' from command line to 'False'
[0.274s] Level 5:colcon.colcon_core.verb:set package 'cpp_topic' build argument 'cmake_force_configure' from command line to 'False'
[0.274s] Level 5:colcon.colcon_core.verb:set package 'cpp_topic' build argument 'ament_cmake_args' from command line to 'None'
[0.274s] Level 5:colcon.colcon_core.verb:set package 'cpp_topic' build argument 'catkin_cmake_args' from command line to 'None'
[0.274s] Level 5:colcon.colcon_core.verb:set package 'cpp_topic' build argument 'catkin_skip_building_tests' from command line to 'False'
[0.274s] DEBUG:colcon.colcon_core.verb:Building package 'cpp_topic' with the following arguments: {'ament_cmake_args': None, 'build_base': '/home/simpletime/exam/build/cpp_topic', 'catkin_cmake_args': None, 'catkin_skip_building_tests': False, 'cmake_args': None, 'cmake_clean_cache': False, 'cmake_clean_first': False, 'cmake_force_configure': False, 'cmake_target': None, 'cmake_target_skip_unavailable': False, 'install_base': '/home/simpletime/exam/install/cpp_topic', 'merge_install': False, 'path': '/home/simpletime/exam/src/cpp_topic', 'symlink_install': False, 'test_result_base': None}
[0.274s] INFO:colcon.colcon_core.executor:Executing jobs using 'parallel' executor
[0.275s] DEBUG:colcon.colcon_parallel_executor.executor.parallel:run_until_complete
[0.275s] INFO:colcon.colcon_ros.task.ament_cmake.build:Building ROS package in '/home/simpletime/exam/src/base_interface' with build type 'ament_cmake'
[0.275s] INFO:colcon.colcon_cmake.task.cmake.build:Building CMake package in '/home/simpletime/exam/src/base_interface'
[0.277s] INFO:colcon.colcon_core.plugin_system:Skipping extension 'colcon_core.shell.bat': Not used on non-Windows systems
[0.277s] INFO:colcon.colcon_core.shell:Skip shell extension 'powershell' for command environment: Not usable outside of PowerShell
[0.277s] DEBUG:colcon.colcon_core.shell:Skip shell extension 'dsv' for command environment
[0.286s] DEBUG:colcon.colcon_core.event_handler.log_command:Invoking command in '/home/simpletime/exam/build/base_interface': CMAKE_PREFIX_PATH=/opt/ros/humble /usr/bin/cmake --build /home/simpletime/exam/build/base_interface -- -j4 -l4
[0.531s] DEBUG:colcon.colcon_core.event_handler.log_command:Invoked command in '/home/simpletime/exam/build/base_interface' returned '0': CMAKE_PREFIX_PATH=/opt/ros/humble /usr/bin/cmake --build /home/simpletime/exam/build/base_interface -- -j4 -l4
[0.593s] DEBUG:colcon.colcon_core.event_handler.log_command:Invoking command in '/home/simpletime/exam/build/base_interface': CMAKE_PREFIX_PATH=/opt/ros/humble /usr/bin/cmake --install /home/simpletime/exam/build/base_interface
[0.632s] Level 1:colcon.colcon_core.environment:create_environment_scripts_only(base_interface)
[0.634s] DEBUG:colcon.colcon_core.event_handler.log_command:Invoked command in '/home/simpletime/exam/build/base_interface' returned '0': CMAKE_PREFIX_PATH=/opt/ros/humble /usr/bin/cmake --install /home/simpletime/exam/build/base_interface
[0.634s] Level 1:colcon.colcon_core.environment:checking '/home/simpletime/exam/install/base_interface' for CMake module files
[0.635s] Level 1:colcon.colcon_core.environment:checking '/home/simpletime/exam/install/base_interface' for CMake config files
[0.636s] Level 1:colcon.colcon_core.shell:create_environment_hook('base_interface', 'cmake_prefix_path')
[0.636s] INFO:colcon.colcon_core.shell:Creating environment hook '/home/simpletime/exam/install/base_interface/share/base_interface/hook/cmake_prefix_path.ps1'
[0.636s] INFO:colcon.colcon_core.shell:Creating environment descriptor '/home/simpletime/exam/install/base_interface/share/base_interface/hook/cmake_prefix_path.dsv'
[0.637s] INFO:colcon.colcon_core.shell:Creating environment hook '/home/simpletime/exam/install/base_interface/share/base_interface/hook/cmake_prefix_path.sh'
[0.637s] Level 1:colcon.colcon_core.environment:checking '/home/simpletime/exam/install/base_interface/lib'
[0.638s] Level 1:colcon.colcon_core.shell:create_environment_hook('base_interface', 'ld_library_path_lib')
[0.638s] INFO:colcon.colcon_core.shell:Creating environment hook '/home/simpletime/exam/install/base_interface/share/base_interface/hook/ld_library_path_lib.ps1'
[0.638s] INFO:colcon.colcon_core.shell:Creating environment descriptor '/home/simpletime/exam/install/base_interface/share/base_interface/hook/ld_library_path_lib.dsv'
[0.638s] INFO:colcon.colcon_core.shell:Creating environment hook '/home/simpletime/exam/install/base_interface/share/base_interface/hook/ld_library_path_lib.sh'
[0.639s] Level 1:colcon.colcon_core.environment:checking '/home/simpletime/exam/install/base_interface/bin'
[0.639s] Level 1:colcon.colcon_core.environment:checking '/home/simpletime/exam/install/base_interface/lib/pkgconfig/base_interface.pc'
[0.639s] Level 1:colcon.colcon_core.environment:checking '/home/simpletime/exam/install/base_interface/lib/python3.10/site-packages'
[0.639s] Level 1:colcon.colcon_core.environment:checking '/home/simpletime/exam/install/base_interface/bin'
[0.639s] INFO:colcon.colcon_core.shell:Creating package script '/home/simpletime/exam/install/base_interface/share/base_interface/package.ps1'
[0.640s] INFO:colcon.colcon_core.shell:Creating package descriptor '/home/simpletime/exam/install/base_interface/share/base_interface/package.dsv'
[0.640s] INFO:colcon.colcon_core.shell:Creating package script '/home/simpletime/exam/install/base_interface/share/base_interface/package.sh'
[0.641s] INFO:colcon.colcon_core.shell:Creating package script '/home/simpletime/exam/install/base_interface/share/base_interface/package.bash'
[0.641s] INFO:colcon.colcon_core.shell:Creating package script '/home/simpletime/exam/install/base_interface/share/base_interface/package.zsh'
[0.642s] Level 1:colcon.colcon_core.environment:create_file_with_runtime_dependencies(/home/simpletime/exam/install/base_interface/share/colcon-core/packages/base_interface)
[0.696s] Level 1:colcon.colcon_core.environment:create_environment_scripts_only(base_interface)
[0.696s] Level 1:colcon.colcon_core.environment:checking '/home/simpletime/exam/install/base_interface' for CMake module files
[0.697s] Level 1:colcon.colcon_core.environment:checking '/home/simpletime/exam/install/base_interface' for CMake config files
[0.697s] Level 1:colcon.colcon_core.shell:create_environment_hook('base_interface', 'cmake_prefix_path')
[0.697s] INFO:colcon.colcon_core.shell:Creating environment hook '/home/simpletime/exam/install/base_interface/share/base_interface/hook/cmake_prefix_path.ps1'
[0.698s] INFO:colcon.colcon_core.shell:Creating environment descriptor '/home/simpletime/exam/install/base_interface/share/base_interface/hook/cmake_prefix_path.dsv'
[0.698s] INFO:colcon.colcon_core.shell:Creating environment hook '/home/simpletime/exam/install/base_interface/share/base_interface/hook/cmake_prefix_path.sh'
[0.699s] Level 1:colcon.colcon_core.environment:checking '/home/simpletime/exam/install/base_interface/lib'
[0.699s] Level 1:colcon.colcon_core.shell:create_environment_hook('base_interface', 'ld_library_path_lib')
[0.699s] INFO:colcon.colcon_core.shell:Creating environment hook '/home/simpletime/exam/install/base_interface/share/base_interface/hook/ld_library_path_lib.ps1'
[0.699s] INFO:colcon.colcon_core.shell:Creating environment descriptor '/home/simpletime/exam/install/base_interface/share/base_interface/hook/ld_library_path_lib.dsv'
[0.700s] INFO:colcon.colcon_core.shell:Creating environment hook '/home/simpletime/exam/install/base_interface/share/base_interface/hook/ld_library_path_lib.sh'
[0.700s] Level 1:colcon.colcon_core.environment:checking '/home/simpletime/exam/install/base_interface/bin'
[0.700s] Level 1:colcon.colcon_core.environment:checking '/home/simpletime/exam/install/base_interface/lib/pkgconfig/base_interface.pc'
[0.700s] Level 1:colcon.colcon_core.environment:checking '/home/simpletime/exam/install/base_interface/lib/python3.10/site-packages'
[0.700s] Level 1:colcon.colcon_core.environment:checking '/home/simpletime/exam/install/base_interface/bin'
[0.701s] INFO:colcon.colcon_core.shell:Creating package script '/home/simpletime/exam/install/base_interface/share/base_interface/package.ps1'
[0.701s] INFO:colcon.colcon_core.shell:Creating package descriptor '/home/simpletime/exam/install/base_interface/share/base_interface/package.dsv'
[0.701s] INFO:colcon.colcon_core.shell:Creating package script '/home/simpletime/exam/install/base_interface/share/base_interface/package.sh'
[0.702s] INFO:colcon.colcon_core.shell:Creating package script '/home/simpletime/exam/install/base_interface/share/base_interface/package.bash'
[0.702s] INFO:colcon.colcon_core.shell:Creating package script '/home/simpletime/exam/install/base_interface/share/base_interface/package.zsh'
[0.702s] Level 1:colcon.colcon_core.environment:create_file_with_runtime_dependencies(/home/simpletime/exam/install/base_interface/share/colcon-core/packages/base_interface)
[0.703s] INFO:colcon.colcon_ros.task.ament_cmake.build:Building ROS package in '/home/simpletime/exam/src/cpp_topic' with build type 'ament_cmake'
[0.703s] INFO:colcon.colcon_cmake.task.cmake.build:Building CMake package in '/home/simpletime/exam/src/cpp_topic'
[0.703s] INFO:colcon.colcon_core.shell:Skip shell extension 'powershell' for command environment: Not usable outside of PowerShell
[0.703s] DEBUG:colcon.colcon_core.shell:Skip shell extension 'dsv' for command environment
[0.711s] DEBUG:colcon.colcon_core.event_handler.log_command:Invoking command in '/home/simpletime/exam/build/cpp_topic': AMENT_PREFIX_PATH=/home/simpletime/exam/install/base_interface:${AMENT_PREFIX_PATH} CMAKE_PREFIX_PATH=/home/simpletime/exam/install/base_interface:/opt/ros/humble LD_LIBRARY_PATH=/home/simpletime/exam/install/base_interface/lib:${LD_LIBRARY_PATH} PYTHONPATH=/home/simpletime/exam/install/base_interface/local/lib/python3.10/dist-packages:${PYTHONPATH} /usr/bin/cmake --build /home/simpletime/exam/build/cpp_topic -- -j4 -l4
[1.302s] DEBUG:colcon.colcon_core.event_handler.log_command:Invoked command in '/home/simpletime/exam/build/cpp_topic' returned '2': AMENT_PREFIX_PATH=/home/simpletime/exam/install/base_interface:${AMENT_PREFIX_PATH} CMAKE_PREFIX_PATH=/home/simpletime/exam/install/base_interface:/opt/ros/humble LD_LIBRARY_PATH=/home/simpletime/exam/install/base_interface/lib:${LD_LIBRARY_PATH} PYTHONPATH=/home/simpletime/exam/install/base_interface/local/lib/python3.10/dist-packages:${PYTHONPATH} /usr/bin/cmake --build /home/simpletime/exam/build/cpp_topic -- -j4 -l4
[1.324s] Level 1:colcon.colcon_core.environment:create_environment_scripts_only(cpp_topic)
[1.325s] Level 1:colcon.colcon_core.environment:checking '/home/simpletime/exam/install/cpp_topic' for CMake module files
[1.325s] Level 1:colcon.colcon_core.environment:checking '/home/simpletime/exam/install/cpp_topic' for CMake config files
[1.325s] Level 1:colcon.colcon_core.shell:create_environment_hook('cpp_topic', 'cmake_prefix_path')
[1.326s] INFO:colcon.colcon_core.shell:Creating environment hook '/home/simpletime/exam/install/cpp_topic/share/cpp_topic/hook/cmake_prefix_path.ps1'
[1.326s] INFO:colcon.colcon_core.shell:Creating environment descriptor '/home/simpletime/exam/install/cpp_topic/share/cpp_topic/hook/cmake_prefix_path.dsv'
[1.326s] INFO:colcon.colcon_core.shell:Creating environment hook '/home/simpletime/exam/install/cpp_topic/share/cpp_topic/hook/cmake_prefix_path.sh'
[1.327s] Level 1:colcon.colcon_core.environment:checking '/home/simpletime/exam/install/cpp_topic/lib'
[1.327s] Level 1:colcon.colcon_core.environment:checking '/home/simpletime/exam/install/cpp_topic/bin'
[1.327s] Level 1:colcon.colcon_core.environment:checking '/home/simpletime/exam/install/cpp_topic/lib/pkgconfig/cpp_topic.pc'
[1.327s] Level 1:colcon.colcon_core.environment:checking '/home/simpletime/exam/install/cpp_topic/lib/python3.10/site-packages'
[1.327s] Level 1:colcon.colcon_core.environment:checking '/home/simpletime/exam/install/cpp_topic/bin'
[1.328s] INFO:colcon.colcon_core.shell:Creating package script '/home/simpletime/exam/install/cpp_topic/share/cpp_topic/package.ps1'
[1.328s] INFO:colcon.colcon_core.shell:Creating package descriptor '/home/simpletime/exam/install/cpp_topic/share/cpp_topic/package.dsv'
[1.328s] INFO:colcon.colcon_core.shell:Creating package script '/home/simpletime/exam/install/cpp_topic/share/cpp_topic/package.sh'
[1.329s] INFO:colcon.colcon_core.shell:Creating package script '/home/simpletime/exam/install/cpp_topic/share/cpp_topic/package.bash'
[1.329s] INFO:colcon.colcon_core.shell:Creating package script '/home/simpletime/exam/install/cpp_topic/share/cpp_topic/package.zsh'
[1.330s] Level 1:colcon.colcon_core.environment:create_file_with_runtime_dependencies(/home/simpletime/exam/install/cpp_topic/share/colcon-core/packages/cpp_topic)
[1.340s] DEBUG:colcon.colcon_parallel_executor.executor.parallel:closing loop
[1.341s] DEBUG:colcon.colcon_parallel_executor.executor.parallel:loop closed
[1.341s] DEBUG:colcon.colcon_parallel_executor.executor.parallel:run_until_complete finished with '2'
[1.341s] DEBUG:colcon.colcon_core.event_reactor:joining thread
[1.344s] INFO:colcon.colcon_core.plugin_system:Skipping extension 'colcon_notification.desktop_notification.terminal_notifier': Not used on non-Darwin systems
[1.344s] INFO:colcon.colcon_core.plugin_system:Skipping extension 'colcon_notification.desktop_notification.win32': Not used on non-Windows systems
[1.344s] INFO:colcon.colcon_notification.desktop_notification:Sending desktop notification using 'notify2'
[1.354s] DEBUG:colcon.colcon_core.event_reactor:joined thread
[1.354s] INFO:colcon.colcon_core.shell:Creating prefix script '/home/simpletime/exam/install/local_setup.ps1'
[1.355s] INFO:colcon.colcon_core.shell:Creating prefix util module '/home/simpletime/exam/install/_local_setup_util_ps1.py'
[1.356s] INFO:colcon.colcon_core.shell:Creating prefix chain script '/home/simpletime/exam/install/setup.ps1'
[1.357s] INFO:colcon.colcon_core.shell:Creating prefix script '/home/simpletime/exam/install/local_setup.sh'
[1.358s] INFO:colcon.colcon_core.shell:Creating prefix util module '/home/simpletime/exam/install/_local_setup_util_sh.py'
[1.358s] INFO:colcon.colcon_core.shell:Creating prefix chain script '/home/simpletime/exam/install/setup.sh'
[1.359s] INFO:colcon.colcon_core.shell:Creating prefix script '/home/simpletime/exam/install/local_setup.bash'
[1.359s] INFO:colcon.colcon_core.shell:Creating prefix chain script '/home/simpletime/exam/install/setup.bash'
[1.360s] INFO:colcon.colcon_core.shell:Creating prefix script '/home/simpletime/exam/install/local_setup.zsh'
[1.360s] INFO:colcon.colcon_core.shell:Creating prefix chain script '/home/simpletime/exam/install/setup.zsh'
