[35m[1mConsolidate compiler generated dependencies of target game_client[0m
[ 25%] [32mBuilding CXX object CMakeFiles/game_server.dir/src/game_server.cpp.o[0m
[ 50%] [32mBuilding CXX object CMakeFiles/game_client.dir/src/game_client.cpp.o[0m
[ 75%] [32m[1mLinking CXX executable game_server[0m
[100%] [32m[1mLinking CXX executable game_client[0m
[100%] Built target game_server
[100%] Built target game_client
-- Install configuration: ""
-- Installing: /home/simpletime/project02_gameservice/install/game_service/lib/game_service/game_server
-- Set runtime path of "/home/simpletime/project02_gameservice/install/game_service/lib/game_service/game_server" to ""
-- Installing: /home/simpletime/project02_gameservice/install/game_service/lib/game_service/game_client
-- Set runtime path of "/home/simpletime/project02_gameservice/install/game_service/lib/game_service/game_client" to ""
-- Up-to-date: /home/simpletime/project02_gameservice/install/game_service/share/ament_index/resource_index/package_run_dependencies/game_service
-- Up-to-date: /home/simpletime/project02_gameservice/install/game_service/share/ament_index/resource_index/parent_prefix_path/game_service
-- Up-to-date: /home/simpletime/project02_gameservice/install/game_service/share/game_service/environment/ament_prefix_path.sh
-- Up-to-date: /home/simpletime/project02_gameservice/install/game_service/share/game_service/environment/ament_prefix_path.dsv
-- Up-to-date: /home/simpletime/project02_gameservice/install/game_service/share/game_service/environment/path.sh
-- Up-to-date: /home/simpletime/project02_gameservice/install/game_service/share/game_service/environment/path.dsv
-- Up-to-date: /home/simpletime/project02_gameservice/install/game_service/share/game_service/local_setup.bash
-- Up-to-date: /home/simpletime/project02_gameservice/install/game_service/share/game_service/local_setup.sh
-- Up-to-date: /home/simpletime/project02_gameservice/install/game_service/share/game_service/local_setup.zsh
-- Up-to-date: /home/simpletime/project02_gameservice/install/game_service/share/game_service/local_setup.dsv
-- Installing: /home/simpletime/project02_gameservice/install/game_service/share/game_service/package.dsv
-- Up-to-date: /home/simpletime/project02_gameservice/install/game_service/share/ament_index/resource_index/packages/game_service
-- Up-to-date: /home/simpletime/project02_gameservice/install/game_service/share/game_service/cmake/game_serviceConfig.cmake
-- Up-to-date: /home/simpletime/project02_gameservice/install/game_service/share/game_service/cmake/game_serviceConfig-version.cmake
-- Up-to-date: /home/simpletime/project02_gameservice/install/game_service/share/game_service/package.xml
