[0.017s] Invoking command in '/home/simpletime/Project/proj_ws_pcl/build/pcl': CMAKE_PREFIX_PATH=/opt/ros/humble /usr/bin/cmake --build /home/simpletime/Project/proj_ws_pcl/build/pcl -- -j32 -l32
[0.116s] -- Found ament_cmake: 1.3.10 (/opt/ros/humble/share/ament_cmake/cmake)
[0.226s] -- Found sensor_msgs: 4.2.4 (/opt/ros/humble/share/sensor_msgs/cmake)
[0.362s] -- Found rosidl_generator_c: 3.1.5 (/opt/ros/humble/share/rosidl_generator_c/cmake)
[0.366s] -- Found rosidl_adapter: 3.1.5 (/opt/ros/humble/share/rosidl_adapter/cmake)
[0.374s] -- Found rosidl_generator_cpp: 3.1.5 (/opt/ros/humble/share/rosidl_generator_cpp/cmake)
[0.388s] -- Using all available rosidl_typesupport_c: rosidl_typesupport_fastrtps_c;rosidl_typesupport_introspection_c
[0.402s] -- Using all available rosidl_typesupport_cpp: rosidl_typesupport_fastrtps_cpp;rosidl_typesupport_introspection_cpp
[0.463s] -- Found rclcpp: 16.0.10 (/opt/ros/humble/share/rclcpp/cmake)
[0.502s] -- Found rmw_implementation_cmake: 6.1.2 (/opt/ros/humble/share/rmw_implementation_cmake/cmake)
[0.505s] -- Found rmw_fastrtps_cpp: 6.2.7 (/opt/ros/humble/share/rmw_fastrtps_cpp/cmake)
[4.156s] -- Using RMW implementation 'rmw_fastrtps_cpp' as default
[4.210s] -- Eigen found (include: /usr/include/eigen3, version: 3.4.0)
[4.234s] -- OpenNI found (version: 1.5.4.0, include: /usr/include/ni, lib: /usr/lib/libOpenNI.so;libusb::libusb)
[4.240s] -- OpenNI2 found (version: 2.2.0.33, include: /usr/include/openni2, lib: /usr/lib/x86_64-linux-gnu/libOpenNI2.so;libusb::libusb)
[4.241s] [0m** WARNING ** io features related to pcap will be disabled[0m
[4.241s] [0m** WARNING ** io features related to png will be disabled[0m
[7.150s] -- Eigen found (include: /usr/include/eigen3, version: 3.4.0)
[7.150s] -- looking for PCL_COMMON
[7.151s] -- looking for PCL_OCTREE
[7.151s] -- looking for PCL_IO
[7.153s] -- Found pcl_conversions: 2.4.5 (/opt/ros/humble/share/pcl_conversions/cmake)
[7.182s] -- Found ament_lint_auto: 0.12.11 (/opt/ros/humble/share/ament_lint_auto/cmake)
[7.248s] -- Added test 'copyright' to check source files copyright and LICENSE
[7.249s] -- Added test 'cppcheck' to perform static code analysis on C / C++ code
[7.249s] -- Configured cppcheck include dirs: $<BUILD_INTERFACE:/home/simpletime/Project/proj_ws_pcl/src/pcl/include>
[7.249s] -- Configured cppcheck exclude dirs and/or files: 
[7.250s] -- Added test 'cpplint' to check C / C++ code against the Google style
[7.250s] -- Configured cpplint exclude dirs and/or files: 
[7.250s] -- Added test 'lint_cmake' to check CMake code style
[7.251s] -- Added test 'uncrustify' to check C / C++ code style
[7.252s] -- Configured uncrustify additional arguments: 
[7.252s] -- Added test 'xmllint' to check XML markup files
[7.254s] -- Configuring done
[7.286s] -- Generating done
[7.289s] -- Build files have been written to: /home/simpletime/Project/proj_ws_pcl/build/pcl
[7.320s] [35m[1mConsolidate compiler generated dependencies of target reg_pcl[0m
[7.343s] [ 50%] [32mBuilding CXX object CMakeFiles/reg_pcl.dir/src/reg_pcl.cpp.o[0m
[8.903s] [01m[K/home/simpletime/Project/proj_ws_pcl/src/pcl/src/reg_pcl.cpp:8:10:[m[K [01;31m[Kfatal error: [m[Kpcl_conversions/pcl_conversions.h: No such file or directory
[8.904s]     8 | #include [01;31m[K<pcl_conversions/pcl_conversions.h>[m[K
[8.904s]       |          [01;31m[K^~~~~~~~~~~~~~~~~~~~~~~~~~~~~~~~~~~[m[K
[8.904s] compilation terminated.
[8.914s] gmake[2]: *** [CMakeFiles/reg_pcl.dir/build.make:76: CMakeFiles/reg_pcl.dir/src/reg_pcl.cpp.o] Error 1
[8.915s] gmake[1]: *** [CMakeFiles/Makefile2:137: CMakeFiles/reg_pcl.dir/all] Error 2
[8.915s] gmake: *** [Makefile:146: all] Error 2
[8.918s] Invoked command in '/home/simpletime/Project/proj_ws_pcl/build/pcl' returned '2': CMAKE_PREFIX_PATH=/opt/ros/humble /usr/bin/cmake --build /home/simpletime/Project/proj_ws_pcl/build/pcl -- -j32 -l32
