[0.019s] Invoking command in '/home/simpletime/Project/ws02_tools/build/cpp01_tf_broadcaster': CMAKE_PREFIX_PATH=/opt/ros/humble /usr/bin/cmake --build /home/simpletime/Project/ws02_tools/build/cpp01_tf_broadcaster -- -j32 -l32
[0.119s] -- Found ament_cmake: 1.3.10 (/opt/ros/humble/share/ament_cmake/cmake)
[0.280s] -- Found rclcpp: 16.0.10 (/opt/ros/humble/share/rclcpp/cmake)
[0.429s] -- Found rosidl_generator_c: 3.1.5 (/opt/ros/humble/share/rosidl_generator_c/cmake)
[0.433s] -- Found rosidl_adapter: 3.1.5 (/opt/ros/humble/share/rosidl_adapter/cmake)
[0.444s] -- Found rosidl_generator_cpp: 3.1.5 (/opt/ros/humble/share/rosidl_generator_cpp/cmake)
[0.459s] -- Using all available rosidl_typesupport_c: rosidl_typesupport_fastrtps_c;rosidl_typesupport_introspection_c
[0.476s] -- Using all available rosidl_typesupport_cpp: rosidl_typesupport_fastrtps_cpp;rosidl_typesupport_introspection_cpp
[0.524s] -- Found rmw_implementation_cmake: 6.1.2 (/opt/ros/humble/share/rmw_implementation_cmake/cmake)
[0.527s] -- Found rmw_fastrtps_cpp: 6.2.7 (/opt/ros/humble/share/rmw_fastrtps_cpp/cmake)
[4.583s] -- Using RMW implementation 'rmw_fastrtps_cpp' as default
[4.653s] -- Found tf2: 0.25.8 (/opt/ros/humble/share/tf2/cmake)
[4.677s] -- Found tf2_ros: 0.25.8 (/opt/ros/humble/share/tf2_ros/cmake)
[4.783s] -- Found turtlesim: 1.4.2 (/opt/ros/humble/share/turtlesim/cmake)
[4.802s] -- Found sensor_msgs: 4.2.4 (/opt/ros/humble/share/sensor_msgs/cmake)
[4.834s] -- Eigen found (include: /usr/include/eigen3, version: 3.4.0)
[6.044s] -- FLANN found (include: /usr/include, lib: /usr/lib/x86_64-linux-gnu/libflann_cpp.so)
[9.248s] -- OpenNI found (version: 1.5.4.0, include: /usr/include/ni, lib: /usr/lib/libOpenNI.so;libusb::libusb)
[9.257s] -- OpenNI2 found (version: 2.2.0.33, include: /usr/include/openni2, lib: /usr/lib/x86_64-linux-gnu/libOpenNI2.so;libusb::libusb)
[9.257s] [0m** WARNING ** io features related to pcap will be disabled[0m
[10.793s] -- Eigen found (include: /usr/include/eigen3, version: 3.4.0)
[10.799s] -- OpenNI found (version: 1.5.4.0, include: /usr/include/ni, lib: /usr/lib/libOpenNI.so;libusb::libusb)
[10.804s] -- OpenNI2 found (version: 2.2.0.33, include: /usr/include/openni2, lib: /usr/lib/x86_64-linux-gnu/libOpenNI2.so;libusb::libusb)
[12.457s] -- Found Qhull version 8.0.2
[14.101s] -- OpenNI found (version: 1.5.4.0, include: /usr/include/ni, lib: /usr/lib/libOpenNI.so;libusb::libusb)
[15.719s] -- looking for PCL_COMMON
[15.719s] -- looking for PCL_KDTREE
[15.720s] -- looking for PCL_OCTREE
[15.720s] -- looking for PCL_SEARCH
[15.721s] -- looking for PCL_SAMPLE_CONSENSUS
[15.721s] -- looking for PCL_FILTERS
[15.721s] -- looking for PCL_2D
[15.722s] -- looking for PCL_GEOMETRY
[15.722s] -- looking for PCL_IO
[15.723s] -- looking for PCL_FEATURES
[15.723s] -- looking for PCL_ML
[15.723s] -- looking for PCL_SEGMENTATION
[15.723s] -- looking for PCL_VISUALIZATION
[15.724s] -- looking for PCL_SURFACE
[15.724s] -- looking for PCL_REGISTRATION
[15.725s] -- looking for PCL_KEYPOINTS
[15.725s] -- looking for PCL_TRACKING
[15.725s] -- looking for PCL_RECOGNITION
[15.726s] -- looking for PCL_STEREO
[15.726s] -- looking for PCL_APPS
[15.727s] -- looking for PCL_IN_HAND_SCANNER
[15.727s] -- looking for PCL_MODELER
[15.728s] -- looking for PCL_POINT_CLOUD_EDITOR
[15.728s] -- looking for PCL_OUTOFCORE
[15.729s] -- looking for PCL_PEOPLE
[15.731s] -- Found rviz2: 11.2.13 (/opt/ros/humble/share/rviz2/cmake)
[15.738s] [31mCMake Error at /opt/ros/humble/share/ament_cmake_target_dependencies/cmake/ament_target_dependencies.cmake:42 (message):
[15.738s]   ament_target_dependencies() the first argument must be a valid target name
[15.738s] Call Stack (most recent call first):
[15.738s]   CMakeLists.txt:107 (ament_target_dependencies)
[15.738s] 
[15.738s] [0m
[15.738s] -- Configuring incomplete, errors occurred!
[15.738s] See also "/home/simpletime/Project/ws02_tools/build/cpp01_tf_broadcaster/CMakeFiles/CMakeOutput.log".
[15.757s] gmake: *** [Makefile:472: cmake_check_build_system] Error 1
[15.760s] Invoked command in '/home/simpletime/Project/ws02_tools/build/cpp01_tf_broadcaster' returned '2': CMAKE_PREFIX_PATH=/opt/ros/humble /usr/bin/cmake --build /home/simpletime/Project/ws02_tools/build/cpp01_tf_broadcaster -- -j32 -l32
