[0.132s] DEBUG:colcon:Command line arguments: ['/usr/bin/colcon', 'build']
[0.132s] DEBUG:colcon:Parsed command line arguments: Namespace(log_base=None, log_level=None, verb_name='build', build_base='build', install_base='install', merge_install=False, symlink_install=False, test_result_base=None, continue_on_error=False, executor='parallel', parallel_workers=32, event_handlers=None, ignore_user_meta=False, metas=['./colcon.meta'], base_paths=['.'], packages_ignore=None, packages_ignore_regex=None, paths=None, packages_up_to=None, packages_up_to_regex=None, packages_above=None, packages_above_and_dependencies=None, packages_above_depth=None, packages_select_by_dep=None, packages_skip_by_dep=None, packages_skip_up_to=None, packages_select_build_failed=False, packages_skip_build_finished=False, packages_select_test_failures=False, packages_skip_test_passed=False, packages_select=None, packages_skip=None, packages_select_regex=None, packages_skip_regex=None, packages_start=None, packages_end=None, allow_overriding=[], cmake_args=None, cmake_target=None, cmake_target_skip_unavailable=False, cmake_clean_cache=False, cmake_clean_first=False, cmake_force_configure=False, ament_cmake_args=None, catkin_cmake_args=None, catkin_skip_building_tests=False, verb_parser=<colcon_defaults.argument_parser.defaults.DefaultArgumentsDecorator object at 0x7fa184f77ca0>, verb_extension=<colcon_core.verb.build.BuildVerb object at 0x7fa184f777c0>, main=<bound method BuildVerb.main of <colcon_core.verb.build.BuildVerb object at 0x7fa184f777c0>>)
[0.246s] Level 1:colcon.colcon_core.package_discovery:discover_packages(colcon_meta) check parameters
[0.246s] Level 1:colcon.colcon_core.package_discovery:discover_packages(recursive) check parameters
[0.246s] Level 1:colcon.colcon_core.package_discovery:discover_packages(ignore) check parameters
[0.246s] Level 1:colcon.colcon_core.package_discovery:discover_packages(path) check parameters
[0.246s] Level 1:colcon.colcon_core.package_discovery:discover_packages(colcon_meta) discover
[0.246s] Level 1:colcon.colcon_core.package_discovery:discover_packages(recursive) discover
[0.246s] INFO:colcon.colcon_core.package_discovery:Crawling recursively for packages in '/home/simpletime/Project/learn02_pcl_spin'
[0.246s] Level 1:colcon.colcon_core.package_identification:_identify(.) by extensions ['ignore', 'ignore_ament_install']
[0.246s] Level 1:colcon.colcon_core.package_identification:_identify(.) by extension 'ignore'
[0.246s] Level 1:colcon.colcon_core.package_identification:_identify(.) by extension 'ignore_ament_install'
[0.246s] Level 1:colcon.colcon_core.package_identification:_identify(.) by extensions ['colcon_pkg']
[0.246s] Level 1:colcon.colcon_core.package_identification:_identify(.) by extension 'colcon_pkg'
[0.247s] Level 1:colcon.colcon_core.package_identification:_identify(.) by extensions ['colcon_meta']
[0.247s] Level 1:colcon.colcon_core.package_identification:_identify(.) by extension 'colcon_meta'
[0.247s] Level 1:colcon.colcon_core.package_identification:_identify(.) by extensions ['ros']
[0.247s] Level 1:colcon.colcon_core.package_identification:_identify(.) by extension 'ros'
[0.255s] Level 1:colcon.colcon_core.package_identification:_identify(.) by extensions ['cmake', 'python']
[0.255s] Level 1:colcon.colcon_core.package_identification:_identify(.) by extension 'cmake'
[0.255s] Level 1:colcon.colcon_core.package_identification:_identify(.) by extension 'python'
[0.255s] Level 1:colcon.colcon_core.package_identification:_identify(.) by extensions ['python_setup_py']
[0.255s] Level 1:colcon.colcon_core.package_identification:_identify(.) by extension 'python_setup_py'
[0.255s] Level 1:colcon.colcon_core.package_identification:_identify(build) by extensions ['ignore', 'ignore_ament_install']
[0.255s] Level 1:colcon.colcon_core.package_identification:_identify(build) by extension 'ignore'
[0.255s] Level 1:colcon.colcon_core.package_identification:_identify(build) ignored
[0.255s] Level 1:colcon.colcon_core.package_identification:_identify(install) by extensions ['ignore', 'ignore_ament_install']
[0.255s] Level 1:colcon.colcon_core.package_identification:_identify(install) by extension 'ignore'
[0.255s] Level 1:colcon.colcon_core.package_identification:_identify(install) ignored
[0.255s] Level 1:colcon.colcon_core.package_identification:_identify(log) by extensions ['ignore', 'ignore_ament_install']
[0.255s] Level 1:colcon.colcon_core.package_identification:_identify(log) by extension 'ignore'
[0.256s] Level 1:colcon.colcon_core.package_identification:_identify(log) ignored
[0.256s] Level 1:colcon.colcon_core.package_identification:_identify(source) by extensions ['ignore', 'ignore_ament_install']
[0.256s] Level 1:colcon.colcon_core.package_identification:_identify(source) by extension 'ignore'
[0.256s] Level 1:colcon.colcon_core.package_identification:_identify(source) by extension 'ignore_ament_install'
[0.256s] Level 1:colcon.colcon_core.package_identification:_identify(source) by extensions ['colcon_pkg']
[0.256s] Level 1:colcon.colcon_core.package_identification:_identify(source) by extension 'colcon_pkg'
[0.256s] Level 1:colcon.colcon_core.package_identification:_identify(source) by extensions ['colcon_meta']
[0.256s] Level 1:colcon.colcon_core.package_identification:_identify(source) by extension 'colcon_meta'
[0.256s] Level 1:colcon.colcon_core.package_identification:_identify(source) by extensions ['ros']
[0.256s] Level 1:colcon.colcon_core.package_identification:_identify(source) by extension 'ros'
[0.256s] Level 1:colcon.colcon_core.package_identification:_identify(source) by extensions ['cmake', 'python']
[0.256s] Level 1:colcon.colcon_core.package_identification:_identify(source) by extension 'cmake'
[0.256s] Level 1:colcon.colcon_core.package_identification:_identify(source) by extension 'python'
[0.256s] Level 1:colcon.colcon_core.package_identification:_identify(source) by extensions ['python_setup_py']
[0.256s] Level 1:colcon.colcon_core.package_identification:_identify(source) by extension 'python_setup_py'
[0.256s] Level 1:colcon.colcon_core.package_identification:_identify(src) by extensions ['ignore', 'ignore_ament_install']
[0.256s] Level 1:colcon.colcon_core.package_identification:_identify(src) by extension 'ignore'
[0.256s] Level 1:colcon.colcon_core.package_identification:_identify(src) by extension 'ignore_ament_install'
[0.256s] Level 1:colcon.colcon_core.package_identification:_identify(src) by extensions ['colcon_pkg']
[0.256s] Level 1:colcon.colcon_core.package_identification:_identify(src) by extension 'colcon_pkg'
[0.256s] Level 1:colcon.colcon_core.package_identification:_identify(src) by extensions ['colcon_meta']
[0.256s] Level 1:colcon.colcon_core.package_identification:_identify(src) by extension 'colcon_meta'
[0.256s] Level 1:colcon.colcon_core.package_identification:_identify(src) by extensions ['ros']
[0.256s] Level 1:colcon.colcon_core.package_identification:_identify(src) by extension 'ros'
[0.256s] Level 1:colcon.colcon_core.package_identification:_identify(src) by extensions ['cmake', 'python']
[0.256s] Level 1:colcon.colcon_core.package_identification:_identify(src) by extension 'cmake'
[0.256s] Level 1:colcon.colcon_core.package_identification:_identify(src) by extension 'python'
[0.256s] Level 1:colcon.colcon_core.package_identification:_identify(src) by extensions ['python_setup_py']
[0.257s] Level 1:colcon.colcon_core.package_identification:_identify(src) by extension 'python_setup_py'
[0.257s] Level 1:colcon.colcon_core.package_identification:_identify(src/cpp01_pcl_spin) by extensions ['ignore', 'ignore_ament_install']
[0.257s] Level 1:colcon.colcon_core.package_identification:_identify(src/cpp01_pcl_spin) by extension 'ignore'
[0.257s] Level 1:colcon.colcon_core.package_identification:_identify(src/cpp01_pcl_spin) by extension 'ignore_ament_install'
[0.257s] Level 1:colcon.colcon_core.package_identification:_identify(src/cpp01_pcl_spin) by extensions ['colcon_pkg']
[0.257s] Level 1:colcon.colcon_core.package_identification:_identify(src/cpp01_pcl_spin) by extension 'colcon_pkg'
[0.257s] Level 1:colcon.colcon_core.package_identification:_identify(src/cpp01_pcl_spin) by extensions ['colcon_meta']
[0.257s] Level 1:colcon.colcon_core.package_identification:_identify(src/cpp01_pcl_spin) by extension 'colcon_meta'
[0.257s] Level 1:colcon.colcon_core.package_identification:_identify(src/cpp01_pcl_spin) by extensions ['ros']
[0.257s] Level 1:colcon.colcon_core.package_identification:_identify(src/cpp01_pcl_spin) by extension 'ros'
[0.259s] DEBUG:colcon.colcon_core.package_identification:Package 'src/cpp01_pcl_spin' with type 'ros.ament_cmake' and name 'cpp01_pcl_spin'
[0.259s] Level 1:colcon.colcon_core.package_identification:_identify(src/cpp02_nav_pcl) by extensions ['ignore', 'ignore_ament_install']
[0.259s] Level 1:colcon.colcon_core.package_identification:_identify(src/cpp02_nav_pcl) by extension 'ignore'
[0.259s] Level 1:colcon.colcon_core.package_identification:_identify(src/cpp02_nav_pcl) by extension 'ignore_ament_install'
[0.259s] Level 1:colcon.colcon_core.package_identification:_identify(src/cpp02_nav_pcl) by extensions ['colcon_pkg']
[0.260s] Level 1:colcon.colcon_core.package_identification:_identify(src/cpp02_nav_pcl) by extension 'colcon_pkg'
[0.260s] Level 1:colcon.colcon_core.package_identification:_identify(src/cpp02_nav_pcl) by extensions ['colcon_meta']
[0.260s] Level 1:colcon.colcon_core.package_identification:_identify(src/cpp02_nav_pcl) by extension 'colcon_meta'
[0.260s] Level 1:colcon.colcon_core.package_identification:_identify(src/cpp02_nav_pcl) by extensions ['ros']
[0.260s] Level 1:colcon.colcon_core.package_identification:_identify(src/cpp02_nav_pcl) by extension 'ros'
[0.261s] DEBUG:colcon.colcon_core.package_identification:Package 'src/cpp02_nav_pcl' with type 'ros.ament_cmake' and name 'cpp02_nav_pcl'
[0.261s] Level 1:colcon.colcon_core.package_identification:_identify(src/cpp03_pcl_move) by extensions ['ignore', 'ignore_ament_install']
[0.261s] Level 1:colcon.colcon_core.package_identification:_identify(src/cpp03_pcl_move) by extension 'ignore'
[0.261s] Level 1:colcon.colcon_core.package_identification:_identify(src/cpp03_pcl_move) by extension 'ignore_ament_install'
[0.261s] Level 1:colcon.colcon_core.package_identification:_identify(src/cpp03_pcl_move) by extensions ['colcon_pkg']
[0.261s] Level 1:colcon.colcon_core.package_identification:_identify(src/cpp03_pcl_move) by extension 'colcon_pkg'
[0.261s] Level 1:colcon.colcon_core.package_identification:_identify(src/cpp03_pcl_move) by extensions ['colcon_meta']
[0.261s] Level 1:colcon.colcon_core.package_identification:_identify(src/cpp03_pcl_move) by extension 'colcon_meta'
[0.261s] Level 1:colcon.colcon_core.package_identification:_identify(src/cpp03_pcl_move) by extensions ['ros']
[0.261s] Level 1:colcon.colcon_core.package_identification:_identify(src/cpp03_pcl_move) by extension 'ros'
[0.262s] DEBUG:colcon.colcon_core.package_identification:Package 'src/cpp03_pcl_move' with type 'ros.ament_cmake' and name 'cpp03_pcl_move'
[0.262s] Level 1:colcon.colcon_core.package_discovery:discover_packages(recursive) using defaults
[0.262s] Level 1:colcon.colcon_core.package_discovery:discover_packages(ignore) discover
[0.262s] Level 1:colcon.colcon_core.package_discovery:discover_packages(ignore) using defaults
[0.262s] Level 1:colcon.colcon_core.package_discovery:discover_packages(path) discover
[0.262s] Level 1:colcon.colcon_core.package_discovery:discover_packages(path) using defaults
[0.277s] Level 1:colcon.colcon_core.package_discovery:discover_packages(prefix_path) check parameters
[0.277s] Level 1:colcon.colcon_core.package_discovery:discover_packages(prefix_path) discover
[0.278s] DEBUG:colcon.colcon_installed_package_information.package_discovery:Found 3 installed packages in /home/simpletime/Project/learn02_pcl_spin/install
[0.279s] DEBUG:colcon.colcon_installed_package_information.package_discovery:Found 271 installed packages in /opt/ros/humble
[0.280s] Level 1:colcon.colcon_core.package_discovery:discover_packages(prefix_path) using defaults
[0.320s] Level 5:colcon.colcon_core.verb:set package 'cpp01_pcl_spin' build argument 'cmake_args' from command line to 'None'
[0.320s] Level 5:colcon.colcon_core.verb:set package 'cpp01_pcl_spin' build argument 'cmake_target' from command line to 'None'
[0.320s] Level 5:colcon.colcon_core.verb:set package 'cpp01_pcl_spin' build argument 'cmake_target_skip_unavailable' from command line to 'False'
[0.320s] Level 5:colcon.colcon_core.verb:set package 'cpp01_pcl_spin' build argument 'cmake_clean_cache' from command line to 'False'
[0.320s] Level 5:colcon.colcon_core.verb:set package 'cpp01_pcl_spin' build argument 'cmake_clean_first' from command line to 'False'
[0.320s] Level 5:colcon.colcon_core.verb:set package 'cpp01_pcl_spin' build argument 'cmake_force_configure' from command line to 'False'
[0.320s] Level 5:colcon.colcon_core.verb:set package 'cpp01_pcl_spin' build argument 'ament_cmake_args' from command line to 'None'
[0.320s] Level 5:colcon.colcon_core.verb:set package 'cpp01_pcl_spin' build argument 'catkin_cmake_args' from command line to 'None'
[0.320s] Level 5:colcon.colcon_core.verb:set package 'cpp01_pcl_spin' build argument 'catkin_skip_building_tests' from command line to 'False'
[0.320s] DEBUG:colcon.colcon_core.verb:Building package 'cpp01_pcl_spin' with the following arguments: {'ament_cmake_args': None, 'build_base': '/home/simpletime/Project/learn02_pcl_spin/build/cpp01_pcl_spin', 'catkin_cmake_args': None, 'catkin_skip_building_tests': False, 'cmake_args': None, 'cmake_clean_cache': False, 'cmake_clean_first': False, 'cmake_force_configure': False, 'cmake_target': None, 'cmake_target_skip_unavailable': False, 'install_base': '/home/simpletime/Project/learn02_pcl_spin/install/cpp01_pcl_spin', 'merge_install': False, 'path': '/home/simpletime/Project/learn02_pcl_spin/src/cpp01_pcl_spin', 'symlink_install': False, 'test_result_base': None}
[0.320s] Level 5:colcon.colcon_core.verb:set package 'cpp02_nav_pcl' build argument 'cmake_args' from command line to 'None'
[0.320s] Level 5:colcon.colcon_core.verb:set package 'cpp02_nav_pcl' build argument 'cmake_target' from command line to 'None'
[0.320s] Level 5:colcon.colcon_core.verb:set package 'cpp02_nav_pcl' build argument 'cmake_target_skip_unavailable' from command line to 'False'
[0.320s] Level 5:colcon.colcon_core.verb:set package 'cpp02_nav_pcl' build argument 'cmake_clean_cache' from command line to 'False'
[0.320s] Level 5:colcon.colcon_core.verb:set package 'cpp02_nav_pcl' build argument 'cmake_clean_first' from command line to 'False'
[0.320s] Level 5:colcon.colcon_core.verb:set package 'cpp02_nav_pcl' build argument 'cmake_force_configure' from command line to 'False'
[0.320s] Level 5:colcon.colcon_core.verb:set package 'cpp02_nav_pcl' build argument 'ament_cmake_args' from command line to 'None'
[0.320s] Level 5:colcon.colcon_core.verb:set package 'cpp02_nav_pcl' build argument 'catkin_cmake_args' from command line to 'None'
[0.320s] Level 5:colcon.colcon_core.verb:set package 'cpp02_nav_pcl' build argument 'catkin_skip_building_tests' from command line to 'False'
[0.320s] DEBUG:colcon.colcon_core.verb:Building package 'cpp02_nav_pcl' with the following arguments: {'ament_cmake_args': None, 'build_base': '/home/simpletime/Project/learn02_pcl_spin/build/cpp02_nav_pcl', 'catkin_cmake_args': None, 'catkin_skip_building_tests': False, 'cmake_args': None, 'cmake_clean_cache': False, 'cmake_clean_first': False, 'cmake_force_configure': False, 'cmake_target': None, 'cmake_target_skip_unavailable': False, 'install_base': '/home/simpletime/Project/learn02_pcl_spin/install/cpp02_nav_pcl', 'merge_install': False, 'path': '/home/simpletime/Project/learn02_pcl_spin/src/cpp02_nav_pcl', 'symlink_install': False, 'test_result_base': None}
[0.321s] Level 5:colcon.colcon_core.verb:set package 'cpp03_pcl_move' build argument 'cmake_args' from command line to 'None'
[0.321s] Level 5:colcon.colcon_core.verb:set package 'cpp03_pcl_move' build argument 'cmake_target' from command line to 'None'
[0.321s] Level 5:colcon.colcon_core.verb:set package 'cpp03_pcl_move' build argument 'cmake_target_skip_unavailable' from command line to 'False'
[0.321s] Level 5:colcon.colcon_core.verb:set package 'cpp03_pcl_move' build argument 'cmake_clean_cache' from command line to 'False'
[0.321s] Level 5:colcon.colcon_core.verb:set package 'cpp03_pcl_move' build argument 'cmake_clean_first' from command line to 'False'
[0.321s] Level 5:colcon.colcon_core.verb:set package 'cpp03_pcl_move' build argument 'cmake_force_configure' from command line to 'False'
[0.321s] Level 5:colcon.colcon_core.verb:set package 'cpp03_pcl_move' build argument 'ament_cmake_args' from command line to 'None'
[0.321s] Level 5:colcon.colcon_core.verb:set package 'cpp03_pcl_move' build argument 'catkin_cmake_args' from command line to 'None'
[0.321s] Level 5:colcon.colcon_core.verb:set package 'cpp03_pcl_move' build argument 'catkin_skip_building_tests' from command line to 'False'
[0.321s] DEBUG:colcon.colcon_core.verb:Building package 'cpp03_pcl_move' with the following arguments: {'ament_cmake_args': None, 'build_base': '/home/simpletime/Project/learn02_pcl_spin/build/cpp03_pcl_move', 'catkin_cmake_args': None, 'catkin_skip_building_tests': False, 'cmake_args': None, 'cmake_clean_cache': False, 'cmake_clean_first': False, 'cmake_force_configure': False, 'cmake_target': None, 'cmake_target_skip_unavailable': False, 'install_base': '/home/simpletime/Project/learn02_pcl_spin/install/cpp03_pcl_move', 'merge_install': False, 'path': '/home/simpletime/Project/learn02_pcl_spin/src/cpp03_pcl_move', 'symlink_install': False, 'test_result_base': None}
[0.321s] INFO:colcon.colcon_core.executor:Executing jobs using 'parallel' executor
[0.322s] DEBUG:colcon.colcon_parallel_executor.executor.parallel:run_until_complete
[0.322s] INFO:colcon.colcon_ros.task.ament_cmake.build:Building ROS package in '/home/simpletime/Project/learn02_pcl_spin/src/cpp01_pcl_spin' with build type 'ament_cmake'
[0.322s] INFO:colcon.colcon_cmake.task.cmake.build:Building CMake package in '/home/simpletime/Project/learn02_pcl_spin/src/cpp01_pcl_spin'
[0.324s] INFO:colcon.colcon_core.plugin_system:Skipping extension 'colcon_core.shell.bat': Not used on non-Windows systems
[0.324s] INFO:colcon.colcon_core.shell:Skip shell extension 'powershell' for command environment: Not usable outside of PowerShell
[0.325s] DEBUG:colcon.colcon_core.shell:Skip shell extension 'dsv' for command environment
[0.327s] INFO:colcon.colcon_ros.task.ament_cmake.build:Building ROS package in '/home/simpletime/Project/learn02_pcl_spin/src/cpp02_nav_pcl' with build type 'ament_cmake'
[0.328s] INFO:colcon.colcon_cmake.task.cmake.build:Building CMake package in '/home/simpletime/Project/learn02_pcl_spin/src/cpp02_nav_pcl'
[0.328s] INFO:colcon.colcon_core.shell:Skip shell extension 'powershell' for command environment: Not usable outside of PowerShell
[0.328s] DEBUG:colcon.colcon_core.shell:Skip shell extension 'dsv' for command environment
[0.331s] INFO:colcon.colcon_ros.task.ament_cmake.build:Building ROS package in '/home/simpletime/Project/learn02_pcl_spin/src/cpp03_pcl_move' with build type 'ament_cmake'
[0.331s] INFO:colcon.colcon_cmake.task.cmake.build:Building CMake package in '/home/simpletime/Project/learn02_pcl_spin/src/cpp03_pcl_move'
[0.331s] INFO:colcon.colcon_core.shell:Skip shell extension 'powershell' for command environment: Not usable outside of PowerShell
[0.331s] DEBUG:colcon.colcon_core.shell:Skip shell extension 'dsv' for command environment
[0.339s] DEBUG:colcon.colcon_core.event_handler.log_command:Invoking command in '/home/simpletime/Project/learn02_pcl_spin/build/cpp01_pcl_spin': CMAKE_PREFIX_PATH=${CMAKE_PREFIX_PATH}:/opt/ros/humble /usr/bin/cmake --build /home/simpletime/Project/learn02_pcl_spin/build/cpp01_pcl_spin -- -j32 -l32
[0.345s] DEBUG:colcon.colcon_core.event_handler.log_command:Invoking command in '/home/simpletime/Project/learn02_pcl_spin/build/cpp02_nav_pcl': CMAKE_PREFIX_PATH=${CMAKE_PREFIX_PATH}:/opt/ros/humble /usr/bin/cmake --build /home/simpletime/Project/learn02_pcl_spin/build/cpp02_nav_pcl -- -j32 -l32
[0.348s] DEBUG:colcon.colcon_core.event_handler.log_command:Invoking command in '/home/simpletime/Project/learn02_pcl_spin/build/cpp03_pcl_move': CMAKE_PREFIX_PATH=${CMAKE_PREFIX_PATH}:/opt/ros/humble /usr/bin/cmake --build /home/simpletime/Project/learn02_pcl_spin/build/cpp03_pcl_move -- -j32 -l32
[0.392s] DEBUG:colcon.colcon_core.event_handler.log_command:Invoked command in '/home/simpletime/Project/learn02_pcl_spin/build/cpp01_pcl_spin' returned '0': CMAKE_PREFIX_PATH=${CMAKE_PREFIX_PATH}:/opt/ros/humble /usr/bin/cmake --build /home/simpletime/Project/learn02_pcl_spin/build/cpp01_pcl_spin -- -j32 -l32
[0.394s] DEBUG:colcon.colcon_core.event_handler.log_command:Invoked command in '/home/simpletime/Project/learn02_pcl_spin/build/cpp02_nav_pcl' returned '0': CMAKE_PREFIX_PATH=${CMAKE_PREFIX_PATH}:/opt/ros/humble /usr/bin/cmake --build /home/simpletime/Project/learn02_pcl_spin/build/cpp02_nav_pcl -- -j32 -l32
[0.423s] DEBUG:colcon.colcon_core.event_handler.log_command:Invoking command in '/home/simpletime/Project/learn02_pcl_spin/build/cpp01_pcl_spin': CMAKE_PREFIX_PATH=${CMAKE_PREFIX_PATH}:/opt/ros/humble /usr/bin/cmake --install /home/simpletime/Project/learn02_pcl_spin/build/cpp01_pcl_spin
[0.426s] DEBUG:colcon.colcon_core.event_handler.log_command:Invoking command in '/home/simpletime/Project/learn02_pcl_spin/build/cpp02_nav_pcl': CMAKE_PREFIX_PATH=${CMAKE_PREFIX_PATH}:/opt/ros/humble /usr/bin/cmake --install /home/simpletime/Project/learn02_pcl_spin/build/cpp02_nav_pcl
[0.433s] Level 1:colcon.colcon_core.environment:create_environment_scripts_only(cpp01_pcl_spin)
[0.438s] DEBUG:colcon.colcon_core.event_handler.log_command:Invoked command in '/home/simpletime/Project/learn02_pcl_spin/build/cpp01_pcl_spin' returned '0': CMAKE_PREFIX_PATH=${CMAKE_PREFIX_PATH}:/opt/ros/humble /usr/bin/cmake --install /home/simpletime/Project/learn02_pcl_spin/build/cpp01_pcl_spin
[0.440s] Level 1:colcon.colcon_core.environment:checking '/home/simpletime/Project/learn02_pcl_spin/install/cpp01_pcl_spin' for CMake module files
[0.441s] Level 1:colcon.colcon_core.environment:checking '/home/simpletime/Project/learn02_pcl_spin/install/cpp01_pcl_spin' for CMake config files
[0.441s] Level 1:colcon.colcon_core.shell:create_environment_hook('cpp01_pcl_spin', 'cmake_prefix_path')
[0.441s] INFO:colcon.colcon_core.shell:Creating environment hook '/home/simpletime/Project/learn02_pcl_spin/install/cpp01_pcl_spin/share/cpp01_pcl_spin/hook/cmake_prefix_path.ps1'
[0.442s] INFO:colcon.colcon_core.shell:Creating environment descriptor '/home/simpletime/Project/learn02_pcl_spin/install/cpp01_pcl_spin/share/cpp01_pcl_spin/hook/cmake_prefix_path.dsv'
[0.442s] INFO:colcon.colcon_core.shell:Creating environment hook '/home/simpletime/Project/learn02_pcl_spin/install/cpp01_pcl_spin/share/cpp01_pcl_spin/hook/cmake_prefix_path.sh'
[0.443s] Level 1:colcon.colcon_core.environment:checking '/home/simpletime/Project/learn02_pcl_spin/install/cpp01_pcl_spin/lib'
[0.443s] Level 1:colcon.colcon_core.environment:checking '/home/simpletime/Project/learn02_pcl_spin/install/cpp01_pcl_spin/bin'
[0.443s] Level 1:colcon.colcon_core.environment:checking '/home/simpletime/Project/learn02_pcl_spin/install/cpp01_pcl_spin/lib/pkgconfig/cpp01_pcl_spin.pc'
[0.443s] Level 1:colcon.colcon_core.environment:checking '/home/simpletime/Project/learn02_pcl_spin/install/cpp01_pcl_spin/lib/python3.10/site-packages'
[0.443s] Level 1:colcon.colcon_core.environment:checking '/home/simpletime/Project/learn02_pcl_spin/install/cpp01_pcl_spin/bin'
[0.444s] INFO:colcon.colcon_core.shell:Creating package script '/home/simpletime/Project/learn02_pcl_spin/install/cpp01_pcl_spin/share/cpp01_pcl_spin/package.ps1'
[0.444s] INFO:colcon.colcon_core.shell:Creating package descriptor '/home/simpletime/Project/learn02_pcl_spin/install/cpp01_pcl_spin/share/cpp01_pcl_spin/package.dsv'
[0.445s] INFO:colcon.colcon_core.shell:Creating package script '/home/simpletime/Project/learn02_pcl_spin/install/cpp01_pcl_spin/share/cpp01_pcl_spin/package.sh'
[0.445s] INFO:colcon.colcon_core.shell:Creating package script '/home/simpletime/Project/learn02_pcl_spin/install/cpp01_pcl_spin/share/cpp01_pcl_spin/package.bash'
[0.446s] INFO:colcon.colcon_core.shell:Creating package script '/home/simpletime/Project/learn02_pcl_spin/install/cpp01_pcl_spin/share/cpp01_pcl_spin/package.zsh'
[0.446s] Level 1:colcon.colcon_core.environment:create_file_with_runtime_dependencies(/home/simpletime/Project/learn02_pcl_spin/install/cpp01_pcl_spin/share/colcon-core/packages/cpp01_pcl_spin)
[0.447s] Level 1:colcon.colcon_core.environment:create_environment_scripts_only(cpp02_nav_pcl)
[0.448s] Level 1:colcon.colcon_core.environment:checking '/home/simpletime/Project/learn02_pcl_spin/install/cpp02_nav_pcl' for CMake module files
[0.448s] DEBUG:colcon.colcon_core.event_handler.log_command:Invoked command in '/home/simpletime/Project/learn02_pcl_spin/build/cpp02_nav_pcl' returned '0': CMAKE_PREFIX_PATH=${CMAKE_PREFIX_PATH}:/opt/ros/humble /usr/bin/cmake --install /home/simpletime/Project/learn02_pcl_spin/build/cpp02_nav_pcl
[0.449s] Level 1:colcon.colcon_core.environment:checking '/home/simpletime/Project/learn02_pcl_spin/install/cpp02_nav_pcl' for CMake config files
[0.449s] Level 1:colcon.colcon_core.shell:create_environment_hook('cpp02_nav_pcl', 'cmake_prefix_path')
[0.449s] INFO:colcon.colcon_core.shell:Creating environment hook '/home/simpletime/Project/learn02_pcl_spin/install/cpp02_nav_pcl/share/cpp02_nav_pcl/hook/cmake_prefix_path.ps1'
[0.449s] INFO:colcon.colcon_core.shell:Creating environment descriptor '/home/simpletime/Project/learn02_pcl_spin/install/cpp02_nav_pcl/share/cpp02_nav_pcl/hook/cmake_prefix_path.dsv'
[0.450s] INFO:colcon.colcon_core.shell:Creating environment hook '/home/simpletime/Project/learn02_pcl_spin/install/cpp02_nav_pcl/share/cpp02_nav_pcl/hook/cmake_prefix_path.sh'
[0.450s] Level 1:colcon.colcon_core.environment:checking '/home/simpletime/Project/learn02_pcl_spin/install/cpp02_nav_pcl/lib'
[0.450s] Level 1:colcon.colcon_core.environment:checking '/home/simpletime/Project/learn02_pcl_spin/install/cpp02_nav_pcl/bin'
[0.450s] Level 1:colcon.colcon_core.environment:checking '/home/simpletime/Project/learn02_pcl_spin/install/cpp02_nav_pcl/lib/pkgconfig/cpp02_nav_pcl.pc'
[0.450s] Level 1:colcon.colcon_core.environment:checking '/home/simpletime/Project/learn02_pcl_spin/install/cpp02_nav_pcl/lib/python3.10/site-packages'
[0.451s] Level 1:colcon.colcon_core.environment:checking '/home/simpletime/Project/learn02_pcl_spin/install/cpp02_nav_pcl/bin'
[0.451s] INFO:colcon.colcon_core.shell:Creating package script '/home/simpletime/Project/learn02_pcl_spin/install/cpp02_nav_pcl/share/cpp02_nav_pcl/package.ps1'
[0.451s] INFO:colcon.colcon_core.shell:Creating package descriptor '/home/simpletime/Project/learn02_pcl_spin/install/cpp02_nav_pcl/share/cpp02_nav_pcl/package.dsv'
[0.452s] INFO:colcon.colcon_core.shell:Creating package script '/home/simpletime/Project/learn02_pcl_spin/install/cpp02_nav_pcl/share/cpp02_nav_pcl/package.sh'
[0.452s] INFO:colcon.colcon_core.shell:Creating package script '/home/simpletime/Project/learn02_pcl_spin/install/cpp02_nav_pcl/share/cpp02_nav_pcl/package.bash'
[0.452s] INFO:colcon.colcon_core.shell:Creating package script '/home/simpletime/Project/learn02_pcl_spin/install/cpp02_nav_pcl/share/cpp02_nav_pcl/package.zsh'
[0.453s] Level 1:colcon.colcon_core.environment:create_file_with_runtime_dependencies(/home/simpletime/Project/learn02_pcl_spin/install/cpp02_nav_pcl/share/colcon-core/packages/cpp02_nav_pcl)
[0.469s] Level 1:colcon.colcon_core.environment:create_environment_scripts_only(cpp01_pcl_spin)
[0.469s] Level 1:colcon.colcon_core.environment:checking '/home/simpletime/Project/learn02_pcl_spin/install/cpp01_pcl_spin' for CMake module files
[0.469s] Level 1:colcon.colcon_core.environment:checking '/home/simpletime/Project/learn02_pcl_spin/install/cpp01_pcl_spin' for CMake config files
[0.470s] Level 1:colcon.colcon_core.shell:create_environment_hook('cpp01_pcl_spin', 'cmake_prefix_path')
[0.470s] INFO:colcon.colcon_core.shell:Creating environment hook '/home/simpletime/Project/learn02_pcl_spin/install/cpp01_pcl_spin/share/cpp01_pcl_spin/hook/cmake_prefix_path.ps1'
[0.470s] INFO:colcon.colcon_core.shell:Creating environment descriptor '/home/simpletime/Project/learn02_pcl_spin/install/cpp01_pcl_spin/share/cpp01_pcl_spin/hook/cmake_prefix_path.dsv'
[0.471s] INFO:colcon.colcon_core.shell:Creating environment hook '/home/simpletime/Project/learn02_pcl_spin/install/cpp01_pcl_spin/share/cpp01_pcl_spin/hook/cmake_prefix_path.sh'
[0.471s] Level 1:colcon.colcon_core.environment:checking '/home/simpletime/Project/learn02_pcl_spin/install/cpp01_pcl_spin/lib'
[0.471s] Level 1:colcon.colcon_core.environment:checking '/home/simpletime/Project/learn02_pcl_spin/install/cpp01_pcl_spin/bin'
[0.471s] Level 1:colcon.colcon_core.environment:checking '/home/simpletime/Project/learn02_pcl_spin/install/cpp01_pcl_spin/lib/pkgconfig/cpp01_pcl_spin.pc'
[0.471s] Level 1:colcon.colcon_core.environment:checking '/home/simpletime/Project/learn02_pcl_spin/install/cpp01_pcl_spin/lib/python3.10/site-packages'
[0.472s] Level 1:colcon.colcon_core.environment:checking '/home/simpletime/Project/learn02_pcl_spin/install/cpp01_pcl_spin/bin'
[0.472s] INFO:colcon.colcon_core.shell:Creating package script '/home/simpletime/Project/learn02_pcl_spin/install/cpp01_pcl_spin/share/cpp01_pcl_spin/package.ps1'
[0.472s] INFO:colcon.colcon_core.shell:Creating package descriptor '/home/simpletime/Project/learn02_pcl_spin/install/cpp01_pcl_spin/share/cpp01_pcl_spin/package.dsv'
[0.473s] INFO:colcon.colcon_core.shell:Creating package script '/home/simpletime/Project/learn02_pcl_spin/install/cpp01_pcl_spin/share/cpp01_pcl_spin/package.sh'
[0.473s] INFO:colcon.colcon_core.shell:Creating package script '/home/simpletime/Project/learn02_pcl_spin/install/cpp01_pcl_spin/share/cpp01_pcl_spin/package.bash'
[0.473s] INFO:colcon.colcon_core.shell:Creating package script '/home/simpletime/Project/learn02_pcl_spin/install/cpp01_pcl_spin/share/cpp01_pcl_spin/package.zsh'
[0.474s] Level 1:colcon.colcon_core.environment:create_file_with_runtime_dependencies(/home/simpletime/Project/learn02_pcl_spin/install/cpp01_pcl_spin/share/colcon-core/packages/cpp01_pcl_spin)
[0.477s] Level 1:colcon.colcon_core.environment:create_environment_scripts_only(cpp02_nav_pcl)
[0.477s] Level 1:colcon.colcon_core.environment:checking '/home/simpletime/Project/learn02_pcl_spin/install/cpp02_nav_pcl' for CMake module files
[0.477s] Level 1:colcon.colcon_core.environment:checking '/home/simpletime/Project/learn02_pcl_spin/install/cpp02_nav_pcl' for CMake config files
[0.477s] Level 1:colcon.colcon_core.shell:create_environment_hook('cpp02_nav_pcl', 'cmake_prefix_path')
[0.478s] INFO:colcon.colcon_core.shell:Creating environment hook '/home/simpletime/Project/learn02_pcl_spin/install/cpp02_nav_pcl/share/cpp02_nav_pcl/hook/cmake_prefix_path.ps1'
[0.478s] INFO:colcon.colcon_core.shell:Creating environment descriptor '/home/simpletime/Project/learn02_pcl_spin/install/cpp02_nav_pcl/share/cpp02_nav_pcl/hook/cmake_prefix_path.dsv'
[0.478s] INFO:colcon.colcon_core.shell:Creating environment hook '/home/simpletime/Project/learn02_pcl_spin/install/cpp02_nav_pcl/share/cpp02_nav_pcl/hook/cmake_prefix_path.sh'
[0.479s] Level 1:colcon.colcon_core.environment:checking '/home/simpletime/Project/learn02_pcl_spin/install/cpp02_nav_pcl/lib'
[0.479s] Level 1:colcon.colcon_core.environment:checking '/home/simpletime/Project/learn02_pcl_spin/install/cpp02_nav_pcl/bin'
[0.479s] Level 1:colcon.colcon_core.environment:checking '/home/simpletime/Project/learn02_pcl_spin/install/cpp02_nav_pcl/lib/pkgconfig/cpp02_nav_pcl.pc'
[0.479s] Level 1:colcon.colcon_core.environment:checking '/home/simpletime/Project/learn02_pcl_spin/install/cpp02_nav_pcl/lib/python3.10/site-packages'
[0.479s] Level 1:colcon.colcon_core.environment:checking '/home/simpletime/Project/learn02_pcl_spin/install/cpp02_nav_pcl/bin'
[0.479s] INFO:colcon.colcon_core.shell:Creating package script '/home/simpletime/Project/learn02_pcl_spin/install/cpp02_nav_pcl/share/cpp02_nav_pcl/package.ps1'
[0.480s] INFO:colcon.colcon_core.shell:Creating package descriptor '/home/simpletime/Project/learn02_pcl_spin/install/cpp02_nav_pcl/share/cpp02_nav_pcl/package.dsv'
[0.480s] INFO:colcon.colcon_core.shell:Creating package script '/home/simpletime/Project/learn02_pcl_spin/install/cpp02_nav_pcl/share/cpp02_nav_pcl/package.sh'
[0.480s] INFO:colcon.colcon_core.shell:Creating package script '/home/simpletime/Project/learn02_pcl_spin/install/cpp02_nav_pcl/share/cpp02_nav_pcl/package.bash'
[0.481s] INFO:colcon.colcon_core.shell:Creating package script '/home/simpletime/Project/learn02_pcl_spin/install/cpp02_nav_pcl/share/cpp02_nav_pcl/package.zsh'
[0.481s] Level 1:colcon.colcon_core.environment:create_file_with_runtime_dependencies(/home/simpletime/Project/learn02_pcl_spin/install/cpp02_nav_pcl/share/colcon-core/packages/cpp02_nav_pcl)
[6.424s] DEBUG:colcon.colcon_core.event_handler.log_command:Invoked command in '/home/simpletime/Project/learn02_pcl_spin/build/cpp03_pcl_move' returned '0': CMAKE_PREFIX_PATH=${CMAKE_PREFIX_PATH}:/opt/ros/humble /usr/bin/cmake --build /home/simpletime/Project/learn02_pcl_spin/build/cpp03_pcl_move -- -j32 -l32
[6.448s] DEBUG:colcon.colcon_core.event_handler.log_command:Invoking command in '/home/simpletime/Project/learn02_pcl_spin/build/cpp03_pcl_move': CMAKE_PREFIX_PATH=${CMAKE_PREFIX_PATH}:/opt/ros/humble /usr/bin/cmake --install /home/simpletime/Project/learn02_pcl_spin/build/cpp03_pcl_move
[6.458s] Level 1:colcon.colcon_core.environment:create_environment_scripts_only(cpp03_pcl_move)
[6.458s] Level 1:colcon.colcon_core.environment:checking '/home/simpletime/Project/learn02_pcl_spin/install/cpp03_pcl_move' for CMake module files
[6.459s] DEBUG:colcon.colcon_core.event_handler.log_command:Invoked command in '/home/simpletime/Project/learn02_pcl_spin/build/cpp03_pcl_move' returned '0': CMAKE_PREFIX_PATH=${CMAKE_PREFIX_PATH}:/opt/ros/humble /usr/bin/cmake --install /home/simpletime/Project/learn02_pcl_spin/build/cpp03_pcl_move
[6.459s] Level 1:colcon.colcon_core.environment:checking '/home/simpletime/Project/learn02_pcl_spin/install/cpp03_pcl_move' for CMake config files
[6.459s] Level 1:colcon.colcon_core.shell:create_environment_hook('cpp03_pcl_move', 'cmake_prefix_path')
[6.460s] INFO:colcon.colcon_core.shell:Creating environment hook '/home/simpletime/Project/learn02_pcl_spin/install/cpp03_pcl_move/share/cpp03_pcl_move/hook/cmake_prefix_path.ps1'
[6.460s] INFO:colcon.colcon_core.shell:Creating environment descriptor '/home/simpletime/Project/learn02_pcl_spin/install/cpp03_pcl_move/share/cpp03_pcl_move/hook/cmake_prefix_path.dsv'
[6.460s] INFO:colcon.colcon_core.shell:Creating environment hook '/home/simpletime/Project/learn02_pcl_spin/install/cpp03_pcl_move/share/cpp03_pcl_move/hook/cmake_prefix_path.sh'
[6.461s] Level 1:colcon.colcon_core.environment:checking '/home/simpletime/Project/learn02_pcl_spin/install/cpp03_pcl_move/lib'
[6.461s] Level 1:colcon.colcon_core.environment:checking '/home/simpletime/Project/learn02_pcl_spin/install/cpp03_pcl_move/bin'
[6.461s] Level 1:colcon.colcon_core.environment:checking '/home/simpletime/Project/learn02_pcl_spin/install/cpp03_pcl_move/lib/pkgconfig/cpp03_pcl_move.pc'
[6.461s] Level 1:colcon.colcon_core.environment:checking '/home/simpletime/Project/learn02_pcl_spin/install/cpp03_pcl_move/lib/python3.10/site-packages'
[6.461s] Level 1:colcon.colcon_core.environment:checking '/home/simpletime/Project/learn02_pcl_spin/install/cpp03_pcl_move/bin'
[6.462s] INFO:colcon.colcon_core.shell:Creating package script '/home/simpletime/Project/learn02_pcl_spin/install/cpp03_pcl_move/share/cpp03_pcl_move/package.ps1'
[6.462s] INFO:colcon.colcon_core.shell:Creating package descriptor '/home/simpletime/Project/learn02_pcl_spin/install/cpp03_pcl_move/share/cpp03_pcl_move/package.dsv'
[6.462s] INFO:colcon.colcon_core.shell:Creating package script '/home/simpletime/Project/learn02_pcl_spin/install/cpp03_pcl_move/share/cpp03_pcl_move/package.sh'
[6.463s] INFO:colcon.colcon_core.shell:Creating package script '/home/simpletime/Project/learn02_pcl_spin/install/cpp03_pcl_move/share/cpp03_pcl_move/package.bash'
[6.463s] INFO:colcon.colcon_core.shell:Creating package script '/home/simpletime/Project/learn02_pcl_spin/install/cpp03_pcl_move/share/cpp03_pcl_move/package.zsh'
[6.463s] Level 1:colcon.colcon_core.environment:create_file_with_runtime_dependencies(/home/simpletime/Project/learn02_pcl_spin/install/cpp03_pcl_move/share/colcon-core/packages/cpp03_pcl_move)
[6.485s] Level 1:colcon.colcon_core.environment:create_environment_scripts_only(cpp03_pcl_move)
[6.485s] Level 1:colcon.colcon_core.environment:checking '/home/simpletime/Project/learn02_pcl_spin/install/cpp03_pcl_move' for CMake module files
[6.486s] Level 1:colcon.colcon_core.environment:checking '/home/simpletime/Project/learn02_pcl_spin/install/cpp03_pcl_move' for CMake config files
[6.486s] Level 1:colcon.colcon_core.shell:create_environment_hook('cpp03_pcl_move', 'cmake_prefix_path')
[6.487s] INFO:colcon.colcon_core.shell:Creating environment hook '/home/simpletime/Project/learn02_pcl_spin/install/cpp03_pcl_move/share/cpp03_pcl_move/hook/cmake_prefix_path.ps1'
[6.487s] INFO:colcon.colcon_core.shell:Creating environment descriptor '/home/simpletime/Project/learn02_pcl_spin/install/cpp03_pcl_move/share/cpp03_pcl_move/hook/cmake_prefix_path.dsv'
[6.487s] INFO:colcon.colcon_core.shell:Creating environment hook '/home/simpletime/Project/learn02_pcl_spin/install/cpp03_pcl_move/share/cpp03_pcl_move/hook/cmake_prefix_path.sh'
[6.488s] Level 1:colcon.colcon_core.environment:checking '/home/simpletime/Project/learn02_pcl_spin/install/cpp03_pcl_move/lib'
[6.488s] Level 1:colcon.colcon_core.environment:checking '/home/simpletime/Project/learn02_pcl_spin/install/cpp03_pcl_move/bin'
[6.488s] Level 1:colcon.colcon_core.environment:checking '/home/simpletime/Project/learn02_pcl_spin/install/cpp03_pcl_move/lib/pkgconfig/cpp03_pcl_move.pc'
[6.488s] Level 1:colcon.colcon_core.environment:checking '/home/simpletime/Project/learn02_pcl_spin/install/cpp03_pcl_move/lib/python3.10/site-packages'
[6.488s] Level 1:colcon.colcon_core.environment:checking '/home/simpletime/Project/learn02_pcl_spin/install/cpp03_pcl_move/bin'
[6.489s] INFO:colcon.colcon_core.shell:Creating package script '/home/simpletime/Project/learn02_pcl_spin/install/cpp03_pcl_move/share/cpp03_pcl_move/package.ps1'
[6.489s] INFO:colcon.colcon_core.shell:Creating package descriptor '/home/simpletime/Project/learn02_pcl_spin/install/cpp03_pcl_move/share/cpp03_pcl_move/package.dsv'
[6.489s] INFO:colcon.colcon_core.shell:Creating package script '/home/simpletime/Project/learn02_pcl_spin/install/cpp03_pcl_move/share/cpp03_pcl_move/package.sh'
[6.490s] INFO:colcon.colcon_core.shell:Creating package script '/home/simpletime/Project/learn02_pcl_spin/install/cpp03_pcl_move/share/cpp03_pcl_move/package.bash'
[6.490s] INFO:colcon.colcon_core.shell:Creating package script '/home/simpletime/Project/learn02_pcl_spin/install/cpp03_pcl_move/share/cpp03_pcl_move/package.zsh'
[6.490s] Level 1:colcon.colcon_core.environment:create_file_with_runtime_dependencies(/home/simpletime/Project/learn02_pcl_spin/install/cpp03_pcl_move/share/colcon-core/packages/cpp03_pcl_move)
[6.491s] DEBUG:colcon.colcon_parallel_executor.executor.parallel:closing loop
[6.492s] DEBUG:colcon.colcon_parallel_executor.executor.parallel:loop closed
[6.492s] DEBUG:colcon.colcon_parallel_executor.executor.parallel:run_until_complete finished with '0'
[6.492s] DEBUG:colcon.colcon_core.event_reactor:joining thread
[6.526s] INFO:colcon.colcon_core.plugin_system:Skipping extension 'colcon_notification.desktop_notification.notify_send': Could not find 'notify-send'
[6.527s] INFO:colcon.colcon_core.plugin_system:Skipping extension 'colcon_notification.desktop_notification.terminal_notifier': Not used on non-Darwin systems
[6.527s] INFO:colcon.colcon_core.plugin_system:Skipping extension 'colcon_notification.desktop_notification.win32': Not used on non-Windows systems
[6.527s] INFO:colcon.colcon_notification.desktop_notification:Sending desktop notification using 'notify2'
[6.528s] DEBUG:colcon.colcon_notification.desktop_notification.notify2:Failed to initialize notify2: org.freedesktop.DBus.Error.ServiceUnknown: The name org.freedesktop.Notifications was not provided by any .service files
[6.528s] DEBUG:colcon.colcon_core.event_reactor:joined thread
[6.528s] INFO:colcon.colcon_core.shell:Creating prefix script '/home/simpletime/Project/learn02_pcl_spin/install/local_setup.ps1'
[6.529s] INFO:colcon.colcon_core.shell:Creating prefix util module '/home/simpletime/Project/learn02_pcl_spin/install/_local_setup_util_ps1.py'
[6.530s] INFO:colcon.colcon_core.shell:Creating prefix chain script '/home/simpletime/Project/learn02_pcl_spin/install/setup.ps1'
[6.531s] INFO:colcon.colcon_core.shell:Creating prefix script '/home/simpletime/Project/learn02_pcl_spin/install/local_setup.sh'
[6.532s] INFO:colcon.colcon_core.shell:Creating prefix util module '/home/simpletime/Project/learn02_pcl_spin/install/_local_setup_util_sh.py'
[6.532s] INFO:colcon.colcon_core.shell:Creating prefix chain script '/home/simpletime/Project/learn02_pcl_spin/install/setup.sh'
[6.533s] INFO:colcon.colcon_core.shell:Creating prefix script '/home/simpletime/Project/learn02_pcl_spin/install/local_setup.bash'
[6.533s] INFO:colcon.colcon_core.shell:Creating prefix chain script '/home/simpletime/Project/learn02_pcl_spin/install/setup.bash'
[6.534s] INFO:colcon.colcon_core.shell:Creating prefix script '/home/simpletime/Project/learn02_pcl_spin/install/local_setup.zsh'
[6.535s] INFO:colcon.colcon_core.shell:Creating prefix chain script '/home/simpletime/Project/learn02_pcl_spin/install/setup.zsh'
