[0.012s] Invoking command in '/home/simpletime/exam/build/cpp_auto': CMAKE_PREFIX_PATH=/home/simpletime/exam/install/base_interface:/home/simpletime/exam/install/cpp_topic:/home/simpletime/exam/install/cpp_auto:/opt/ros/humble /usr/bin/cmake --build /home/simpletime/exam/build/cpp_auto -- -j4 -l4
[0.033s] -- Found ament_cmake: 1.3.10 (/opt/ros/humble/share/ament_cmake/cmake)
[0.132s] -- Found rclcpp: 16.0.10 (/opt/ros/humble/share/rclcpp/cmake)
[0.153s] -- Found rosidl_generator_c: 3.1.5 (/opt/ros/humble/share/rosidl_generator_c/cmake)
[0.155s] -- Found rosidl_adapter: 3.1.5 (/opt/ros/humble/share/rosidl_adapter/cmake)
[0.160s] -- Found rosidl_generator_cpp: 3.1.5 (/opt/ros/humble/share/rosidl_generator_cpp/cmake)
[0.171s] -- Using all available rosidl_typesupport_c: rosidl_typesupport_fastrtps_c;rosidl_typesupport_introspection_c
[0.176s] -- Using all available rosidl_typesupport_cpp: rosidl_typesupport_fastrtps_cpp;rosidl_typesupport_introspection_cpp
[0.199s] -- Found rmw_implementation_cmake: 6.1.2 (/opt/ros/humble/share/rmw_implementation_cmake/cmake)
[0.200s] -- Found rmw_fastrtps_cpp: 6.2.7 (/opt/ros/humble/share/rmw_fastrtps_cpp/cmake)
[0.278s] -- Using RMW implementation 'rmw_fastrtps_cpp' as default
[0.307s] -- Found base_interface: 0.0.0 (/home/simpletime/exam/install/base_interface/share/base_interface/cmake)
[0.316s] -- Found ament_cmake_auto: 1.3.10 (/opt/ros/humble/share/ament_cmake_auto/cmake)
[0.363s] -- Found ament_lint_auto: 0.12.11 (/opt/ros/humble/share/ament_lint_auto/cmake)
[0.370s] -- Added test 'cppcheck' to perform static code analysis on C / C++ code
[0.370s] -- Configured cppcheck include dirs: $<BUILD_INTERFACE:/home/simpletime/exam/src/cpp_auto/include>
[0.370s] -- Configured cppcheck exclude dirs and/or files: 
[0.371s] -- Added test 'lint_cmake' to check CMake code style
[0.371s] -- Added test 'uncrustify' to check C / C++ code style
[0.371s] -- Configured uncrustify additional arguments: 
[0.371s] -- Added test 'xmllint' to check XML markup files
[0.372s] -- Configuring done
[0.381s] -- Generating done
[0.382s] -- Build files have been written to: /home/simpletime/exam/build/cpp_auto
[0.404s] [35m[1mConsolidate compiler generated dependencies of target cppauto[0m
[0.413s] [100%] Built target cppauto
[0.424s] Invoked command in '/home/simpletime/exam/build/cpp_auto' returned '0': CMAKE_PREFIX_PATH=/home/simpletime/exam/install/base_interface:/home/simpletime/exam/install/cpp_topic:/home/simpletime/exam/install/cpp_auto:/opt/ros/humble /usr/bin/cmake --build /home/simpletime/exam/build/cpp_auto -- -j4 -l4
[0.448s] Invoking command in '/home/simpletime/exam/build/cpp_auto': CMAKE_PREFIX_PATH=/home/simpletime/exam/install/base_interface:/home/simpletime/exam/install/cpp_topic:/home/simpletime/exam/install/cpp_auto:/opt/ros/humble /usr/bin/cmake --install /home/simpletime/exam/build/cpp_auto
[0.454s] -- Install configuration: ""
[0.454s] -- Up-to-date: /home/simpletime/exam/install/cpp_auto/lib/cpp_auto/cppauto
[0.455s] -- Up-to-date: /home/simpletime/exam/install/cpp_auto/share/ament_index/resource_index/package_run_dependencies/cpp_auto
[0.455s] -- Installing: /home/simpletime/exam/install/cpp_auto/share/ament_index/resource_index/parent_prefix_path/cpp_auto
[0.455s] -- Up-to-date: /home/simpletime/exam/install/cpp_auto/share/cpp_auto/environment/ament_prefix_path.sh
[0.455s] -- Installing: /home/simpletime/exam/install/cpp_auto/share/cpp_auto/environment/ament_prefix_path.dsv
[0.455s] -- Up-to-date: /home/simpletime/exam/install/cpp_auto/share/cpp_auto/environment/path.sh
[0.455s] -- Installing: /home/simpletime/exam/install/cpp_auto/share/cpp_auto/environment/path.dsv
[0.455s] -- Up-to-date: /home/simpletime/exam/install/cpp_auto/share/cpp_auto/local_setup.bash
[0.456s] -- Up-to-date: /home/simpletime/exam/install/cpp_auto/share/cpp_auto/local_setup.sh
[0.456s] -- Up-to-date: /home/simpletime/exam/install/cpp_auto/share/cpp_auto/local_setup.zsh
[0.456s] -- Installing: /home/simpletime/exam/install/cpp_auto/share/cpp_auto/local_setup.dsv
[0.456s] -- Installing: /home/simpletime/exam/install/cpp_auto/share/cpp_auto/package.dsv
[0.456s] -- Up-to-date: /home/simpletime/exam/install/cpp_auto/share/ament_index/resource_index/packages/cpp_auto
[0.456s] -- Up-to-date: /home/simpletime/exam/install/cpp_auto/share/cpp_auto/cmake/cpp_autoConfig.cmake
[0.456s] -- Up-to-date: /home/simpletime/exam/install/cpp_auto/share/cpp_auto/cmake/cpp_autoConfig-version.cmake
[0.456s] -- Up-to-date: /home/simpletime/exam/install/cpp_auto/share/cpp_auto/package.xml
[0.457s] Invoked command in '/home/simpletime/exam/build/cpp_auto' returned '0': CMAKE_PREFIX_PATH=/home/simpletime/exam/install/base_interface:/home/simpletime/exam/install/cpp_topic:/home/simpletime/exam/install/cpp_auto:/opt/ros/humble /usr/bin/cmake --install /home/simpletime/exam/build/cpp_auto
