[0.013s] Invoking command in '/home/simpletime/Project/learn02_pcl_spin/build/cpp01_pcl_spin': CMAKE_PREFIX_PATH=${CMAKE_PREFIX_PATH}:/opt/ros/humble /usr/bin/cmake --build /home/simpletime/Project/learn02_pcl_spin/build/cpp01_pcl_spin -- -j32 -l32
[0.049s] [35m[1mConsolidate compiler generated dependencies of target demo01_tf_spin[0m
[0.050s] [35m[1mConsolidate compiler generated dependencies of target demo01_pcl_spin[0m
[0.079s] [ 50%] [32mBuilding CXX object CMakeFiles/demo01_tf_spin.dir/src/demo01_tf_spin.cpp.o[0m
[0.080s] [ 50%] [32mBuilding CXX object CMakeFiles/demo01_pcl_spin.dir/src/demo01_pcl_spin.cpp.o[0m
[4.797s] [01m[K/home/simpletime/Project/learn02_pcl_spin/src/cpp01_pcl_spin/src/demo01_pcl_spin.cpp:[m[K In member function ‘[01m[Kvoid PointCouldPublisher::do_cb(const PointCloud2&)[m[K’:
[4.797s] [01m[K/home/simpletime/Project/learn02_pcl_spin/src/cpp01_pcl_spin/src/demo01_pcl_spin.cpp:48:52:[m[K [01;35m[Kwarning: [m[Kunused parameter ‘[01m[Kget_cloud_msg[m[K’ [[01;35m[K]8;;https://gcc.gnu.org/onlinedocs/gcc/Warning-Options.html#index-Wunused-parameter-Wunused-parameter]8;;[m[K]
[4.797s]    48 |   void do_cb([01;35m[Kconst sensor_msgs::msg::PointCloud2 & get_cloud_msg[m[K){
[4.797s]       |              [01;35m[K~~~~~~~~~~~~~~~~~~~~~~~~~~~~~~~~~~~~~~^~~~~~~~~~~~~[m[K
[6.942s] [ 75%] [32m[1mLinking CXX executable demo01_tf_spin[0m
[7.476s] [ 75%] Built target demo01_tf_spin
[12.423s] [100%] [32m[1mLinking CXX executable demo01_pcl_spin[0m
[13.187s] [100%] Built target demo01_pcl_spin
[13.198s] Invoked command in '/home/simpletime/Project/learn02_pcl_spin/build/cpp01_pcl_spin' returned '0': CMAKE_PREFIX_PATH=${CMAKE_PREFIX_PATH}:/opt/ros/humble /usr/bin/cmake --build /home/simpletime/Project/learn02_pcl_spin/build/cpp01_pcl_spin -- -j32 -l32
[13.231s] Invoking command in '/home/simpletime/Project/learn02_pcl_spin/build/cpp01_pcl_spin': CMAKE_PREFIX_PATH=${CMAKE_PREFIX_PATH}:/opt/ros/humble /usr/bin/cmake --install /home/simpletime/Project/learn02_pcl_spin/build/cpp01_pcl_spin
[13.237s] -- Install configuration: ""
[13.238s] -- Installing: /home/simpletime/Project/learn02_pcl_spin/install/cpp01_pcl_spin/lib/cpp01_pcl_spin/demo01_pcl_spin
[13.248s] -- Set runtime path of "/home/simpletime/Project/learn02_pcl_spin/install/cpp01_pcl_spin/lib/cpp01_pcl_spin/demo01_pcl_spin" to ""
[13.248s] -- Installing: /home/simpletime/Project/learn02_pcl_spin/install/cpp01_pcl_spin/lib/cpp01_pcl_spin/demo01_tf_spin
[13.251s] -- Set runtime path of "/home/simpletime/Project/learn02_pcl_spin/install/cpp01_pcl_spin/lib/cpp01_pcl_spin/demo01_tf_spin" to ""
[13.251s] -- Up-to-date: /home/simpletime/Project/learn02_pcl_spin/install/cpp01_pcl_spin/share/ament_index/resource_index/package_run_dependencies/cpp01_pcl_spin
[13.252s] -- Up-to-date: /home/simpletime/Project/learn02_pcl_spin/install/cpp01_pcl_spin/share/ament_index/resource_index/parent_prefix_path/cpp01_pcl_spin
[13.252s] -- Up-to-date: /home/simpletime/Project/learn02_pcl_spin/install/cpp01_pcl_spin/share/cpp01_pcl_spin/environment/ament_prefix_path.sh
[13.252s] -- Up-to-date: /home/simpletime/Project/learn02_pcl_spin/install/cpp01_pcl_spin/share/cpp01_pcl_spin/environment/ament_prefix_path.dsv
[13.252s] -- Up-to-date: /home/simpletime/Project/learn02_pcl_spin/install/cpp01_pcl_spin/share/cpp01_pcl_spin/environment/path.sh
[13.252s] -- Up-to-date: /home/simpletime/Project/learn02_pcl_spin/install/cpp01_pcl_spin/share/cpp01_pcl_spin/environment/path.dsv
[13.252s] -- Up-to-date: /home/simpletime/Project/learn02_pcl_spin/install/cpp01_pcl_spin/share/cpp01_pcl_spin/local_setup.bash
[13.252s] -- Up-to-date: /home/simpletime/Project/learn02_pcl_spin/install/cpp01_pcl_spin/share/cpp01_pcl_spin/local_setup.sh
[13.252s] -- Up-to-date: /home/simpletime/Project/learn02_pcl_spin/install/cpp01_pcl_spin/share/cpp01_pcl_spin/local_setup.zsh
[13.253s] -- Up-to-date: /home/simpletime/Project/learn02_pcl_spin/install/cpp01_pcl_spin/share/cpp01_pcl_spin/local_setup.dsv
[13.253s] -- Installing: /home/simpletime/Project/learn02_pcl_spin/install/cpp01_pcl_spin/share/cpp01_pcl_spin/package.dsv
[13.253s] -- Up-to-date: /home/simpletime/Project/learn02_pcl_spin/install/cpp01_pcl_spin/share/ament_index/resource_index/packages/cpp01_pcl_spin
[13.253s] -- Up-to-date: /home/simpletime/Project/learn02_pcl_spin/install/cpp01_pcl_spin/share/cpp01_pcl_spin/cmake/cpp01_pcl_spinConfig.cmake
[13.253s] -- Up-to-date: /home/simpletime/Project/learn02_pcl_spin/install/cpp01_pcl_spin/share/cpp01_pcl_spin/cmake/cpp01_pcl_spinConfig-version.cmake
[13.253s] -- Up-to-date: /home/simpletime/Project/learn02_pcl_spin/install/cpp01_pcl_spin/share/cpp01_pcl_spin/package.xml
[13.255s] Invoked command in '/home/simpletime/Project/learn02_pcl_spin/build/cpp01_pcl_spin' returned '0': CMAKE_PREFIX_PATH=${CMAKE_PREFIX_PATH}:/opt/ros/humble /usr/bin/cmake --install /home/simpletime/Project/learn02_pcl_spin/build/cpp01_pcl_spin
