[0.016s] Invoking command in '/home/simpletime/ws01_plumbing/build/cpp04_param': CMAKE_PREFIX_PATH=${CMAKE_PREFIX_PATH}:/opt/ros/humble /usr/bin/cmake --build /home/simpletime/ws01_plumbing/build/cpp04_param -- -j4 -l4
[0.126s] [35m[1mConsolidate compiler generated dependencies of target demo02_param_client[0m
[0.135s] [ 33%] Built target demo00_param
[0.135s] [ 66%] Built target demo01_param_server
[0.148s] [ 83%] [32mBuilding CXX object CMakeFiles/demo02_param_client.dir/src/demo02_param_client.cpp.o[0m
[2.655s] [100%] [32m[1mLinking CXX executable demo02_param_client[0m
[2.761s] [100%] Built target demo02_param_client
[2.772s] Invoked command in '/home/simpletime/ws01_plumbing/build/cpp04_param' returned '0': CMAKE_PREFIX_PATH=${CMAKE_PREFIX_PATH}:/opt/ros/humble /usr/bin/cmake --build /home/simpletime/ws01_plumbing/build/cpp04_param -- -j4 -l4
[2.804s] Invoking command in '/home/simpletime/ws01_plumbing/build/cpp04_param': CMAKE_PREFIX_PATH=${CMAKE_PREFIX_PATH}:/opt/ros/humble /usr/bin/cmake --install /home/simpletime/ws01_plumbing/build/cpp04_param
[2.812s] -- Install configuration: ""
[2.812s] -- Up-to-date: /home/simpletime/ws01_plumbing/install/cpp04_param/lib/cpp04_param/demo00_param
[2.813s] -- Up-to-date: /home/simpletime/ws01_plumbing/install/cpp04_param/lib/cpp04_param/demo01_param_server
[2.813s] -- Installing: /home/simpletime/ws01_plumbing/install/cpp04_param/lib/cpp04_param/demo02_param_client
[2.814s] -- Set runtime path of "/home/simpletime/ws01_plumbing/install/cpp04_param/lib/cpp04_param/demo02_param_client" to ""
[2.814s] -- Up-to-date: /home/simpletime/ws01_plumbing/install/cpp04_param/share/ament_index/resource_index/package_run_dependencies/cpp04_param
[2.814s] -- Up-to-date: /home/simpletime/ws01_plumbing/install/cpp04_param/share/ament_index/resource_index/parent_prefix_path/cpp04_param
[2.815s] -- Up-to-date: /home/simpletime/ws01_plumbing/install/cpp04_param/share/cpp04_param/environment/ament_prefix_path.sh
[2.815s] -- Up-to-date: /home/simpletime/ws01_plumbing/install/cpp04_param/share/cpp04_param/environment/ament_prefix_path.dsv
[2.815s] -- Up-to-date: /home/simpletime/ws01_plumbing/install/cpp04_param/share/cpp04_param/environment/path.sh
[2.815s] -- Up-to-date: /home/simpletime/ws01_plumbing/install/cpp04_param/share/cpp04_param/environment/path.dsv
[2.815s] -- Up-to-date: /home/simpletime/ws01_plumbing/install/cpp04_param/share/cpp04_param/local_setup.bash
[2.815s] -- Up-to-date: /home/simpletime/ws01_plumbing/install/cpp04_param/share/cpp04_param/local_setup.sh
[2.815s] -- Up-to-date: /home/simpletime/ws01_plumbing/install/cpp04_param/share/cpp04_param/local_setup.zsh
[2.815s] -- Up-to-date: /home/simpletime/ws01_plumbing/install/cpp04_param/share/cpp04_param/local_setup.dsv
[2.815s] -- Installing: /home/simpletime/ws01_plumbing/install/cpp04_param/share/cpp04_param/package.dsv
[2.816s] -- Up-to-date: /home/simpletime/ws01_plumbing/install/cpp04_param/share/ament_index/resource_index/packages/cpp04_param
[2.816s] -- Up-to-date: /home/simpletime/ws01_plumbing/install/cpp04_param/share/cpp04_param/cmake/cpp04_paramConfig.cmake
[2.816s] -- Up-to-date: /home/simpletime/ws01_plumbing/install/cpp04_param/share/cpp04_param/cmake/cpp04_paramConfig-version.cmake
[2.816s] -- Up-to-date: /home/simpletime/ws01_plumbing/install/cpp04_param/share/cpp04_param/package.xml
[2.817s] Invoked command in '/home/simpletime/ws01_plumbing/build/cpp04_param' returned '0': CMAKE_PREFIX_PATH=${CMAKE_PREFIX_PATH}:/opt/ros/humble /usr/bin/cmake --install /home/simpletime/ws01_plumbing/build/cpp04_param
