[0.071s] DEBUG:colcon:Command line arguments: ['/usr/bin/colcon', 'build']
[0.071s] DEBUG:colcon:Parsed command line arguments: Namespace(log_base=None, log_level=None, verb_name='build', build_base='build', install_base='install', merge_install=False, symlink_install=False, test_result_base=None, continue_on_error=False, executor='parallel', parallel_workers=4, event_handlers=None, ignore_user_meta=False, metas=['./colcon.meta'], base_paths=['.'], packages_ignore=None, packages_ignore_regex=None, paths=None, packages_up_to=None, packages_up_to_regex=None, packages_above=None, packages_above_and_dependencies=None, packages_above_depth=None, packages_select_by_dep=None, packages_skip_by_dep=None, packages_skip_up_to=None, packages_select_build_failed=False, packages_skip_build_finished=False, packages_select_test_failures=False, packages_skip_test_passed=False, packages_select=None, packages_skip=None, packages_select_regex=None, packages_skip_regex=None, packages_start=None, packages_end=None, allow_overriding=[], cmake_args=None, cmake_target=None, cmake_target_skip_unavailable=False, cmake_clean_cache=False, cmake_clean_first=False, cmake_force_configure=False, ament_cmake_args=None, catkin_cmake_args=None, catkin_skip_building_tests=False, verb_parser=<colcon_defaults.argument_parser.defaults.DefaultArgumentsDecorator object at 0x7865dd10ffa0>, verb_extension=<colcon_core.verb.build.BuildVerb object at 0x7865dd254bb0>, main=<bound method BuildVerb.main of <colcon_core.verb.build.BuildVerb object at 0x7865dd254bb0>>)
[0.175s] Level 1:colcon.colcon_core.package_discovery:discover_packages(colcon_meta) check parameters
[0.175s] Level 1:colcon.colcon_core.package_discovery:discover_packages(recursive) check parameters
[0.175s] Level 1:colcon.colcon_core.package_discovery:discover_packages(ignore) check parameters
[0.175s] Level 1:colcon.colcon_core.package_discovery:discover_packages(path) check parameters
[0.175s] Level 1:colcon.colcon_core.package_discovery:discover_packages(colcon_meta) discover
[0.175s] Level 1:colcon.colcon_core.package_discovery:discover_packages(recursive) discover
[0.175s] INFO:colcon.colcon_core.package_discovery:Crawling recursively for packages in '/home/simpletime/project01_book'
[0.175s] Level 1:colcon.colcon_core.package_identification:_identify(.) by extensions ['ignore', 'ignore_ament_install']
[0.175s] Level 1:colcon.colcon_core.package_identification:_identify(.) by extension 'ignore'
[0.175s] Level 1:colcon.colcon_core.package_identification:_identify(.) by extension 'ignore_ament_install'
[0.175s] Level 1:colcon.colcon_core.package_identification:_identify(.) by extensions ['colcon_pkg']
[0.175s] Level 1:colcon.colcon_core.package_identification:_identify(.) by extension 'colcon_pkg'
[0.175s] Level 1:colcon.colcon_core.package_identification:_identify(.) by extensions ['colcon_meta']
[0.175s] Level 1:colcon.colcon_core.package_identification:_identify(.) by extension 'colcon_meta'
[0.175s] Level 1:colcon.colcon_core.package_identification:_identify(.) by extensions ['ros']
[0.175s] Level 1:colcon.colcon_core.package_identification:_identify(.) by extension 'ros'
[0.183s] Level 1:colcon.colcon_core.package_identification:_identify(.) by extensions ['cmake', 'python']
[0.183s] Level 1:colcon.colcon_core.package_identification:_identify(.) by extension 'cmake'
[0.183s] Level 1:colcon.colcon_core.package_identification:_identify(.) by extension 'python'
[0.183s] Level 1:colcon.colcon_core.package_identification:_identify(.) by extensions ['python_setup_py']
[0.183s] Level 1:colcon.colcon_core.package_identification:_identify(.) by extension 'python_setup_py'
[0.183s] Level 1:colcon.colcon_core.package_identification:_identify(build) by extensions ['ignore', 'ignore_ament_install']
[0.183s] Level 1:colcon.colcon_core.package_identification:_identify(build) by extension 'ignore'
[0.183s] Level 1:colcon.colcon_core.package_identification:_identify(build) ignored
[0.183s] Level 1:colcon.colcon_core.package_identification:_identify(install) by extensions ['ignore', 'ignore_ament_install']
[0.184s] Level 1:colcon.colcon_core.package_identification:_identify(install) by extension 'ignore'
[0.184s] Level 1:colcon.colcon_core.package_identification:_identify(install) ignored
[0.184s] Level 1:colcon.colcon_core.package_identification:_identify(log) by extensions ['ignore', 'ignore_ament_install']
[0.184s] Level 1:colcon.colcon_core.package_identification:_identify(log) by extension 'ignore'
[0.184s] Level 1:colcon.colcon_core.package_identification:_identify(log) ignored
[0.184s] Level 1:colcon.colcon_core.package_identification:_identify(src) by extensions ['ignore', 'ignore_ament_install']
[0.184s] Level 1:colcon.colcon_core.package_identification:_identify(src) by extension 'ignore'
[0.184s] Level 1:colcon.colcon_core.package_identification:_identify(src) by extension 'ignore_ament_install'
[0.184s] Level 1:colcon.colcon_core.package_identification:_identify(src) by extensions ['colcon_pkg']
[0.184s] Level 1:colcon.colcon_core.package_identification:_identify(src) by extension 'colcon_pkg'
[0.184s] Level 1:colcon.colcon_core.package_identification:_identify(src) by extensions ['colcon_meta']
[0.184s] Level 1:colcon.colcon_core.package_identification:_identify(src) by extension 'colcon_meta'
[0.184s] Level 1:colcon.colcon_core.package_identification:_identify(src) by extensions ['ros']
[0.184s] Level 1:colcon.colcon_core.package_identification:_identify(src) by extension 'ros'
[0.184s] Level 1:colcon.colcon_core.package_identification:_identify(src) by extensions ['cmake', 'python']
[0.184s] Level 1:colcon.colcon_core.package_identification:_identify(src) by extension 'cmake'
[0.184s] Level 1:colcon.colcon_core.package_identification:_identify(src) by extension 'python'
[0.184s] Level 1:colcon.colcon_core.package_identification:_identify(src) by extensions ['python_setup_py']
[0.184s] Level 1:colcon.colcon_core.package_identification:_identify(src) by extension 'python_setup_py'
[0.184s] Level 1:colcon.colcon_core.package_identification:_identify(src/base_interfaces) by extensions ['ignore', 'ignore_ament_install']
[0.184s] Level 1:colcon.colcon_core.package_identification:_identify(src/base_interfaces) by extension 'ignore'
[0.184s] Level 1:colcon.colcon_core.package_identification:_identify(src/base_interfaces) by extension 'ignore_ament_install'
[0.185s] Level 1:colcon.colcon_core.package_identification:_identify(src/base_interfaces) by extensions ['colcon_pkg']
[0.185s] Level 1:colcon.colcon_core.package_identification:_identify(src/base_interfaces) by extension 'colcon_pkg'
[0.185s] Level 1:colcon.colcon_core.package_identification:_identify(src/base_interfaces) by extensions ['colcon_meta']
[0.185s] Level 1:colcon.colcon_core.package_identification:_identify(src/base_interfaces) by extension 'colcon_meta'
[0.185s] Level 1:colcon.colcon_core.package_identification:_identify(src/base_interfaces) by extensions ['ros']
[0.185s] Level 1:colcon.colcon_core.package_identification:_identify(src/base_interfaces) by extension 'ros'
[0.186s] DEBUG:colcon.colcon_core.package_identification:Package 'src/base_interfaces' with type 'ros.ament_cmake' and name 'base_interfaces'
[0.186s] Level 1:colcon.colcon_core.package_identification:_identify(src/company) by extensions ['ignore', 'ignore_ament_install']
[0.186s] Level 1:colcon.colcon_core.package_identification:_identify(src/company) by extension 'ignore'
[0.186s] Level 1:colcon.colcon_core.package_identification:_identify(src/company) by extension 'ignore_ament_install'
[0.187s] Level 1:colcon.colcon_core.package_identification:_identify(src/company) by extensions ['colcon_pkg']
[0.187s] Level 1:colcon.colcon_core.package_identification:_identify(src/company) by extension 'colcon_pkg'
[0.187s] Level 1:colcon.colcon_core.package_identification:_identify(src/company) by extensions ['colcon_meta']
[0.187s] Level 1:colcon.colcon_core.package_identification:_identify(src/company) by extension 'colcon_meta'
[0.187s] Level 1:colcon.colcon_core.package_identification:_identify(src/company) by extensions ['ros']
[0.187s] Level 1:colcon.colcon_core.package_identification:_identify(src/company) by extension 'ros'
[0.187s] DEBUG:colcon.colcon_core.package_identification:Package 'src/company' with type 'ros.ament_cmake' and name 'company'
[0.187s] Level 1:colcon.colcon_core.package_discovery:discover_packages(recursive) using defaults
[0.187s] Level 1:colcon.colcon_core.package_discovery:discover_packages(ignore) discover
[0.187s] Level 1:colcon.colcon_core.package_discovery:discover_packages(ignore) using defaults
[0.187s] Level 1:colcon.colcon_core.package_discovery:discover_packages(path) discover
[0.187s] Level 1:colcon.colcon_core.package_discovery:discover_packages(path) using defaults
[0.199s] Level 1:colcon.colcon_core.package_discovery:discover_packages(prefix_path) check parameters
[0.199s] Level 1:colcon.colcon_core.package_discovery:discover_packages(prefix_path) discover
[0.200s] DEBUG:colcon.colcon_installed_package_information.package_discovery:Found 2 installed packages in /home/simpletime/project01_book/install
[0.201s] DEBUG:colcon.colcon_installed_package_information.package_discovery:Found 270 installed packages in /opt/ros/humble
[0.202s] Level 1:colcon.colcon_core.package_discovery:discover_packages(prefix_path) using defaults
[0.230s] Level 5:colcon.colcon_core.verb:set package 'base_interfaces' build argument 'cmake_args' from command line to 'None'
[0.230s] Level 5:colcon.colcon_core.verb:set package 'base_interfaces' build argument 'cmake_target' from command line to 'None'
[0.230s] Level 5:colcon.colcon_core.verb:set package 'base_interfaces' build argument 'cmake_target_skip_unavailable' from command line to 'False'
[0.230s] Level 5:colcon.colcon_core.verb:set package 'base_interfaces' build argument 'cmake_clean_cache' from command line to 'False'
[0.230s] Level 5:colcon.colcon_core.verb:set package 'base_interfaces' build argument 'cmake_clean_first' from command line to 'False'
[0.230s] Level 5:colcon.colcon_core.verb:set package 'base_interfaces' build argument 'cmake_force_configure' from command line to 'False'
[0.230s] Level 5:colcon.colcon_core.verb:set package 'base_interfaces' build argument 'ament_cmake_args' from command line to 'None'
[0.230s] Level 5:colcon.colcon_core.verb:set package 'base_interfaces' build argument 'catkin_cmake_args' from command line to 'None'
[0.230s] Level 5:colcon.colcon_core.verb:set package 'base_interfaces' build argument 'catkin_skip_building_tests' from command line to 'False'
[0.230s] DEBUG:colcon.colcon_core.verb:Building package 'base_interfaces' with the following arguments: {'ament_cmake_args': None, 'build_base': '/home/simpletime/project01_book/build/base_interfaces', 'catkin_cmake_args': None, 'catkin_skip_building_tests': False, 'cmake_args': None, 'cmake_clean_cache': False, 'cmake_clean_first': False, 'cmake_force_configure': False, 'cmake_target': None, 'cmake_target_skip_unavailable': False, 'install_base': '/home/simpletime/project01_book/install/base_interfaces', 'merge_install': False, 'path': '/home/simpletime/project01_book/src/base_interfaces', 'symlink_install': False, 'test_result_base': None}
[0.230s] Level 5:colcon.colcon_core.verb:set package 'company' build argument 'cmake_args' from command line to 'None'
[0.230s] Level 5:colcon.colcon_core.verb:set package 'company' build argument 'cmake_target' from command line to 'None'
[0.230s] Level 5:colcon.colcon_core.verb:set package 'company' build argument 'cmake_target_skip_unavailable' from command line to 'False'
[0.230s] Level 5:colcon.colcon_core.verb:set package 'company' build argument 'cmake_clean_cache' from command line to 'False'
[0.230s] Level 5:colcon.colcon_core.verb:set package 'company' build argument 'cmake_clean_first' from command line to 'False'
[0.230s] Level 5:colcon.colcon_core.verb:set package 'company' build argument 'cmake_force_configure' from command line to 'False'
[0.230s] Level 5:colcon.colcon_core.verb:set package 'company' build argument 'ament_cmake_args' from command line to 'None'
[0.230s] Level 5:colcon.colcon_core.verb:set package 'company' build argument 'catkin_cmake_args' from command line to 'None'
[0.230s] Level 5:colcon.colcon_core.verb:set package 'company' build argument 'catkin_skip_building_tests' from command line to 'False'
[0.230s] DEBUG:colcon.colcon_core.verb:Building package 'company' with the following arguments: {'ament_cmake_args': None, 'build_base': '/home/simpletime/project01_book/build/company', 'catkin_cmake_args': None, 'catkin_skip_building_tests': False, 'cmake_args': None, 'cmake_clean_cache': False, 'cmake_clean_first': False, 'cmake_force_configure': False, 'cmake_target': None, 'cmake_target_skip_unavailable': False, 'install_base': '/home/simpletime/project01_book/install/company', 'merge_install': False, 'path': '/home/simpletime/project01_book/src/company', 'symlink_install': False, 'test_result_base': None}
[0.230s] INFO:colcon.colcon_core.executor:Executing jobs using 'parallel' executor
[0.231s] DEBUG:colcon.colcon_parallel_executor.executor.parallel:run_until_complete
[0.231s] INFO:colcon.colcon_ros.task.ament_cmake.build:Building ROS package in '/home/simpletime/project01_book/src/base_interfaces' with build type 'ament_cmake'
[0.232s] INFO:colcon.colcon_cmake.task.cmake.build:Building CMake package in '/home/simpletime/project01_book/src/base_interfaces'
[0.233s] INFO:colcon.colcon_core.plugin_system:Skipping extension 'colcon_core.shell.bat': Not used on non-Windows systems
[0.233s] INFO:colcon.colcon_core.shell:Skip shell extension 'powershell' for command environment: Not usable outside of PowerShell
[0.233s] DEBUG:colcon.colcon_core.shell:Skip shell extension 'dsv' for command environment
[0.241s] DEBUG:colcon.colcon_core.event_handler.log_command:Invoking command in '/home/simpletime/project01_book/build/base_interfaces': CMAKE_PREFIX_PATH=${CMAKE_PREFIX_PATH}:/opt/ros/humble /usr/bin/cmake --build /home/simpletime/project01_book/build/base_interfaces -- -j4 -l4
[0.473s] DEBUG:colcon.colcon_core.event_handler.log_command:Invoked command in '/home/simpletime/project01_book/build/base_interfaces' returned '0': CMAKE_PREFIX_PATH=${CMAKE_PREFIX_PATH}:/opt/ros/humble /usr/bin/cmake --build /home/simpletime/project01_book/build/base_interfaces -- -j4 -l4
[0.556s] DEBUG:colcon.colcon_core.event_handler.log_command:Invoking command in '/home/simpletime/project01_book/build/base_interfaces': CMAKE_PREFIX_PATH=${CMAKE_PREFIX_PATH}:/opt/ros/humble /usr/bin/cmake --install /home/simpletime/project01_book/build/base_interfaces
[0.605s] Level 1:colcon.colcon_core.environment:create_environment_scripts_only(base_interfaces)
[0.605s] DEBUG:colcon.colcon_core.event_handler.log_command:Invoked command in '/home/simpletime/project01_book/build/base_interfaces' returned '0': CMAKE_PREFIX_PATH=${CMAKE_PREFIX_PATH}:/opt/ros/humble /usr/bin/cmake --install /home/simpletime/project01_book/build/base_interfaces
[0.607s] Level 1:colcon.colcon_core.environment:checking '/home/simpletime/project01_book/install/base_interfaces' for CMake module files
[0.608s] Level 1:colcon.colcon_core.environment:checking '/home/simpletime/project01_book/install/base_interfaces' for CMake config files
[0.608s] Level 1:colcon.colcon_core.shell:create_environment_hook('base_interfaces', 'cmake_prefix_path')
[0.608s] INFO:colcon.colcon_core.shell:Creating environment hook '/home/simpletime/project01_book/install/base_interfaces/share/base_interfaces/hook/cmake_prefix_path.ps1'
[0.609s] INFO:colcon.colcon_core.shell:Creating environment descriptor '/home/simpletime/project01_book/install/base_interfaces/share/base_interfaces/hook/cmake_prefix_path.dsv'
[0.609s] INFO:colcon.colcon_core.shell:Creating environment hook '/home/simpletime/project01_book/install/base_interfaces/share/base_interfaces/hook/cmake_prefix_path.sh'
[0.610s] Level 1:colcon.colcon_core.environment:checking '/home/simpletime/project01_book/install/base_interfaces/lib'
[0.610s] Level 1:colcon.colcon_core.shell:create_environment_hook('base_interfaces', 'ld_library_path_lib')
[0.610s] INFO:colcon.colcon_core.shell:Creating environment hook '/home/simpletime/project01_book/install/base_interfaces/share/base_interfaces/hook/ld_library_path_lib.ps1'
[0.611s] INFO:colcon.colcon_core.shell:Creating environment descriptor '/home/simpletime/project01_book/install/base_interfaces/share/base_interfaces/hook/ld_library_path_lib.dsv'
[0.611s] INFO:colcon.colcon_core.shell:Creating environment hook '/home/simpletime/project01_book/install/base_interfaces/share/base_interfaces/hook/ld_library_path_lib.sh'
[0.611s] Level 1:colcon.colcon_core.environment:checking '/home/simpletime/project01_book/install/base_interfaces/bin'
[0.611s] Level 1:colcon.colcon_core.environment:checking '/home/simpletime/project01_book/install/base_interfaces/lib/pkgconfig/base_interfaces.pc'
[0.612s] Level 1:colcon.colcon_core.environment:checking '/home/simpletime/project01_book/install/base_interfaces/lib/python3.10/site-packages'
[0.612s] Level 1:colcon.colcon_core.environment:checking '/home/simpletime/project01_book/install/base_interfaces/bin'
[0.612s] INFO:colcon.colcon_core.shell:Creating package script '/home/simpletime/project01_book/install/base_interfaces/share/base_interfaces/package.ps1'
[0.612s] INFO:colcon.colcon_core.shell:Creating package descriptor '/home/simpletime/project01_book/install/base_interfaces/share/base_interfaces/package.dsv'
[0.613s] INFO:colcon.colcon_core.shell:Creating package script '/home/simpletime/project01_book/install/base_interfaces/share/base_interfaces/package.sh'
[0.613s] INFO:colcon.colcon_core.shell:Creating package script '/home/simpletime/project01_book/install/base_interfaces/share/base_interfaces/package.bash'
[0.614s] INFO:colcon.colcon_core.shell:Creating package script '/home/simpletime/project01_book/install/base_interfaces/share/base_interfaces/package.zsh'
[0.615s] Level 1:colcon.colcon_core.environment:create_file_with_runtime_dependencies(/home/simpletime/project01_book/install/base_interfaces/share/colcon-core/packages/base_interfaces)
[0.691s] Level 1:colcon.colcon_core.environment:create_environment_scripts_only(base_interfaces)
[0.691s] Level 1:colcon.colcon_core.environment:checking '/home/simpletime/project01_book/install/base_interfaces' for CMake module files
[0.692s] Level 1:colcon.colcon_core.environment:checking '/home/simpletime/project01_book/install/base_interfaces' for CMake config files
[0.692s] Level 1:colcon.colcon_core.shell:create_environment_hook('base_interfaces', 'cmake_prefix_path')
[0.693s] INFO:colcon.colcon_core.shell:Creating environment hook '/home/simpletime/project01_book/install/base_interfaces/share/base_interfaces/hook/cmake_prefix_path.ps1'
[0.693s] INFO:colcon.colcon_core.shell:Creating environment descriptor '/home/simpletime/project01_book/install/base_interfaces/share/base_interfaces/hook/cmake_prefix_path.dsv'
[0.694s] INFO:colcon.colcon_core.shell:Creating environment hook '/home/simpletime/project01_book/install/base_interfaces/share/base_interfaces/hook/cmake_prefix_path.sh'
[0.694s] Level 1:colcon.colcon_core.environment:checking '/home/simpletime/project01_book/install/base_interfaces/lib'
[0.694s] Level 1:colcon.colcon_core.shell:create_environment_hook('base_interfaces', 'ld_library_path_lib')
[0.695s] INFO:colcon.colcon_core.shell:Creating environment hook '/home/simpletime/project01_book/install/base_interfaces/share/base_interfaces/hook/ld_library_path_lib.ps1'
[0.695s] INFO:colcon.colcon_core.shell:Creating environment descriptor '/home/simpletime/project01_book/install/base_interfaces/share/base_interfaces/hook/ld_library_path_lib.dsv'
[0.695s] INFO:colcon.colcon_core.shell:Creating environment hook '/home/simpletime/project01_book/install/base_interfaces/share/base_interfaces/hook/ld_library_path_lib.sh'
[0.696s] Level 1:colcon.colcon_core.environment:checking '/home/simpletime/project01_book/install/base_interfaces/bin'
[0.696s] Level 1:colcon.colcon_core.environment:checking '/home/simpletime/project01_book/install/base_interfaces/lib/pkgconfig/base_interfaces.pc'
[0.696s] Level 1:colcon.colcon_core.environment:checking '/home/simpletime/project01_book/install/base_interfaces/lib/python3.10/site-packages'
[0.696s] Level 1:colcon.colcon_core.environment:checking '/home/simpletime/project01_book/install/base_interfaces/bin'
[0.696s] INFO:colcon.colcon_core.shell:Creating package script '/home/simpletime/project01_book/install/base_interfaces/share/base_interfaces/package.ps1'
[0.697s] INFO:colcon.colcon_core.shell:Creating package descriptor '/home/simpletime/project01_book/install/base_interfaces/share/base_interfaces/package.dsv'
[0.697s] INFO:colcon.colcon_core.shell:Creating package script '/home/simpletime/project01_book/install/base_interfaces/share/base_interfaces/package.sh'
[0.697s] INFO:colcon.colcon_core.shell:Creating package script '/home/simpletime/project01_book/install/base_interfaces/share/base_interfaces/package.bash'
[0.698s] INFO:colcon.colcon_core.shell:Creating package script '/home/simpletime/project01_book/install/base_interfaces/share/base_interfaces/package.zsh'
[0.698s] Level 1:colcon.colcon_core.environment:create_file_with_runtime_dependencies(/home/simpletime/project01_book/install/base_interfaces/share/colcon-core/packages/base_interfaces)
[0.698s] INFO:colcon.colcon_ros.task.ament_cmake.build:Building ROS package in '/home/simpletime/project01_book/src/company' with build type 'ament_cmake'
[0.699s] INFO:colcon.colcon_cmake.task.cmake.build:Building CMake package in '/home/simpletime/project01_book/src/company'
[0.699s] INFO:colcon.colcon_core.shell:Skip shell extension 'powershell' for command environment: Not usable outside of PowerShell
[0.699s] DEBUG:colcon.colcon_core.shell:Skip shell extension 'dsv' for command environment
[0.709s] DEBUG:colcon.colcon_core.event_handler.log_command:Invoking command in '/home/simpletime/project01_book/build/company': CMAKE_PREFIX_PATH=/home/simpletime/project01_book/install/base_interfaces:/home/simpletime/project01_book/install/company:/opt/ros/humble /usr/bin/cmake --build /home/simpletime/project01_book/build/company -- -j4 -l4
[6.142s] DEBUG:colcon.colcon_core.event_handler.log_command:Invoked command in '/home/simpletime/project01_book/build/company' returned '0': CMAKE_PREFIX_PATH=/home/simpletime/project01_book/install/base_interfaces:/home/simpletime/project01_book/install/company:/opt/ros/humble /usr/bin/cmake --build /home/simpletime/project01_book/build/company -- -j4 -l4
[6.169s] DEBUG:colcon.colcon_core.event_handler.log_command:Invoking command in '/home/simpletime/project01_book/build/company': CMAKE_PREFIX_PATH=/home/simpletime/project01_book/install/base_interfaces:/home/simpletime/project01_book/install/company:/opt/ros/humble /usr/bin/cmake --install /home/simpletime/project01_book/build/company
[6.182s] Level 1:colcon.colcon_core.environment:create_environment_scripts_only(company)
[6.183s] Level 1:colcon.colcon_core.environment:checking '/home/simpletime/project01_book/install/company' for CMake module files
[6.183s] DEBUG:colcon.colcon_core.event_handler.log_command:Invoked command in '/home/simpletime/project01_book/build/company' returned '0': CMAKE_PREFIX_PATH=/home/simpletime/project01_book/install/base_interfaces:/home/simpletime/project01_book/install/company:/opt/ros/humble /usr/bin/cmake --install /home/simpletime/project01_book/build/company
[6.184s] Level 1:colcon.colcon_core.environment:checking '/home/simpletime/project01_book/install/company' for CMake config files
[6.184s] Level 1:colcon.colcon_core.shell:create_environment_hook('company', 'cmake_prefix_path')
[6.184s] INFO:colcon.colcon_core.shell:Creating environment hook '/home/simpletime/project01_book/install/company/share/company/hook/cmake_prefix_path.ps1'
[6.184s] INFO:colcon.colcon_core.shell:Creating environment descriptor '/home/simpletime/project01_book/install/company/share/company/hook/cmake_prefix_path.dsv'
[6.185s] INFO:colcon.colcon_core.shell:Creating environment hook '/home/simpletime/project01_book/install/company/share/company/hook/cmake_prefix_path.sh'
[6.185s] Level 1:colcon.colcon_core.environment:checking '/home/simpletime/project01_book/install/company/lib'
[6.185s] Level 1:colcon.colcon_core.environment:checking '/home/simpletime/project01_book/install/company/bin'
[6.185s] Level 1:colcon.colcon_core.environment:checking '/home/simpletime/project01_book/install/company/lib/pkgconfig/company.pc'
[6.185s] Level 1:colcon.colcon_core.environment:checking '/home/simpletime/project01_book/install/company/lib/python3.10/site-packages'
[6.186s] Level 1:colcon.colcon_core.environment:checking '/home/simpletime/project01_book/install/company/bin'
[6.186s] INFO:colcon.colcon_core.shell:Creating package script '/home/simpletime/project01_book/install/company/share/company/package.ps1'
[6.186s] INFO:colcon.colcon_core.shell:Creating package descriptor '/home/simpletime/project01_book/install/company/share/company/package.dsv'
[6.186s] INFO:colcon.colcon_core.shell:Creating package script '/home/simpletime/project01_book/install/company/share/company/package.sh'
[6.187s] INFO:colcon.colcon_core.shell:Creating package script '/home/simpletime/project01_book/install/company/share/company/package.bash'
[6.187s] INFO:colcon.colcon_core.shell:Creating package script '/home/simpletime/project01_book/install/company/share/company/package.zsh'
[6.188s] Level 1:colcon.colcon_core.environment:create_file_with_runtime_dependencies(/home/simpletime/project01_book/install/company/share/colcon-core/packages/company)
[6.216s] Level 1:colcon.colcon_core.environment:create_environment_scripts_only(company)
[6.217s] Level 1:colcon.colcon_core.environment:checking '/home/simpletime/project01_book/install/company' for CMake module files
[6.217s] Level 1:colcon.colcon_core.environment:checking '/home/simpletime/project01_book/install/company' for CMake config files
[6.217s] Level 1:colcon.colcon_core.shell:create_environment_hook('company', 'cmake_prefix_path')
[6.218s] INFO:colcon.colcon_core.shell:Creating environment hook '/home/simpletime/project01_book/install/company/share/company/hook/cmake_prefix_path.ps1'
[6.218s] INFO:colcon.colcon_core.shell:Creating environment descriptor '/home/simpletime/project01_book/install/company/share/company/hook/cmake_prefix_path.dsv'
[6.219s] INFO:colcon.colcon_core.shell:Creating environment hook '/home/simpletime/project01_book/install/company/share/company/hook/cmake_prefix_path.sh'
[6.219s] Level 1:colcon.colcon_core.environment:checking '/home/simpletime/project01_book/install/company/lib'
[6.219s] Level 1:colcon.colcon_core.environment:checking '/home/simpletime/project01_book/install/company/bin'
[6.219s] Level 1:colcon.colcon_core.environment:checking '/home/simpletime/project01_book/install/company/lib/pkgconfig/company.pc'
[6.219s] Level 1:colcon.colcon_core.environment:checking '/home/simpletime/project01_book/install/company/lib/python3.10/site-packages'
[6.219s] Level 1:colcon.colcon_core.environment:checking '/home/simpletime/project01_book/install/company/bin'
[6.220s] INFO:colcon.colcon_core.shell:Creating package script '/home/simpletime/project01_book/install/company/share/company/package.ps1'
[6.220s] INFO:colcon.colcon_core.shell:Creating package descriptor '/home/simpletime/project01_book/install/company/share/company/package.dsv'
[6.220s] INFO:colcon.colcon_core.shell:Creating package script '/home/simpletime/project01_book/install/company/share/company/package.sh'
[6.221s] INFO:colcon.colcon_core.shell:Creating package script '/home/simpletime/project01_book/install/company/share/company/package.bash'
[6.221s] INFO:colcon.colcon_core.shell:Creating package script '/home/simpletime/project01_book/install/company/share/company/package.zsh'
[6.222s] Level 1:colcon.colcon_core.environment:create_file_with_runtime_dependencies(/home/simpletime/project01_book/install/company/share/colcon-core/packages/company)
[6.222s] DEBUG:colcon.colcon_parallel_executor.executor.parallel:closing loop
[6.222s] DEBUG:colcon.colcon_parallel_executor.executor.parallel:loop closed
[6.222s] DEBUG:colcon.colcon_parallel_executor.executor.parallel:run_until_complete finished with '0'
[6.222s] DEBUG:colcon.colcon_core.event_reactor:joining thread
[6.226s] INFO:colcon.colcon_core.plugin_system:Skipping extension 'colcon_notification.desktop_notification.terminal_notifier': Not used on non-Darwin systems
[6.226s] INFO:colcon.colcon_core.plugin_system:Skipping extension 'colcon_notification.desktop_notification.win32': Not used on non-Windows systems
[6.226s] INFO:colcon.colcon_notification.desktop_notification:Sending desktop notification using 'notify2'
[6.238s] DEBUG:colcon.colcon_core.event_reactor:joined thread
[6.238s] INFO:colcon.colcon_core.shell:Creating prefix script '/home/simpletime/project01_book/install/local_setup.ps1'
[6.239s] INFO:colcon.colcon_core.shell:Creating prefix util module '/home/simpletime/project01_book/install/_local_setup_util_ps1.py'
[6.240s] INFO:colcon.colcon_core.shell:Creating prefix chain script '/home/simpletime/project01_book/install/setup.ps1'
[6.241s] INFO:colcon.colcon_core.shell:Creating prefix script '/home/simpletime/project01_book/install/local_setup.sh'
[6.242s] INFO:colcon.colcon_core.shell:Creating prefix util module '/home/simpletime/project01_book/install/_local_setup_util_sh.py'
[6.242s] INFO:colcon.colcon_core.shell:Creating prefix chain script '/home/simpletime/project01_book/install/setup.sh'
[6.243s] INFO:colcon.colcon_core.shell:Creating prefix script '/home/simpletime/project01_book/install/local_setup.bash'
[6.243s] INFO:colcon.colcon_core.shell:Creating prefix chain script '/home/simpletime/project01_book/install/setup.bash'
[6.244s] INFO:colcon.colcon_core.shell:Creating prefix script '/home/simpletime/project01_book/install/local_setup.zsh'
[6.244s] INFO:colcon.colcon_core.shell:Creating prefix chain script '/home/simpletime/project01_book/install/setup.zsh'
