[0.014s] Invoking command in '/home/simpletime/Project/learn02_pcl_spin/build/cpp02_nav_pcl': CMAKE_PREFIX_PATH=${CMAKE_PREFIX_PATH}:/opt/ros/humble /usr/bin/cmake --build /home/simpletime/Project/learn02_pcl_spin/build/cpp02_nav_pcl -- -j32 -l32
[0.046s] [35m[1mConsolidate compiler generated dependencies of target demo02_pcl_listener[0m
[0.057s] [ 50%] Built target demo01_pcl_pub
[0.070s] [ 75%] [32mBuilding CXX object CMakeFiles/demo02_pcl_listener.dir/src/demo02_pcl_listener.cpp.o[0m
[9.147s] [100%] [32m[1mLinking CXX executable demo02_pcl_listener[0m
[9.718s] [100%] Built target demo02_pcl_listener
[9.727s] Invoked command in '/home/simpletime/Project/learn02_pcl_spin/build/cpp02_nav_pcl' returned '0': CMAKE_PREFIX_PATH=${CMAKE_PREFIX_PATH}:/opt/ros/humble /usr/bin/cmake --build /home/simpletime/Project/learn02_pcl_spin/build/cpp02_nav_pcl -- -j32 -l32
[9.751s] Invoking command in '/home/simpletime/Project/learn02_pcl_spin/build/cpp02_nav_pcl': CMAKE_PREFIX_PATH=${CMAKE_PREFIX_PATH}:/opt/ros/humble /usr/bin/cmake --install /home/simpletime/Project/learn02_pcl_spin/build/cpp02_nav_pcl
[9.756s] -- Install configuration: ""
[9.756s] -- Up-to-date: /home/simpletime/Project/learn02_pcl_spin/install/cpp02_nav_pcl/lib/cpp02_nav_pcl/demo01_pcl_pub
[9.757s] -- Installing: /home/simpletime/Project/learn02_pcl_spin/install/cpp02_nav_pcl/lib/cpp02_nav_pcl/demo02_pcl_listener
[9.762s] -- Set runtime path of "/home/simpletime/Project/learn02_pcl_spin/install/cpp02_nav_pcl/lib/cpp02_nav_pcl/demo02_pcl_listener" to ""
[9.762s] -- Up-to-date: /home/simpletime/Project/learn02_pcl_spin/install/cpp02_nav_pcl/share/ament_index/resource_index/package_run_dependencies/cpp02_nav_pcl
[9.762s] -- Up-to-date: /home/simpletime/Project/learn02_pcl_spin/install/cpp02_nav_pcl/share/ament_index/resource_index/parent_prefix_path/cpp02_nav_pcl
[9.762s] -- Up-to-date: /home/simpletime/Project/learn02_pcl_spin/install/cpp02_nav_pcl/share/cpp02_nav_pcl/environment/ament_prefix_path.sh
[9.762s] -- Up-to-date: /home/simpletime/Project/learn02_pcl_spin/install/cpp02_nav_pcl/share/cpp02_nav_pcl/environment/ament_prefix_path.dsv
[9.762s] -- Up-to-date: /home/simpletime/Project/learn02_pcl_spin/install/cpp02_nav_pcl/share/cpp02_nav_pcl/environment/path.sh
[9.763s] -- Up-to-date: /home/simpletime/Project/learn02_pcl_spin/install/cpp02_nav_pcl/share/cpp02_nav_pcl/environment/path.dsv
[9.763s] -- Up-to-date: /home/simpletime/Project/learn02_pcl_spin/install/cpp02_nav_pcl/share/cpp02_nav_pcl/local_setup.bash
[9.763s] -- Up-to-date: /home/simpletime/Project/learn02_pcl_spin/install/cpp02_nav_pcl/share/cpp02_nav_pcl/local_setup.sh
[9.763s] -- Up-to-date: /home/simpletime/Project/learn02_pcl_spin/install/cpp02_nav_pcl/share/cpp02_nav_pcl/local_setup.zsh
[9.764s] -- Up-to-date: /home/simpletime/Project/learn02_pcl_spin/install/cpp02_nav_pcl/share/cpp02_nav_pcl/local_setup.dsv
[9.764s] -- Installing: /home/simpletime/Project/learn02_pcl_spin/install/cpp02_nav_pcl/share/cpp02_nav_pcl/package.dsv
[9.764s] -- Up-to-date: /home/simpletime/Project/learn02_pcl_spin/install/cpp02_nav_pcl/share/ament_index/resource_index/packages/cpp02_nav_pcl
[9.766s] -- Up-to-date: /home/simpletime/Project/learn02_pcl_spin/install/cpp02_nav_pcl/share/cpp02_nav_pcl/cmake/cpp02_nav_pclConfig.cmake
[9.766s] -- Up-to-date: /home/simpletime/Project/learn02_pcl_spin/install/cpp02_nav_pcl/share/cpp02_nav_pcl/cmake/cpp02_nav_pclConfig-version.cmake
[9.766s] -- Up-to-date: /home/simpletime/Project/learn02_pcl_spin/install/cpp02_nav_pcl/share/cpp02_nav_pcl/package.xml
[9.766s] Invoked command in '/home/simpletime/Project/learn02_pcl_spin/build/cpp02_nav_pcl' returned '0': CMAKE_PREFIX_PATH=${CMAKE_PREFIX_PATH}:/opt/ros/humble /usr/bin/cmake --install /home/simpletime/Project/learn02_pcl_spin/build/cpp02_nav_pcl
