[35m[1mConsolidate compiler generated dependencies of target company_a[0m
[ 33%] [32mBuilding CXX object CMakeFiles/company_c.dir/src/company_c.cpp.o[0m
[ 33%] [32mBuilding CXX object CMakeFiles/company_b.dir/src/company_b.cpp.o[0m
[ 66%] Built target company_a
[ 83%] [32m[1mLinking CXX executable company_b[0m
[100%] [32m[1mLinking CXX executable company_c[0m
[100%] Built target company_b
[100%] Built target company_c
-- Install configuration: ""
-- Up-to-date: /home/simpletime/project01_book/install/company/lib/company/company_a
-- Installing: /home/simpletime/project01_book/install/company/lib/company/company_b
-- Set runtime path of "/home/simpletime/project01_book/install/company/lib/company/company_b" to ""
-- Installing: /home/simpletime/project01_book/install/company/lib/company/company_c
-- Set runtime path of "/home/simpletime/project01_book/install/company/lib/company/company_c" to ""
-- Up-to-date: /home/simpletime/project01_book/install/company/share/ament_index/resource_index/package_run_dependencies/company
-- Up-to-date: /home/simpletime/project01_book/install/company/share/ament_index/resource_index/parent_prefix_path/company
-- Up-to-date: /home/simpletime/project01_book/install/company/share/company/environment/ament_prefix_path.sh
-- Up-to-date: /home/simpletime/project01_book/install/company/share/company/environment/ament_prefix_path.dsv
-- Up-to-date: /home/simpletime/project01_book/install/company/share/company/environment/path.sh
-- Up-to-date: /home/simpletime/project01_book/install/company/share/company/environment/path.dsv
-- Up-to-date: /home/simpletime/project01_book/install/company/share/company/local_setup.bash
-- Up-to-date: /home/simpletime/project01_book/install/company/share/company/local_setup.sh
-- Up-to-date: /home/simpletime/project01_book/install/company/share/company/local_setup.zsh
-- Up-to-date: /home/simpletime/project01_book/install/company/share/company/local_setup.dsv
-- Installing: /home/simpletime/project01_book/install/company/share/company/package.dsv
-- Up-to-date: /home/simpletime/project01_book/install/company/share/ament_index/resource_index/packages/company
-- Up-to-date: /home/simpletime/project01_book/install/company/share/company/cmake/companyConfig.cmake
-- Up-to-date: /home/simpletime/project01_book/install/company/share/company/cmake/companyConfig-version.cmake
-- Up-to-date: /home/simpletime/project01_book/install/company/share/company/package.xml
