[0.007s] Invoking command in '/home/simpletime/project01_book/build/company': CMAKE_PREFIX_PATH=/home/simpletime/project01_book/install/base_interfaces:/home/simpletime/project01_book/install/company:/opt/ros/humble /usr/bin/cmake --build /home/simpletime/project01_book/build/company -- -j4 -l4
[0.047s] [35m[1mConsolidate compiler generated dependencies of target company_a[0m
[0.059s] [ 33%] [32mBuilding CXX object CMakeFiles/company_c.dir/src/company_c.cpp.o[0m
[0.060s] [ 33%] [32mBuilding CXX object CMakeFiles/company_b.dir/src/company_b.cpp.o[0m
[0.062s] [ 66%] Built target company_a
[5.851s] [ 83%] [32m[1mLinking CXX executable company_b[0m
[5.852s] [100%] [32m[1mLinking CXX executable company_c[0m
[6.157s] [100%] Built target company_b
[6.157s] [100%] Built target company_c
[6.171s] Invoked command in '/home/simpletime/project01_book/build/company' returned '0': CMAKE_PREFIX_PATH=/home/simpletime/project01_book/install/base_interfaces:/home/simpletime/project01_book/install/company:/opt/ros/humble /usr/bin/cmake --build /home/simpletime/project01_book/build/company -- -j4 -l4
[6.220s] Invoking command in '/home/simpletime/project01_book/build/company': CMAKE_PREFIX_PATH=/home/simpletime/project01_book/install/base_interfaces:/home/simpletime/project01_book/install/company:/opt/ros/humble /usr/bin/cmake --install /home/simpletime/project01_book/build/company
[6.226s] -- Install configuration: ""
[6.228s] -- Up-to-date: /home/simpletime/project01_book/install/company/lib/company/company_a
[6.229s] -- Installing: /home/simpletime/project01_book/install/company/lib/company/company_b
[6.234s] -- Set runtime path of "/home/simpletime/project01_book/install/company/lib/company/company_b" to ""
[6.235s] -- Installing: /home/simpletime/project01_book/install/company/lib/company/company_c
[6.240s] -- Set runtime path of "/home/simpletime/project01_book/install/company/lib/company/company_c" to ""
[6.241s] -- Up-to-date: /home/simpletime/project01_book/install/company/share/ament_index/resource_index/package_run_dependencies/company
[6.242s] -- Up-to-date: /home/simpletime/project01_book/install/company/share/ament_index/resource_index/parent_prefix_path/company
[6.243s] -- Up-to-date: /home/simpletime/project01_book/install/company/share/company/environment/ament_prefix_path.sh
[6.244s] -- Up-to-date: /home/simpletime/project01_book/install/company/share/company/environment/ament_prefix_path.dsv
[6.244s] -- Up-to-date: /home/simpletime/project01_book/install/company/share/company/environment/path.sh
[6.244s] -- Up-to-date: /home/simpletime/project01_book/install/company/share/company/environment/path.dsv
[6.244s] -- Up-to-date: /home/simpletime/project01_book/install/company/share/company/local_setup.bash
[6.244s] -- Up-to-date: /home/simpletime/project01_book/install/company/share/company/local_setup.sh
[6.245s] -- Up-to-date: /home/simpletime/project01_book/install/company/share/company/local_setup.zsh
[6.245s] -- Up-to-date: /home/simpletime/project01_book/install/company/share/company/local_setup.dsv
[6.245s] -- Installing: /home/simpletime/project01_book/install/company/share/company/package.dsv
[6.245s] -- Up-to-date: /home/simpletime/project01_book/install/company/share/ament_index/resource_index/packages/company
[6.246s] -- Up-to-date: /home/simpletime/project01_book/install/company/share/company/cmake/companyConfig.cmake
[6.246s] -- Up-to-date: /home/simpletime/project01_book/install/company/share/company/cmake/companyConfig-version.cmake
[6.247s] -- Up-to-date: /home/simpletime/project01_book/install/company/share/company/package.xml
[6.249s] Invoked command in '/home/simpletime/project01_book/build/company' returned '0': CMAKE_PREFIX_PATH=/home/simpletime/project01_book/install/base_interfaces:/home/simpletime/project01_book/install/company:/opt/ros/humble /usr/bin/cmake --install /home/simpletime/project01_book/build/company
