[0.015s] Invoking command in '/home/simpletime/Project/ws02_tools/build/cpp02_launch': CMAKE_PREFIX_PATH=${CMAKE_PREFIX_PATH}:/opt/ros/humble /usr/bin/cmake --build /home/simpletime/Project/ws02_tools/build/cpp02_launch -- -j32 -l32
[0.135s] Invoked command in '/home/simpletime/Project/ws02_tools/build/cpp02_launch' returned '0': CMAKE_PREFIX_PATH=${CMAKE_PREFIX_PATH}:/opt/ros/humble /usr/bin/cmake --build /home/simpletime/Project/ws02_tools/build/cpp02_launch -- -j32 -l32
[0.162s] Invoking command in '/home/simpletime/Project/ws02_tools/build/cpp02_launch': CMAKE_PREFIX_PATH=${CMAKE_PREFIX_PATH}:/opt/ros/humble /usr/bin/cmake --install /home/simpletime/Project/ws02_tools/build/cpp02_launch
[0.168s] -- Install configuration: ""
[0.169s] -- Up-to-date: /home/simpletime/Project/ws02_tools/install/cpp02_launch/share/cpp02_launch/launch
[0.169s] -- Installing: /home/simpletime/Project/ws02_tools/install/cpp02_launch/share/cpp02_launch/launch/xml
[0.170s] -- Installing: /home/simpletime/Project/ws02_tools/install/cpp02_launch/share/cpp02_launch/launch/xml/ xml01_launch.xml
[0.170s] -- Up-to-date: /home/simpletime/Project/ws02_tools/install/cpp02_launch/share/ament_index/resource_index/package_run_dependencies/cpp02_launch
[0.170s] -- Up-to-date: /home/simpletime/Project/ws02_tools/install/cpp02_launch/share/ament_index/resource_index/parent_prefix_path/cpp02_launch
[0.171s] -- Up-to-date: /home/simpletime/Project/ws02_tools/install/cpp02_launch/share/cpp02_launch/environment/ament_prefix_path.sh
[0.171s] -- Up-to-date: /home/simpletime/Project/ws02_tools/install/cpp02_launch/share/cpp02_launch/environment/ament_prefix_path.dsv
[0.171s] -- Up-to-date: /home/simpletime/Project/ws02_tools/install/cpp02_launch/share/cpp02_launch/environment/path.sh
[0.171s] -- Up-to-date: /home/simpletime/Project/ws02_tools/install/cpp02_launch/share/cpp02_launch/environment/path.dsv
[0.171s] -- Up-to-date: /home/simpletime/Project/ws02_tools/install/cpp02_launch/share/cpp02_launch/local_setup.bash
[0.171s] -- Up-to-date: /home/simpletime/Project/ws02_tools/install/cpp02_launch/share/cpp02_launch/local_setup.sh
[0.171s] -- Up-to-date: /home/simpletime/Project/ws02_tools/install/cpp02_launch/share/cpp02_launch/local_setup.zsh
[0.171s] -- Up-to-date: /home/simpletime/Project/ws02_tools/install/cpp02_launch/share/cpp02_launch/local_setup.dsv
[0.171s] -- Installing: /home/simpletime/Project/ws02_tools/install/cpp02_launch/share/cpp02_launch/package.dsv
[0.172s] -- Up-to-date: /home/simpletime/Project/ws02_tools/install/cpp02_launch/share/ament_index/resource_index/packages/cpp02_launch
[0.172s] -- Up-to-date: /home/simpletime/Project/ws02_tools/install/cpp02_launch/share/cpp02_launch/cmake/cpp02_launchConfig.cmake
[0.172s] -- Up-to-date: /home/simpletime/Project/ws02_tools/install/cpp02_launch/share/cpp02_launch/cmake/cpp02_launchConfig-version.cmake
[0.173s] -- Up-to-date: /home/simpletime/Project/ws02_tools/install/cpp02_launch/share/cpp02_launch/package.xml
[0.175s] Invoked command in '/home/simpletime/Project/ws02_tools/build/cpp02_launch' returned '0': CMAKE_PREFIX_PATH=${CMAKE_PREFIX_PATH}:/opt/ros/humble /usr/bin/cmake --install /home/simpletime/Project/ws02_tools/build/cpp02_launch
