[0.011s] Invoking command in '/home/simpletime/exam/build/cpp_topic': CMAKE_PREFIX_PATH=/home/simpletime/exam/install/base_interface:/home/simpletime/exam/install/cpp_topic:/home/simpletime/exam/install/cpp_auto:/opt/ros/humble /usr/bin/cmake --build /home/simpletime/exam/build/cpp_topic -- -j4 -l4
[0.033s] -- Found ament_cmake: 1.3.10 (/opt/ros/humble/share/ament_cmake/cmake)
[0.139s] -- Found ament_cmake_auto: 1.3.10 (/opt/ros/humble/share/ament_cmake_auto/cmake)
[0.208s] -- Found rosidl_generator_c: 3.1.5 (/opt/ros/humble/share/rosidl_generator_c/cmake)
[0.210s] -- Found rosidl_adapter: 3.1.5 (/opt/ros/humble/share/rosidl_adapter/cmake)
[0.214s] -- Found rosidl_generator_cpp: 3.1.5 (/opt/ros/humble/share/rosidl_generator_cpp/cmake)
[0.220s] -- Using all available rosidl_typesupport_c: rosidl_typesupport_fastrtps_c;rosidl_typesupport_introspection_c
[0.227s] -- Using all available rosidl_typesupport_cpp: rosidl_typesupport_fastrtps_cpp;rosidl_typesupport_introspection_cpp
[0.247s] -- Found rmw_implementation_cmake: 6.1.2 (/opt/ros/humble/share/rmw_implementation_cmake/cmake)
[0.248s] -- Found rmw_fastrtps_cpp: 6.2.7 (/opt/ros/humble/share/rmw_fastrtps_cpp/cmake)
[0.328s] -- Using RMW implementation 'rmw_fastrtps_cpp' as default
[0.370s] -- Found ament_lint_auto: 0.12.11 (/opt/ros/humble/share/ament_lint_auto/cmake)
[0.372s] -- Added test 'cppcheck' to perform static code analysis on C / C++ code
[0.372s] -- Configured cppcheck include dirs: $<BUILD_INTERFACE:/home/simpletime/exam/src/cpp_topic/include>
[0.372s] -- Configured cppcheck exclude dirs and/or files: 
[0.372s] -- Added test 'lint_cmake' to check CMake code style
[0.373s] -- Added test 'uncrustify' to check C / C++ code style
[0.373s] -- Configured uncrustify additional arguments: 
[0.373s] -- Added test 'xmllint' to check XML markup files
[0.374s] -- Configuring done
[0.392s] -- Generating done
[0.395s] -- Build files have been written to: /home/simpletime/exam/build/cpp_topic
[0.417s] [35m[1mConsolidate compiler generated dependencies of target listener[0m
[0.421s] [35m[1mConsolidate compiler generated dependencies of target talker[0m
[0.435s] [100%] Built target listener
[0.435s] [100%] Built target talker
[0.450s] Invoked command in '/home/simpletime/exam/build/cpp_topic' returned '0': CMAKE_PREFIX_PATH=/home/simpletime/exam/install/base_interface:/home/simpletime/exam/install/cpp_topic:/home/simpletime/exam/install/cpp_auto:/opt/ros/humble /usr/bin/cmake --build /home/simpletime/exam/build/cpp_topic -- -j4 -l4
[0.484s] Invoking command in '/home/simpletime/exam/build/cpp_topic': CMAKE_PREFIX_PATH=/home/simpletime/exam/install/base_interface:/home/simpletime/exam/install/cpp_topic:/home/simpletime/exam/install/cpp_auto:/opt/ros/humble /usr/bin/cmake --install /home/simpletime/exam/build/cpp_topic
[0.490s] -- Install configuration: ""
[0.490s] -- Up-to-date: /home/simpletime/exam/install/cpp_topic/lib/cpp_topic/talker
[0.490s] -- Up-to-date: /home/simpletime/exam/install/cpp_topic/lib/cpp_topic/listener
[0.491s] -- Up-to-date: /home/simpletime/exam/install/cpp_topic/share/ament_index/resource_index/package_run_dependencies/cpp_topic
[0.491s] -- Installing: /home/simpletime/exam/install/cpp_topic/share/ament_index/resource_index/parent_prefix_path/cpp_topic
[0.491s] -- Up-to-date: /home/simpletime/exam/install/cpp_topic/share/cpp_topic/environment/ament_prefix_path.sh
[0.491s] -- Installing: /home/simpletime/exam/install/cpp_topic/share/cpp_topic/environment/ament_prefix_path.dsv
[0.491s] -- Up-to-date: /home/simpletime/exam/install/cpp_topic/share/cpp_topic/environment/path.sh
[0.491s] -- Installing: /home/simpletime/exam/install/cpp_topic/share/cpp_topic/environment/path.dsv
[0.492s] -- Up-to-date: /home/simpletime/exam/install/cpp_topic/share/cpp_topic/local_setup.bash
[0.492s] -- Up-to-date: /home/simpletime/exam/install/cpp_topic/share/cpp_topic/local_setup.sh
[0.492s] -- Up-to-date: /home/simpletime/exam/install/cpp_topic/share/cpp_topic/local_setup.zsh
[0.492s] -- Installing: /home/simpletime/exam/install/cpp_topic/share/cpp_topic/local_setup.dsv
[0.492s] -- Installing: /home/simpletime/exam/install/cpp_topic/share/cpp_topic/package.dsv
[0.492s] -- Up-to-date: /home/simpletime/exam/install/cpp_topic/share/ament_index/resource_index/packages/cpp_topic
[0.492s] -- Up-to-date: /home/simpletime/exam/install/cpp_topic/share/cpp_topic/cmake/cpp_topicConfig.cmake
[0.492s] -- Up-to-date: /home/simpletime/exam/install/cpp_topic/share/cpp_topic/cmake/cpp_topicConfig-version.cmake
[0.492s] -- Up-to-date: /home/simpletime/exam/install/cpp_topic/share/cpp_topic/package.xml
[0.495s] Invoked command in '/home/simpletime/exam/build/cpp_topic' returned '0': CMAKE_PREFIX_PATH=/home/simpletime/exam/install/base_interface:/home/simpletime/exam/install/cpp_topic:/home/simpletime/exam/install/cpp_auto:/opt/ros/humble /usr/bin/cmake --install /home/simpletime/exam/build/cpp_topic
