[0.010s] Invoking command in '/home/simpletime/ws01_plumbing/build/cpp01_topic': CMAKE_PREFIX_PATH=/home/simpletime/ws01_plumbing/install/base_interfaces_demo:/home/simpletime/ws01_plumbing/install/py01_topic:/home/simpletime/ws01_plumbing/install/cpp01_topic:/opt/ros/humble /usr/bin/cmake --build /home/simpletime/ws01_plumbing/build/cpp01_topic -- -j4 -l4
[0.050s] [35m[1mConsolidate compiler generated dependencies of target demo01_talker_str[0m
[0.063s] [ 50%] [32mBuilding CXX object CMakeFiles/demo01_talker_str.dir/src/demo01_talker_str.cpp.o[0m
[2.852s] [100%] [32m[1mLinking CXX executable demo01_talker_str[0m
[2.979s] [100%] Built target demo01_talker_str
[2.989s] Invoked command in '/home/simpletime/ws01_plumbing/build/cpp01_topic' returned '0': CMAKE_PREFIX_PATH=/home/simpletime/ws01_plumbing/install/base_interfaces_demo:/home/simpletime/ws01_plumbing/install/py01_topic:/home/simpletime/ws01_plumbing/install/cpp01_topic:/opt/ros/humble /usr/bin/cmake --build /home/simpletime/ws01_plumbing/build/cpp01_topic -- -j4 -l4
[3.014s] Invoking command in '/home/simpletime/ws01_plumbing/build/cpp01_topic': CMAKE_PREFIX_PATH=/home/simpletime/ws01_plumbing/install/base_interfaces_demo:/home/simpletime/ws01_plumbing/install/py01_topic:/home/simpletime/ws01_plumbing/install/cpp01_topic:/opt/ros/humble /usr/bin/cmake --install /home/simpletime/ws01_plumbing/build/cpp01_topic
[3.019s] -- Install configuration: ""
[3.019s] -- Installing: /home/simpletime/ws01_plumbing/install/cpp01_topic/lib/cpp01_topic/demo01_talker_str
[3.021s] -- Set runtime path of "/home/simpletime/ws01_plumbing/install/cpp01_topic/lib/cpp01_topic/demo01_talker_str" to ""
[3.021s] -- Up-to-date: /home/simpletime/ws01_plumbing/install/cpp01_topic/share/ament_index/resource_index/package_run_dependencies/cpp01_topic
[3.021s] -- Up-to-date: /home/simpletime/ws01_plumbing/install/cpp01_topic/share/ament_index/resource_index/parent_prefix_path/cpp01_topic
[3.021s] -- Up-to-date: /home/simpletime/ws01_plumbing/install/cpp01_topic/share/cpp01_topic/environment/ament_prefix_path.sh
[3.021s] -- Up-to-date: /home/simpletime/ws01_plumbing/install/cpp01_topic/share/cpp01_topic/environment/ament_prefix_path.dsv
[3.021s] -- Up-to-date: /home/simpletime/ws01_plumbing/install/cpp01_topic/share/cpp01_topic/environment/path.sh
[3.021s] -- Up-to-date: /home/simpletime/ws01_plumbing/install/cpp01_topic/share/cpp01_topic/environment/path.dsv
[3.022s] -- Up-to-date: /home/simpletime/ws01_plumbing/install/cpp01_topic/share/cpp01_topic/local_setup.bash
[3.022s] -- Up-to-date: /home/simpletime/ws01_plumbing/install/cpp01_topic/share/cpp01_topic/local_setup.sh
[3.022s] -- Up-to-date: /home/simpletime/ws01_plumbing/install/cpp01_topic/share/cpp01_topic/local_setup.zsh
[3.022s] -- Up-to-date: /home/simpletime/ws01_plumbing/install/cpp01_topic/share/cpp01_topic/local_setup.dsv
[3.022s] -- Installing: /home/simpletime/ws01_plumbing/install/cpp01_topic/share/cpp01_topic/package.dsv
[3.022s] -- Up-to-date: /home/simpletime/ws01_plumbing/install/cpp01_topic/share/ament_index/resource_index/packages/cpp01_topic
[3.022s] -- Up-to-date: /home/simpletime/ws01_plumbing/install/cpp01_topic/share/cpp01_topic/cmake/cpp01_topicConfig.cmake
[3.022s] -- Up-to-date: /home/simpletime/ws01_plumbing/install/cpp01_topic/share/cpp01_topic/cmake/cpp01_topicConfig-version.cmake
[3.022s] -- Up-to-date: /home/simpletime/ws01_plumbing/install/cpp01_topic/share/cpp01_topic/package.xml
[3.023s] Invoked command in '/home/simpletime/ws01_plumbing/build/cpp01_topic' returned '0': CMAKE_PREFIX_PATH=/home/simpletime/ws01_plumbing/install/base_interfaces_demo:/home/simpletime/ws01_plumbing/install/py01_topic:/home/simpletime/ws01_plumbing/install/cpp01_topic:/opt/ros/humble /usr/bin/cmake --install /home/simpletime/ws01_plumbing/build/cpp01_topic
