[0.015s] Invoking command in '/home/simpletime/exam/build/cpp_topic': CMAKE_PREFIX_PATH=/opt/ros/humble /usr/bin/cmake /home/simpletime/exam/src/cpp_topic -DCMAKE_INSTALL_PREFIX=/home/simpletime/exam/install/cpp_topic
[0.069s] -- The C compiler identification is GNU 11.4.0
[0.127s] -- The CXX compiler identification is GNU 11.4.0
[0.134s] -- Detecting C compiler ABI info
[0.187s] -- Detecting C compiler ABI info - done
[0.192s] -- Check for working C compiler: /usr/bin/cc - skipped
[0.192s] -- Detecting C compile features
[0.193s] -- Detecting C compile features - done
[0.195s] -- Detecting CXX compiler ABI info
[0.261s] -- Detecting CXX compiler ABI info - done
[0.266s] -- Check for working CXX compiler: /usr/bin/c++ - skipped
[0.266s] -- Detecting CXX compile features
[0.267s] -- Detecting CXX compile features - done
[0.268s] -- Found ament_cmake: 1.3.10 (/opt/ros/humble/share/ament_cmake/cmake)
[0.367s] -- Found Python3: /usr/bin/python3 (found version "3.10.12") found components: Interpreter 
[0.427s] -- Found rclcpp: 16.0.10 (/opt/ros/humble/share/rclcpp/cmake)
[0.457s] -- Found rosidl_generator_c: 3.1.5 (/opt/ros/humble/share/rosidl_generator_c/cmake)
[0.460s] -- Found rosidl_adapter: 3.1.5 (/opt/ros/humble/share/rosidl_adapter/cmake)
[0.466s] -- Found rosidl_generator_cpp: 3.1.5 (/opt/ros/humble/share/rosidl_generator_cpp/cmake)
[0.473s] -- Using all available rosidl_typesupport_c: rosidl_typesupport_fastrtps_c;rosidl_typesupport_introspection_c
[0.486s] -- Using all available rosidl_typesupport_cpp: rosidl_typesupport_fastrtps_cpp;rosidl_typesupport_introspection_cpp
[0.515s] -- Found rmw_implementation_cmake: 6.1.2 (/opt/ros/humble/share/rmw_implementation_cmake/cmake)
[0.517s] -- Found rmw_fastrtps_cpp: 6.2.7 (/opt/ros/humble/share/rmw_fastrtps_cpp/cmake)
[0.581s] -- Found OpenSSL: /usr/lib/x86_64-linux-gnu/libcrypto.so (found version "3.0.2")  
[0.600s] -- Found FastRTPS: /opt/ros/humble/include  
[0.631s] -- Using RMW implementation 'rmw_fastrtps_cpp' as default
[0.637s] -- Looking for pthread.h
[0.699s] -- Looking for pthread.h - found
[0.700s] -- Performing Test CMAKE_HAVE_LIBC_PTHREAD
[0.759s] -- Performing Test CMAKE_HAVE_LIBC_PTHREAD - Success
[0.759s] -- Found Threads: TRUE  
[0.792s] -- Found ament_lint_auto: 0.12.11 (/opt/ros/humble/share/ament_lint_auto/cmake)
[0.853s] -- Added test 'cppcheck' to perform static code analysis on C / C++ code
[0.853s] -- Configured cppcheck include dirs: $<BUILD_INTERFACE:/home/simpletime/exam/src/cpp_topic/include>
[0.853s] -- Configured cppcheck exclude dirs and/or files: 
[0.853s] -- Added test 'lint_cmake' to check CMake code style
[0.854s] -- Added test 'uncrustify' to check C / C++ code style
[0.854s] -- Configured uncrustify additional arguments: 
[0.855s] -- Added test 'xmllint' to check XML markup files
[0.855s] -- Configuring done
[0.863s] -- Generating done
[0.863s] -- Build files have been written to: /home/simpletime/exam/build/cpp_topic
[0.872s] Invoked command in '/home/simpletime/exam/build/cpp_topic' returned '0': CMAKE_PREFIX_PATH=/opt/ros/humble /usr/bin/cmake /home/simpletime/exam/src/cpp_topic -DCMAKE_INSTALL_PREFIX=/home/simpletime/exam/install/cpp_topic
[0.874s] Invoking command in '/home/simpletime/exam/build/cpp_topic': CMAKE_PREFIX_PATH=/opt/ros/humble /usr/bin/cmake --build /home/simpletime/exam/build/cpp_topic -- -j4 -l4
[0.919s] [ 50%] [32mBuilding CXX object CMakeFiles/talker.dir/src/talker.cpp.o[0m
[0.955s] [100%] [32m[1mLinking CXX executable talker[0m
[1.004s] [100%] Built target talker
[1.013s] Invoked command in '/home/simpletime/exam/build/cpp_topic' returned '0': CMAKE_PREFIX_PATH=/opt/ros/humble /usr/bin/cmake --build /home/simpletime/exam/build/cpp_topic -- -j4 -l4
[1.045s] Invoking command in '/home/simpletime/exam/build/cpp_topic': CMAKE_PREFIX_PATH=/opt/ros/humble /usr/bin/cmake --install /home/simpletime/exam/build/cpp_topic
[1.050s] -- Install configuration: ""
[1.050s] -- Installing: /home/simpletime/exam/install/cpp_topic/lib/cpp_topic/talker
[1.051s] -- Set runtime path of "/home/simpletime/exam/install/cpp_topic/lib/cpp_topic/talker" to ""
[1.051s] -- Installing: /home/simpletime/exam/install/cpp_topic/share/ament_index/resource_index/package_run_dependencies/cpp_topic
[1.051s] -- Installing: /home/simpletime/exam/install/cpp_topic/share/ament_index/resource_index/parent_prefix_path/cpp_topic
[1.052s] -- Installing: /home/simpletime/exam/install/cpp_topic/share/cpp_topic/environment/ament_prefix_path.sh
[1.052s] -- Installing: /home/simpletime/exam/install/cpp_topic/share/cpp_topic/environment/ament_prefix_path.dsv
[1.052s] -- Installing: /home/simpletime/exam/install/cpp_topic/share/cpp_topic/environment/path.sh
[1.052s] -- Installing: /home/simpletime/exam/install/cpp_topic/share/cpp_topic/environment/path.dsv
[1.052s] -- Installing: /home/simpletime/exam/install/cpp_topic/share/cpp_topic/local_setup.bash
[1.052s] -- Installing: /home/simpletime/exam/install/cpp_topic/share/cpp_topic/local_setup.sh
[1.052s] -- Installing: /home/simpletime/exam/install/cpp_topic/share/cpp_topic/local_setup.zsh
[1.052s] -- Installing: /home/simpletime/exam/install/cpp_topic/share/cpp_topic/local_setup.dsv
[1.053s] -- Installing: /home/simpletime/exam/install/cpp_topic/share/cpp_topic/package.dsv
[1.053s] -- Installing: /home/simpletime/exam/install/cpp_topic/share/ament_index/resource_index/packages/cpp_topic
[1.053s] -- Installing: /home/simpletime/exam/install/cpp_topic/share/cpp_topic/cmake/cpp_topicConfig.cmake
[1.053s] -- Installing: /home/simpletime/exam/install/cpp_topic/share/cpp_topic/cmake/cpp_topicConfig-version.cmake
[1.053s] -- Installing: /home/simpletime/exam/install/cpp_topic/share/cpp_topic/package.xml
[1.055s] Invoked command in '/home/simpletime/exam/build/cpp_topic' returned '0': CMAKE_PREFIX_PATH=/opt/ros/humble /usr/bin/cmake --install /home/simpletime/exam/build/cpp_topic
