[0.009s] Invoking command in '/home/simpletime/project01_book/build/base_interfaces': CMAKE_PREFIX_PATH=${CMAKE_PREFIX_PATH}:/opt/ros/humble /usr/bin/cmake --build /home/simpletime/project01_book/build/base_interfaces -- -j4 -l4
[0.023s] [33mCMake Warning (dev) at CMakeLists.txt:16:
[0.023s]   Syntax Warning in cmake code at column 22
[0.023s] 
[0.023s]   Argument not separated from preceding token by whitespace.
[0.023s] This warning is for project developers.  Use -Wno-dev to suppress it.
[0.024s] [0m
[0.026s] -- Found ament_cmake: 1.3.10 (/opt/ros/humble/share/ament_cmake/cmake)
[0.105s] -- Found rosidl_default_generators: 1.2.0 (/opt/ros/humble/share/rosidl_default_generators/cmake)
[0.106s] -- Using all available rosidl_typesupport_c: rosidl_typesupport_fastrtps_c;rosidl_typesupport_introspection_c
[0.108s] -- Found rosidl_adapter: 3.1.5 (/opt/ros/humble/share/rosidl_adapter/cmake)
[0.125s] -- Using all available rosidl_typesupport_cpp: rosidl_typesupport_fastrtps_cpp;rosidl_typesupport_introspection_cpp
[0.139s] [31mCMake Error at /opt/ros/humble/share/rosidl_cmake/cmake/rosidl_generate_interfaces.cmake:93 (message):
[0.139s]   rosidl_generate_interfaces() the passed file ',' doesn't exist relative to
[0.139s]   the CMAKE_CURRENT_SOURCE_DIR
[0.139s]   '/home/simpletime/project01_book/src/base_interfaces'
[0.139s] Call Stack (most recent call first):
[0.139s]   CMakeLists.txt:15 (rosidl_generate_interfaces)
[0.139s] 
[0.139s] [0m
[0.139s] -- Configuring incomplete, errors occurred!
[0.139s] See also "/home/simpletime/project01_book/build/base_interfaces/CMakeFiles/CMakeOutput.log".
[0.142s] gmake: *** [Makefile:226：cmake_check_build_system] 错误 1
[0.144s] Invoked command in '/home/simpletime/project01_book/build/base_interfaces' returned '2': CMAKE_PREFIX_PATH=${CMAKE_PREFIX_PATH}:/opt/ros/humble /usr/bin/cmake --build /home/simpletime/project01_book/build/base_interfaces -- -j4 -l4
